    {
      "name": "noise 193 | SCCM | wmic domain",
      "event": "{\"win\":{\"system\":{\"providerName\":\"Microsoft-Windows-Sysmon\",\"providerGuid\":\"{5770385f-c22a-43e0-bf4c-06f5698ffbd9}\",\"eventID\":\"1\",\"version\":\"5\",\"level\":\"4\",\"task\":\"1\",\"opcode\":\"0\",\"keywords\":\"0x8000000000000000\",\"systemTime\":\"2026-08-19T04:16:39.657238070Z\",\"eventRecordID\":\"549292\",\"channel\":\"Microsoft-Windows-Sysmon/Operational\",\"computer\":\"kingslanding.sevenkingdoms.local\",\"severityValue\":\"INFORMATION\"},\"eventdata\":{\"utcTime\":\"2026-08-19 04:16:39.657\",\"processGuid\":\"{fd4ad5c2-0359-8106-82d6-000000000001}\",\"processId\":\"3226\",\"image\":\"C:\\\\Windows\\\\System32\\\\wmic.exe\",\"commandLine\":\"wmic path win32_computersystem get domain,username\",\"currentDirectory\":\"C:\\\\Windows\\\\system32\\\\\",\"user\":\"NT AUTHORITY\\\\SYSTEM\",\"parentProcessGuid\":\"{03999d84-8c2e-7bbe-702b-000000000002}\",\"parentProcessId\":\"2356\",\"parentImage\":\"C:\\\\Windows\\\\CCM\\\\CcmExec.exe\",\"parentCommandLine\":\"\\\"C:\\\\Windows\\\\CCM\\\\CcmExec.exe\\\" -service -redirectWindowsUpdateLog\",\"hashes\":\"MD5=0BBEA9C5DFA3B21E496EB133F02A042B,SHA256=22312883269B5B6AAE8A0E4D0EB6BF6912A204A16D684B7AD81535A1A923001A,IMPHASH=AD4EF768A5A9D4FA78F680FA0DF56583\"}}}",
      "expect": {
        "alert": false
      },
      "category": "noise",
      "attack": null,
      "evasion": false,
      "expected_rule_id": 100251,
      "expected_level": 0,
      "mitre_id": null
    },
    {
      "name": "noise 194 | SCCM | powershell Get-WmiObject",
      "event": "{\"win\":{\"system\":{\"providerName\":\"Microsoft-Windows-Sysmon\",\"providerGuid\":\"{5770385f-c22a-43e0-bf4c-06f5698ffbd9}\",\"eventID\":\"1\",\"version\":\"5\",\"level\":\"4\",\"task\":\"1\",\"opcode\":\"0\",\"keywords\":\"0x8000000000000000\",\"systemTime\":\"2026-08-19T04:18:23.711253492Z\",\"eventRecordID\":\"549293\",\"channel\":\"Microsoft-Windows-Sysmon/Operational\",\"computer\":\"kingslanding.sevenkingdoms.local\",\"severityValue\":\"INFORMATION\"},\"eventdata\":{\"utcTime\":\"2026-08-19 04:18:23.711\",\"processGuid\":\"{051995f2-ab96-0f16-cf17-000000000004}\",\"processId\":\"3973\",\"image\":\"C:\\\\Windows\\\\System32\\\\WindowsPowerShell\\\\v1.0\\\\powershell.exe\",\"commandLine\":\"powershell.exe -NoLogo -NoProfile -Command \\\"Get-WmiObject Win32_LogicalDisk\\\"\",\"currentDirectory\":\"C:\\\\Windows\\\\system32\\\\\",\"user\":\"NT AUTHORITY\\\\SYSTEM\",\"parentProcessGuid\":\"{03999d84-8c2e-7bbe-702b-000000000002}\",\"parentProcessId\":\"2356\",\"parentImage\":\"C:\\\\Windows\\\\CCM\\\\CcmExec.exe\",\"parentCommandLine\":\"\\\"C:\\\\Windows\\\\CCM\\\\CcmExec.exe\\\"\",\"hashes\":\"MD5=52A2D1D53AB7B54E6107FD5ACBDFFB15,SHA256=99C8275678FE526419811BC64793F96B0D55627558DFBBF37E4B9A9C4EEE61E1,IMPHASH=BA9BA9BB26C1A2513FD776DAAC02773E\"}}}",
      "expect": {
        "alert": false
      },
      "category": "noise",
      "attack": null,
      "evasion": false,
      "expected_rule_id": 100251,
      "expected_level": 0,
      "mitre_id": null
    },
    {
      "name": "noise 195 | SCCM | wmic memory",
      "event": "{\"win\":{\"system\":{\"providerName\":\"Microsoft-Windows-Sysmon\",\"providerGuid\":\"{5770385f-c22a-43e0-bf4c-06f5698ffbd9}\",\"eventID\":\"1\",\"version\":\"5\",\"level\":\"4\",\"task\":\"1\",\"opcode\":\"0\",\"keywords\":\"0x8000000000000000\",\"systemTime\":\"2026-08-19T04:19:43.634055563Z\",\"eventRecordID\":\"549294\",\"channel\":\"Microsoft-Windows-Sysmon/Operational\",\"computer\":\"kingslanding.sevenkingdoms.local\",\"severityValue\":\"INFORMATION\"},\"eventdata\":{\"utcTime\":\"2026-08-19 04:19:43.634\",\"processGuid\":\"{fd4ad5c2-0359-8106-82d6-000000000001}\",\"processId\":\"3226\",\"image\":\"C:\\\\Windows\\\\System32\\\\wmic.exe\",\"commandLine\":\"wmic os get FreePhysicalMemory /Value\",\"currentDirectory\":\"C:\\\\Windows\\\\system32\\\\\",\"user\":\"NT AUTHORITY\\\\SYSTEM\",\"parentProcessGuid\":\"{03999d84-8c2e-7bbe-702b-000000000002}\",\"parentProcessId\":\"2356\",\"parentImage\":\"C:\\\\Windows\\\\CCM\\\\CcmExec.exe\",\"parentCommandLine\":\"\\\"C:\\\\Windows\\\\CCM\\\\CcmExec.exe\\\"\",\"hashes\":\"MD5=0BBEA9C5DFA3B21E496EB133F02A042B,SHA256=22312883269B5B6AAE8A0E4D0EB6BF6912A204A16D684B7AD81535A1A923001A,IMPHASH=AD4EF768A5A9D4FA78F680FA0DF56583\"}}}",
      "expect": {
        "alert": false
      },
      "category": "noise",
      "attack": null,
      "evasion": false,
      "expected_rule_id": 100251,
      "expected_level": 0,
      "mitre_id": null
    },
    {
      "name": "noise 196 | SCCM | powershell Get-CimInstance",
      "event": "{\"win\":{\"system\":{\"providerName\":\"Microsoft-Windows-Sysmon\",\"providerGuid\":\"{5770385f-c22a-43e0-bf4c-06f5698ffbd9}\",\"eventID\":\"1\",\"version\":\"5\",\"level\":\"4\",\"task\":\"1\",\"opcode\":\"0\",\"keywords\":\"0x8000000000000000\",\"systemTime\":\"2026-08-19T04:20:44.293344503Z\",\"eventRecordID\":\"549295\",\"channel\":\"Microsoft-Windows-Sysmon/Operational\",\"computer\":\"kingslanding.sevenkingdoms.local\",\"severityValue\":\"INFORMATION\"},\"eventdata\":{\"utcTime\":\"2026-08-19 04:20:44.293\",\"processGuid\":\"{051995f2-ab96-0f16-cf17-000000000004}\",\"processId\":\"3973\",\"image\":\"C:\\\\Windows\\\\System32\\\\WindowsPowerShell\\\\v1.0\\\\powershell.exe\",\"commandLine\":\"powershell.exe -NoProfile -Command \\\"Get-CimInstance Win32_OperatingSystem\\\"\",\"currentDirectory\":\"C:\\\\Windows\\\\system32\\\\\",\"user\":\"NT AUTHORITY\\\\SYSTEM\",\"parentProcessGuid\":\"{03999d84-8c2e-7bbe-702b-000000000002}\",\"parentProcessId\":\"2356\",\"parentImage\":\"C:\\\\Windows\\\\CCM\\\\CcmExec.exe\",\"parentCommandLine\":\"\\\"C:\\\\Windows\\\\CCM\\\\CcmExec.exe\\\" -service -redirectWindowsUpdateLog\",\"hashes\":\"MD5=52A2D1D53AB7B54E6107FD5ACBDFFB15,SHA256=99C8275678FE526419811BC64793F96B0D55627558DFBBF37E4B9A9C4EEE61E1,IMPHASH=BA9BA9BB26C1A2513FD776DAAC02773E\"}}}",
      "expect": {
        "alert": false
      },
      "category": "noise",
      "attack": null,
      "evasion": false,
      "expected_rule_id": 100251,
      "expected_level": 0,
      "mitre_id": null
    },
    {
      "name": "noise 197 | SCCM | powershell Get-WmiObject",
      "event": "{\"win\":{\"system\":{\"providerName\":\"Microsoft-Windows-Sysmon\",\"providerGuid\":\"{5770385f-c22a-43e0-bf4c-06f5698ffbd9}\",\"eventID\":\"1\",\"version\":\"5\",\"level\":\"4\",\"task\":\"1\",\"opcode\":\"0\",\"keywords\":\"0x8000000000000000\",\"systemTime\":\"2026-08-19T04:21:57.800480777Z\",\"eventRecordID\":\"549296\",\"channel\":\"Microsoft-Windows-Sysmon/Operational\",\"computer\":\"kingslanding.sevenkingdoms.local\",\"severityValue\":\"INFORMATION\"},\"eventdata\":{\"utcTime\":\"2026-08-19 04:21:57.800\",\"processGuid\":\"{051995f2-ab96-0f16-cf17-000000000004}\",\"processId\":\"3973\",\"image\":\"C:\\\\Windows\\\\System32\\\\WindowsPowerShell\\\\v1.0\\\\powershell.exe\",\"commandLine\":\"powershell.exe -ExecutionPolicy Bypass -Command \\\"Get-WmiObject Win32_BIOS\\\"\",\"currentDirectory\":\"C:\\\\Windows\\\\system32\\\\\",\"user\":\"NT AUTHORITY\\\\SYSTEM\",\"parentProcessGuid\":\"{03999d84-8c2e-7bbe-702b-000000000002}\",\"parentProcessId\":\"2356\",\"parentImage\":\"C:\\\\Windows\\\\CCM\\\\CcmExec.exe\",\"parentCommandLine\":\"\\\"C:\\\\Windows\\\\CCM\\\\CcmExec.exe\\\"\",\"hashes\":\"MD5=52A2D1D53AB7B54E6107FD5ACBDFFB15,SHA256=99C8275678FE526419811BC64793F96B0D55627558DFBBF37E4B9A9C4EEE61E1,IMPHASH=BA9BA9BB26C1A2513FD776DAAC02773E\"}}}",
      "expect": {
        "alert": false
      },
      "category": "noise",
      "attack": null,
      "evasion": false,
      "expected_rule_id": 100251,
      "expected_level": 0,
      "mitre_id": null
    },
    {
      "name": "noise 198 | SCCM | cmd wmic products",
      "event": "{\"win\":{\"system\":{\"providerName\":\"Microsoft-Windows-Sysmon\",\"providerGuid\":\"{5770385f-c22a-43e0-bf4c-06f5698ffbd9}\",\"eventID\":\"1\",\"version\":\"5\",\"level\":\"4\",\"task\":\"1\",\"opcode\":\"0\",\"keywords\":\"0x8000000000000000\",\"systemTime\":\"2026-08-19T04:24:16.561826695Z\",\"eventRecordID\":\"549297\",\"channel\":\"Microsoft-Windows-Sysmon/Operational\",\"computer\":\"kingslanding.sevenkingdoms.local\",\"severityValue\":\"INFORMATION\"},\"eventdata\":{\"utcTime\":\"2026-08-19 04:24:16.561\",\"processGuid\":\"{11491d82-c4b3-35a1-0a67-000000000003}\",\"processId\":\"6145\",\"image\":\"C:\\\\Windows\\\\System32\\\\cmd.exe\",\"commandLine\":\"cmd.exe /c wmic path win32_product get name\",\"currentDirectory\":\"C:\\\\Windows\\\\system32\\\\\",\"user\":\"NT AUTHORITY\\\\SYSTEM\",\"parentProcessGuid\":\"{03999d84-8c2e-7bbe-702b-000000000002}\",\"parentProcessId\":\"2356\",\"parentImage\":\"C:\\\\Windows\\\\CCM\\\\CcmExec.exe\",\"parentCommandLine\":\"\\\"C:\\\\Windows\\\\CCM\\\\CcmExec.exe\\\"\",\"hashes\":\"MD5=AD4F0121E05E45568A2E62DF8F91BF81,SHA256=454CFEEA347FDC3F0ACB885CFB4B031166A2387FAB14C4D4A5008AE16181F80E,IMPHASH=D3F8F91898C22767183D2C65A8BA9A98\"}}}",
      "expect": {
        "alert": false
      },
      "category": "noise",
      "attack": null,
      "evasion": false,
      "expected_rule_id": 100251,
      "expected_level": 0,
      "mitre_id": null
    },
    {
      "name": "noise 199 | SCCM | wmic domain",
      "event": "{\"win\":{\"system\":{\"providerName\":\"Microsoft-Windows-Sysmon\",\"providerGuid\":\"{5770385f-c22a-43e0-bf4c-06f5698ffbd9}\",\"eventID\":\"1\",\"version\":\"5\",\"level\":\"4\",\"task\":\"1\",\"opcode\":\"0\",\"keywords\":\"0x8000000000000000\",\"systemTime\":\"2026-08-19T04:25:34.822559653Z\",\"eventRecordID\":\"549298\",\"channel\":\"Microsoft-Windows-Sysmon/Operational\",\"computer\":\"kingslanding.sevenkingdoms.local\",\"severityValue\":\"INFORMATION\"},\"eventdata\":{\"utcTime\":\"2026-08-19 04:25:34.822\",\"processGuid\":\"{fd4ad5c2-0359-8106-82d6-000000000001}\",\"processId\":\"3226\",\"image\":\"C:\\\\Windows\\\\System32\\\\wmic.exe\",\"commandLine\":\"wmic path win32_computersystem get domain,username\",\"currentDirectory\":\"C:\\\\Windows\\\\system32\\\\\",\"user\":\"NT AUTHORITY\\\\SYSTEM\",\"parentProcessGuid\":\"{03999d84-8c2e-7bbe-702b-000000000002}\",\"parentProcessId\":\"2356\",\"parentImage\":\"C:\\\\Windows\\\\CCM\\\\CcmExec.exe\",\"parentCommandLine\":\"\\\"C:\\\\Windows\\\\CCM\\\\CcmExec.exe\\\"\",\"hashes\":\"MD5=0BBEA9C5DFA3B21E496EB133F02A042B,SHA256=22312883269B5B6AAE8A0E4D0EB6BF6912A204A16D684B7AD81535A1A923001A,IMPHASH=AD4EF768A5A9D4FA78F680FA0DF56583\"}}}",
      "expect": {
        "alert": false
      },
      "category": "noise",
      "attack": null,
      "evasion": false,
      "expected_rule_id": 100251,
      "expected_level": 0,
      "mitre_id": null
    },
    {
      "name": "noise 200 | SCCM | powershell Get-WmiObject",
      "event": "{\"win\":{\"system\":{\"providerName\":\"Microsoft-Windows-Sysmon\",\"providerGuid\":\"{5770385f-c22a-43e0-bf4c-06f5698ffbd9}\",\"eventID\":\"1\",\"version\":\"5\",\"level\":\"4\",\"task\":\"1\",\"opcode\":\"0\",\"keywords\":\"0x8000000000000000\",\"systemTime\":\"2026-08-19T04:26:01.625228371Z\",\"eventRecordID\":\"549299\",\"channel\":\"Microsoft-Windows-Sysmon/Operational\",\"computer\":\"kingslanding.sevenkingdoms.local\",\"severityValue\":\"INFORMATION\"},\"eventdata\":{\"utcTime\":\"2026-08-19 04:26:01.625\",\"processGuid\":\"{051995f2-ab96-0f16-cf17-000000000004}\",\"processId\":\"3973\",\"image\":\"C:\\\\Windows\\\\System32\\\\WindowsPowerShell\\\\v1.0\\\\powershell.exe\",\"commandLine\":\"powershell.exe -NoProfile -Command \\\"Get-WmiObject Win32_Service\\\"\",\"currentDirectory\":\"C:\\\\Windows\\\\system32\\\\\",\"user\":\"NT AUTHORITY\\\\SYSTEM\",\"parentProcessGuid\":\"{03999d84-8c2e-7bbe-702b-000000000002}\",\"parentProcessId\":\"2356\",\"parentImage\":\"C:\\\\Windows\\\\CCM\\\\CcmExec.exe\",\"parentCommandLine\":\"\\\"C:\\\\Windows\\\\CCM\\\\CcmExec.exe\\\"\",\"hashes\":\"MD5=52A2D1D53AB7B54E6107FD5ACBDFFB15,SHA256=99C8275678FE526419811BC64793F96B0D55627558DFBBF37E4B9A9C4EEE61E1,IMPHASH=BA9BA9BB26C1A2513FD776DAAC02773E\"}}}",
      "expect": {
        "alert": false
      },
      "category": "noise",
      "attack": null,
      "evasion": false,
      "expected_rule_id": 100251,
      "expected_level": 0,
      "mitre_id": null
    },
    {
      "name": "noise 201 | SCCM | cmd wmic memory",
      "event": "{\"win\":{\"system\":{\"providerName\":\"Microsoft-Windows-Sysmon\",\"providerGuid\":\"{5770385f-c22a-43e0-bf4c-06f5698ffbd9}\",\"eventID\":\"1\",\"version\":\"5\",\"level\":\"4\",\"task\":\"1\",\"opcode\":\"0\",\"keywords\":\"0x8000000000000000\",\"systemTime\":\"2026-08-19T04:27:58.544714980Z\",\"eventRecordID\":\"549300\",\"channel\":\"Microsoft-Windows-Sysmon/Operational\",\"computer\":\"kingslanding.sevenkingdoms.local\",\"severityValue\":\"INFORMATION\"},\"eventdata\":{\"utcTime\":\"2026-08-19 04:27:58.544\",\"processGuid\":\"{11491d82-c4b3-35a1-0a67-000000000003}\",\"processId\":\"6145\",\"image\":\"C:\\\\Windows\\\\System32\\\\cmd.exe\",\"commandLine\":\"cmd.exe /c \\\"wmic os get FreePhysicalMemory /Value\\\"\",\"currentDirectory\":\"C:\\\\Windows\\\\system32\\\\\",\"user\":\"NT AUTHORITY\\\\SYSTEM\",\"parentProcessGuid\":\"{03999d84-8c2e-7bbe-702b-000000000002}\",\"parentProcessId\":\"2356\",\"parentImage\":\"C:\\\\Windows\\\\CCM\\\\CcmExec.exe\",\"parentCommandLine\":\"C:\\\\Windows\\\\CCM\\\\CcmExec.exe -service\",\"hashes\":\"MD5=AD4F0121E05E45568A2E62DF8F91BF81,SHA256=454CFEEA347FDC3F0ACB885CFB4B031166A2387FAB14C4D4A5008AE16181F80E,IMPHASH=D3F8F91898C22767183D2C65A8BA9A98\"}}}",
      "expect": {
        "alert": false
      },
      "category": "noise",
      "attack": null,
      "evasion": false,
      "expected_rule_id": 100251,
      "expected_level": 0,
      "mitre_id": null
    },
    {
      "name": "noise 202 | SCCM | cmd wmic inventory",
      "event": "{\"win\":{\"system\":{\"providerName\":\"Microsoft-Windows-Sysmon\",\"providerGuid\":\"{5770385f-c22a-43e0-bf4c-06f5698ffbd9}\",\"eventID\":\"1\",\"version\":\"5\",\"level\":\"4\",\"task\":\"1\",\"opcode\":\"0\",\"keywords\":\"0x8000000000000000\",\"systemTime\":\"2026-08-19T04:29:25.035128079Z\",\"eventRecordID\":\"549301\",\"channel\":\"Microsoft-Windows-Sysmon/Operational\",\"computer\":\"kingslanding.sevenkingdoms.local\",\"severityValue\":\"INFORMATION\"},\"eventdata\":{\"utcTime\":\"2026-08-19 04:29:25.035\",\"processGuid\":\"{11491d82-c4b3-35a1-0a67-000000000003}\",\"processId\":\"6145\",\"image\":\"C:\\\\Windows\\\\System32\\\\cmd.exe\",\"commandLine\":\"cmd.exe /c \\\"wmic computersystem get name,domain /format:list\\\"\",\"currentDirectory\":\"C:\\\\Windows\\\\system32\\\\\",\"user\":\"NT AUTHORITY\\\\SYSTEM\",\"parentProcessGuid\":\"{03999d84-8c2e-7bbe-702b-000000000002}\",\"parentProcessId\":\"2356\",\"parentImage\":\"C:\\\\Windows\\\\CCM\\\\CcmExec.exe\",\"parentCommandLine\":\"\\\"C:\\\\Windows\\\\CCM\\\\CcmExec.exe\\\"\",\"hashes\":\"MD5=AD4F0121E05E45568A2E62DF8F91BF81,SHA256=454CFEEA347FDC3F0ACB885CFB4B031166A2387FAB14C4D4A5008AE16181F80E,IMPHASH=D3F8F91898C22767183D2C65A8BA9A98\"}}}",
      "expect": {
        "alert": false
      },
      "category": "noise",
      "attack": null,
      "evasion": false,
      "expected_rule_id": 100251,
      "expected_level": 0,
      "mitre_id": null
    },
    {
      "name": "noise 203 | SCCM | cmd wmic products",
      "event": "{\"win\":{\"system\":{\"providerName\":\"Microsoft-Windows-Sysmon\",\"providerGuid\":\"{5770385f-c22a-43e0-bf4c-06f5698ffbd9}\",\"eventID\":\"1\",\"version\":\"5\",\"level\":\"4\",\"task\":\"1\",\"opcode\":\"0\",\"keywords\":\"0x8000000000000000\",\"systemTime\":\"2026-08-19T04:30:55.089916433Z\",\"eventRecordID\":\"549302\",\"channel\":\"Microsoft-Windows-Sysmon/Operational\",\"computer\":\"kingslanding.sevenkingdoms.local\",\"severityValue\":\"INFORMATION\"},\"eventdata\":{\"utcTime\":\"2026-08-19 04:30:55.089\",\"processGuid\":\"{11491d82-c4b3-35a1-0a67-000000000003}\",\"processId\":\"6145\",\"image\":\"C:\\\\Windows\\\\System32\\\\cmd.exe\",\"commandLine\":\"cmd.exe /c wmic path win32_product get name\",\"currentDirectory\":\"C:\\\\Windows\\\\CCM\\\\\",\"user\":\"NT AUTHORITY\\\\SYSTEM\",\"parentProcessGuid\":\"{03999d84-8c2e-7bbe-702b-000000000002}\",\"parentProcessId\":\"2356\",\"parentImage\":\"C:\\\\Windows\\\\CCM\\\\CcmExec.exe\",\"parentCommandLine\":\"\\\"C:\\\\Windows\\\\CCM\\\\CcmExec.exe\\\" -service -redirectWindowsUpdateLog\",\"hashes\":\"MD5=AD4F0121E05E45568A2E62DF8F91BF81,SHA256=454CFEEA347FDC3F0ACB885CFB4B031166A2387FAB14C4D4A5008AE16181F80E,IMPHASH=D3F8F91898C22767183D2C65A8BA9A98\"}}}",
      "expect": {
        "alert": false
      },
      "category": "noise",
      "attack": null,
      "evasion": false,
      "expected_rule_id": 100251,
      "expected_level": 0,
      "mitre_id": null
    },
    {
      "name": "noise 204 | SCCM | wmic inventory",
      "event": "{\"win\":{\"system\":{\"providerName\":\"Microsoft-Windows-Sysmon\",\"providerGuid\":\"{5770385f-c22a-43e0-bf4c-06f5698ffbd9}\",\"eventID\":\"1\",\"version\":\"5\",\"level\":\"4\",\"task\":\"1\",\"opcode\":\"0\",\"keywords\":\"0x8000000000000000\",\"systemTime\":\"2026-08-19T04:31:57.497225793Z\",\"eventRecordID\":\"549303\",\"channel\":\"Microsoft-Windows-Sysmon/Operational\",\"computer\":\"kingslanding.sevenkingdoms.local\",\"severityValue\":\"INFORMATION\"},\"eventdata\":{\"utcTime\":\"2026-08-19 04:31:57.497\",\"processGuid\":\"{fd4ad5c2-0359-8106-82d6-000000000001}\",\"processId\":\"3226\",\"image\":\"C:\\\\Windows\\\\System32\\\\wmic.exe\",\"commandLine\":\"wmic path win32_computersystem product get name\",\"currentDirectory\":\"C:\\\\Windows\\\\CCM\\\\\",\"user\":\"NT AUTHORITY\\\\SYSTEM\",\"parentProcessGuid\":\"{03999d84-8c2e-7bbe-702b-000000000002}\",\"parentProcessId\":\"2356\",\"parentImage\":\"C:\\\\Windows\\\\CCM\\\\CcmExec.exe\",\"parentCommandLine\":\"C:\\\\Windows\\\\CCM\\\\CcmExec.exe -service\",\"hashes\":\"MD5=0BBEA9C5DFA3B21E496EB133F02A042B,SHA256=22312883269B5B6AAE8A0E4D0EB6BF6912A204A16D684B7AD81535A1A923001A,IMPHASH=AD4EF768A5A9D4FA78F680FA0DF56583\"}}}",
      "expect": {
        "alert": false
      },
      "category": "noise",
      "attack": null,
      "evasion": false,
      "expected_rule_id": 100251,
      "expected_level": 0,
      "mitre_id": null
    },
    {
      "name": "noise 205 | SCCM | cmd wmic products",
      "event": "{\"win\":{\"system\":{\"providerName\":\"Microsoft-Windows-Sysmon\",\"providerGuid\":\"{5770385f-c22a-43e0-bf4c-06f5698ffbd9}\",\"eventID\":\"1\",\"version\":\"5\",\"level\":\"4\",\"task\":\"1\",\"opcode\":\"0\",\"keywords\":\"0x8000000000000000\",\"systemTime\":\"2026-08-19T04:32:21.398606917Z\",\"eventRecordID\":\"549304\",\"channel\":\"Microsoft-Windows-Sysmon/Operational\",\"computer\":\"kingslanding.sevenkingdoms.local\",\"severityValue\":\"INFORMATION\"},\"eventdata\":{\"utcTime\":\"2026-08-19 04:32:21.398\",\"processGuid\":\"{11491d82-c4b3-35a1-0a67-000000000003}\",\"processId\":\"6145\",\"image\":\"C:\\\\Windows\\\\System32\\\\cmd.exe\",\"commandLine\":\"cmd.exe /c wmic path win32_product get name\",\"currentDirectory\":\"C:\\\\Windows\\\\system32\\\\\",\"user\":\"NT AUTHORITY\\\\SYSTEM\",\"parentProcessGuid\":\"{03999d84-8c2e-7bbe-702b-000000000002}\",\"parentProcessId\":\"2356\",\"parentImage\":\"C:\\\\Windows\\\\CCM\\\\CcmExec.exe\",\"parentCommandLine\":\"\\\"C:\\\\Windows\\\\CCM\\\\CcmExec.exe\\\"\",\"hashes\":\"MD5=AD4F0121E05E45568A2E62DF8F91BF81,SHA256=454CFEEA347FDC3F0ACB885CFB4B031166A2387FAB14C4D4A5008AE16181F80E,IMPHASH=D3F8F91898C22767183D2C65A8BA9A98\"}}}",
      "expect": {
        "alert": false
      },
      "category": "noise",
      "attack": null,
      "evasion": false,
      "expected_rule_id": 100251,
      "expected_level": 0,
      "mitre_id": null
    },
    {
      "name": "noise 206 | SCCM | wmic bios serial",
      "event": "{\"win\":{\"system\":{\"providerName\":\"Microsoft-Windows-Sysmon\",\"providerGuid\":\"{5770385f-c22a-43e0-bf4c-06f5698ffbd9}\",\"eventID\":\"1\",\"version\":\"5\",\"level\":\"4\",\"task\":\"1\",\"opcode\":\"0\",\"keywords\":\"0x8000000000000000\",\"systemTime\":\"2026-08-19T04:34:42.415557135Z\",\"eventRecordID\":\"549305\",\"channel\":\"Microsoft-Windows-Sysmon/Operational\",\"computer\":\"kingslanding.sevenkingdoms.local\",\"severityValue\":\"INFORMATION\"},\"eventdata\":{\"utcTime\":\"2026-08-19 04:34:42.415\",\"processGuid\":\"{fd4ad5c2-0359-8106-82d6-000000000001}\",\"processId\":\"3226\",\"image\":\"C:\\\\Windows\\\\System32\\\\wmic.exe\",\"commandLine\":\"wmic path Win32_BIOS get SerialNumber\",\"currentDirectory\":\"C:\\\\Windows\\\\system32\\\\\",\"user\":\"NT AUTHORITY\\\\SYSTEM\",\"parentProcessGuid\":\"{03999d84-8c2e-7bbe-702b-000000000002}\",\"parentProcessId\":\"2356\",\"parentImage\":\"C:\\\\Windows\\\\CCM\\\\CcmExec.exe\",\"parentCommandLine\":\"\\\"C:\\\\Windows\\\\CCM\\\\CcmExec.exe\\\" -service -redirectWindowsUpdateLog\",\"hashes\":\"MD5=0BBEA9C5DFA3B21E496EB133F02A042B,SHA256=22312883269B5B6AAE8A0E4D0EB6BF6912A204A16D684B7AD81535A1A923001A,IMPHASH=AD4EF768A5A9D4FA78F680FA0DF56583\"}}}",
      "expect": {
        "alert": false
      },
      "category": "noise",
      "attack": null,
      "evasion": false,
      "expected_rule_id": 100251,
      "expected_level": 0,
      "mitre_id": null
    },
    {
      "name": "noise 207 | SCCM | powershell Get-WmiObject",
      "event": "{\"win\":{\"system\":{\"providerName\":\"Microsoft-Windows-Sysmon\",\"providerGuid\":\"{5770385f-c22a-43e0-bf4c-06f5698ffbd9}\",\"eventID\":\"1\",\"version\":\"5\",\"level\":\"4\",\"task\":\"1\",\"opcode\":\"0\",\"keywords\":\"0x8000000000000000\",\"systemTime\":\"2026-08-19T04:35:06.455118682Z\",\"eventRecordID\":\"549306\",\"channel\":\"Microsoft-Windows-Sysmon/Operational\",\"computer\":\"kingslanding.sevenkingdoms.local\",\"severityValue\":\"INFORMATION\"},\"eventdata\":{\"utcTime\":\"2026-08-19 04:35:06.455\",\"processGuid\":\"{051995f2-ab96-0f16-cf17-000000000004}\",\"processId\":\"3973\",\"image\":\"C:\\\\Windows\\\\System32\\\\WindowsPowerShell\\\\v1.0\\\\powershell.exe\",\"commandLine\":\"powershell.exe -ExecutionPolicy Bypass -Command \\\"Get-WmiObject Win32_BIOS\\\"\",\"currentDirectory\":\"C:\\\\Windows\\\\system32\\\\\",\"user\":\"NT AUTHORITY\\\\SYSTEM\",\"parentProcessGuid\":\"{03999d84-8c2e-7bbe-702b-000000000002}\",\"parentProcessId\":\"2356\",\"parentImage\":\"C:\\\\Windows\\\\CCM\\\\CcmExec.exe\",\"parentCommandLine\":\"\\\"C:\\\\Windows\\\\CCM\\\\CcmExec.exe\\\" -service -redirectWindowsUpdateLog\",\"hashes\":\"MD5=52A2D1D53AB7B54E6107FD5ACBDFFB15,SHA256=99C8275678FE526419811BC64793F96B0D55627558DFBBF37E4B9A9C4EEE61E1,IMPHASH=BA9BA9BB26C1A2513FD776DAAC02773E\"}}}",
      "expect": {
        "alert": false
      },
      "category": "noise",
      "attack": null,
      "evasion": false,
      "expected_rule_id": 100251,
      "expected_level": 0,
      "mitre_id": null
    },
    {
      "name": "noise 208 | SCCM | wmic bios serial",
      "event": "{\"win\":{\"system\":{\"providerName\":\"Microsoft-Windows-Sysmon\",\"providerGuid\":\"{5770385f-c22a-43e0-bf4c-06f5698ffbd9}\",\"eventID\":\"1\",\"version\":\"5\",\"level\":\"4\",\"task\":\"1\",\"opcode\":\"0\",\"keywords\":\"0x8000000000000000\",\"systemTime\":\"2026-08-19T04:37:14.035138361Z\",\"eventRecordID\":\"549307\",\"channel\":\"Microsoft-Windows-Sysmon/Operational\",\"computer\":\"kingslanding.sevenkingdoms.local\",\"severityValue\":\"INFORMATION\"},\"eventdata\":{\"utcTime\":\"2026-08-19 04:37:14.035\",\"processGuid\":\"{fd4ad5c2-0359-8106-82d6-000000000001}\",\"processId\":\"3226\",\"image\":\"C:\\\\Windows\\\\System32\\\\wmic.exe\",\"commandLine\":\"wmic path Win32_BIOS get SerialNumber\",\"currentDirectory\":\"C:\\\\Windows\\\\CCM\\\\\",\"user\":\"NT AUTHORITY\\\\SYSTEM\",\"parentProcessGuid\":\"{03999d84-8c2e-7bbe-702b-000000000002}\",\"parentProcessId\":\"2356\",\"parentImage\":\"C:\\\\Windows\\\\CCM\\\\CcmExec.exe\",\"parentCommandLine\":\"\\\"C:\\\\Windows\\\\CCM\\\\CcmExec.exe\\\"\",\"hashes\":\"MD5=0BBEA9C5DFA3B21E496EB133F02A042B,SHA256=22312883269B5B6AAE8A0E4D0EB6BF6912A204A16D684B7AD81535A1A923001A,IMPHASH=AD4EF768A5A9D4FA78F680FA0DF56583\"}}}",
      "expect": {
        "alert": false
      },
      "category": "noise",
      "attack": null,
      "evasion": false,
      "expected_rule_id": 100251,
      "expected_level": 0,
      "mitre_id": null
    },
    {
      "name": "noise 209 | SCCM | wmic logicaldisk",
      "event": "{\"win\":{\"system\":{\"providerName\":\"Microsoft-Windows-Sysmon\",\"providerGuid\":\"{5770385f-c22a-43e0-bf4c-06f5698ffbd9}\",\"eventID\":\"1\",\"version\":\"5\",\"level\":\"4\",\"task\":\"1\",\"opcode\":\"0\",\"keywords\":\"0x8000000000000000\",\"systemTime\":\"2026-08-19T04:38:29.252956391Z\",\"eventRecordID\":\"549308\",\"channel\":\"Microsoft-Windows-Sysmon/Operational\",\"computer\":\"kingslanding.sevenkingdoms.local\",\"severityValue\":\"INFORMATION\"},\"eventdata\":{\"utcTime\":\"2026-08-19 04:38:29.252\",\"processGuid\":\"{fd4ad5c2-0359-8106-82d6-000000000001}\",\"processId\":\"3226\",\"image\":\"C:\\\\Windows\\\\System32\\\\wmic.exe\",\"commandLine\":\"wmic logicaldisk get caption,size,freespace\",\"currentDirectory\":\"C:\\\\Windows\\\\CCM\\\\\",\"user\":\"NT AUTHORITY\\\\SYSTEM\",\"parentProcessGuid\":\"{03999d84-8c2e-7bbe-702b-000000000002}\",\"parentProcessId\":\"2356\",\"parentImage\":\"C:\\\\Windows\\\\CCM\\\\CcmExec.exe\",\"parentCommandLine\":\"C:\\\\Windows\\\\CCM\\\\CcmExec.exe -service\",\"hashes\":\"MD5=0BBEA9C5DFA3B21E496EB133F02A042B,SHA256=22312883269B5B6AAE8A0E4D0EB6BF6912A204A16D684B7AD81535A1A923001A,IMPHASH=AD4EF768A5A9D4FA78F680FA0DF56583\"}}}",
      "expect": {
        "alert": false
      },
      "category": "noise",
      "attack": null,
      "evasion": false,
      "expected_rule_id": 100251,
      "expected_level": 0,
      "mitre_id": null
    },
    {
      "name": "noise 210 | SCCM | wmic os caption",
      "event": "{\"win\":{\"system\":{\"providerName\":\"Microsoft-Windows-Sysmon\",\"providerGuid\":\"{5770385f-c22a-43e0-bf4c-06f5698ffbd9}\",\"eventID\":\"1\",\"version\":\"5\",\"level\":\"4\",\"task\":\"1\",\"opcode\":\"0\",\"keywords\":\"0x8000000000000000\",\"systemTime\":\"2026-08-19T04:40:04.833547046Z\",\"eventRecordID\":\"549309\",\"channel\":\"Microsoft-Windows-Sysmon/Operational\",\"computer\":\"kingslanding.sevenkingdoms.local\",\"severityValue\":\"INFORMATION\"},\"eventdata\":{\"utcTime\":\"2026-08-19 04:40:04.833\",\"processGuid\":\"{fd4ad5c2-0359-8106-82d6-000000000001}\",\"processId\":\"3226\",\"image\":\"C:\\\\Windows\\\\System32\\\\wmic.exe\",\"commandLine\":\"wmic path Win32_OperatingSystem get Caption,Version /Value\",\"currentDirectory\":\"C:\\\\Windows\\\\system32\\\\\",\"user\":\"NT AUTHORITY\\\\SYSTEM\",\"parentProcessGuid\":\"{03999d84-8c2e-7bbe-702b-000000000002}\",\"parentProcessId\":\"2356\",\"parentImage\":\"C:\\\\Windows\\\\CCM\\\\CcmExec.exe\",\"parentCommandLine\":\"C:\\\\Windows\\\\CCM\\\\CcmExec.exe -service\",\"hashes\":\"MD5=0BBEA9C5DFA3B21E496EB133F02A042B,SHA256=22312883269B5B6AAE8A0E4D0EB6BF6912A204A16D684B7AD81535A1A923001A,IMPHASH=AD4EF768A5A9D4FA78F680FA0DF56583\"}}}",
      "expect": {
        "alert": false
      },
      "category": "noise",
      "attack": null,
      "evasion": false,
      "expected_rule_id": 100251,
      "expected_level": 0,
      "mitre_id": null
    },
    {
      "name": "noise 211 | SCCM | wmic domain",
      "event": "{\"win\":{\"system\":{\"providerName\":\"Microsoft-Windows-Sysmon\",\"providerGuid\":\"{5770385f-c22a-43e0-bf4c-06f5698ffbd9}\",\"eventID\":\"1\",\"version\":\"5\",\"level\":\"4\",\"task\":\"1\",\"opcode\":\"0\",\"keywords\":\"0x8000000000000000\",\"systemTime\":\"2026-08-19T04:41:23.887796915Z\",\"eventRecordID\":\"549310\",\"channel\":\"Microsoft-Windows-Sysmon/Operational\",\"computer\":\"kingslanding.sevenkingdoms.local\",\"severityValue\":\"INFORMATION\"},\"eventdata\":{\"utcTime\":\"2026-08-19 04:41:23.887\",\"processGuid\":\"{fd4ad5c2-0359-8106-82d6-000000000001}\",\"processId\":\"3226\",\"image\":\"C:\\\\Windows\\\\System32\\\\wmic.exe\",\"commandLine\":\"wmic path win32_computersystem get domain,username\",\"currentDirectory\":\"C:\\\\Windows\\\\system32\\\\\",\"user\":\"NT AUTHORITY\\\\SYSTEM\",\"parentProcessGuid\":\"{03999d84-8c2e-7bbe-702b-000000000002}\",\"parentProcessId\":\"2356\",\"parentImage\":\"C:\\\\Windows\\\\CCM\\\\CcmExec.exe\",\"parentCommandLine\":\"C:\\\\Windows\\\\CCM\\\\CcmExec.exe -service\",\"hashes\":\"MD5=0BBEA9C5DFA3B21E496EB133F02A042B,SHA256=22312883269B5B6AAE8A0E4D0EB6BF6912A204A16D684B7AD81535A1A923001A,IMPHASH=AD4EF768A5A9D4FA78F680FA0DF56583\"}}}",
      "expect": {
        "alert": false
      },
      "category": "noise",
      "attack": null,
      "evasion": false,
      "expected_rule_id": 100251,
      "expected_level": 0,
      "mitre_id": null
    },
    {
      "name": "noise 212 | SCCM | wmic inventory",
      "event": "{\"win\":{\"system\":{\"providerName\":\"Microsoft-Windows-Sysmon\",\"providerGuid\":\"{5770385f-c22a-43e0-bf4c-06f5698ffbd9}\",\"eventID\":\"1\",\"version\":\"5\",\"level\":\"4\",\"task\":\"1\",\"opcode\":\"0\",\"keywords\":\"0x8000000000000000\",\"systemTime\":\"2026-08-19T04:42:51.571717982Z\",\"eventRecordID\":\"549311\",\"channel\":\"Microsoft-Windows-Sysmon/Operational\",\"computer\":\"kingslanding.sevenkingdoms.local\",\"severityValue\":\"INFORMATION\"},\"eventdata\":{\"utcTime\":\"2026-08-19 04:42:51.571\",\"processGuid\":\"{fd4ad5c2-0359-8106-82d6-000000000001}\",\"processId\":\"3226\",\"image\":\"C:\\\\Windows\\\\System32\\\\wmic.exe\",\"commandLine\":\"wmic path win32_computersystem product get name\",\"currentDirectory\":\"C:\\\\Windows\\\\CCM\\\\\",\"user\":\"NT AUTHORITY\\\\SYSTEM\",\"parentProcessGuid\":\"{03999d84-8c2e-7bbe-702b-000000000002}\",\"parentProcessId\":\"2356\",\"parentImage\":\"C:\\\\Windows\\\\CCM\\\\CcmExec.exe\",\"parentCommandLine\":\"\\\"C:\\\\Windows\\\\CCM\\\\CcmExec.exe\\\" -service -redirectWindowsUpdateLog\",\"hashes\":\"MD5=0BBEA9C5DFA3B21E496EB133F02A042B,SHA256=22312883269B5B6AAE8A0E4D0EB6BF6912A204A16D684B7AD81535A1A923001A,IMPHASH=AD4EF768A5A9D4FA78F680FA0DF56583\"}}}",
      "expect": {
        "alert": false
      },
      "category": "noise",
      "attack": null,
      "evasion": false,
      "expected_rule_id": 100251,
      "expected_level": 0,
      "mitre_id": null
    },
    {
      "name": "noise 213 | SCCM | wmic memory",
      "event": "{\"win\":{\"system\":{\"providerName\":\"Microsoft-Windows-Sysmon\",\"providerGuid\":\"{5770385f-c22a-43e0-bf4c-06f5698ffbd9}\",\"eventID\":\"1\",\"version\":\"5\",\"level\":\"4\",\"task\":\"1\",\"opcode\":\"0\",\"keywords\":\"0x8000000000000000\",\"systemTime\":\"2026-08-19T04:43:57.040592126Z\",\"eventRecordID\":\"549312\",\"channel\":\"Microsoft-Windows-Sysmon/Operational\",\"computer\":\"kingslanding.sevenkingdoms.local\",\"severityValue\":\"INFORMATION\"},\"eventdata\":{\"utcTime\":\"2026-08-19 04:43:57.040\",\"processGuid\":\"{fd4ad5c2-0359-8106-82d6-000000000001}\",\"processId\":\"3226\",\"image\":\"C:\\\\Windows\\\\System32\\\\wmic.exe\",\"commandLine\":\"wmic os get FreePhysicalMemory /Value\",\"currentDirectory\":\"C:\\\\Windows\\\\system32\\\\\",\"user\":\"NT AUTHORITY\\\\SYSTEM\",\"parentProcessGuid\":\"{03999d84-8c2e-7bbe-702b-000000000002}\",\"parentProcessId\":\"2356\",\"parentImage\":\"C:\\\\Windows\\\\CCM\\\\CcmExec.exe\",\"parentCommandLine\":\"C:\\\\Windows\\\\CCM\\\\CcmExec.exe -service\",\"hashes\":\"MD5=0BBEA9C5DFA3B21E496EB133F02A042B,SHA256=22312883269B5B6AAE8A0E4D0EB6BF6912A204A16D684B7AD81535A1A923001A,IMPHASH=AD4EF768A5A9D4FA78F680FA0DF56583\"}}}",
      "expect": {
        "alert": false
      },
      "category": "noise",
      "attack": null,
      "evasion": false,
      "expected_rule_id": 100251,
      "expected_level": 0,
      "mitre_id": null
    },
    {
      "name": "noise 214 | SCCM | powershell Get-WmiObject",
      "event": "{\"win\":{\"system\":{\"providerName\":\"Microsoft-Windows-Sysmon\",\"providerGuid\":\"{5770385f-c22a-43e0-bf4c-06f5698ffbd9}\",\"eventID\":\"1\",\"version\":\"5\",\"level\":\"4\",\"task\":\"1\",\"opcode\":\"0\",\"keywords\":\"0x8000000000000000\",\"systemTime\":\"2026-08-19T04:45:34.633476462Z\",\"eventRecordID\":\"549313\",\"channel\":\"Microsoft-Windows-Sysmon/Operational\",\"computer\":\"kingslanding.sevenkingdoms.local\",\"severityValue\":\"INFORMATION\"},\"eventdata\":{\"utcTime\":\"2026-08-19 04:45:34.633\",\"processGuid\":\"{051995f2-ab96-0f16-cf17-000000000004}\",\"processId\":\"3973\",\"image\":\"C:\\\\Windows\\\\System32\\\\WindowsPowerShell\\\\v1.0\\\\powershell.exe\",\"commandLine\":\"powershell.exe -ExecutionPolicy Bypass -Command \\\"Get-WmiObject Win32_BIOS\\\"\",\"currentDirectory\":\"C:\\\\Windows\\\\CCM\\\\\",\"user\":\"NT AUTHORITY\\\\SYSTEM\",\"parentProcessGuid\":\"{03999d84-8c2e-7bbe-702b-000000000002}\",\"parentProcessId\":\"2356\",\"parentImage\":\"C:\\\\Windows\\\\CCM\\\\CcmExec.exe\",\"parentCommandLine\":\"\\\"C:\\\\Windows\\\\CCM\\\\CcmExec.exe\\\" -service -redirectWindowsUpdateLog\",\"hashes\":\"MD5=52A2D1D53AB7B54E6107FD5ACBDFFB15,SHA256=99C8275678FE526419811BC64793F96B0D55627558DFBBF37E4B9A9C4EEE61E1,IMPHASH=BA9BA9BB26C1A2513FD776DAAC02773E\"}}}",
      "expect": {
        "alert": false
      },
      "category": "noise",
      "attack": null,
      "evasion": false,
      "expected_rule_id": 100251,
      "expected_level": 0,
      "mitre_id": null
    },
    {
      "name": "noise 215 | SCCM | wmic memory",
      "event": "{\"win\":{\"system\":{\"providerName\":\"Microsoft-Windows-Sysmon\",\"providerGuid\":\"{5770385f-c22a-43e0-bf4c-06f5698ffbd9}\",\"eventID\":\"1\",\"version\":\"5\",\"level\":\"4\",\"task\":\"1\",\"opcode\":\"0\",\"keywords\":\"0x8000000000000000\",\"systemTime\":\"2026-08-19T04:46:05.852153002Z\",\"eventRecordID\":\"549314\",\"channel\":\"Microsoft-Windows-Sysmon/Operational\",\"computer\":\"kingslanding.sevenkingdoms.local\",\"severityValue\":\"INFORMATION\"},\"eventdata\":{\"utcTime\":\"2026-08-19 04:46:05.852\",\"processGuid\":\"{fd4ad5c2-0359-8106-82d6-000000000001}\",\"processId\":\"3226\",\"image\":\"C:\\\\Windows\\\\System32\\\\wmic.exe\",\"commandLine\":\"wmic os get FreePhysicalMemory /Value\",\"currentDirectory\":\"C:\\\\Windows\\\\CCM\\\\\",\"user\":\"NT AUTHORITY\\\\SYSTEM\",\"parentProcessGuid\":\"{03999d84-8c2e-7bbe-702b-000000000002}\",\"parentProcessId\":\"2356\",\"parentImage\":\"C:\\\\Windows\\\\CCM\\\\CcmExec.exe\",\"parentCommandLine\":\"C:\\\\Windows\\\\CCM\\\\CcmExec.exe -service\",\"hashes\":\"MD5=0BBEA9C5DFA3B21E496EB133F02A042B,SHA256=22312883269B5B6AAE8A0E4D0EB6BF6912A204A16D684B7AD81535A1A923001A,IMPHASH=AD4EF768A5A9D4FA78F680FA0DF56583\"}}}",
      "expect": {
        "alert": false
      },
      "category": "noise",
      "attack": null,
      "evasion": false,
      "expected_rule_id": 100251,
      "expected_level": 0,
      "mitre_id": null
    },
    {
      "name": "noise 216 | SCCM | cmd wmic memory",
      "event": "{\"win\":{\"system\":{\"providerName\":\"Microsoft-Windows-Sysmon\",\"providerGuid\":\"{5770385f-c22a-43e0-bf4c-06f5698ffbd9}\",\"eventID\":\"1\",\"version\":\"5\",\"level\":\"4\",\"task\":\"1\",\"opcode\":\"0\",\"keywords\":\"0x8000000000000000\",\"systemTime\":\"2026-08-19T04:47:45.410373127Z\",\"eventRecordID\":\"549315\",\"channel\":\"Microsoft-Windows-Sysmon/Operational\",\"computer\":\"kingslanding.sevenkingdoms.local\",\"severityValue\":\"INFORMATION\"},\"eventdata\":{\"utcTime\":\"2026-08-19 04:47:45.410\",\"processGuid\":\"{11491d82-c4b3-35a1-0a67-000000000003}\",\"processId\":\"6145\",\"image\":\"C:\\\\Windows\\\\System32\\\\cmd.exe\",\"commandLine\":\"cmd.exe /c \\\"wmic os get FreePhysicalMemory /Value\\\"\",\"currentDirectory\":\"C:\\\\Windows\\\\system32\\\\\",\"user\":\"NT AUTHORITY\\\\SYSTEM\",\"parentProcessGuid\":\"{03999d84-8c2e-7bbe-702b-000000000002}\",\"parentProcessId\":\"2356\",\"parentImage\":\"C:\\\\Windows\\\\CCM\\\\CcmExec.exe\",\"parentCommandLine\":\"C:\\\\Windows\\\\CCM\\\\CcmExec.exe -service\",\"hashes\":\"MD5=AD4F0121E05E45568A2E62DF8F91BF81,SHA256=454CFEEA347FDC3F0ACB885CFB4B031166A2387FAB14C4D4A5008AE16181F80E,IMPHASH=D3F8F91898C22767183D2C65A8BA9A98\"}}}",
      "expect": {
        "alert": false
      },
      "category": "noise",
      "attack": null,
      "evasion": false,
      "expected_rule_id": 100251,
      "expected_level": 0,
      "mitre_id": null
    },
    {
      "name": "noise 217 | SCCM | wmic domain",
      "event": "{\"win\":{\"system\":{\"providerName\":\"Microsoft-Windows-Sysmon\",\"providerGuid\":\"{5770385f-c22a-43e0-bf4c-06f5698ffbd9}\",\"eventID\":\"1\",\"version\":\"5\",\"level\":\"4\",\"task\":\"1\",\"opcode\":\"0\",\"keywords\":\"0x8000000000000000\",\"systemTime\":\"2026-08-19T04:48:23.076052385Z\",\"eventRecordID\":\"549316\",\"channel\":\"Microsoft-Windows-Sysmon/Operational\",\"computer\":\"kingslanding.sevenkingdoms.local\",\"severityValue\":\"INFORMATION\"},\"eventdata\":{\"utcTime\":\"2026-08-19 04:48:23.076\",\"processGuid\":\"{fd4ad5c2-0359-8106-82d6-000000000001}\",\"processId\":\"3226\",\"image\":\"C:\\\\Windows\\\\System32\\\\wmic.exe\",\"commandLine\":\"wmic path win32_computersystem get domain,username\",\"currentDirectory\":\"C:\\\\Windows\\\\system32\\\\\",\"user\":\"NT AUTHORITY\\\\SYSTEM\",\"parentProcessGuid\":\"{03999d84-8c2e-7bbe-702b-000000000002}\",\"parentProcessId\":\"2356\",\"parentImage\":\"C:\\\\Windows\\\\CCM\\\\CcmExec.exe\",\"parentCommandLine\":\"C:\\\\Windows\\\\CCM\\\\CcmExec.exe -service\",\"hashes\":\"MD5=0BBEA9C5DFA3B21E496EB133F02A042B,SHA256=22312883269B5B6AAE8A0E4D0EB6BF6912A204A16D684B7AD81535A1A923001A,IMPHASH=AD4EF768A5A9D4FA78F680FA0DF56583\"}}}",
      "expect": {
        "alert": false
      },
      "category": "noise",
      "attack": null,
      "evasion": false,
      "expected_rule_id": 100251,
      "expected_level": 0,
      "mitre_id": null
    },
    {
      "name": "noise 218 | SCCM | cmd wmic products",
      "event": "{\"win\":{\"system\":{\"providerName\":\"Microsoft-Windows-Sysmon\",\"providerGuid\":\"{5770385f-c22a-43e0-bf4c-06f5698ffbd9}\",\"eventID\":\"1\",\"version\":\"5\",\"level\":\"4\",\"task\":\"1\",\"opcode\":\"0\",\"keywords\":\"0x8000000000000000\",\"systemTime\":\"2026-08-19T04:50:51.923882993Z\",\"eventRecordID\":\"549317\",\"channel\":\"Microsoft-Windows-Sysmon/Operational\",\"computer\":\"kingslanding.sevenkingdoms.local\",\"severityValue\":\"INFORMATION\"},\"eventdata\":{\"utcTime\":\"2026-08-19 04:50:51.923\",\"processGuid\":\"{11491d82-c4b3-35a1-0a67-000000000003}\",\"processId\":\"6145\",\"image\":\"C:\\\\Windows\\\\System32\\\\cmd.exe\",\"commandLine\":\"cmd.exe /c wmic path win32_product get name\",\"currentDirectory\":\"C:\\\\Windows\\\\CCM\\\\\",\"user\":\"NT AUTHORITY\\\\SYSTEM\",\"parentProcessGuid\":\"{03999d84-8c2e-7bbe-702b-000000000002}\",\"parentProcessId\":\"2356\",\"parentImage\":\"C:\\\\Windows\\\\CCM\\\\CcmExec.exe\",\"parentCommandLine\":\"C:\\\\Windows\\\\CCM\\\\CcmExec.exe -service\",\"hashes\":\"MD5=AD4F0121E05E45568A2E62DF8F91BF81,SHA256=454CFEEA347FDC3F0ACB885CFB4B031166A2387FAB14C4D4A5008AE16181F80E,IMPHASH=D3F8F91898C22767183D2C65A8BA9A98\"}}}",
      "expect": {
        "alert": false
      },
      "category": "noise",
      "attack": null,
      "evasion": false,
      "expected_rule_id": 100251,
      "expected_level": 0,
      "mitre_id": null
    },
    {
      "name": "noise 219 | SCCM | cmd wmic products",
      "event": "{\"win\":{\"system\":{\"providerName\":\"Microsoft-Windows-Sysmon\",\"providerGuid\":\"{5770385f-c22a-43e0-bf4c-06f5698ffbd9}\",\"eventID\":\"1\",\"version\":\"5\",\"level\":\"4\",\"task\":\"1\",\"opcode\":\"0\",\"keywords\":\"0x8000000000000000\",\"systemTime\":\"2026-08-19T04:51:20.056612954Z\",\"eventRecordID\":\"549318\",\"channel\":\"Microsoft-Windows-Sysmon/Operational\",\"computer\":\"kingslanding.sevenkingdoms.local\",\"severityValue\":\"INFORMATION\"},\"eventdata\":{\"utcTime\":\"2026-08-19 04:51:20.056\",\"processGuid\":\"{11491d82-c4b3-35a1-0a67-000000000003}\",\"processId\":\"6145\",\"image\":\"C:\\\\Windows\\\\System32\\\\cmd.exe\",\"commandLine\":\"cmd.exe /c wmic path win32_product get name\",\"currentDirectory\":\"C:\\\\Windows\\\\system32\\\\\",\"user\":\"NT AUTHORITY\\\\SYSTEM\",\"parentProcessGuid\":\"{03999d84-8c2e-7bbe-702b-000000000002}\",\"parentProcessId\":\"2356\",\"parentImage\":\"C:\\\\Windows\\\\CCM\\\\CcmExec.exe\",\"parentCommandLine\":\"C:\\\\Windows\\\\CCM\\\\CcmExec.exe -service\",\"hashes\":\"MD5=AD4F0121E05E45568A2E62DF8F91BF81,SHA256=454CFEEA347FDC3F0ACB885CFB4B031166A2387FAB14C4D4A5008AE16181F80E,IMPHASH=D3F8F91898C22767183D2C65A8BA9A98\"}}}",
      "expect": {
        "alert": false
      },
      "category": "noise",
      "attack": null,
      "evasion": false,
      "expected_rule_id": 100251,
      "expected_level": 0,
      "mitre_id": null
    },
    {
      "name": "noise 220 | SCCM | wmic os caption",
      "event": "{\"win\":{\"system\":{\"providerName\":\"Microsoft-Windows-Sysmon\",\"providerGuid\":\"{5770385f-c22a-43e0-bf4c-06f5698ffbd9}\",\"eventID\":\"1\",\"version\":\"5\",\"level\":\"4\",\"task\":\"1\",\"opcode\":\"0\",\"keywords\":\"0x8000000000000000\",\"systemTime\":\"2026-08-19T04:52:36.746200987Z\",\"eventRecordID\":\"549319\",\"channel\":\"Microsoft-Windows-Sysmon/Operational\",\"computer\":\"kingslanding.sevenkingdoms.local\",\"severityValue\":\"INFORMATION\"},\"eventdata\":{\"utcTime\":\"2026-08-19 04:52:36.746\",\"processGuid\":\"{fd4ad5c2-0359-8106-82d6-000000000001}\",\"processId\":\"3226\",\"image\":\"C:\\\\Windows\\\\System32\\\\wmic.exe\",\"commandLine\":\"wmic path Win32_OperatingSystem get Caption,Version /Value\",\"currentDirectory\":\"C:\\\\Windows\\\\system32\\\\\",\"user\":\"NT AUTHORITY\\\\SYSTEM\",\"parentProcessGuid\":\"{03999d84-8c2e-7bbe-702b-000000000002}\",\"parentProcessId\":\"2356\",\"parentImage\":\"C:\\\\Windows\\\\CCM\\\\CcmExec.exe\",\"parentCommandLine\":\"C:\\\\Windows\\\\CCM\\\\CcmExec.exe -service\",\"hashes\":\"MD5=0BBEA9C5DFA3B21E496EB133F02A042B,SHA256=22312883269B5B6AAE8A0E4D0EB6BF6912A204A16D684B7AD81535A1A923001A,IMPHASH=AD4EF768A5A9D4FA78F680FA0DF56583\"}}}",
      "expect": {
        "alert": false
      },
      "category": "noise",
      "attack": null,
      "evasion": false,
      "expected_rule_id": 100251,
      "expected_level": 0,
      "mitre_id": null
    },
    {
      "name": "noise 221 | SCCM | powershell Get-WmiObject",
      "event": "{\"win\":{\"system\":{\"providerName\":\"Microsoft-Windows-Sysmon\",\"providerGuid\":\"{5770385f-c22a-43e0-bf4c-06f5698ffbd9}\",\"eventID\":\"1\",\"version\":\"5\",\"level\":\"4\",\"task\":\"1\",\"opcode\":\"0\",\"keywords\":\"0x8000000000000000\",\"systemTime\":\"2026-08-19T04:54:32.566578966Z\",\"eventRecordID\":\"549320\",\"channel\":\"Microsoft-Windows-Sysmon/Operational\",\"computer\":\"kingslanding.sevenkingdoms.local\",\"severityValue\":\"INFORMATION\"},\"eventdata\":{\"utcTime\":\"2026-08-19 04:54:32.566\",\"processGuid\":\"{051995f2-ab96-0f16-cf17-000000000004}\",\"processId\":\"3973\",\"image\":\"C:\\\\Windows\\\\System32\\\\WindowsPowerShell\\\\v1.0\\\\powershell.exe\",\"commandLine\":\"powershell.exe -NoProfile -Command \\\"Get-WmiObject Win32_ComputerSystem\\\"\",\"currentDirectory\":\"C:\\\\Windows\\\\CCM\\\\\",\"user\":\"NT AUTHORITY\\\\SYSTEM\",\"parentProcessGuid\":\"{03999d84-8c2e-7bbe-702b-000000000002}\",\"parentProcessId\":\"2356\",\"parentImage\":\"C:\\\\Windows\\\\CCM\\\\CcmExec.exe\",\"parentCommandLine\":\"C:\\\\Windows\\\\CCM\\\\CcmExec.exe -service\",\"hashes\":\"MD5=52A2D1D53AB7B54E6107FD5ACBDFFB15,SHA256=99C8275678FE526419811BC64793F96B0D55627558DFBBF37E4B9A9C4EEE61E1,IMPHASH=BA9BA9BB26C1A2513FD776DAAC02773E\"}}}",
      "expect": {
        "alert": false
      },
      "category": "noise",
      "attack": null,
      "evasion": false,
      "expected_rule_id": 100251,
      "expected_level": 0,
      "mitre_id": null
    },
    {
      "name": "noise 222 | SCCM | wmic bios serial",
      "event": "{\"win\":{\"system\":{\"providerName\":\"Microsoft-Windows-Sysmon\",\"providerGuid\":\"{5770385f-c22a-43e0-bf4c-06f5698ffbd9}\",\"eventID\":\"1\",\"version\":\"5\",\"level\":\"4\",\"task\":\"1\",\"opcode\":\"0\",\"keywords\":\"0x8000000000000000\",\"systemTime\":\"2026-08-19T04:55:47.697394454Z\",\"eventRecordID\":\"549321\",\"channel\":\"Microsoft-Windows-Sysmon/Operational\",\"computer\":\"kingslanding.sevenkingdoms.local\",\"severityValue\":\"INFORMATION\"},\"eventdata\":{\"utcTime\":\"2026-08-19 04:55:47.697\",\"processGuid\":\"{fd4ad5c2-0359-8106-82d6-000000000001}\",\"processId\":\"3226\",\"image\":\"C:\\\\Windows\\\\System32\\\\wmic.exe\",\"commandLine\":\"wmic path Win32_BIOS get SerialNumber\",\"currentDirectory\":\"C:\\\\Windows\\\\system32\\\\\",\"user\":\"NT AUTHORITY\\\\SYSTEM\",\"parentProcessGuid\":\"{03999d84-8c2e-7bbe-702b-000000000002}\",\"parentProcessId\":\"2356\",\"parentImage\":\"C:\\\\Windows\\\\CCM\\\\CcmExec.exe\",\"parentCommandLine\":\"\\\"C:\\\\Windows\\\\CCM\\\\CcmExec.exe\\\"\",\"hashes\":\"MD5=0BBEA9C5DFA3B21E496EB133F02A042B,SHA256=22312883269B5B6AAE8A0E4D0EB6BF6912A204A16D684B7AD81535A1A923001A,IMPHASH=AD4EF768A5A9D4FA78F680FA0DF56583\"}}}",
      "expect": {
        "alert": false
      },
      "category": "noise",
      "attack": null,
      "evasion": false,
      "expected_rule_id": 100251,
      "expected_level": 0,
      "mitre_id": null
    },
    {
      "name": "noise 223 | SCCM | cmd wmic products",
      "event": "{\"win\":{\"system\":{\"providerName\":\"Microsoft-Windows-Sysmon\",\"providerGuid\":\"{5770385f-c22a-43e0-bf4c-06f5698ffbd9}\",\"eventID\":\"1\",\"version\":\"5\",\"level\":\"4\",\"task\":\"1\",\"opcode\":\"0\",\"keywords\":\"0x8000000000000000\",\"systemTime\":\"2026-08-19T04:56:50.630167336Z\",\"eventRecordID\":\"549322\",\"channel\":\"Microsoft-Windows-Sysmon/Operational\",\"computer\":\"kingslanding.sevenkingdoms.local\",\"severityValue\":\"INFORMATION\"},\"eventdata\":{\"utcTime\":\"2026-08-19 04:56:50.630\",\"processGuid\":\"{11491d82-c4b3-35a1-0a67-000000000003}\",\"processId\":\"6145\",\"image\":\"C:\\\\Windows\\\\System32\\\\cmd.exe\",\"commandLine\":\"cmd.exe /c wmic path win32_product get name\",\"currentDirectory\":\"C:\\\\Windows\\\\CCM\\\\\",\"user\":\"NT AUTHORITY\\\\SYSTEM\",\"parentProcessGuid\":\"{03999d84-8c2e-7bbe-702b-000000000002}\",\"parentProcessId\":\"2356\",\"parentImage\":\"C:\\\\Windows\\\\CCM\\\\CcmExec.exe\",\"parentCommandLine\":\"C:\\\\Windows\\\\CCM\\\\CcmExec.exe -service\",\"hashes\":\"MD5=AD4F0121E05E45568A2E62DF8F91BF81,SHA256=454CFEEA347FDC3F0ACB885CFB4B031166A2387FAB14C4D4A5008AE16181F80E,IMPHASH=D3F8F91898C22767183D2C65A8BA9A98\"}}}",
      "expect": {
        "alert": false
      },
      "category": "noise",
      "attack": null,
      "evasion": false,
      "expected_rule_id": 100251,
      "expected_level": 0,
      "mitre_id": null
    },
    {
      "name": "noise 224 | SCCM | powershell Get-WmiObject",
      "event": "{\"win\":{\"system\":{\"providerName\":\"Microsoft-Windows-Sysmon\",\"providerGuid\":\"{5770385f-c22a-43e0-bf4c-06f5698ffbd9}\",\"eventID\":\"1\",\"version\":\"5\",\"level\":\"4\",\"task\":\"1\",\"opcode\":\"0\",\"keywords\":\"0x8000000000000000\",\"systemTime\":\"2026-08-19T04:57:41.479812138Z\",\"eventRecordID\":\"549323\",\"channel\":\"Microsoft-Windows-Sysmon/Operational\",\"computer\":\"kingslanding.sevenkingdoms.local\",\"severityValue\":\"INFORMATION\"},\"eventdata\":{\"utcTime\":\"2026-08-19 04:57:41.479\",\"processGuid\":\"{051995f2-ab96-0f16-cf17-000000000004}\",\"processId\":\"3973\",\"image\":\"C:\\\\Windows\\\\System32\\\\WindowsPowerShell\\\\v1.0\\\\powershell.exe\",\"commandLine\":\"powershell.exe -NoLogo -NoProfile -Command \\\"Get-WmiObject Win32_LogicalDisk\\\"\",\"currentDirectory\":\"C:\\\\Windows\\\\CCM\\\\\",\"user\":\"NT AUTHORITY\\\\SYSTEM\",\"parentProcessGuid\":\"{03999d84-8c2e-7bbe-702b-000000000002}\",\"parentProcessId\":\"2356\",\"parentImage\":\"C:\\\\Windows\\\\CCM\\\\CcmExec.exe\",\"parentCommandLine\":\"C:\\\\Windows\\\\CCM\\\\CcmExec.exe -service\",\"hashes\":\"MD5=52A2D1D53AB7B54E6107FD5ACBDFFB15,SHA256=99C8275678FE526419811BC64793F96B0D55627558DFBBF37E4B9A9C4EEE61E1,IMPHASH=BA9BA9BB26C1A2513FD776DAAC02773E\"}}}",
      "expect": {
        "alert": false
      },
      "category": "noise",
      "attack": null,
      "evasion": false,
      "expected_rule_id": 100251,
      "expected_level": 0,
      "mitre_id": null
    },
    {
      "name": "noise 225 | SCCM | cmd wmic inventory",
      "event": "{\"win\":{\"system\":{\"providerName\":\"Microsoft-Windows-Sysmon\",\"providerGuid\":\"{5770385f-c22a-43e0-bf4c-06f5698ffbd9}\",\"eventID\":\"1\",\"version\":\"5\",\"level\":\"4\",\"task\":\"1\",\"opcode\":\"0\",\"keywords\":\"0x8000000000000000\",\"systemTime\":\"2026-08-19T04:59:40.255313258Z\",\"eventRecordID\":\"549324\",\"channel\":\"Microsoft-Windows-Sysmon/Operational\",\"computer\":\"kingslanding.sevenkingdoms.local\",\"severityValue\":\"INFORMATION\"},\"eventdata\":{\"utcTime\":\"2026-08-19 04:59:40.255\",\"processGuid\":\"{11491d82-c4b3-35a1-0a67-000000000003}\",\"processId\":\"6145\",\"image\":\"C:\\\\Windows\\\\System32\\\\cmd.exe\",\"commandLine\":\"cmd.exe /c \\\"wmic computersystem get name,domain /format:list\\\"\",\"currentDirectory\":\"C:\\\\Windows\\\\CCM\\\\\",\"user\":\"NT AUTHORITY\\\\SYSTEM\",\"parentProcessGuid\":\"{03999d84-8c2e-7bbe-702b-000000000002}\",\"parentProcessId\":\"2356\",\"parentImage\":\"C:\\\\Windows\\\\CCM\\\\CcmExec.exe\",\"parentCommandLine\":\"\\\"C:\\\\Windows\\\\CCM\\\\CcmExec.exe\\\"\",\"hashes\":\"MD5=AD4F0121E05E45568A2E62DF8F91BF81,SHA256=454CFEEA347FDC3F0ACB885CFB4B031166A2387FAB14C4D4A5008AE16181F80E,IMPHASH=D3F8F91898C22767183D2C65A8BA9A98\"}}}",
      "expect": {
        "alert": false
      },
      "category": "noise",
      "attack": null,
      "evasion": false,
      "expected_rule_id": 100251,
      "expected_level": 0,
      "mitre_id": null
    },
