    {
      "name": "noise 468 | Zabbix | sc query WinRM",
      "event": "{\"win\":{\"system\":{\"providerName\":\"Microsoft-Windows-Sysmon\",\"providerGuid\":\"{5770385f-c22a-43e0-bf4c-06f5698ffbd9}\",\"eventID\":\"1\",\"version\":\"5\",\"level\":\"4\",\"task\":\"1\",\"opcode\":\"0\",\"keywords\":\"0x8000000000000000\",\"systemTime\":\"2026-08-19T10:23:36.140798723Z\",\"eventRecordID\":\"549567\",\"channel\":\"Microsoft-Windows-Sysmon/Operational\",\"computer\":\"kingslanding.sevenkingdoms.local\",\"severityValue\":\"INFORMATION\"},\"eventdata\":{\"utcTime\":\"2026-08-19 10:23:36.140\",\"processGuid\":\"{7c1463a2-9b19-b20f-d786-000000000007}\",\"processId\":\"6145\",\"image\":\"C:\\\\Windows\\\\System32\\\\cmd.exe\",\"commandLine\":\"cmd.exe /c \\\"sc query WinRM\\\"\",\"currentDirectory\":\"C:\\\\Windows\\\\system32\\\\\",\"user\":\"NT AUTHORITY\\\\SYSTEM\",\"parentProcessGuid\":\"{fc63b85c-6d40-c598-c4e6-000000000008}\",\"parentProcessId\":\"7788\",\"parentImage\":\"C:\\\\Program Files\\\\Zabbix Agent\\\\zabbix_agentd.exe\",\"parentCommandLine\":\"\\\"C:\\\\Program Files\\\\Zabbix Agent\\\\zabbix_agentd.exe\\\" --config \\\"C:\\\\Program Files\\\\Zabbix Agent\\\\zabbix_agentd.conf\\\"\",\"hashes\":\"MD5=AD4F0121E05E45568A2E62DF8F91BF81,SHA256=454CFEEA347FDC3F0ACB885CFB4B031166A2387FAB14C4D4A5008AE16181F80E,IMPHASH=D3F8F91898C22767183D2C65A8BA9A98\"}}}",
      "expect": {
        "alert": false
      },
      "category": "noise",
      "attack": null,
      "evasion": false,
      "expected_rule_id": 100251,
      "expected_level": 0,
      "mitre_id": null
    },
    {
      "name": "noise 469 | Zabbix | sc query W32Time",
      "event": "{\"win\":{\"system\":{\"providerName\":\"Microsoft-Windows-Sysmon\",\"providerGuid\":\"{5770385f-c22a-43e0-bf4c-06f5698ffbd9}\",\"eventID\":\"1\",\"version\":\"5\",\"level\":\"4\",\"task\":\"1\",\"opcode\":\"0\",\"keywords\":\"0x8000000000000000\",\"systemTime\":\"2026-08-19T10:24:47.798386810Z\",\"eventRecordID\":\"549568\",\"channel\":\"Microsoft-Windows-Sysmon/Operational\",\"computer\":\"kingslanding.sevenkingdoms.local\",\"severityValue\":\"INFORMATION\"},\"eventdata\":{\"utcTime\":\"2026-08-19 10:24:47.798\",\"processGuid\":\"{7c1463a2-9b19-b20f-d786-000000000007}\",\"processId\":\"6145\",\"image\":\"C:\\\\Windows\\\\System32\\\\cmd.exe\",\"commandLine\":\"cmd.exe /c \\\"sc query W32Time\\\"\",\"currentDirectory\":\"C:\\\\Windows\\\\system32\\\\\",\"user\":\"NT AUTHORITY\\\\SYSTEM\",\"parentProcessGuid\":\"{fc63b85c-6d40-c598-c4e6-000000000008}\",\"parentProcessId\":\"7788\",\"parentImage\":\"C:\\\\Program Files\\\\Zabbix Agent\\\\zabbix_agentd.exe\",\"parentCommandLine\":\"\\\"C:\\\\Program Files\\\\Zabbix Agent\\\\zabbix_agentd.exe\\\" --config \\\"C:\\\\Program Files\\\\Zabbix Agent\\\\zabbix_agentd.conf\\\"\",\"hashes\":\"MD5=AD4F0121E05E45568A2E62DF8F91BF81,SHA256=454CFEEA347FDC3F0ACB885CFB4B031166A2387FAB14C4D4A5008AE16181F80E,IMPHASH=D3F8F91898C22767183D2C65A8BA9A98\"}}}",
      "expect": {
        "alert": false
      },
      "category": "noise",
      "attack": null,
      "evasion": false,
      "expected_rule_id": 100251,
      "expected_level": 0,
      "mitre_id": null
    },
    {
      "name": "noise 470 | Zabbix | net start spooler",
      "event": "{\"win\":{\"system\":{\"providerName\":\"Microsoft-Windows-Sysmon\",\"providerGuid\":\"{5770385f-c22a-43e0-bf4c-06f5698ffbd9}\",\"eventID\":\"1\",\"version\":\"5\",\"level\":\"4\",\"task\":\"1\",\"opcode\":\"0\",\"keywords\":\"0x8000000000000000\",\"systemTime\":\"2026-08-19T10:26:38.362692972Z\",\"eventRecordID\":\"549569\",\"channel\":\"Microsoft-Windows-Sysmon/Operational\",\"computer\":\"kingslanding.sevenkingdoms.local\",\"severityValue\":\"INFORMATION\"},\"eventdata\":{\"utcTime\":\"2026-08-19 10:26:38.362\",\"processGuid\":\"{7c1463a2-9b19-b20f-d786-000000000007}\",\"processId\":\"6145\",\"image\":\"C:\\\\Windows\\\\System32\\\\cmd.exe\",\"commandLine\":\"cmd.exe /c \\\"net start | findstr /I spooler\\\"\",\"currentDirectory\":\"C:\\\\Windows\\\\system32\\\\\",\"user\":\"NT AUTHORITY\\\\SYSTEM\",\"parentProcessGuid\":\"{fc63b85c-6d40-c598-c4e6-000000000008}\",\"parentProcessId\":\"7788\",\"parentImage\":\"C:\\\\Program Files\\\\Zabbix Agent\\\\zabbix_agentd.exe\",\"parentCommandLine\":\"\\\"C:\\\\Program Files\\\\Zabbix Agent\\\\zabbix_agentd.exe\\\" --config \\\"C:\\\\Program Files\\\\Zabbix Agent\\\\zabbix_agentd.conf\\\"\",\"hashes\":\"MD5=AD4F0121E05E45568A2E62DF8F91BF81,SHA256=454CFEEA347FDC3F0ACB885CFB4B031166A2387FAB14C4D4A5008AE16181F80E,IMPHASH=D3F8F91898C22767183D2C65A8BA9A98\"}}}",
      "expect": {
        "alert": false
      },
      "category": "noise",
      "attack": null,
      "evasion": false,
      "expected_rule_id": 100251,
      "expected_level": 0,
      "mitre_id": null
    },
    {
      "name": "noise 471 | Zabbix | tasklist zabbix",
      "event": "{\"win\":{\"system\":{\"providerName\":\"Microsoft-Windows-Sysmon\",\"providerGuid\":\"{5770385f-c22a-43e0-bf4c-06f5698ffbd9}\",\"eventID\":\"1\",\"version\":\"5\",\"level\":\"4\",\"task\":\"1\",\"opcode\":\"0\",\"keywords\":\"0x8000000000000000\",\"systemTime\":\"2026-08-19T10:28:04.116439838Z\",\"eventRecordID\":\"549570\",\"channel\":\"Microsoft-Windows-Sysmon/Operational\",\"computer\":\"kingslanding.sevenkingdoms.local\",\"severityValue\":\"INFORMATION\"},\"eventdata\":{\"utcTime\":\"2026-08-19 10:28:04.116\",\"processGuid\":\"{7c1463a2-9b19-b20f-d786-000000000007}\",\"processId\":\"6145\",\"image\":\"C:\\\\Windows\\\\System32\\\\cmd.exe\",\"commandLine\":\"cmd.exe /c tasklist /FI \\\"IMAGENAME eq zabbix_agentd.exe\\\"\",\"currentDirectory\":\"C:\\\\Windows\\\\system32\\\\\",\"user\":\"NT AUTHORITY\\\\SYSTEM\",\"parentProcessGuid\":\"{fc63b85c-6d40-c598-c4e6-000000000008}\",\"parentProcessId\":\"7788\",\"parentImage\":\"C:\\\\Program Files\\\\Zabbix Agent\\\\zabbix_agentd.exe\",\"parentCommandLine\":\"\\\"C:\\\\Program Files\\\\Zabbix Agent\\\\zabbix_agentd.exe\\\" --config \\\"C:\\\\Program Files\\\\Zabbix Agent\\\\zabbix_agentd.conf\\\"\",\"hashes\":\"MD5=AD4F0121E05E45568A2E62DF8F91BF81,SHA256=454CFEEA347FDC3F0ACB885CFB4B031166A2387FAB14C4D4A5008AE16181F80E,IMPHASH=D3F8F91898C22767183D2C65A8BA9A98\"}}}",
      "expect": {
        "alert": false
      },
      "category": "noise",
      "attack": null,
      "evasion": false,
      "expected_rule_id": 100251,
      "expected_level": 0,
      "mitre_id": null
    },
    {
      "name": "noise 472 | Zabbix | Get-Process top",
      "event": "{\"win\":{\"system\":{\"providerName\":\"Microsoft-Windows-Sysmon\",\"providerGuid\":\"{5770385f-c22a-43e0-bf4c-06f5698ffbd9}\",\"eventID\":\"1\",\"version\":\"5\",\"level\":\"4\",\"task\":\"1\",\"opcode\":\"0\",\"keywords\":\"0x8000000000000000\",\"systemTime\":\"2026-08-19T10:28:24.891650417Z\",\"eventRecordID\":\"549571\",\"channel\":\"Microsoft-Windows-Sysmon/Operational\",\"computer\":\"kingslanding.sevenkingdoms.local\",\"severityValue\":\"INFORMATION\"},\"eventdata\":{\"utcTime\":\"2026-08-19 10:28:24.891\",\"processGuid\":\"{559c528a-1735-ebee-6751-000000000009}\",\"processId\":\"3973\",\"image\":\"C:\\\\Windows\\\\System32\\\\WindowsPowerShell\\\\v1.0\\\\powershell.exe\",\"commandLine\":\"powershell.exe -NoProfile -Command \\\"Get-Process | Sort-Object CPU -Descending | Select-Object -First 5\\\"\",\"currentDirectory\":\"C:\\\\Windows\\\\system32\\\\\",\"user\":\"NT AUTHORITY\\\\SYSTEM\",\"parentProcessGuid\":\"{fc63b85c-6d40-c598-c4e6-000000000008}\",\"parentProcessId\":\"7788\",\"parentImage\":\"C:\\\\Program Files\\\\Zabbix Agent\\\\zabbix_agentd.exe\",\"parentCommandLine\":\"\\\"C:\\\\Program Files\\\\Zabbix Agent\\\\zabbix_agentd.exe\\\" --config \\\"C:\\\\Program Files\\\\Zabbix Agent\\\\zabbix_agentd.conf\\\"\",\"hashes\":\"MD5=52A2D1D53AB7B54E6107FD5ACBDFFB15,SHA256=99C8275678FE526419811BC64793F96B0D55627558DFBBF37E4B9A9C4EEE61E1,IMPHASH=BA9BA9BB26C1A2513FD776DAAC02773E\"}}}",
      "expect": {
        "alert": false
      },
      "category": "noise",
      "attack": null,
      "evasion": false,
      "expected_rule_id": 100251,
      "expected_level": 0,
      "mitre_id": null
    },
    {
      "name": "noise 473 | Zabbix | typeperf cpu",
      "event": "{\"win\":{\"system\":{\"providerName\":\"Microsoft-Windows-Sysmon\",\"providerGuid\":\"{5770385f-c22a-43e0-bf4c-06f5698ffbd9}\",\"eventID\":\"1\",\"version\":\"5\",\"level\":\"4\",\"task\":\"1\",\"opcode\":\"0\",\"keywords\":\"0x8000000000000000\",\"systemTime\":\"2026-08-19T10:29:44.859788728Z\",\"eventRecordID\":\"549572\",\"channel\":\"Microsoft-Windows-Sysmon/Operational\",\"computer\":\"kingslanding.sevenkingdoms.local\",\"severityValue\":\"INFORMATION\"},\"eventdata\":{\"utcTime\":\"2026-08-19 10:29:44.859\",\"processGuid\":\"{7c1463a2-9b19-b20f-d786-000000000007}\",\"processId\":\"6145\",\"image\":\"C:\\\\Windows\\\\System32\\\\cmd.exe\",\"commandLine\":\"cmd.exe /c typeperf \\\"\\\\Processor(_Total)\\\\% Processor Time\\\" -sc 1\",\"currentDirectory\":\"C:\\\\Windows\\\\system32\\\\\",\"user\":\"NT AUTHORITY\\\\SYSTEM\",\"parentProcessGuid\":\"{fc63b85c-6d40-c598-c4e6-000000000008}\",\"parentProcessId\":\"7788\",\"parentImage\":\"C:\\\\Program Files\\\\Zabbix Agent\\\\zabbix_agentd.exe\",\"parentCommandLine\":\"\\\"C:\\\\Program Files\\\\Zabbix Agent\\\\zabbix_agentd.exe\\\" --config \\\"C:\\\\Program Files\\\\Zabbix Agent\\\\zabbix_agentd.conf\\\"\",\"hashes\":\"MD5=AD4F0121E05E45568A2E62DF8F91BF81,SHA256=454CFEEA347FDC3F0ACB885CFB4B031166A2387FAB14C4D4A5008AE16181F80E,IMPHASH=D3F8F91898C22767183D2C65A8BA9A98\"}}}",
      "expect": {
        "alert": false
      },
      "category": "noise",
      "attack": null,
      "evasion": false,
      "expected_rule_id": 100251,
      "expected_level": 0,
      "mitre_id": null
    },
    {
      "name": "noise 474 | Zabbix | tasklist zabbix",
      "event": "{\"win\":{\"system\":{\"providerName\":\"Microsoft-Windows-Sysmon\",\"providerGuid\":\"{5770385f-c22a-43e0-bf4c-06f5698ffbd9}\",\"eventID\":\"1\",\"version\":\"5\",\"level\":\"4\",\"task\":\"1\",\"opcode\":\"0\",\"keywords\":\"0x8000000000000000\",\"systemTime\":\"2026-08-19T10:31:04.343944344Z\",\"eventRecordID\":\"549573\",\"channel\":\"Microsoft-Windows-Sysmon/Operational\",\"computer\":\"kingslanding.sevenkingdoms.local\",\"severityValue\":\"INFORMATION\"},\"eventdata\":{\"utcTime\":\"2026-08-19 10:31:04.343\",\"processGuid\":\"{7c1463a2-9b19-b20f-d786-000000000007}\",\"processId\":\"6145\",\"image\":\"C:\\\\Windows\\\\System32\\\\cmd.exe\",\"commandLine\":\"cmd.exe /c tasklist /FI \\\"IMAGENAME eq zabbix_agentd.exe\\\"\",\"currentDirectory\":\"C:\\\\Windows\\\\system32\\\\\",\"user\":\"NT AUTHORITY\\\\SYSTEM\",\"parentProcessGuid\":\"{fc63b85c-6d40-c598-c4e6-000000000008}\",\"parentProcessId\":\"7788\",\"parentImage\":\"C:\\\\Program Files\\\\Zabbix Agent\\\\zabbix_agentd.exe\",\"parentCommandLine\":\"\\\"C:\\\\Program Files\\\\Zabbix Agent\\\\zabbix_agentd.exe\\\" --config \\\"C:\\\\Program Files\\\\Zabbix Agent\\\\zabbix_agentd.conf\\\"\",\"hashes\":\"MD5=AD4F0121E05E45568A2E62DF8F91BF81,SHA256=454CFEEA347FDC3F0ACB885CFB4B031166A2387FAB14C4D4A5008AE16181F80E,IMPHASH=D3F8F91898C22767183D2C65A8BA9A98\"}}}",
      "expect": {
        "alert": false
      },
      "category": "noise",
      "attack": null,
      "evasion": false,
      "expected_rule_id": 100251,
      "expected_level": 0,
      "mitre_id": null
    },
    {
      "name": "noise 475 | Zabbix | sc query W32Time",
      "event": "{\"win\":{\"system\":{\"providerName\":\"Microsoft-Windows-Sysmon\",\"providerGuid\":\"{5770385f-c22a-43e0-bf4c-06f5698ffbd9}\",\"eventID\":\"1\",\"version\":\"5\",\"level\":\"4\",\"task\":\"1\",\"opcode\":\"0\",\"keywords\":\"0x8000000000000000\",\"systemTime\":\"2026-08-19T10:32:52.167709177Z\",\"eventRecordID\":\"549574\",\"channel\":\"Microsoft-Windows-Sysmon/Operational\",\"computer\":\"kingslanding.sevenkingdoms.local\",\"severityValue\":\"INFORMATION\"},\"eventdata\":{\"utcTime\":\"2026-08-19 10:32:52.167\",\"processGuid\":\"{7c1463a2-9b19-b20f-d786-000000000007}\",\"processId\":\"6145\",\"image\":\"C:\\\\Windows\\\\System32\\\\cmd.exe\",\"commandLine\":\"cmd.exe /c \\\"sc query W32Time\\\"\",\"currentDirectory\":\"C:\\\\Windows\\\\system32\\\\\",\"user\":\"NT AUTHORITY\\\\SYSTEM\",\"parentProcessGuid\":\"{fc63b85c-6d40-c598-c4e6-000000000008}\",\"parentProcessId\":\"7788\",\"parentImage\":\"C:\\\\Program Files\\\\Zabbix Agent\\\\zabbix_agentd.exe\",\"parentCommandLine\":\"\\\"C:\\\\Program Files\\\\Zabbix Agent\\\\zabbix_agentd.exe\\\" --config \\\"C:\\\\Program Files\\\\Zabbix Agent\\\\zabbix_agentd.conf\\\"\",\"hashes\":\"MD5=AD4F0121E05E45568A2E62DF8F91BF81,SHA256=454CFEEA347FDC3F0ACB885CFB4B031166A2387FAB14C4D4A5008AE16181F80E,IMPHASH=D3F8F91898C22767183D2C65A8BA9A98\"}}}",
      "expect": {
        "alert": false
      },
      "category": "noise",
      "attack": null,
      "evasion": false,
      "expected_rule_id": 100251,
      "expected_level": 0,
      "mitre_id": null
    },
    {
      "name": "noise 476 | Zabbix | tasklist zabbix",
      "event": "{\"win\":{\"system\":{\"providerName\":\"Microsoft-Windows-Sysmon\",\"providerGuid\":\"{5770385f-c22a-43e0-bf4c-06f5698ffbd9}\",\"eventID\":\"1\",\"version\":\"5\",\"level\":\"4\",\"task\":\"1\",\"opcode\":\"0\",\"keywords\":\"0x8000000000000000\",\"systemTime\":\"2026-08-19T10:34:40.716144327Z\",\"eventRecordID\":\"549575\",\"channel\":\"Microsoft-Windows-Sysmon/Operational\",\"computer\":\"kingslanding.sevenkingdoms.local\",\"severityValue\":\"INFORMATION\"},\"eventdata\":{\"utcTime\":\"2026-08-19 10:34:40.716\",\"processGuid\":\"{7c1463a2-9b19-b20f-d786-000000000007}\",\"processId\":\"6145\",\"image\":\"C:\\\\Windows\\\\System32\\\\cmd.exe\",\"commandLine\":\"cmd.exe /c tasklist /FI \\\"IMAGENAME eq zabbix_agentd.exe\\\"\",\"currentDirectory\":\"C:\\\\Windows\\\\system32\\\\\",\"user\":\"NT AUTHORITY\\\\SYSTEM\",\"parentProcessGuid\":\"{fc63b85c-6d40-c598-c4e6-000000000008}\",\"parentProcessId\":\"7788\",\"parentImage\":\"C:\\\\Program Files\\\\Zabbix Agent\\\\zabbix_agentd.exe\",\"parentCommandLine\":\"\\\"C:\\\\Program Files\\\\Zabbix Agent\\\\zabbix_agentd.exe\\\" --config \\\"C:\\\\Program Files\\\\Zabbix Agent\\\\zabbix_agentd.conf\\\"\",\"hashes\":\"MD5=AD4F0121E05E45568A2E62DF8F91BF81,SHA256=454CFEEA347FDC3F0ACB885CFB4B031166A2387FAB14C4D4A5008AE16181F80E,IMPHASH=D3F8F91898C22767183D2C65A8BA9A98\"}}}",
      "expect": {
        "alert": false
      },
      "category": "noise",
      "attack": null,
      "evasion": false,
      "expected_rule_id": 100251,
      "expected_level": 0,
      "mitre_id": null
    },
    {
      "name": "noise 477 | Zabbix | typeperf cpu",
      "event": "{\"win\":{\"system\":{\"providerName\":\"Microsoft-Windows-Sysmon\",\"providerGuid\":\"{5770385f-c22a-43e0-bf4c-06f5698ffbd9}\",\"eventID\":\"1\",\"version\":\"5\",\"level\":\"4\",\"task\":\"1\",\"opcode\":\"0\",\"keywords\":\"0x8000000000000000\",\"systemTime\":\"2026-08-19T10:35:44.878104336Z\",\"eventRecordID\":\"549576\",\"channel\":\"Microsoft-Windows-Sysmon/Operational\",\"computer\":\"kingslanding.sevenkingdoms.local\",\"severityValue\":\"INFORMATION\"},\"eventdata\":{\"utcTime\":\"2026-08-19 10:35:44.878\",\"processGuid\":\"{7c1463a2-9b19-b20f-d786-000000000007}\",\"processId\":\"6145\",\"image\":\"C:\\\\Windows\\\\System32\\\\cmd.exe\",\"commandLine\":\"cmd.exe /c typeperf \\\"\\\\Processor(_Total)\\\\% Processor Time\\\" -sc 1\",\"currentDirectory\":\"C:\\\\Windows\\\\system32\\\\\",\"user\":\"NT AUTHORITY\\\\SYSTEM\",\"parentProcessGuid\":\"{fc63b85c-6d40-c598-c4e6-000000000008}\",\"parentProcessId\":\"7788\",\"parentImage\":\"C:\\\\Program Files\\\\Zabbix Agent\\\\zabbix_agentd.exe\",\"parentCommandLine\":\"\\\"C:\\\\Program Files\\\\Zabbix Agent\\\\zabbix_agentd.exe\\\" --config \\\"C:\\\\Program Files\\\\Zabbix Agent\\\\zabbix_agentd.conf\\\"\",\"hashes\":\"MD5=AD4F0121E05E45568A2E62DF8F91BF81,SHA256=454CFEEA347FDC3F0ACB885CFB4B031166A2387FAB14C4D4A5008AE16181F80E,IMPHASH=D3F8F91898C22767183D2C65A8BA9A98\"}}}",
      "expect": {
        "alert": false
      },
      "category": "noise",
      "attack": null,
      "evasion": false,
      "expected_rule_id": 100251,
      "expected_level": 0,
      "mitre_id": null
    },
    {
      "name": "noise 478 | Zabbix | fsutil diskfree",
      "event": "{\"win\":{\"system\":{\"providerName\":\"Microsoft-Windows-Sysmon\",\"providerGuid\":\"{5770385f-c22a-43e0-bf4c-06f5698ffbd9}\",\"eventID\":\"1\",\"version\":\"5\",\"level\":\"4\",\"task\":\"1\",\"opcode\":\"0\",\"keywords\":\"0x8000000000000000\",\"systemTime\":\"2026-08-19T10:37:02.486019754Z\",\"eventRecordID\":\"549577\",\"channel\":\"Microsoft-Windows-Sysmon/Operational\",\"computer\":\"kingslanding.sevenkingdoms.local\",\"severityValue\":\"INFORMATION\"},\"eventdata\":{\"utcTime\":\"2026-08-19 10:37:02.486\",\"processGuid\":\"{7c1463a2-9b19-b20f-d786-000000000007}\",\"processId\":\"6145\",\"image\":\"C:\\\\Windows\\\\System32\\\\cmd.exe\",\"commandLine\":\"cmd.exe /c \\\"fsutil volume diskfree C:\\\"\",\"currentDirectory\":\"C:\\\\Windows\\\\system32\\\\\",\"user\":\"NT AUTHORITY\\\\SYSTEM\",\"parentProcessGuid\":\"{fc63b85c-6d40-c598-c4e6-000000000008}\",\"parentProcessId\":\"7788\",\"parentImage\":\"C:\\\\Program Files\\\\Zabbix Agent\\\\zabbix_agentd.exe\",\"parentCommandLine\":\"\\\"C:\\\\Program Files\\\\Zabbix Agent\\\\zabbix_agentd.exe\\\" --config \\\"C:\\\\Program Files\\\\Zabbix Agent\\\\zabbix_agentd.conf\\\"\",\"hashes\":\"MD5=AD4F0121E05E45568A2E62DF8F91BF81,SHA256=454CFEEA347FDC3F0ACB885CFB4B031166A2387FAB14C4D4A5008AE16181F80E,IMPHASH=D3F8F91898C22767183D2C65A8BA9A98\"}}}",
      "expect": {
        "alert": false
      },
      "category": "noise",
      "attack": null,
      "evasion": false,
      "expected_rule_id": 100251,
      "expected_level": 0,
      "mitre_id": null
    },
    {
      "name": "noise 479 | Zabbix | Get-Process top",
      "event": "{\"win\":{\"system\":{\"providerName\":\"Microsoft-Windows-Sysmon\",\"providerGuid\":\"{5770385f-c22a-43e0-bf4c-06f5698ffbd9}\",\"eventID\":\"1\",\"version\":\"5\",\"level\":\"4\",\"task\":\"1\",\"opcode\":\"0\",\"keywords\":\"0x8000000000000000\",\"systemTime\":\"2026-08-19T10:38:04.007887121Z\",\"eventRecordID\":\"549578\",\"channel\":\"Microsoft-Windows-Sysmon/Operational\",\"computer\":\"kingslanding.sevenkingdoms.local\",\"severityValue\":\"INFORMATION\"},\"eventdata\":{\"utcTime\":\"2026-08-19 10:38:04.007\",\"processGuid\":\"{559c528a-1735-ebee-6751-000000000009}\",\"processId\":\"3973\",\"image\":\"C:\\\\Windows\\\\System32\\\\WindowsPowerShell\\\\v1.0\\\\powershell.exe\",\"commandLine\":\"powershell.exe -NoProfile -Command \\\"Get-Process | Sort-Object CPU -Descending | Select-Object -First 5\\\"\",\"currentDirectory\":\"C:\\\\Windows\\\\system32\\\\\",\"user\":\"NT AUTHORITY\\\\SYSTEM\",\"parentProcessGuid\":\"{fc63b85c-6d40-c598-c4e6-000000000008}\",\"parentProcessId\":\"7788\",\"parentImage\":\"C:\\\\Program Files\\\\Zabbix Agent\\\\zabbix_agentd.exe\",\"parentCommandLine\":\"\\\"C:\\\\Program Files\\\\Zabbix Agent\\\\zabbix_agentd.exe\\\" --config \\\"C:\\\\Program Files\\\\Zabbix Agent\\\\zabbix_agentd.conf\\\"\",\"hashes\":\"MD5=52A2D1D53AB7B54E6107FD5ACBDFFB15,SHA256=99C8275678FE526419811BC64793F96B0D55627558DFBBF37E4B9A9C4EEE61E1,IMPHASH=BA9BA9BB26C1A2513FD776DAAC02773E\"}}}",
      "expect": {
        "alert": false
      },
      "category": "noise",
      "attack": null,
      "evasion": false,
      "expected_rule_id": 100251,
      "expected_level": 0,
      "mitre_id": null
    },
    {
      "name": "noise 480 | Zabbix | sc query W32Time",
      "event": "{\"win\":{\"system\":{\"providerName\":\"Microsoft-Windows-Sysmon\",\"providerGuid\":\"{5770385f-c22a-43e0-bf4c-06f5698ffbd9}\",\"eventID\":\"1\",\"version\":\"5\",\"level\":\"4\",\"task\":\"1\",\"opcode\":\"0\",\"keywords\":\"0x8000000000000000\",\"systemTime\":\"2026-08-19T10:39:29.009695117Z\",\"eventRecordID\":\"549579\",\"channel\":\"Microsoft-Windows-Sysmon/Operational\",\"computer\":\"kingslanding.sevenkingdoms.local\",\"severityValue\":\"INFORMATION\"},\"eventdata\":{\"utcTime\":\"2026-08-19 10:39:29.009\",\"processGuid\":\"{7c1463a2-9b19-b20f-d786-000000000007}\",\"processId\":\"6145\",\"image\":\"C:\\\\Windows\\\\System32\\\\cmd.exe\",\"commandLine\":\"cmd.exe /c \\\"sc query W32Time\\\"\",\"currentDirectory\":\"C:\\\\Windows\\\\system32\\\\\",\"user\":\"NT AUTHORITY\\\\SYSTEM\",\"parentProcessGuid\":\"{fc63b85c-6d40-c598-c4e6-000000000008}\",\"parentProcessId\":\"7788\",\"parentImage\":\"C:\\\\Program Files\\\\Zabbix Agent\\\\zabbix_agentd.exe\",\"parentCommandLine\":\"\\\"C:\\\\Program Files\\\\Zabbix Agent\\\\zabbix_agentd.exe\\\" --config \\\"C:\\\\Program Files\\\\Zabbix Agent\\\\zabbix_agentd.conf\\\"\",\"hashes\":\"MD5=AD4F0121E05E45568A2E62DF8F91BF81,SHA256=454CFEEA347FDC3F0ACB885CFB4B031166A2387FAB14C4D4A5008AE16181F80E,IMPHASH=D3F8F91898C22767183D2C65A8BA9A98\"}}}",
      "expect": {
        "alert": false
      },
      "category": "noise",
      "attack": null,
      "evasion": false,
      "expected_rule_id": 100251,
      "expected_level": 0,
      "mitre_id": null
    },
    {
      "name": "noise 481 | Zabbix | fsutil diskfree",
      "event": "{\"win\":{\"system\":{\"providerName\":\"Microsoft-Windows-Sysmon\",\"providerGuid\":\"{5770385f-c22a-43e0-bf4c-06f5698ffbd9}\",\"eventID\":\"1\",\"version\":\"5\",\"level\":\"4\",\"task\":\"1\",\"opcode\":\"0\",\"keywords\":\"0x8000000000000000\",\"systemTime\":\"2026-08-19T10:40:48.936417604Z\",\"eventRecordID\":\"549580\",\"channel\":\"Microsoft-Windows-Sysmon/Operational\",\"computer\":\"kingslanding.sevenkingdoms.local\",\"severityValue\":\"INFORMATION\"},\"eventdata\":{\"utcTime\":\"2026-08-19 10:40:48.936\",\"processGuid\":\"{7c1463a2-9b19-b20f-d786-000000000007}\",\"processId\":\"6145\",\"image\":\"C:\\\\Windows\\\\System32\\\\cmd.exe\",\"commandLine\":\"cmd.exe /c \\\"fsutil volume diskfree C:\\\"\",\"currentDirectory\":\"C:\\\\Windows\\\\system32\\\\\",\"user\":\"NT AUTHORITY\\\\SYSTEM\",\"parentProcessGuid\":\"{fc63b85c-6d40-c598-c4e6-000000000008}\",\"parentProcessId\":\"7788\",\"parentImage\":\"C:\\\\Program Files\\\\Zabbix Agent\\\\zabbix_agentd.exe\",\"parentCommandLine\":\"\\\"C:\\\\Program Files\\\\Zabbix Agent\\\\zabbix_agentd.exe\\\" --config \\\"C:\\\\Program Files\\\\Zabbix Agent\\\\zabbix_agentd.conf\\\"\",\"hashes\":\"MD5=AD4F0121E05E45568A2E62DF8F91BF81,SHA256=454CFEEA347FDC3F0ACB885CFB4B031166A2387FAB14C4D4A5008AE16181F80E,IMPHASH=D3F8F91898C22767183D2C65A8BA9A98\"}}}",
      "expect": {
        "alert": false
      },
      "category": "noise",
      "attack": null,
      "evasion": false,
      "expected_rule_id": 100251,
      "expected_level": 0,
      "mitre_id": null
    },
    {
      "name": "noise 482 | Zabbix | sc query W32Time",
      "event": "{\"win\":{\"system\":{\"providerName\":\"Microsoft-Windows-Sysmon\",\"providerGuid\":\"{5770385f-c22a-43e0-bf4c-06f5698ffbd9}\",\"eventID\":\"1\",\"version\":\"5\",\"level\":\"4\",\"task\":\"1\",\"opcode\":\"0\",\"keywords\":\"0x8000000000000000\",\"systemTime\":\"2026-08-19T10:41:42.491370251Z\",\"eventRecordID\":\"549581\",\"channel\":\"Microsoft-Windows-Sysmon/Operational\",\"computer\":\"kingslanding.sevenkingdoms.local\",\"severityValue\":\"INFORMATION\"},\"eventdata\":{\"utcTime\":\"2026-08-19 10:41:42.491\",\"processGuid\":\"{7c1463a2-9b19-b20f-d786-000000000007}\",\"processId\":\"6145\",\"image\":\"C:\\\\Windows\\\\System32\\\\cmd.exe\",\"commandLine\":\"cmd.exe /c \\\"sc query W32Time\\\"\",\"currentDirectory\":\"C:\\\\Windows\\\\system32\\\\\",\"user\":\"NT AUTHORITY\\\\SYSTEM\",\"parentProcessGuid\":\"{fc63b85c-6d40-c598-c4e6-000000000008}\",\"parentProcessId\":\"7788\",\"parentImage\":\"C:\\\\Program Files\\\\Zabbix Agent\\\\zabbix_agentd.exe\",\"parentCommandLine\":\"\\\"C:\\\\Program Files\\\\Zabbix Agent\\\\zabbix_agentd.exe\\\" --config \\\"C:\\\\Program Files\\\\Zabbix Agent\\\\zabbix_agentd.conf\\\"\",\"hashes\":\"MD5=AD4F0121E05E45568A2E62DF8F91BF81,SHA256=454CFEEA347FDC3F0ACB885CFB4B031166A2387FAB14C4D4A5008AE16181F80E,IMPHASH=D3F8F91898C22767183D2C65A8BA9A98\"}}}",
      "expect": {
        "alert": false
      },
      "category": "noise",
      "attack": null,
      "evasion": false,
      "expected_rule_id": 100251,
      "expected_level": 0,
      "mitre_id": null
    },
    {
      "name": "noise 483 | Zabbix | sc query WinRM",
      "event": "{\"win\":{\"system\":{\"providerName\":\"Microsoft-Windows-Sysmon\",\"providerGuid\":\"{5770385f-c22a-43e0-bf4c-06f5698ffbd9}\",\"eventID\":\"1\",\"version\":\"5\",\"level\":\"4\",\"task\":\"1\",\"opcode\":\"0\",\"keywords\":\"0x8000000000000000\",\"systemTime\":\"2026-08-19T10:43:49.733237022Z\",\"eventRecordID\":\"549582\",\"channel\":\"Microsoft-Windows-Sysmon/Operational\",\"computer\":\"kingslanding.sevenkingdoms.local\",\"severityValue\":\"INFORMATION\"},\"eventdata\":{\"utcTime\":\"2026-08-19 10:43:49.733\",\"processGuid\":\"{7c1463a2-9b19-b20f-d786-000000000007}\",\"processId\":\"6145\",\"image\":\"C:\\\\Windows\\\\System32\\\\cmd.exe\",\"commandLine\":\"cmd.exe /c \\\"sc query WinRM\\\"\",\"currentDirectory\":\"C:\\\\Windows\\\\system32\\\\\",\"user\":\"NT AUTHORITY\\\\SYSTEM\",\"parentProcessGuid\":\"{fc63b85c-6d40-c598-c4e6-000000000008}\",\"parentProcessId\":\"7788\",\"parentImage\":\"C:\\\\Program Files\\\\Zabbix Agent\\\\zabbix_agentd.exe\",\"parentCommandLine\":\"\\\"C:\\\\Program Files\\\\Zabbix Agent\\\\zabbix_agentd.exe\\\" --config \\\"C:\\\\Program Files\\\\Zabbix Agent\\\\zabbix_agentd.conf\\\"\",\"hashes\":\"MD5=AD4F0121E05E45568A2E62DF8F91BF81,SHA256=454CFEEA347FDC3F0ACB885CFB4B031166A2387FAB14C4D4A5008AE16181F80E,IMPHASH=D3F8F91898C22767183D2C65A8BA9A98\"}}}",
      "expect": {
        "alert": false
      },
      "category": "noise",
      "attack": null,
      "evasion": false,
      "expected_rule_id": 100251,
      "expected_level": 0,
      "mitre_id": null
    },
    {
      "name": "noise 484 | Zabbix | Get-EventLog",
      "event": "{\"win\":{\"system\":{\"providerName\":\"Microsoft-Windows-Sysmon\",\"providerGuid\":\"{5770385f-c22a-43e0-bf4c-06f5698ffbd9}\",\"eventID\":\"1\",\"version\":\"5\",\"level\":\"4\",\"task\":\"1\",\"opcode\":\"0\",\"keywords\":\"0x8000000000000000\",\"systemTime\":\"2026-08-19T10:45:02.579391590Z\",\"eventRecordID\":\"549583\",\"channel\":\"Microsoft-Windows-Sysmon/Operational\",\"computer\":\"kingslanding.sevenkingdoms.local\",\"severityValue\":\"INFORMATION\"},\"eventdata\":{\"utcTime\":\"2026-08-19 10:45:02.579\",\"processGuid\":\"{559c528a-1735-ebee-6751-000000000009}\",\"processId\":\"3973\",\"image\":\"C:\\\\Windows\\\\System32\\\\WindowsPowerShell\\\\v1.0\\\\powershell.exe\",\"commandLine\":\"powershell.exe -NoProfile -Command \\\"Get-EventLog -LogName System -Newest 10\\\"\",\"currentDirectory\":\"C:\\\\Windows\\\\system32\\\\\",\"user\":\"NT AUTHORITY\\\\SYSTEM\",\"parentProcessGuid\":\"{fc63b85c-6d40-c598-c4e6-000000000008}\",\"parentProcessId\":\"7788\",\"parentImage\":\"C:\\\\Program Files\\\\Zabbix Agent\\\\zabbix_agentd.exe\",\"parentCommandLine\":\"\\\"C:\\\\Program Files\\\\Zabbix Agent\\\\zabbix_agentd.exe\\\" --config \\\"C:\\\\Program Files\\\\Zabbix Agent\\\\zabbix_agentd.conf\\\"\",\"hashes\":\"MD5=52A2D1D53AB7B54E6107FD5ACBDFFB15,SHA256=99C8275678FE526419811BC64793F96B0D55627558DFBBF37E4B9A9C4EEE61E1,IMPHASH=BA9BA9BB26C1A2513FD776DAAC02773E\"}}}",
      "expect": {
        "alert": false
      },
      "category": "noise",
      "attack": null,
      "evasion": false,
      "expected_rule_id": 100251,
      "expected_level": 0,
      "mitre_id": null
    },
    {
      "name": "noise 485 | Zabbix | sc query WinRM",
      "event": "{\"win\":{\"system\":{\"providerName\":\"Microsoft-Windows-Sysmon\",\"providerGuid\":\"{5770385f-c22a-43e0-bf4c-06f5698ffbd9}\",\"eventID\":\"1\",\"version\":\"5\",\"level\":\"4\",\"task\":\"1\",\"opcode\":\"0\",\"keywords\":\"0x8000000000000000\",\"systemTime\":\"2026-08-19T10:46:26.597301365Z\",\"eventRecordID\":\"549584\",\"channel\":\"Microsoft-Windows-Sysmon/Operational\",\"computer\":\"kingslanding.sevenkingdoms.local\",\"severityValue\":\"INFORMATION\"},\"eventdata\":{\"utcTime\":\"2026-08-19 10:46:26.597\",\"processGuid\":\"{7c1463a2-9b19-b20f-d786-000000000007}\",\"processId\":\"6145\",\"image\":\"C:\\\\Windows\\\\System32\\\\cmd.exe\",\"commandLine\":\"cmd.exe /c \\\"sc query WinRM\\\"\",\"currentDirectory\":\"C:\\\\Windows\\\\system32\\\\\",\"user\":\"NT AUTHORITY\\\\SYSTEM\",\"parentProcessGuid\":\"{fc63b85c-6d40-c598-c4e6-000000000008}\",\"parentProcessId\":\"7788\",\"parentImage\":\"C:\\\\Program Files\\\\Zabbix Agent\\\\zabbix_agentd.exe\",\"parentCommandLine\":\"\\\"C:\\\\Program Files\\\\Zabbix Agent\\\\zabbix_agentd.exe\\\" --config \\\"C:\\\\Program Files\\\\Zabbix Agent\\\\zabbix_agentd.conf\\\"\",\"hashes\":\"MD5=AD4F0121E05E45568A2E62DF8F91BF81,SHA256=454CFEEA347FDC3F0ACB885CFB4B031166A2387FAB14C4D4A5008AE16181F80E,IMPHASH=D3F8F91898C22767183D2C65A8BA9A98\"}}}",
      "expect": {
        "alert": false
      },
      "category": "noise",
      "attack": null,
      "evasion": false,
      "expected_rule_id": 100251,
      "expected_level": 0,
      "mitre_id": null
    },
    {
      "name": "noise 486 | Zabbix | tasklist zabbix",
      "event": "{\"win\":{\"system\":{\"providerName\":\"Microsoft-Windows-Sysmon\",\"providerGuid\":\"{5770385f-c22a-43e0-bf4c-06f5698ffbd9}\",\"eventID\":\"1\",\"version\":\"5\",\"level\":\"4\",\"task\":\"1\",\"opcode\":\"0\",\"keywords\":\"0x8000000000000000\",\"systemTime\":\"2026-08-19T10:48:01.222983874Z\",\"eventRecordID\":\"549585\",\"channel\":\"Microsoft-Windows-Sysmon/Operational\",\"computer\":\"kingslanding.sevenkingdoms.local\",\"severityValue\":\"INFORMATION\"},\"eventdata\":{\"utcTime\":\"2026-08-19 10:48:01.222\",\"processGuid\":\"{7c1463a2-9b19-b20f-d786-000000000007}\",\"processId\":\"6145\",\"image\":\"C:\\\\Windows\\\\System32\\\\cmd.exe\",\"commandLine\":\"cmd.exe /c tasklist /FI \\\"IMAGENAME eq zabbix_agentd.exe\\\"\",\"currentDirectory\":\"C:\\\\Windows\\\\system32\\\\\",\"user\":\"NT AUTHORITY\\\\SYSTEM\",\"parentProcessGuid\":\"{fc63b85c-6d40-c598-c4e6-000000000008}\",\"parentProcessId\":\"7788\",\"parentImage\":\"C:\\\\Program Files\\\\Zabbix Agent\\\\zabbix_agentd.exe\",\"parentCommandLine\":\"\\\"C:\\\\Program Files\\\\Zabbix Agent\\\\zabbix_agentd.exe\\\" --config \\\"C:\\\\Program Files\\\\Zabbix Agent\\\\zabbix_agentd.conf\\\"\",\"hashes\":\"MD5=AD4F0121E05E45568A2E62DF8F91BF81,SHA256=454CFEEA347FDC3F0ACB885CFB4B031166A2387FAB14C4D4A5008AE16181F80E,IMPHASH=D3F8F91898C22767183D2C65A8BA9A98\"}}}",
      "expect": {
        "alert": false
      },
      "category": "noise",
      "attack": null,
      "evasion": false,
      "expected_rule_id": 100251,
      "expected_level": 0,
      "mitre_id": null
    },
    {
      "name": "noise 487 | Zabbix | sc query WinRM",
      "event": "{\"win\":{\"system\":{\"providerName\":\"Microsoft-Windows-Sysmon\",\"providerGuid\":\"{5770385f-c22a-43e0-bf4c-06f5698ffbd9}\",\"eventID\":\"1\",\"version\":\"5\",\"level\":\"4\",\"task\":\"1\",\"opcode\":\"0\",\"keywords\":\"0x8000000000000000\",\"systemTime\":\"2026-08-19T10:48:54.090574830Z\",\"eventRecordID\":\"549586\",\"channel\":\"Microsoft-Windows-Sysmon/Operational\",\"computer\":\"kingslanding.sevenkingdoms.local\",\"severityValue\":\"INFORMATION\"},\"eventdata\":{\"utcTime\":\"2026-08-19 10:48:54.090\",\"processGuid\":\"{7c1463a2-9b19-b20f-d786-000000000007}\",\"processId\":\"6145\",\"image\":\"C:\\\\Windows\\\\System32\\\\cmd.exe\",\"commandLine\":\"cmd.exe /c \\\"sc query WinRM\\\"\",\"currentDirectory\":\"C:\\\\Windows\\\\system32\\\\\",\"user\":\"NT AUTHORITY\\\\SYSTEM\",\"parentProcessGuid\":\"{fc63b85c-6d40-c598-c4e6-000000000008}\",\"parentProcessId\":\"7788\",\"parentImage\":\"C:\\\\Program Files\\\\Zabbix Agent\\\\zabbix_agentd.exe\",\"parentCommandLine\":\"\\\"C:\\\\Program Files\\\\Zabbix Agent\\\\zabbix_agentd.exe\\\" --config \\\"C:\\\\Program Files\\\\Zabbix Agent\\\\zabbix_agentd.conf\\\"\",\"hashes\":\"MD5=AD4F0121E05E45568A2E62DF8F91BF81,SHA256=454CFEEA347FDC3F0ACB885CFB4B031166A2387FAB14C4D4A5008AE16181F80E,IMPHASH=D3F8F91898C22767183D2C65A8BA9A98\"}}}",
      "expect": {
        "alert": false
      },
      "category": "noise",
      "attack": null,
      "evasion": false,
      "expected_rule_id": 100251,
      "expected_level": 0,
      "mitre_id": null
    },
    {
      "name": "noise 488 | Zabbix | sc query W32Time",
      "event": "{\"win\":{\"system\":{\"providerName\":\"Microsoft-Windows-Sysmon\",\"providerGuid\":\"{5770385f-c22a-43e0-bf4c-06f5698ffbd9}\",\"eventID\":\"1\",\"version\":\"5\",\"level\":\"4\",\"task\":\"1\",\"opcode\":\"0\",\"keywords\":\"0x8000000000000000\",\"systemTime\":\"2026-08-19T10:50:25.475396197Z\",\"eventRecordID\":\"549587\",\"channel\":\"Microsoft-Windows-Sysmon/Operational\",\"computer\":\"kingslanding.sevenkingdoms.local\",\"severityValue\":\"INFORMATION\"},\"eventdata\":{\"utcTime\":\"2026-08-19 10:50:25.475\",\"processGuid\":\"{7c1463a2-9b19-b20f-d786-000000000007}\",\"processId\":\"6145\",\"image\":\"C:\\\\Windows\\\\System32\\\\cmd.exe\",\"commandLine\":\"cmd.exe /c \\\"sc query W32Time\\\"\",\"currentDirectory\":\"C:\\\\Windows\\\\system32\\\\\",\"user\":\"NT AUTHORITY\\\\SYSTEM\",\"parentProcessGuid\":\"{fc63b85c-6d40-c598-c4e6-000000000008}\",\"parentProcessId\":\"7788\",\"parentImage\":\"C:\\\\Program Files\\\\Zabbix Agent\\\\zabbix_agentd.exe\",\"parentCommandLine\":\"\\\"C:\\\\Program Files\\\\Zabbix Agent\\\\zabbix_agentd.exe\\\" --config \\\"C:\\\\Program Files\\\\Zabbix Agent\\\\zabbix_agentd.conf\\\"\",\"hashes\":\"MD5=AD4F0121E05E45568A2E62DF8F91BF81,SHA256=454CFEEA347FDC3F0ACB885CFB4B031166A2387FAB14C4D4A5008AE16181F80E,IMPHASH=D3F8F91898C22767183D2C65A8BA9A98\"}}}",
      "expect": {
        "alert": false
      },
      "category": "noise",
      "attack": null,
      "evasion": false,
      "expected_rule_id": 100251,
      "expected_level": 0,
      "mitre_id": null
    },
    {
      "name": "noise 489 | Zabbix | sc query W32Time",
      "event": "{\"win\":{\"system\":{\"providerName\":\"Microsoft-Windows-Sysmon\",\"providerGuid\":\"{5770385f-c22a-43e0-bf4c-06f5698ffbd9}\",\"eventID\":\"1\",\"version\":\"5\",\"level\":\"4\",\"task\":\"1\",\"opcode\":\"0\",\"keywords\":\"0x8000000000000000\",\"systemTime\":\"2026-08-19T10:52:13.788407249Z\",\"eventRecordID\":\"549588\",\"channel\":\"Microsoft-Windows-Sysmon/Operational\",\"computer\":\"kingslanding.sevenkingdoms.local\",\"severityValue\":\"INFORMATION\"},\"eventdata\":{\"utcTime\":\"2026-08-19 10:52:13.788\",\"processGuid\":\"{7c1463a2-9b19-b20f-d786-000000000007}\",\"processId\":\"6145\",\"image\":\"C:\\\\Windows\\\\System32\\\\cmd.exe\",\"commandLine\":\"cmd.exe /c \\\"sc query W32Time\\\"\",\"currentDirectory\":\"C:\\\\Windows\\\\system32\\\\\",\"user\":\"NT AUTHORITY\\\\SYSTEM\",\"parentProcessGuid\":\"{fc63b85c-6d40-c598-c4e6-000000000008}\",\"parentProcessId\":\"7788\",\"parentImage\":\"C:\\\\Program Files\\\\Zabbix Agent\\\\zabbix_agentd.exe\",\"parentCommandLine\":\"\\\"C:\\\\Program Files\\\\Zabbix Agent\\\\zabbix_agentd.exe\\\" --config \\\"C:\\\\Program Files\\\\Zabbix Agent\\\\zabbix_agentd.conf\\\"\",\"hashes\":\"MD5=AD4F0121E05E45568A2E62DF8F91BF81,SHA256=454CFEEA347FDC3F0ACB885CFB4B031166A2387FAB14C4D4A5008AE16181F80E,IMPHASH=D3F8F91898C22767183D2C65A8BA9A98\"}}}",
      "expect": {
        "alert": false
      },
      "category": "noise",
      "attack": null,
      "evasion": false,
      "expected_rule_id": 100251,
      "expected_level": 0,
      "mitre_id": null
    },
    {
      "name": "noise 490 | Zabbix | sc query WinRM",
      "event": "{\"win\":{\"system\":{\"providerName\":\"Microsoft-Windows-Sysmon\",\"providerGuid\":\"{5770385f-c22a-43e0-bf4c-06f5698ffbd9}\",\"eventID\":\"1\",\"version\":\"5\",\"level\":\"4\",\"task\":\"1\",\"opcode\":\"0\",\"keywords\":\"0x8000000000000000\",\"systemTime\":\"2026-08-19T10:52:56.427960479Z\",\"eventRecordID\":\"549589\",\"channel\":\"Microsoft-Windows-Sysmon/Operational\",\"computer\":\"kingslanding.sevenkingdoms.local\",\"severityValue\":\"INFORMATION\"},\"eventdata\":{\"utcTime\":\"2026-08-19 10:52:56.427\",\"processGuid\":\"{7c1463a2-9b19-b20f-d786-000000000007}\",\"processId\":\"6145\",\"image\":\"C:\\\\Windows\\\\System32\\\\cmd.exe\",\"commandLine\":\"cmd.exe /c \\\"sc query WinRM\\\"\",\"currentDirectory\":\"C:\\\\Windows\\\\system32\\\\\",\"user\":\"NT AUTHORITY\\\\SYSTEM\",\"parentProcessGuid\":\"{fc63b85c-6d40-c598-c4e6-000000000008}\",\"parentProcessId\":\"7788\",\"parentImage\":\"C:\\\\Program Files\\\\Zabbix Agent\\\\zabbix_agentd.exe\",\"parentCommandLine\":\"\\\"C:\\\\Program Files\\\\Zabbix Agent\\\\zabbix_agentd.exe\\\" --config \\\"C:\\\\Program Files\\\\Zabbix Agent\\\\zabbix_agentd.conf\\\"\",\"hashes\":\"MD5=AD4F0121E05E45568A2E62DF8F91BF81,SHA256=454CFEEA347FDC3F0ACB885CFB4B031166A2387FAB14C4D4A5008AE16181F80E,IMPHASH=D3F8F91898C22767183D2C65A8BA9A98\"}}}",
      "expect": {
        "alert": false
      },
      "category": "noise",
      "attack": null,
      "evasion": false,
      "expected_rule_id": 100251,
      "expected_level": 0,
      "mitre_id": null
    },
    {
      "name": "noise 491 | Zabbix | Get-EventLog",
      "event": "{\"win\":{\"system\":{\"providerName\":\"Microsoft-Windows-Sysmon\",\"providerGuid\":\"{5770385f-c22a-43e0-bf4c-06f5698ffbd9}\",\"eventID\":\"1\",\"version\":\"5\",\"level\":\"4\",\"task\":\"1\",\"opcode\":\"0\",\"keywords\":\"0x8000000000000000\",\"systemTime\":\"2026-08-19T10:54:12.715304591Z\",\"eventRecordID\":\"549590\",\"channel\":\"Microsoft-Windows-Sysmon/Operational\",\"computer\":\"kingslanding.sevenkingdoms.local\",\"severityValue\":\"INFORMATION\"},\"eventdata\":{\"utcTime\":\"2026-08-19 10:54:12.715\",\"processGuid\":\"{559c528a-1735-ebee-6751-000000000009}\",\"processId\":\"3973\",\"image\":\"C:\\\\Windows\\\\System32\\\\WindowsPowerShell\\\\v1.0\\\\powershell.exe\",\"commandLine\":\"powershell.exe -NoProfile -Command \\\"Get-EventLog -LogName System -Newest 10\\\"\",\"currentDirectory\":\"C:\\\\Windows\\\\system32\\\\\",\"user\":\"NT AUTHORITY\\\\SYSTEM\",\"parentProcessGuid\":\"{fc63b85c-6d40-c598-c4e6-000000000008}\",\"parentProcessId\":\"7788\",\"parentImage\":\"C:\\\\Program Files\\\\Zabbix Agent\\\\zabbix_agentd.exe\",\"parentCommandLine\":\"\\\"C:\\\\Program Files\\\\Zabbix Agent\\\\zabbix_agentd.exe\\\" --config \\\"C:\\\\Program Files\\\\Zabbix Agent\\\\zabbix_agentd.conf\\\"\",\"hashes\":\"MD5=52A2D1D53AB7B54E6107FD5ACBDFFB15,SHA256=99C8275678FE526419811BC64793F96B0D55627558DFBBF37E4B9A9C4EEE61E1,IMPHASH=BA9BA9BB26C1A2513FD776DAAC02773E\"}}}",
      "expect": {
        "alert": false
      },
      "category": "noise",
      "attack": null,
      "evasion": false,
      "expected_rule_id": 100251,
      "expected_level": 0,
      "mitre_id": null
    },
    {
      "name": "noise 492 | Zabbix | Get-Service stopped",
      "event": "{\"win\":{\"system\":{\"providerName\":\"Microsoft-Windows-Sysmon\",\"providerGuid\":\"{5770385f-c22a-43e0-bf4c-06f5698ffbd9}\",\"eventID\":\"1\",\"version\":\"5\",\"level\":\"4\",\"task\":\"1\",\"opcode\":\"0\",\"keywords\":\"0x8000000000000000\",\"systemTime\":\"2026-08-19T10:55:54.175508376Z\",\"eventRecordID\":\"549591\",\"channel\":\"Microsoft-Windows-Sysmon/Operational\",\"computer\":\"kingslanding.sevenkingdoms.local\",\"severityValue\":\"INFORMATION\"},\"eventdata\":{\"utcTime\":\"2026-08-19 10:55:54.175\",\"processGuid\":\"{559c528a-1735-ebee-6751-000000000009}\",\"processId\":\"3973\",\"image\":\"C:\\\\Windows\\\\System32\\\\WindowsPowerShell\\\\v1.0\\\\powershell.exe\",\"commandLine\":\"powershell.exe -NoProfile -Command \\\"Get-Service | Where-Object {$_.Status -eq 'Stopped'}\\\"\",\"currentDirectory\":\"C:\\\\Windows\\\\system32\\\\\",\"user\":\"NT AUTHORITY\\\\SYSTEM\",\"parentProcessGuid\":\"{fc63b85c-6d40-c598-c4e6-000000000008}\",\"parentProcessId\":\"7788\",\"parentImage\":\"C:\\\\Program Files\\\\Zabbix Agent\\\\zabbix_agentd.exe\",\"parentCommandLine\":\"\\\"C:\\\\Program Files\\\\Zabbix Agent\\\\zabbix_agentd.exe\\\" --config \\\"C:\\\\Program Files\\\\Zabbix Agent\\\\zabbix_agentd.conf\\\"\",\"hashes\":\"MD5=52A2D1D53AB7B54E6107FD5ACBDFFB15,SHA256=99C8275678FE526419811BC64793F96B0D55627558DFBBF37E4B9A9C4EEE61E1,IMPHASH=BA9BA9BB26C1A2513FD776DAAC02773E\"}}}",
      "expect": {
        "alert": false
      },
      "category": "noise",
      "attack": null,
      "evasion": false,
      "expected_rule_id": 100251,
      "expected_level": 0,
      "mitre_id": null
    },
    {
      "name": "noise 493 | Zabbix | Get-EventLog",
      "event": "{\"win\":{\"system\":{\"providerName\":\"Microsoft-Windows-Sysmon\",\"providerGuid\":\"{5770385f-c22a-43e0-bf4c-06f5698ffbd9}\",\"eventID\":\"1\",\"version\":\"5\",\"level\":\"4\",\"task\":\"1\",\"opcode\":\"0\",\"keywords\":\"0x8000000000000000\",\"systemTime\":\"2026-08-19T10:57:02.955973916Z\",\"eventRecordID\":\"549592\",\"channel\":\"Microsoft-Windows-Sysmon/Operational\",\"computer\":\"kingslanding.sevenkingdoms.local\",\"severityValue\":\"INFORMATION\"},\"eventdata\":{\"utcTime\":\"2026-08-19 10:57:02.955\",\"processGuid\":\"{559c528a-1735-ebee-6751-000000000009}\",\"processId\":\"3973\",\"image\":\"C:\\\\Windows\\\\System32\\\\WindowsPowerShell\\\\v1.0\\\\powershell.exe\",\"commandLine\":\"powershell.exe -NoProfile -Command \\\"Get-EventLog -LogName System -Newest 10\\\"\",\"currentDirectory\":\"C:\\\\Windows\\\\system32\\\\\",\"user\":\"NT AUTHORITY\\\\SYSTEM\",\"parentProcessGuid\":\"{fc63b85c-6d40-c598-c4e6-000000000008}\",\"parentProcessId\":\"7788\",\"parentImage\":\"C:\\\\Program Files\\\\Zabbix Agent\\\\zabbix_agentd.exe\",\"parentCommandLine\":\"\\\"C:\\\\Program Files\\\\Zabbix Agent\\\\zabbix_agentd.exe\\\" --config \\\"C:\\\\Program Files\\\\Zabbix Agent\\\\zabbix_agentd.conf\\\"\",\"hashes\":\"MD5=52A2D1D53AB7B54E6107FD5ACBDFFB15,SHA256=99C8275678FE526419811BC64793F96B0D55627558DFBBF37E4B9A9C4EEE61E1,IMPHASH=BA9BA9BB26C1A2513FD776DAAC02773E\"}}}",
      "expect": {
        "alert": false
      },
      "category": "noise",
      "attack": null,
      "evasion": false,
      "expected_rule_id": 100251,
      "expected_level": 0,
      "mitre_id": null
    },
    {
      "name": "noise 494 | Zabbix | Get-EventLog",
      "event": "{\"win\":{\"system\":{\"providerName\":\"Microsoft-Windows-Sysmon\",\"providerGuid\":\"{5770385f-c22a-43e0-bf4c-06f5698ffbd9}\",\"eventID\":\"1\",\"version\":\"5\",\"level\":\"4\",\"task\":\"1\",\"opcode\":\"0\",\"keywords\":\"0x8000000000000000\",\"systemTime\":\"2026-08-19T10:58:28.435142415Z\",\"eventRecordID\":\"549593\",\"channel\":\"Microsoft-Windows-Sysmon/Operational\",\"computer\":\"kingslanding.sevenkingdoms.local\",\"severityValue\":\"INFORMATION\"},\"eventdata\":{\"utcTime\":\"2026-08-19 10:58:28.435\",\"processGuid\":\"{559c528a-1735-ebee-6751-000000000009}\",\"processId\":\"3973\",\"image\":\"C:\\\\Windows\\\\System32\\\\WindowsPowerShell\\\\v1.0\\\\powershell.exe\",\"commandLine\":\"powershell.exe -NoProfile -Command \\\"Get-EventLog -LogName System -Newest 10\\\"\",\"currentDirectory\":\"C:\\\\Windows\\\\system32\\\\\",\"user\":\"NT AUTHORITY\\\\SYSTEM\",\"parentProcessGuid\":\"{fc63b85c-6d40-c598-c4e6-000000000008}\",\"parentProcessId\":\"7788\",\"parentImage\":\"C:\\\\Program Files\\\\Zabbix Agent\\\\zabbix_agentd.exe\",\"parentCommandLine\":\"\\\"C:\\\\Program Files\\\\Zabbix Agent\\\\zabbix_agentd.exe\\\" --config \\\"C:\\\\Program Files\\\\Zabbix Agent\\\\zabbix_agentd.conf\\\"\",\"hashes\":\"MD5=52A2D1D53AB7B54E6107FD5ACBDFFB15,SHA256=99C8275678FE526419811BC64793F96B0D55627558DFBBF37E4B9A9C4EEE61E1,IMPHASH=BA9BA9BB26C1A2513FD776DAAC02773E\"}}}",
      "expect": {
        "alert": false
      },
      "category": "noise",
      "attack": null,
      "evasion": false,
      "expected_rule_id": 100251,
      "expected_level": 0,
      "mitre_id": null
    },
    {
      "name": "noise 495 | Zabbix | net start spooler",
      "event": "{\"win\":{\"system\":{\"providerName\":\"Microsoft-Windows-Sysmon\",\"providerGuid\":\"{5770385f-c22a-43e0-bf4c-06f5698ffbd9}\",\"eventID\":\"1\",\"version\":\"5\",\"level\":\"4\",\"task\":\"1\",\"opcode\":\"0\",\"keywords\":\"0x8000000000000000\",\"systemTime\":\"2026-08-19T10:59:31.460335838Z\",\"eventRecordID\":\"549594\",\"channel\":\"Microsoft-Windows-Sysmon/Operational\",\"computer\":\"kingslanding.sevenkingdoms.local\",\"severityValue\":\"INFORMATION\"},\"eventdata\":{\"utcTime\":\"2026-08-19 10:59:31.460\",\"processGuid\":\"{7c1463a2-9b19-b20f-d786-000000000007}\",\"processId\":\"6145\",\"image\":\"C:\\\\Windows\\\\System32\\\\cmd.exe\",\"commandLine\":\"cmd.exe /c \\\"net start | findstr /I spooler\\\"\",\"currentDirectory\":\"C:\\\\Windows\\\\system32\\\\\",\"user\":\"NT AUTHORITY\\\\SYSTEM\",\"parentProcessGuid\":\"{fc63b85c-6d40-c598-c4e6-000000000008}\",\"parentProcessId\":\"7788\",\"parentImage\":\"C:\\\\Program Files\\\\Zabbix Agent\\\\zabbix_agentd.exe\",\"parentCommandLine\":\"\\\"C:\\\\Program Files\\\\Zabbix Agent\\\\zabbix_agentd.exe\\\" --config \\\"C:\\\\Program Files\\\\Zabbix Agent\\\\zabbix_agentd.conf\\\"\",\"hashes\":\"MD5=AD4F0121E05E45568A2E62DF8F91BF81,SHA256=454CFEEA347FDC3F0ACB885CFB4B031166A2387FAB14C4D4A5008AE16181F80E,IMPHASH=D3F8F91898C22767183D2C65A8BA9A98\"}}}",
      "expect": {
        "alert": false
      },
      "category": "noise",
      "attack": null,
      "evasion": false,
      "expected_rule_id": 100251,
      "expected_level": 0,
      "mitre_id": null
    },
    {
      "name": "noise 496 | Zabbix | Get-Process top",
      "event": "{\"win\":{\"system\":{\"providerName\":\"Microsoft-Windows-Sysmon\",\"providerGuid\":\"{5770385f-c22a-43e0-bf4c-06f5698ffbd9}\",\"eventID\":\"1\",\"version\":\"5\",\"level\":\"4\",\"task\":\"1\",\"opcode\":\"0\",\"keywords\":\"0x8000000000000000\",\"systemTime\":\"2026-08-19T11:01:25.444325722Z\",\"eventRecordID\":\"549595\",\"channel\":\"Microsoft-Windows-Sysmon/Operational\",\"computer\":\"kingslanding.sevenkingdoms.local\",\"severityValue\":\"INFORMATION\"},\"eventdata\":{\"utcTime\":\"2026-08-19 11:01:25.444\",\"processGuid\":\"{559c528a-1735-ebee-6751-000000000009}\",\"processId\":\"3973\",\"image\":\"C:\\\\Windows\\\\System32\\\\WindowsPowerShell\\\\v1.0\\\\powershell.exe\",\"commandLine\":\"powershell.exe -NoProfile -Command \\\"Get-Process | Sort-Object CPU -Descending | Select-Object -First 5\\\"\",\"currentDirectory\":\"C:\\\\Windows\\\\system32\\\\\",\"user\":\"NT AUTHORITY\\\\SYSTEM\",\"parentProcessGuid\":\"{fc63b85c-6d40-c598-c4e6-000000000008}\",\"parentProcessId\":\"7788\",\"parentImage\":\"C:\\\\Program Files\\\\Zabbix Agent\\\\zabbix_agentd.exe\",\"parentCommandLine\":\"\\\"C:\\\\Program Files\\\\Zabbix Agent\\\\zabbix_agentd.exe\\\" --config \\\"C:\\\\Program Files\\\\Zabbix Agent\\\\zabbix_agentd.conf\\\"\",\"hashes\":\"MD5=52A2D1D53AB7B54E6107FD5ACBDFFB15,SHA256=99C8275678FE526419811BC64793F96B0D55627558DFBBF37E4B9A9C4EEE61E1,IMPHASH=BA9BA9BB26C1A2513FD776DAAC02773E\"}}}",
      "expect": {
        "alert": false
      },
      "category": "noise",
      "attack": null,
      "evasion": false,
      "expected_rule_id": 100251,
      "expected_level": 0,
      "mitre_id": null
    },
    {
      "name": "noise 497 | Zabbix | typeperf cpu",
      "event": "{\"win\":{\"system\":{\"providerName\":\"Microsoft-Windows-Sysmon\",\"providerGuid\":\"{5770385f-c22a-43e0-bf4c-06f5698ffbd9}\",\"eventID\":\"1\",\"version\":\"5\",\"level\":\"4\",\"task\":\"1\",\"opcode\":\"0\",\"keywords\":\"0x8000000000000000\",\"systemTime\":\"2026-08-19T11:02:01.969336042Z\",\"eventRecordID\":\"549596\",\"channel\":\"Microsoft-Windows-Sysmon/Operational\",\"computer\":\"kingslanding.sevenkingdoms.local\",\"severityValue\":\"INFORMATION\"},\"eventdata\":{\"utcTime\":\"2026-08-19 11:02:01.969\",\"processGuid\":\"{7c1463a2-9b19-b20f-d786-000000000007}\",\"processId\":\"6145\",\"image\":\"C:\\\\Windows\\\\System32\\\\cmd.exe\",\"commandLine\":\"cmd.exe /c typeperf \\\"\\\\Processor(_Total)\\\\% Processor Time\\\" -sc 1\",\"currentDirectory\":\"C:\\\\Windows\\\\system32\\\\\",\"user\":\"NT AUTHORITY\\\\SYSTEM\",\"parentProcessGuid\":\"{fc63b85c-6d40-c598-c4e6-000000000008}\",\"parentProcessId\":\"7788\",\"parentImage\":\"C:\\\\Program Files\\\\Zabbix Agent\\\\zabbix_agentd.exe\",\"parentCommandLine\":\"\\\"C:\\\\Program Files\\\\Zabbix Agent\\\\zabbix_agentd.exe\\\" --config \\\"C:\\\\Program Files\\\\Zabbix Agent\\\\zabbix_agentd.conf\\\"\",\"hashes\":\"MD5=AD4F0121E05E45568A2E62DF8F91BF81,SHA256=454CFEEA347FDC3F0ACB885CFB4B031166A2387FAB14C4D4A5008AE16181F80E,IMPHASH=D3F8F91898C22767183D2C65A8BA9A98\"}}}",
      "expect": {
        "alert": false
      },
      "category": "noise",
      "attack": null,
      "evasion": false,
      "expected_rule_id": 100251,
      "expected_level": 0,
      "mitre_id": null
    },
