    {
      "name": "noise 226 | SCCM | cmd wmic products",
      "event": "{\"win\":{\"system\":{\"providerName\":\"Microsoft-Windows-Sysmon\",\"providerGuid\":\"{5770385f-c22a-43e0-bf4c-06f5698ffbd9}\",\"eventID\":\"1\",\"version\":\"5\",\"level\":\"4\",\"task\":\"1\",\"opcode\":\"0\",\"keywords\":\"0x8000000000000000\",\"systemTime\":\"2026-08-19T05:01:27.090973032Z\",\"eventRecordID\":\"549325\",\"channel\":\"Microsoft-Windows-Sysmon/Operational\",\"computer\":\"kingslanding.sevenkingdoms.local\",\"severityValue\":\"INFORMATION\"},\"eventdata\":{\"utcTime\":\"2026-08-19 05:01:27.090\",\"processGuid\":\"{11491d82-c4b3-35a1-0a67-000000000003}\",\"processId\":\"6145\",\"image\":\"C:\\\\Windows\\\\System32\\\\cmd.exe\",\"commandLine\":\"cmd.exe /c wmic path win32_product get name\",\"currentDirectory\":\"C:\\\\Windows\\\\system32\\\\\",\"user\":\"NT AUTHORITY\\\\SYSTEM\",\"parentProcessGuid\":\"{03999d84-8c2e-7bbe-702b-000000000002}\",\"parentProcessId\":\"2356\",\"parentImage\":\"C:\\\\Windows\\\\CCM\\\\CcmExec.exe\",\"parentCommandLine\":\"\\\"C:\\\\Windows\\\\CCM\\\\CcmExec.exe\\\" -service -redirectWindowsUpdateLog\",\"hashes\":\"MD5=AD4F0121E05E45568A2E62DF8F91BF81,SHA256=454CFEEA347FDC3F0ACB885CFB4B031166A2387FAB14C4D4A5008AE16181F80E,IMPHASH=D3F8F91898C22767183D2C65A8BA9A98\"}}}",
      "expect": {
        "alert": false
      },
      "category": "noise",
      "attack": null,
      "evasion": false,
      "expected_rule_id": 100251,
      "expected_level": 0,
      "mitre_id": null
    },
    {
      "name": "noise 227 | SCCM | powershell Get-CimInstance",
      "event": "{\"win\":{\"system\":{\"providerName\":\"Microsoft-Windows-Sysmon\",\"providerGuid\":\"{5770385f-c22a-43e0-bf4c-06f5698ffbd9}\",\"eventID\":\"1\",\"version\":\"5\",\"level\":\"4\",\"task\":\"1\",\"opcode\":\"0\",\"keywords\":\"0x8000000000000000\",\"systemTime\":\"2026-08-19T05:02:45.804033326Z\",\"eventRecordID\":\"549326\",\"channel\":\"Microsoft-Windows-Sysmon/Operational\",\"computer\":\"kingslanding.sevenkingdoms.local\",\"severityValue\":\"INFORMATION\"},\"eventdata\":{\"utcTime\":\"2026-08-19 05:02:45.804\",\"processGuid\":\"{051995f2-ab96-0f16-cf17-000000000004}\",\"processId\":\"3973\",\"image\":\"C:\\\\Windows\\\\System32\\\\WindowsPowerShell\\\\v1.0\\\\powershell.exe\",\"commandLine\":\"powershell.exe -NoProfile -Command \\\"Get-CimInstance Win32_OperatingSystem\\\"\",\"currentDirectory\":\"C:\\\\Windows\\\\system32\\\\\",\"user\":\"NT AUTHORITY\\\\SYSTEM\",\"parentProcessGuid\":\"{03999d84-8c2e-7bbe-702b-000000000002}\",\"parentProcessId\":\"2356\",\"parentImage\":\"C:\\\\Windows\\\\CCM\\\\CcmExec.exe\",\"parentCommandLine\":\"\\\"C:\\\\Windows\\\\CCM\\\\CcmExec.exe\\\"\",\"hashes\":\"MD5=52A2D1D53AB7B54E6107FD5ACBDFFB15,SHA256=99C8275678FE526419811BC64793F96B0D55627558DFBBF37E4B9A9C4EEE61E1,IMPHASH=BA9BA9BB26C1A2513FD776DAAC02773E\"}}}",
      "expect": {
        "alert": false
      },
      "category": "noise",
      "attack": null,
      "evasion": false,
      "expected_rule_id": 100251,
      "expected_level": 0,
      "mitre_id": null
    },
    {
      "name": "noise 228 | SCCM | wmic inventory",
      "event": "{\"win\":{\"system\":{\"providerName\":\"Microsoft-Windows-Sysmon\",\"providerGuid\":\"{5770385f-c22a-43e0-bf4c-06f5698ffbd9}\",\"eventID\":\"1\",\"version\":\"5\",\"level\":\"4\",\"task\":\"1\",\"opcode\":\"0\",\"keywords\":\"0x8000000000000000\",\"systemTime\":\"2026-08-19T05:03:01.412078288Z\",\"eventRecordID\":\"549327\",\"channel\":\"Microsoft-Windows-Sysmon/Operational\",\"computer\":\"kingslanding.sevenkingdoms.local\",\"severityValue\":\"INFORMATION\"},\"eventdata\":{\"utcTime\":\"2026-08-19 05:03:01.412\",\"processGuid\":\"{fd4ad5c2-0359-8106-82d6-000000000001}\",\"processId\":\"3226\",\"image\":\"C:\\\\Windows\\\\System32\\\\wmic.exe\",\"commandLine\":\"wmic path win32_computersystem product get name\",\"currentDirectory\":\"C:\\\\Windows\\\\system32\\\\\",\"user\":\"NT AUTHORITY\\\\SYSTEM\",\"parentProcessGuid\":\"{03999d84-8c2e-7bbe-702b-000000000002}\",\"parentProcessId\":\"2356\",\"parentImage\":\"C:\\\\Windows\\\\CCM\\\\CcmExec.exe\",\"parentCommandLine\":\"C:\\\\Windows\\\\CCM\\\\CcmExec.exe -service\",\"hashes\":\"MD5=0BBEA9C5DFA3B21E496EB133F02A042B,SHA256=22312883269B5B6AAE8A0E4D0EB6BF6912A204A16D684B7AD81535A1A923001A,IMPHASH=AD4EF768A5A9D4FA78F680FA0DF56583\"}}}",
      "expect": {
        "alert": false
      },
      "category": "noise",
      "attack": null,
      "evasion": false,
      "expected_rule_id": 100251,
      "expected_level": 0,
      "mitre_id": null
    },
    {
      "name": "noise 229 | SCCM | wmic memory",
      "event": "{\"win\":{\"system\":{\"providerName\":\"Microsoft-Windows-Sysmon\",\"providerGuid\":\"{5770385f-c22a-43e0-bf4c-06f5698ffbd9}\",\"eventID\":\"1\",\"version\":\"5\",\"level\":\"4\",\"task\":\"1\",\"opcode\":\"0\",\"keywords\":\"0x8000000000000000\",\"systemTime\":\"2026-08-19T05:05:35.817554342Z\",\"eventRecordID\":\"549328\",\"channel\":\"Microsoft-Windows-Sysmon/Operational\",\"computer\":\"kingslanding.sevenkingdoms.local\",\"severityValue\":\"INFORMATION\"},\"eventdata\":{\"utcTime\":\"2026-08-19 05:05:35.817\",\"processGuid\":\"{fd4ad5c2-0359-8106-82d6-000000000001}\",\"processId\":\"3226\",\"image\":\"C:\\\\Windows\\\\System32\\\\wmic.exe\",\"commandLine\":\"wmic os get FreePhysicalMemory /Value\",\"currentDirectory\":\"C:\\\\Windows\\\\CCM\\\\\",\"user\":\"NT AUTHORITY\\\\SYSTEM\",\"parentProcessGuid\":\"{03999d84-8c2e-7bbe-702b-000000000002}\",\"parentProcessId\":\"2356\",\"parentImage\":\"C:\\\\Windows\\\\CCM\\\\CcmExec.exe\",\"parentCommandLine\":\"\\\"C:\\\\Windows\\\\CCM\\\\CcmExec.exe\\\"\",\"hashes\":\"MD5=0BBEA9C5DFA3B21E496EB133F02A042B,SHA256=22312883269B5B6AAE8A0E4D0EB6BF6912A204A16D684B7AD81535A1A923001A,IMPHASH=AD4EF768A5A9D4FA78F680FA0DF56583\"}}}",
      "expect": {
        "alert": false
      },
      "category": "noise",
      "attack": null,
      "evasion": false,
      "expected_rule_id": 100251,
      "expected_level": 0,
      "mitre_id": null
    },
    {
      "name": "noise 230 | SCCM | powershell Get-WmiObject",
      "event": "{\"win\":{\"system\":{\"providerName\":\"Microsoft-Windows-Sysmon\",\"providerGuid\":\"{5770385f-c22a-43e0-bf4c-06f5698ffbd9}\",\"eventID\":\"1\",\"version\":\"5\",\"level\":\"4\",\"task\":\"1\",\"opcode\":\"0\",\"keywords\":\"0x8000000000000000\",\"systemTime\":\"2026-08-19T05:06:23.713132396Z\",\"eventRecordID\":\"549329\",\"channel\":\"Microsoft-Windows-Sysmon/Operational\",\"computer\":\"kingslanding.sevenkingdoms.local\",\"severityValue\":\"INFORMATION\"},\"eventdata\":{\"utcTime\":\"2026-08-19 05:06:23.713\",\"processGuid\":\"{051995f2-ab96-0f16-cf17-000000000004}\",\"processId\":\"3973\",\"image\":\"C:\\\\Windows\\\\System32\\\\WindowsPowerShell\\\\v1.0\\\\powershell.exe\",\"commandLine\":\"powershell.exe -NoLogo -NoProfile -Command \\\"Get-WmiObject Win32_LogicalDisk\\\"\",\"currentDirectory\":\"C:\\\\Windows\\\\CCM\\\\\",\"user\":\"NT AUTHORITY\\\\SYSTEM\",\"parentProcessGuid\":\"{03999d84-8c2e-7bbe-702b-000000000002}\",\"parentProcessId\":\"2356\",\"parentImage\":\"C:\\\\Windows\\\\CCM\\\\CcmExec.exe\",\"parentCommandLine\":\"\\\"C:\\\\Windows\\\\CCM\\\\CcmExec.exe\\\"\",\"hashes\":\"MD5=52A2D1D53AB7B54E6107FD5ACBDFFB15,SHA256=99C8275678FE526419811BC64793F96B0D55627558DFBBF37E4B9A9C4EEE61E1,IMPHASH=BA9BA9BB26C1A2513FD776DAAC02773E\"}}}",
      "expect": {
        "alert": false
      },
      "category": "noise",
      "attack": null,
      "evasion": false,
      "expected_rule_id": 100251,
      "expected_level": 0,
      "mitre_id": null
    },
    {
      "name": "noise 231 | SCCM | powershell Get-WmiObject",
      "event": "{\"win\":{\"system\":{\"providerName\":\"Microsoft-Windows-Sysmon\",\"providerGuid\":\"{5770385f-c22a-43e0-bf4c-06f5698ffbd9}\",\"eventID\":\"1\",\"version\":\"5\",\"level\":\"4\",\"task\":\"1\",\"opcode\":\"0\",\"keywords\":\"0x8000000000000000\",\"systemTime\":\"2026-08-19T05:07:13.186656748Z\",\"eventRecordID\":\"549330\",\"channel\":\"Microsoft-Windows-Sysmon/Operational\",\"computer\":\"kingslanding.sevenkingdoms.local\",\"severityValue\":\"INFORMATION\"},\"eventdata\":{\"utcTime\":\"2026-08-19 05:07:13.186\",\"processGuid\":\"{051995f2-ab96-0f16-cf17-000000000004}\",\"processId\":\"3973\",\"image\":\"C:\\\\Windows\\\\System32\\\\WindowsPowerShell\\\\v1.0\\\\powershell.exe\",\"commandLine\":\"powershell.exe -NoLogo -NoProfile -Command \\\"Get-WmiObject Win32_LogicalDisk\\\"\",\"currentDirectory\":\"C:\\\\Windows\\\\system32\\\\\",\"user\":\"NT AUTHORITY\\\\SYSTEM\",\"parentProcessGuid\":\"{03999d84-8c2e-7bbe-702b-000000000002}\",\"parentProcessId\":\"2356\",\"parentImage\":\"C:\\\\Windows\\\\CCM\\\\CcmExec.exe\",\"parentCommandLine\":\"C:\\\\Windows\\\\CCM\\\\CcmExec.exe -service\",\"hashes\":\"MD5=52A2D1D53AB7B54E6107FD5ACBDFFB15,SHA256=99C8275678FE526419811BC64793F96B0D55627558DFBBF37E4B9A9C4EEE61E1,IMPHASH=BA9BA9BB26C1A2513FD776DAAC02773E\"}}}",
      "expect": {
        "alert": false
      },
      "category": "noise",
      "attack": null,
      "evasion": false,
      "expected_rule_id": 100251,
      "expected_level": 0,
      "mitre_id": null
    },
    {
      "name": "noise 232 | SCCM | wmic domain",
      "event": "{\"win\":{\"system\":{\"providerName\":\"Microsoft-Windows-Sysmon\",\"providerGuid\":\"{5770385f-c22a-43e0-bf4c-06f5698ffbd9}\",\"eventID\":\"1\",\"version\":\"5\",\"level\":\"4\",\"task\":\"1\",\"opcode\":\"0\",\"keywords\":\"0x8000000000000000\",\"systemTime\":\"2026-08-19T05:09:27.172505045Z\",\"eventRecordID\":\"549331\",\"channel\":\"Microsoft-Windows-Sysmon/Operational\",\"computer\":\"kingslanding.sevenkingdoms.local\",\"severityValue\":\"INFORMATION\"},\"eventdata\":{\"utcTime\":\"2026-08-19 05:09:27.172\",\"processGuid\":\"{fd4ad5c2-0359-8106-82d6-000000000001}\",\"processId\":\"3226\",\"image\":\"C:\\\\Windows\\\\System32\\\\wmic.exe\",\"commandLine\":\"wmic path win32_computersystem get domain,username\",\"currentDirectory\":\"C:\\\\Windows\\\\CCM\\\\\",\"user\":\"NT AUTHORITY\\\\SYSTEM\",\"parentProcessGuid\":\"{03999d84-8c2e-7bbe-702b-000000000002}\",\"parentProcessId\":\"2356\",\"parentImage\":\"C:\\\\Windows\\\\CCM\\\\CcmExec.exe\",\"parentCommandLine\":\"C:\\\\Windows\\\\CCM\\\\CcmExec.exe -service\",\"hashes\":\"MD5=0BBEA9C5DFA3B21E496EB133F02A042B,SHA256=22312883269B5B6AAE8A0E4D0EB6BF6912A204A16D684B7AD81535A1A923001A,IMPHASH=AD4EF768A5A9D4FA78F680FA0DF56583\"}}}",
      "expect": {
        "alert": false
      },
      "category": "noise",
      "attack": null,
      "evasion": false,
      "expected_rule_id": 100251,
      "expected_level": 0,
      "mitre_id": null
    },
    {
      "name": "noise 233 | SCCM | cmd wmic memory",
      "event": "{\"win\":{\"system\":{\"providerName\":\"Microsoft-Windows-Sysmon\",\"providerGuid\":\"{5770385f-c22a-43e0-bf4c-06f5698ffbd9}\",\"eventID\":\"1\",\"version\":\"5\",\"level\":\"4\",\"task\":\"1\",\"opcode\":\"0\",\"keywords\":\"0x8000000000000000\",\"systemTime\":\"2026-08-19T05:10:11.920825653Z\",\"eventRecordID\":\"549332\",\"channel\":\"Microsoft-Windows-Sysmon/Operational\",\"computer\":\"kingslanding.sevenkingdoms.local\",\"severityValue\":\"INFORMATION\"},\"eventdata\":{\"utcTime\":\"2026-08-19 05:10:11.920\",\"processGuid\":\"{11491d82-c4b3-35a1-0a67-000000000003}\",\"processId\":\"6145\",\"image\":\"C:\\\\Windows\\\\System32\\\\cmd.exe\",\"commandLine\":\"cmd.exe /c \\\"wmic os get FreePhysicalMemory /Value\\\"\",\"currentDirectory\":\"C:\\\\Windows\\\\system32\\\\\",\"user\":\"NT AUTHORITY\\\\SYSTEM\",\"parentProcessGuid\":\"{03999d84-8c2e-7bbe-702b-000000000002}\",\"parentProcessId\":\"2356\",\"parentImage\":\"C:\\\\Windows\\\\CCM\\\\CcmExec.exe\",\"parentCommandLine\":\"C:\\\\Windows\\\\CCM\\\\CcmExec.exe -service\",\"hashes\":\"MD5=AD4F0121E05E45568A2E62DF8F91BF81,SHA256=454CFEEA347FDC3F0ACB885CFB4B031166A2387FAB14C4D4A5008AE16181F80E,IMPHASH=D3F8F91898C22767183D2C65A8BA9A98\"}}}",
      "expect": {
        "alert": false
      },
      "category": "noise",
      "attack": null,
      "evasion": false,
      "expected_rule_id": 100251,
      "expected_level": 0,
      "mitre_id": null
    },
    {
      "name": "noise 234 | SCCM | powershell Get-WmiObject",
      "event": "{\"win\":{\"system\":{\"providerName\":\"Microsoft-Windows-Sysmon\",\"providerGuid\":\"{5770385f-c22a-43e0-bf4c-06f5698ffbd9}\",\"eventID\":\"1\",\"version\":\"5\",\"level\":\"4\",\"task\":\"1\",\"opcode\":\"0\",\"keywords\":\"0x8000000000000000\",\"systemTime\":\"2026-08-19T05:12:10.584926559Z\",\"eventRecordID\":\"549333\",\"channel\":\"Microsoft-Windows-Sysmon/Operational\",\"computer\":\"kingslanding.sevenkingdoms.local\",\"severityValue\":\"INFORMATION\"},\"eventdata\":{\"utcTime\":\"2026-08-19 05:12:10.584\",\"processGuid\":\"{051995f2-ab96-0f16-cf17-000000000004}\",\"processId\":\"3973\",\"image\":\"C:\\\\Windows\\\\System32\\\\WindowsPowerShell\\\\v1.0\\\\powershell.exe\",\"commandLine\":\"powershell.exe -NoLogo -NoProfile -Command \\\"Get-WmiObject Win32_LogicalDisk\\\"\",\"currentDirectory\":\"C:\\\\Windows\\\\system32\\\\\",\"user\":\"NT AUTHORITY\\\\SYSTEM\",\"parentProcessGuid\":\"{03999d84-8c2e-7bbe-702b-000000000002}\",\"parentProcessId\":\"2356\",\"parentImage\":\"C:\\\\Windows\\\\CCM\\\\CcmExec.exe\",\"parentCommandLine\":\"C:\\\\Windows\\\\CCM\\\\CcmExec.exe -service\",\"hashes\":\"MD5=52A2D1D53AB7B54E6107FD5ACBDFFB15,SHA256=99C8275678FE526419811BC64793F96B0D55627558DFBBF37E4B9A9C4EEE61E1,IMPHASH=BA9BA9BB26C1A2513FD776DAAC02773E\"}}}",
      "expect": {
        "alert": false
      },
      "category": "noise",
      "attack": null,
      "evasion": false,
      "expected_rule_id": 100251,
      "expected_level": 0,
      "mitre_id": null
    },
    {
      "name": "noise 235 | SCCM | wmic bios serial",
      "event": "{\"win\":{\"system\":{\"providerName\":\"Microsoft-Windows-Sysmon\",\"providerGuid\":\"{5770385f-c22a-43e0-bf4c-06f5698ffbd9}\",\"eventID\":\"1\",\"version\":\"5\",\"level\":\"4\",\"task\":\"1\",\"opcode\":\"0\",\"keywords\":\"0x8000000000000000\",\"systemTime\":\"2026-08-19T05:12:54.880712529Z\",\"eventRecordID\":\"549334\",\"channel\":\"Microsoft-Windows-Sysmon/Operational\",\"computer\":\"kingslanding.sevenkingdoms.local\",\"severityValue\":\"INFORMATION\"},\"eventdata\":{\"utcTime\":\"2026-08-19 05:12:54.880\",\"processGuid\":\"{fd4ad5c2-0359-8106-82d6-000000000001}\",\"processId\":\"3226\",\"image\":\"C:\\\\Windows\\\\System32\\\\wmic.exe\",\"commandLine\":\"wmic path Win32_BIOS get SerialNumber\",\"currentDirectory\":\"C:\\\\Windows\\\\CCM\\\\\",\"user\":\"NT AUTHORITY\\\\SYSTEM\",\"parentProcessGuid\":\"{03999d84-8c2e-7bbe-702b-000000000002}\",\"parentProcessId\":\"2356\",\"parentImage\":\"C:\\\\Windows\\\\CCM\\\\CcmExec.exe\",\"parentCommandLine\":\"\\\"C:\\\\Windows\\\\CCM\\\\CcmExec.exe\\\" -service -redirectWindowsUpdateLog\",\"hashes\":\"MD5=0BBEA9C5DFA3B21E496EB133F02A042B,SHA256=22312883269B5B6AAE8A0E4D0EB6BF6912A204A16D684B7AD81535A1A923001A,IMPHASH=AD4EF768A5A9D4FA78F680FA0DF56583\"}}}",
      "expect": {
        "alert": false
      },
      "category": "noise",
      "attack": null,
      "evasion": false,
      "expected_rule_id": 100251,
      "expected_level": 0,
      "mitre_id": null
    },
    {
      "name": "noise 236 | SCCM | wmic logicaldisk",
      "event": "{\"win\":{\"system\":{\"providerName\":\"Microsoft-Windows-Sysmon\",\"providerGuid\":\"{5770385f-c22a-43e0-bf4c-06f5698ffbd9}\",\"eventID\":\"1\",\"version\":\"5\",\"level\":\"4\",\"task\":\"1\",\"opcode\":\"0\",\"keywords\":\"0x8000000000000000\",\"systemTime\":\"2026-08-19T05:13:51.121467171Z\",\"eventRecordID\":\"549335\",\"channel\":\"Microsoft-Windows-Sysmon/Operational\",\"computer\":\"kingslanding.sevenkingdoms.local\",\"severityValue\":\"INFORMATION\"},\"eventdata\":{\"utcTime\":\"2026-08-19 05:13:51.121\",\"processGuid\":\"{fd4ad5c2-0359-8106-82d6-000000000001}\",\"processId\":\"3226\",\"image\":\"C:\\\\Windows\\\\System32\\\\wmic.exe\",\"commandLine\":\"wmic logicaldisk get caption,size,freespace\",\"currentDirectory\":\"C:\\\\Windows\\\\system32\\\\\",\"user\":\"NT AUTHORITY\\\\SYSTEM\",\"parentProcessGuid\":\"{03999d84-8c2e-7bbe-702b-000000000002}\",\"parentProcessId\":\"2356\",\"parentImage\":\"C:\\\\Windows\\\\CCM\\\\CcmExec.exe\",\"parentCommandLine\":\"C:\\\\Windows\\\\CCM\\\\CcmExec.exe -service\",\"hashes\":\"MD5=0BBEA9C5DFA3B21E496EB133F02A042B,SHA256=22312883269B5B6AAE8A0E4D0EB6BF6912A204A16D684B7AD81535A1A923001A,IMPHASH=AD4EF768A5A9D4FA78F680FA0DF56583\"}}}",
      "expect": {
        "alert": false
      },
      "category": "noise",
      "attack": null,
      "evasion": false,
      "expected_rule_id": 100251,
      "expected_level": 0,
      "mitre_id": null
    },
    {
      "name": "noise 237 | SCCM | wmic memory",
      "event": "{\"win\":{\"system\":{\"providerName\":\"Microsoft-Windows-Sysmon\",\"providerGuid\":\"{5770385f-c22a-43e0-bf4c-06f5698ffbd9}\",\"eventID\":\"1\",\"version\":\"5\",\"level\":\"4\",\"task\":\"1\",\"opcode\":\"0\",\"keywords\":\"0x8000000000000000\",\"systemTime\":\"2026-08-19T05:15:21.243234757Z\",\"eventRecordID\":\"549336\",\"channel\":\"Microsoft-Windows-Sysmon/Operational\",\"computer\":\"kingslanding.sevenkingdoms.local\",\"severityValue\":\"INFORMATION\"},\"eventdata\":{\"utcTime\":\"2026-08-19 05:15:21.243\",\"processGuid\":\"{fd4ad5c2-0359-8106-82d6-000000000001}\",\"processId\":\"3226\",\"image\":\"C:\\\\Windows\\\\System32\\\\wmic.exe\",\"commandLine\":\"wmic os get FreePhysicalMemory /Value\",\"currentDirectory\":\"C:\\\\Windows\\\\system32\\\\\",\"user\":\"NT AUTHORITY\\\\SYSTEM\",\"parentProcessGuid\":\"{03999d84-8c2e-7bbe-702b-000000000002}\",\"parentProcessId\":\"2356\",\"parentImage\":\"C:\\\\Windows\\\\CCM\\\\CcmExec.exe\",\"parentCommandLine\":\"\\\"C:\\\\Windows\\\\CCM\\\\CcmExec.exe\\\"\",\"hashes\":\"MD5=0BBEA9C5DFA3B21E496EB133F02A042B,SHA256=22312883269B5B6AAE8A0E4D0EB6BF6912A204A16D684B7AD81535A1A923001A,IMPHASH=AD4EF768A5A9D4FA78F680FA0DF56583\"}}}",
      "expect": {
        "alert": false
      },
      "category": "noise",
      "attack": null,
      "evasion": false,
      "expected_rule_id": 100251,
      "expected_level": 0,
      "mitre_id": null
    },
    {
      "name": "noise 238 | SCCM | powershell Get-WmiObject",
      "event": "{\"win\":{\"system\":{\"providerName\":\"Microsoft-Windows-Sysmon\",\"providerGuid\":\"{5770385f-c22a-43e0-bf4c-06f5698ffbd9}\",\"eventID\":\"1\",\"version\":\"5\",\"level\":\"4\",\"task\":\"1\",\"opcode\":\"0\",\"keywords\":\"0x8000000000000000\",\"systemTime\":\"2026-08-19T05:17:36.619050048Z\",\"eventRecordID\":\"549337\",\"channel\":\"Microsoft-Windows-Sysmon/Operational\",\"computer\":\"kingslanding.sevenkingdoms.local\",\"severityValue\":\"INFORMATION\"},\"eventdata\":{\"utcTime\":\"2026-08-19 05:17:36.619\",\"processGuid\":\"{051995f2-ab96-0f16-cf17-000000000004}\",\"processId\":\"3973\",\"image\":\"C:\\\\Windows\\\\System32\\\\WindowsPowerShell\\\\v1.0\\\\powershell.exe\",\"commandLine\":\"powershell.exe -NoLogo -NoProfile -Command \\\"Get-WmiObject Win32_LogicalDisk\\\"\",\"currentDirectory\":\"C:\\\\Windows\\\\system32\\\\\",\"user\":\"NT AUTHORITY\\\\SYSTEM\",\"parentProcessGuid\":\"{03999d84-8c2e-7bbe-702b-000000000002}\",\"parentProcessId\":\"2356\",\"parentImage\":\"C:\\\\Windows\\\\CCM\\\\CcmExec.exe\",\"parentCommandLine\":\"\\\"C:\\\\Windows\\\\CCM\\\\CcmExec.exe\\\" -service -redirectWindowsUpdateLog\",\"hashes\":\"MD5=52A2D1D53AB7B54E6107FD5ACBDFFB15,SHA256=99C8275678FE526419811BC64793F96B0D55627558DFBBF37E4B9A9C4EEE61E1,IMPHASH=BA9BA9BB26C1A2513FD776DAAC02773E\"}}}",
      "expect": {
        "alert": false
      },
      "category": "noise",
      "attack": null,
      "evasion": false,
      "expected_rule_id": 100251,
      "expected_level": 0,
      "mitre_id": null
    },
    {
      "name": "noise 239 | SCCM | wmic inventory",
      "event": "{\"win\":{\"system\":{\"providerName\":\"Microsoft-Windows-Sysmon\",\"providerGuid\":\"{5770385f-c22a-43e0-bf4c-06f5698ffbd9}\",\"eventID\":\"1\",\"version\":\"5\",\"level\":\"4\",\"task\":\"1\",\"opcode\":\"0\",\"keywords\":\"0x8000000000000000\",\"systemTime\":\"2026-08-19T05:18:32.509192970Z\",\"eventRecordID\":\"549338\",\"channel\":\"Microsoft-Windows-Sysmon/Operational\",\"computer\":\"kingslanding.sevenkingdoms.local\",\"severityValue\":\"INFORMATION\"},\"eventdata\":{\"utcTime\":\"2026-08-19 05:18:32.509\",\"processGuid\":\"{fd4ad5c2-0359-8106-82d6-000000000001}\",\"processId\":\"3226\",\"image\":\"C:\\\\Windows\\\\System32\\\\wmic.exe\",\"commandLine\":\"wmic path win32_computersystem product get name\",\"currentDirectory\":\"C:\\\\Windows\\\\system32\\\\\",\"user\":\"NT AUTHORITY\\\\SYSTEM\",\"parentProcessGuid\":\"{03999d84-8c2e-7bbe-702b-000000000002}\",\"parentProcessId\":\"2356\",\"parentImage\":\"C:\\\\Windows\\\\CCM\\\\CcmExec.exe\",\"parentCommandLine\":\"\\\"C:\\\\Windows\\\\CCM\\\\CcmExec.exe\\\" -service -redirectWindowsUpdateLog\",\"hashes\":\"MD5=0BBEA9C5DFA3B21E496EB133F02A042B,SHA256=22312883269B5B6AAE8A0E4D0EB6BF6912A204A16D684B7AD81535A1A923001A,IMPHASH=AD4EF768A5A9D4FA78F680FA0DF56583\"}}}",
      "expect": {
        "alert": false
      },
      "category": "noise",
      "attack": null,
      "evasion": false,
      "expected_rule_id": 100251,
      "expected_level": 0,
      "mitre_id": null
    },
    {
      "name": "noise 240 | SCCM | wmic memory",
      "event": "{\"win\":{\"system\":{\"providerName\":\"Microsoft-Windows-Sysmon\",\"providerGuid\":\"{5770385f-c22a-43e0-bf4c-06f5698ffbd9}\",\"eventID\":\"1\",\"version\":\"5\",\"level\":\"4\",\"task\":\"1\",\"opcode\":\"0\",\"keywords\":\"0x8000000000000000\",\"systemTime\":\"2026-08-19T05:19:31.872251238Z\",\"eventRecordID\":\"549339\",\"channel\":\"Microsoft-Windows-Sysmon/Operational\",\"computer\":\"kingslanding.sevenkingdoms.local\",\"severityValue\":\"INFORMATION\"},\"eventdata\":{\"utcTime\":\"2026-08-19 05:19:31.872\",\"processGuid\":\"{fd4ad5c2-0359-8106-82d6-000000000001}\",\"processId\":\"3226\",\"image\":\"C:\\\\Windows\\\\System32\\\\wmic.exe\",\"commandLine\":\"wmic os get FreePhysicalMemory /Value\",\"currentDirectory\":\"C:\\\\Windows\\\\CCM\\\\\",\"user\":\"NT AUTHORITY\\\\SYSTEM\",\"parentProcessGuid\":\"{03999d84-8c2e-7bbe-702b-000000000002}\",\"parentProcessId\":\"2356\",\"parentImage\":\"C:\\\\Windows\\\\CCM\\\\CcmExec.exe\",\"parentCommandLine\":\"\\\"C:\\\\Windows\\\\CCM\\\\CcmExec.exe\\\"\",\"hashes\":\"MD5=0BBEA9C5DFA3B21E496EB133F02A042B,SHA256=22312883269B5B6AAE8A0E4D0EB6BF6912A204A16D684B7AD81535A1A923001A,IMPHASH=AD4EF768A5A9D4FA78F680FA0DF56583\"}}}",
      "expect": {
        "alert": false
      },
      "category": "noise",
      "attack": null,
      "evasion": false,
      "expected_rule_id": 100251,
      "expected_level": 0,
      "mitre_id": null
    },
    {
      "name": "noise 241 | SCCM | wmic bios serial",
      "event": "{\"win\":{\"system\":{\"providerName\":\"Microsoft-Windows-Sysmon\",\"providerGuid\":\"{5770385f-c22a-43e0-bf4c-06f5698ffbd9}\",\"eventID\":\"1\",\"version\":\"5\",\"level\":\"4\",\"task\":\"1\",\"opcode\":\"0\",\"keywords\":\"0x8000000000000000\",\"systemTime\":\"2026-08-19T05:21:36.293259616Z\",\"eventRecordID\":\"549340\",\"channel\":\"Microsoft-Windows-Sysmon/Operational\",\"computer\":\"kingslanding.sevenkingdoms.local\",\"severityValue\":\"INFORMATION\"},\"eventdata\":{\"utcTime\":\"2026-08-19 05:21:36.293\",\"processGuid\":\"{fd4ad5c2-0359-8106-82d6-000000000001}\",\"processId\":\"3226\",\"image\":\"C:\\\\Windows\\\\System32\\\\wmic.exe\",\"commandLine\":\"wmic path Win32_BIOS get SerialNumber\",\"currentDirectory\":\"C:\\\\Windows\\\\CCM\\\\\",\"user\":\"NT AUTHORITY\\\\SYSTEM\",\"parentProcessGuid\":\"{03999d84-8c2e-7bbe-702b-000000000002}\",\"parentProcessId\":\"2356\",\"parentImage\":\"C:\\\\Windows\\\\CCM\\\\CcmExec.exe\",\"parentCommandLine\":\"\\\"C:\\\\Windows\\\\CCM\\\\CcmExec.exe\\\" -service -redirectWindowsUpdateLog\",\"hashes\":\"MD5=0BBEA9C5DFA3B21E496EB133F02A042B,SHA256=22312883269B5B6AAE8A0E4D0EB6BF6912A204A16D684B7AD81535A1A923001A,IMPHASH=AD4EF768A5A9D4FA78F680FA0DF56583\"}}}",
      "expect": {
        "alert": false
      },
      "category": "noise",
      "attack": null,
      "evasion": false,
      "expected_rule_id": 100251,
      "expected_level": 0,
      "mitre_id": null
    },
    {
      "name": "noise 242 | SCCM | cmd wmic memory",
      "event": "{\"win\":{\"system\":{\"providerName\":\"Microsoft-Windows-Sysmon\",\"providerGuid\":\"{5770385f-c22a-43e0-bf4c-06f5698ffbd9}\",\"eventID\":\"1\",\"version\":\"5\",\"level\":\"4\",\"task\":\"1\",\"opcode\":\"0\",\"keywords\":\"0x8000000000000000\",\"systemTime\":\"2026-08-19T05:22:52.871603727Z\",\"eventRecordID\":\"549341\",\"channel\":\"Microsoft-Windows-Sysmon/Operational\",\"computer\":\"kingslanding.sevenkingdoms.local\",\"severityValue\":\"INFORMATION\"},\"eventdata\":{\"utcTime\":\"2026-08-19 05:22:52.871\",\"processGuid\":\"{11491d82-c4b3-35a1-0a67-000000000003}\",\"processId\":\"6145\",\"image\":\"C:\\\\Windows\\\\System32\\\\cmd.exe\",\"commandLine\":\"cmd.exe /c \\\"wmic os get FreePhysicalMemory /Value\\\"\",\"currentDirectory\":\"C:\\\\Windows\\\\CCM\\\\\",\"user\":\"NT AUTHORITY\\\\SYSTEM\",\"parentProcessGuid\":\"{03999d84-8c2e-7bbe-702b-000000000002}\",\"parentProcessId\":\"2356\",\"parentImage\":\"C:\\\\Windows\\\\CCM\\\\CcmExec.exe\",\"parentCommandLine\":\"\\\"C:\\\\Windows\\\\CCM\\\\CcmExec.exe\\\" -service -redirectWindowsUpdateLog\",\"hashes\":\"MD5=AD4F0121E05E45568A2E62DF8F91BF81,SHA256=454CFEEA347FDC3F0ACB885CFB4B031166A2387FAB14C4D4A5008AE16181F80E,IMPHASH=D3F8F91898C22767183D2C65A8BA9A98\"}}}",
      "expect": {
        "alert": false
      },
      "category": "noise",
      "attack": null,
      "evasion": false,
      "expected_rule_id": 100251,
      "expected_level": 0,
      "mitre_id": null
    },
    {
      "name": "noise 243 | SCCM | wmic bios serial",
      "event": "{\"win\":{\"system\":{\"providerName\":\"Microsoft-Windows-Sysmon\",\"providerGuid\":\"{5770385f-c22a-43e0-bf4c-06f5698ffbd9}\",\"eventID\":\"1\",\"version\":\"5\",\"level\":\"4\",\"task\":\"1\",\"opcode\":\"0\",\"keywords\":\"0x8000000000000000\",\"systemTime\":\"2026-08-19T05:23:47.161445558Z\",\"eventRecordID\":\"549342\",\"channel\":\"Microsoft-Windows-Sysmon/Operational\",\"computer\":\"kingslanding.sevenkingdoms.local\",\"severityValue\":\"INFORMATION\"},\"eventdata\":{\"utcTime\":\"2026-08-19 05:23:47.161\",\"processGuid\":\"{fd4ad5c2-0359-8106-82d6-000000000001}\",\"processId\":\"3226\",\"image\":\"C:\\\\Windows\\\\System32\\\\wmic.exe\",\"commandLine\":\"wmic path Win32_BIOS get SerialNumber\",\"currentDirectory\":\"C:\\\\Windows\\\\system32\\\\\",\"user\":\"NT AUTHORITY\\\\SYSTEM\",\"parentProcessGuid\":\"{03999d84-8c2e-7bbe-702b-000000000002}\",\"parentProcessId\":\"2356\",\"parentImage\":\"C:\\\\Windows\\\\CCM\\\\CcmExec.exe\",\"parentCommandLine\":\"\\\"C:\\\\Windows\\\\CCM\\\\CcmExec.exe\\\"\",\"hashes\":\"MD5=0BBEA9C5DFA3B21E496EB133F02A042B,SHA256=22312883269B5B6AAE8A0E4D0EB6BF6912A204A16D684B7AD81535A1A923001A,IMPHASH=AD4EF768A5A9D4FA78F680FA0DF56583\"}}}",
      "expect": {
        "alert": false
      },
      "category": "noise",
      "attack": null,
      "evasion": false,
      "expected_rule_id": 100251,
      "expected_level": 0,
      "mitre_id": null
    },
    {
      "name": "noise 244 | SCCM | cmd wmic memory",
      "event": "{\"win\":{\"system\":{\"providerName\":\"Microsoft-Windows-Sysmon\",\"providerGuid\":\"{5770385f-c22a-43e0-bf4c-06f5698ffbd9}\",\"eventID\":\"1\",\"version\":\"5\",\"level\":\"4\",\"task\":\"1\",\"opcode\":\"0\",\"keywords\":\"0x8000000000000000\",\"systemTime\":\"2026-08-19T05:25:36.804554785Z\",\"eventRecordID\":\"549343\",\"channel\":\"Microsoft-Windows-Sysmon/Operational\",\"computer\":\"kingslanding.sevenkingdoms.local\",\"severityValue\":\"INFORMATION\"},\"eventdata\":{\"utcTime\":\"2026-08-19 05:25:36.804\",\"processGuid\":\"{11491d82-c4b3-35a1-0a67-000000000003}\",\"processId\":\"6145\",\"image\":\"C:\\\\Windows\\\\System32\\\\cmd.exe\",\"commandLine\":\"cmd.exe /c \\\"wmic os get FreePhysicalMemory /Value\\\"\",\"currentDirectory\":\"C:\\\\Windows\\\\CCM\\\\\",\"user\":\"NT AUTHORITY\\\\SYSTEM\",\"parentProcessGuid\":\"{03999d84-8c2e-7bbe-702b-000000000002}\",\"parentProcessId\":\"2356\",\"parentImage\":\"C:\\\\Windows\\\\CCM\\\\CcmExec.exe\",\"parentCommandLine\":\"\\\"C:\\\\Windows\\\\CCM\\\\CcmExec.exe\\\"\",\"hashes\":\"MD5=AD4F0121E05E45568A2E62DF8F91BF81,SHA256=454CFEEA347FDC3F0ACB885CFB4B031166A2387FAB14C4D4A5008AE16181F80E,IMPHASH=D3F8F91898C22767183D2C65A8BA9A98\"}}}",
      "expect": {
        "alert": false
      },
      "category": "noise",
      "attack": null,
      "evasion": false,
      "expected_rule_id": 100251,
      "expected_level": 0,
      "mitre_id": null
    },
    {
      "name": "noise 245 | SCCM | powershell Get-WmiObject",
      "event": "{\"win\":{\"system\":{\"providerName\":\"Microsoft-Windows-Sysmon\",\"providerGuid\":\"{5770385f-c22a-43e0-bf4c-06f5698ffbd9}\",\"eventID\":\"1\",\"version\":\"5\",\"level\":\"4\",\"task\":\"1\",\"opcode\":\"0\",\"keywords\":\"0x8000000000000000\",\"systemTime\":\"2026-08-19T05:26:16.685131076Z\",\"eventRecordID\":\"549344\",\"channel\":\"Microsoft-Windows-Sysmon/Operational\",\"computer\":\"kingslanding.sevenkingdoms.local\",\"severityValue\":\"INFORMATION\"},\"eventdata\":{\"utcTime\":\"2026-08-19 05:26:16.685\",\"processGuid\":\"{051995f2-ab96-0f16-cf17-000000000004}\",\"processId\":\"3973\",\"image\":\"C:\\\\Windows\\\\System32\\\\WindowsPowerShell\\\\v1.0\\\\powershell.exe\",\"commandLine\":\"powershell.exe -NoLogo -NoProfile -Command \\\"Get-WmiObject Win32_LogicalDisk\\\"\",\"currentDirectory\":\"C:\\\\Windows\\\\system32\\\\\",\"user\":\"NT AUTHORITY\\\\SYSTEM\",\"parentProcessGuid\":\"{03999d84-8c2e-7bbe-702b-000000000002}\",\"parentProcessId\":\"2356\",\"parentImage\":\"C:\\\\Windows\\\\CCM\\\\CcmExec.exe\",\"parentCommandLine\":\"\\\"C:\\\\Windows\\\\CCM\\\\CcmExec.exe\\\"\",\"hashes\":\"MD5=52A2D1D53AB7B54E6107FD5ACBDFFB15,SHA256=99C8275678FE526419811BC64793F96B0D55627558DFBBF37E4B9A9C4EEE61E1,IMPHASH=BA9BA9BB26C1A2513FD776DAAC02773E\"}}}",
      "expect": {
        "alert": false
      },
      "category": "noise",
      "attack": null,
      "evasion": false,
      "expected_rule_id": 100251,
      "expected_level": 0,
      "mitre_id": null
    },
    {
      "name": "noise 246 | SCCM | cmd wmic memory",
      "event": "{\"win\":{\"system\":{\"providerName\":\"Microsoft-Windows-Sysmon\",\"providerGuid\":\"{5770385f-c22a-43e0-bf4c-06f5698ffbd9}\",\"eventID\":\"1\",\"version\":\"5\",\"level\":\"4\",\"task\":\"1\",\"opcode\":\"0\",\"keywords\":\"0x8000000000000000\",\"systemTime\":\"2026-08-19T05:27:53.438412394Z\",\"eventRecordID\":\"549345\",\"channel\":\"Microsoft-Windows-Sysmon/Operational\",\"computer\":\"kingslanding.sevenkingdoms.local\",\"severityValue\":\"INFORMATION\"},\"eventdata\":{\"utcTime\":\"2026-08-19 05:27:53.438\",\"processGuid\":\"{11491d82-c4b3-35a1-0a67-000000000003}\",\"processId\":\"6145\",\"image\":\"C:\\\\Windows\\\\System32\\\\cmd.exe\",\"commandLine\":\"cmd.exe /c \\\"wmic os get FreePhysicalMemory /Value\\\"\",\"currentDirectory\":\"C:\\\\Windows\\\\CCM\\\\\",\"user\":\"NT AUTHORITY\\\\SYSTEM\",\"parentProcessGuid\":\"{03999d84-8c2e-7bbe-702b-000000000002}\",\"parentProcessId\":\"2356\",\"parentImage\":\"C:\\\\Windows\\\\CCM\\\\CcmExec.exe\",\"parentCommandLine\":\"\\\"C:\\\\Windows\\\\CCM\\\\CcmExec.exe\\\" -service -redirectWindowsUpdateLog\",\"hashes\":\"MD5=AD4F0121E05E45568A2E62DF8F91BF81,SHA256=454CFEEA347FDC3F0ACB885CFB4B031166A2387FAB14C4D4A5008AE16181F80E,IMPHASH=D3F8F91898C22767183D2C65A8BA9A98\"}}}",
      "expect": {
        "alert": false
      },
      "category": "noise",
      "attack": null,
      "evasion": false,
      "expected_rule_id": 100251,
      "expected_level": 0,
      "mitre_id": null
    },
    {
      "name": "noise 247 | SCCM | wmic memory",
      "event": "{\"win\":{\"system\":{\"providerName\":\"Microsoft-Windows-Sysmon\",\"providerGuid\":\"{5770385f-c22a-43e0-bf4c-06f5698ffbd9}\",\"eventID\":\"1\",\"version\":\"5\",\"level\":\"4\",\"task\":\"1\",\"opcode\":\"0\",\"keywords\":\"0x8000000000000000\",\"systemTime\":\"2026-08-19T05:28:53.079254351Z\",\"eventRecordID\":\"549346\",\"channel\":\"Microsoft-Windows-Sysmon/Operational\",\"computer\":\"kingslanding.sevenkingdoms.local\",\"severityValue\":\"INFORMATION\"},\"eventdata\":{\"utcTime\":\"2026-08-19 05:28:53.079\",\"processGuid\":\"{fd4ad5c2-0359-8106-82d6-000000000001}\",\"processId\":\"3226\",\"image\":\"C:\\\\Windows\\\\System32\\\\wmic.exe\",\"commandLine\":\"wmic os get FreePhysicalMemory /Value\",\"currentDirectory\":\"C:\\\\Windows\\\\system32\\\\\",\"user\":\"NT AUTHORITY\\\\SYSTEM\",\"parentProcessGuid\":\"{03999d84-8c2e-7bbe-702b-000000000002}\",\"parentProcessId\":\"2356\",\"parentImage\":\"C:\\\\Windows\\\\CCM\\\\CcmExec.exe\",\"parentCommandLine\":\"C:\\\\Windows\\\\CCM\\\\CcmExec.exe -service\",\"hashes\":\"MD5=0BBEA9C5DFA3B21E496EB133F02A042B,SHA256=22312883269B5B6AAE8A0E4D0EB6BF6912A204A16D684B7AD81535A1A923001A,IMPHASH=AD4EF768A5A9D4FA78F680FA0DF56583\"}}}",
      "expect": {
        "alert": false
      },
      "category": "noise",
      "attack": null,
      "evasion": false,
      "expected_rule_id": 100251,
      "expected_level": 0,
      "mitre_id": null
    },
    {
      "name": "noise 248 | SCCM | cmd wmic memory",
      "event": "{\"win\":{\"system\":{\"providerName\":\"Microsoft-Windows-Sysmon\",\"providerGuid\":\"{5770385f-c22a-43e0-bf4c-06f5698ffbd9}\",\"eventID\":\"1\",\"version\":\"5\",\"level\":\"4\",\"task\":\"1\",\"opcode\":\"0\",\"keywords\":\"0x8000000000000000\",\"systemTime\":\"2026-08-19T05:30:53.432981291Z\",\"eventRecordID\":\"549347\",\"channel\":\"Microsoft-Windows-Sysmon/Operational\",\"computer\":\"kingslanding.sevenkingdoms.local\",\"severityValue\":\"INFORMATION\"},\"eventdata\":{\"utcTime\":\"2026-08-19 05:30:53.432\",\"processGuid\":\"{11491d82-c4b3-35a1-0a67-000000000003}\",\"processId\":\"6145\",\"image\":\"C:\\\\Windows\\\\System32\\\\cmd.exe\",\"commandLine\":\"cmd.exe /c \\\"wmic os get FreePhysicalMemory /Value\\\"\",\"currentDirectory\":\"C:\\\\Windows\\\\system32\\\\\",\"user\":\"NT AUTHORITY\\\\SYSTEM\",\"parentProcessGuid\":\"{03999d84-8c2e-7bbe-702b-000000000002}\",\"parentProcessId\":\"2356\",\"parentImage\":\"C:\\\\Windows\\\\CCM\\\\CcmExec.exe\",\"parentCommandLine\":\"\\\"C:\\\\Windows\\\\CCM\\\\CcmExec.exe\\\" -service -redirectWindowsUpdateLog\",\"hashes\":\"MD5=AD4F0121E05E45568A2E62DF8F91BF81,SHA256=454CFEEA347FDC3F0ACB885CFB4B031166A2387FAB14C4D4A5008AE16181F80E,IMPHASH=D3F8F91898C22767183D2C65A8BA9A98\"}}}",
      "expect": {
        "alert": false
      },
      "category": "noise",
      "attack": null,
      "evasion": false,
      "expected_rule_id": 100251,
      "expected_level": 0,
      "mitre_id": null
    },
    {
      "name": "noise 249 | SCCM | powershell Get-WmiObject",
      "event": "{\"win\":{\"system\":{\"providerName\":\"Microsoft-Windows-Sysmon\",\"providerGuid\":\"{5770385f-c22a-43e0-bf4c-06f5698ffbd9}\",\"eventID\":\"1\",\"version\":\"5\",\"level\":\"4\",\"task\":\"1\",\"opcode\":\"0\",\"keywords\":\"0x8000000000000000\",\"systemTime\":\"2026-08-19T05:31:48.125791336Z\",\"eventRecordID\":\"549348\",\"channel\":\"Microsoft-Windows-Sysmon/Operational\",\"computer\":\"kingslanding.sevenkingdoms.local\",\"severityValue\":\"INFORMATION\"},\"eventdata\":{\"utcTime\":\"2026-08-19 05:31:48.125\",\"processGuid\":\"{051995f2-ab96-0f16-cf17-000000000004}\",\"processId\":\"3973\",\"image\":\"C:\\\\Windows\\\\System32\\\\WindowsPowerShell\\\\v1.0\\\\powershell.exe\",\"commandLine\":\"powershell.exe -ExecutionPolicy Bypass -Command \\\"Get-WmiObject Win32_BIOS\\\"\",\"currentDirectory\":\"C:\\\\Windows\\\\CCM\\\\\",\"user\":\"NT AUTHORITY\\\\SYSTEM\",\"parentProcessGuid\":\"{03999d84-8c2e-7bbe-702b-000000000002}\",\"parentProcessId\":\"2356\",\"parentImage\":\"C:\\\\Windows\\\\CCM\\\\CcmExec.exe\",\"parentCommandLine\":\"\\\"C:\\\\Windows\\\\CCM\\\\CcmExec.exe\\\"\",\"hashes\":\"MD5=52A2D1D53AB7B54E6107FD5ACBDFFB15,SHA256=99C8275678FE526419811BC64793F96B0D55627558DFBBF37E4B9A9C4EEE61E1,IMPHASH=BA9BA9BB26C1A2513FD776DAAC02773E\"}}}",
      "expect": {
        "alert": false
      },
      "category": "noise",
      "attack": null,
      "evasion": false,
      "expected_rule_id": 100251,
      "expected_level": 0,
      "mitre_id": null
    },
    {
      "name": "noise 250 | SCCM | powershell Get-WmiObject",
      "event": "{\"win\":{\"system\":{\"providerName\":\"Microsoft-Windows-Sysmon\",\"providerGuid\":\"{5770385f-c22a-43e0-bf4c-06f5698ffbd9}\",\"eventID\":\"1\",\"version\":\"5\",\"level\":\"4\",\"task\":\"1\",\"opcode\":\"0\",\"keywords\":\"0x8000000000000000\",\"systemTime\":\"2026-08-19T05:32:27.056147166Z\",\"eventRecordID\":\"549349\",\"channel\":\"Microsoft-Windows-Sysmon/Operational\",\"computer\":\"kingslanding.sevenkingdoms.local\",\"severityValue\":\"INFORMATION\"},\"eventdata\":{\"utcTime\":\"2026-08-19 05:32:27.056\",\"processGuid\":\"{051995f2-ab96-0f16-cf17-000000000004}\",\"processId\":\"3973\",\"image\":\"C:\\\\Windows\\\\System32\\\\WindowsPowerShell\\\\v1.0\\\\powershell.exe\",\"commandLine\":\"powershell.exe -NoProfile -Command \\\"Get-WmiObject Win32_ComputerSystem\\\"\",\"currentDirectory\":\"C:\\\\Windows\\\\CCM\\\\\",\"user\":\"NT AUTHORITY\\\\SYSTEM\",\"parentProcessGuid\":\"{03999d84-8c2e-7bbe-702b-000000000002}\",\"parentProcessId\":\"2356\",\"parentImage\":\"C:\\\\Windows\\\\CCM\\\\CcmExec.exe\",\"parentCommandLine\":\"C:\\\\Windows\\\\CCM\\\\CcmExec.exe -service\",\"hashes\":\"MD5=52A2D1D53AB7B54E6107FD5ACBDFFB15,SHA256=99C8275678FE526419811BC64793F96B0D55627558DFBBF37E4B9A9C4EEE61E1,IMPHASH=BA9BA9BB26C1A2513FD776DAAC02773E\"}}}",
      "expect": {
        "alert": false
      },
      "category": "noise",
      "attack": null,
      "evasion": false,
      "expected_rule_id": 100251,
      "expected_level": 0,
      "mitre_id": null
    },
    {
      "name": "noise 251 | Veeam | Get-VBRJob",
      "event": "{\"win\":{\"system\":{\"providerName\":\"Microsoft-Windows-Sysmon\",\"providerGuid\":\"{5770385f-c22a-43e0-bf4c-06f5698ffbd9}\",\"eventID\":\"1\",\"version\":\"5\",\"level\":\"4\",\"task\":\"1\",\"opcode\":\"0\",\"keywords\":\"0x8000000000000000\",\"systemTime\":\"2026-08-19T05:33:59.141183275Z\",\"eventRecordID\":\"549350\",\"channel\":\"Microsoft-Windows-Sysmon/Operational\",\"computer\":\"kingslanding.sevenkingdoms.local\",\"severityValue\":\"INFORMATION\"},\"eventdata\":{\"utcTime\":\"2026-08-19 05:33:59.141\",\"processGuid\":\"{ae7e5c4e-48a7-f71e-bd41-000000000005}\",\"processId\":\"3973\",\"image\":\"C:\\\\Windows\\\\System32\\\\WindowsPowerShell\\\\v1.0\\\\powershell.exe\",\"commandLine\":\"powershell.exe -NoProfile -Command \\\"Get-VBRJob | Select-Object Name,LastResult\\\"\",\"currentDirectory\":\"C:\\\\Program Files\\\\Veeam\\\\Backup\\\\\",\"user\":\"SEVENKINGDOMS\\\\backup_svc\",\"parentProcessGuid\":\"{38b9f294-fd3e-b1ba-b93b-000000000006}\",\"parentProcessId\":\"3122\",\"parentImage\":\"C:\\\\Program Files\\\\Veeam\\\\Backup\\\\VeeamAgent.exe\",\"parentCommandLine\":\"\\\"C:\\\\Program Files\\\\Veeam\\\\Backup\\\\VeeamAgent.exe\\\" -runjob NightlyBackup\",\"hashes\":\"MD5=52A2D1D53AB7B54E6107FD5ACBDFFB15,SHA256=99C8275678FE526419811BC64793F96B0D55627558DFBBF37E4B9A9C4EEE61E1,IMPHASH=BA9BA9BB26C1A2513FD776DAAC02773E\"}}}",
      "expect": {
        "alert": false
      },
      "category": "noise",
      "attack": null,
      "evasion": false,
      "expected_rule_id": 100251,
      "expected_level": 0,
      "mitre_id": null
    },
    {
      "name": "noise 252 | Veeam | vss_check.ps1",
      "event": "{\"win\":{\"system\":{\"providerName\":\"Microsoft-Windows-Sysmon\",\"providerGuid\":\"{5770385f-c22a-43e0-bf4c-06f5698ffbd9}\",\"eventID\":\"1\",\"version\":\"5\",\"level\":\"4\",\"task\":\"1\",\"opcode\":\"0\",\"keywords\":\"0x8000000000000000\",\"systemTime\":\"2026-08-19T05:35:03.719670669Z\",\"eventRecordID\":\"549351\",\"channel\":\"Microsoft-Windows-Sysmon/Operational\",\"computer\":\"kingslanding.sevenkingdoms.local\",\"severityValue\":\"INFORMATION\"},\"eventdata\":{\"utcTime\":\"2026-08-19 05:35:03.719\",\"processGuid\":\"{ae7e5c4e-48a7-f71e-bd41-000000000005}\",\"processId\":\"3973\",\"image\":\"C:\\\\Windows\\\\System32\\\\WindowsPowerShell\\\\v1.0\\\\powershell.exe\",\"commandLine\":\"powershell.exe -ExecutionPolicy Bypass -File C:\\\\Program Files\\\\Veeam\\\\Backup\\\\Scripts\\\\vss_check.ps1\",\"currentDirectory\":\"C:\\\\Program Files\\\\Veeam\\\\Backup\\\\\",\"user\":\"SEVENKINGDOMS\\\\backup_svc\",\"parentProcessGuid\":\"{38b9f294-fd3e-b1ba-b93b-000000000006}\",\"parentProcessId\":\"3122\",\"parentImage\":\"C:\\\\Program Files\\\\Veeam\\\\Backup\\\\VeeamAgent.exe\",\"parentCommandLine\":\"\\\"C:\\\\Program Files\\\\Veeam\\\\Backup\\\\VeeamAgent.exe\\\" -runjob NightlyBackup\",\"hashes\":\"MD5=52A2D1D53AB7B54E6107FD5ACBDFFB15,SHA256=99C8275678FE526419811BC64793F96B0D55627558DFBBF37E4B9A9C4EEE61E1,IMPHASH=BA9BA9BB26C1A2513FD776DAAC02773E\"}}}",
      "expect": {
        "alert": false
      },
      "category": "noise",
      "attack": null,
      "evasion": false,
      "expected_rule_id": 100251,
      "expected_level": 0,
      "mitre_id": null
    },
    {
      "name": "noise 253 | Veeam | Get-Volume",
      "event": "{\"win\":{\"system\":{\"providerName\":\"Microsoft-Windows-Sysmon\",\"providerGuid\":\"{5770385f-c22a-43e0-bf4c-06f5698ffbd9}\",\"eventID\":\"1\",\"version\":\"5\",\"level\":\"4\",\"task\":\"1\",\"opcode\":\"0\",\"keywords\":\"0x8000000000000000\",\"systemTime\":\"2026-08-19T05:36:40.387750244Z\",\"eventRecordID\":\"549352\",\"channel\":\"Microsoft-Windows-Sysmon/Operational\",\"computer\":\"kingslanding.sevenkingdoms.local\",\"severityValue\":\"INFORMATION\"},\"eventdata\":{\"utcTime\":\"2026-08-19 05:36:40.387\",\"processGuid\":\"{ae7e5c4e-48a7-f71e-bd41-000000000005}\",\"processId\":\"3973\",\"image\":\"C:\\\\Windows\\\\System32\\\\WindowsPowerShell\\\\v1.0\\\\powershell.exe\",\"commandLine\":\"powershell.exe -NoProfile -Command \\\"Get-Volume | Where-Object DriveLetter -eq 'D'\\\"\",\"currentDirectory\":\"C:\\\\Program Files\\\\Veeam\\\\Backup\\\\\",\"user\":\"SEVENKINGDOMS\\\\backup_svc\",\"parentProcessGuid\":\"{38b9f294-fd3e-b1ba-b93b-000000000006}\",\"parentProcessId\":\"3122\",\"parentImage\":\"C:\\\\Program Files\\\\Veeam\\\\Backup\\\\VeeamAgent.exe\",\"parentCommandLine\":\"C:\\\\Program Files\\\\Veeam\\\\Backup\\\\VeeamAgent.exe\",\"hashes\":\"MD5=52A2D1D53AB7B54E6107FD5ACBDFFB15,SHA256=99C8275678FE526419811BC64793F96B0D55627558DFBBF37E4B9A9C4EEE61E1,IMPHASH=BA9BA9BB26C1A2513FD776DAAC02773E\"}}}",
      "expect": {
        "alert": false
      },
      "category": "noise",
      "attack": null,
      "evasion": false,
      "expected_rule_id": 100251,
      "expected_level": 0,
      "mitre_id": null
    },
    {
      "name": "noise 254 | Veeam | vss_check.ps1",
      "event": "{\"win\":{\"system\":{\"providerName\":\"Microsoft-Windows-Sysmon\",\"providerGuid\":\"{5770385f-c22a-43e0-bf4c-06f5698ffbd9}\",\"eventID\":\"1\",\"version\":\"5\",\"level\":\"4\",\"task\":\"1\",\"opcode\":\"0\",\"keywords\":\"0x8000000000000000\",\"systemTime\":\"2026-08-19T05:38:53.232525087Z\",\"eventRecordID\":\"549353\",\"channel\":\"Microsoft-Windows-Sysmon/Operational\",\"computer\":\"kingslanding.sevenkingdoms.local\",\"severityValue\":\"INFORMATION\"},\"eventdata\":{\"utcTime\":\"2026-08-19 05:38:53.232\",\"processGuid\":\"{ae7e5c4e-48a7-f71e-bd41-000000000005}\",\"processId\":\"3973\",\"image\":\"C:\\\\Windows\\\\System32\\\\WindowsPowerShell\\\\v1.0\\\\powershell.exe\",\"commandLine\":\"powershell.exe -ExecutionPolicy Bypass -File C:\\\\Program Files\\\\Veeam\\\\Backup\\\\Scripts\\\\vss_check.ps1\",\"currentDirectory\":\"C:\\\\Program Files\\\\Veeam\\\\Backup\\\\\",\"user\":\"SEVENKINGDOMS\\\\backup_svc\",\"parentProcessGuid\":\"{38b9f294-fd3e-b1ba-b93b-000000000006}\",\"parentProcessId\":\"3122\",\"parentImage\":\"C:\\\\Program Files\\\\Veeam\\\\Backup\\\\VeeamAgent.exe\",\"parentCommandLine\":\"\\\"C:\\\\Program Files\\\\Veeam\\\\Backup\\\\VeeamAgent.exe\\\" -runjob NightlyBackup\",\"hashes\":\"MD5=52A2D1D53AB7B54E6107FD5ACBDFFB15,SHA256=99C8275678FE526419811BC64793F96B0D55627558DFBBF37E4B9A9C4EEE61E1,IMPHASH=BA9BA9BB26C1A2513FD776DAAC02773E\"}}}",
      "expect": {
        "alert": false
      },
      "category": "noise",
      "attack": null,
      "evasion": false,
      "expected_rule_id": 100251,
      "expected_level": 0,
      "mitre_id": null
    },
    {
      "name": "noise 255 | Veeam | Start-VBRJob",
      "event": "{\"win\":{\"system\":{\"providerName\":\"Microsoft-Windows-Sysmon\",\"providerGuid\":\"{5770385f-c22a-43e0-bf4c-06f5698ffbd9}\",\"eventID\":\"1\",\"version\":\"5\",\"level\":\"4\",\"task\":\"1\",\"opcode\":\"0\",\"keywords\":\"0x8000000000000000\",\"systemTime\":\"2026-08-19T05:40:15.554410688Z\",\"eventRecordID\":\"549354\",\"channel\":\"Microsoft-Windows-Sysmon/Operational\",\"computer\":\"kingslanding.sevenkingdoms.local\",\"severityValue\":\"INFORMATION\"},\"eventdata\":{\"utcTime\":\"2026-08-19 05:40:15.554\",\"processGuid\":\"{ae7e5c4e-48a7-f71e-bd41-000000000005}\",\"processId\":\"3973\",\"image\":\"C:\\\\Windows\\\\System32\\\\WindowsPowerShell\\\\v1.0\\\\powershell.exe\",\"commandLine\":\"powershell.exe -NoProfile -Command \\\"Start-VBRJob -Job 'DailyBackup'\\\"\",\"currentDirectory\":\"C:\\\\Program Files\\\\Veeam\\\\Backup\\\\\",\"user\":\"SEVENKINGDOMS\\\\backup_svc\",\"parentProcessGuid\":\"{38b9f294-fd3e-b1ba-b93b-000000000006}\",\"parentProcessId\":\"3122\",\"parentImage\":\"C:\\\\Program Files\\\\Veeam\\\\Backup\\\\VeeamAgent.exe\",\"parentCommandLine\":\"\\\"C:\\\\Program Files\\\\Veeam\\\\Backup\\\\VeeamAgent.exe\\\" -runjob DailyBackup\",\"hashes\":\"MD5=52A2D1D53AB7B54E6107FD5ACBDFFB15,SHA256=99C8275678FE526419811BC64793F96B0D55627558DFBBF37E4B9A9C4EEE61E1,IMPHASH=BA9BA9BB26C1A2513FD776DAAC02773E\"}}}",
      "expect": {
        "alert": false
      },
      "category": "noise",
      "attack": null,
      "evasion": false,
      "expected_rule_id": 100251,
      "expected_level": 0,
      "mitre_id": null
    },
    {
      "name": "noise 256 | Veeam | vss_check.ps1",
      "event": "{\"win\":{\"system\":{\"providerName\":\"Microsoft-Windows-Sysmon\",\"providerGuid\":\"{5770385f-c22a-43e0-bf4c-06f5698ffbd9}\",\"eventID\":\"1\",\"version\":\"5\",\"level\":\"4\",\"task\":\"1\",\"opcode\":\"0\",\"keywords\":\"0x8000000000000000\",\"systemTime\":\"2026-08-19T05:40:25.485557559Z\",\"eventRecordID\":\"549355\",\"channel\":\"Microsoft-Windows-Sysmon/Operational\",\"computer\":\"kingslanding.sevenkingdoms.local\",\"severityValue\":\"INFORMATION\"},\"eventdata\":{\"utcTime\":\"2026-08-19 05:40:25.485\",\"processGuid\":\"{ae7e5c4e-48a7-f71e-bd41-000000000005}\",\"processId\":\"3973\",\"image\":\"C:\\\\Windows\\\\System32\\\\WindowsPowerShell\\\\v1.0\\\\powershell.exe\",\"commandLine\":\"powershell.exe -ExecutionPolicy Bypass -File C:\\\\Program Files\\\\Veeam\\\\Backup\\\\Scripts\\\\vss_check.ps1\",\"currentDirectory\":\"C:\\\\Program Files\\\\Veeam\\\\Backup\\\\\",\"user\":\"SEVENKINGDOMS\\\\backup_svc\",\"parentProcessGuid\":\"{38b9f294-fd3e-b1ba-b93b-000000000006}\",\"parentProcessId\":\"3122\",\"parentImage\":\"C:\\\\Program Files\\\\Veeam\\\\Backup\\\\VeeamAgent.exe\",\"parentCommandLine\":\"\\\"C:\\\\Program Files\\\\Veeam\\\\Backup\\\\VeeamAgent.exe\\\" -runjob NightlyBackup\",\"hashes\":\"MD5=52A2D1D53AB7B54E6107FD5ACBDFFB15,SHA256=99C8275678FE526419811BC64793F96B0D55627558DFBBF37E4B9A9C4EEE61E1,IMPHASH=BA9BA9BB26C1A2513FD776DAAC02773E\"}}}",
      "expect": {
        "alert": false
      },
      "category": "noise",
      "attack": null,
      "evasion": false,
      "expected_rule_id": 100251,
      "expected_level": 0,
      "mitre_id": null
    },
    {
      "name": "noise 257 | Veeam | Get-VBRJob",
      "event": "{\"win\":{\"system\":{\"providerName\":\"Microsoft-Windows-Sysmon\",\"providerGuid\":\"{5770385f-c22a-43e0-bf4c-06f5698ffbd9}\",\"eventID\":\"1\",\"version\":\"5\",\"level\":\"4\",\"task\":\"1\",\"opcode\":\"0\",\"keywords\":\"0x8000000000000000\",\"systemTime\":\"2026-08-19T05:42:01.408373603Z\",\"eventRecordID\":\"549356\",\"channel\":\"Microsoft-Windows-Sysmon/Operational\",\"computer\":\"kingslanding.sevenkingdoms.local\",\"severityValue\":\"INFORMATION\"},\"eventdata\":{\"utcTime\":\"2026-08-19 05:42:01.408\",\"processGuid\":\"{ae7e5c4e-48a7-f71e-bd41-000000000005}\",\"processId\":\"3973\",\"image\":\"C:\\\\Windows\\\\System32\\\\WindowsPowerShell\\\\v1.0\\\\powershell.exe\",\"commandLine\":\"powershell.exe -NoProfile -Command \\\"Get-VBRJob | Select-Object Name,LastResult\\\"\",\"currentDirectory\":\"C:\\\\Program Files\\\\Veeam\\\\Backup\\\\\",\"user\":\"SEVENKINGDOMS\\\\backup_svc\",\"parentProcessGuid\":\"{38b9f294-fd3e-b1ba-b93b-000000000006}\",\"parentProcessId\":\"3122\",\"parentImage\":\"C:\\\\Program Files\\\\Veeam\\\\Backup\\\\VeeamAgent.exe\",\"parentCommandLine\":\"\\\"C:\\\\Program Files\\\\Veeam\\\\Backup\\\\VeeamAgent.exe\\\" -runjob NightlyBackup\",\"hashes\":\"MD5=52A2D1D53AB7B54E6107FD5ACBDFFB15,SHA256=99C8275678FE526419811BC64793F96B0D55627558DFBBF37E4B9A9C4EEE61E1,IMPHASH=BA9BA9BB26C1A2513FD776DAAC02773E\"}}}",
      "expect": {
        "alert": false
      },
      "category": "noise",
      "attack": null,
      "evasion": false,
      "expected_rule_id": 100251,
      "expected_level": 0,
      "mitre_id": null
    },
