    {
      "name": "noise 745 | certutil legit | certutil verifyctl ca.cer",
      "event": "{\"win\":{\"system\":{\"providerName\":\"Microsoft-Windows-Sysmon\",\"providerGuid\":\"{5770385f-c22a-43e0-bf4c-06f5698ffbd9}\",\"eventID\":\"1\",\"version\":\"5\",\"level\":\"4\",\"task\":\"1\",\"opcode\":\"0\",\"keywords\":\"0x8000000000000000\",\"systemTime\":\"2026-08-19T16:32:21.740810996Z\",\"eventRecordID\":\"549844\",\"channel\":\"Microsoft-Windows-Sysmon/Operational\",\"computer\":\"kingslanding.sevenkingdoms.local\",\"severityValue\":\"INFORMATION\"},\"eventdata\":{\"utcTime\":\"2026-08-19 16:32:21.740\",\"processGuid\":\"{c9d5e3b3-3a80-41ea-3e53-000000000014}\",\"processId\":\"671\",\"image\":\"C:\\\\Windows\\\\System32\\\\certutil.exe\",\"commandLine\":\"certutil.exe -verifyctl -f \\\"C:\\\\Windows\\\\Temp\\\\certs\\\\ca.cer\\\"\",\"currentDirectory\":\"C:\\\\Windows\\\\system32\\\\\",\"user\":\"SEVENKINGDOMS\\\\Administrator\",\"parentProcessGuid\":\"{41c406e3-aa37-7f60-b649-000000000015}\",\"parentProcessId\":\"6145\",\"parentImage\":\"C:\\\\Windows\\\\System32\\\\cmd.exe\",\"parentCommandLine\":\"cmd.exe /c certutil.exe -verifyctl -f \\\"C:\\\\Windows\\\\Temp\\\\certs\\\\ca.cer\\\"\",\"hashes\":\"MD5=79E05CF44B265169CD9A673B0D2C2FFB,SHA256=58858CD6163A83B3ABFA396041EE8C319BC3FC8AC6B02E2B5297FCEA33495D9B,IMPHASH=1C07B3CF511F24305EB0AE46D98C75BA\"}}}",
      "expect": {
        "alert": false
      },
      "category": "noise",
      "attack": null,
      "evasion": false,
      "expected_rule_id": 100251,
      "expected_level": 0,
      "mitre_id": null
    },
    {
      "name": "noise 746 | certutil legit | certutil dump root.cer",
      "event": "{\"win\":{\"system\":{\"providerName\":\"Microsoft-Windows-Sysmon\",\"providerGuid\":\"{5770385f-c22a-43e0-bf4c-06f5698ffbd9}\",\"eventID\":\"1\",\"version\":\"5\",\"level\":\"4\",\"task\":\"1\",\"opcode\":\"0\",\"keywords\":\"0x8000000000000000\",\"systemTime\":\"2026-08-19T16:34:54.579363766Z\",\"eventRecordID\":\"549845\",\"channel\":\"Microsoft-Windows-Sysmon/Operational\",\"computer\":\"kingslanding.sevenkingdoms.local\",\"severityValue\":\"INFORMATION\"},\"eventdata\":{\"utcTime\":\"2026-08-19 16:34:54.579\",\"processGuid\":\"{c9d5e3b3-3a80-41ea-3e53-000000000014}\",\"processId\":\"671\",\"image\":\"C:\\\\Windows\\\\System32\\\\certutil.exe\",\"commandLine\":\"certutil.exe -dump \\\"C:\\\\Windows\\\\Temp\\\\certs\\\\root.cer\\\"\",\"currentDirectory\":\"C:\\\\Windows\\\\system32\\\\\",\"user\":\"SEVENKINGDOMS\\\\Administrator\",\"parentProcessGuid\":\"{41c406e3-aa37-7f60-b649-000000000015}\",\"parentProcessId\":\"6145\",\"parentImage\":\"C:\\\\Windows\\\\System32\\\\cmd.exe\",\"parentCommandLine\":\"cmd.exe /c certutil.exe -dump \\\"C:\\\\Windows\\\\Temp\\\\certs\\\\root.cer\\\"\",\"hashes\":\"MD5=79E05CF44B265169CD9A673B0D2C2FFB,SHA256=58858CD6163A83B3ABFA396041EE8C319BC3FC8AC6B02E2B5297FCEA33495D9B,IMPHASH=1C07B3CF511F24305EB0AE46D98C75BA\"}}}",
      "expect": {
        "alert": false
      },
      "category": "noise",
      "attack": null,
      "evasion": false,
      "expected_rule_id": 100251,
      "expected_level": 0,
      "mitre_id": null
    },
    {
      "name": "noise 747 | certutil legit | certutil verifyctl ca.cer",
      "event": "{\"win\":{\"system\":{\"providerName\":\"Microsoft-Windows-Sysmon\",\"providerGuid\":\"{5770385f-c22a-43e0-bf4c-06f5698ffbd9}\",\"eventID\":\"1\",\"version\":\"5\",\"level\":\"4\",\"task\":\"1\",\"opcode\":\"0\",\"keywords\":\"0x8000000000000000\",\"systemTime\":\"2026-08-19T16:35:49.025756939Z\",\"eventRecordID\":\"549846\",\"channel\":\"Microsoft-Windows-Sysmon/Operational\",\"computer\":\"kingslanding.sevenkingdoms.local\",\"severityValue\":\"INFORMATION\"},\"eventdata\":{\"utcTime\":\"2026-08-19 16:35:49.025\",\"processGuid\":\"{c9d5e3b3-3a80-41ea-3e53-000000000014}\",\"processId\":\"671\",\"image\":\"C:\\\\Windows\\\\System32\\\\certutil.exe\",\"commandLine\":\"certutil.exe -verifyctl -f \\\"C:\\\\Windows\\\\Temp\\\\certs\\\\ca.cer\\\"\",\"currentDirectory\":\"C:\\\\Windows\\\\system32\\\\\",\"user\":\"SEVENKINGDOMS\\\\Administrator\",\"parentProcessGuid\":\"{41c406e3-aa37-7f60-b649-000000000015}\",\"parentProcessId\":\"6145\",\"parentImage\":\"C:\\\\Windows\\\\System32\\\\cmd.exe\",\"parentCommandLine\":\"cmd.exe /c certutil.exe -verifyctl -f \\\"C:\\\\Windows\\\\Temp\\\\certs\\\\ca.cer\\\"\",\"hashes\":\"MD5=79E05CF44B265169CD9A673B0D2C2FFB,SHA256=58858CD6163A83B3ABFA396041EE8C319BC3FC8AC6B02E2B5297FCEA33495D9B,IMPHASH=1C07B3CF511F24305EB0AE46D98C75BA\"}}}",
      "expect": {
        "alert": false
      },
      "category": "noise",
      "attack": null,
      "evasion": false,
      "expected_rule_id": 100251,
      "expected_level": 0,
      "mitre_id": null
    },
    {
      "name": "noise 748 | certutil legit | certutil verifyctl ca.cer",
      "event": "{\"win\":{\"system\":{\"providerName\":\"Microsoft-Windows-Sysmon\",\"providerGuid\":\"{5770385f-c22a-43e0-bf4c-06f5698ffbd9}\",\"eventID\":\"1\",\"version\":\"5\",\"level\":\"4\",\"task\":\"1\",\"opcode\":\"0\",\"keywords\":\"0x8000000000000000\",\"systemTime\":\"2026-08-19T16:37:23.886226747Z\",\"eventRecordID\":\"549847\",\"channel\":\"Microsoft-Windows-Sysmon/Operational\",\"computer\":\"kingslanding.sevenkingdoms.local\",\"severityValue\":\"INFORMATION\"},\"eventdata\":{\"utcTime\":\"2026-08-19 16:37:23.886\",\"processGuid\":\"{c9d5e3b3-3a80-41ea-3e53-000000000014}\",\"processId\":\"671\",\"image\":\"C:\\\\Windows\\\\System32\\\\certutil.exe\",\"commandLine\":\"certutil.exe -verifyctl -f \\\"C:\\\\Windows\\\\Temp\\\\certs\\\\ca.cer\\\"\",\"currentDirectory\":\"C:\\\\Windows\\\\system32\\\\\",\"user\":\"SEVENKINGDOMS\\\\Administrator\",\"parentProcessGuid\":\"{41c406e3-aa37-7f60-b649-000000000015}\",\"parentProcessId\":\"6145\",\"parentImage\":\"C:\\\\Windows\\\\System32\\\\cmd.exe\",\"parentCommandLine\":\"cmd.exe /c certutil.exe -verifyctl -f \\\"C:\\\\Windows\\\\Temp\\\\certs\\\\ca.cer\\\"\",\"hashes\":\"MD5=79E05CF44B265169CD9A673B0D2C2FFB,SHA256=58858CD6163A83B3ABFA396041EE8C319BC3FC8AC6B02E2B5297FCEA33495D9B,IMPHASH=1C07B3CF511F24305EB0AE46D98C75BA\"}}}",
      "expect": {
        "alert": false
      },
      "category": "noise",
      "attack": null,
      "evasion": false,
      "expected_rule_id": 100251,
      "expected_level": 0,
      "mitre_id": null
    },
    {
      "name": "noise 749 | certutil legit | certutil dump root.cer",
      "event": "{\"win\":{\"system\":{\"providerName\":\"Microsoft-Windows-Sysmon\",\"providerGuid\":\"{5770385f-c22a-43e0-bf4c-06f5698ffbd9}\",\"eventID\":\"1\",\"version\":\"5\",\"level\":\"4\",\"task\":\"1\",\"opcode\":\"0\",\"keywords\":\"0x8000000000000000\",\"systemTime\":\"2026-08-19T16:37:48.343567587Z\",\"eventRecordID\":\"549848\",\"channel\":\"Microsoft-Windows-Sysmon/Operational\",\"computer\":\"kingslanding.sevenkingdoms.local\",\"severityValue\":\"INFORMATION\"},\"eventdata\":{\"utcTime\":\"2026-08-19 16:37:48.343\",\"processGuid\":\"{79d59aa8-15bd-1854-5600-000000000016}\",\"processId\":\"671\",\"image\":\"C:\\\\Windows\\\\System32\\\\certutil.exe\",\"commandLine\":\"certutil.exe -dump \\\"C:\\\\Windows\\\\Temp\\\\certs\\\\root.cer\\\"\",\"currentDirectory\":\"C:\\\\Windows\\\\system32\\\\\",\"user\":\"NT AUTHORITY\\\\SYSTEM\",\"parentProcessGuid\":\"{8027c8a6-0a5e-92e0-9d1d-000000000011}\",\"parentProcessId\":\"2486\",\"parentImage\":\"C:\\\\Windows\\\\System32\\\\taskeng.exe\",\"parentCommandLine\":\"C:\\\\Windows\\\\System32\\\\taskeng.exe\",\"hashes\":\"MD5=79E05CF44B265169CD9A673B0D2C2FFB,SHA256=58858CD6163A83B3ABFA396041EE8C319BC3FC8AC6B02E2B5297FCEA33495D9B,IMPHASH=1C07B3CF511F24305EB0AE46D98C75BA\"}}}",
      "expect": {
        "alert": false
      },
      "category": "noise",
      "attack": null,
      "evasion": false,
      "expected_rule_id": 100251,
      "expected_level": 0,
      "mitre_id": null
    },
    {
      "name": "noise 750 | certutil legit | certutil dump root.cer",
      "event": "{\"win\":{\"system\":{\"providerName\":\"Microsoft-Windows-Sysmon\",\"providerGuid\":\"{5770385f-c22a-43e0-bf4c-06f5698ffbd9}\",\"eventID\":\"1\",\"version\":\"5\",\"level\":\"4\",\"task\":\"1\",\"opcode\":\"0\",\"keywords\":\"0x8000000000000000\",\"systemTime\":\"2026-08-19T16:39:20.071446258Z\",\"eventRecordID\":\"549849\",\"channel\":\"Microsoft-Windows-Sysmon/Operational\",\"computer\":\"kingslanding.sevenkingdoms.local\",\"severityValue\":\"INFORMATION\"},\"eventdata\":{\"utcTime\":\"2026-08-19 16:39:20.071\",\"processGuid\":\"{e2717f60-63c5-edd7-97ea-000000000012}\",\"processId\":\"671\",\"image\":\"C:\\\\Windows\\\\System32\\\\certutil.exe\",\"commandLine\":\"certutil.exe -dump \\\"C:\\\\Windows\\\\Temp\\\\certs\\\\root.cer\\\"\",\"currentDirectory\":\"C:\\\\Windows\\\\system32\\\\\",\"user\":\"NT AUTHORITY\\\\SYSTEM\",\"parentProcessGuid\":\"{8d556a29-260f-b220-458c-000000000013}\",\"parentProcessId\":\"3548\",\"parentImage\":\"C:\\\\Windows\\\\System32\\\\svchost.exe\",\"parentCommandLine\":\"C:\\\\Windows\\\\System32\\\\svchost.exe -k netsvcs -p -s CertPropSvc\",\"hashes\":\"MD5=79E05CF44B265169CD9A673B0D2C2FFB,SHA256=58858CD6163A83B3ABFA396041EE8C319BC3FC8AC6B02E2B5297FCEA33495D9B,IMPHASH=1C07B3CF511F24305EB0AE46D98C75BA\"}}}",
      "expect": {
        "alert": false
      },
      "category": "noise",
      "attack": null,
      "evasion": false,
      "expected_rule_id": 100251,
      "expected_level": 0,
      "mitre_id": null
    },
    {
      "name": "noise 751 | certutil legit | certutil pulse",
      "event": "{\"win\":{\"system\":{\"providerName\":\"Microsoft-Windows-Sysmon\",\"providerGuid\":\"{5770385f-c22a-43e0-bf4c-06f5698ffbd9}\",\"eventID\":\"1\",\"version\":\"5\",\"level\":\"4\",\"task\":\"1\",\"opcode\":\"0\",\"keywords\":\"0x8000000000000000\",\"systemTime\":\"2026-08-19T16:40:51.778872228Z\",\"eventRecordID\":\"549850\",\"channel\":\"Microsoft-Windows-Sysmon/Operational\",\"computer\":\"kingslanding.sevenkingdoms.local\",\"severityValue\":\"INFORMATION\"},\"eventdata\":{\"utcTime\":\"2026-08-19 16:40:51.778\",\"processGuid\":\"{e2717f60-63c5-edd7-97ea-000000000012}\",\"processId\":\"671\",\"image\":\"C:\\\\Windows\\\\System32\\\\certutil.exe\",\"commandLine\":\"certutil.exe -pulse\",\"currentDirectory\":\"C:\\\\Windows\\\\system32\\\\\",\"user\":\"NT AUTHORITY\\\\SYSTEM\",\"parentProcessGuid\":\"{8d556a29-260f-b220-458c-000000000013}\",\"parentProcessId\":\"3548\",\"parentImage\":\"C:\\\\Windows\\\\System32\\\\svchost.exe\",\"parentCommandLine\":\"C:\\\\Windows\\\\System32\\\\svchost.exe -k netsvcs -p -s CertPropSvc\",\"hashes\":\"MD5=79E05CF44B265169CD9A673B0D2C2FFB,SHA256=58858CD6163A83B3ABFA396041EE8C319BC3FC8AC6B02E2B5297FCEA33495D9B,IMPHASH=1C07B3CF511F24305EB0AE46D98C75BA\"}}}",
      "expect": {
        "alert": false
      },
      "category": "noise",
      "attack": null,
      "evasion": false,
      "expected_rule_id": 100251,
      "expected_level": 0,
      "mitre_id": null
    },
    {
      "name": "noise 752 | certutil legit | certutil verifyctl ca.cer",
      "event": "{\"win\":{\"system\":{\"providerName\":\"Microsoft-Windows-Sysmon\",\"providerGuid\":\"{5770385f-c22a-43e0-bf4c-06f5698ffbd9}\",\"eventID\":\"1\",\"version\":\"5\",\"level\":\"4\",\"task\":\"1\",\"opcode\":\"0\",\"keywords\":\"0x8000000000000000\",\"systemTime\":\"2026-08-19T16:41:49.155767588Z\",\"eventRecordID\":\"549851\",\"channel\":\"Microsoft-Windows-Sysmon/Operational\",\"computer\":\"kingslanding.sevenkingdoms.local\",\"severityValue\":\"INFORMATION\"},\"eventdata\":{\"utcTime\":\"2026-08-19 16:41:49.155\",\"processGuid\":\"{e2717f60-63c5-edd7-97ea-000000000012}\",\"processId\":\"671\",\"image\":\"C:\\\\Windows\\\\System32\\\\certutil.exe\",\"commandLine\":\"certutil.exe -verifyctl -f \\\"C:\\\\Windows\\\\Temp\\\\certs\\\\ca.cer\\\"\",\"currentDirectory\":\"C:\\\\Windows\\\\system32\\\\\",\"user\":\"NT AUTHORITY\\\\SYSTEM\",\"parentProcessGuid\":\"{8d556a29-260f-b220-458c-000000000013}\",\"parentProcessId\":\"3548\",\"parentImage\":\"C:\\\\Windows\\\\System32\\\\svchost.exe\",\"parentCommandLine\":\"C:\\\\Windows\\\\System32\\\\svchost.exe -k netsvcs -p -s CertPropSvc\",\"hashes\":\"MD5=79E05CF44B265169CD9A673B0D2C2FFB,SHA256=58858CD6163A83B3ABFA396041EE8C319BC3FC8AC6B02E2B5297FCEA33495D9B,IMPHASH=1C07B3CF511F24305EB0AE46D98C75BA\"}}}",
      "expect": {
        "alert": false
      },
      "category": "noise",
      "attack": null,
      "evasion": false,
      "expected_rule_id": 100251,
      "expected_level": 0,
      "mitre_id": null
    },
    {
      "name": "noise 753 | certutil legit | certutil dump root.cer",
      "event": "{\"win\":{\"system\":{\"providerName\":\"Microsoft-Windows-Sysmon\",\"providerGuid\":\"{5770385f-c22a-43e0-bf4c-06f5698ffbd9}\",\"eventID\":\"1\",\"version\":\"5\",\"level\":\"4\",\"task\":\"1\",\"opcode\":\"0\",\"keywords\":\"0x8000000000000000\",\"systemTime\":\"2026-08-19T16:43:24.306748068Z\",\"eventRecordID\":\"549852\",\"channel\":\"Microsoft-Windows-Sysmon/Operational\",\"computer\":\"kingslanding.sevenkingdoms.local\",\"severityValue\":\"INFORMATION\"},\"eventdata\":{\"utcTime\":\"2026-08-19 16:43:24.306\",\"processGuid\":\"{c9d5e3b3-3a80-41ea-3e53-000000000014}\",\"processId\":\"671\",\"image\":\"C:\\\\Windows\\\\System32\\\\certutil.exe\",\"commandLine\":\"certutil.exe -dump \\\"C:\\\\Windows\\\\Temp\\\\certs\\\\root.cer\\\"\",\"currentDirectory\":\"C:\\\\Windows\\\\system32\\\\\",\"user\":\"SEVENKINGDOMS\\\\Administrator\",\"parentProcessGuid\":\"{41c406e3-aa37-7f60-b649-000000000015}\",\"parentProcessId\":\"6145\",\"parentImage\":\"C:\\\\Windows\\\\System32\\\\cmd.exe\",\"parentCommandLine\":\"cmd.exe /c certutil.exe -dump \\\"C:\\\\Windows\\\\Temp\\\\certs\\\\root.cer\\\"\",\"hashes\":\"MD5=79E05CF44B265169CD9A673B0D2C2FFB,SHA256=58858CD6163A83B3ABFA396041EE8C319BC3FC8AC6B02E2B5297FCEA33495D9B,IMPHASH=1C07B3CF511F24305EB0AE46D98C75BA\"}}}",
      "expect": {
        "alert": false
      },
      "category": "noise",
      "attack": null,
      "evasion": false,
      "expected_rule_id": 100251,
      "expected_level": 0,
      "mitre_id": null
    },
    {
      "name": "noise 754 | certutil legit | certutil verifyctl ca.cer",
      "event": "{\"win\":{\"system\":{\"providerName\":\"Microsoft-Windows-Sysmon\",\"providerGuid\":\"{5770385f-c22a-43e0-bf4c-06f5698ffbd9}\",\"eventID\":\"1\",\"version\":\"5\",\"level\":\"4\",\"task\":\"1\",\"opcode\":\"0\",\"keywords\":\"0x8000000000000000\",\"systemTime\":\"2026-08-19T16:45:24.483328993Z\",\"eventRecordID\":\"549853\",\"channel\":\"Microsoft-Windows-Sysmon/Operational\",\"computer\":\"kingslanding.sevenkingdoms.local\",\"severityValue\":\"INFORMATION\"},\"eventdata\":{\"utcTime\":\"2026-08-19 16:45:24.483\",\"processGuid\":\"{c9d5e3b3-3a80-41ea-3e53-000000000014}\",\"processId\":\"671\",\"image\":\"C:\\\\Windows\\\\System32\\\\certutil.exe\",\"commandLine\":\"certutil.exe -verifyctl -f \\\"C:\\\\Windows\\\\Temp\\\\certs\\\\ca.cer\\\"\",\"currentDirectory\":\"C:\\\\Windows\\\\system32\\\\\",\"user\":\"SEVENKINGDOMS\\\\Administrator\",\"parentProcessGuid\":\"{41c406e3-aa37-7f60-b649-000000000015}\",\"parentProcessId\":\"6145\",\"parentImage\":\"C:\\\\Windows\\\\System32\\\\cmd.exe\",\"parentCommandLine\":\"cmd.exe /c certutil.exe -verifyctl -f \\\"C:\\\\Windows\\\\Temp\\\\certs\\\\ca.cer\\\"\",\"hashes\":\"MD5=79E05CF44B265169CD9A673B0D2C2FFB,SHA256=58858CD6163A83B3ABFA396041EE8C319BC3FC8AC6B02E2B5297FCEA33495D9B,IMPHASH=1C07B3CF511F24305EB0AE46D98C75BA\"}}}",
      "expect": {
        "alert": false
      },
      "category": "noise",
      "attack": null,
      "evasion": false,
      "expected_rule_id": 100251,
      "expected_level": 0,
      "mitre_id": null
    },
    {
      "name": "noise 755 | certutil legit | certutil verifyctl machinekeys",
      "event": "{\"win\":{\"system\":{\"providerName\":\"Microsoft-Windows-Sysmon\",\"providerGuid\":\"{5770385f-c22a-43e0-bf4c-06f5698ffbd9}\",\"eventID\":\"1\",\"version\":\"5\",\"level\":\"4\",\"task\":\"1\",\"opcode\":\"0\",\"keywords\":\"0x8000000000000000\",\"systemTime\":\"2026-08-19T16:46:50.367849830Z\",\"eventRecordID\":\"549854\",\"channel\":\"Microsoft-Windows-Sysmon/Operational\",\"computer\":\"kingslanding.sevenkingdoms.local\",\"severityValue\":\"INFORMATION\"},\"eventdata\":{\"utcTime\":\"2026-08-19 16:46:50.367\",\"processGuid\":\"{e2717f60-63c5-edd7-97ea-000000000012}\",\"processId\":\"671\",\"image\":\"C:\\\\Windows\\\\System32\\\\certutil.exe\",\"commandLine\":\"certutil.exe -verifyctl \\\"C:\\\\ProgramData\\\\Microsoft\\\\Crypto\\\\RSA\\\\MachineKeys\\\\cert.cer\\\"\",\"currentDirectory\":\"C:\\\\Windows\\\\system32\\\\\",\"user\":\"NT AUTHORITY\\\\SYSTEM\",\"parentProcessGuid\":\"{8d556a29-260f-b220-458c-000000000013}\",\"parentProcessId\":\"3548\",\"parentImage\":\"C:\\\\Windows\\\\System32\\\\svchost.exe\",\"parentCommandLine\":\"C:\\\\Windows\\\\System32\\\\svchost.exe -k netsvcs -p -s CertPropSvc\",\"hashes\":\"MD5=79E05CF44B265169CD9A673B0D2C2FFB,SHA256=58858CD6163A83B3ABFA396041EE8C319BC3FC8AC6B02E2B5297FCEA33495D9B,IMPHASH=1C07B3CF511F24305EB0AE46D98C75BA\"}}}",
      "expect": {
        "alert": false
      },
      "category": "noise",
      "attack": null,
      "evasion": false,
      "expected_rule_id": 100251,
      "expected_level": 0,
      "mitre_id": null
    },
    {
      "name": "noise 756 | certutil legit | certutil pulse",
      "event": "{\"win\":{\"system\":{\"providerName\":\"Microsoft-Windows-Sysmon\",\"providerGuid\":\"{5770385f-c22a-43e0-bf4c-06f5698ffbd9}\",\"eventID\":\"1\",\"version\":\"5\",\"level\":\"4\",\"task\":\"1\",\"opcode\":\"0\",\"keywords\":\"0x8000000000000000\",\"systemTime\":\"2026-08-19T16:47:51.065288927Z\",\"eventRecordID\":\"549855\",\"channel\":\"Microsoft-Windows-Sysmon/Operational\",\"computer\":\"kingslanding.sevenkingdoms.local\",\"severityValue\":\"INFORMATION\"},\"eventdata\":{\"utcTime\":\"2026-08-19 16:47:51.065\",\"processGuid\":\"{79d59aa8-15bd-1854-5600-000000000016}\",\"processId\":\"671\",\"image\":\"C:\\\\Windows\\\\System32\\\\certutil.exe\",\"commandLine\":\"certutil.exe -pulse\",\"currentDirectory\":\"C:\\\\Windows\\\\system32\\\\\",\"user\":\"NT AUTHORITY\\\\SYSTEM\",\"parentProcessGuid\":\"{8027c8a6-0a5e-92e0-9d1d-000000000011}\",\"parentProcessId\":\"2486\",\"parentImage\":\"C:\\\\Windows\\\\System32\\\\taskeng.exe\",\"parentCommandLine\":\"C:\\\\Windows\\\\System32\\\\taskeng.exe\",\"hashes\":\"MD5=79E05CF44B265169CD9A673B0D2C2FFB,SHA256=58858CD6163A83B3ABFA396041EE8C319BC3FC8AC6B02E2B5297FCEA33495D9B,IMPHASH=1C07B3CF511F24305EB0AE46D98C75BA\"}}}",
      "expect": {
        "alert": false
      },
      "category": "noise",
      "attack": null,
      "evasion": false,
      "expected_rule_id": 100251,
      "expected_level": 0,
      "mitre_id": null
    },
    {
      "name": "noise 757 | certutil legit | certutil dump root.cer",
      "event": "{\"win\":{\"system\":{\"providerName\":\"Microsoft-Windows-Sysmon\",\"providerGuid\":\"{5770385f-c22a-43e0-bf4c-06f5698ffbd9}\",\"eventID\":\"1\",\"version\":\"5\",\"level\":\"4\",\"task\":\"1\",\"opcode\":\"0\",\"keywords\":\"0x8000000000000000\",\"systemTime\":\"2026-08-19T16:48:42.067434126Z\",\"eventRecordID\":\"549856\",\"channel\":\"Microsoft-Windows-Sysmon/Operational\",\"computer\":\"kingslanding.sevenkingdoms.local\",\"severityValue\":\"INFORMATION\"},\"eventdata\":{\"utcTime\":\"2026-08-19 16:48:42.067\",\"processGuid\":\"{c9d5e3b3-3a80-41ea-3e53-000000000014}\",\"processId\":\"671\",\"image\":\"C:\\\\Windows\\\\System32\\\\certutil.exe\",\"commandLine\":\"certutil.exe -dump \\\"C:\\\\Windows\\\\Temp\\\\certs\\\\root.cer\\\"\",\"currentDirectory\":\"C:\\\\Windows\\\\system32\\\\\",\"user\":\"SEVENKINGDOMS\\\\Administrator\",\"parentProcessGuid\":\"{41c406e3-aa37-7f60-b649-000000000015}\",\"parentProcessId\":\"6145\",\"parentImage\":\"C:\\\\Windows\\\\System32\\\\cmd.exe\",\"parentCommandLine\":\"cmd.exe /c certutil.exe -dump \\\"C:\\\\Windows\\\\Temp\\\\certs\\\\root.cer\\\"\",\"hashes\":\"MD5=79E05CF44B265169CD9A673B0D2C2FFB,SHA256=58858CD6163A83B3ABFA396041EE8C319BC3FC8AC6B02E2B5297FCEA33495D9B,IMPHASH=1C07B3CF511F24305EB0AE46D98C75BA\"}}}",
      "expect": {
        "alert": false
      },
      "category": "noise",
      "attack": null,
      "evasion": false,
      "expected_rule_id": 100251,
      "expected_level": 0,
      "mitre_id": null
    },
    {
      "name": "noise 758 | certutil legit | certutil verifyctl ca-bundle.cer",
      "event": "{\"win\":{\"system\":{\"providerName\":\"Microsoft-Windows-Sysmon\",\"providerGuid\":\"{5770385f-c22a-43e0-bf4c-06f5698ffbd9}\",\"eventID\":\"1\",\"version\":\"5\",\"level\":\"4\",\"task\":\"1\",\"opcode\":\"0\",\"keywords\":\"0x8000000000000000\",\"systemTime\":\"2026-08-19T16:50:55.027565091Z\",\"eventRecordID\":\"549857\",\"channel\":\"Microsoft-Windows-Sysmon/Operational\",\"computer\":\"kingslanding.sevenkingdoms.local\",\"severityValue\":\"INFORMATION\"},\"eventdata\":{\"utcTime\":\"2026-08-19 16:50:55.027\",\"processGuid\":\"{e2717f60-63c5-edd7-97ea-000000000012}\",\"processId\":\"671\",\"image\":\"C:\\\\Windows\\\\System32\\\\certutil.exe\",\"commandLine\":\"certutil.exe -verifyctl \\\"C:\\\\Users\\\\Public\\\\Documents\\\\ca-bundle.cer\\\"\",\"currentDirectory\":\"C:\\\\Windows\\\\system32\\\\\",\"user\":\"NT AUTHORITY\\\\SYSTEM\",\"parentProcessGuid\":\"{8d556a29-260f-b220-458c-000000000013}\",\"parentProcessId\":\"3548\",\"parentImage\":\"C:\\\\Windows\\\\System32\\\\svchost.exe\",\"parentCommandLine\":\"C:\\\\Windows\\\\System32\\\\svchost.exe -k netsvcs -p -s CertPropSvc\",\"hashes\":\"MD5=79E05CF44B265169CD9A673B0D2C2FFB,SHA256=58858CD6163A83B3ABFA396041EE8C319BC3FC8AC6B02E2B5297FCEA33495D9B,IMPHASH=1C07B3CF511F24305EB0AE46D98C75BA\"}}}",
      "expect": {
        "alert": false
      },
      "category": "noise",
      "attack": null,
      "evasion": false,
      "expected_rule_id": 100251,
      "expected_level": 0,
      "mitre_id": null
    },
    {
      "name": "noise 759 | certutil legit | certutil verifyctl machinekeys",
      "event": "{\"win\":{\"system\":{\"providerName\":\"Microsoft-Windows-Sysmon\",\"providerGuid\":\"{5770385f-c22a-43e0-bf4c-06f5698ffbd9}\",\"eventID\":\"1\",\"version\":\"5\",\"level\":\"4\",\"task\":\"1\",\"opcode\":\"0\",\"keywords\":\"0x8000000000000000\",\"systemTime\":\"2026-08-19T16:52:13.633493657Z\",\"eventRecordID\":\"549858\",\"channel\":\"Microsoft-Windows-Sysmon/Operational\",\"computer\":\"kingslanding.sevenkingdoms.local\",\"severityValue\":\"INFORMATION\"},\"eventdata\":{\"utcTime\":\"2026-08-19 16:52:13.633\",\"processGuid\":\"{e2717f60-63c5-edd7-97ea-000000000012}\",\"processId\":\"671\",\"image\":\"C:\\\\Windows\\\\System32\\\\certutil.exe\",\"commandLine\":\"certutil.exe -verifyctl \\\"C:\\\\ProgramData\\\\Microsoft\\\\Crypto\\\\RSA\\\\MachineKeys\\\\cert.cer\\\"\",\"currentDirectory\":\"C:\\\\Windows\\\\system32\\\\\",\"user\":\"NT AUTHORITY\\\\SYSTEM\",\"parentProcessGuid\":\"{8d556a29-260f-b220-458c-000000000013}\",\"parentProcessId\":\"3548\",\"parentImage\":\"C:\\\\Windows\\\\System32\\\\svchost.exe\",\"parentCommandLine\":\"C:\\\\Windows\\\\System32\\\\svchost.exe -k netsvcs -p -s CertPropSvc\",\"hashes\":\"MD5=79E05CF44B265169CD9A673B0D2C2FFB,SHA256=58858CD6163A83B3ABFA396041EE8C319BC3FC8AC6B02E2B5297FCEA33495D9B,IMPHASH=1C07B3CF511F24305EB0AE46D98C75BA\"}}}",
      "expect": {
        "alert": false
      },
      "category": "noise",
      "attack": null,
      "evasion": false,
      "expected_rule_id": 100251,
      "expected_level": 0,
      "mitre_id": null
    },
    {
      "name": "noise 760 | certutil legit | certutil pulse",
      "event": "{\"win\":{\"system\":{\"providerName\":\"Microsoft-Windows-Sysmon\",\"providerGuid\":\"{5770385f-c22a-43e0-bf4c-06f5698ffbd9}\",\"eventID\":\"1\",\"version\":\"5\",\"level\":\"4\",\"task\":\"1\",\"opcode\":\"0\",\"keywords\":\"0x8000000000000000\",\"systemTime\":\"2026-08-19T16:52:51.004897814Z\",\"eventRecordID\":\"549859\",\"channel\":\"Microsoft-Windows-Sysmon/Operational\",\"computer\":\"kingslanding.sevenkingdoms.local\",\"severityValue\":\"INFORMATION\"},\"eventdata\":{\"utcTime\":\"2026-08-19 16:52:51.004\",\"processGuid\":\"{c9d5e3b3-3a80-41ea-3e53-000000000014}\",\"processId\":\"671\",\"image\":\"C:\\\\Windows\\\\System32\\\\certutil.exe\",\"commandLine\":\"certutil.exe -pulse\",\"currentDirectory\":\"C:\\\\Windows\\\\system32\\\\\",\"user\":\"SEVENKINGDOMS\\\\Administrator\",\"parentProcessGuid\":\"{41c406e3-aa37-7f60-b649-000000000015}\",\"parentProcessId\":\"6145\",\"parentImage\":\"C:\\\\Windows\\\\System32\\\\cmd.exe\",\"parentCommandLine\":\"cmd.exe /c certutil.exe -pulse\",\"hashes\":\"MD5=79E05CF44B265169CD9A673B0D2C2FFB,SHA256=58858CD6163A83B3ABFA396041EE8C319BC3FC8AC6B02E2B5297FCEA33495D9B,IMPHASH=1C07B3CF511F24305EB0AE46D98C75BA\"}}}",
      "expect": {
        "alert": false
      },
      "category": "noise",
      "attack": null,
      "evasion": false,
      "expected_rule_id": 100251,
      "expected_level": 0,
      "mitre_id": null
    },
    {
      "name": "noise 761 | certutil legit | certutil verifyctl ca-bundle.cer",
      "event": "{\"win\":{\"system\":{\"providerName\":\"Microsoft-Windows-Sysmon\",\"providerGuid\":\"{5770385f-c22a-43e0-bf4c-06f5698ffbd9}\",\"eventID\":\"1\",\"version\":\"5\",\"level\":\"4\",\"task\":\"1\",\"opcode\":\"0\",\"keywords\":\"0x8000000000000000\",\"systemTime\":\"2026-08-19T16:54:08.456194167Z\",\"eventRecordID\":\"549860\",\"channel\":\"Microsoft-Windows-Sysmon/Operational\",\"computer\":\"kingslanding.sevenkingdoms.local\",\"severityValue\":\"INFORMATION\"},\"eventdata\":{\"utcTime\":\"2026-08-19 16:54:08.456\",\"processGuid\":\"{e2717f60-63c5-edd7-97ea-000000000012}\",\"processId\":\"671\",\"image\":\"C:\\\\Windows\\\\System32\\\\certutil.exe\",\"commandLine\":\"certutil.exe -verifyctl \\\"C:\\\\Users\\\\Public\\\\Documents\\\\ca-bundle.cer\\\"\",\"currentDirectory\":\"C:\\\\Windows\\\\system32\\\\\",\"user\":\"NT AUTHORITY\\\\SYSTEM\",\"parentProcessGuid\":\"{8d556a29-260f-b220-458c-000000000013}\",\"parentProcessId\":\"3548\",\"parentImage\":\"C:\\\\Windows\\\\System32\\\\svchost.exe\",\"parentCommandLine\":\"C:\\\\Windows\\\\System32\\\\svchost.exe -k netsvcs -p -s CertPropSvc\",\"hashes\":\"MD5=79E05CF44B265169CD9A673B0D2C2FFB,SHA256=58858CD6163A83B3ABFA396041EE8C319BC3FC8AC6B02E2B5297FCEA33495D9B,IMPHASH=1C07B3CF511F24305EB0AE46D98C75BA\"}}}",
      "expect": {
        "alert": false
      },
      "category": "noise",
      "attack": null,
      "evasion": false,
      "expected_rule_id": 100251,
      "expected_level": 0,
      "mitre_id": null
    },
    {
      "name": "noise 762 | certutil legit | certutil verifyctl root.cer",
      "event": "{\"win\":{\"system\":{\"providerName\":\"Microsoft-Windows-Sysmon\",\"providerGuid\":\"{5770385f-c22a-43e0-bf4c-06f5698ffbd9}\",\"eventID\":\"1\",\"version\":\"5\",\"level\":\"4\",\"task\":\"1\",\"opcode\":\"0\",\"keywords\":\"0x8000000000000000\",\"systemTime\":\"2026-08-19T16:55:00.652602386Z\",\"eventRecordID\":\"549861\",\"channel\":\"Microsoft-Windows-Sysmon/Operational\",\"computer\":\"kingslanding.sevenkingdoms.local\",\"severityValue\":\"INFORMATION\"},\"eventdata\":{\"utcTime\":\"2026-08-19 16:55:00.652\",\"processGuid\":\"{e2717f60-63c5-edd7-97ea-000000000012}\",\"processId\":\"671\",\"image\":\"C:\\\\Windows\\\\System32\\\\certutil.exe\",\"commandLine\":\"certutil.exe -verifyctl \\\"C:\\\\Windows\\\\Temp\\\\certs\\\\root.cer\\\"\",\"currentDirectory\":\"C:\\\\Windows\\\\system32\\\\\",\"user\":\"NT AUTHORITY\\\\SYSTEM\",\"parentProcessGuid\":\"{8d556a29-260f-b220-458c-000000000013}\",\"parentProcessId\":\"3548\",\"parentImage\":\"C:\\\\Windows\\\\System32\\\\svchost.exe\",\"parentCommandLine\":\"C:\\\\Windows\\\\System32\\\\svchost.exe -k netsvcs -p -s CertPropSvc\",\"hashes\":\"MD5=79E05CF44B265169CD9A673B0D2C2FFB,SHA256=58858CD6163A83B3ABFA396041EE8C319BC3FC8AC6B02E2B5297FCEA33495D9B,IMPHASH=1C07B3CF511F24305EB0AE46D98C75BA\"}}}",
      "expect": {
        "alert": false
      },
      "category": "noise",
      "attack": null,
      "evasion": false,
      "expected_rule_id": 100251,
      "expected_level": 0,
      "mitre_id": null
    },
    {
      "name": "noise 763 | certutil legit | certutil verifyctl ca-bundle.cer",
      "event": "{\"win\":{\"system\":{\"providerName\":\"Microsoft-Windows-Sysmon\",\"providerGuid\":\"{5770385f-c22a-43e0-bf4c-06f5698ffbd9}\",\"eventID\":\"1\",\"version\":\"5\",\"level\":\"4\",\"task\":\"1\",\"opcode\":\"0\",\"keywords\":\"0x8000000000000000\",\"systemTime\":\"2026-08-19T16:57:33.470447907Z\",\"eventRecordID\":\"549862\",\"channel\":\"Microsoft-Windows-Sysmon/Operational\",\"computer\":\"kingslanding.sevenkingdoms.local\",\"severityValue\":\"INFORMATION\"},\"eventdata\":{\"utcTime\":\"2026-08-19 16:57:33.470\",\"processGuid\":\"{c9d5e3b3-3a80-41ea-3e53-000000000014}\",\"processId\":\"671\",\"image\":\"C:\\\\Windows\\\\System32\\\\certutil.exe\",\"commandLine\":\"certutil.exe -verifyctl \\\"C:\\\\Users\\\\Public\\\\Documents\\\\ca-bundle.cer\\\"\",\"currentDirectory\":\"C:\\\\Windows\\\\system32\\\\\",\"user\":\"SEVENKINGDOMS\\\\Administrator\",\"parentProcessGuid\":\"{41c406e3-aa37-7f60-b649-000000000015}\",\"parentProcessId\":\"6145\",\"parentImage\":\"C:\\\\Windows\\\\System32\\\\cmd.exe\",\"parentCommandLine\":\"cmd.exe /c certutil.exe -verifyctl \\\"C:\\\\Users\\\\Public\\\\Documents\\\\ca-bundle.cer\\\"\",\"hashes\":\"MD5=79E05CF44B265169CD9A673B0D2C2FFB,SHA256=58858CD6163A83B3ABFA396041EE8C319BC3FC8AC6B02E2B5297FCEA33495D9B,IMPHASH=1C07B3CF511F24305EB0AE46D98C75BA\"}}}",
      "expect": {
        "alert": false
      },
      "category": "noise",
      "attack": null,
      "evasion": false,
      "expected_rule_id": 100251,
      "expected_level": 0,
      "mitre_id": null
    },
    {
      "name": "noise 764 | certutil legit | certutil verifyctl ca-bundle.cer",
      "event": "{\"win\":{\"system\":{\"providerName\":\"Microsoft-Windows-Sysmon\",\"providerGuid\":\"{5770385f-c22a-43e0-bf4c-06f5698ffbd9}\",\"eventID\":\"1\",\"version\":\"5\",\"level\":\"4\",\"task\":\"1\",\"opcode\":\"0\",\"keywords\":\"0x8000000000000000\",\"systemTime\":\"2026-08-19T16:57:58.971245600Z\",\"eventRecordID\":\"549863\",\"channel\":\"Microsoft-Windows-Sysmon/Operational\",\"computer\":\"kingslanding.sevenkingdoms.local\",\"severityValue\":\"INFORMATION\"},\"eventdata\":{\"utcTime\":\"2026-08-19 16:57:58.971\",\"processGuid\":\"{c9d5e3b3-3a80-41ea-3e53-000000000014}\",\"processId\":\"671\",\"image\":\"C:\\\\Windows\\\\System32\\\\certutil.exe\",\"commandLine\":\"certutil.exe -verifyctl \\\"C:\\\\Users\\\\Public\\\\Documents\\\\ca-bundle.cer\\\"\",\"currentDirectory\":\"C:\\\\Windows\\\\system32\\\\\",\"user\":\"SEVENKINGDOMS\\\\Administrator\",\"parentProcessGuid\":\"{41c406e3-aa37-7f60-b649-000000000015}\",\"parentProcessId\":\"6145\",\"parentImage\":\"C:\\\\Windows\\\\System32\\\\cmd.exe\",\"parentCommandLine\":\"cmd.exe /c certutil.exe -verifyctl \\\"C:\\\\Users\\\\Public\\\\Documents\\\\ca-bundle.cer\\\"\",\"hashes\":\"MD5=79E05CF44B265169CD9A673B0D2C2FFB,SHA256=58858CD6163A83B3ABFA396041EE8C319BC3FC8AC6B02E2B5297FCEA33495D9B,IMPHASH=1C07B3CF511F24305EB0AE46D98C75BA\"}}}",
      "expect": {
        "alert": false
      },
      "category": "noise",
      "attack": null,
      "evasion": false,
      "expected_rule_id": 100251,
      "expected_level": 0,
      "mitre_id": null
    },
    {
      "name": "noise 765 | certutil legit | certutil dump root.cer",
      "event": "{\"win\":{\"system\":{\"providerName\":\"Microsoft-Windows-Sysmon\",\"providerGuid\":\"{5770385f-c22a-43e0-bf4c-06f5698ffbd9}\",\"eventID\":\"1\",\"version\":\"5\",\"level\":\"4\",\"task\":\"1\",\"opcode\":\"0\",\"keywords\":\"0x8000000000000000\",\"systemTime\":\"2026-08-19T16:59:59.763286355Z\",\"eventRecordID\":\"549864\",\"channel\":\"Microsoft-Windows-Sysmon/Operational\",\"computer\":\"kingslanding.sevenkingdoms.local\",\"severityValue\":\"INFORMATION\"},\"eventdata\":{\"utcTime\":\"2026-08-19 16:59:59.763\",\"processGuid\":\"{e2717f60-63c5-edd7-97ea-000000000012}\",\"processId\":\"671\",\"image\":\"C:\\\\Windows\\\\System32\\\\certutil.exe\",\"commandLine\":\"certutil.exe -dump \\\"C:\\\\Windows\\\\Temp\\\\certs\\\\root.cer\\\"\",\"currentDirectory\":\"C:\\\\Windows\\\\system32\\\\\",\"user\":\"NT AUTHORITY\\\\SYSTEM\",\"parentProcessGuid\":\"{8d556a29-260f-b220-458c-000000000013}\",\"parentProcessId\":\"3548\",\"parentImage\":\"C:\\\\Windows\\\\System32\\\\svchost.exe\",\"parentCommandLine\":\"C:\\\\Windows\\\\System32\\\\svchost.exe -k netsvcs -p -s CertPropSvc\",\"hashes\":\"MD5=79E05CF44B265169CD9A673B0D2C2FFB,SHA256=58858CD6163A83B3ABFA396041EE8C319BC3FC8AC6B02E2B5297FCEA33495D9B,IMPHASH=1C07B3CF511F24305EB0AE46D98C75BA\"}}}",
      "expect": {
        "alert": false
      },
      "category": "noise",
      "attack": null,
      "evasion": false,
      "expected_rule_id": 100251,
      "expected_level": 0,
      "mitre_id": null
    },
    {
      "name": "noise 766 | certutil legit | certutil verifyctl ca-bundle.cer",
      "event": "{\"win\":{\"system\":{\"providerName\":\"Microsoft-Windows-Sysmon\",\"providerGuid\":\"{5770385f-c22a-43e0-bf4c-06f5698ffbd9}\",\"eventID\":\"1\",\"version\":\"5\",\"level\":\"4\",\"task\":\"1\",\"opcode\":\"0\",\"keywords\":\"0x8000000000000000\",\"systemTime\":\"2026-08-19T17:01:32.089139484Z\",\"eventRecordID\":\"549865\",\"channel\":\"Microsoft-Windows-Sysmon/Operational\",\"computer\":\"kingslanding.sevenkingdoms.local\",\"severityValue\":\"INFORMATION\"},\"eventdata\":{\"utcTime\":\"2026-08-19 17:01:32.089\",\"processGuid\":\"{c9d5e3b3-3a80-41ea-3e53-000000000014}\",\"processId\":\"671\",\"image\":\"C:\\\\Windows\\\\System32\\\\certutil.exe\",\"commandLine\":\"certutil.exe -verifyctl \\\"C:\\\\Users\\\\Public\\\\Documents\\\\ca-bundle.cer\\\"\",\"currentDirectory\":\"C:\\\\Windows\\\\system32\\\\\",\"user\":\"SEVENKINGDOMS\\\\Administrator\",\"parentProcessGuid\":\"{41c406e3-aa37-7f60-b649-000000000015}\",\"parentProcessId\":\"6145\",\"parentImage\":\"C:\\\\Windows\\\\System32\\\\cmd.exe\",\"parentCommandLine\":\"cmd.exe /c certutil.exe -verifyctl \\\"C:\\\\Users\\\\Public\\\\Documents\\\\ca-bundle.cer\\\"\",\"hashes\":\"MD5=79E05CF44B265169CD9A673B0D2C2FFB,SHA256=58858CD6163A83B3ABFA396041EE8C319BC3FC8AC6B02E2B5297FCEA33495D9B,IMPHASH=1C07B3CF511F24305EB0AE46D98C75BA\"}}}",
      "expect": {
        "alert": false
      },
      "category": "noise",
      "attack": null,
      "evasion": false,
      "expected_rule_id": 100251,
      "expected_level": 0,
      "mitre_id": null
    },
    {
      "name": "noise 767 | certutil legit | certutil dump root.cer",
      "event": "{\"win\":{\"system\":{\"providerName\":\"Microsoft-Windows-Sysmon\",\"providerGuid\":\"{5770385f-c22a-43e0-bf4c-06f5698ffbd9}\",\"eventID\":\"1\",\"version\":\"5\",\"level\":\"4\",\"task\":\"1\",\"opcode\":\"0\",\"keywords\":\"0x8000000000000000\",\"systemTime\":\"2026-08-19T17:02:01.627595855Z\",\"eventRecordID\":\"549866\",\"channel\":\"Microsoft-Windows-Sysmon/Operational\",\"computer\":\"kingslanding.sevenkingdoms.local\",\"severityValue\":\"INFORMATION\"},\"eventdata\":{\"utcTime\":\"2026-08-19 17:02:01.627\",\"processGuid\":\"{e2717f60-63c5-edd7-97ea-000000000012}\",\"processId\":\"671\",\"image\":\"C:\\\\Windows\\\\System32\\\\certutil.exe\",\"commandLine\":\"certutil.exe -dump \\\"C:\\\\Windows\\\\Temp\\\\certs\\\\root.cer\\\"\",\"currentDirectory\":\"C:\\\\Windows\\\\system32\\\\\",\"user\":\"NT AUTHORITY\\\\SYSTEM\",\"parentProcessGuid\":\"{8d556a29-260f-b220-458c-000000000013}\",\"parentProcessId\":\"3548\",\"parentImage\":\"C:\\\\Windows\\\\System32\\\\svchost.exe\",\"parentCommandLine\":\"C:\\\\Windows\\\\System32\\\\svchost.exe -k netsvcs -p -s CertPropSvc\",\"hashes\":\"MD5=79E05CF44B265169CD9A673B0D2C2FFB,SHA256=58858CD6163A83B3ABFA396041EE8C319BC3FC8AC6B02E2B5297FCEA33495D9B,IMPHASH=1C07B3CF511F24305EB0AE46D98C75BA\"}}}",
      "expect": {
        "alert": false
      },
      "category": "noise",
      "attack": null,
      "evasion": false,
      "expected_rule_id": 100251,
      "expected_level": 0,
      "mitre_id": null
    },
    {
      "name": "noise 768 | certutil legit | certutil pulse",
      "event": "{\"win\":{\"system\":{\"providerName\":\"Microsoft-Windows-Sysmon\",\"providerGuid\":\"{5770385f-c22a-43e0-bf4c-06f5698ffbd9}\",\"eventID\":\"1\",\"version\":\"5\",\"level\":\"4\",\"task\":\"1\",\"opcode\":\"0\",\"keywords\":\"0x8000000000000000\",\"systemTime\":\"2026-08-19T17:04:14.448924235Z\",\"eventRecordID\":\"549867\",\"channel\":\"Microsoft-Windows-Sysmon/Operational\",\"computer\":\"kingslanding.sevenkingdoms.local\",\"severityValue\":\"INFORMATION\"},\"eventdata\":{\"utcTime\":\"2026-08-19 17:04:14.448\",\"processGuid\":\"{e2717f60-63c5-edd7-97ea-000000000012}\",\"processId\":\"671\",\"image\":\"C:\\\\Windows\\\\System32\\\\certutil.exe\",\"commandLine\":\"certutil.exe -pulse\",\"currentDirectory\":\"C:\\\\Windows\\\\system32\\\\\",\"user\":\"NT AUTHORITY\\\\SYSTEM\",\"parentProcessGuid\":\"{8d556a29-260f-b220-458c-000000000013}\",\"parentProcessId\":\"3548\",\"parentImage\":\"C:\\\\Windows\\\\System32\\\\svchost.exe\",\"parentCommandLine\":\"C:\\\\Windows\\\\System32\\\\svchost.exe -k netsvcs -p -s CertPropSvc\",\"hashes\":\"MD5=79E05CF44B265169CD9A673B0D2C2FFB,SHA256=58858CD6163A83B3ABFA396041EE8C319BC3FC8AC6B02E2B5297FCEA33495D9B,IMPHASH=1C07B3CF511F24305EB0AE46D98C75BA\"}}}",
      "expect": {
        "alert": false
      },
      "category": "noise",
      "attack": null,
      "evasion": false,
      "expected_rule_id": 100251,
      "expected_level": 0,
      "mitre_id": null
    },
    {
      "name": "noise 769 | certutil legit | certutil verifyctl machinekeys",
      "event": "{\"win\":{\"system\":{\"providerName\":\"Microsoft-Windows-Sysmon\",\"providerGuid\":\"{5770385f-c22a-43e0-bf4c-06f5698ffbd9}\",\"eventID\":\"1\",\"version\":\"5\",\"level\":\"4\",\"task\":\"1\",\"opcode\":\"0\",\"keywords\":\"0x8000000000000000\",\"systemTime\":\"2026-08-19T17:04:30.434144482Z\",\"eventRecordID\":\"549868\",\"channel\":\"Microsoft-Windows-Sysmon/Operational\",\"computer\":\"kingslanding.sevenkingdoms.local\",\"severityValue\":\"INFORMATION\"},\"eventdata\":{\"utcTime\":\"2026-08-19 17:04:30.434\",\"processGuid\":\"{c9d5e3b3-3a80-41ea-3e53-000000000014}\",\"processId\":\"671\",\"image\":\"C:\\\\Windows\\\\System32\\\\certutil.exe\",\"commandLine\":\"certutil.exe -verifyctl \\\"C:\\\\ProgramData\\\\Microsoft\\\\Crypto\\\\RSA\\\\MachineKeys\\\\cert.cer\\\"\",\"currentDirectory\":\"C:\\\\Windows\\\\system32\\\\\",\"user\":\"SEVENKINGDOMS\\\\Administrator\",\"parentProcessGuid\":\"{41c406e3-aa37-7f60-b649-000000000015}\",\"parentProcessId\":\"6145\",\"parentImage\":\"C:\\\\Windows\\\\System32\\\\cmd.exe\",\"parentCommandLine\":\"cmd.exe /c certutil.exe -verifyctl \\\"C:\\\\ProgramData\\\\Microsoft\\\\Crypto\\\\RSA\\\\MachineKeys\\\\cert.cer\\\"\",\"hashes\":\"MD5=79E05CF44B265169CD9A673B0D2C2FFB,SHA256=58858CD6163A83B3ABFA396041EE8C319BC3FC8AC6B02E2B5297FCEA33495D9B,IMPHASH=1C07B3CF511F24305EB0AE46D98C75BA\"}}}",
      "expect": {
        "alert": false
      },
      "category": "noise",
      "attack": null,
      "evasion": false,
      "expected_rule_id": 100251,
      "expected_level": 0,
      "mitre_id": null
    },
    {
      "name": "noise 770 | certutil legit | certutil verifyctl machinekeys",
      "event": "{\"win\":{\"system\":{\"providerName\":\"Microsoft-Windows-Sysmon\",\"providerGuid\":\"{5770385f-c22a-43e0-bf4c-06f5698ffbd9}\",\"eventID\":\"1\",\"version\":\"5\",\"level\":\"4\",\"task\":\"1\",\"opcode\":\"0\",\"keywords\":\"0x8000000000000000\",\"systemTime\":\"2026-08-19T17:06:13.089985546Z\",\"eventRecordID\":\"549869\",\"channel\":\"Microsoft-Windows-Sysmon/Operational\",\"computer\":\"kingslanding.sevenkingdoms.local\",\"severityValue\":\"INFORMATION\"},\"eventdata\":{\"utcTime\":\"2026-08-19 17:06:13.089\",\"processGuid\":\"{79d59aa8-15bd-1854-5600-000000000016}\",\"processId\":\"671\",\"image\":\"C:\\\\Windows\\\\System32\\\\certutil.exe\",\"commandLine\":\"certutil.exe -verifyctl \\\"C:\\\\ProgramData\\\\Microsoft\\\\Crypto\\\\RSA\\\\MachineKeys\\\\cert.cer\\\"\",\"currentDirectory\":\"C:\\\\Windows\\\\system32\\\\\",\"user\":\"NT AUTHORITY\\\\SYSTEM\",\"parentProcessGuid\":\"{8027c8a6-0a5e-92e0-9d1d-000000000011}\",\"parentProcessId\":\"2486\",\"parentImage\":\"C:\\\\Windows\\\\System32\\\\taskeng.exe\",\"parentCommandLine\":\"C:\\\\Windows\\\\System32\\\\taskeng.exe\",\"hashes\":\"MD5=79E05CF44B265169CD9A673B0D2C2FFB,SHA256=58858CD6163A83B3ABFA396041EE8C319BC3FC8AC6B02E2B5297FCEA33495D9B,IMPHASH=1C07B3CF511F24305EB0AE46D98C75BA\"}}}",
      "expect": {
        "alert": false
      },
      "category": "noise",
      "attack": null,
      "evasion": false,
      "expected_rule_id": 100251,
      "expected_level": 0,
      "mitre_id": null
    },
    {
      "name": "noise 771 | certutil legit | certutil verifyctl ca.cer",
      "event": "{\"win\":{\"system\":{\"providerName\":\"Microsoft-Windows-Sysmon\",\"providerGuid\":\"{5770385f-c22a-43e0-bf4c-06f5698ffbd9}\",\"eventID\":\"1\",\"version\":\"5\",\"level\":\"4\",\"task\":\"1\",\"opcode\":\"0\",\"keywords\":\"0x8000000000000000\",\"systemTime\":\"2026-08-19T17:07:04.075654386Z\",\"eventRecordID\":\"549870\",\"channel\":\"Microsoft-Windows-Sysmon/Operational\",\"computer\":\"kingslanding.sevenkingdoms.local\",\"severityValue\":\"INFORMATION\"},\"eventdata\":{\"utcTime\":\"2026-08-19 17:07:04.075\",\"processGuid\":\"{c9d5e3b3-3a80-41ea-3e53-000000000014}\",\"processId\":\"671\",\"image\":\"C:\\\\Windows\\\\System32\\\\certutil.exe\",\"commandLine\":\"certutil.exe -verifyctl -f \\\"C:\\\\Windows\\\\Temp\\\\certs\\\\ca.cer\\\"\",\"currentDirectory\":\"C:\\\\Windows\\\\system32\\\\\",\"user\":\"SEVENKINGDOMS\\\\Administrator\",\"parentProcessGuid\":\"{41c406e3-aa37-7f60-b649-000000000015}\",\"parentProcessId\":\"6145\",\"parentImage\":\"C:\\\\Windows\\\\System32\\\\cmd.exe\",\"parentCommandLine\":\"cmd.exe /c certutil.exe -verifyctl -f \\\"C:\\\\Windows\\\\Temp\\\\certs\\\\ca.cer\\\"\",\"hashes\":\"MD5=79E05CF44B265169CD9A673B0D2C2FFB,SHA256=58858CD6163A83B3ABFA396041EE8C319BC3FC8AC6B02E2B5297FCEA33495D9B,IMPHASH=1C07B3CF511F24305EB0AE46D98C75BA\"}}}",
      "expect": {
        "alert": false
      },
      "category": "noise",
      "attack": null,
      "evasion": false,
      "expected_rule_id": 100251,
      "expected_level": 0,
      "mitre_id": null
    },
    {
      "name": "noise 772 | certutil legit | certutil verifyctl root.cer",
      "event": "{\"win\":{\"system\":{\"providerName\":\"Microsoft-Windows-Sysmon\",\"providerGuid\":\"{5770385f-c22a-43e0-bf4c-06f5698ffbd9}\",\"eventID\":\"1\",\"version\":\"5\",\"level\":\"4\",\"task\":\"1\",\"opcode\":\"0\",\"keywords\":\"0x8000000000000000\",\"systemTime\":\"2026-08-19T17:09:29.085587940Z\",\"eventRecordID\":\"549871\",\"channel\":\"Microsoft-Windows-Sysmon/Operational\",\"computer\":\"kingslanding.sevenkingdoms.local\",\"severityValue\":\"INFORMATION\"},\"eventdata\":{\"utcTime\":\"2026-08-19 17:09:29.085\",\"processGuid\":\"{c9d5e3b3-3a80-41ea-3e53-000000000014}\",\"processId\":\"671\",\"image\":\"C:\\\\Windows\\\\System32\\\\certutil.exe\",\"commandLine\":\"certutil.exe -verifyctl \\\"C:\\\\Windows\\\\Temp\\\\certs\\\\root.cer\\\"\",\"currentDirectory\":\"C:\\\\Windows\\\\system32\\\\\",\"user\":\"SEVENKINGDOMS\\\\Administrator\",\"parentProcessGuid\":\"{41c406e3-aa37-7f60-b649-000000000015}\",\"parentProcessId\":\"6145\",\"parentImage\":\"C:\\\\Windows\\\\System32\\\\cmd.exe\",\"parentCommandLine\":\"cmd.exe /c certutil.exe -verifyctl \\\"C:\\\\Windows\\\\Temp\\\\certs\\\\root.cer\\\"\",\"hashes\":\"MD5=79E05CF44B265169CD9A673B0D2C2FFB,SHA256=58858CD6163A83B3ABFA396041EE8C319BC3FC8AC6B02E2B5297FCEA33495D9B,IMPHASH=1C07B3CF511F24305EB0AE46D98C75BA\"}}}",
      "expect": {
        "alert": false
      },
      "category": "noise",
      "attack": null,
      "evasion": false,
      "expected_rule_id": 100251,
      "expected_level": 0,
      "mitre_id": null
    },
    {
      "name": "noise 773 | certutil legit | certutil pulse verbose",
      "event": "{\"win\":{\"system\":{\"providerName\":\"Microsoft-Windows-Sysmon\",\"providerGuid\":\"{5770385f-c22a-43e0-bf4c-06f5698ffbd9}\",\"eventID\":\"1\",\"version\":\"5\",\"level\":\"4\",\"task\":\"1\",\"opcode\":\"0\",\"keywords\":\"0x8000000000000000\",\"systemTime\":\"2026-08-19T17:10:34.110357080Z\",\"eventRecordID\":\"549872\",\"channel\":\"Microsoft-Windows-Sysmon/Operational\",\"computer\":\"kingslanding.sevenkingdoms.local\",\"severityValue\":\"INFORMATION\"},\"eventdata\":{\"utcTime\":\"2026-08-19 17:10:34.110\",\"processGuid\":\"{c9d5e3b3-3a80-41ea-3e53-000000000014}\",\"processId\":\"671\",\"image\":\"C:\\\\Windows\\\\System32\\\\certutil.exe\",\"commandLine\":\"certutil.exe -pulse -v\",\"currentDirectory\":\"C:\\\\Windows\\\\system32\\\\\",\"user\":\"SEVENKINGDOMS\\\\Administrator\",\"parentProcessGuid\":\"{41c406e3-aa37-7f60-b649-000000000015}\",\"parentProcessId\":\"6145\",\"parentImage\":\"C:\\\\Windows\\\\System32\\\\cmd.exe\",\"parentCommandLine\":\"cmd.exe /c certutil.exe -pulse -v\",\"hashes\":\"MD5=79E05CF44B265169CD9A673B0D2C2FFB,SHA256=58858CD6163A83B3ABFA396041EE8C319BC3FC8AC6B02E2B5297FCEA33495D9B,IMPHASH=1C07B3CF511F24305EB0AE46D98C75BA\"}}}",
      "expect": {
        "alert": false
      },
      "category": "noise",
      "attack": null,
      "evasion": false,
      "expected_rule_id": 100251,
      "expected_level": 0,
      "mitre_id": null
    },
    {
      "name": "noise 774 | certutil legit | certutil pulse",
      "event": "{\"win\":{\"system\":{\"providerName\":\"Microsoft-Windows-Sysmon\",\"providerGuid\":\"{5770385f-c22a-43e0-bf4c-06f5698ffbd9}\",\"eventID\":\"1\",\"version\":\"5\",\"level\":\"4\",\"task\":\"1\",\"opcode\":\"0\",\"keywords\":\"0x8000000000000000\",\"systemTime\":\"2026-08-19T17:11:32.482042052Z\",\"eventRecordID\":\"549873\",\"channel\":\"Microsoft-Windows-Sysmon/Operational\",\"computer\":\"kingslanding.sevenkingdoms.local\",\"severityValue\":\"INFORMATION\"},\"eventdata\":{\"utcTime\":\"2026-08-19 17:11:32.482\",\"processGuid\":\"{e2717f60-63c5-edd7-97ea-000000000012}\",\"processId\":\"671\",\"image\":\"C:\\\\Windows\\\\System32\\\\certutil.exe\",\"commandLine\":\"certutil.exe -pulse\",\"currentDirectory\":\"C:\\\\Windows\\\\system32\\\\\",\"user\":\"NT AUTHORITY\\\\SYSTEM\",\"parentProcessGuid\":\"{8d556a29-260f-b220-458c-000000000013}\",\"parentProcessId\":\"3548\",\"parentImage\":\"C:\\\\Windows\\\\System32\\\\svchost.exe\",\"parentCommandLine\":\"C:\\\\Windows\\\\System32\\\\svchost.exe -k netsvcs -p -s CertPropSvc\",\"hashes\":\"MD5=79E05CF44B265169CD9A673B0D2C2FFB,SHA256=58858CD6163A83B3ABFA396041EE8C319BC3FC8AC6B02E2B5297FCEA33495D9B,IMPHASH=1C07B3CF511F24305EB0AE46D98C75BA\"}}}",
      "expect": {
        "alert": false
      },
      "category": "noise",
      "attack": null,
      "evasion": false,
      "expected_rule_id": 100251,
      "expected_level": 0,
      "mitre_id": null
    },
    {
      "name": "noise 775 | certutil legit | certutil pulse",
      "event": "{\"win\":{\"system\":{\"providerName\":\"Microsoft-Windows-Sysmon\",\"providerGuid\":\"{5770385f-c22a-43e0-bf4c-06f5698ffbd9}\",\"eventID\":\"1\",\"version\":\"5\",\"level\":\"4\",\"task\":\"1\",\"opcode\":\"0\",\"keywords\":\"0x8000000000000000\",\"systemTime\":\"2026-08-19T17:12:31.098479381Z\",\"eventRecordID\":\"549874\",\"channel\":\"Microsoft-Windows-Sysmon/Operational\",\"computer\":\"kingslanding.sevenkingdoms.local\",\"severityValue\":\"INFORMATION\"},\"eventdata\":{\"utcTime\":\"2026-08-19 17:12:31.098\",\"processGuid\":\"{79d59aa8-15bd-1854-5600-000000000016}\",\"processId\":\"671\",\"image\":\"C:\\\\Windows\\\\System32\\\\certutil.exe\",\"commandLine\":\"certutil.exe -pulse\",\"currentDirectory\":\"C:\\\\Windows\\\\system32\\\\\",\"user\":\"NT AUTHORITY\\\\SYSTEM\",\"parentProcessGuid\":\"{8027c8a6-0a5e-92e0-9d1d-000000000011}\",\"parentProcessId\":\"2486\",\"parentImage\":\"C:\\\\Windows\\\\System32\\\\taskeng.exe\",\"parentCommandLine\":\"C:\\\\Windows\\\\System32\\\\taskeng.exe\",\"hashes\":\"MD5=79E05CF44B265169CD9A673B0D2C2FFB,SHA256=58858CD6163A83B3ABFA396041EE8C319BC3FC8AC6B02E2B5297FCEA33495D9B,IMPHASH=1C07B3CF511F24305EB0AE46D98C75BA\"}}}",
      "expect": {
        "alert": false
      },
      "category": "noise",
      "attack": null,
      "evasion": false,
      "expected_rule_id": 100251,
      "expected_level": 0,
      "mitre_id": null
    },
