    {
      "name": "noise 258 | Veeam | Get-VBRJob",
      "event": "{\"win\":{\"system\":{\"providerName\":\"Microsoft-Windows-Sysmon\",\"providerGuid\":\"{5770385f-c22a-43e0-bf4c-06f5698ffbd9}\",\"eventID\":\"1\",\"version\":\"5\",\"level\":\"4\",\"task\":\"1\",\"opcode\":\"0\",\"keywords\":\"0x8000000000000000\",\"systemTime\":\"2026-08-19T05:43:37.580069742Z\",\"eventRecordID\":\"549357\",\"channel\":\"Microsoft-Windows-Sysmon/Operational\",\"computer\":\"kingslanding.sevenkingdoms.local\",\"severityValue\":\"INFORMATION\"},\"eventdata\":{\"utcTime\":\"2026-08-19 05:43:37.580\",\"processGuid\":\"{ae7e5c4e-48a7-f71e-bd41-000000000005}\",\"processId\":\"3973\",\"image\":\"C:\\\\Windows\\\\System32\\\\WindowsPowerShell\\\\v1.0\\\\powershell.exe\",\"commandLine\":\"powershell.exe -NoProfile -Command \\\"Get-VBRJob | Select-Object Name,LastResult\\\"\",\"currentDirectory\":\"C:\\\\Program Files\\\\Veeam\\\\Backup\\\\\",\"user\":\"SEVENKINGDOMS\\\\backup_svc\",\"parentProcessGuid\":\"{38b9f294-fd3e-b1ba-b93b-000000000006}\",\"parentProcessId\":\"3122\",\"parentImage\":\"C:\\\\Program Files\\\\Veeam\\\\Backup\\\\VeeamAgent.exe\",\"parentCommandLine\":\"\\\"C:\\\\Program Files\\\\Veeam\\\\Backup\\\\VeeamAgent.exe\\\" -runjob DailyBackup\",\"hashes\":\"MD5=52A2D1D53AB7B54E6107FD5ACBDFFB15,SHA256=99C8275678FE526419811BC64793F96B0D55627558DFBBF37E4B9A9C4EEE61E1,IMPHASH=BA9BA9BB26C1A2513FD776DAAC02773E\"}}}",
      "expect": {
        "alert": false
      },
      "category": "noise",
      "attack": null,
      "evasion": false,
      "expected_rule_id": 100251,
      "expected_level": 0,
      "mitre_id": null
    },
    {
      "name": "noise 259 | Veeam | Get-Volume",
      "event": "{\"win\":{\"system\":{\"providerName\":\"Microsoft-Windows-Sysmon\",\"providerGuid\":\"{5770385f-c22a-43e0-bf4c-06f5698ffbd9}\",\"eventID\":\"1\",\"version\":\"5\",\"level\":\"4\",\"task\":\"1\",\"opcode\":\"0\",\"keywords\":\"0x8000000000000000\",\"systemTime\":\"2026-08-19T05:44:42.351535319Z\",\"eventRecordID\":\"549358\",\"channel\":\"Microsoft-Windows-Sysmon/Operational\",\"computer\":\"kingslanding.sevenkingdoms.local\",\"severityValue\":\"INFORMATION\"},\"eventdata\":{\"utcTime\":\"2026-08-19 05:44:42.351\",\"processGuid\":\"{ae7e5c4e-48a7-f71e-bd41-000000000005}\",\"processId\":\"3973\",\"image\":\"C:\\\\Windows\\\\System32\\\\WindowsPowerShell\\\\v1.0\\\\powershell.exe\",\"commandLine\":\"powershell.exe -NoProfile -Command \\\"Get-Volume | Where-Object DriveLetter -eq 'D'\\\"\",\"currentDirectory\":\"C:\\\\Program Files\\\\Veeam\\\\Backup\\\\\",\"user\":\"SEVENKINGDOMS\\\\backup_svc\",\"parentProcessGuid\":\"{38b9f294-fd3e-b1ba-b93b-000000000006}\",\"parentProcessId\":\"3122\",\"parentImage\":\"C:\\\\Program Files\\\\Veeam\\\\Backup\\\\VeeamAgent.exe\",\"parentCommandLine\":\"C:\\\\Program Files\\\\Veeam\\\\Backup\\\\VeeamAgent.exe\",\"hashes\":\"MD5=52A2D1D53AB7B54E6107FD5ACBDFFB15,SHA256=99C8275678FE526419811BC64793F96B0D55627558DFBBF37E4B9A9C4EEE61E1,IMPHASH=BA9BA9BB26C1A2513FD776DAAC02773E\"}}}",
      "expect": {
        "alert": false
      },
      "category": "noise",
      "attack": null,
      "evasion": false,
      "expected_rule_id": 100251,
      "expected_level": 0,
      "mitre_id": null
    },
    {
      "name": "noise 260 | Veeam | Get-VBRBackupSession",
      "event": "{\"win\":{\"system\":{\"providerName\":\"Microsoft-Windows-Sysmon\",\"providerGuid\":\"{5770385f-c22a-43e0-bf4c-06f5698ffbd9}\",\"eventID\":\"1\",\"version\":\"5\",\"level\":\"4\",\"task\":\"1\",\"opcode\":\"0\",\"keywords\":\"0x8000000000000000\",\"systemTime\":\"2026-08-19T05:46:06.409758321Z\",\"eventRecordID\":\"549359\",\"channel\":\"Microsoft-Windows-Sysmon/Operational\",\"computer\":\"kingslanding.sevenkingdoms.local\",\"severityValue\":\"INFORMATION\"},\"eventdata\":{\"utcTime\":\"2026-08-19 05:46:06.409\",\"processGuid\":\"{ae7e5c4e-48a7-f71e-bd41-000000000005}\",\"processId\":\"3973\",\"image\":\"C:\\\\Windows\\\\System32\\\\WindowsPowerShell\\\\v1.0\\\\powershell.exe\",\"commandLine\":\"powershell.exe -NoProfile -Command \\\"Get-VBRBackupSession | Where-Object {$_.Result -eq 'Success'}\\\"\",\"currentDirectory\":\"C:\\\\Program Files\\\\Veeam\\\\Backup\\\\\",\"user\":\"SEVENKINGDOMS\\\\backup_svc\",\"parentProcessGuid\":\"{38b9f294-fd3e-b1ba-b93b-000000000006}\",\"parentProcessId\":\"3122\",\"parentImage\":\"C:\\\\Program Files\\\\Veeam\\\\Backup\\\\VeeamAgent.exe\",\"parentCommandLine\":\"C:\\\\Program Files\\\\Veeam\\\\Backup\\\\VeeamAgent.exe\",\"hashes\":\"MD5=52A2D1D53AB7B54E6107FD5ACBDFFB15,SHA256=99C8275678FE526419811BC64793F96B0D55627558DFBBF37E4B9A9C4EEE61E1,IMPHASH=BA9BA9BB26C1A2513FD776DAAC02773E\"}}}",
      "expect": {
        "alert": false
      },
      "category": "noise",
      "attack": null,
      "evasion": false,
      "expected_rule_id": 100251,
      "expected_level": 0,
      "mitre_id": null
    },
    {
      "name": "noise 261 | Veeam | vss_check.ps1",
      "event": "{\"win\":{\"system\":{\"providerName\":\"Microsoft-Windows-Sysmon\",\"providerGuid\":\"{5770385f-c22a-43e0-bf4c-06f5698ffbd9}\",\"eventID\":\"1\",\"version\":\"5\",\"level\":\"4\",\"task\":\"1\",\"opcode\":\"0\",\"keywords\":\"0x8000000000000000\",\"systemTime\":\"2026-08-19T05:47:05.032856084Z\",\"eventRecordID\":\"549360\",\"channel\":\"Microsoft-Windows-Sysmon/Operational\",\"computer\":\"kingslanding.sevenkingdoms.local\",\"severityValue\":\"INFORMATION\"},\"eventdata\":{\"utcTime\":\"2026-08-19 05:47:05.032\",\"processGuid\":\"{ae7e5c4e-48a7-f71e-bd41-000000000005}\",\"processId\":\"3973\",\"image\":\"C:\\\\Windows\\\\System32\\\\WindowsPowerShell\\\\v1.0\\\\powershell.exe\",\"commandLine\":\"powershell.exe -ExecutionPolicy Bypass -File C:\\\\Program Files\\\\Veeam\\\\Backup\\\\Scripts\\\\vss_check.ps1\",\"currentDirectory\":\"C:\\\\Program Files\\\\Veeam\\\\Backup\\\\\",\"user\":\"SEVENKINGDOMS\\\\backup_svc\",\"parentProcessGuid\":\"{38b9f294-fd3e-b1ba-b93b-000000000006}\",\"parentProcessId\":\"3122\",\"parentImage\":\"C:\\\\Program Files\\\\Veeam\\\\Backup\\\\VeeamAgent.exe\",\"parentCommandLine\":\"\\\"C:\\\\Program Files\\\\Veeam\\\\Backup\\\\VeeamAgent.exe\\\" -runjob NightlyBackup\",\"hashes\":\"MD5=52A2D1D53AB7B54E6107FD5ACBDFFB15,SHA256=99C8275678FE526419811BC64793F96B0D55627558DFBBF37E4B9A9C4EEE61E1,IMPHASH=BA9BA9BB26C1A2513FD776DAAC02773E\"}}}",
      "expect": {
        "alert": false
      },
      "category": "noise",
      "attack": null,
      "evasion": false,
      "expected_rule_id": 100251,
      "expected_level": 0,
      "mitre_id": null
    },
    {
      "name": "noise 262 | Veeam | vss_check.ps1",
      "event": "{\"win\":{\"system\":{\"providerName\":\"Microsoft-Windows-Sysmon\",\"providerGuid\":\"{5770385f-c22a-43e0-bf4c-06f5698ffbd9}\",\"eventID\":\"1\",\"version\":\"5\",\"level\":\"4\",\"task\":\"1\",\"opcode\":\"0\",\"keywords\":\"0x8000000000000000\",\"systemTime\":\"2026-08-19T05:49:13.260254319Z\",\"eventRecordID\":\"549361\",\"channel\":\"Microsoft-Windows-Sysmon/Operational\",\"computer\":\"kingslanding.sevenkingdoms.local\",\"severityValue\":\"INFORMATION\"},\"eventdata\":{\"utcTime\":\"2026-08-19 05:49:13.260\",\"processGuid\":\"{ae7e5c4e-48a7-f71e-bd41-000000000005}\",\"processId\":\"3973\",\"image\":\"C:\\\\Windows\\\\System32\\\\WindowsPowerShell\\\\v1.0\\\\powershell.exe\",\"commandLine\":\"powershell.exe -ExecutionPolicy Bypass -File C:\\\\Program Files\\\\Veeam\\\\Backup\\\\Scripts\\\\vss_check.ps1\",\"currentDirectory\":\"C:\\\\Program Files\\\\Veeam\\\\Backup\\\\\",\"user\":\"SEVENKINGDOMS\\\\backup_svc\",\"parentProcessGuid\":\"{38b9f294-fd3e-b1ba-b93b-000000000006}\",\"parentProcessId\":\"3122\",\"parentImage\":\"C:\\\\Program Files\\\\Veeam\\\\Backup\\\\VeeamAgent.exe\",\"parentCommandLine\":\"\\\"C:\\\\Program Files\\\\Veeam\\\\Backup\\\\VeeamAgent.exe\\\" -runjob DailyBackup\",\"hashes\":\"MD5=52A2D1D53AB7B54E6107FD5ACBDFFB15,SHA256=99C8275678FE526419811BC64793F96B0D55627558DFBBF37E4B9A9C4EEE61E1,IMPHASH=BA9BA9BB26C1A2513FD776DAAC02773E\"}}}",
      "expect": {
        "alert": false
      },
      "category": "noise",
      "attack": null,
      "evasion": false,
      "expected_rule_id": 100251,
      "expected_level": 0,
      "mitre_id": null
    },
    {
      "name": "noise 263 | Veeam | vss_check.ps1",
      "event": "{\"win\":{\"system\":{\"providerName\":\"Microsoft-Windows-Sysmon\",\"providerGuid\":\"{5770385f-c22a-43e0-bf4c-06f5698ffbd9}\",\"eventID\":\"1\",\"version\":\"5\",\"level\":\"4\",\"task\":\"1\",\"opcode\":\"0\",\"keywords\":\"0x8000000000000000\",\"systemTime\":\"2026-08-19T05:49:41.031214772Z\",\"eventRecordID\":\"549362\",\"channel\":\"Microsoft-Windows-Sysmon/Operational\",\"computer\":\"kingslanding.sevenkingdoms.local\",\"severityValue\":\"INFORMATION\"},\"eventdata\":{\"utcTime\":\"2026-08-19 05:49:41.031\",\"processGuid\":\"{ae7e5c4e-48a7-f71e-bd41-000000000005}\",\"processId\":\"3973\",\"image\":\"C:\\\\Windows\\\\System32\\\\WindowsPowerShell\\\\v1.0\\\\powershell.exe\",\"commandLine\":\"powershell.exe -ExecutionPolicy Bypass -File C:\\\\Program Files\\\\Veeam\\\\Backup\\\\Scripts\\\\vss_check.ps1\",\"currentDirectory\":\"C:\\\\Program Files\\\\Veeam\\\\Backup\\\\\",\"user\":\"SEVENKINGDOMS\\\\backup_svc\",\"parentProcessGuid\":\"{38b9f294-fd3e-b1ba-b93b-000000000006}\",\"parentProcessId\":\"3122\",\"parentImage\":\"C:\\\\Program Files\\\\Veeam\\\\Backup\\\\VeeamAgent.exe\",\"parentCommandLine\":\"\\\"C:\\\\Program Files\\\\Veeam\\\\Backup\\\\VeeamAgent.exe\\\" -runjob NightlyBackup\",\"hashes\":\"MD5=52A2D1D53AB7B54E6107FD5ACBDFFB15,SHA256=99C8275678FE526419811BC64793F96B0D55627558DFBBF37E4B9A9C4EEE61E1,IMPHASH=BA9BA9BB26C1A2513FD776DAAC02773E\"}}}",
      "expect": {
        "alert": false
      },
      "category": "noise",
      "attack": null,
      "evasion": false,
      "expected_rule_id": 100251,
      "expected_level": 0,
      "mitre_id": null
    },
    {
      "name": "noise 264 | Veeam | pre_job.ps1",
      "event": "{\"win\":{\"system\":{\"providerName\":\"Microsoft-Windows-Sysmon\",\"providerGuid\":\"{5770385f-c22a-43e0-bf4c-06f5698ffbd9}\",\"eventID\":\"1\",\"version\":\"5\",\"level\":\"4\",\"task\":\"1\",\"opcode\":\"0\",\"keywords\":\"0x8000000000000000\",\"systemTime\":\"2026-08-19T05:52:16.936640182Z\",\"eventRecordID\":\"549363\",\"channel\":\"Microsoft-Windows-Sysmon/Operational\",\"computer\":\"kingslanding.sevenkingdoms.local\",\"severityValue\":\"INFORMATION\"},\"eventdata\":{\"utcTime\":\"2026-08-19 05:52:16.936\",\"processGuid\":\"{ae7e5c4e-48a7-f71e-bd41-000000000005}\",\"processId\":\"3973\",\"image\":\"C:\\\\Windows\\\\System32\\\\WindowsPowerShell\\\\v1.0\\\\powershell.exe\",\"commandLine\":\"powershell.exe -NoProfile -File \\\"C:\\\\Program Files\\\\Veeam\\\\Backup\\\\Scripts\\\\pre_job.ps1\\\"\",\"currentDirectory\":\"C:\\\\Program Files\\\\Veeam\\\\Backup\\\\\",\"user\":\"SEVENKINGDOMS\\\\backup_svc\",\"parentProcessGuid\":\"{38b9f294-fd3e-b1ba-b93b-000000000006}\",\"parentProcessId\":\"3122\",\"parentImage\":\"C:\\\\Program Files\\\\Veeam\\\\Backup\\\\VeeamAgent.exe\",\"parentCommandLine\":\"\\\"C:\\\\Program Files\\\\Veeam\\\\Backup\\\\VeeamAgent.exe\\\" -runjob NightlyBackup\",\"hashes\":\"MD5=52A2D1D53AB7B54E6107FD5ACBDFFB15,SHA256=99C8275678FE526419811BC64793F96B0D55627558DFBBF37E4B9A9C4EEE61E1,IMPHASH=BA9BA9BB26C1A2513FD776DAAC02773E\"}}}",
      "expect": {
        "alert": false
      },
      "category": "noise",
      "attack": null,
      "evasion": false,
      "expected_rule_id": 100251,
      "expected_level": 0,
      "mitre_id": null
    },
    {
      "name": "noise 265 | Veeam | vss_check.ps1",
      "event": "{\"win\":{\"system\":{\"providerName\":\"Microsoft-Windows-Sysmon\",\"providerGuid\":\"{5770385f-c22a-43e0-bf4c-06f5698ffbd9}\",\"eventID\":\"1\",\"version\":\"5\",\"level\":\"4\",\"task\":\"1\",\"opcode\":\"0\",\"keywords\":\"0x8000000000000000\",\"systemTime\":\"2026-08-19T05:52:52.648588785Z\",\"eventRecordID\":\"549364\",\"channel\":\"Microsoft-Windows-Sysmon/Operational\",\"computer\":\"kingslanding.sevenkingdoms.local\",\"severityValue\":\"INFORMATION\"},\"eventdata\":{\"utcTime\":\"2026-08-19 05:52:52.648\",\"processGuid\":\"{ae7e5c4e-48a7-f71e-bd41-000000000005}\",\"processId\":\"3973\",\"image\":\"C:\\\\Windows\\\\System32\\\\WindowsPowerShell\\\\v1.0\\\\powershell.exe\",\"commandLine\":\"powershell.exe -ExecutionPolicy Bypass -File C:\\\\Program Files\\\\Veeam\\\\Backup\\\\Scripts\\\\vss_check.ps1\",\"currentDirectory\":\"C:\\\\Program Files\\\\Veeam\\\\Backup\\\\\",\"user\":\"SEVENKINGDOMS\\\\backup_svc\",\"parentProcessGuid\":\"{38b9f294-fd3e-b1ba-b93b-000000000006}\",\"parentProcessId\":\"3122\",\"parentImage\":\"C:\\\\Program Files\\\\Veeam\\\\Backup\\\\VeeamAgent.exe\",\"parentCommandLine\":\"C:\\\\Program Files\\\\Veeam\\\\Backup\\\\VeeamAgent.exe\",\"hashes\":\"MD5=52A2D1D53AB7B54E6107FD5ACBDFFB15,SHA256=99C8275678FE526419811BC64793F96B0D55627558DFBBF37E4B9A9C4EEE61E1,IMPHASH=BA9BA9BB26C1A2513FD776DAAC02773E\"}}}",
      "expect": {
        "alert": false
      },
      "category": "noise",
      "attack": null,
      "evasion": false,
      "expected_rule_id": 100251,
      "expected_level": 0,
      "mitre_id": null
    },
    {
      "name": "noise 266 | Veeam | Get-Volume",
      "event": "{\"win\":{\"system\":{\"providerName\":\"Microsoft-Windows-Sysmon\",\"providerGuid\":\"{5770385f-c22a-43e0-bf4c-06f5698ffbd9}\",\"eventID\":\"1\",\"version\":\"5\",\"level\":\"4\",\"task\":\"1\",\"opcode\":\"0\",\"keywords\":\"0x8000000000000000\",\"systemTime\":\"2026-08-19T05:54:31.872470905Z\",\"eventRecordID\":\"549365\",\"channel\":\"Microsoft-Windows-Sysmon/Operational\",\"computer\":\"kingslanding.sevenkingdoms.local\",\"severityValue\":\"INFORMATION\"},\"eventdata\":{\"utcTime\":\"2026-08-19 05:54:31.872\",\"processGuid\":\"{ae7e5c4e-48a7-f71e-bd41-000000000005}\",\"processId\":\"3973\",\"image\":\"C:\\\\Windows\\\\System32\\\\WindowsPowerShell\\\\v1.0\\\\powershell.exe\",\"commandLine\":\"powershell.exe -NoProfile -Command \\\"Get-Volume | Where-Object DriveLetter -eq 'D'\\\"\",\"currentDirectory\":\"C:\\\\Program Files\\\\Veeam\\\\Backup\\\\\",\"user\":\"SEVENKINGDOMS\\\\backup_svc\",\"parentProcessGuid\":\"{38b9f294-fd3e-b1ba-b93b-000000000006}\",\"parentProcessId\":\"3122\",\"parentImage\":\"C:\\\\Program Files\\\\Veeam\\\\Backup\\\\VeeamAgent.exe\",\"parentCommandLine\":\"C:\\\\Program Files\\\\Veeam\\\\Backup\\\\VeeamAgent.exe\",\"hashes\":\"MD5=52A2D1D53AB7B54E6107FD5ACBDFFB15,SHA256=99C8275678FE526419811BC64793F96B0D55627558DFBBF37E4B9A9C4EEE61E1,IMPHASH=BA9BA9BB26C1A2513FD776DAAC02773E\"}}}",
      "expect": {
        "alert": false
      },
      "category": "noise",
      "attack": null,
      "evasion": false,
      "expected_rule_id": 100251,
      "expected_level": 0,
      "mitre_id": null
    },
    {
      "name": "noise 267 | Veeam | backup_post.ps1",
      "event": "{\"win\":{\"system\":{\"providerName\":\"Microsoft-Windows-Sysmon\",\"providerGuid\":\"{5770385f-c22a-43e0-bf4c-06f5698ffbd9}\",\"eventID\":\"1\",\"version\":\"5\",\"level\":\"4\",\"task\":\"1\",\"opcode\":\"0\",\"keywords\":\"0x8000000000000000\",\"systemTime\":\"2026-08-19T05:55:09.624843690Z\",\"eventRecordID\":\"549366\",\"channel\":\"Microsoft-Windows-Sysmon/Operational\",\"computer\":\"kingslanding.sevenkingdoms.local\",\"severityValue\":\"INFORMATION\"},\"eventdata\":{\"utcTime\":\"2026-08-19 05:55:09.624\",\"processGuid\":\"{ae7e5c4e-48a7-f71e-bd41-000000000005}\",\"processId\":\"3973\",\"image\":\"C:\\\\Windows\\\\System32\\\\WindowsPowerShell\\\\v1.0\\\\powershell.exe\",\"commandLine\":\"powershell.exe -NoProfile -File \\\"C:\\\\Program Files\\\\Veeam\\\\Backup\\\\Scripts\\\\backup_post.ps1\\\"\",\"currentDirectory\":\"C:\\\\Program Files\\\\Veeam\\\\Backup\\\\\",\"user\":\"SEVENKINGDOMS\\\\backup_svc\",\"parentProcessGuid\":\"{38b9f294-fd3e-b1ba-b93b-000000000006}\",\"parentProcessId\":\"3122\",\"parentImage\":\"C:\\\\Program Files\\\\Veeam\\\\Backup\\\\VeeamAgent.exe\",\"parentCommandLine\":\"C:\\\\Program Files\\\\Veeam\\\\Backup\\\\VeeamAgent.exe\",\"hashes\":\"MD5=52A2D1D53AB7B54E6107FD5ACBDFFB15,SHA256=99C8275678FE526419811BC64793F96B0D55627558DFBBF37E4B9A9C4EEE61E1,IMPHASH=BA9BA9BB26C1A2513FD776DAAC02773E\"}}}",
      "expect": {
        "alert": false
      },
      "category": "noise",
      "attack": null,
      "evasion": false,
      "expected_rule_id": 100251,
      "expected_level": 0,
      "mitre_id": null
    },
    {
      "name": "noise 268 | Veeam | Get-VBRJob",
      "event": "{\"win\":{\"system\":{\"providerName\":\"Microsoft-Windows-Sysmon\",\"providerGuid\":\"{5770385f-c22a-43e0-bf4c-06f5698ffbd9}\",\"eventID\":\"1\",\"version\":\"5\",\"level\":\"4\",\"task\":\"1\",\"opcode\":\"0\",\"keywords\":\"0x8000000000000000\",\"systemTime\":\"2026-08-19T05:57:14.293105155Z\",\"eventRecordID\":\"549367\",\"channel\":\"Microsoft-Windows-Sysmon/Operational\",\"computer\":\"kingslanding.sevenkingdoms.local\",\"severityValue\":\"INFORMATION\"},\"eventdata\":{\"utcTime\":\"2026-08-19 05:57:14.293\",\"processGuid\":\"{ae7e5c4e-48a7-f71e-bd41-000000000005}\",\"processId\":\"3973\",\"image\":\"C:\\\\Windows\\\\System32\\\\WindowsPowerShell\\\\v1.0\\\\powershell.exe\",\"commandLine\":\"powershell.exe -NoProfile -Command \\\"Get-VBRJob | Select-Object Name,LastResult\\\"\",\"currentDirectory\":\"C:\\\\Program Files\\\\Veeam\\\\Backup\\\\\",\"user\":\"SEVENKINGDOMS\\\\backup_svc\",\"parentProcessGuid\":\"{38b9f294-fd3e-b1ba-b93b-000000000006}\",\"parentProcessId\":\"3122\",\"parentImage\":\"C:\\\\Program Files\\\\Veeam\\\\Backup\\\\VeeamAgent.exe\",\"parentCommandLine\":\"C:\\\\Program Files\\\\Veeam\\\\Backup\\\\VeeamAgent.exe\",\"hashes\":\"MD5=52A2D1D53AB7B54E6107FD5ACBDFFB15,SHA256=99C8275678FE526419811BC64793F96B0D55627558DFBBF37E4B9A9C4EEE61E1,IMPHASH=BA9BA9BB26C1A2513FD776DAAC02773E\"}}}",
      "expect": {
        "alert": false
      },
      "category": "noise",
      "attack": null,
      "evasion": false,
      "expected_rule_id": 100251,
      "expected_level": 0,
      "mitre_id": null
    },
    {
      "name": "noise 269 | Veeam | pre_job.ps1",
      "event": "{\"win\":{\"system\":{\"providerName\":\"Microsoft-Windows-Sysmon\",\"providerGuid\":\"{5770385f-c22a-43e0-bf4c-06f5698ffbd9}\",\"eventID\":\"1\",\"version\":\"5\",\"level\":\"4\",\"task\":\"1\",\"opcode\":\"0\",\"keywords\":\"0x8000000000000000\",\"systemTime\":\"2026-08-19T05:58:38.843175877Z\",\"eventRecordID\":\"549368\",\"channel\":\"Microsoft-Windows-Sysmon/Operational\",\"computer\":\"kingslanding.sevenkingdoms.local\",\"severityValue\":\"INFORMATION\"},\"eventdata\":{\"utcTime\":\"2026-08-19 05:58:38.843\",\"processGuid\":\"{ae7e5c4e-48a7-f71e-bd41-000000000005}\",\"processId\":\"3973\",\"image\":\"C:\\\\Windows\\\\System32\\\\WindowsPowerShell\\\\v1.0\\\\powershell.exe\",\"commandLine\":\"powershell.exe -NoProfile -File \\\"C:\\\\Program Files\\\\Veeam\\\\Backup\\\\Scripts\\\\pre_job.ps1\\\"\",\"currentDirectory\":\"C:\\\\Program Files\\\\Veeam\\\\Backup\\\\\",\"user\":\"SEVENKINGDOMS\\\\backup_svc\",\"parentProcessGuid\":\"{38b9f294-fd3e-b1ba-b93b-000000000006}\",\"parentProcessId\":\"3122\",\"parentImage\":\"C:\\\\Program Files\\\\Veeam\\\\Backup\\\\VeeamAgent.exe\",\"parentCommandLine\":\"C:\\\\Program Files\\\\Veeam\\\\Backup\\\\VeeamAgent.exe\",\"hashes\":\"MD5=52A2D1D53AB7B54E6107FD5ACBDFFB15,SHA256=99C8275678FE526419811BC64793F96B0D55627558DFBBF37E4B9A9C4EEE61E1,IMPHASH=BA9BA9BB26C1A2513FD776DAAC02773E\"}}}",
      "expect": {
        "alert": false
      },
      "category": "noise",
      "attack": null,
      "evasion": false,
      "expected_rule_id": 100251,
      "expected_level": 0,
      "mitre_id": null
    },
    {
      "name": "noise 270 | Veeam | backup_post.ps1",
      "event": "{\"win\":{\"system\":{\"providerName\":\"Microsoft-Windows-Sysmon\",\"providerGuid\":\"{5770385f-c22a-43e0-bf4c-06f5698ffbd9}\",\"eventID\":\"1\",\"version\":\"5\",\"level\":\"4\",\"task\":\"1\",\"opcode\":\"0\",\"keywords\":\"0x8000000000000000\",\"systemTime\":\"2026-08-19T05:59:27.857345474Z\",\"eventRecordID\":\"549369\",\"channel\":\"Microsoft-Windows-Sysmon/Operational\",\"computer\":\"kingslanding.sevenkingdoms.local\",\"severityValue\":\"INFORMATION\"},\"eventdata\":{\"utcTime\":\"2026-08-19 05:59:27.857\",\"processGuid\":\"{ae7e5c4e-48a7-f71e-bd41-000000000005}\",\"processId\":\"3973\",\"image\":\"C:\\\\Windows\\\\System32\\\\WindowsPowerShell\\\\v1.0\\\\powershell.exe\",\"commandLine\":\"powershell.exe -NoProfile -File \\\"C:\\\\Program Files\\\\Veeam\\\\Backup\\\\Scripts\\\\backup_post.ps1\\\"\",\"currentDirectory\":\"C:\\\\Program Files\\\\Veeam\\\\Backup\\\\\",\"user\":\"SEVENKINGDOMS\\\\backup_svc\",\"parentProcessGuid\":\"{38b9f294-fd3e-b1ba-b93b-000000000006}\",\"parentProcessId\":\"3122\",\"parentImage\":\"C:\\\\Program Files\\\\Veeam\\\\Backup\\\\VeeamAgent.exe\",\"parentCommandLine\":\"\\\"C:\\\\Program Files\\\\Veeam\\\\Backup\\\\VeeamAgent.exe\\\" -runjob DailyBackup\",\"hashes\":\"MD5=52A2D1D53AB7B54E6107FD5ACBDFFB15,SHA256=99C8275678FE526419811BC64793F96B0D55627558DFBBF37E4B9A9C4EEE61E1,IMPHASH=BA9BA9BB26C1A2513FD776DAAC02773E\"}}}",
      "expect": {
        "alert": false
      },
      "category": "noise",
      "attack": null,
      "evasion": false,
      "expected_rule_id": 100251,
      "expected_level": 0,
      "mitre_id": null
    },
    {
      "name": "noise 271 | Veeam | pre_job.ps1",
      "event": "{\"win\":{\"system\":{\"providerName\":\"Microsoft-Windows-Sysmon\",\"providerGuid\":\"{5770385f-c22a-43e0-bf4c-06f5698ffbd9}\",\"eventID\":\"1\",\"version\":\"5\",\"level\":\"4\",\"task\":\"1\",\"opcode\":\"0\",\"keywords\":\"0x8000000000000000\",\"systemTime\":\"2026-08-19T06:01:34.435427020Z\",\"eventRecordID\":\"549370\",\"channel\":\"Microsoft-Windows-Sysmon/Operational\",\"computer\":\"kingslanding.sevenkingdoms.local\",\"severityValue\":\"INFORMATION\"},\"eventdata\":{\"utcTime\":\"2026-08-19 06:01:34.435\",\"processGuid\":\"{ae7e5c4e-48a7-f71e-bd41-000000000005}\",\"processId\":\"3973\",\"image\":\"C:\\\\Windows\\\\System32\\\\WindowsPowerShell\\\\v1.0\\\\powershell.exe\",\"commandLine\":\"powershell.exe -NoProfile -File \\\"C:\\\\Program Files\\\\Veeam\\\\Backup\\\\Scripts\\\\pre_job.ps1\\\"\",\"currentDirectory\":\"C:\\\\Program Files\\\\Veeam\\\\Backup\\\\\",\"user\":\"SEVENKINGDOMS\\\\backup_svc\",\"parentProcessGuid\":\"{38b9f294-fd3e-b1ba-b93b-000000000006}\",\"parentProcessId\":\"3122\",\"parentImage\":\"C:\\\\Program Files\\\\Veeam\\\\Backup\\\\VeeamAgent.exe\",\"parentCommandLine\":\"\\\"C:\\\\Program Files\\\\Veeam\\\\Backup\\\\VeeamAgent.exe\\\" -runjob DailyBackup\",\"hashes\":\"MD5=52A2D1D53AB7B54E6107FD5ACBDFFB15,SHA256=99C8275678FE526419811BC64793F96B0D55627558DFBBF37E4B9A9C4EEE61E1,IMPHASH=BA9BA9BB26C1A2513FD776DAAC02773E\"}}}",
      "expect": {
        "alert": false
      },
      "category": "noise",
      "attack": null,
      "evasion": false,
      "expected_rule_id": 100251,
      "expected_level": 0,
      "mitre_id": null
    },
    {
      "name": "noise 272 | Veeam | vss_check.ps1",
      "event": "{\"win\":{\"system\":{\"providerName\":\"Microsoft-Windows-Sysmon\",\"providerGuid\":\"{5770385f-c22a-43e0-bf4c-06f5698ffbd9}\",\"eventID\":\"1\",\"version\":\"5\",\"level\":\"4\",\"task\":\"1\",\"opcode\":\"0\",\"keywords\":\"0x8000000000000000\",\"systemTime\":\"2026-08-19T06:02:35.487511024Z\",\"eventRecordID\":\"549371\",\"channel\":\"Microsoft-Windows-Sysmon/Operational\",\"computer\":\"kingslanding.sevenkingdoms.local\",\"severityValue\":\"INFORMATION\"},\"eventdata\":{\"utcTime\":\"2026-08-19 06:02:35.487\",\"processGuid\":\"{ae7e5c4e-48a7-f71e-bd41-000000000005}\",\"processId\":\"3973\",\"image\":\"C:\\\\Windows\\\\System32\\\\WindowsPowerShell\\\\v1.0\\\\powershell.exe\",\"commandLine\":\"powershell.exe -ExecutionPolicy Bypass -File C:\\\\Program Files\\\\Veeam\\\\Backup\\\\Scripts\\\\vss_check.ps1\",\"currentDirectory\":\"C:\\\\Program Files\\\\Veeam\\\\Backup\\\\\",\"user\":\"SEVENKINGDOMS\\\\backup_svc\",\"parentProcessGuid\":\"{38b9f294-fd3e-b1ba-b93b-000000000006}\",\"parentProcessId\":\"3122\",\"parentImage\":\"C:\\\\Program Files\\\\Veeam\\\\Backup\\\\VeeamAgent.exe\",\"parentCommandLine\":\"\\\"C:\\\\Program Files\\\\Veeam\\\\Backup\\\\VeeamAgent.exe\\\" -runjob NightlyBackup\",\"hashes\":\"MD5=52A2D1D53AB7B54E6107FD5ACBDFFB15,SHA256=99C8275678FE526419811BC64793F96B0D55627558DFBBF37E4B9A9C4EEE61E1,IMPHASH=BA9BA9BB26C1A2513FD776DAAC02773E\"}}}",
      "expect": {
        "alert": false
      },
      "category": "noise",
      "attack": null,
      "evasion": false,
      "expected_rule_id": 100251,
      "expected_level": 0,
      "mitre_id": null
    },
    {
      "name": "noise 273 | Veeam | Get-Volume",
      "event": "{\"win\":{\"system\":{\"providerName\":\"Microsoft-Windows-Sysmon\",\"providerGuid\":\"{5770385f-c22a-43e0-bf4c-06f5698ffbd9}\",\"eventID\":\"1\",\"version\":\"5\",\"level\":\"4\",\"task\":\"1\",\"opcode\":\"0\",\"keywords\":\"0x8000000000000000\",\"systemTime\":\"2026-08-19T06:03:57.226944300Z\",\"eventRecordID\":\"549372\",\"channel\":\"Microsoft-Windows-Sysmon/Operational\",\"computer\":\"kingslanding.sevenkingdoms.local\",\"severityValue\":\"INFORMATION\"},\"eventdata\":{\"utcTime\":\"2026-08-19 06:03:57.226\",\"processGuid\":\"{ae7e5c4e-48a7-f71e-bd41-000000000005}\",\"processId\":\"3973\",\"image\":\"C:\\\\Windows\\\\System32\\\\WindowsPowerShell\\\\v1.0\\\\powershell.exe\",\"commandLine\":\"powershell.exe -NoProfile -Command \\\"Get-Volume | Where-Object DriveLetter -eq 'D'\\\"\",\"currentDirectory\":\"C:\\\\Program Files\\\\Veeam\\\\Backup\\\\\",\"user\":\"SEVENKINGDOMS\\\\backup_svc\",\"parentProcessGuid\":\"{38b9f294-fd3e-b1ba-b93b-000000000006}\",\"parentProcessId\":\"3122\",\"parentImage\":\"C:\\\\Program Files\\\\Veeam\\\\Backup\\\\VeeamAgent.exe\",\"parentCommandLine\":\"\\\"C:\\\\Program Files\\\\Veeam\\\\Backup\\\\VeeamAgent.exe\\\" -runjob NightlyBackup\",\"hashes\":\"MD5=52A2D1D53AB7B54E6107FD5ACBDFFB15,SHA256=99C8275678FE526419811BC64793F96B0D55627558DFBBF37E4B9A9C4EEE61E1,IMPHASH=BA9BA9BB26C1A2513FD776DAAC02773E\"}}}",
      "expect": {
        "alert": false
      },
      "category": "noise",
      "attack": null,
      "evasion": false,
      "expected_rule_id": 100251,
      "expected_level": 0,
      "mitre_id": null
    },
    {
      "name": "noise 274 | Veeam | Get-VBRBackupSession",
      "event": "{\"win\":{\"system\":{\"providerName\":\"Microsoft-Windows-Sysmon\",\"providerGuid\":\"{5770385f-c22a-43e0-bf4c-06f5698ffbd9}\",\"eventID\":\"1\",\"version\":\"5\",\"level\":\"4\",\"task\":\"1\",\"opcode\":\"0\",\"keywords\":\"0x8000000000000000\",\"systemTime\":\"2026-08-19T06:05:07.087642569Z\",\"eventRecordID\":\"549373\",\"channel\":\"Microsoft-Windows-Sysmon/Operational\",\"computer\":\"kingslanding.sevenkingdoms.local\",\"severityValue\":\"INFORMATION\"},\"eventdata\":{\"utcTime\":\"2026-08-19 06:05:07.087\",\"processGuid\":\"{ae7e5c4e-48a7-f71e-bd41-000000000005}\",\"processId\":\"3973\",\"image\":\"C:\\\\Windows\\\\System32\\\\WindowsPowerShell\\\\v1.0\\\\powershell.exe\",\"commandLine\":\"powershell.exe -NoProfile -Command \\\"Get-VBRBackupSession | Where-Object {$_.Result -eq 'Success'}\\\"\",\"currentDirectory\":\"C:\\\\Program Files\\\\Veeam\\\\Backup\\\\\",\"user\":\"SEVENKINGDOMS\\\\backup_svc\",\"parentProcessGuid\":\"{38b9f294-fd3e-b1ba-b93b-000000000006}\",\"parentProcessId\":\"3122\",\"parentImage\":\"C:\\\\Program Files\\\\Veeam\\\\Backup\\\\VeeamAgent.exe\",\"parentCommandLine\":\"\\\"C:\\\\Program Files\\\\Veeam\\\\Backup\\\\VeeamAgent.exe\\\" -runjob NightlyBackup\",\"hashes\":\"MD5=52A2D1D53AB7B54E6107FD5ACBDFFB15,SHA256=99C8275678FE526419811BC64793F96B0D55627558DFBBF37E4B9A9C4EEE61E1,IMPHASH=BA9BA9BB26C1A2513FD776DAAC02773E\"}}}",
      "expect": {
        "alert": false
      },
      "category": "noise",
      "attack": null,
      "evasion": false,
      "expected_rule_id": 100251,
      "expected_level": 0,
      "mitre_id": null
    },
    {
      "name": "noise 275 | Veeam | pre_job.ps1",
      "event": "{\"win\":{\"system\":{\"providerName\":\"Microsoft-Windows-Sysmon\",\"providerGuid\":\"{5770385f-c22a-43e0-bf4c-06f5698ffbd9}\",\"eventID\":\"1\",\"version\":\"5\",\"level\":\"4\",\"task\":\"1\",\"opcode\":\"0\",\"keywords\":\"0x8000000000000000\",\"systemTime\":\"2026-08-19T06:05:40.624541849Z\",\"eventRecordID\":\"549374\",\"channel\":\"Microsoft-Windows-Sysmon/Operational\",\"computer\":\"kingslanding.sevenkingdoms.local\",\"severityValue\":\"INFORMATION\"},\"eventdata\":{\"utcTime\":\"2026-08-19 06:05:40.624\",\"processGuid\":\"{ae7e5c4e-48a7-f71e-bd41-000000000005}\",\"processId\":\"3973\",\"image\":\"C:\\\\Windows\\\\System32\\\\WindowsPowerShell\\\\v1.0\\\\powershell.exe\",\"commandLine\":\"powershell.exe -NoProfile -File \\\"C:\\\\Program Files\\\\Veeam\\\\Backup\\\\Scripts\\\\pre_job.ps1\\\"\",\"currentDirectory\":\"C:\\\\Program Files\\\\Veeam\\\\Backup\\\\\",\"user\":\"SEVENKINGDOMS\\\\backup_svc\",\"parentProcessGuid\":\"{38b9f294-fd3e-b1ba-b93b-000000000006}\",\"parentProcessId\":\"3122\",\"parentImage\":\"C:\\\\Program Files\\\\Veeam\\\\Backup\\\\VeeamAgent.exe\",\"parentCommandLine\":\"C:\\\\Program Files\\\\Veeam\\\\Backup\\\\VeeamAgent.exe\",\"hashes\":\"MD5=52A2D1D53AB7B54E6107FD5ACBDFFB15,SHA256=99C8275678FE526419811BC64793F96B0D55627558DFBBF37E4B9A9C4EEE61E1,IMPHASH=BA9BA9BB26C1A2513FD776DAAC02773E\"}}}",
      "expect": {
        "alert": false
      },
      "category": "noise",
      "attack": null,
      "evasion": false,
      "expected_rule_id": 100251,
      "expected_level": 0,
      "mitre_id": null
    },
    {
      "name": "noise 276 | Veeam | Get-Volume",
      "event": "{\"win\":{\"system\":{\"providerName\":\"Microsoft-Windows-Sysmon\",\"providerGuid\":\"{5770385f-c22a-43e0-bf4c-06f5698ffbd9}\",\"eventID\":\"1\",\"version\":\"5\",\"level\":\"4\",\"task\":\"1\",\"opcode\":\"0\",\"keywords\":\"0x8000000000000000\",\"systemTime\":\"2026-08-19T06:08:04.563326399Z\",\"eventRecordID\":\"549375\",\"channel\":\"Microsoft-Windows-Sysmon/Operational\",\"computer\":\"kingslanding.sevenkingdoms.local\",\"severityValue\":\"INFORMATION\"},\"eventdata\":{\"utcTime\":\"2026-08-19 06:08:04.563\",\"processGuid\":\"{ae7e5c4e-48a7-f71e-bd41-000000000005}\",\"processId\":\"3973\",\"image\":\"C:\\\\Windows\\\\System32\\\\WindowsPowerShell\\\\v1.0\\\\powershell.exe\",\"commandLine\":\"powershell.exe -NoProfile -Command \\\"Get-Volume | Where-Object DriveLetter -eq 'D'\\\"\",\"currentDirectory\":\"C:\\\\Program Files\\\\Veeam\\\\Backup\\\\\",\"user\":\"SEVENKINGDOMS\\\\backup_svc\",\"parentProcessGuid\":\"{38b9f294-fd3e-b1ba-b93b-000000000006}\",\"parentProcessId\":\"3122\",\"parentImage\":\"C:\\\\Program Files\\\\Veeam\\\\Backup\\\\VeeamAgent.exe\",\"parentCommandLine\":\"\\\"C:\\\\Program Files\\\\Veeam\\\\Backup\\\\VeeamAgent.exe\\\" -runjob DailyBackup\",\"hashes\":\"MD5=52A2D1D53AB7B54E6107FD5ACBDFFB15,SHA256=99C8275678FE526419811BC64793F96B0D55627558DFBBF37E4B9A9C4EEE61E1,IMPHASH=BA9BA9BB26C1A2513FD776DAAC02773E\"}}}",
      "expect": {
        "alert": false
      },
      "category": "noise",
      "attack": null,
      "evasion": false,
      "expected_rule_id": 100251,
      "expected_level": 0,
      "mitre_id": null
    },
    {
      "name": "noise 277 | Veeam | Get-Volume",
      "event": "{\"win\":{\"system\":{\"providerName\":\"Microsoft-Windows-Sysmon\",\"providerGuid\":\"{5770385f-c22a-43e0-bf4c-06f5698ffbd9}\",\"eventID\":\"1\",\"version\":\"5\",\"level\":\"4\",\"task\":\"1\",\"opcode\":\"0\",\"keywords\":\"0x8000000000000000\",\"systemTime\":\"2026-08-19T06:08:23.141755436Z\",\"eventRecordID\":\"549376\",\"channel\":\"Microsoft-Windows-Sysmon/Operational\",\"computer\":\"kingslanding.sevenkingdoms.local\",\"severityValue\":\"INFORMATION\"},\"eventdata\":{\"utcTime\":\"2026-08-19 06:08:23.141\",\"processGuid\":\"{ae7e5c4e-48a7-f71e-bd41-000000000005}\",\"processId\":\"3973\",\"image\":\"C:\\\\Windows\\\\System32\\\\WindowsPowerShell\\\\v1.0\\\\powershell.exe\",\"commandLine\":\"powershell.exe -NoProfile -Command \\\"Get-Volume | Where-Object DriveLetter -eq 'D'\\\"\",\"currentDirectory\":\"C:\\\\Program Files\\\\Veeam\\\\Backup\\\\\",\"user\":\"SEVENKINGDOMS\\\\backup_svc\",\"parentProcessGuid\":\"{38b9f294-fd3e-b1ba-b93b-000000000006}\",\"parentProcessId\":\"3122\",\"parentImage\":\"C:\\\\Program Files\\\\Veeam\\\\Backup\\\\VeeamAgent.exe\",\"parentCommandLine\":\"\\\"C:\\\\Program Files\\\\Veeam\\\\Backup\\\\VeeamAgent.exe\\\" -runjob NightlyBackup\",\"hashes\":\"MD5=52A2D1D53AB7B54E6107FD5ACBDFFB15,SHA256=99C8275678FE526419811BC64793F96B0D55627558DFBBF37E4B9A9C4EEE61E1,IMPHASH=BA9BA9BB26C1A2513FD776DAAC02773E\"}}}",
      "expect": {
        "alert": false
      },
      "category": "noise",
      "attack": null,
      "evasion": false,
      "expected_rule_id": 100251,
      "expected_level": 0,
      "mitre_id": null
    },
    {
      "name": "noise 278 | Veeam | Get-VBRJob",
      "event": "{\"win\":{\"system\":{\"providerName\":\"Microsoft-Windows-Sysmon\",\"providerGuid\":\"{5770385f-c22a-43e0-bf4c-06f5698ffbd9}\",\"eventID\":\"1\",\"version\":\"5\",\"level\":\"4\",\"task\":\"1\",\"opcode\":\"0\",\"keywords\":\"0x8000000000000000\",\"systemTime\":\"2026-08-19T06:10:42.826617459Z\",\"eventRecordID\":\"549377\",\"channel\":\"Microsoft-Windows-Sysmon/Operational\",\"computer\":\"kingslanding.sevenkingdoms.local\",\"severityValue\":\"INFORMATION\"},\"eventdata\":{\"utcTime\":\"2026-08-19 06:10:42.826\",\"processGuid\":\"{ae7e5c4e-48a7-f71e-bd41-000000000005}\",\"processId\":\"3973\",\"image\":\"C:\\\\Windows\\\\System32\\\\WindowsPowerShell\\\\v1.0\\\\powershell.exe\",\"commandLine\":\"powershell.exe -NoProfile -Command \\\"Get-VBRJob | Select-Object Name,LastResult\\\"\",\"currentDirectory\":\"C:\\\\Program Files\\\\Veeam\\\\Backup\\\\\",\"user\":\"SEVENKINGDOMS\\\\backup_svc\",\"parentProcessGuid\":\"{38b9f294-fd3e-b1ba-b93b-000000000006}\",\"parentProcessId\":\"3122\",\"parentImage\":\"C:\\\\Program Files\\\\Veeam\\\\Backup\\\\VeeamAgent.exe\",\"parentCommandLine\":\"\\\"C:\\\\Program Files\\\\Veeam\\\\Backup\\\\VeeamAgent.exe\\\" -runjob DailyBackup\",\"hashes\":\"MD5=52A2D1D53AB7B54E6107FD5ACBDFFB15,SHA256=99C8275678FE526419811BC64793F96B0D55627558DFBBF37E4B9A9C4EEE61E1,IMPHASH=BA9BA9BB26C1A2513FD776DAAC02773E\"}}}",
      "expect": {
        "alert": false
      },
      "category": "noise",
      "attack": null,
      "evasion": false,
      "expected_rule_id": 100251,
      "expected_level": 0,
      "mitre_id": null
    },
    {
      "name": "noise 279 | Veeam | Get-Volume",
      "event": "{\"win\":{\"system\":{\"providerName\":\"Microsoft-Windows-Sysmon\",\"providerGuid\":\"{5770385f-c22a-43e0-bf4c-06f5698ffbd9}\",\"eventID\":\"1\",\"version\":\"5\",\"level\":\"4\",\"task\":\"1\",\"opcode\":\"0\",\"keywords\":\"0x8000000000000000\",\"systemTime\":\"2026-08-19T06:12:03.411863748Z\",\"eventRecordID\":\"549378\",\"channel\":\"Microsoft-Windows-Sysmon/Operational\",\"computer\":\"kingslanding.sevenkingdoms.local\",\"severityValue\":\"INFORMATION\"},\"eventdata\":{\"utcTime\":\"2026-08-19 06:12:03.411\",\"processGuid\":\"{ae7e5c4e-48a7-f71e-bd41-000000000005}\",\"processId\":\"3973\",\"image\":\"C:\\\\Windows\\\\System32\\\\WindowsPowerShell\\\\v1.0\\\\powershell.exe\",\"commandLine\":\"powershell.exe -NoProfile -Command \\\"Get-Volume | Where-Object DriveLetter -eq 'D'\\\"\",\"currentDirectory\":\"C:\\\\Program Files\\\\Veeam\\\\Backup\\\\\",\"user\":\"SEVENKINGDOMS\\\\backup_svc\",\"parentProcessGuid\":\"{38b9f294-fd3e-b1ba-b93b-000000000006}\",\"parentProcessId\":\"3122\",\"parentImage\":\"C:\\\\Program Files\\\\Veeam\\\\Backup\\\\VeeamAgent.exe\",\"parentCommandLine\":\"\\\"C:\\\\Program Files\\\\Veeam\\\\Backup\\\\VeeamAgent.exe\\\" -runjob NightlyBackup\",\"hashes\":\"MD5=52A2D1D53AB7B54E6107FD5ACBDFFB15,SHA256=99C8275678FE526419811BC64793F96B0D55627558DFBBF37E4B9A9C4EEE61E1,IMPHASH=BA9BA9BB26C1A2513FD776DAAC02773E\"}}}",
      "expect": {
        "alert": false
      },
      "category": "noise",
      "attack": null,
      "evasion": false,
      "expected_rule_id": 100251,
      "expected_level": 0,
      "mitre_id": null
    },
    {
      "name": "noise 280 | Veeam | backup_post.ps1",
      "event": "{\"win\":{\"system\":{\"providerName\":\"Microsoft-Windows-Sysmon\",\"providerGuid\":\"{5770385f-c22a-43e0-bf4c-06f5698ffbd9}\",\"eventID\":\"1\",\"version\":\"5\",\"level\":\"4\",\"task\":\"1\",\"opcode\":\"0\",\"keywords\":\"0x8000000000000000\",\"systemTime\":\"2026-08-19T06:13:30.306423075Z\",\"eventRecordID\":\"549379\",\"channel\":\"Microsoft-Windows-Sysmon/Operational\",\"computer\":\"kingslanding.sevenkingdoms.local\",\"severityValue\":\"INFORMATION\"},\"eventdata\":{\"utcTime\":\"2026-08-19 06:13:30.306\",\"processGuid\":\"{ae7e5c4e-48a7-f71e-bd41-000000000005}\",\"processId\":\"3973\",\"image\":\"C:\\\\Windows\\\\System32\\\\WindowsPowerShell\\\\v1.0\\\\powershell.exe\",\"commandLine\":\"powershell.exe -NoProfile -File \\\"C:\\\\Program Files\\\\Veeam\\\\Backup\\\\Scripts\\\\backup_post.ps1\\\"\",\"currentDirectory\":\"C:\\\\Program Files\\\\Veeam\\\\Backup\\\\\",\"user\":\"SEVENKINGDOMS\\\\backup_svc\",\"parentProcessGuid\":\"{38b9f294-fd3e-b1ba-b93b-000000000006}\",\"parentProcessId\":\"3122\",\"parentImage\":\"C:\\\\Program Files\\\\Veeam\\\\Backup\\\\VeeamAgent.exe\",\"parentCommandLine\":\"\\\"C:\\\\Program Files\\\\Veeam\\\\Backup\\\\VeeamAgent.exe\\\" -runjob NightlyBackup\",\"hashes\":\"MD5=52A2D1D53AB7B54E6107FD5ACBDFFB15,SHA256=99C8275678FE526419811BC64793F96B0D55627558DFBBF37E4B9A9C4EEE61E1,IMPHASH=BA9BA9BB26C1A2513FD776DAAC02773E\"}}}",
      "expect": {
        "alert": false
      },
      "category": "noise",
      "attack": null,
      "evasion": false,
      "expected_rule_id": 100251,
      "expected_level": 0,
      "mitre_id": null
    },
    {
      "name": "noise 281 | Veeam | vss_check.ps1",
      "event": "{\"win\":{\"system\":{\"providerName\":\"Microsoft-Windows-Sysmon\",\"providerGuid\":\"{5770385f-c22a-43e0-bf4c-06f5698ffbd9}\",\"eventID\":\"1\",\"version\":\"5\",\"level\":\"4\",\"task\":\"1\",\"opcode\":\"0\",\"keywords\":\"0x8000000000000000\",\"systemTime\":\"2026-08-19T06:14:57.688641629Z\",\"eventRecordID\":\"549380\",\"channel\":\"Microsoft-Windows-Sysmon/Operational\",\"computer\":\"kingslanding.sevenkingdoms.local\",\"severityValue\":\"INFORMATION\"},\"eventdata\":{\"utcTime\":\"2026-08-19 06:14:57.688\",\"processGuid\":\"{ae7e5c4e-48a7-f71e-bd41-000000000005}\",\"processId\":\"3973\",\"image\":\"C:\\\\Windows\\\\System32\\\\WindowsPowerShell\\\\v1.0\\\\powershell.exe\",\"commandLine\":\"powershell.exe -ExecutionPolicy Bypass -File C:\\\\Program Files\\\\Veeam\\\\Backup\\\\Scripts\\\\vss_check.ps1\",\"currentDirectory\":\"C:\\\\Program Files\\\\Veeam\\\\Backup\\\\\",\"user\":\"SEVENKINGDOMS\\\\backup_svc\",\"parentProcessGuid\":\"{38b9f294-fd3e-b1ba-b93b-000000000006}\",\"parentProcessId\":\"3122\",\"parentImage\":\"C:\\\\Program Files\\\\Veeam\\\\Backup\\\\VeeamAgent.exe\",\"parentCommandLine\":\"\\\"C:\\\\Program Files\\\\Veeam\\\\Backup\\\\VeeamAgent.exe\\\" -runjob NightlyBackup\",\"hashes\":\"MD5=52A2D1D53AB7B54E6107FD5ACBDFFB15,SHA256=99C8275678FE526419811BC64793F96B0D55627558DFBBF37E4B9A9C4EEE61E1,IMPHASH=BA9BA9BB26C1A2513FD776DAAC02773E\"}}}",
      "expect": {
        "alert": false
      },
      "category": "noise",
      "attack": null,
      "evasion": false,
      "expected_rule_id": 100251,
      "expected_level": 0,
      "mitre_id": null
    },
    {
      "name": "noise 282 | Veeam | Get-VBRBackupSession",
      "event": "{\"win\":{\"system\":{\"providerName\":\"Microsoft-Windows-Sysmon\",\"providerGuid\":\"{5770385f-c22a-43e0-bf4c-06f5698ffbd9}\",\"eventID\":\"1\",\"version\":\"5\",\"level\":\"4\",\"task\":\"1\",\"opcode\":\"0\",\"keywords\":\"0x8000000000000000\",\"systemTime\":\"2026-08-19T06:15:59.488573844Z\",\"eventRecordID\":\"549381\",\"channel\":\"Microsoft-Windows-Sysmon/Operational\",\"computer\":\"kingslanding.sevenkingdoms.local\",\"severityValue\":\"INFORMATION\"},\"eventdata\":{\"utcTime\":\"2026-08-19 06:15:59.488\",\"processGuid\":\"{ae7e5c4e-48a7-f71e-bd41-000000000005}\",\"processId\":\"3973\",\"image\":\"C:\\\\Windows\\\\System32\\\\WindowsPowerShell\\\\v1.0\\\\powershell.exe\",\"commandLine\":\"powershell.exe -NoProfile -Command \\\"Get-VBRBackupSession | Where-Object {$_.Result -eq 'Success'}\\\"\",\"currentDirectory\":\"C:\\\\Program Files\\\\Veeam\\\\Backup\\\\\",\"user\":\"SEVENKINGDOMS\\\\backup_svc\",\"parentProcessGuid\":\"{38b9f294-fd3e-b1ba-b93b-000000000006}\",\"parentProcessId\":\"3122\",\"parentImage\":\"C:\\\\Program Files\\\\Veeam\\\\Backup\\\\VeeamAgent.exe\",\"parentCommandLine\":\"C:\\\\Program Files\\\\Veeam\\\\Backup\\\\VeeamAgent.exe\",\"hashes\":\"MD5=52A2D1D53AB7B54E6107FD5ACBDFFB15,SHA256=99C8275678FE526419811BC64793F96B0D55627558DFBBF37E4B9A9C4EEE61E1,IMPHASH=BA9BA9BB26C1A2513FD776DAAC02773E\"}}}",
      "expect": {
        "alert": false
      },
      "category": "noise",
      "attack": null,
      "evasion": false,
      "expected_rule_id": 100251,
      "expected_level": 0,
      "mitre_id": null
    },
    {
      "name": "noise 283 | Veeam | vss_check.ps1",
      "event": "{\"win\":{\"system\":{\"providerName\":\"Microsoft-Windows-Sysmon\",\"providerGuid\":\"{5770385f-c22a-43e0-bf4c-06f5698ffbd9}\",\"eventID\":\"1\",\"version\":\"5\",\"level\":\"4\",\"task\":\"1\",\"opcode\":\"0\",\"keywords\":\"0x8000000000000000\",\"systemTime\":\"2026-08-19T06:16:50.310156475Z\",\"eventRecordID\":\"549382\",\"channel\":\"Microsoft-Windows-Sysmon/Operational\",\"computer\":\"kingslanding.sevenkingdoms.local\",\"severityValue\":\"INFORMATION\"},\"eventdata\":{\"utcTime\":\"2026-08-19 06:16:50.310\",\"processGuid\":\"{ae7e5c4e-48a7-f71e-bd41-000000000005}\",\"processId\":\"3973\",\"image\":\"C:\\\\Windows\\\\System32\\\\WindowsPowerShell\\\\v1.0\\\\powershell.exe\",\"commandLine\":\"powershell.exe -ExecutionPolicy Bypass -File C:\\\\Program Files\\\\Veeam\\\\Backup\\\\Scripts\\\\vss_check.ps1\",\"currentDirectory\":\"C:\\\\Program Files\\\\Veeam\\\\Backup\\\\\",\"user\":\"SEVENKINGDOMS\\\\backup_svc\",\"parentProcessGuid\":\"{38b9f294-fd3e-b1ba-b93b-000000000006}\",\"parentProcessId\":\"3122\",\"parentImage\":\"C:\\\\Program Files\\\\Veeam\\\\Backup\\\\VeeamAgent.exe\",\"parentCommandLine\":\"\\\"C:\\\\Program Files\\\\Veeam\\\\Backup\\\\VeeamAgent.exe\\\" -runjob DailyBackup\",\"hashes\":\"MD5=52A2D1D53AB7B54E6107FD5ACBDFFB15,SHA256=99C8275678FE526419811BC64793F96B0D55627558DFBBF37E4B9A9C4EEE61E1,IMPHASH=BA9BA9BB26C1A2513FD776DAAC02773E\"}}}",
      "expect": {
        "alert": false
      },
      "category": "noise",
      "attack": null,
      "evasion": false,
      "expected_rule_id": 100251,
      "expected_level": 0,
      "mitre_id": null
    },
    {
      "name": "noise 284 | Veeam | Get-VBRJob",
      "event": "{\"win\":{\"system\":{\"providerName\":\"Microsoft-Windows-Sysmon\",\"providerGuid\":\"{5770385f-c22a-43e0-bf4c-06f5698ffbd9}\",\"eventID\":\"1\",\"version\":\"5\",\"level\":\"4\",\"task\":\"1\",\"opcode\":\"0\",\"keywords\":\"0x8000000000000000\",\"systemTime\":\"2026-08-19T06:18:12.719264504Z\",\"eventRecordID\":\"549383\",\"channel\":\"Microsoft-Windows-Sysmon/Operational\",\"computer\":\"kingslanding.sevenkingdoms.local\",\"severityValue\":\"INFORMATION\"},\"eventdata\":{\"utcTime\":\"2026-08-19 06:18:12.719\",\"processGuid\":\"{ae7e5c4e-48a7-f71e-bd41-000000000005}\",\"processId\":\"3973\",\"image\":\"C:\\\\Windows\\\\System32\\\\WindowsPowerShell\\\\v1.0\\\\powershell.exe\",\"commandLine\":\"powershell.exe -NoProfile -Command \\\"Get-VBRJob | Select-Object Name,LastResult\\\"\",\"currentDirectory\":\"C:\\\\Program Files\\\\Veeam\\\\Backup\\\\\",\"user\":\"SEVENKINGDOMS\\\\backup_svc\",\"parentProcessGuid\":\"{38b9f294-fd3e-b1ba-b93b-000000000006}\",\"parentProcessId\":\"3122\",\"parentImage\":\"C:\\\\Program Files\\\\Veeam\\\\Backup\\\\VeeamAgent.exe\",\"parentCommandLine\":\"\\\"C:\\\\Program Files\\\\Veeam\\\\Backup\\\\VeeamAgent.exe\\\" -runjob DailyBackup\",\"hashes\":\"MD5=52A2D1D53AB7B54E6107FD5ACBDFFB15,SHA256=99C8275678FE526419811BC64793F96B0D55627558DFBBF37E4B9A9C4EEE61E1,IMPHASH=BA9BA9BB26C1A2513FD776DAAC02773E\"}}}",
      "expect": {
        "alert": false
      },
      "category": "noise",
      "attack": null,
      "evasion": false,
      "expected_rule_id": 100251,
      "expected_level": 0,
      "mitre_id": null
    },
    {
      "name": "noise 285 | Veeam | Start-VBRJob",
      "event": "{\"win\":{\"system\":{\"providerName\":\"Microsoft-Windows-Sysmon\",\"providerGuid\":\"{5770385f-c22a-43e0-bf4c-06f5698ffbd9}\",\"eventID\":\"1\",\"version\":\"5\",\"level\":\"4\",\"task\":\"1\",\"opcode\":\"0\",\"keywords\":\"0x8000000000000000\",\"systemTime\":\"2026-08-19T06:19:07.265252914Z\",\"eventRecordID\":\"549384\",\"channel\":\"Microsoft-Windows-Sysmon/Operational\",\"computer\":\"kingslanding.sevenkingdoms.local\",\"severityValue\":\"INFORMATION\"},\"eventdata\":{\"utcTime\":\"2026-08-19 06:19:07.265\",\"processGuid\":\"{ae7e5c4e-48a7-f71e-bd41-000000000005}\",\"processId\":\"3973\",\"image\":\"C:\\\\Windows\\\\System32\\\\WindowsPowerShell\\\\v1.0\\\\powershell.exe\",\"commandLine\":\"powershell.exe -NoProfile -Command \\\"Start-VBRJob -Job 'DailyBackup'\\\"\",\"currentDirectory\":\"C:\\\\Program Files\\\\Veeam\\\\Backup\\\\\",\"user\":\"SEVENKINGDOMS\\\\backup_svc\",\"parentProcessGuid\":\"{38b9f294-fd3e-b1ba-b93b-000000000006}\",\"parentProcessId\":\"3122\",\"parentImage\":\"C:\\\\Program Files\\\\Veeam\\\\Backup\\\\VeeamAgent.exe\",\"parentCommandLine\":\"\\\"C:\\\\Program Files\\\\Veeam\\\\Backup\\\\VeeamAgent.exe\\\" -runjob NightlyBackup\",\"hashes\":\"MD5=52A2D1D53AB7B54E6107FD5ACBDFFB15,SHA256=99C8275678FE526419811BC64793F96B0D55627558DFBBF37E4B9A9C4EEE61E1,IMPHASH=BA9BA9BB26C1A2513FD776DAAC02773E\"}}}",
      "expect": {
        "alert": false
      },
      "category": "noise",
      "attack": null,
      "evasion": false,
      "expected_rule_id": 100251,
      "expected_level": 0,
      "mitre_id": null
    },
    {
      "name": "noise 286 | Veeam | Get-VBRJob",
      "event": "{\"win\":{\"system\":{\"providerName\":\"Microsoft-Windows-Sysmon\",\"providerGuid\":\"{5770385f-c22a-43e0-bf4c-06f5698ffbd9}\",\"eventID\":\"1\",\"version\":\"5\",\"level\":\"4\",\"task\":\"1\",\"opcode\":\"0\",\"keywords\":\"0x8000000000000000\",\"systemTime\":\"2026-08-19T06:20:40.770297787Z\",\"eventRecordID\":\"549385\",\"channel\":\"Microsoft-Windows-Sysmon/Operational\",\"computer\":\"kingslanding.sevenkingdoms.local\",\"severityValue\":\"INFORMATION\"},\"eventdata\":{\"utcTime\":\"2026-08-19 06:20:40.770\",\"processGuid\":\"{ae7e5c4e-48a7-f71e-bd41-000000000005}\",\"processId\":\"3973\",\"image\":\"C:\\\\Windows\\\\System32\\\\WindowsPowerShell\\\\v1.0\\\\powershell.exe\",\"commandLine\":\"powershell.exe -NoProfile -Command \\\"Get-VBRJob | Select-Object Name,LastResult\\\"\",\"currentDirectory\":\"C:\\\\Program Files\\\\Veeam\\\\Backup\\\\\",\"user\":\"SEVENKINGDOMS\\\\backup_svc\",\"parentProcessGuid\":\"{38b9f294-fd3e-b1ba-b93b-000000000006}\",\"parentProcessId\":\"3122\",\"parentImage\":\"C:\\\\Program Files\\\\Veeam\\\\Backup\\\\VeeamAgent.exe\",\"parentCommandLine\":\"\\\"C:\\\\Program Files\\\\Veeam\\\\Backup\\\\VeeamAgent.exe\\\" -runjob DailyBackup\",\"hashes\":\"MD5=52A2D1D53AB7B54E6107FD5ACBDFFB15,SHA256=99C8275678FE526419811BC64793F96B0D55627558DFBBF37E4B9A9C4EEE61E1,IMPHASH=BA9BA9BB26C1A2513FD776DAAC02773E\"}}}",
      "expect": {
        "alert": false
      },
      "category": "noise",
      "attack": null,
      "evasion": false,
      "expected_rule_id": 100251,
      "expected_level": 0,
      "mitre_id": null
    },
    {
      "name": "noise 287 | Veeam | vss_check.ps1",
      "event": "{\"win\":{\"system\":{\"providerName\":\"Microsoft-Windows-Sysmon\",\"providerGuid\":\"{5770385f-c22a-43e0-bf4c-06f5698ffbd9}\",\"eventID\":\"1\",\"version\":\"5\",\"level\":\"4\",\"task\":\"1\",\"opcode\":\"0\",\"keywords\":\"0x8000000000000000\",\"systemTime\":\"2026-08-19T06:21:55.808367877Z\",\"eventRecordID\":\"549386\",\"channel\":\"Microsoft-Windows-Sysmon/Operational\",\"computer\":\"kingslanding.sevenkingdoms.local\",\"severityValue\":\"INFORMATION\"},\"eventdata\":{\"utcTime\":\"2026-08-19 06:21:55.808\",\"processGuid\":\"{ae7e5c4e-48a7-f71e-bd41-000000000005}\",\"processId\":\"3973\",\"image\":\"C:\\\\Windows\\\\System32\\\\WindowsPowerShell\\\\v1.0\\\\powershell.exe\",\"commandLine\":\"powershell.exe -ExecutionPolicy Bypass -File C:\\\\Program Files\\\\Veeam\\\\Backup\\\\Scripts\\\\vss_check.ps1\",\"currentDirectory\":\"C:\\\\Program Files\\\\Veeam\\\\Backup\\\\\",\"user\":\"SEVENKINGDOMS\\\\backup_svc\",\"parentProcessGuid\":\"{38b9f294-fd3e-b1ba-b93b-000000000006}\",\"parentProcessId\":\"3122\",\"parentImage\":\"C:\\\\Program Files\\\\Veeam\\\\Backup\\\\VeeamAgent.exe\",\"parentCommandLine\":\"C:\\\\Program Files\\\\Veeam\\\\Backup\\\\VeeamAgent.exe\",\"hashes\":\"MD5=52A2D1D53AB7B54E6107FD5ACBDFFB15,SHA256=99C8275678FE526419811BC64793F96B0D55627558DFBBF37E4B9A9C4EEE61E1,IMPHASH=BA9BA9BB26C1A2513FD776DAAC02773E\"}}}",
      "expect": {
        "alert": false
      },
      "category": "noise",
      "attack": null,
      "evasion": false,
      "expected_rule_id": 100251,
      "expected_level": 0,
      "mitre_id": null
    },
