    {
      "name": "noise 498 | Zabbix | sc query W32Time",
      "event": "{\"win\":{\"system\":{\"providerName\":\"Microsoft-Windows-Sysmon\",\"providerGuid\":\"{5770385f-c22a-43e0-bf4c-06f5698ffbd9}\",\"eventID\":\"1\",\"version\":\"5\",\"level\":\"4\",\"task\":\"1\",\"opcode\":\"0\",\"keywords\":\"0x8000000000000000\",\"systemTime\":\"2026-08-19T11:04:01.952728324Z\",\"eventRecordID\":\"549597\",\"channel\":\"Microsoft-Windows-Sysmon/Operational\",\"computer\":\"kingslanding.sevenkingdoms.local\",\"severityValue\":\"INFORMATION\"},\"eventdata\":{\"utcTime\":\"2026-08-19 11:04:01.952\",\"processGuid\":\"{7c1463a2-9b19-b20f-d786-000000000007}\",\"processId\":\"6145\",\"image\":\"C:\\\\Windows\\\\System32\\\\cmd.exe\",\"commandLine\":\"cmd.exe /c \\\"sc query W32Time\\\"\",\"currentDirectory\":\"C:\\\\Windows\\\\system32\\\\\",\"user\":\"NT AUTHORITY\\\\SYSTEM\",\"parentProcessGuid\":\"{fc63b85c-6d40-c598-c4e6-000000000008}\",\"parentProcessId\":\"7788\",\"parentImage\":\"C:\\\\Program Files\\\\Zabbix Agent\\\\zabbix_agentd.exe\",\"parentCommandLine\":\"\\\"C:\\\\Program Files\\\\Zabbix Agent\\\\zabbix_agentd.exe\\\" --config \\\"C:\\\\Program Files\\\\Zabbix Agent\\\\zabbix_agentd.conf\\\"\",\"hashes\":\"MD5=AD4F0121E05E45568A2E62DF8F91BF81,SHA256=454CFEEA347FDC3F0ACB885CFB4B031166A2387FAB14C4D4A5008AE16181F80E,IMPHASH=D3F8F91898C22767183D2C65A8BA9A98\"}}}",
      "expect": {
        "alert": false
      },
      "category": "noise",
      "attack": null,
      "evasion": false,
      "expected_rule_id": 100251,
      "expected_level": 0,
      "mitre_id": null
    },
    {
      "name": "noise 499 | Zabbix | sc query W32Time",
      "event": "{\"win\":{\"system\":{\"providerName\":\"Microsoft-Windows-Sysmon\",\"providerGuid\":\"{5770385f-c22a-43e0-bf4c-06f5698ffbd9}\",\"eventID\":\"1\",\"version\":\"5\",\"level\":\"4\",\"task\":\"1\",\"opcode\":\"0\",\"keywords\":\"0x8000000000000000\",\"systemTime\":\"2026-08-19T11:04:38.194090300Z\",\"eventRecordID\":\"549598\",\"channel\":\"Microsoft-Windows-Sysmon/Operational\",\"computer\":\"kingslanding.sevenkingdoms.local\",\"severityValue\":\"INFORMATION\"},\"eventdata\":{\"utcTime\":\"2026-08-19 11:04:38.194\",\"processGuid\":\"{7c1463a2-9b19-b20f-d786-000000000007}\",\"processId\":\"6145\",\"image\":\"C:\\\\Windows\\\\System32\\\\cmd.exe\",\"commandLine\":\"cmd.exe /c \\\"sc query W32Time\\\"\",\"currentDirectory\":\"C:\\\\Windows\\\\system32\\\\\",\"user\":\"NT AUTHORITY\\\\SYSTEM\",\"parentProcessGuid\":\"{fc63b85c-6d40-c598-c4e6-000000000008}\",\"parentProcessId\":\"7788\",\"parentImage\":\"C:\\\\Program Files\\\\Zabbix Agent\\\\zabbix_agentd.exe\",\"parentCommandLine\":\"\\\"C:\\\\Program Files\\\\Zabbix Agent\\\\zabbix_agentd.exe\\\" --config \\\"C:\\\\Program Files\\\\Zabbix Agent\\\\zabbix_agentd.conf\\\"\",\"hashes\":\"MD5=AD4F0121E05E45568A2E62DF8F91BF81,SHA256=454CFEEA347FDC3F0ACB885CFB4B031166A2387FAB14C4D4A5008AE16181F80E,IMPHASH=D3F8F91898C22767183D2C65A8BA9A98\"}}}",
      "expect": {
        "alert": false
      },
      "category": "noise",
      "attack": null,
      "evasion": false,
      "expected_rule_id": 100251,
      "expected_level": 0,
      "mitre_id": null
    },
    {
      "name": "noise 500 | Zabbix | sc query WinRM",
      "event": "{\"win\":{\"system\":{\"providerName\":\"Microsoft-Windows-Sysmon\",\"providerGuid\":\"{5770385f-c22a-43e0-bf4c-06f5698ffbd9}\",\"eventID\":\"1\",\"version\":\"5\",\"level\":\"4\",\"task\":\"1\",\"opcode\":\"0\",\"keywords\":\"0x8000000000000000\",\"systemTime\":\"2026-08-19T11:06:21.473570004Z\",\"eventRecordID\":\"549599\",\"channel\":\"Microsoft-Windows-Sysmon/Operational\",\"computer\":\"kingslanding.sevenkingdoms.local\",\"severityValue\":\"INFORMATION\"},\"eventdata\":{\"utcTime\":\"2026-08-19 11:06:21.473\",\"processGuid\":\"{7c1463a2-9b19-b20f-d786-000000000007}\",\"processId\":\"6145\",\"image\":\"C:\\\\Windows\\\\System32\\\\cmd.exe\",\"commandLine\":\"cmd.exe /c \\\"sc query WinRM\\\"\",\"currentDirectory\":\"C:\\\\Windows\\\\system32\\\\\",\"user\":\"NT AUTHORITY\\\\SYSTEM\",\"parentProcessGuid\":\"{fc63b85c-6d40-c598-c4e6-000000000008}\",\"parentProcessId\":\"7788\",\"parentImage\":\"C:\\\\Program Files\\\\Zabbix Agent\\\\zabbix_agentd.exe\",\"parentCommandLine\":\"\\\"C:\\\\Program Files\\\\Zabbix Agent\\\\zabbix_agentd.exe\\\" --config \\\"C:\\\\Program Files\\\\Zabbix Agent\\\\zabbix_agentd.conf\\\"\",\"hashes\":\"MD5=AD4F0121E05E45568A2E62DF8F91BF81,SHA256=454CFEEA347FDC3F0ACB885CFB4B031166A2387FAB14C4D4A5008AE16181F80E,IMPHASH=D3F8F91898C22767183D2C65A8BA9A98\"}}}",
      "expect": {
        "alert": false
      },
      "category": "noise",
      "attack": null,
      "evasion": false,
      "expected_rule_id": 100251,
      "expected_level": 0,
      "mitre_id": null
    },
    {
      "name": "noise 501 | Zabbix | sc query W32Time",
      "event": "{\"win\":{\"system\":{\"providerName\":\"Microsoft-Windows-Sysmon\",\"providerGuid\":\"{5770385f-c22a-43e0-bf4c-06f5698ffbd9}\",\"eventID\":\"1\",\"version\":\"5\",\"level\":\"4\",\"task\":\"1\",\"opcode\":\"0\",\"keywords\":\"0x8000000000000000\",\"systemTime\":\"2026-08-19T11:07:35.649742462Z\",\"eventRecordID\":\"549600\",\"channel\":\"Microsoft-Windows-Sysmon/Operational\",\"computer\":\"kingslanding.sevenkingdoms.local\",\"severityValue\":\"INFORMATION\"},\"eventdata\":{\"utcTime\":\"2026-08-19 11:07:35.649\",\"processGuid\":\"{7c1463a2-9b19-b20f-d786-000000000007}\",\"processId\":\"6145\",\"image\":\"C:\\\\Windows\\\\System32\\\\cmd.exe\",\"commandLine\":\"cmd.exe /c \\\"sc query W32Time\\\"\",\"currentDirectory\":\"C:\\\\Windows\\\\system32\\\\\",\"user\":\"NT AUTHORITY\\\\SYSTEM\",\"parentProcessGuid\":\"{fc63b85c-6d40-c598-c4e6-000000000008}\",\"parentProcessId\":\"7788\",\"parentImage\":\"C:\\\\Program Files\\\\Zabbix Agent\\\\zabbix_agentd.exe\",\"parentCommandLine\":\"\\\"C:\\\\Program Files\\\\Zabbix Agent\\\\zabbix_agentd.exe\\\" --config \\\"C:\\\\Program Files\\\\Zabbix Agent\\\\zabbix_agentd.conf\\\"\",\"hashes\":\"MD5=AD4F0121E05E45568A2E62DF8F91BF81,SHA256=454CFEEA347FDC3F0ACB885CFB4B031166A2387FAB14C4D4A5008AE16181F80E,IMPHASH=D3F8F91898C22767183D2C65A8BA9A98\"}}}",
      "expect": {
        "alert": false
      },
      "category": "noise",
      "attack": null,
      "evasion": false,
      "expected_rule_id": 100251,
      "expected_level": 0,
      "mitre_id": null
    },
    {
      "name": "noise 502 | Zabbix | tasklist zabbix",
      "event": "{\"win\":{\"system\":{\"providerName\":\"Microsoft-Windows-Sysmon\",\"providerGuid\":\"{5770385f-c22a-43e0-bf4c-06f5698ffbd9}\",\"eventID\":\"1\",\"version\":\"5\",\"level\":\"4\",\"task\":\"1\",\"opcode\":\"0\",\"keywords\":\"0x8000000000000000\",\"systemTime\":\"2026-08-19T11:08:32.944004571Z\",\"eventRecordID\":\"549601\",\"channel\":\"Microsoft-Windows-Sysmon/Operational\",\"computer\":\"kingslanding.sevenkingdoms.local\",\"severityValue\":\"INFORMATION\"},\"eventdata\":{\"utcTime\":\"2026-08-19 11:08:32.944\",\"processGuid\":\"{7c1463a2-9b19-b20f-d786-000000000007}\",\"processId\":\"6145\",\"image\":\"C:\\\\Windows\\\\System32\\\\cmd.exe\",\"commandLine\":\"cmd.exe /c tasklist /FI \\\"IMAGENAME eq zabbix_agentd.exe\\\"\",\"currentDirectory\":\"C:\\\\Windows\\\\system32\\\\\",\"user\":\"NT AUTHORITY\\\\SYSTEM\",\"parentProcessGuid\":\"{fc63b85c-6d40-c598-c4e6-000000000008}\",\"parentProcessId\":\"7788\",\"parentImage\":\"C:\\\\Program Files\\\\Zabbix Agent\\\\zabbix_agentd.exe\",\"parentCommandLine\":\"\\\"C:\\\\Program Files\\\\Zabbix Agent\\\\zabbix_agentd.exe\\\" --config \\\"C:\\\\Program Files\\\\Zabbix Agent\\\\zabbix_agentd.conf\\\"\",\"hashes\":\"MD5=AD4F0121E05E45568A2E62DF8F91BF81,SHA256=454CFEEA347FDC3F0ACB885CFB4B031166A2387FAB14C4D4A5008AE16181F80E,IMPHASH=D3F8F91898C22767183D2C65A8BA9A98\"}}}",
      "expect": {
        "alert": false
      },
      "category": "noise",
      "attack": null,
      "evasion": false,
      "expected_rule_id": 100251,
      "expected_level": 0,
      "mitre_id": null
    },
    {
      "name": "noise 503 | Zabbix | fsutil diskfree",
      "event": "{\"win\":{\"system\":{\"providerName\":\"Microsoft-Windows-Sysmon\",\"providerGuid\":\"{5770385f-c22a-43e0-bf4c-06f5698ffbd9}\",\"eventID\":\"1\",\"version\":\"5\",\"level\":\"4\",\"task\":\"1\",\"opcode\":\"0\",\"keywords\":\"0x8000000000000000\",\"systemTime\":\"2026-08-19T11:10:01.794394919Z\",\"eventRecordID\":\"549602\",\"channel\":\"Microsoft-Windows-Sysmon/Operational\",\"computer\":\"kingslanding.sevenkingdoms.local\",\"severityValue\":\"INFORMATION\"},\"eventdata\":{\"utcTime\":\"2026-08-19 11:10:01.794\",\"processGuid\":\"{7c1463a2-9b19-b20f-d786-000000000007}\",\"processId\":\"6145\",\"image\":\"C:\\\\Windows\\\\System32\\\\cmd.exe\",\"commandLine\":\"cmd.exe /c \\\"fsutil volume diskfree C:\\\"\",\"currentDirectory\":\"C:\\\\Windows\\\\system32\\\\\",\"user\":\"NT AUTHORITY\\\\SYSTEM\",\"parentProcessGuid\":\"{fc63b85c-6d40-c598-c4e6-000000000008}\",\"parentProcessId\":\"7788\",\"parentImage\":\"C:\\\\Program Files\\\\Zabbix Agent\\\\zabbix_agentd.exe\",\"parentCommandLine\":\"\\\"C:\\\\Program Files\\\\Zabbix Agent\\\\zabbix_agentd.exe\\\" --config \\\"C:\\\\Program Files\\\\Zabbix Agent\\\\zabbix_agentd.conf\\\"\",\"hashes\":\"MD5=AD4F0121E05E45568A2E62DF8F91BF81,SHA256=454CFEEA347FDC3F0ACB885CFB4B031166A2387FAB14C4D4A5008AE16181F80E,IMPHASH=D3F8F91898C22767183D2C65A8BA9A98\"}}}",
      "expect": {
        "alert": false
      },
      "category": "noise",
      "attack": null,
      "evasion": false,
      "expected_rule_id": 100251,
      "expected_level": 0,
      "mitre_id": null
    },
    {
      "name": "noise 504 | Zabbix | sc query W32Time",
      "event": "{\"win\":{\"system\":{\"providerName\":\"Microsoft-Windows-Sysmon\",\"providerGuid\":\"{5770385f-c22a-43e0-bf4c-06f5698ffbd9}\",\"eventID\":\"1\",\"version\":\"5\",\"level\":\"4\",\"task\":\"1\",\"opcode\":\"0\",\"keywords\":\"0x8000000000000000\",\"systemTime\":\"2026-08-19T11:11:39.916169908Z\",\"eventRecordID\":\"549603\",\"channel\":\"Microsoft-Windows-Sysmon/Operational\",\"computer\":\"kingslanding.sevenkingdoms.local\",\"severityValue\":\"INFORMATION\"},\"eventdata\":{\"utcTime\":\"2026-08-19 11:11:39.916\",\"processGuid\":\"{7c1463a2-9b19-b20f-d786-000000000007}\",\"processId\":\"6145\",\"image\":\"C:\\\\Windows\\\\System32\\\\cmd.exe\",\"commandLine\":\"cmd.exe /c \\\"sc query W32Time\\\"\",\"currentDirectory\":\"C:\\\\Windows\\\\system32\\\\\",\"user\":\"NT AUTHORITY\\\\SYSTEM\",\"parentProcessGuid\":\"{fc63b85c-6d40-c598-c4e6-000000000008}\",\"parentProcessId\":\"7788\",\"parentImage\":\"C:\\\\Program Files\\\\Zabbix Agent\\\\zabbix_agentd.exe\",\"parentCommandLine\":\"\\\"C:\\\\Program Files\\\\Zabbix Agent\\\\zabbix_agentd.exe\\\" --config \\\"C:\\\\Program Files\\\\Zabbix Agent\\\\zabbix_agentd.conf\\\"\",\"hashes\":\"MD5=AD4F0121E05E45568A2E62DF8F91BF81,SHA256=454CFEEA347FDC3F0ACB885CFB4B031166A2387FAB14C4D4A5008AE16181F80E,IMPHASH=D3F8F91898C22767183D2C65A8BA9A98\"}}}",
      "expect": {
        "alert": false
      },
      "category": "noise",
      "attack": null,
      "evasion": false,
      "expected_rule_id": 100251,
      "expected_level": 0,
      "mitre_id": null
    },
    {
      "name": "noise 505 | Zabbix | Get-Process top",
      "event": "{\"win\":{\"system\":{\"providerName\":\"Microsoft-Windows-Sysmon\",\"providerGuid\":\"{5770385f-c22a-43e0-bf4c-06f5698ffbd9}\",\"eventID\":\"1\",\"version\":\"5\",\"level\":\"4\",\"task\":\"1\",\"opcode\":\"0\",\"keywords\":\"0x8000000000000000\",\"systemTime\":\"2026-08-19T11:13:15.646060091Z\",\"eventRecordID\":\"549604\",\"channel\":\"Microsoft-Windows-Sysmon/Operational\",\"computer\":\"kingslanding.sevenkingdoms.local\",\"severityValue\":\"INFORMATION\"},\"eventdata\":{\"utcTime\":\"2026-08-19 11:13:15.646\",\"processGuid\":\"{559c528a-1735-ebee-6751-000000000009}\",\"processId\":\"3973\",\"image\":\"C:\\\\Windows\\\\System32\\\\WindowsPowerShell\\\\v1.0\\\\powershell.exe\",\"commandLine\":\"powershell.exe -NoProfile -Command \\\"Get-Process | Sort-Object CPU -Descending | Select-Object -First 5\\\"\",\"currentDirectory\":\"C:\\\\Windows\\\\system32\\\\\",\"user\":\"NT AUTHORITY\\\\SYSTEM\",\"parentProcessGuid\":\"{fc63b85c-6d40-c598-c4e6-000000000008}\",\"parentProcessId\":\"7788\",\"parentImage\":\"C:\\\\Program Files\\\\Zabbix Agent\\\\zabbix_agentd.exe\",\"parentCommandLine\":\"\\\"C:\\\\Program Files\\\\Zabbix Agent\\\\zabbix_agentd.exe\\\" --config \\\"C:\\\\Program Files\\\\Zabbix Agent\\\\zabbix_agentd.conf\\\"\",\"hashes\":\"MD5=52A2D1D53AB7B54E6107FD5ACBDFFB15,SHA256=99C8275678FE526419811BC64793F96B0D55627558DFBBF37E4B9A9C4EEE61E1,IMPHASH=BA9BA9BB26C1A2513FD776DAAC02773E\"}}}",
      "expect": {
        "alert": false
      },
      "category": "noise",
      "attack": null,
      "evasion": false,
      "expected_rule_id": 100251,
      "expected_level": 0,
      "mitre_id": null
    },
    {
      "name": "noise 506 | Zabbix | typeperf cpu",
      "event": "{\"win\":{\"system\":{\"providerName\":\"Microsoft-Windows-Sysmon\",\"providerGuid\":\"{5770385f-c22a-43e0-bf4c-06f5698ffbd9}\",\"eventID\":\"1\",\"version\":\"5\",\"level\":\"4\",\"task\":\"1\",\"opcode\":\"0\",\"keywords\":\"0x8000000000000000\",\"systemTime\":\"2026-08-19T11:13:43.844789492Z\",\"eventRecordID\":\"549605\",\"channel\":\"Microsoft-Windows-Sysmon/Operational\",\"computer\":\"kingslanding.sevenkingdoms.local\",\"severityValue\":\"INFORMATION\"},\"eventdata\":{\"utcTime\":\"2026-08-19 11:13:43.844\",\"processGuid\":\"{7c1463a2-9b19-b20f-d786-000000000007}\",\"processId\":\"6145\",\"image\":\"C:\\\\Windows\\\\System32\\\\cmd.exe\",\"commandLine\":\"cmd.exe /c typeperf \\\"\\\\Processor(_Total)\\\\% Processor Time\\\" -sc 1\",\"currentDirectory\":\"C:\\\\Windows\\\\system32\\\\\",\"user\":\"NT AUTHORITY\\\\SYSTEM\",\"parentProcessGuid\":\"{fc63b85c-6d40-c598-c4e6-000000000008}\",\"parentProcessId\":\"7788\",\"parentImage\":\"C:\\\\Program Files\\\\Zabbix Agent\\\\zabbix_agentd.exe\",\"parentCommandLine\":\"\\\"C:\\\\Program Files\\\\Zabbix Agent\\\\zabbix_agentd.exe\\\" --config \\\"C:\\\\Program Files\\\\Zabbix Agent\\\\zabbix_agentd.conf\\\"\",\"hashes\":\"MD5=AD4F0121E05E45568A2E62DF8F91BF81,SHA256=454CFEEA347FDC3F0ACB885CFB4B031166A2387FAB14C4D4A5008AE16181F80E,IMPHASH=D3F8F91898C22767183D2C65A8BA9A98\"}}}",
      "expect": {
        "alert": false
      },
      "category": "noise",
      "attack": null,
      "evasion": false,
      "expected_rule_id": 100251,
      "expected_level": 0,
      "mitre_id": null
    },
    {
      "name": "noise 507 | Zabbix | typeperf cpu",
      "event": "{\"win\":{\"system\":{\"providerName\":\"Microsoft-Windows-Sysmon\",\"providerGuid\":\"{5770385f-c22a-43e0-bf4c-06f5698ffbd9}\",\"eventID\":\"1\",\"version\":\"5\",\"level\":\"4\",\"task\":\"1\",\"opcode\":\"0\",\"keywords\":\"0x8000000000000000\",\"systemTime\":\"2026-08-19T11:15:22.214780862Z\",\"eventRecordID\":\"549606\",\"channel\":\"Microsoft-Windows-Sysmon/Operational\",\"computer\":\"kingslanding.sevenkingdoms.local\",\"severityValue\":\"INFORMATION\"},\"eventdata\":{\"utcTime\":\"2026-08-19 11:15:22.214\",\"processGuid\":\"{7c1463a2-9b19-b20f-d786-000000000007}\",\"processId\":\"6145\",\"image\":\"C:\\\\Windows\\\\System32\\\\cmd.exe\",\"commandLine\":\"cmd.exe /c typeperf \\\"\\\\Processor(_Total)\\\\% Processor Time\\\" -sc 1\",\"currentDirectory\":\"C:\\\\Windows\\\\system32\\\\\",\"user\":\"NT AUTHORITY\\\\SYSTEM\",\"parentProcessGuid\":\"{fc63b85c-6d40-c598-c4e6-000000000008}\",\"parentProcessId\":\"7788\",\"parentImage\":\"C:\\\\Program Files\\\\Zabbix Agent\\\\zabbix_agentd.exe\",\"parentCommandLine\":\"\\\"C:\\\\Program Files\\\\Zabbix Agent\\\\zabbix_agentd.exe\\\" --config \\\"C:\\\\Program Files\\\\Zabbix Agent\\\\zabbix_agentd.conf\\\"\",\"hashes\":\"MD5=AD4F0121E05E45568A2E62DF8F91BF81,SHA256=454CFEEA347FDC3F0ACB885CFB4B031166A2387FAB14C4D4A5008AE16181F80E,IMPHASH=D3F8F91898C22767183D2C65A8BA9A98\"}}}",
      "expect": {
        "alert": false
      },
      "category": "noise",
      "attack": null,
      "evasion": false,
      "expected_rule_id": 100251,
      "expected_level": 0,
      "mitre_id": null
    },
    {
      "name": "noise 508 | Zabbix | sc query W32Time",
      "event": "{\"win\":{\"system\":{\"providerName\":\"Microsoft-Windows-Sysmon\",\"providerGuid\":\"{5770385f-c22a-43e0-bf4c-06f5698ffbd9}\",\"eventID\":\"1\",\"version\":\"5\",\"level\":\"4\",\"task\":\"1\",\"opcode\":\"0\",\"keywords\":\"0x8000000000000000\",\"systemTime\":\"2026-08-19T11:17:00.275944606Z\",\"eventRecordID\":\"549607\",\"channel\":\"Microsoft-Windows-Sysmon/Operational\",\"computer\":\"kingslanding.sevenkingdoms.local\",\"severityValue\":\"INFORMATION\"},\"eventdata\":{\"utcTime\":\"2026-08-19 11:17:00.275\",\"processGuid\":\"{7c1463a2-9b19-b20f-d786-000000000007}\",\"processId\":\"6145\",\"image\":\"C:\\\\Windows\\\\System32\\\\cmd.exe\",\"commandLine\":\"cmd.exe /c \\\"sc query W32Time\\\"\",\"currentDirectory\":\"C:\\\\Windows\\\\system32\\\\\",\"user\":\"NT AUTHORITY\\\\SYSTEM\",\"parentProcessGuid\":\"{fc63b85c-6d40-c598-c4e6-000000000008}\",\"parentProcessId\":\"7788\",\"parentImage\":\"C:\\\\Program Files\\\\Zabbix Agent\\\\zabbix_agentd.exe\",\"parentCommandLine\":\"\\\"C:\\\\Program Files\\\\Zabbix Agent\\\\zabbix_agentd.exe\\\" --config \\\"C:\\\\Program Files\\\\Zabbix Agent\\\\zabbix_agentd.conf\\\"\",\"hashes\":\"MD5=AD4F0121E05E45568A2E62DF8F91BF81,SHA256=454CFEEA347FDC3F0ACB885CFB4B031166A2387FAB14C4D4A5008AE16181F80E,IMPHASH=D3F8F91898C22767183D2C65A8BA9A98\"}}}",
      "expect": {
        "alert": false
      },
      "category": "noise",
      "attack": null,
      "evasion": false,
      "expected_rule_id": 100251,
      "expected_level": 0,
      "mitre_id": null
    },
    {
      "name": "noise 509 | Zabbix | Get-Service stopped",
      "event": "{\"win\":{\"system\":{\"providerName\":\"Microsoft-Windows-Sysmon\",\"providerGuid\":\"{5770385f-c22a-43e0-bf4c-06f5698ffbd9}\",\"eventID\":\"1\",\"version\":\"5\",\"level\":\"4\",\"task\":\"1\",\"opcode\":\"0\",\"keywords\":\"0x8000000000000000\",\"systemTime\":\"2026-08-19T11:17:50.396477997Z\",\"eventRecordID\":\"549608\",\"channel\":\"Microsoft-Windows-Sysmon/Operational\",\"computer\":\"kingslanding.sevenkingdoms.local\",\"severityValue\":\"INFORMATION\"},\"eventdata\":{\"utcTime\":\"2026-08-19 11:17:50.396\",\"processGuid\":\"{559c528a-1735-ebee-6751-000000000009}\",\"processId\":\"3973\",\"image\":\"C:\\\\Windows\\\\System32\\\\WindowsPowerShell\\\\v1.0\\\\powershell.exe\",\"commandLine\":\"powershell.exe -NoProfile -Command \\\"Get-Service | Where-Object {$_.Status -eq 'Stopped'}\\\"\",\"currentDirectory\":\"C:\\\\Windows\\\\system32\\\\\",\"user\":\"NT AUTHORITY\\\\SYSTEM\",\"parentProcessGuid\":\"{fc63b85c-6d40-c598-c4e6-000000000008}\",\"parentProcessId\":\"7788\",\"parentImage\":\"C:\\\\Program Files\\\\Zabbix Agent\\\\zabbix_agentd.exe\",\"parentCommandLine\":\"\\\"C:\\\\Program Files\\\\Zabbix Agent\\\\zabbix_agentd.exe\\\" --config \\\"C:\\\\Program Files\\\\Zabbix Agent\\\\zabbix_agentd.conf\\\"\",\"hashes\":\"MD5=52A2D1D53AB7B54E6107FD5ACBDFFB15,SHA256=99C8275678FE526419811BC64793F96B0D55627558DFBBF37E4B9A9C4EEE61E1,IMPHASH=BA9BA9BB26C1A2513FD776DAAC02773E\"}}}",
      "expect": {
        "alert": false
      },
      "category": "noise",
      "attack": null,
      "evasion": false,
      "expected_rule_id": 100251,
      "expected_level": 0,
      "mitre_id": null
    },
    {
      "name": "noise 510 | Zabbix | sc query WinRM",
      "event": "{\"win\":{\"system\":{\"providerName\":\"Microsoft-Windows-Sysmon\",\"providerGuid\":\"{5770385f-c22a-43e0-bf4c-06f5698ffbd9}\",\"eventID\":\"1\",\"version\":\"5\",\"level\":\"4\",\"task\":\"1\",\"opcode\":\"0\",\"keywords\":\"0x8000000000000000\",\"systemTime\":\"2026-08-19T11:19:21.454443489Z\",\"eventRecordID\":\"549609\",\"channel\":\"Microsoft-Windows-Sysmon/Operational\",\"computer\":\"kingslanding.sevenkingdoms.local\",\"severityValue\":\"INFORMATION\"},\"eventdata\":{\"utcTime\":\"2026-08-19 11:19:21.454\",\"processGuid\":\"{7c1463a2-9b19-b20f-d786-000000000007}\",\"processId\":\"6145\",\"image\":\"C:\\\\Windows\\\\System32\\\\cmd.exe\",\"commandLine\":\"cmd.exe /c \\\"sc query WinRM\\\"\",\"currentDirectory\":\"C:\\\\Windows\\\\system32\\\\\",\"user\":\"NT AUTHORITY\\\\SYSTEM\",\"parentProcessGuid\":\"{fc63b85c-6d40-c598-c4e6-000000000008}\",\"parentProcessId\":\"7788\",\"parentImage\":\"C:\\\\Program Files\\\\Zabbix Agent\\\\zabbix_agentd.exe\",\"parentCommandLine\":\"\\\"C:\\\\Program Files\\\\Zabbix Agent\\\\zabbix_agentd.exe\\\" --config \\\"C:\\\\Program Files\\\\Zabbix Agent\\\\zabbix_agentd.conf\\\"\",\"hashes\":\"MD5=AD4F0121E05E45568A2E62DF8F91BF81,SHA256=454CFEEA347FDC3F0ACB885CFB4B031166A2387FAB14C4D4A5008AE16181F80E,IMPHASH=D3F8F91898C22767183D2C65A8BA9A98\"}}}",
      "expect": {
        "alert": false
      },
      "category": "noise",
      "attack": null,
      "evasion": false,
      "expected_rule_id": 100251,
      "expected_level": 0,
      "mitre_id": null
    },
    {
      "name": "noise 511 | Zabbix | typeperf cpu",
      "event": "{\"win\":{\"system\":{\"providerName\":\"Microsoft-Windows-Sysmon\",\"providerGuid\":\"{5770385f-c22a-43e0-bf4c-06f5698ffbd9}\",\"eventID\":\"1\",\"version\":\"5\",\"level\":\"4\",\"task\":\"1\",\"opcode\":\"0\",\"keywords\":\"0x8000000000000000\",\"systemTime\":\"2026-08-19T11:21:03.643264973Z\",\"eventRecordID\":\"549610\",\"channel\":\"Microsoft-Windows-Sysmon/Operational\",\"computer\":\"kingslanding.sevenkingdoms.local\",\"severityValue\":\"INFORMATION\"},\"eventdata\":{\"utcTime\":\"2026-08-19 11:21:03.643\",\"processGuid\":\"{7c1463a2-9b19-b20f-d786-000000000007}\",\"processId\":\"6145\",\"image\":\"C:\\\\Windows\\\\System32\\\\cmd.exe\",\"commandLine\":\"cmd.exe /c typeperf \\\"\\\\Processor(_Total)\\\\% Processor Time\\\" -sc 1\",\"currentDirectory\":\"C:\\\\Windows\\\\system32\\\\\",\"user\":\"NT AUTHORITY\\\\SYSTEM\",\"parentProcessGuid\":\"{fc63b85c-6d40-c598-c4e6-000000000008}\",\"parentProcessId\":\"7788\",\"parentImage\":\"C:\\\\Program Files\\\\Zabbix Agent\\\\zabbix_agentd.exe\",\"parentCommandLine\":\"\\\"C:\\\\Program Files\\\\Zabbix Agent\\\\zabbix_agentd.exe\\\" --config \\\"C:\\\\Program Files\\\\Zabbix Agent\\\\zabbix_agentd.conf\\\"\",\"hashes\":\"MD5=AD4F0121E05E45568A2E62DF8F91BF81,SHA256=454CFEEA347FDC3F0ACB885CFB4B031166A2387FAB14C4D4A5008AE16181F80E,IMPHASH=D3F8F91898C22767183D2C65A8BA9A98\"}}}",
      "expect": {
        "alert": false
      },
      "category": "noise",
      "attack": null,
      "evasion": false,
      "expected_rule_id": 100251,
      "expected_level": 0,
      "mitre_id": null
    },
    {
      "name": "noise 512 | Zabbix | fsutil diskfree",
      "event": "{\"win\":{\"system\":{\"providerName\":\"Microsoft-Windows-Sysmon\",\"providerGuid\":\"{5770385f-c22a-43e0-bf4c-06f5698ffbd9}\",\"eventID\":\"1\",\"version\":\"5\",\"level\":\"4\",\"task\":\"1\",\"opcode\":\"0\",\"keywords\":\"0x8000000000000000\",\"systemTime\":\"2026-08-19T11:22:50.438184823Z\",\"eventRecordID\":\"549611\",\"channel\":\"Microsoft-Windows-Sysmon/Operational\",\"computer\":\"kingslanding.sevenkingdoms.local\",\"severityValue\":\"INFORMATION\"},\"eventdata\":{\"utcTime\":\"2026-08-19 11:22:50.438\",\"processGuid\":\"{7c1463a2-9b19-b20f-d786-000000000007}\",\"processId\":\"6145\",\"image\":\"C:\\\\Windows\\\\System32\\\\cmd.exe\",\"commandLine\":\"cmd.exe /c \\\"fsutil volume diskfree C:\\\"\",\"currentDirectory\":\"C:\\\\Windows\\\\system32\\\\\",\"user\":\"NT AUTHORITY\\\\SYSTEM\",\"parentProcessGuid\":\"{fc63b85c-6d40-c598-c4e6-000000000008}\",\"parentProcessId\":\"7788\",\"parentImage\":\"C:\\\\Program Files\\\\Zabbix Agent\\\\zabbix_agentd.exe\",\"parentCommandLine\":\"\\\"C:\\\\Program Files\\\\Zabbix Agent\\\\zabbix_agentd.exe\\\" --config \\\"C:\\\\Program Files\\\\Zabbix Agent\\\\zabbix_agentd.conf\\\"\",\"hashes\":\"MD5=AD4F0121E05E45568A2E62DF8F91BF81,SHA256=454CFEEA347FDC3F0ACB885CFB4B031166A2387FAB14C4D4A5008AE16181F80E,IMPHASH=D3F8F91898C22767183D2C65A8BA9A98\"}}}",
      "expect": {
        "alert": false
      },
      "category": "noise",
      "attack": null,
      "evasion": false,
      "expected_rule_id": 100251,
      "expected_level": 0,
      "mitre_id": null
    },
    {
      "name": "noise 513 | Zabbix | Get-EventLog",
      "event": "{\"win\":{\"system\":{\"providerName\":\"Microsoft-Windows-Sysmon\",\"providerGuid\":\"{5770385f-c22a-43e0-bf4c-06f5698ffbd9}\",\"eventID\":\"1\",\"version\":\"5\",\"level\":\"4\",\"task\":\"1\",\"opcode\":\"0\",\"keywords\":\"0x8000000000000000\",\"systemTime\":\"2026-08-19T11:23:33.238138343Z\",\"eventRecordID\":\"549612\",\"channel\":\"Microsoft-Windows-Sysmon/Operational\",\"computer\":\"kingslanding.sevenkingdoms.local\",\"severityValue\":\"INFORMATION\"},\"eventdata\":{\"utcTime\":\"2026-08-19 11:23:33.238\",\"processGuid\":\"{559c528a-1735-ebee-6751-000000000009}\",\"processId\":\"3973\",\"image\":\"C:\\\\Windows\\\\System32\\\\WindowsPowerShell\\\\v1.0\\\\powershell.exe\",\"commandLine\":\"powershell.exe -NoProfile -Command \\\"Get-EventLog -LogName System -Newest 10\\\"\",\"currentDirectory\":\"C:\\\\Windows\\\\system32\\\\\",\"user\":\"NT AUTHORITY\\\\SYSTEM\",\"parentProcessGuid\":\"{fc63b85c-6d40-c598-c4e6-000000000008}\",\"parentProcessId\":\"7788\",\"parentImage\":\"C:\\\\Program Files\\\\Zabbix Agent\\\\zabbix_agentd.exe\",\"parentCommandLine\":\"\\\"C:\\\\Program Files\\\\Zabbix Agent\\\\zabbix_agentd.exe\\\" --config \\\"C:\\\\Program Files\\\\Zabbix Agent\\\\zabbix_agentd.conf\\\"\",\"hashes\":\"MD5=52A2D1D53AB7B54E6107FD5ACBDFFB15,SHA256=99C8275678FE526419811BC64793F96B0D55627558DFBBF37E4B9A9C4EEE61E1,IMPHASH=BA9BA9BB26C1A2513FD776DAAC02773E\"}}}",
      "expect": {
        "alert": false
      },
      "category": "noise",
      "attack": null,
      "evasion": false,
      "expected_rule_id": 100251,
      "expected_level": 0,
      "mitre_id": null
    },
    {
      "name": "noise 514 | Zabbix | Get-EventLog",
      "event": "{\"win\":{\"system\":{\"providerName\":\"Microsoft-Windows-Sysmon\",\"providerGuid\":\"{5770385f-c22a-43e0-bf4c-06f5698ffbd9}\",\"eventID\":\"1\",\"version\":\"5\",\"level\":\"4\",\"task\":\"1\",\"opcode\":\"0\",\"keywords\":\"0x8000000000000000\",\"systemTime\":\"2026-08-19T11:24:24.169969099Z\",\"eventRecordID\":\"549613\",\"channel\":\"Microsoft-Windows-Sysmon/Operational\",\"computer\":\"kingslanding.sevenkingdoms.local\",\"severityValue\":\"INFORMATION\"},\"eventdata\":{\"utcTime\":\"2026-08-19 11:24:24.169\",\"processGuid\":\"{559c528a-1735-ebee-6751-000000000009}\",\"processId\":\"3973\",\"image\":\"C:\\\\Windows\\\\System32\\\\WindowsPowerShell\\\\v1.0\\\\powershell.exe\",\"commandLine\":\"powershell.exe -NoProfile -Command \\\"Get-EventLog -LogName System -Newest 10\\\"\",\"currentDirectory\":\"C:\\\\Windows\\\\system32\\\\\",\"user\":\"NT AUTHORITY\\\\SYSTEM\",\"parentProcessGuid\":\"{fc63b85c-6d40-c598-c4e6-000000000008}\",\"parentProcessId\":\"7788\",\"parentImage\":\"C:\\\\Program Files\\\\Zabbix Agent\\\\zabbix_agentd.exe\",\"parentCommandLine\":\"\\\"C:\\\\Program Files\\\\Zabbix Agent\\\\zabbix_agentd.exe\\\" --config \\\"C:\\\\Program Files\\\\Zabbix Agent\\\\zabbix_agentd.conf\\\"\",\"hashes\":\"MD5=52A2D1D53AB7B54E6107FD5ACBDFFB15,SHA256=99C8275678FE526419811BC64793F96B0D55627558DFBBF37E4B9A9C4EEE61E1,IMPHASH=BA9BA9BB26C1A2513FD776DAAC02773E\"}}}",
      "expect": {
        "alert": false
      },
      "category": "noise",
      "attack": null,
      "evasion": false,
      "expected_rule_id": 100251,
      "expected_level": 0,
      "mitre_id": null
    },
    {
      "name": "noise 515 | Zabbix | sc query W32Time",
      "event": "{\"win\":{\"system\":{\"providerName\":\"Microsoft-Windows-Sysmon\",\"providerGuid\":\"{5770385f-c22a-43e0-bf4c-06f5698ffbd9}\",\"eventID\":\"1\",\"version\":\"5\",\"level\":\"4\",\"task\":\"1\",\"opcode\":\"0\",\"keywords\":\"0x8000000000000000\",\"systemTime\":\"2026-08-19T11:26:33.613290614Z\",\"eventRecordID\":\"549614\",\"channel\":\"Microsoft-Windows-Sysmon/Operational\",\"computer\":\"kingslanding.sevenkingdoms.local\",\"severityValue\":\"INFORMATION\"},\"eventdata\":{\"utcTime\":\"2026-08-19 11:26:33.613\",\"processGuid\":\"{7c1463a2-9b19-b20f-d786-000000000007}\",\"processId\":\"6145\",\"image\":\"C:\\\\Windows\\\\System32\\\\cmd.exe\",\"commandLine\":\"cmd.exe /c \\\"sc query W32Time\\\"\",\"currentDirectory\":\"C:\\\\Windows\\\\system32\\\\\",\"user\":\"NT AUTHORITY\\\\SYSTEM\",\"parentProcessGuid\":\"{fc63b85c-6d40-c598-c4e6-000000000008}\",\"parentProcessId\":\"7788\",\"parentImage\":\"C:\\\\Program Files\\\\Zabbix Agent\\\\zabbix_agentd.exe\",\"parentCommandLine\":\"\\\"C:\\\\Program Files\\\\Zabbix Agent\\\\zabbix_agentd.exe\\\" --config \\\"C:\\\\Program Files\\\\Zabbix Agent\\\\zabbix_agentd.conf\\\"\",\"hashes\":\"MD5=AD4F0121E05E45568A2E62DF8F91BF81,SHA256=454CFEEA347FDC3F0ACB885CFB4B031166A2387FAB14C4D4A5008AE16181F80E,IMPHASH=D3F8F91898C22767183D2C65A8BA9A98\"}}}",
      "expect": {
        "alert": false
      },
      "category": "noise",
      "attack": null,
      "evasion": false,
      "expected_rule_id": 100251,
      "expected_level": 0,
      "mitre_id": null
    },
    {
      "name": "noise 516 | Zabbix | typeperf cpu",
      "event": "{\"win\":{\"system\":{\"providerName\":\"Microsoft-Windows-Sysmon\",\"providerGuid\":\"{5770385f-c22a-43e0-bf4c-06f5698ffbd9}\",\"eventID\":\"1\",\"version\":\"5\",\"level\":\"4\",\"task\":\"1\",\"opcode\":\"0\",\"keywords\":\"0x8000000000000000\",\"systemTime\":\"2026-08-19T11:28:10.882557344Z\",\"eventRecordID\":\"549615\",\"channel\":\"Microsoft-Windows-Sysmon/Operational\",\"computer\":\"kingslanding.sevenkingdoms.local\",\"severityValue\":\"INFORMATION\"},\"eventdata\":{\"utcTime\":\"2026-08-19 11:28:10.882\",\"processGuid\":\"{7c1463a2-9b19-b20f-d786-000000000007}\",\"processId\":\"6145\",\"image\":\"C:\\\\Windows\\\\System32\\\\cmd.exe\",\"commandLine\":\"cmd.exe /c typeperf \\\"\\\\Processor(_Total)\\\\% Processor Time\\\" -sc 1\",\"currentDirectory\":\"C:\\\\Windows\\\\system32\\\\\",\"user\":\"NT AUTHORITY\\\\SYSTEM\",\"parentProcessGuid\":\"{fc63b85c-6d40-c598-c4e6-000000000008}\",\"parentProcessId\":\"7788\",\"parentImage\":\"C:\\\\Program Files\\\\Zabbix Agent\\\\zabbix_agentd.exe\",\"parentCommandLine\":\"\\\"C:\\\\Program Files\\\\Zabbix Agent\\\\zabbix_agentd.exe\\\" --config \\\"C:\\\\Program Files\\\\Zabbix Agent\\\\zabbix_agentd.conf\\\"\",\"hashes\":\"MD5=AD4F0121E05E45568A2E62DF8F91BF81,SHA256=454CFEEA347FDC3F0ACB885CFB4B031166A2387FAB14C4D4A5008AE16181F80E,IMPHASH=D3F8F91898C22767183D2C65A8BA9A98\"}}}",
      "expect": {
        "alert": false
      },
      "category": "noise",
      "attack": null,
      "evasion": false,
      "expected_rule_id": 100251,
      "expected_level": 0,
      "mitre_id": null
    },
    {
      "name": "noise 517 | Zabbix | tasklist zabbix",
      "event": "{\"win\":{\"system\":{\"providerName\":\"Microsoft-Windows-Sysmon\",\"providerGuid\":\"{5770385f-c22a-43e0-bf4c-06f5698ffbd9}\",\"eventID\":\"1\",\"version\":\"5\",\"level\":\"4\",\"task\":\"1\",\"opcode\":\"0\",\"keywords\":\"0x8000000000000000\",\"systemTime\":\"2026-08-19T11:29:07.955739798Z\",\"eventRecordID\":\"549616\",\"channel\":\"Microsoft-Windows-Sysmon/Operational\",\"computer\":\"kingslanding.sevenkingdoms.local\",\"severityValue\":\"INFORMATION\"},\"eventdata\":{\"utcTime\":\"2026-08-19 11:29:07.955\",\"processGuid\":\"{7c1463a2-9b19-b20f-d786-000000000007}\",\"processId\":\"6145\",\"image\":\"C:\\\\Windows\\\\System32\\\\cmd.exe\",\"commandLine\":\"cmd.exe /c tasklist /FI \\\"IMAGENAME eq zabbix_agentd.exe\\\"\",\"currentDirectory\":\"C:\\\\Windows\\\\system32\\\\\",\"user\":\"NT AUTHORITY\\\\SYSTEM\",\"parentProcessGuid\":\"{fc63b85c-6d40-c598-c4e6-000000000008}\",\"parentProcessId\":\"7788\",\"parentImage\":\"C:\\\\Program Files\\\\Zabbix Agent\\\\zabbix_agentd.exe\",\"parentCommandLine\":\"\\\"C:\\\\Program Files\\\\Zabbix Agent\\\\zabbix_agentd.exe\\\" --config \\\"C:\\\\Program Files\\\\Zabbix Agent\\\\zabbix_agentd.conf\\\"\",\"hashes\":\"MD5=AD4F0121E05E45568A2E62DF8F91BF81,SHA256=454CFEEA347FDC3F0ACB885CFB4B031166A2387FAB14C4D4A5008AE16181F80E,IMPHASH=D3F8F91898C22767183D2C65A8BA9A98\"}}}",
      "expect": {
        "alert": false
      },
      "category": "noise",
      "attack": null,
      "evasion": false,
      "expected_rule_id": 100251,
      "expected_level": 0,
      "mitre_id": null
    },
    {
      "name": "noise 518 | Zabbix | tasklist zabbix",
      "event": "{\"win\":{\"system\":{\"providerName\":\"Microsoft-Windows-Sysmon\",\"providerGuid\":\"{5770385f-c22a-43e0-bf4c-06f5698ffbd9}\",\"eventID\":\"1\",\"version\":\"5\",\"level\":\"4\",\"task\":\"1\",\"opcode\":\"0\",\"keywords\":\"0x8000000000000000\",\"systemTime\":\"2026-08-19T11:29:59.752895148Z\",\"eventRecordID\":\"549617\",\"channel\":\"Microsoft-Windows-Sysmon/Operational\",\"computer\":\"kingslanding.sevenkingdoms.local\",\"severityValue\":\"INFORMATION\"},\"eventdata\":{\"utcTime\":\"2026-08-19 11:29:59.752\",\"processGuid\":\"{7c1463a2-9b19-b20f-d786-000000000007}\",\"processId\":\"6145\",\"image\":\"C:\\\\Windows\\\\System32\\\\cmd.exe\",\"commandLine\":\"cmd.exe /c tasklist /FI \\\"IMAGENAME eq zabbix_agentd.exe\\\"\",\"currentDirectory\":\"C:\\\\Windows\\\\system32\\\\\",\"user\":\"NT AUTHORITY\\\\SYSTEM\",\"parentProcessGuid\":\"{fc63b85c-6d40-c598-c4e6-000000000008}\",\"parentProcessId\":\"7788\",\"parentImage\":\"C:\\\\Program Files\\\\Zabbix Agent\\\\zabbix_agentd.exe\",\"parentCommandLine\":\"\\\"C:\\\\Program Files\\\\Zabbix Agent\\\\zabbix_agentd.exe\\\" --config \\\"C:\\\\Program Files\\\\Zabbix Agent\\\\zabbix_agentd.conf\\\"\",\"hashes\":\"MD5=AD4F0121E05E45568A2E62DF8F91BF81,SHA256=454CFEEA347FDC3F0ACB885CFB4B031166A2387FAB14C4D4A5008AE16181F80E,IMPHASH=D3F8F91898C22767183D2C65A8BA9A98\"}}}",
      "expect": {
        "alert": false
      },
      "category": "noise",
      "attack": null,
      "evasion": false,
      "expected_rule_id": 100251,
      "expected_level": 0,
      "mitre_id": null
    },
    {
      "name": "noise 519 | Zabbix | sc query WinRM",
      "event": "{\"win\":{\"system\":{\"providerName\":\"Microsoft-Windows-Sysmon\",\"providerGuid\":\"{5770385f-c22a-43e0-bf4c-06f5698ffbd9}\",\"eventID\":\"1\",\"version\":\"5\",\"level\":\"4\",\"task\":\"1\",\"opcode\":\"0\",\"keywords\":\"0x8000000000000000\",\"systemTime\":\"2026-08-19T11:31:39.538432647Z\",\"eventRecordID\":\"549618\",\"channel\":\"Microsoft-Windows-Sysmon/Operational\",\"computer\":\"kingslanding.sevenkingdoms.local\",\"severityValue\":\"INFORMATION\"},\"eventdata\":{\"utcTime\":\"2026-08-19 11:31:39.538\",\"processGuid\":\"{7c1463a2-9b19-b20f-d786-000000000007}\",\"processId\":\"6145\",\"image\":\"C:\\\\Windows\\\\System32\\\\cmd.exe\",\"commandLine\":\"cmd.exe /c \\\"sc query WinRM\\\"\",\"currentDirectory\":\"C:\\\\Windows\\\\system32\\\\\",\"user\":\"NT AUTHORITY\\\\SYSTEM\",\"parentProcessGuid\":\"{fc63b85c-6d40-c598-c4e6-000000000008}\",\"parentProcessId\":\"7788\",\"parentImage\":\"C:\\\\Program Files\\\\Zabbix Agent\\\\zabbix_agentd.exe\",\"parentCommandLine\":\"\\\"C:\\\\Program Files\\\\Zabbix Agent\\\\zabbix_agentd.exe\\\" --config \\\"C:\\\\Program Files\\\\Zabbix Agent\\\\zabbix_agentd.conf\\\"\",\"hashes\":\"MD5=AD4F0121E05E45568A2E62DF8F91BF81,SHA256=454CFEEA347FDC3F0ACB885CFB4B031166A2387FAB14C4D4A5008AE16181F80E,IMPHASH=D3F8F91898C22767183D2C65A8BA9A98\"}}}",
      "expect": {
        "alert": false
      },
      "category": "noise",
      "attack": null,
      "evasion": false,
      "expected_rule_id": 100251,
      "expected_level": 0,
      "mitre_id": null
    },
    {
      "name": "noise 520 | Zabbix | net start spooler",
      "event": "{\"win\":{\"system\":{\"providerName\":\"Microsoft-Windows-Sysmon\",\"providerGuid\":\"{5770385f-c22a-43e0-bf4c-06f5698ffbd9}\",\"eventID\":\"1\",\"version\":\"5\",\"level\":\"4\",\"task\":\"1\",\"opcode\":\"0\",\"keywords\":\"0x8000000000000000\",\"systemTime\":\"2026-08-19T11:33:09.105972877Z\",\"eventRecordID\":\"549619\",\"channel\":\"Microsoft-Windows-Sysmon/Operational\",\"computer\":\"kingslanding.sevenkingdoms.local\",\"severityValue\":\"INFORMATION\"},\"eventdata\":{\"utcTime\":\"2026-08-19 11:33:09.105\",\"processGuid\":\"{7c1463a2-9b19-b20f-d786-000000000007}\",\"processId\":\"6145\",\"image\":\"C:\\\\Windows\\\\System32\\\\cmd.exe\",\"commandLine\":\"cmd.exe /c \\\"net start | findstr /I spooler\\\"\",\"currentDirectory\":\"C:\\\\Windows\\\\system32\\\\\",\"user\":\"NT AUTHORITY\\\\SYSTEM\",\"parentProcessGuid\":\"{fc63b85c-6d40-c598-c4e6-000000000008}\",\"parentProcessId\":\"7788\",\"parentImage\":\"C:\\\\Program Files\\\\Zabbix Agent\\\\zabbix_agentd.exe\",\"parentCommandLine\":\"\\\"C:\\\\Program Files\\\\Zabbix Agent\\\\zabbix_agentd.exe\\\" --config \\\"C:\\\\Program Files\\\\Zabbix Agent\\\\zabbix_agentd.conf\\\"\",\"hashes\":\"MD5=AD4F0121E05E45568A2E62DF8F91BF81,SHA256=454CFEEA347FDC3F0ACB885CFB4B031166A2387FAB14C4D4A5008AE16181F80E,IMPHASH=D3F8F91898C22767183D2C65A8BA9A98\"}}}",
      "expect": {
        "alert": false
      },
      "category": "noise",
      "attack": null,
      "evasion": false,
      "expected_rule_id": 100251,
      "expected_level": 0,
      "mitre_id": null
    },
    {
      "name": "noise 521 | Zabbix | sc query WinRM",
      "event": "{\"win\":{\"system\":{\"providerName\":\"Microsoft-Windows-Sysmon\",\"providerGuid\":\"{5770385f-c22a-43e0-bf4c-06f5698ffbd9}\",\"eventID\":\"1\",\"version\":\"5\",\"level\":\"4\",\"task\":\"1\",\"opcode\":\"0\",\"keywords\":\"0x8000000000000000\",\"systemTime\":\"2026-08-19T11:34:07.866994822Z\",\"eventRecordID\":\"549620\",\"channel\":\"Microsoft-Windows-Sysmon/Operational\",\"computer\":\"kingslanding.sevenkingdoms.local\",\"severityValue\":\"INFORMATION\"},\"eventdata\":{\"utcTime\":\"2026-08-19 11:34:07.866\",\"processGuid\":\"{7c1463a2-9b19-b20f-d786-000000000007}\",\"processId\":\"6145\",\"image\":\"C:\\\\Windows\\\\System32\\\\cmd.exe\",\"commandLine\":\"cmd.exe /c \\\"sc query WinRM\\\"\",\"currentDirectory\":\"C:\\\\Windows\\\\system32\\\\\",\"user\":\"NT AUTHORITY\\\\SYSTEM\",\"parentProcessGuid\":\"{fc63b85c-6d40-c598-c4e6-000000000008}\",\"parentProcessId\":\"7788\",\"parentImage\":\"C:\\\\Program Files\\\\Zabbix Agent\\\\zabbix_agentd.exe\",\"parentCommandLine\":\"\\\"C:\\\\Program Files\\\\Zabbix Agent\\\\zabbix_agentd.exe\\\" --config \\\"C:\\\\Program Files\\\\Zabbix Agent\\\\zabbix_agentd.conf\\\"\",\"hashes\":\"MD5=AD4F0121E05E45568A2E62DF8F91BF81,SHA256=454CFEEA347FDC3F0ACB885CFB4B031166A2387FAB14C4D4A5008AE16181F80E,IMPHASH=D3F8F91898C22767183D2C65A8BA9A98\"}}}",
      "expect": {
        "alert": false
      },
      "category": "noise",
      "attack": null,
      "evasion": false,
      "expected_rule_id": 100251,
      "expected_level": 0,
      "mitre_id": null
    },
    {
      "name": "noise 522 | Zabbix | sc query W32Time",
      "event": "{\"win\":{\"system\":{\"providerName\":\"Microsoft-Windows-Sysmon\",\"providerGuid\":\"{5770385f-c22a-43e0-bf4c-06f5698ffbd9}\",\"eventID\":\"1\",\"version\":\"5\",\"level\":\"4\",\"task\":\"1\",\"opcode\":\"0\",\"keywords\":\"0x8000000000000000\",\"systemTime\":\"2026-08-19T11:36:17.665290835Z\",\"eventRecordID\":\"549621\",\"channel\":\"Microsoft-Windows-Sysmon/Operational\",\"computer\":\"kingslanding.sevenkingdoms.local\",\"severityValue\":\"INFORMATION\"},\"eventdata\":{\"utcTime\":\"2026-08-19 11:36:17.665\",\"processGuid\":\"{7c1463a2-9b19-b20f-d786-000000000007}\",\"processId\":\"6145\",\"image\":\"C:\\\\Windows\\\\System32\\\\cmd.exe\",\"commandLine\":\"cmd.exe /c \\\"sc query W32Time\\\"\",\"currentDirectory\":\"C:\\\\Windows\\\\system32\\\\\",\"user\":\"NT AUTHORITY\\\\SYSTEM\",\"parentProcessGuid\":\"{fc63b85c-6d40-c598-c4e6-000000000008}\",\"parentProcessId\":\"7788\",\"parentImage\":\"C:\\\\Program Files\\\\Zabbix Agent\\\\zabbix_agentd.exe\",\"parentCommandLine\":\"\\\"C:\\\\Program Files\\\\Zabbix Agent\\\\zabbix_agentd.exe\\\" --config \\\"C:\\\\Program Files\\\\Zabbix Agent\\\\zabbix_agentd.conf\\\"\",\"hashes\":\"MD5=AD4F0121E05E45568A2E62DF8F91BF81,SHA256=454CFEEA347FDC3F0ACB885CFB4B031166A2387FAB14C4D4A5008AE16181F80E,IMPHASH=D3F8F91898C22767183D2C65A8BA9A98\"}}}",
      "expect": {
        "alert": false
      },
      "category": "noise",
      "attack": null,
      "evasion": false,
      "expected_rule_id": 100251,
      "expected_level": 0,
      "mitre_id": null
    },
    {
      "name": "noise 523 | Zabbix | tasklist zabbix",
      "event": "{\"win\":{\"system\":{\"providerName\":\"Microsoft-Windows-Sysmon\",\"providerGuid\":\"{5770385f-c22a-43e0-bf4c-06f5698ffbd9}\",\"eventID\":\"1\",\"version\":\"5\",\"level\":\"4\",\"task\":\"1\",\"opcode\":\"0\",\"keywords\":\"0x8000000000000000\",\"systemTime\":\"2026-08-19T11:37:32.911069830Z\",\"eventRecordID\":\"549622\",\"channel\":\"Microsoft-Windows-Sysmon/Operational\",\"computer\":\"kingslanding.sevenkingdoms.local\",\"severityValue\":\"INFORMATION\"},\"eventdata\":{\"utcTime\":\"2026-08-19 11:37:32.911\",\"processGuid\":\"{7c1463a2-9b19-b20f-d786-000000000007}\",\"processId\":\"6145\",\"image\":\"C:\\\\Windows\\\\System32\\\\cmd.exe\",\"commandLine\":\"cmd.exe /c tasklist /FI \\\"IMAGENAME eq zabbix_agentd.exe\\\"\",\"currentDirectory\":\"C:\\\\Windows\\\\system32\\\\\",\"user\":\"NT AUTHORITY\\\\SYSTEM\",\"parentProcessGuid\":\"{fc63b85c-6d40-c598-c4e6-000000000008}\",\"parentProcessId\":\"7788\",\"parentImage\":\"C:\\\\Program Files\\\\Zabbix Agent\\\\zabbix_agentd.exe\",\"parentCommandLine\":\"\\\"C:\\\\Program Files\\\\Zabbix Agent\\\\zabbix_agentd.exe\\\" --config \\\"C:\\\\Program Files\\\\Zabbix Agent\\\\zabbix_agentd.conf\\\"\",\"hashes\":\"MD5=AD4F0121E05E45568A2E62DF8F91BF81,SHA256=454CFEEA347FDC3F0ACB885CFB4B031166A2387FAB14C4D4A5008AE16181F80E,IMPHASH=D3F8F91898C22767183D2C65A8BA9A98\"}}}",
      "expect": {
        "alert": false
      },
      "category": "noise",
      "attack": null,
      "evasion": false,
      "expected_rule_id": 100251,
      "expected_level": 0,
      "mitre_id": null
    },
    {
      "name": "noise 524 | Zabbix | sc query W32Time",
      "event": "{\"win\":{\"system\":{\"providerName\":\"Microsoft-Windows-Sysmon\",\"providerGuid\":\"{5770385f-c22a-43e0-bf4c-06f5698ffbd9}\",\"eventID\":\"1\",\"version\":\"5\",\"level\":\"4\",\"task\":\"1\",\"opcode\":\"0\",\"keywords\":\"0x8000000000000000\",\"systemTime\":\"2026-08-19T11:38:14.628471523Z\",\"eventRecordID\":\"549623\",\"channel\":\"Microsoft-Windows-Sysmon/Operational\",\"computer\":\"kingslanding.sevenkingdoms.local\",\"severityValue\":\"INFORMATION\"},\"eventdata\":{\"utcTime\":\"2026-08-19 11:38:14.628\",\"processGuid\":\"{7c1463a2-9b19-b20f-d786-000000000007}\",\"processId\":\"6145\",\"image\":\"C:\\\\Windows\\\\System32\\\\cmd.exe\",\"commandLine\":\"cmd.exe /c \\\"sc query W32Time\\\"\",\"currentDirectory\":\"C:\\\\Windows\\\\system32\\\\\",\"user\":\"NT AUTHORITY\\\\SYSTEM\",\"parentProcessGuid\":\"{fc63b85c-6d40-c598-c4e6-000000000008}\",\"parentProcessId\":\"7788\",\"parentImage\":\"C:\\\\Program Files\\\\Zabbix Agent\\\\zabbix_agentd.exe\",\"parentCommandLine\":\"\\\"C:\\\\Program Files\\\\Zabbix Agent\\\\zabbix_agentd.exe\\\" --config \\\"C:\\\\Program Files\\\\Zabbix Agent\\\\zabbix_agentd.conf\\\"\",\"hashes\":\"MD5=AD4F0121E05E45568A2E62DF8F91BF81,SHA256=454CFEEA347FDC3F0ACB885CFB4B031166A2387FAB14C4D4A5008AE16181F80E,IMPHASH=D3F8F91898C22767183D2C65A8BA9A98\"}}}",
      "expect": {
        "alert": false
      },
      "category": "noise",
      "attack": null,
      "evasion": false,
      "expected_rule_id": 100251,
      "expected_level": 0,
      "mitre_id": null
    },
    {
      "name": "noise 525 | Zabbix | Get-Process top",
      "event": "{\"win\":{\"system\":{\"providerName\":\"Microsoft-Windows-Sysmon\",\"providerGuid\":\"{5770385f-c22a-43e0-bf4c-06f5698ffbd9}\",\"eventID\":\"1\",\"version\":\"5\",\"level\":\"4\",\"task\":\"1\",\"opcode\":\"0\",\"keywords\":\"0x8000000000000000\",\"systemTime\":\"2026-08-19T11:39:12.049790419Z\",\"eventRecordID\":\"549624\",\"channel\":\"Microsoft-Windows-Sysmon/Operational\",\"computer\":\"kingslanding.sevenkingdoms.local\",\"severityValue\":\"INFORMATION\"},\"eventdata\":{\"utcTime\":\"2026-08-19 11:39:12.049\",\"processGuid\":\"{559c528a-1735-ebee-6751-000000000009}\",\"processId\":\"3973\",\"image\":\"C:\\\\Windows\\\\System32\\\\WindowsPowerShell\\\\v1.0\\\\powershell.exe\",\"commandLine\":\"powershell.exe -NoProfile -Command \\\"Get-Process | Sort-Object CPU -Descending | Select-Object -First 5\\\"\",\"currentDirectory\":\"C:\\\\Windows\\\\system32\\\\\",\"user\":\"NT AUTHORITY\\\\SYSTEM\",\"parentProcessGuid\":\"{fc63b85c-6d40-c598-c4e6-000000000008}\",\"parentProcessId\":\"7788\",\"parentImage\":\"C:\\\\Program Files\\\\Zabbix Agent\\\\zabbix_agentd.exe\",\"parentCommandLine\":\"\\\"C:\\\\Program Files\\\\Zabbix Agent\\\\zabbix_agentd.exe\\\" --config \\\"C:\\\\Program Files\\\\Zabbix Agent\\\\zabbix_agentd.conf\\\"\",\"hashes\":\"MD5=52A2D1D53AB7B54E6107FD5ACBDFFB15,SHA256=99C8275678FE526419811BC64793F96B0D55627558DFBBF37E4B9A9C4EEE61E1,IMPHASH=BA9BA9BB26C1A2513FD776DAAC02773E\"}}}",
      "expect": {
        "alert": false
      },
      "category": "noise",
      "attack": null,
      "evasion": false,
      "expected_rule_id": 100251,
      "expected_level": 0,
      "mitre_id": null
    },
    {
      "name": "noise 526 | Zabbix | net start spooler",
      "event": "{\"win\":{\"system\":{\"providerName\":\"Microsoft-Windows-Sysmon\",\"providerGuid\":\"{5770385f-c22a-43e0-bf4c-06f5698ffbd9}\",\"eventID\":\"1\",\"version\":\"5\",\"level\":\"4\",\"task\":\"1\",\"opcode\":\"0\",\"keywords\":\"0x8000000000000000\",\"systemTime\":\"2026-08-19T11:41:02.404969468Z\",\"eventRecordID\":\"549625\",\"channel\":\"Microsoft-Windows-Sysmon/Operational\",\"computer\":\"kingslanding.sevenkingdoms.local\",\"severityValue\":\"INFORMATION\"},\"eventdata\":{\"utcTime\":\"2026-08-19 11:41:02.404\",\"processGuid\":\"{7c1463a2-9b19-b20f-d786-000000000007}\",\"processId\":\"6145\",\"image\":\"C:\\\\Windows\\\\System32\\\\cmd.exe\",\"commandLine\":\"cmd.exe /c \\\"net start | findstr /I spooler\\\"\",\"currentDirectory\":\"C:\\\\Windows\\\\system32\\\\\",\"user\":\"NT AUTHORITY\\\\SYSTEM\",\"parentProcessGuid\":\"{fc63b85c-6d40-c598-c4e6-000000000008}\",\"parentProcessId\":\"7788\",\"parentImage\":\"C:\\\\Program Files\\\\Zabbix Agent\\\\zabbix_agentd.exe\",\"parentCommandLine\":\"\\\"C:\\\\Program Files\\\\Zabbix Agent\\\\zabbix_agentd.exe\\\" --config \\\"C:\\\\Program Files\\\\Zabbix Agent\\\\zabbix_agentd.conf\\\"\",\"hashes\":\"MD5=AD4F0121E05E45568A2E62DF8F91BF81,SHA256=454CFEEA347FDC3F0ACB885CFB4B031166A2387FAB14C4D4A5008AE16181F80E,IMPHASH=D3F8F91898C22767183D2C65A8BA9A98\"}}}",
      "expect": {
        "alert": false
      },
      "category": "noise",
      "attack": null,
      "evasion": false,
      "expected_rule_id": 100251,
      "expected_level": 0,
      "mitre_id": null
    },
    {
      "name": "noise 527 | Zabbix | sc query WinRM",
      "event": "{\"win\":{\"system\":{\"providerName\":\"Microsoft-Windows-Sysmon\",\"providerGuid\":\"{5770385f-c22a-43e0-bf4c-06f5698ffbd9}\",\"eventID\":\"1\",\"version\":\"5\",\"level\":\"4\",\"task\":\"1\",\"opcode\":\"0\",\"keywords\":\"0x8000000000000000\",\"systemTime\":\"2026-08-19T11:42:00.595966383Z\",\"eventRecordID\":\"549626\",\"channel\":\"Microsoft-Windows-Sysmon/Operational\",\"computer\":\"kingslanding.sevenkingdoms.local\",\"severityValue\":\"INFORMATION\"},\"eventdata\":{\"utcTime\":\"2026-08-19 11:42:00.595\",\"processGuid\":\"{7c1463a2-9b19-b20f-d786-000000000007}\",\"processId\":\"6145\",\"image\":\"C:\\\\Windows\\\\System32\\\\cmd.exe\",\"commandLine\":\"cmd.exe /c \\\"sc query WinRM\\\"\",\"currentDirectory\":\"C:\\\\Windows\\\\system32\\\\\",\"user\":\"NT AUTHORITY\\\\SYSTEM\",\"parentProcessGuid\":\"{fc63b85c-6d40-c598-c4e6-000000000008}\",\"parentProcessId\":\"7788\",\"parentImage\":\"C:\\\\Program Files\\\\Zabbix Agent\\\\zabbix_agentd.exe\",\"parentCommandLine\":\"\\\"C:\\\\Program Files\\\\Zabbix Agent\\\\zabbix_agentd.exe\\\" --config \\\"C:\\\\Program Files\\\\Zabbix Agent\\\\zabbix_agentd.conf\\\"\",\"hashes\":\"MD5=AD4F0121E05E45568A2E62DF8F91BF81,SHA256=454CFEEA347FDC3F0ACB885CFB4B031166A2387FAB14C4D4A5008AE16181F80E,IMPHASH=D3F8F91898C22767183D2C65A8BA9A98\"}}}",
      "expect": {
        "alert": false
      },
      "category": "noise",
      "attack": null,
      "evasion": false,
      "expected_rule_id": 100251,
      "expected_level": 0,
      "mitre_id": null
    },
