    {
      "name": "noise 682 | Maintenance | taskeng health_check",
      "event": "{\"win\":{\"system\":{\"providerName\":\"Microsoft-Windows-Sysmon\",\"providerGuid\":\"{5770385f-c22a-43e0-bf4c-06f5698ffbd9}\",\"eventID\":\"1\",\"version\":\"5\",\"level\":\"4\",\"task\":\"1\",\"opcode\":\"0\",\"keywords\":\"0x8000000000000000\",\"systemTime\":\"2026-08-19T15:08:57.632804825Z\",\"eventRecordID\":\"549781\",\"channel\":\"Microsoft-Windows-Sysmon/Operational\",\"computer\":\"kingslanding.sevenkingdoms.local\",\"severityValue\":\"INFORMATION\"},\"eventdata\":{\"utcTime\":\"2026-08-19 15:08:57.632\",\"processGuid\":\"{5b59a28d-c320-76d3-b34e-000000000010}\",\"processId\":\"3973\",\"image\":\"C:\\\\Windows\\\\System32\\\\WindowsPowerShell\\\\v1.0\\\\powershell.exe\",\"commandLine\":\"powershell.exe -ExecutionPolicy Bypass -File C:\\\\Scripts\\\\Maintenance\\\\health_check.ps1\",\"currentDirectory\":\"C:\\\\Windows\\\\system32\\\\\",\"user\":\"NT AUTHORITY\\\\SYSTEM\",\"parentProcessGuid\":\"{8027c8a6-0a5e-92e0-9d1d-000000000011}\",\"parentProcessId\":\"2486\",\"parentImage\":\"C:\\\\Windows\\\\System32\\\\taskeng.exe\",\"parentCommandLine\":\"C:\\\\Windows\\\\System32\\\\taskeng.exe\",\"hashes\":\"MD5=52A2D1D53AB7B54E6107FD5ACBDFFB15,SHA256=99C8275678FE526419811BC64793F96B0D55627558DFBBF37E4B9A9C4EEE61E1,IMPHASH=BA9BA9BB26C1A2513FD776DAAC02773E\"}}}",
      "expect": {
        "alert": false
      },
      "category": "noise",
      "attack": null,
      "evasion": false,
      "expected_rule_id": 100251,
      "expected_level": 0,
      "mitre_id": null
    },
    {
      "name": "noise 683 | Maintenance | taskeng health_check Verbose",
      "event": "{\"win\":{\"system\":{\"providerName\":\"Microsoft-Windows-Sysmon\",\"providerGuid\":\"{5770385f-c22a-43e0-bf4c-06f5698ffbd9}\",\"eventID\":\"1\",\"version\":\"5\",\"level\":\"4\",\"task\":\"1\",\"opcode\":\"0\",\"keywords\":\"0x8000000000000000\",\"systemTime\":\"2026-08-19T15:10:10.828399483Z\",\"eventRecordID\":\"549782\",\"channel\":\"Microsoft-Windows-Sysmon/Operational\",\"computer\":\"kingslanding.sevenkingdoms.local\",\"severityValue\":\"INFORMATION\"},\"eventdata\":{\"utcTime\":\"2026-08-19 15:10:10.828\",\"processGuid\":\"{5b59a28d-c320-76d3-b34e-000000000010}\",\"processId\":\"3973\",\"image\":\"C:\\\\Windows\\\\System32\\\\WindowsPowerShell\\\\v1.0\\\\powershell.exe\",\"commandLine\":\"powershell.exe -ExecutionPolicy Bypass -File C:\\\\Scripts\\\\Maintenance\\\\health_check.ps1 -Verbose\",\"currentDirectory\":\"C:\\\\Windows\\\\system32\\\\\",\"user\":\"NT AUTHORITY\\\\SYSTEM\",\"parentProcessGuid\":\"{8027c8a6-0a5e-92e0-9d1d-000000000011}\",\"parentProcessId\":\"2486\",\"parentImage\":\"C:\\\\Windows\\\\System32\\\\taskeng.exe\",\"parentCommandLine\":\"C:\\\\Windows\\\\System32\\\\taskeng.exe\",\"hashes\":\"MD5=52A2D1D53AB7B54E6107FD5ACBDFFB15,SHA256=99C8275678FE526419811BC64793F96B0D55627558DFBBF37E4B9A9C4EEE61E1,IMPHASH=BA9BA9BB26C1A2513FD776DAAC02773E\"}}}",
      "expect": {
        "alert": false
      },
      "category": "noise",
      "attack": null,
      "evasion": false,
      "expected_rule_id": 100251,
      "expected_level": 0,
      "mitre_id": null
    },
    {
      "name": "noise 684 | Maintenance | taskeng health_check NoProfile",
      "event": "{\"win\":{\"system\":{\"providerName\":\"Microsoft-Windows-Sysmon\",\"providerGuid\":\"{5770385f-c22a-43e0-bf4c-06f5698ffbd9}\",\"eventID\":\"1\",\"version\":\"5\",\"level\":\"4\",\"task\":\"1\",\"opcode\":\"0\",\"keywords\":\"0x8000000000000000\",\"systemTime\":\"2026-08-19T15:11:22.637261362Z\",\"eventRecordID\":\"549783\",\"channel\":\"Microsoft-Windows-Sysmon/Operational\",\"computer\":\"kingslanding.sevenkingdoms.local\",\"severityValue\":\"INFORMATION\"},\"eventdata\":{\"utcTime\":\"2026-08-19 15:11:22.637\",\"processGuid\":\"{5b59a28d-c320-76d3-b34e-000000000010}\",\"processId\":\"3973\",\"image\":\"C:\\\\Windows\\\\System32\\\\WindowsPowerShell\\\\v1.0\\\\powershell.exe\",\"commandLine\":\"powershell.exe -NoProfile -ExecutionPolicy Bypass -File C:\\\\Scripts\\\\Maintenance\\\\health_check.ps1\",\"currentDirectory\":\"C:\\\\Windows\\\\system32\\\\\",\"user\":\"NT AUTHORITY\\\\SYSTEM\",\"parentProcessGuid\":\"{8027c8a6-0a5e-92e0-9d1d-000000000011}\",\"parentProcessId\":\"2486\",\"parentImage\":\"C:\\\\Windows\\\\System32\\\\taskeng.exe\",\"parentCommandLine\":\"C:\\\\Windows\\\\System32\\\\taskeng.exe\",\"hashes\":\"MD5=52A2D1D53AB7B54E6107FD5ACBDFFB15,SHA256=99C8275678FE526419811BC64793F96B0D55627558DFBBF37E4B9A9C4EEE61E1,IMPHASH=BA9BA9BB26C1A2513FD776DAAC02773E\"}}}",
      "expect": {
        "alert": false
      },
      "category": "noise",
      "attack": null,
      "evasion": false,
      "expected_rule_id": 100251,
      "expected_level": 0,
      "mitre_id": null
    },
    {
      "name": "noise 685 | Maintenance | taskeng health_check",
      "event": "{\"win\":{\"system\":{\"providerName\":\"Microsoft-Windows-Sysmon\",\"providerGuid\":\"{5770385f-c22a-43e0-bf4c-06f5698ffbd9}\",\"eventID\":\"1\",\"version\":\"5\",\"level\":\"4\",\"task\":\"1\",\"opcode\":\"0\",\"keywords\":\"0x8000000000000000\",\"systemTime\":\"2026-08-19T15:12:36.099612775Z\",\"eventRecordID\":\"549784\",\"channel\":\"Microsoft-Windows-Sysmon/Operational\",\"computer\":\"kingslanding.sevenkingdoms.local\",\"severityValue\":\"INFORMATION\"},\"eventdata\":{\"utcTime\":\"2026-08-19 15:12:36.099\",\"processGuid\":\"{5b59a28d-c320-76d3-b34e-000000000010}\",\"processId\":\"3973\",\"image\":\"C:\\\\Windows\\\\System32\\\\WindowsPowerShell\\\\v1.0\\\\powershell.exe\",\"commandLine\":\"powershell.exe -ExecutionPolicy Bypass -File C:\\\\Scripts\\\\Maintenance\\\\health_check.ps1\",\"currentDirectory\":\"C:\\\\Windows\\\\system32\\\\\",\"user\":\"NT AUTHORITY\\\\SYSTEM\",\"parentProcessGuid\":\"{8027c8a6-0a5e-92e0-9d1d-000000000011}\",\"parentProcessId\":\"2486\",\"parentImage\":\"C:\\\\Windows\\\\System32\\\\taskeng.exe\",\"parentCommandLine\":\"C:\\\\Windows\\\\System32\\\\taskeng.exe\",\"hashes\":\"MD5=52A2D1D53AB7B54E6107FD5ACBDFFB15,SHA256=99C8275678FE526419811BC64793F96B0D55627558DFBBF37E4B9A9C4EEE61E1,IMPHASH=BA9BA9BB26C1A2513FD776DAAC02773E\"}}}",
      "expect": {
        "alert": false
      },
      "category": "noise",
      "attack": null,
      "evasion": false,
      "expected_rule_id": 100251,
      "expected_level": 0,
      "mitre_id": null
    },
    {
      "name": "noise 686 | Maintenance | taskeng health_check NoProfile",
      "event": "{\"win\":{\"system\":{\"providerName\":\"Microsoft-Windows-Sysmon\",\"providerGuid\":\"{5770385f-c22a-43e0-bf4c-06f5698ffbd9}\",\"eventID\":\"1\",\"version\":\"5\",\"level\":\"4\",\"task\":\"1\",\"opcode\":\"0\",\"keywords\":\"0x8000000000000000\",\"systemTime\":\"2026-08-19T15:13:44.999167279Z\",\"eventRecordID\":\"549785\",\"channel\":\"Microsoft-Windows-Sysmon/Operational\",\"computer\":\"kingslanding.sevenkingdoms.local\",\"severityValue\":\"INFORMATION\"},\"eventdata\":{\"utcTime\":\"2026-08-19 15:13:44.999\",\"processGuid\":\"{5b59a28d-c320-76d3-b34e-000000000010}\",\"processId\":\"3973\",\"image\":\"C:\\\\Windows\\\\System32\\\\WindowsPowerShell\\\\v1.0\\\\powershell.exe\",\"commandLine\":\"powershell.exe -NoProfile -ExecutionPolicy Bypass -File C:\\\\Scripts\\\\Maintenance\\\\health_check.ps1\",\"currentDirectory\":\"C:\\\\Windows\\\\system32\\\\\",\"user\":\"NT AUTHORITY\\\\SYSTEM\",\"parentProcessGuid\":\"{8027c8a6-0a5e-92e0-9d1d-000000000011}\",\"parentProcessId\":\"2486\",\"parentImage\":\"C:\\\\Windows\\\\System32\\\\taskeng.exe\",\"parentCommandLine\":\"C:\\\\Windows\\\\System32\\\\taskeng.exe\",\"hashes\":\"MD5=52A2D1D53AB7B54E6107FD5ACBDFFB15,SHA256=99C8275678FE526419811BC64793F96B0D55627558DFBBF37E4B9A9C4EEE61E1,IMPHASH=BA9BA9BB26C1A2513FD776DAAC02773E\"}}}",
      "expect": {
        "alert": false
      },
      "category": "noise",
      "attack": null,
      "evasion": false,
      "expected_rule_id": 100251,
      "expected_level": 0,
      "mitre_id": null
    },
    {
      "name": "noise 687 | Maintenance | taskeng health_check NoProfile",
      "event": "{\"win\":{\"system\":{\"providerName\":\"Microsoft-Windows-Sysmon\",\"providerGuid\":\"{5770385f-c22a-43e0-bf4c-06f5698ffbd9}\",\"eventID\":\"1\",\"version\":\"5\",\"level\":\"4\",\"task\":\"1\",\"opcode\":\"0\",\"keywords\":\"0x8000000000000000\",\"systemTime\":\"2026-08-19T15:15:21.153946501Z\",\"eventRecordID\":\"549786\",\"channel\":\"Microsoft-Windows-Sysmon/Operational\",\"computer\":\"kingslanding.sevenkingdoms.local\",\"severityValue\":\"INFORMATION\"},\"eventdata\":{\"utcTime\":\"2026-08-19 15:15:21.153\",\"processGuid\":\"{5b59a28d-c320-76d3-b34e-000000000010}\",\"processId\":\"3973\",\"image\":\"C:\\\\Windows\\\\System32\\\\WindowsPowerShell\\\\v1.0\\\\powershell.exe\",\"commandLine\":\"powershell.exe -NoProfile -ExecutionPolicy Bypass -File C:\\\\Scripts\\\\Maintenance\\\\health_check.ps1\",\"currentDirectory\":\"C:\\\\Windows\\\\system32\\\\\",\"user\":\"NT AUTHORITY\\\\SYSTEM\",\"parentProcessGuid\":\"{8027c8a6-0a5e-92e0-9d1d-000000000011}\",\"parentProcessId\":\"2486\",\"parentImage\":\"C:\\\\Windows\\\\System32\\\\taskeng.exe\",\"parentCommandLine\":\"C:\\\\Windows\\\\System32\\\\taskeng.exe\",\"hashes\":\"MD5=52A2D1D53AB7B54E6107FD5ACBDFFB15,SHA256=99C8275678FE526419811BC64793F96B0D55627558DFBBF37E4B9A9C4EEE61E1,IMPHASH=BA9BA9BB26C1A2513FD776DAAC02773E\"}}}",
      "expect": {
        "alert": false
      },
      "category": "noise",
      "attack": null,
      "evasion": false,
      "expected_rule_id": 100251,
      "expected_level": 0,
      "mitre_id": null
    },
    {
      "name": "noise 688 | Maintenance | taskeng health_check Verbose",
      "event": "{\"win\":{\"system\":{\"providerName\":\"Microsoft-Windows-Sysmon\",\"providerGuid\":\"{5770385f-c22a-43e0-bf4c-06f5698ffbd9}\",\"eventID\":\"1\",\"version\":\"5\",\"level\":\"4\",\"task\":\"1\",\"opcode\":\"0\",\"keywords\":\"0x8000000000000000\",\"systemTime\":\"2026-08-19T15:16:52.511589883Z\",\"eventRecordID\":\"549787\",\"channel\":\"Microsoft-Windows-Sysmon/Operational\",\"computer\":\"kingslanding.sevenkingdoms.local\",\"severityValue\":\"INFORMATION\"},\"eventdata\":{\"utcTime\":\"2026-08-19 15:16:52.511\",\"processGuid\":\"{5b59a28d-c320-76d3-b34e-000000000010}\",\"processId\":\"3973\",\"image\":\"C:\\\\Windows\\\\System32\\\\WindowsPowerShell\\\\v1.0\\\\powershell.exe\",\"commandLine\":\"powershell.exe -ExecutionPolicy Bypass -File C:\\\\Scripts\\\\Maintenance\\\\health_check.ps1 -Verbose\",\"currentDirectory\":\"C:\\\\Windows\\\\system32\\\\\",\"user\":\"NT AUTHORITY\\\\SYSTEM\",\"parentProcessGuid\":\"{8027c8a6-0a5e-92e0-9d1d-000000000011}\",\"parentProcessId\":\"2486\",\"parentImage\":\"C:\\\\Windows\\\\System32\\\\taskeng.exe\",\"parentCommandLine\":\"C:\\\\Windows\\\\System32\\\\taskeng.exe\",\"hashes\":\"MD5=52A2D1D53AB7B54E6107FD5ACBDFFB15,SHA256=99C8275678FE526419811BC64793F96B0D55627558DFBBF37E4B9A9C4EEE61E1,IMPHASH=BA9BA9BB26C1A2513FD776DAAC02773E\"}}}",
      "expect": {
        "alert": false
      },
      "category": "noise",
      "attack": null,
      "evasion": false,
      "expected_rule_id": 100251,
      "expected_level": 0,
      "mitre_id": null
    },
    {
      "name": "noise 689 | Maintenance | taskeng health_check",
      "event": "{\"win\":{\"system\":{\"providerName\":\"Microsoft-Windows-Sysmon\",\"providerGuid\":\"{5770385f-c22a-43e0-bf4c-06f5698ffbd9}\",\"eventID\":\"1\",\"version\":\"5\",\"level\":\"4\",\"task\":\"1\",\"opcode\":\"0\",\"keywords\":\"0x8000000000000000\",\"systemTime\":\"2026-08-19T15:18:41.921064631Z\",\"eventRecordID\":\"549788\",\"channel\":\"Microsoft-Windows-Sysmon/Operational\",\"computer\":\"kingslanding.sevenkingdoms.local\",\"severityValue\":\"INFORMATION\"},\"eventdata\":{\"utcTime\":\"2026-08-19 15:18:41.921\",\"processGuid\":\"{5b59a28d-c320-76d3-b34e-000000000010}\",\"processId\":\"3973\",\"image\":\"C:\\\\Windows\\\\System32\\\\WindowsPowerShell\\\\v1.0\\\\powershell.exe\",\"commandLine\":\"powershell.exe -ExecutionPolicy Bypass -File C:\\\\Scripts\\\\Maintenance\\\\health_check.ps1\",\"currentDirectory\":\"C:\\\\Windows\\\\system32\\\\\",\"user\":\"NT AUTHORITY\\\\SYSTEM\",\"parentProcessGuid\":\"{8027c8a6-0a5e-92e0-9d1d-000000000011}\",\"parentProcessId\":\"2486\",\"parentImage\":\"C:\\\\Windows\\\\System32\\\\taskeng.exe\",\"parentCommandLine\":\"C:\\\\Windows\\\\System32\\\\taskeng.exe\",\"hashes\":\"MD5=52A2D1D53AB7B54E6107FD5ACBDFFB15,SHA256=99C8275678FE526419811BC64793F96B0D55627558DFBBF37E4B9A9C4EEE61E1,IMPHASH=BA9BA9BB26C1A2513FD776DAAC02773E\"}}}",
      "expect": {
        "alert": false
      },
      "category": "noise",
      "attack": null,
      "evasion": false,
      "expected_rule_id": 100251,
      "expected_level": 0,
      "mitre_id": null
    },
    {
      "name": "noise 690 | Maintenance | taskeng health_check NonInteractive",
      "event": "{\"win\":{\"system\":{\"providerName\":\"Microsoft-Windows-Sysmon\",\"providerGuid\":\"{5770385f-c22a-43e0-bf4c-06f5698ffbd9}\",\"eventID\":\"1\",\"version\":\"5\",\"level\":\"4\",\"task\":\"1\",\"opcode\":\"0\",\"keywords\":\"0x8000000000000000\",\"systemTime\":\"2026-08-19T15:19:38.007443752Z\",\"eventRecordID\":\"549789\",\"channel\":\"Microsoft-Windows-Sysmon/Operational\",\"computer\":\"kingslanding.sevenkingdoms.local\",\"severityValue\":\"INFORMATION\"},\"eventdata\":{\"utcTime\":\"2026-08-19 15:19:38.007\",\"processGuid\":\"{5b59a28d-c320-76d3-b34e-000000000010}\",\"processId\":\"3973\",\"image\":\"C:\\\\Windows\\\\System32\\\\WindowsPowerShell\\\\v1.0\\\\powershell.exe\",\"commandLine\":\"powershell.exe -NonInteractive -ExecutionPolicy Bypass -File C:\\\\Scripts\\\\Maintenance\\\\health_check.ps1\",\"currentDirectory\":\"C:\\\\Windows\\\\system32\\\\\",\"user\":\"NT AUTHORITY\\\\SYSTEM\",\"parentProcessGuid\":\"{8027c8a6-0a5e-92e0-9d1d-000000000011}\",\"parentProcessId\":\"2486\",\"parentImage\":\"C:\\\\Windows\\\\System32\\\\taskeng.exe\",\"parentCommandLine\":\"C:\\\\Windows\\\\System32\\\\taskeng.exe\",\"hashes\":\"MD5=52A2D1D53AB7B54E6107FD5ACBDFFB15,SHA256=99C8275678FE526419811BC64793F96B0D55627558DFBBF37E4B9A9C4EEE61E1,IMPHASH=BA9BA9BB26C1A2513FD776DAAC02773E\"}}}",
      "expect": {
        "alert": false
      },
      "category": "noise",
      "attack": null,
      "evasion": false,
      "expected_rule_id": 100251,
      "expected_level": 0,
      "mitre_id": null
    },
    {
      "name": "noise 691 | Maintenance | taskeng health_check",
      "event": "{\"win\":{\"system\":{\"providerName\":\"Microsoft-Windows-Sysmon\",\"providerGuid\":\"{5770385f-c22a-43e0-bf4c-06f5698ffbd9}\",\"eventID\":\"1\",\"version\":\"5\",\"level\":\"4\",\"task\":\"1\",\"opcode\":\"0\",\"keywords\":\"0x8000000000000000\",\"systemTime\":\"2026-08-19T15:21:36.384490480Z\",\"eventRecordID\":\"549790\",\"channel\":\"Microsoft-Windows-Sysmon/Operational\",\"computer\":\"kingslanding.sevenkingdoms.local\",\"severityValue\":\"INFORMATION\"},\"eventdata\":{\"utcTime\":\"2026-08-19 15:21:36.384\",\"processGuid\":\"{5b59a28d-c320-76d3-b34e-000000000010}\",\"processId\":\"3973\",\"image\":\"C:\\\\Windows\\\\System32\\\\WindowsPowerShell\\\\v1.0\\\\powershell.exe\",\"commandLine\":\"powershell.exe -ExecutionPolicy Bypass -File C:\\\\Scripts\\\\Maintenance\\\\health_check.ps1\",\"currentDirectory\":\"C:\\\\Windows\\\\system32\\\\\",\"user\":\"NT AUTHORITY\\\\SYSTEM\",\"parentProcessGuid\":\"{8027c8a6-0a5e-92e0-9d1d-000000000011}\",\"parentProcessId\":\"2486\",\"parentImage\":\"C:\\\\Windows\\\\System32\\\\taskeng.exe\",\"parentCommandLine\":\"C:\\\\Windows\\\\System32\\\\taskeng.exe\",\"hashes\":\"MD5=52A2D1D53AB7B54E6107FD5ACBDFFB15,SHA256=99C8275678FE526419811BC64793F96B0D55627558DFBBF37E4B9A9C4EEE61E1,IMPHASH=BA9BA9BB26C1A2513FD776DAAC02773E\"}}}",
      "expect": {
        "alert": false
      },
      "category": "noise",
      "attack": null,
      "evasion": false,
      "expected_rule_id": 100251,
      "expected_level": 0,
      "mitre_id": null
    },
    {
      "name": "noise 692 | Maintenance | taskeng health_check",
      "event": "{\"win\":{\"system\":{\"providerName\":\"Microsoft-Windows-Sysmon\",\"providerGuid\":\"{5770385f-c22a-43e0-bf4c-06f5698ffbd9}\",\"eventID\":\"1\",\"version\":\"5\",\"level\":\"4\",\"task\":\"1\",\"opcode\":\"0\",\"keywords\":\"0x8000000000000000\",\"systemTime\":\"2026-08-19T15:22:11.943265040Z\",\"eventRecordID\":\"549791\",\"channel\":\"Microsoft-Windows-Sysmon/Operational\",\"computer\":\"kingslanding.sevenkingdoms.local\",\"severityValue\":\"INFORMATION\"},\"eventdata\":{\"utcTime\":\"2026-08-19 15:22:11.943\",\"processGuid\":\"{5b59a28d-c320-76d3-b34e-000000000010}\",\"processId\":\"3973\",\"image\":\"C:\\\\Windows\\\\System32\\\\WindowsPowerShell\\\\v1.0\\\\powershell.exe\",\"commandLine\":\"powershell.exe -ExecutionPolicy Bypass -File C:\\\\Scripts\\\\Maintenance\\\\health_check.ps1\",\"currentDirectory\":\"C:\\\\Windows\\\\system32\\\\\",\"user\":\"NT AUTHORITY\\\\SYSTEM\",\"parentProcessGuid\":\"{8027c8a6-0a5e-92e0-9d1d-000000000011}\",\"parentProcessId\":\"2486\",\"parentImage\":\"C:\\\\Windows\\\\System32\\\\taskeng.exe\",\"parentCommandLine\":\"C:\\\\Windows\\\\System32\\\\taskeng.exe\",\"hashes\":\"MD5=52A2D1D53AB7B54E6107FD5ACBDFFB15,SHA256=99C8275678FE526419811BC64793F96B0D55627558DFBBF37E4B9A9C4EEE61E1,IMPHASH=BA9BA9BB26C1A2513FD776DAAC02773E\"}}}",
      "expect": {
        "alert": false
      },
      "category": "noise",
      "attack": null,
      "evasion": false,
      "expected_rule_id": 100251,
      "expected_level": 0,
      "mitre_id": null
    },
    {
      "name": "noise 693 | Maintenance | taskeng health_check Verbose",
      "event": "{\"win\":{\"system\":{\"providerName\":\"Microsoft-Windows-Sysmon\",\"providerGuid\":\"{5770385f-c22a-43e0-bf4c-06f5698ffbd9}\",\"eventID\":\"1\",\"version\":\"5\",\"level\":\"4\",\"task\":\"1\",\"opcode\":\"0\",\"keywords\":\"0x8000000000000000\",\"systemTime\":\"2026-08-19T15:23:50.459415203Z\",\"eventRecordID\":\"549792\",\"channel\":\"Microsoft-Windows-Sysmon/Operational\",\"computer\":\"kingslanding.sevenkingdoms.local\",\"severityValue\":\"INFORMATION\"},\"eventdata\":{\"utcTime\":\"2026-08-19 15:23:50.459\",\"processGuid\":\"{5b59a28d-c320-76d3-b34e-000000000010}\",\"processId\":\"3973\",\"image\":\"C:\\\\Windows\\\\System32\\\\WindowsPowerShell\\\\v1.0\\\\powershell.exe\",\"commandLine\":\"powershell.exe -ExecutionPolicy Bypass -File C:\\\\Scripts\\\\Maintenance\\\\health_check.ps1 -Verbose\",\"currentDirectory\":\"C:\\\\Windows\\\\system32\\\\\",\"user\":\"NT AUTHORITY\\\\SYSTEM\",\"parentProcessGuid\":\"{8027c8a6-0a5e-92e0-9d1d-000000000011}\",\"parentProcessId\":\"2486\",\"parentImage\":\"C:\\\\Windows\\\\System32\\\\taskeng.exe\",\"parentCommandLine\":\"C:\\\\Windows\\\\System32\\\\taskeng.exe\",\"hashes\":\"MD5=52A2D1D53AB7B54E6107FD5ACBDFFB15,SHA256=99C8275678FE526419811BC64793F96B0D55627558DFBBF37E4B9A9C4EEE61E1,IMPHASH=BA9BA9BB26C1A2513FD776DAAC02773E\"}}}",
      "expect": {
        "alert": false
      },
      "category": "noise",
      "attack": null,
      "evasion": false,
      "expected_rule_id": 100251,
      "expected_level": 0,
      "mitre_id": null
    },
    {
      "name": "noise 694 | Maintenance | taskeng health_check NoLogo",
      "event": "{\"win\":{\"system\":{\"providerName\":\"Microsoft-Windows-Sysmon\",\"providerGuid\":\"{5770385f-c22a-43e0-bf4c-06f5698ffbd9}\",\"eventID\":\"1\",\"version\":\"5\",\"level\":\"4\",\"task\":\"1\",\"opcode\":\"0\",\"keywords\":\"0x8000000000000000\",\"systemTime\":\"2026-08-19T15:25:16.615317095Z\",\"eventRecordID\":\"549793\",\"channel\":\"Microsoft-Windows-Sysmon/Operational\",\"computer\":\"kingslanding.sevenkingdoms.local\",\"severityValue\":\"INFORMATION\"},\"eventdata\":{\"utcTime\":\"2026-08-19 15:25:16.615\",\"processGuid\":\"{5b59a28d-c320-76d3-b34e-000000000010}\",\"processId\":\"3973\",\"image\":\"C:\\\\Windows\\\\System32\\\\WindowsPowerShell\\\\v1.0\\\\powershell.exe\",\"commandLine\":\"powershell.exe -NoLogo -NoProfile -ExecutionPolicy Bypass -File C:\\\\Scripts\\\\Maintenance\\\\health_check.ps1\",\"currentDirectory\":\"C:\\\\Windows\\\\system32\\\\\",\"user\":\"NT AUTHORITY\\\\SYSTEM\",\"parentProcessGuid\":\"{8027c8a6-0a5e-92e0-9d1d-000000000011}\",\"parentProcessId\":\"2486\",\"parentImage\":\"C:\\\\Windows\\\\System32\\\\taskeng.exe\",\"parentCommandLine\":\"C:\\\\Windows\\\\System32\\\\taskeng.exe\",\"hashes\":\"MD5=52A2D1D53AB7B54E6107FD5ACBDFFB15,SHA256=99C8275678FE526419811BC64793F96B0D55627558DFBBF37E4B9A9C4EEE61E1,IMPHASH=BA9BA9BB26C1A2513FD776DAAC02773E\"}}}",
      "expect": {
        "alert": false
      },
      "category": "noise",
      "attack": null,
      "evasion": false,
      "expected_rule_id": 100251,
      "expected_level": 0,
      "mitre_id": null
    },
    {
      "name": "noise 695 | Maintenance | taskeng health_check",
      "event": "{\"win\":{\"system\":{\"providerName\":\"Microsoft-Windows-Sysmon\",\"providerGuid\":\"{5770385f-c22a-43e0-bf4c-06f5698ffbd9}\",\"eventID\":\"1\",\"version\":\"5\",\"level\":\"4\",\"task\":\"1\",\"opcode\":\"0\",\"keywords\":\"0x8000000000000000\",\"systemTime\":\"2026-08-19T15:26:45.972519967Z\",\"eventRecordID\":\"549794\",\"channel\":\"Microsoft-Windows-Sysmon/Operational\",\"computer\":\"kingslanding.sevenkingdoms.local\",\"severityValue\":\"INFORMATION\"},\"eventdata\":{\"utcTime\":\"2026-08-19 15:26:45.972\",\"processGuid\":\"{5b59a28d-c320-76d3-b34e-000000000010}\",\"processId\":\"3973\",\"image\":\"C:\\\\Windows\\\\System32\\\\WindowsPowerShell\\\\v1.0\\\\powershell.exe\",\"commandLine\":\"powershell.exe -ExecutionPolicy Bypass -File C:\\\\Scripts\\\\Maintenance\\\\health_check.ps1\",\"currentDirectory\":\"C:\\\\Windows\\\\system32\\\\\",\"user\":\"NT AUTHORITY\\\\SYSTEM\",\"parentProcessGuid\":\"{8027c8a6-0a5e-92e0-9d1d-000000000011}\",\"parentProcessId\":\"2486\",\"parentImage\":\"C:\\\\Windows\\\\System32\\\\taskeng.exe\",\"parentCommandLine\":\"C:\\\\Windows\\\\System32\\\\taskeng.exe\",\"hashes\":\"MD5=52A2D1D53AB7B54E6107FD5ACBDFFB15,SHA256=99C8275678FE526419811BC64793F96B0D55627558DFBBF37E4B9A9C4EEE61E1,IMPHASH=BA9BA9BB26C1A2513FD776DAAC02773E\"}}}",
      "expect": {
        "alert": false
      },
      "category": "noise",
      "attack": null,
      "evasion": false,
      "expected_rule_id": 100251,
      "expected_level": 0,
      "mitre_id": null
    },
    {
      "name": "noise 696 | Maintenance | taskeng health_check quoted",
      "event": "{\"win\":{\"system\":{\"providerName\":\"Microsoft-Windows-Sysmon\",\"providerGuid\":\"{5770385f-c22a-43e0-bf4c-06f5698ffbd9}\",\"eventID\":\"1\",\"version\":\"5\",\"level\":\"4\",\"task\":\"1\",\"opcode\":\"0\",\"keywords\":\"0x8000000000000000\",\"systemTime\":\"2026-08-19T15:27:14.939959904Z\",\"eventRecordID\":\"549795\",\"channel\":\"Microsoft-Windows-Sysmon/Operational\",\"computer\":\"kingslanding.sevenkingdoms.local\",\"severityValue\":\"INFORMATION\"},\"eventdata\":{\"utcTime\":\"2026-08-19 15:27:14.939\",\"processGuid\":\"{5b59a28d-c320-76d3-b34e-000000000010}\",\"processId\":\"3973\",\"image\":\"C:\\\\Windows\\\\System32\\\\WindowsPowerShell\\\\v1.0\\\\powershell.exe\",\"commandLine\":\"powershell.exe -ExecutionPolicy Bypass -File \\\"C:\\\\Scripts\\\\Maintenance\\\\health_check.ps1\\\"\",\"currentDirectory\":\"C:\\\\Windows\\\\system32\\\\\",\"user\":\"NT AUTHORITY\\\\SYSTEM\",\"parentProcessGuid\":\"{8027c8a6-0a5e-92e0-9d1d-000000000011}\",\"parentProcessId\":\"2486\",\"parentImage\":\"C:\\\\Windows\\\\System32\\\\taskeng.exe\",\"parentCommandLine\":\"C:\\\\Windows\\\\System32\\\\taskeng.exe\",\"hashes\":\"MD5=52A2D1D53AB7B54E6107FD5ACBDFFB15,SHA256=99C8275678FE526419811BC64793F96B0D55627558DFBBF37E4B9A9C4EEE61E1,IMPHASH=BA9BA9BB26C1A2513FD776DAAC02773E\"}}}",
      "expect": {
        "alert": false
      },
      "category": "noise",
      "attack": null,
      "evasion": false,
      "expected_rule_id": 100251,
      "expected_level": 0,
      "mitre_id": null
    },
    {
      "name": "noise 697 | Maintenance | taskeng health_check NoLogo",
      "event": "{\"win\":{\"system\":{\"providerName\":\"Microsoft-Windows-Sysmon\",\"providerGuid\":\"{5770385f-c22a-43e0-bf4c-06f5698ffbd9}\",\"eventID\":\"1\",\"version\":\"5\",\"level\":\"4\",\"task\":\"1\",\"opcode\":\"0\",\"keywords\":\"0x8000000000000000\",\"systemTime\":\"2026-08-19T15:28:20.712538558Z\",\"eventRecordID\":\"549796\",\"channel\":\"Microsoft-Windows-Sysmon/Operational\",\"computer\":\"kingslanding.sevenkingdoms.local\",\"severityValue\":\"INFORMATION\"},\"eventdata\":{\"utcTime\":\"2026-08-19 15:28:20.712\",\"processGuid\":\"{5b59a28d-c320-76d3-b34e-000000000010}\",\"processId\":\"3973\",\"image\":\"C:\\\\Windows\\\\System32\\\\WindowsPowerShell\\\\v1.0\\\\powershell.exe\",\"commandLine\":\"powershell.exe -NoLogo -NoProfile -ExecutionPolicy Bypass -File C:\\\\Scripts\\\\Maintenance\\\\health_check.ps1\",\"currentDirectory\":\"C:\\\\Windows\\\\system32\\\\\",\"user\":\"NT AUTHORITY\\\\SYSTEM\",\"parentProcessGuid\":\"{8027c8a6-0a5e-92e0-9d1d-000000000011}\",\"parentProcessId\":\"2486\",\"parentImage\":\"C:\\\\Windows\\\\System32\\\\taskeng.exe\",\"parentCommandLine\":\"C:\\\\Windows\\\\System32\\\\taskeng.exe\",\"hashes\":\"MD5=52A2D1D53AB7B54E6107FD5ACBDFFB15,SHA256=99C8275678FE526419811BC64793F96B0D55627558DFBBF37E4B9A9C4EEE61E1,IMPHASH=BA9BA9BB26C1A2513FD776DAAC02773E\"}}}",
      "expect": {
        "alert": false
      },
      "category": "noise",
      "attack": null,
      "evasion": false,
      "expected_rule_id": 100251,
      "expected_level": 0,
      "mitre_id": null
    },
    {
      "name": "noise 698 | Maintenance | taskeng health_check",
      "event": "{\"win\":{\"system\":{\"providerName\":\"Microsoft-Windows-Sysmon\",\"providerGuid\":\"{5770385f-c22a-43e0-bf4c-06f5698ffbd9}\",\"eventID\":\"1\",\"version\":\"5\",\"level\":\"4\",\"task\":\"1\",\"opcode\":\"0\",\"keywords\":\"0x8000000000000000\",\"systemTime\":\"2026-08-19T15:29:59.688138718Z\",\"eventRecordID\":\"549797\",\"channel\":\"Microsoft-Windows-Sysmon/Operational\",\"computer\":\"kingslanding.sevenkingdoms.local\",\"severityValue\":\"INFORMATION\"},\"eventdata\":{\"utcTime\":\"2026-08-19 15:29:59.688\",\"processGuid\":\"{5b59a28d-c320-76d3-b34e-000000000010}\",\"processId\":\"3973\",\"image\":\"C:\\\\Windows\\\\System32\\\\WindowsPowerShell\\\\v1.0\\\\powershell.exe\",\"commandLine\":\"powershell.exe -ExecutionPolicy Bypass -File C:\\\\Scripts\\\\Maintenance\\\\health_check.ps1\",\"currentDirectory\":\"C:\\\\Windows\\\\system32\\\\\",\"user\":\"NT AUTHORITY\\\\SYSTEM\",\"parentProcessGuid\":\"{8027c8a6-0a5e-92e0-9d1d-000000000011}\",\"parentProcessId\":\"2486\",\"parentImage\":\"C:\\\\Windows\\\\System32\\\\taskeng.exe\",\"parentCommandLine\":\"C:\\\\Windows\\\\System32\\\\taskeng.exe\",\"hashes\":\"MD5=52A2D1D53AB7B54E6107FD5ACBDFFB15,SHA256=99C8275678FE526419811BC64793F96B0D55627558DFBBF37E4B9A9C4EEE61E1,IMPHASH=BA9BA9BB26C1A2513FD776DAAC02773E\"}}}",
      "expect": {
        "alert": false
      },
      "category": "noise",
      "attack": null,
      "evasion": false,
      "expected_rule_id": 100251,
      "expected_level": 0,
      "mitre_id": null
    },
    {
      "name": "noise 699 | Maintenance | taskeng health_check Verbose",
      "event": "{\"win\":{\"system\":{\"providerName\":\"Microsoft-Windows-Sysmon\",\"providerGuid\":\"{5770385f-c22a-43e0-bf4c-06f5698ffbd9}\",\"eventID\":\"1\",\"version\":\"5\",\"level\":\"4\",\"task\":\"1\",\"opcode\":\"0\",\"keywords\":\"0x8000000000000000\",\"systemTime\":\"2026-08-19T15:31:13.455653122Z\",\"eventRecordID\":\"549798\",\"channel\":\"Microsoft-Windows-Sysmon/Operational\",\"computer\":\"kingslanding.sevenkingdoms.local\",\"severityValue\":\"INFORMATION\"},\"eventdata\":{\"utcTime\":\"2026-08-19 15:31:13.455\",\"processGuid\":\"{5b59a28d-c320-76d3-b34e-000000000010}\",\"processId\":\"3973\",\"image\":\"C:\\\\Windows\\\\System32\\\\WindowsPowerShell\\\\v1.0\\\\powershell.exe\",\"commandLine\":\"powershell.exe -ExecutionPolicy Bypass -File C:\\\\Scripts\\\\Maintenance\\\\health_check.ps1 -Verbose\",\"currentDirectory\":\"C:\\\\Windows\\\\system32\\\\\",\"user\":\"NT AUTHORITY\\\\SYSTEM\",\"parentProcessGuid\":\"{8027c8a6-0a5e-92e0-9d1d-000000000011}\",\"parentProcessId\":\"2486\",\"parentImage\":\"C:\\\\Windows\\\\System32\\\\taskeng.exe\",\"parentCommandLine\":\"C:\\\\Windows\\\\System32\\\\taskeng.exe\",\"hashes\":\"MD5=52A2D1D53AB7B54E6107FD5ACBDFFB15,SHA256=99C8275678FE526419811BC64793F96B0D55627558DFBBF37E4B9A9C4EEE61E1,IMPHASH=BA9BA9BB26C1A2513FD776DAAC02773E\"}}}",
      "expect": {
        "alert": false
      },
      "category": "noise",
      "attack": null,
      "evasion": false,
      "expected_rule_id": 100251,
      "expected_level": 0,
      "mitre_id": null
    },
    {
      "name": "noise 700 | Maintenance | taskeng health_check Verbose",
      "event": "{\"win\":{\"system\":{\"providerName\":\"Microsoft-Windows-Sysmon\",\"providerGuid\":\"{5770385f-c22a-43e0-bf4c-06f5698ffbd9}\",\"eventID\":\"1\",\"version\":\"5\",\"level\":\"4\",\"task\":\"1\",\"opcode\":\"0\",\"keywords\":\"0x8000000000000000\",\"systemTime\":\"2026-08-19T15:33:00.465078665Z\",\"eventRecordID\":\"549799\",\"channel\":\"Microsoft-Windows-Sysmon/Operational\",\"computer\":\"kingslanding.sevenkingdoms.local\",\"severityValue\":\"INFORMATION\"},\"eventdata\":{\"utcTime\":\"2026-08-19 15:33:00.465\",\"processGuid\":\"{5b59a28d-c320-76d3-b34e-000000000010}\",\"processId\":\"3973\",\"image\":\"C:\\\\Windows\\\\System32\\\\WindowsPowerShell\\\\v1.0\\\\powershell.exe\",\"commandLine\":\"powershell.exe -ExecutionPolicy Bypass -File C:\\\\Scripts\\\\Maintenance\\\\health_check.ps1 -Verbose\",\"currentDirectory\":\"C:\\\\Windows\\\\system32\\\\\",\"user\":\"NT AUTHORITY\\\\SYSTEM\",\"parentProcessGuid\":\"{8027c8a6-0a5e-92e0-9d1d-000000000011}\",\"parentProcessId\":\"2486\",\"parentImage\":\"C:\\\\Windows\\\\System32\\\\taskeng.exe\",\"parentCommandLine\":\"C:\\\\Windows\\\\System32\\\\taskeng.exe\",\"hashes\":\"MD5=52A2D1D53AB7B54E6107FD5ACBDFFB15,SHA256=99C8275678FE526419811BC64793F96B0D55627558DFBBF37E4B9A9C4EEE61E1,IMPHASH=BA9BA9BB26C1A2513FD776DAAC02773E\"}}}",
      "expect": {
        "alert": false
      },
      "category": "noise",
      "attack": null,
      "evasion": false,
      "expected_rule_id": 100251,
      "expected_level": 0,
      "mitre_id": null
    },
    {
      "name": "noise 701 | certutil legit | certutil store My",
      "event": "{\"win\":{\"system\":{\"providerName\":\"Microsoft-Windows-Sysmon\",\"providerGuid\":\"{5770385f-c22a-43e0-bf4c-06f5698ffbd9}\",\"eventID\":\"1\",\"version\":\"5\",\"level\":\"4\",\"task\":\"1\",\"opcode\":\"0\",\"keywords\":\"0x8000000000000000\",\"systemTime\":\"2026-08-19T15:34:48.044937738Z\",\"eventRecordID\":\"549800\",\"channel\":\"Microsoft-Windows-Sysmon/Operational\",\"computer\":\"kingslanding.sevenkingdoms.local\",\"severityValue\":\"INFORMATION\"},\"eventdata\":{\"utcTime\":\"2026-08-19 15:34:48.044\",\"processGuid\":\"{e2717f60-63c5-edd7-97ea-000000000012}\",\"processId\":\"671\",\"image\":\"C:\\\\Windows\\\\System32\\\\certutil.exe\",\"commandLine\":\"certutil.exe -store My\",\"currentDirectory\":\"C:\\\\Windows\\\\system32\\\\\",\"user\":\"NT AUTHORITY\\\\SYSTEM\",\"parentProcessGuid\":\"{8d556a29-260f-b220-458c-000000000013}\",\"parentProcessId\":\"3548\",\"parentImage\":\"C:\\\\Windows\\\\System32\\\\svchost.exe\",\"parentCommandLine\":\"C:\\\\Windows\\\\System32\\\\svchost.exe -k netsvcs -p -s CertPropSvc\",\"hashes\":\"MD5=79E05CF44B265169CD9A673B0D2C2FFB,SHA256=58858CD6163A83B3ABFA396041EE8C319BC3FC8AC6B02E2B5297FCEA33495D9B,IMPHASH=1C07B3CF511F24305EB0AE46D98C75BA\"}}}",
      "expect": {
        "alert": false
      },
      "category": "noise",
      "attack": null,
      "evasion": false,
      "expected_rule_id": 100251,
      "expected_level": 0,
      "mitre_id": null
    },
    {
      "name": "noise 702 | certutil legit | certutil dump root.cer",
      "event": "{\"win\":{\"system\":{\"providerName\":\"Microsoft-Windows-Sysmon\",\"providerGuid\":\"{5770385f-c22a-43e0-bf4c-06f5698ffbd9}\",\"eventID\":\"1\",\"version\":\"5\",\"level\":\"4\",\"task\":\"1\",\"opcode\":\"0\",\"keywords\":\"0x8000000000000000\",\"systemTime\":\"2026-08-19T15:35:43.927298953Z\",\"eventRecordID\":\"549801\",\"channel\":\"Microsoft-Windows-Sysmon/Operational\",\"computer\":\"kingslanding.sevenkingdoms.local\",\"severityValue\":\"INFORMATION\"},\"eventdata\":{\"utcTime\":\"2026-08-19 15:35:43.927\",\"processGuid\":\"{c9d5e3b3-3a80-41ea-3e53-000000000014}\",\"processId\":\"671\",\"image\":\"C:\\\\Windows\\\\System32\\\\certutil.exe\",\"commandLine\":\"certutil.exe -dump \\\"C:\\\\Windows\\\\Temp\\\\certs\\\\root.cer\\\"\",\"currentDirectory\":\"C:\\\\Windows\\\\system32\\\\\",\"user\":\"SEVENKINGDOMS\\\\Administrator\",\"parentProcessGuid\":\"{41c406e3-aa37-7f60-b649-000000000015}\",\"parentProcessId\":\"6145\",\"parentImage\":\"C:\\\\Windows\\\\System32\\\\cmd.exe\",\"parentCommandLine\":\"cmd.exe /c certutil.exe -dump \\\"C:\\\\Windows\\\\Temp\\\\certs\\\\root.cer\\\"\",\"hashes\":\"MD5=79E05CF44B265169CD9A673B0D2C2FFB,SHA256=58858CD6163A83B3ABFA396041EE8C319BC3FC8AC6B02E2B5297FCEA33495D9B,IMPHASH=1C07B3CF511F24305EB0AE46D98C75BA\"}}}",
      "expect": {
        "alert": false
      },
      "category": "noise",
      "attack": null,
      "evasion": false,
      "expected_rule_id": 100251,
      "expected_level": 0,
      "mitre_id": null
    },
    {
      "name": "noise 703 | certutil legit | certutil pulse verbose",
      "event": "{\"win\":{\"system\":{\"providerName\":\"Microsoft-Windows-Sysmon\",\"providerGuid\":\"{5770385f-c22a-43e0-bf4c-06f5698ffbd9}\",\"eventID\":\"1\",\"version\":\"5\",\"level\":\"4\",\"task\":\"1\",\"opcode\":\"0\",\"keywords\":\"0x8000000000000000\",\"systemTime\":\"2026-08-19T15:37:15.960394257Z\",\"eventRecordID\":\"549802\",\"channel\":\"Microsoft-Windows-Sysmon/Operational\",\"computer\":\"kingslanding.sevenkingdoms.local\",\"severityValue\":\"INFORMATION\"},\"eventdata\":{\"utcTime\":\"2026-08-19 15:37:15.960\",\"processGuid\":\"{79d59aa8-15bd-1854-5600-000000000016}\",\"processId\":\"671\",\"image\":\"C:\\\\Windows\\\\System32\\\\certutil.exe\",\"commandLine\":\"certutil.exe -pulse -v\",\"currentDirectory\":\"C:\\\\Windows\\\\system32\\\\\",\"user\":\"NT AUTHORITY\\\\SYSTEM\",\"parentProcessGuid\":\"{8027c8a6-0a5e-92e0-9d1d-000000000011}\",\"parentProcessId\":\"2486\",\"parentImage\":\"C:\\\\Windows\\\\System32\\\\taskeng.exe\",\"parentCommandLine\":\"C:\\\\Windows\\\\System32\\\\taskeng.exe\",\"hashes\":\"MD5=79E05CF44B265169CD9A673B0D2C2FFB,SHA256=58858CD6163A83B3ABFA396041EE8C319BC3FC8AC6B02E2B5297FCEA33495D9B,IMPHASH=1C07B3CF511F24305EB0AE46D98C75BA\"}}}",
      "expect": {
        "alert": false
      },
      "category": "noise",
      "attack": null,
      "evasion": false,
      "expected_rule_id": 100251,
      "expected_level": 0,
      "mitre_id": null
    },
    {
      "name": "noise 704 | certutil legit | certutil pulse",
      "event": "{\"win\":{\"system\":{\"providerName\":\"Microsoft-Windows-Sysmon\",\"providerGuid\":\"{5770385f-c22a-43e0-bf4c-06f5698ffbd9}\",\"eventID\":\"1\",\"version\":\"5\",\"level\":\"4\",\"task\":\"1\",\"opcode\":\"0\",\"keywords\":\"0x8000000000000000\",\"systemTime\":\"2026-08-19T15:38:18.864779809Z\",\"eventRecordID\":\"549803\",\"channel\":\"Microsoft-Windows-Sysmon/Operational\",\"computer\":\"kingslanding.sevenkingdoms.local\",\"severityValue\":\"INFORMATION\"},\"eventdata\":{\"utcTime\":\"2026-08-19 15:38:18.864\",\"processGuid\":\"{e2717f60-63c5-edd7-97ea-000000000012}\",\"processId\":\"671\",\"image\":\"C:\\\\Windows\\\\System32\\\\certutil.exe\",\"commandLine\":\"certutil.exe -pulse\",\"currentDirectory\":\"C:\\\\Windows\\\\system32\\\\\",\"user\":\"NT AUTHORITY\\\\SYSTEM\",\"parentProcessGuid\":\"{8d556a29-260f-b220-458c-000000000013}\",\"parentProcessId\":\"3548\",\"parentImage\":\"C:\\\\Windows\\\\System32\\\\svchost.exe\",\"parentCommandLine\":\"C:\\\\Windows\\\\System32\\\\svchost.exe -k netsvcs -p -s CertPropSvc\",\"hashes\":\"MD5=79E05CF44B265169CD9A673B0D2C2FFB,SHA256=58858CD6163A83B3ABFA396041EE8C319BC3FC8AC6B02E2B5297FCEA33495D9B,IMPHASH=1C07B3CF511F24305EB0AE46D98C75BA\"}}}",
      "expect": {
        "alert": false
      },
      "category": "noise",
      "attack": null,
      "evasion": false,
      "expected_rule_id": 100251,
      "expected_level": 0,
      "mitre_id": null
    },
    {
      "name": "noise 705 | certutil legit | certutil verifyctl ca.cer",
      "event": "{\"win\":{\"system\":{\"providerName\":\"Microsoft-Windows-Sysmon\",\"providerGuid\":\"{5770385f-c22a-43e0-bf4c-06f5698ffbd9}\",\"eventID\":\"1\",\"version\":\"5\",\"level\":\"4\",\"task\":\"1\",\"opcode\":\"0\",\"keywords\":\"0x8000000000000000\",\"systemTime\":\"2026-08-19T15:39:07.390154988Z\",\"eventRecordID\":\"549804\",\"channel\":\"Microsoft-Windows-Sysmon/Operational\",\"computer\":\"kingslanding.sevenkingdoms.local\",\"severityValue\":\"INFORMATION\"},\"eventdata\":{\"utcTime\":\"2026-08-19 15:39:07.390\",\"processGuid\":\"{79d59aa8-15bd-1854-5600-000000000016}\",\"processId\":\"671\",\"image\":\"C:\\\\Windows\\\\System32\\\\certutil.exe\",\"commandLine\":\"certutil.exe -verifyctl -f \\\"C:\\\\Windows\\\\Temp\\\\certs\\\\ca.cer\\\"\",\"currentDirectory\":\"C:\\\\Windows\\\\system32\\\\\",\"user\":\"NT AUTHORITY\\\\SYSTEM\",\"parentProcessGuid\":\"{8027c8a6-0a5e-92e0-9d1d-000000000011}\",\"parentProcessId\":\"2486\",\"parentImage\":\"C:\\\\Windows\\\\System32\\\\taskeng.exe\",\"parentCommandLine\":\"C:\\\\Windows\\\\System32\\\\taskeng.exe\",\"hashes\":\"MD5=79E05CF44B265169CD9A673B0D2C2FFB,SHA256=58858CD6163A83B3ABFA396041EE8C319BC3FC8AC6B02E2B5297FCEA33495D9B,IMPHASH=1C07B3CF511F24305EB0AE46D98C75BA\"}}}",
      "expect": {
        "alert": false
      },
      "category": "noise",
      "attack": null,
      "evasion": false,
      "expected_rule_id": 100251,
      "expected_level": 0,
      "mitre_id": null
    },
    {
      "name": "noise 706 | certutil legit | certutil verifyctl ca.cer",
      "event": "{\"win\":{\"system\":{\"providerName\":\"Microsoft-Windows-Sysmon\",\"providerGuid\":\"{5770385f-c22a-43e0-bf4c-06f5698ffbd9}\",\"eventID\":\"1\",\"version\":\"5\",\"level\":\"4\",\"task\":\"1\",\"opcode\":\"0\",\"keywords\":\"0x8000000000000000\",\"systemTime\":\"2026-08-19T15:40:55.284491164Z\",\"eventRecordID\":\"549805\",\"channel\":\"Microsoft-Windows-Sysmon/Operational\",\"computer\":\"kingslanding.sevenkingdoms.local\",\"severityValue\":\"INFORMATION\"},\"eventdata\":{\"utcTime\":\"2026-08-19 15:40:55.284\",\"processGuid\":\"{e2717f60-63c5-edd7-97ea-000000000012}\",\"processId\":\"671\",\"image\":\"C:\\\\Windows\\\\System32\\\\certutil.exe\",\"commandLine\":\"certutil.exe -verifyctl -f \\\"C:\\\\Windows\\\\Temp\\\\certs\\\\ca.cer\\\"\",\"currentDirectory\":\"C:\\\\Windows\\\\system32\\\\\",\"user\":\"NT AUTHORITY\\\\SYSTEM\",\"parentProcessGuid\":\"{8d556a29-260f-b220-458c-000000000013}\",\"parentProcessId\":\"3548\",\"parentImage\":\"C:\\\\Windows\\\\System32\\\\svchost.exe\",\"parentCommandLine\":\"C:\\\\Windows\\\\System32\\\\svchost.exe -k netsvcs -p -s CertPropSvc\",\"hashes\":\"MD5=79E05CF44B265169CD9A673B0D2C2FFB,SHA256=58858CD6163A83B3ABFA396041EE8C319BC3FC8AC6B02E2B5297FCEA33495D9B,IMPHASH=1C07B3CF511F24305EB0AE46D98C75BA\"}}}",
      "expect": {
        "alert": false
      },
      "category": "noise",
      "attack": null,
      "evasion": false,
      "expected_rule_id": 100251,
      "expected_level": 0,
      "mitre_id": null
    },
    {
      "name": "noise 707 | certutil legit | certutil dump root.cer",
      "event": "{\"win\":{\"system\":{\"providerName\":\"Microsoft-Windows-Sysmon\",\"providerGuid\":\"{5770385f-c22a-43e0-bf4c-06f5698ffbd9}\",\"eventID\":\"1\",\"version\":\"5\",\"level\":\"4\",\"task\":\"1\",\"opcode\":\"0\",\"keywords\":\"0x8000000000000000\",\"systemTime\":\"2026-08-19T15:42:41.665541311Z\",\"eventRecordID\":\"549806\",\"channel\":\"Microsoft-Windows-Sysmon/Operational\",\"computer\":\"kingslanding.sevenkingdoms.local\",\"severityValue\":\"INFORMATION\"},\"eventdata\":{\"utcTime\":\"2026-08-19 15:42:41.665\",\"processGuid\":\"{e2717f60-63c5-edd7-97ea-000000000012}\",\"processId\":\"671\",\"image\":\"C:\\\\Windows\\\\System32\\\\certutil.exe\",\"commandLine\":\"certutil.exe -dump \\\"C:\\\\Windows\\\\Temp\\\\certs\\\\root.cer\\\"\",\"currentDirectory\":\"C:\\\\Windows\\\\system32\\\\\",\"user\":\"NT AUTHORITY\\\\SYSTEM\",\"parentProcessGuid\":\"{8d556a29-260f-b220-458c-000000000013}\",\"parentProcessId\":\"3548\",\"parentImage\":\"C:\\\\Windows\\\\System32\\\\svchost.exe\",\"parentCommandLine\":\"C:\\\\Windows\\\\System32\\\\svchost.exe -k netsvcs -p -s CertPropSvc\",\"hashes\":\"MD5=79E05CF44B265169CD9A673B0D2C2FFB,SHA256=58858CD6163A83B3ABFA396041EE8C319BC3FC8AC6B02E2B5297FCEA33495D9B,IMPHASH=1C07B3CF511F24305EB0AE46D98C75BA\"}}}",
      "expect": {
        "alert": false
      },
      "category": "noise",
      "attack": null,
      "evasion": false,
      "expected_rule_id": 100251,
      "expected_level": 0,
      "mitre_id": null
    },
    {
      "name": "noise 708 | certutil legit | certutil verifyctl machinekeys",
      "event": "{\"win\":{\"system\":{\"providerName\":\"Microsoft-Windows-Sysmon\",\"providerGuid\":\"{5770385f-c22a-43e0-bf4c-06f5698ffbd9}\",\"eventID\":\"1\",\"version\":\"5\",\"level\":\"4\",\"task\":\"1\",\"opcode\":\"0\",\"keywords\":\"0x8000000000000000\",\"systemTime\":\"2026-08-19T15:44:04.072994129Z\",\"eventRecordID\":\"549807\",\"channel\":\"Microsoft-Windows-Sysmon/Operational\",\"computer\":\"kingslanding.sevenkingdoms.local\",\"severityValue\":\"INFORMATION\"},\"eventdata\":{\"utcTime\":\"2026-08-19 15:44:04.072\",\"processGuid\":\"{e2717f60-63c5-edd7-97ea-000000000012}\",\"processId\":\"671\",\"image\":\"C:\\\\Windows\\\\System32\\\\certutil.exe\",\"commandLine\":\"certutil.exe -verifyctl \\\"C:\\\\ProgramData\\\\Microsoft\\\\Crypto\\\\RSA\\\\MachineKeys\\\\cert.cer\\\"\",\"currentDirectory\":\"C:\\\\Windows\\\\system32\\\\\",\"user\":\"NT AUTHORITY\\\\SYSTEM\",\"parentProcessGuid\":\"{8d556a29-260f-b220-458c-000000000013}\",\"parentProcessId\":\"3548\",\"parentImage\":\"C:\\\\Windows\\\\System32\\\\svchost.exe\",\"parentCommandLine\":\"C:\\\\Windows\\\\System32\\\\svchost.exe -k netsvcs -p -s CertPropSvc\",\"hashes\":\"MD5=79E05CF44B265169CD9A673B0D2C2FFB,SHA256=58858CD6163A83B3ABFA396041EE8C319BC3FC8AC6B02E2B5297FCEA33495D9B,IMPHASH=1C07B3CF511F24305EB0AE46D98C75BA\"}}}",
      "expect": {
        "alert": false
      },
      "category": "noise",
      "attack": null,
      "evasion": false,
      "expected_rule_id": 100251,
      "expected_level": 0,
      "mitre_id": null
    },
    {
      "name": "noise 709 | certutil legit | certutil verifyctl root.cer",
      "event": "{\"win\":{\"system\":{\"providerName\":\"Microsoft-Windows-Sysmon\",\"providerGuid\":\"{5770385f-c22a-43e0-bf4c-06f5698ffbd9}\",\"eventID\":\"1\",\"version\":\"5\",\"level\":\"4\",\"task\":\"1\",\"opcode\":\"0\",\"keywords\":\"0x8000000000000000\",\"systemTime\":\"2026-08-19T15:45:27.073548714Z\",\"eventRecordID\":\"549808\",\"channel\":\"Microsoft-Windows-Sysmon/Operational\",\"computer\":\"kingslanding.sevenkingdoms.local\",\"severityValue\":\"INFORMATION\"},\"eventdata\":{\"utcTime\":\"2026-08-19 15:45:27.073\",\"processGuid\":\"{e2717f60-63c5-edd7-97ea-000000000012}\",\"processId\":\"671\",\"image\":\"C:\\\\Windows\\\\System32\\\\certutil.exe\",\"commandLine\":\"certutil.exe -verifyctl \\\"C:\\\\Windows\\\\Temp\\\\certs\\\\root.cer\\\"\",\"currentDirectory\":\"C:\\\\Windows\\\\system32\\\\\",\"user\":\"NT AUTHORITY\\\\SYSTEM\",\"parentProcessGuid\":\"{8d556a29-260f-b220-458c-000000000013}\",\"parentProcessId\":\"3548\",\"parentImage\":\"C:\\\\Windows\\\\System32\\\\svchost.exe\",\"parentCommandLine\":\"C:\\\\Windows\\\\System32\\\\svchost.exe -k netsvcs -p -s CertPropSvc\",\"hashes\":\"MD5=79E05CF44B265169CD9A673B0D2C2FFB,SHA256=58858CD6163A83B3ABFA396041EE8C319BC3FC8AC6B02E2B5297FCEA33495D9B,IMPHASH=1C07B3CF511F24305EB0AE46D98C75BA\"}}}",
      "expect": {
        "alert": false
      },
      "category": "noise",
      "attack": null,
      "evasion": false,
      "expected_rule_id": 100251,
      "expected_level": 0,
      "mitre_id": null
    },
    {
      "name": "noise 710 | certutil legit | certutil pulse verbose",
      "event": "{\"win\":{\"system\":{\"providerName\":\"Microsoft-Windows-Sysmon\",\"providerGuid\":\"{5770385f-c22a-43e0-bf4c-06f5698ffbd9}\",\"eventID\":\"1\",\"version\":\"5\",\"level\":\"4\",\"task\":\"1\",\"opcode\":\"0\",\"keywords\":\"0x8000000000000000\",\"systemTime\":\"2026-08-19T15:45:45.384778735Z\",\"eventRecordID\":\"549809\",\"channel\":\"Microsoft-Windows-Sysmon/Operational\",\"computer\":\"kingslanding.sevenkingdoms.local\",\"severityValue\":\"INFORMATION\"},\"eventdata\":{\"utcTime\":\"2026-08-19 15:45:45.384\",\"processGuid\":\"{e2717f60-63c5-edd7-97ea-000000000012}\",\"processId\":\"671\",\"image\":\"C:\\\\Windows\\\\System32\\\\certutil.exe\",\"commandLine\":\"certutil.exe -pulse -v\",\"currentDirectory\":\"C:\\\\Windows\\\\system32\\\\\",\"user\":\"NT AUTHORITY\\\\SYSTEM\",\"parentProcessGuid\":\"{8d556a29-260f-b220-458c-000000000013}\",\"parentProcessId\":\"3548\",\"parentImage\":\"C:\\\\Windows\\\\System32\\\\svchost.exe\",\"parentCommandLine\":\"C:\\\\Windows\\\\System32\\\\svchost.exe -k netsvcs -p -s CertPropSvc\",\"hashes\":\"MD5=79E05CF44B265169CD9A673B0D2C2FFB,SHA256=58858CD6163A83B3ABFA396041EE8C319BC3FC8AC6B02E2B5297FCEA33495D9B,IMPHASH=1C07B3CF511F24305EB0AE46D98C75BA\"}}}",
      "expect": {
        "alert": false
      },
      "category": "noise",
      "attack": null,
      "evasion": false,
      "expected_rule_id": 100251,
      "expected_level": 0,
      "mitre_id": null
    },
    {
      "name": "noise 711 | certutil legit | certutil pulse",
      "event": "{\"win\":{\"system\":{\"providerName\":\"Microsoft-Windows-Sysmon\",\"providerGuid\":\"{5770385f-c22a-43e0-bf4c-06f5698ffbd9}\",\"eventID\":\"1\",\"version\":\"5\",\"level\":\"4\",\"task\":\"1\",\"opcode\":\"0\",\"keywords\":\"0x8000000000000000\",\"systemTime\":\"2026-08-19T15:48:11.262835462Z\",\"eventRecordID\":\"549810\",\"channel\":\"Microsoft-Windows-Sysmon/Operational\",\"computer\":\"kingslanding.sevenkingdoms.local\",\"severityValue\":\"INFORMATION\"},\"eventdata\":{\"utcTime\":\"2026-08-19 15:48:11.262\",\"processGuid\":\"{e2717f60-63c5-edd7-97ea-000000000012}\",\"processId\":\"671\",\"image\":\"C:\\\\Windows\\\\System32\\\\certutil.exe\",\"commandLine\":\"certutil.exe -pulse\",\"currentDirectory\":\"C:\\\\Windows\\\\system32\\\\\",\"user\":\"NT AUTHORITY\\\\SYSTEM\",\"parentProcessGuid\":\"{8d556a29-260f-b220-458c-000000000013}\",\"parentProcessId\":\"3548\",\"parentImage\":\"C:\\\\Windows\\\\System32\\\\svchost.exe\",\"parentCommandLine\":\"C:\\\\Windows\\\\System32\\\\svchost.exe -k netsvcs -p -s CertPropSvc\",\"hashes\":\"MD5=79E05CF44B265169CD9A673B0D2C2FFB,SHA256=58858CD6163A83B3ABFA396041EE8C319BC3FC8AC6B02E2B5297FCEA33495D9B,IMPHASH=1C07B3CF511F24305EB0AE46D98C75BA\"}}}",
      "expect": {
        "alert": false
      },
      "category": "noise",
      "attack": null,
      "evasion": false,
      "expected_rule_id": 100251,
      "expected_level": 0,
      "mitre_id": null
    },
    {
      "name": "noise 712 | certutil legit | certutil verifyctl ca.cer",
      "event": "{\"win\":{\"system\":{\"providerName\":\"Microsoft-Windows-Sysmon\",\"providerGuid\":\"{5770385f-c22a-43e0-bf4c-06f5698ffbd9}\",\"eventID\":\"1\",\"version\":\"5\",\"level\":\"4\",\"task\":\"1\",\"opcode\":\"0\",\"keywords\":\"0x8000000000000000\",\"systemTime\":\"2026-08-19T15:49:34.439305102Z\",\"eventRecordID\":\"549811\",\"channel\":\"Microsoft-Windows-Sysmon/Operational\",\"computer\":\"kingslanding.sevenkingdoms.local\",\"severityValue\":\"INFORMATION\"},\"eventdata\":{\"utcTime\":\"2026-08-19 15:49:34.439\",\"processGuid\":\"{e2717f60-63c5-edd7-97ea-000000000012}\",\"processId\":\"671\",\"image\":\"C:\\\\Windows\\\\System32\\\\certutil.exe\",\"commandLine\":\"certutil.exe -verifyctl -f \\\"C:\\\\Windows\\\\Temp\\\\certs\\\\ca.cer\\\"\",\"currentDirectory\":\"C:\\\\Windows\\\\system32\\\\\",\"user\":\"NT AUTHORITY\\\\SYSTEM\",\"parentProcessGuid\":\"{8d556a29-260f-b220-458c-000000000013}\",\"parentProcessId\":\"3548\",\"parentImage\":\"C:\\\\Windows\\\\System32\\\\svchost.exe\",\"parentCommandLine\":\"C:\\\\Windows\\\\System32\\\\svchost.exe -k netsvcs -p -s CertPropSvc\",\"hashes\":\"MD5=79E05CF44B265169CD9A673B0D2C2FFB,SHA256=58858CD6163A83B3ABFA396041EE8C319BC3FC8AC6B02E2B5297FCEA33495D9B,IMPHASH=1C07B3CF511F24305EB0AE46D98C75BA\"}}}",
      "expect": {
        "alert": false
      },
      "category": "noise",
      "attack": null,
      "evasion": false,
      "expected_rule_id": 100251,
      "expected_level": 0,
      "mitre_id": null
    },
