    {
      "name": "noise 713 | certutil legit | certutil pulse verbose",
      "event": "{\"win\":{\"system\":{\"providerName\":\"Microsoft-Windows-Sysmon\",\"providerGuid\":\"{5770385f-c22a-43e0-bf4c-06f5698ffbd9}\",\"eventID\":\"1\",\"version\":\"5\",\"level\":\"4\",\"task\":\"1\",\"opcode\":\"0\",\"keywords\":\"0x8000000000000000\",\"systemTime\":\"2026-08-19T15:50:04.530292628Z\",\"eventRecordID\":\"549812\",\"channel\":\"Microsoft-Windows-Sysmon/Operational\",\"computer\":\"kingslanding.sevenkingdoms.local\",\"severityValue\":\"INFORMATION\"},\"eventdata\":{\"utcTime\":\"2026-08-19 15:50:04.530\",\"processGuid\":\"{79d59aa8-15bd-1854-5600-000000000016}\",\"processId\":\"671\",\"image\":\"C:\\\\Windows\\\\System32\\\\certutil.exe\",\"commandLine\":\"certutil.exe -pulse -v\",\"currentDirectory\":\"C:\\\\Windows\\\\system32\\\\\",\"user\":\"NT AUTHORITY\\\\SYSTEM\",\"parentProcessGuid\":\"{8027c8a6-0a5e-92e0-9d1d-000000000011}\",\"parentProcessId\":\"2486\",\"parentImage\":\"C:\\\\Windows\\\\System32\\\\taskeng.exe\",\"parentCommandLine\":\"C:\\\\Windows\\\\System32\\\\taskeng.exe\",\"hashes\":\"MD5=79E05CF44B265169CD9A673B0D2C2FFB,SHA256=58858CD6163A83B3ABFA396041EE8C319BC3FC8AC6B02E2B5297FCEA33495D9B,IMPHASH=1C07B3CF511F24305EB0AE46D98C75BA\"}}}",
      "expect": {
        "alert": false
      },
      "category": "noise",
      "attack": null,
      "evasion": false,
      "expected_rule_id": 100251,
      "expected_level": 0,
      "mitre_id": null
    },
    {
      "name": "noise 714 | certutil legit | certutil verifyctl root.cer",
      "event": "{\"win\":{\"system\":{\"providerName\":\"Microsoft-Windows-Sysmon\",\"providerGuid\":\"{5770385f-c22a-43e0-bf4c-06f5698ffbd9}\",\"eventID\":\"1\",\"version\":\"5\",\"level\":\"4\",\"task\":\"1\",\"opcode\":\"0\",\"keywords\":\"0x8000000000000000\",\"systemTime\":\"2026-08-19T15:51:08.104735640Z\",\"eventRecordID\":\"549813\",\"channel\":\"Microsoft-Windows-Sysmon/Operational\",\"computer\":\"kingslanding.sevenkingdoms.local\",\"severityValue\":\"INFORMATION\"},\"eventdata\":{\"utcTime\":\"2026-08-19 15:51:08.104\",\"processGuid\":\"{c9d5e3b3-3a80-41ea-3e53-000000000014}\",\"processId\":\"671\",\"image\":\"C:\\\\Windows\\\\System32\\\\certutil.exe\",\"commandLine\":\"certutil.exe -verifyctl \\\"C:\\\\Windows\\\\Temp\\\\certs\\\\root.cer\\\"\",\"currentDirectory\":\"C:\\\\Windows\\\\system32\\\\\",\"user\":\"SEVENKINGDOMS\\\\Administrator\",\"parentProcessGuid\":\"{41c406e3-aa37-7f60-b649-000000000015}\",\"parentProcessId\":\"6145\",\"parentImage\":\"C:\\\\Windows\\\\System32\\\\cmd.exe\",\"parentCommandLine\":\"cmd.exe /c certutil.exe -verifyctl \\\"C:\\\\Windows\\\\Temp\\\\certs\\\\root.cer\\\"\",\"hashes\":\"MD5=79E05CF44B265169CD9A673B0D2C2FFB,SHA256=58858CD6163A83B3ABFA396041EE8C319BC3FC8AC6B02E2B5297FCEA33495D9B,IMPHASH=1C07B3CF511F24305EB0AE46D98C75BA\"}}}",
      "expect": {
        "alert": false
      },
      "category": "noise",
      "attack": null,
      "evasion": false,
      "expected_rule_id": 100251,
      "expected_level": 0,
      "mitre_id": null
    },
    {
      "name": "noise 715 | certutil legit | certutil verifyctl ca.cer",
      "event": "{\"win\":{\"system\":{\"providerName\":\"Microsoft-Windows-Sysmon\",\"providerGuid\":\"{5770385f-c22a-43e0-bf4c-06f5698ffbd9}\",\"eventID\":\"1\",\"version\":\"5\",\"level\":\"4\",\"task\":\"1\",\"opcode\":\"0\",\"keywords\":\"0x8000000000000000\",\"systemTime\":\"2026-08-19T15:52:28.909743078Z\",\"eventRecordID\":\"549814\",\"channel\":\"Microsoft-Windows-Sysmon/Operational\",\"computer\":\"kingslanding.sevenkingdoms.local\",\"severityValue\":\"INFORMATION\"},\"eventdata\":{\"utcTime\":\"2026-08-19 15:52:28.909\",\"processGuid\":\"{e2717f60-63c5-edd7-97ea-000000000012}\",\"processId\":\"671\",\"image\":\"C:\\\\Windows\\\\System32\\\\certutil.exe\",\"commandLine\":\"certutil.exe -verifyctl -f \\\"C:\\\\Windows\\\\Temp\\\\certs\\\\ca.cer\\\"\",\"currentDirectory\":\"C:\\\\Windows\\\\system32\\\\\",\"user\":\"NT AUTHORITY\\\\SYSTEM\",\"parentProcessGuid\":\"{8d556a29-260f-b220-458c-000000000013}\",\"parentProcessId\":\"3548\",\"parentImage\":\"C:\\\\Windows\\\\System32\\\\svchost.exe\",\"parentCommandLine\":\"C:\\\\Windows\\\\System32\\\\svchost.exe -k netsvcs -p -s CertPropSvc\",\"hashes\":\"MD5=79E05CF44B265169CD9A673B0D2C2FFB,SHA256=58858CD6163A83B3ABFA396041EE8C319BC3FC8AC6B02E2B5297FCEA33495D9B,IMPHASH=1C07B3CF511F24305EB0AE46D98C75BA\"}}}",
      "expect": {
        "alert": false
      },
      "category": "noise",
      "attack": null,
      "evasion": false,
      "expected_rule_id": 100251,
      "expected_level": 0,
      "mitre_id": null
    },
    {
      "name": "noise 716 | certutil legit | certutil store My",
      "event": "{\"win\":{\"system\":{\"providerName\":\"Microsoft-Windows-Sysmon\",\"providerGuid\":\"{5770385f-c22a-43e0-bf4c-06f5698ffbd9}\",\"eventID\":\"1\",\"version\":\"5\",\"level\":\"4\",\"task\":\"1\",\"opcode\":\"0\",\"keywords\":\"0x8000000000000000\",\"systemTime\":\"2026-08-19T15:54:35.703099185Z\",\"eventRecordID\":\"549815\",\"channel\":\"Microsoft-Windows-Sysmon/Operational\",\"computer\":\"kingslanding.sevenkingdoms.local\",\"severityValue\":\"INFORMATION\"},\"eventdata\":{\"utcTime\":\"2026-08-19 15:54:35.703\",\"processGuid\":\"{c9d5e3b3-3a80-41ea-3e53-000000000014}\",\"processId\":\"671\",\"image\":\"C:\\\\Windows\\\\System32\\\\certutil.exe\",\"commandLine\":\"certutil.exe -store My\",\"currentDirectory\":\"C:\\\\Windows\\\\system32\\\\\",\"user\":\"SEVENKINGDOMS\\\\Administrator\",\"parentProcessGuid\":\"{41c406e3-aa37-7f60-b649-000000000015}\",\"parentProcessId\":\"6145\",\"parentImage\":\"C:\\\\Windows\\\\System32\\\\cmd.exe\",\"parentCommandLine\":\"cmd.exe /c certutil.exe -store My\",\"hashes\":\"MD5=79E05CF44B265169CD9A673B0D2C2FFB,SHA256=58858CD6163A83B3ABFA396041EE8C319BC3FC8AC6B02E2B5297FCEA33495D9B,IMPHASH=1C07B3CF511F24305EB0AE46D98C75BA\"}}}",
      "expect": {
        "alert": false
      },
      "category": "noise",
      "attack": null,
      "evasion": false,
      "expected_rule_id": 100251,
      "expected_level": 0,
      "mitre_id": null
    },
    {
      "name": "noise 717 | certutil legit | certutil verifyctl ca-bundle.cer",
      "event": "{\"win\":{\"system\":{\"providerName\":\"Microsoft-Windows-Sysmon\",\"providerGuid\":\"{5770385f-c22a-43e0-bf4c-06f5698ffbd9}\",\"eventID\":\"1\",\"version\":\"5\",\"level\":\"4\",\"task\":\"1\",\"opcode\":\"0\",\"keywords\":\"0x8000000000000000\",\"systemTime\":\"2026-08-19T15:56:03.608696802Z\",\"eventRecordID\":\"549816\",\"channel\":\"Microsoft-Windows-Sysmon/Operational\",\"computer\":\"kingslanding.sevenkingdoms.local\",\"severityValue\":\"INFORMATION\"},\"eventdata\":{\"utcTime\":\"2026-08-19 15:56:03.608\",\"processGuid\":\"{e2717f60-63c5-edd7-97ea-000000000012}\",\"processId\":\"671\",\"image\":\"C:\\\\Windows\\\\System32\\\\certutil.exe\",\"commandLine\":\"certutil.exe -verifyctl \\\"C:\\\\Users\\\\Public\\\\Documents\\\\ca-bundle.cer\\\"\",\"currentDirectory\":\"C:\\\\Windows\\\\system32\\\\\",\"user\":\"NT AUTHORITY\\\\SYSTEM\",\"parentProcessGuid\":\"{8d556a29-260f-b220-458c-000000000013}\",\"parentProcessId\":\"3548\",\"parentImage\":\"C:\\\\Windows\\\\System32\\\\svchost.exe\",\"parentCommandLine\":\"C:\\\\Windows\\\\System32\\\\svchost.exe -k netsvcs -p -s CertPropSvc\",\"hashes\":\"MD5=79E05CF44B265169CD9A673B0D2C2FFB,SHA256=58858CD6163A83B3ABFA396041EE8C319BC3FC8AC6B02E2B5297FCEA33495D9B,IMPHASH=1C07B3CF511F24305EB0AE46D98C75BA\"}}}",
      "expect": {
        "alert": false
      },
      "category": "noise",
      "attack": null,
      "evasion": false,
      "expected_rule_id": 100251,
      "expected_level": 0,
      "mitre_id": null
    },
    {
      "name": "noise 718 | certutil legit | certutil verifyctl root.cer",
      "event": "{\"win\":{\"system\":{\"providerName\":\"Microsoft-Windows-Sysmon\",\"providerGuid\":\"{5770385f-c22a-43e0-bf4c-06f5698ffbd9}\",\"eventID\":\"1\",\"version\":\"5\",\"level\":\"4\",\"task\":\"1\",\"opcode\":\"0\",\"keywords\":\"0x8000000000000000\",\"systemTime\":\"2026-08-19T15:56:47.238199974Z\",\"eventRecordID\":\"549817\",\"channel\":\"Microsoft-Windows-Sysmon/Operational\",\"computer\":\"kingslanding.sevenkingdoms.local\",\"severityValue\":\"INFORMATION\"},\"eventdata\":{\"utcTime\":\"2026-08-19 15:56:47.238\",\"processGuid\":\"{e2717f60-63c5-edd7-97ea-000000000012}\",\"processId\":\"671\",\"image\":\"C:\\\\Windows\\\\System32\\\\certutil.exe\",\"commandLine\":\"certutil.exe -verifyctl \\\"C:\\\\Windows\\\\Temp\\\\certs\\\\root.cer\\\"\",\"currentDirectory\":\"C:\\\\Windows\\\\system32\\\\\",\"user\":\"NT AUTHORITY\\\\SYSTEM\",\"parentProcessGuid\":\"{8d556a29-260f-b220-458c-000000000013}\",\"parentProcessId\":\"3548\",\"parentImage\":\"C:\\\\Windows\\\\System32\\\\svchost.exe\",\"parentCommandLine\":\"C:\\\\Windows\\\\System32\\\\svchost.exe -k netsvcs -p -s CertPropSvc\",\"hashes\":\"MD5=79E05CF44B265169CD9A673B0D2C2FFB,SHA256=58858CD6163A83B3ABFA396041EE8C319BC3FC8AC6B02E2B5297FCEA33495D9B,IMPHASH=1C07B3CF511F24305EB0AE46D98C75BA\"}}}",
      "expect": {
        "alert": false
      },
      "category": "noise",
      "attack": null,
      "evasion": false,
      "expected_rule_id": 100251,
      "expected_level": 0,
      "mitre_id": null
    },
    {
      "name": "noise 719 | certutil legit | certutil store My",
      "event": "{\"win\":{\"system\":{\"providerName\":\"Microsoft-Windows-Sysmon\",\"providerGuid\":\"{5770385f-c22a-43e0-bf4c-06f5698ffbd9}\",\"eventID\":\"1\",\"version\":\"5\",\"level\":\"4\",\"task\":\"1\",\"opcode\":\"0\",\"keywords\":\"0x8000000000000000\",\"systemTime\":\"2026-08-19T15:58:55.250107760Z\",\"eventRecordID\":\"549818\",\"channel\":\"Microsoft-Windows-Sysmon/Operational\",\"computer\":\"kingslanding.sevenkingdoms.local\",\"severityValue\":\"INFORMATION\"},\"eventdata\":{\"utcTime\":\"2026-08-19 15:58:55.250\",\"processGuid\":\"{e2717f60-63c5-edd7-97ea-000000000012}\",\"processId\":\"671\",\"image\":\"C:\\\\Windows\\\\System32\\\\certutil.exe\",\"commandLine\":\"certutil.exe -store My\",\"currentDirectory\":\"C:\\\\Windows\\\\system32\\\\\",\"user\":\"NT AUTHORITY\\\\SYSTEM\",\"parentProcessGuid\":\"{8d556a29-260f-b220-458c-000000000013}\",\"parentProcessId\":\"3548\",\"parentImage\":\"C:\\\\Windows\\\\System32\\\\svchost.exe\",\"parentCommandLine\":\"C:\\\\Windows\\\\System32\\\\svchost.exe -k netsvcs -p -s CertPropSvc\",\"hashes\":\"MD5=79E05CF44B265169CD9A673B0D2C2FFB,SHA256=58858CD6163A83B3ABFA396041EE8C319BC3FC8AC6B02E2B5297FCEA33495D9B,IMPHASH=1C07B3CF511F24305EB0AE46D98C75BA\"}}}",
      "expect": {
        "alert": false
      },
      "category": "noise",
      "attack": null,
      "evasion": false,
      "expected_rule_id": 100251,
      "expected_level": 0,
      "mitre_id": null
    },
    {
      "name": "noise 720 | certutil legit | certutil verifyctl root.cer",
      "event": "{\"win\":{\"system\":{\"providerName\":\"Microsoft-Windows-Sysmon\",\"providerGuid\":\"{5770385f-c22a-43e0-bf4c-06f5698ffbd9}\",\"eventID\":\"1\",\"version\":\"5\",\"level\":\"4\",\"task\":\"1\",\"opcode\":\"0\",\"keywords\":\"0x8000000000000000\",\"systemTime\":\"2026-08-19T15:59:04.156674657Z\",\"eventRecordID\":\"549819\",\"channel\":\"Microsoft-Windows-Sysmon/Operational\",\"computer\":\"kingslanding.sevenkingdoms.local\",\"severityValue\":\"INFORMATION\"},\"eventdata\":{\"utcTime\":\"2026-08-19 15:59:04.156\",\"processGuid\":\"{e2717f60-63c5-edd7-97ea-000000000012}\",\"processId\":\"671\",\"image\":\"C:\\\\Windows\\\\System32\\\\certutil.exe\",\"commandLine\":\"certutil.exe -verifyctl \\\"C:\\\\Windows\\\\Temp\\\\certs\\\\root.cer\\\"\",\"currentDirectory\":\"C:\\\\Windows\\\\system32\\\\\",\"user\":\"NT AUTHORITY\\\\SYSTEM\",\"parentProcessGuid\":\"{8d556a29-260f-b220-458c-000000000013}\",\"parentProcessId\":\"3548\",\"parentImage\":\"C:\\\\Windows\\\\System32\\\\svchost.exe\",\"parentCommandLine\":\"C:\\\\Windows\\\\System32\\\\svchost.exe -k netsvcs -p -s CertPropSvc\",\"hashes\":\"MD5=79E05CF44B265169CD9A673B0D2C2FFB,SHA256=58858CD6163A83B3ABFA396041EE8C319BC3FC8AC6B02E2B5297FCEA33495D9B,IMPHASH=1C07B3CF511F24305EB0AE46D98C75BA\"}}}",
      "expect": {
        "alert": false
      },
      "category": "noise",
      "attack": null,
      "evasion": false,
      "expected_rule_id": 100251,
      "expected_level": 0,
      "mitre_id": null
    },
    {
      "name": "noise 721 | certutil legit | certutil store My",
      "event": "{\"win\":{\"system\":{\"providerName\":\"Microsoft-Windows-Sysmon\",\"providerGuid\":\"{5770385f-c22a-43e0-bf4c-06f5698ffbd9}\",\"eventID\":\"1\",\"version\":\"5\",\"level\":\"4\",\"task\":\"1\",\"opcode\":\"0\",\"keywords\":\"0x8000000000000000\",\"systemTime\":\"2026-08-19T16:00:25.616791554Z\",\"eventRecordID\":\"549820\",\"channel\":\"Microsoft-Windows-Sysmon/Operational\",\"computer\":\"kingslanding.sevenkingdoms.local\",\"severityValue\":\"INFORMATION\"},\"eventdata\":{\"utcTime\":\"2026-08-19 16:00:25.616\",\"processGuid\":\"{79d59aa8-15bd-1854-5600-000000000016}\",\"processId\":\"671\",\"image\":\"C:\\\\Windows\\\\System32\\\\certutil.exe\",\"commandLine\":\"certutil.exe -store My\",\"currentDirectory\":\"C:\\\\Windows\\\\system32\\\\\",\"user\":\"NT AUTHORITY\\\\SYSTEM\",\"parentProcessGuid\":\"{8027c8a6-0a5e-92e0-9d1d-000000000011}\",\"parentProcessId\":\"2486\",\"parentImage\":\"C:\\\\Windows\\\\System32\\\\taskeng.exe\",\"parentCommandLine\":\"C:\\\\Windows\\\\System32\\\\taskeng.exe\",\"hashes\":\"MD5=79E05CF44B265169CD9A673B0D2C2FFB,SHA256=58858CD6163A83B3ABFA396041EE8C319BC3FC8AC6B02E2B5297FCEA33495D9B,IMPHASH=1C07B3CF511F24305EB0AE46D98C75BA\"}}}",
      "expect": {
        "alert": false
      },
      "category": "noise",
      "attack": null,
      "evasion": false,
      "expected_rule_id": 100251,
      "expected_level": 0,
      "mitre_id": null
    },
    {
      "name": "noise 722 | certutil legit | certutil verifyctl root.cer",
      "event": "{\"win\":{\"system\":{\"providerName\":\"Microsoft-Windows-Sysmon\",\"providerGuid\":\"{5770385f-c22a-43e0-bf4c-06f5698ffbd9}\",\"eventID\":\"1\",\"version\":\"5\",\"level\":\"4\",\"task\":\"1\",\"opcode\":\"0\",\"keywords\":\"0x8000000000000000\",\"systemTime\":\"2026-08-19T16:02:15.162226312Z\",\"eventRecordID\":\"549821\",\"channel\":\"Microsoft-Windows-Sysmon/Operational\",\"computer\":\"kingslanding.sevenkingdoms.local\",\"severityValue\":\"INFORMATION\"},\"eventdata\":{\"utcTime\":\"2026-08-19 16:02:15.162\",\"processGuid\":\"{e2717f60-63c5-edd7-97ea-000000000012}\",\"processId\":\"671\",\"image\":\"C:\\\\Windows\\\\System32\\\\certutil.exe\",\"commandLine\":\"certutil.exe -verifyctl \\\"C:\\\\Windows\\\\Temp\\\\certs\\\\root.cer\\\"\",\"currentDirectory\":\"C:\\\\Windows\\\\system32\\\\\",\"user\":\"NT AUTHORITY\\\\SYSTEM\",\"parentProcessGuid\":\"{8d556a29-260f-b220-458c-000000000013}\",\"parentProcessId\":\"3548\",\"parentImage\":\"C:\\\\Windows\\\\System32\\\\svchost.exe\",\"parentCommandLine\":\"C:\\\\Windows\\\\System32\\\\svchost.exe -k netsvcs -p -s CertPropSvc\",\"hashes\":\"MD5=79E05CF44B265169CD9A673B0D2C2FFB,SHA256=58858CD6163A83B3ABFA396041EE8C319BC3FC8AC6B02E2B5297FCEA33495D9B,IMPHASH=1C07B3CF511F24305EB0AE46D98C75BA\"}}}",
      "expect": {
        "alert": false
      },
      "category": "noise",
      "attack": null,
      "evasion": false,
      "expected_rule_id": 100251,
      "expected_level": 0,
      "mitre_id": null
    },
    {
      "name": "noise 723 | certutil legit | certutil pulse verbose",
      "event": "{\"win\":{\"system\":{\"providerName\":\"Microsoft-Windows-Sysmon\",\"providerGuid\":\"{5770385f-c22a-43e0-bf4c-06f5698ffbd9}\",\"eventID\":\"1\",\"version\":\"5\",\"level\":\"4\",\"task\":\"1\",\"opcode\":\"0\",\"keywords\":\"0x8000000000000000\",\"systemTime\":\"2026-08-19T16:03:25.598703266Z\",\"eventRecordID\":\"549822\",\"channel\":\"Microsoft-Windows-Sysmon/Operational\",\"computer\":\"kingslanding.sevenkingdoms.local\",\"severityValue\":\"INFORMATION\"},\"eventdata\":{\"utcTime\":\"2026-08-19 16:03:25.598\",\"processGuid\":\"{c9d5e3b3-3a80-41ea-3e53-000000000014}\",\"processId\":\"671\",\"image\":\"C:\\\\Windows\\\\System32\\\\certutil.exe\",\"commandLine\":\"certutil.exe -pulse -v\",\"currentDirectory\":\"C:\\\\Windows\\\\system32\\\\\",\"user\":\"SEVENKINGDOMS\\\\Administrator\",\"parentProcessGuid\":\"{41c406e3-aa37-7f60-b649-000000000015}\",\"parentProcessId\":\"6145\",\"parentImage\":\"C:\\\\Windows\\\\System32\\\\cmd.exe\",\"parentCommandLine\":\"cmd.exe /c certutil.exe -pulse -v\",\"hashes\":\"MD5=79E05CF44B265169CD9A673B0D2C2FFB,SHA256=58858CD6163A83B3ABFA396041EE8C319BC3FC8AC6B02E2B5297FCEA33495D9B,IMPHASH=1C07B3CF511F24305EB0AE46D98C75BA\"}}}",
      "expect": {
        "alert": false
      },
      "category": "noise",
      "attack": null,
      "evasion": false,
      "expected_rule_id": 100251,
      "expected_level": 0,
      "mitre_id": null
    },
    {
      "name": "noise 724 | certutil legit | certutil verifyctl root.cer",
      "event": "{\"win\":{\"system\":{\"providerName\":\"Microsoft-Windows-Sysmon\",\"providerGuid\":\"{5770385f-c22a-43e0-bf4c-06f5698ffbd9}\",\"eventID\":\"1\",\"version\":\"5\",\"level\":\"4\",\"task\":\"1\",\"opcode\":\"0\",\"keywords\":\"0x8000000000000000\",\"systemTime\":\"2026-08-19T16:04:53.206236358Z\",\"eventRecordID\":\"549823\",\"channel\":\"Microsoft-Windows-Sysmon/Operational\",\"computer\":\"kingslanding.sevenkingdoms.local\",\"severityValue\":\"INFORMATION\"},\"eventdata\":{\"utcTime\":\"2026-08-19 16:04:53.206\",\"processGuid\":\"{79d59aa8-15bd-1854-5600-000000000016}\",\"processId\":\"671\",\"image\":\"C:\\\\Windows\\\\System32\\\\certutil.exe\",\"commandLine\":\"certutil.exe -verifyctl \\\"C:\\\\Windows\\\\Temp\\\\certs\\\\root.cer\\\"\",\"currentDirectory\":\"C:\\\\Windows\\\\system32\\\\\",\"user\":\"NT AUTHORITY\\\\SYSTEM\",\"parentProcessGuid\":\"{8027c8a6-0a5e-92e0-9d1d-000000000011}\",\"parentProcessId\":\"2486\",\"parentImage\":\"C:\\\\Windows\\\\System32\\\\taskeng.exe\",\"parentCommandLine\":\"C:\\\\Windows\\\\System32\\\\taskeng.exe\",\"hashes\":\"MD5=79E05CF44B265169CD9A673B0D2C2FFB,SHA256=58858CD6163A83B3ABFA396041EE8C319BC3FC8AC6B02E2B5297FCEA33495D9B,IMPHASH=1C07B3CF511F24305EB0AE46D98C75BA\"}}}",
      "expect": {
        "alert": false
      },
      "category": "noise",
      "attack": null,
      "evasion": false,
      "expected_rule_id": 100251,
      "expected_level": 0,
      "mitre_id": null
    },
    {
      "name": "noise 725 | certutil legit | certutil verifyctl ca-bundle.cer",
      "event": "{\"win\":{\"system\":{\"providerName\":\"Microsoft-Windows-Sysmon\",\"providerGuid\":\"{5770385f-c22a-43e0-bf4c-06f5698ffbd9}\",\"eventID\":\"1\",\"version\":\"5\",\"level\":\"4\",\"task\":\"1\",\"opcode\":\"0\",\"keywords\":\"0x8000000000000000\",\"systemTime\":\"2026-08-19T16:06:43.439918737Z\",\"eventRecordID\":\"549824\",\"channel\":\"Microsoft-Windows-Sysmon/Operational\",\"computer\":\"kingslanding.sevenkingdoms.local\",\"severityValue\":\"INFORMATION\"},\"eventdata\":{\"utcTime\":\"2026-08-19 16:06:43.439\",\"processGuid\":\"{e2717f60-63c5-edd7-97ea-000000000012}\",\"processId\":\"671\",\"image\":\"C:\\\\Windows\\\\System32\\\\certutil.exe\",\"commandLine\":\"certutil.exe -verifyctl \\\"C:\\\\Users\\\\Public\\\\Documents\\\\ca-bundle.cer\\\"\",\"currentDirectory\":\"C:\\\\Windows\\\\system32\\\\\",\"user\":\"NT AUTHORITY\\\\SYSTEM\",\"parentProcessGuid\":\"{8d556a29-260f-b220-458c-000000000013}\",\"parentProcessId\":\"3548\",\"parentImage\":\"C:\\\\Windows\\\\System32\\\\svchost.exe\",\"parentCommandLine\":\"C:\\\\Windows\\\\System32\\\\svchost.exe -k netsvcs -p -s CertPropSvc\",\"hashes\":\"MD5=79E05CF44B265169CD9A673B0D2C2FFB,SHA256=58858CD6163A83B3ABFA396041EE8C319BC3FC8AC6B02E2B5297FCEA33495D9B,IMPHASH=1C07B3CF511F24305EB0AE46D98C75BA\"}}}",
      "expect": {
        "alert": false
      },
      "category": "noise",
      "attack": null,
      "evasion": false,
      "expected_rule_id": 100251,
      "expected_level": 0,
      "mitre_id": null
    },
    {
      "name": "noise 726 | certutil legit | certutil verifyctl ca.cer",
      "event": "{\"win\":{\"system\":{\"providerName\":\"Microsoft-Windows-Sysmon\",\"providerGuid\":\"{5770385f-c22a-43e0-bf4c-06f5698ffbd9}\",\"eventID\":\"1\",\"version\":\"5\",\"level\":\"4\",\"task\":\"1\",\"opcode\":\"0\",\"keywords\":\"0x8000000000000000\",\"systemTime\":\"2026-08-19T16:08:08.551728512Z\",\"eventRecordID\":\"549825\",\"channel\":\"Microsoft-Windows-Sysmon/Operational\",\"computer\":\"kingslanding.sevenkingdoms.local\",\"severityValue\":\"INFORMATION\"},\"eventdata\":{\"utcTime\":\"2026-08-19 16:08:08.551\",\"processGuid\":\"{e2717f60-63c5-edd7-97ea-000000000012}\",\"processId\":\"671\",\"image\":\"C:\\\\Windows\\\\System32\\\\certutil.exe\",\"commandLine\":\"certutil.exe -verifyctl -f \\\"C:\\\\Windows\\\\Temp\\\\certs\\\\ca.cer\\\"\",\"currentDirectory\":\"C:\\\\Windows\\\\system32\\\\\",\"user\":\"NT AUTHORITY\\\\SYSTEM\",\"parentProcessGuid\":\"{8d556a29-260f-b220-458c-000000000013}\",\"parentProcessId\":\"3548\",\"parentImage\":\"C:\\\\Windows\\\\System32\\\\svchost.exe\",\"parentCommandLine\":\"C:\\\\Windows\\\\System32\\\\svchost.exe -k netsvcs -p -s CertPropSvc\",\"hashes\":\"MD5=79E05CF44B265169CD9A673B0D2C2FFB,SHA256=58858CD6163A83B3ABFA396041EE8C319BC3FC8AC6B02E2B5297FCEA33495D9B,IMPHASH=1C07B3CF511F24305EB0AE46D98C75BA\"}}}",
      "expect": {
        "alert": false
      },
      "category": "noise",
      "attack": null,
      "evasion": false,
      "expected_rule_id": 100251,
      "expected_level": 0,
      "mitre_id": null
    },
    {
      "name": "noise 727 | certutil legit | certutil pulse verbose",
      "event": "{\"win\":{\"system\":{\"providerName\":\"Microsoft-Windows-Sysmon\",\"providerGuid\":\"{5770385f-c22a-43e0-bf4c-06f5698ffbd9}\",\"eventID\":\"1\",\"version\":\"5\",\"level\":\"4\",\"task\":\"1\",\"opcode\":\"0\",\"keywords\":\"0x8000000000000000\",\"systemTime\":\"2026-08-19T16:09:28.135986757Z\",\"eventRecordID\":\"549826\",\"channel\":\"Microsoft-Windows-Sysmon/Operational\",\"computer\":\"kingslanding.sevenkingdoms.local\",\"severityValue\":\"INFORMATION\"},\"eventdata\":{\"utcTime\":\"2026-08-19 16:09:28.135\",\"processGuid\":\"{e2717f60-63c5-edd7-97ea-000000000012}\",\"processId\":\"671\",\"image\":\"C:\\\\Windows\\\\System32\\\\certutil.exe\",\"commandLine\":\"certutil.exe -pulse -v\",\"currentDirectory\":\"C:\\\\Windows\\\\system32\\\\\",\"user\":\"NT AUTHORITY\\\\SYSTEM\",\"parentProcessGuid\":\"{8d556a29-260f-b220-458c-000000000013}\",\"parentProcessId\":\"3548\",\"parentImage\":\"C:\\\\Windows\\\\System32\\\\svchost.exe\",\"parentCommandLine\":\"C:\\\\Windows\\\\System32\\\\svchost.exe -k netsvcs -p -s CertPropSvc\",\"hashes\":\"MD5=79E05CF44B265169CD9A673B0D2C2FFB,SHA256=58858CD6163A83B3ABFA396041EE8C319BC3FC8AC6B02E2B5297FCEA33495D9B,IMPHASH=1C07B3CF511F24305EB0AE46D98C75BA\"}}}",
      "expect": {
        "alert": false
      },
      "category": "noise",
      "attack": null,
      "evasion": false,
      "expected_rule_id": 100251,
      "expected_level": 0,
      "mitre_id": null
    },
    {
      "name": "noise 728 | certutil legit | certutil verifyctl ca.cer",
      "event": "{\"win\":{\"system\":{\"providerName\":\"Microsoft-Windows-Sysmon\",\"providerGuid\":\"{5770385f-c22a-43e0-bf4c-06f5698ffbd9}\",\"eventID\":\"1\",\"version\":\"5\",\"level\":\"4\",\"task\":\"1\",\"opcode\":\"0\",\"keywords\":\"0x8000000000000000\",\"systemTime\":\"2026-08-19T16:10:32.262502329Z\",\"eventRecordID\":\"549827\",\"channel\":\"Microsoft-Windows-Sysmon/Operational\",\"computer\":\"kingslanding.sevenkingdoms.local\",\"severityValue\":\"INFORMATION\"},\"eventdata\":{\"utcTime\":\"2026-08-19 16:10:32.262\",\"processGuid\":\"{e2717f60-63c5-edd7-97ea-000000000012}\",\"processId\":\"671\",\"image\":\"C:\\\\Windows\\\\System32\\\\certutil.exe\",\"commandLine\":\"certutil.exe -verifyctl -f \\\"C:\\\\Windows\\\\Temp\\\\certs\\\\ca.cer\\\"\",\"currentDirectory\":\"C:\\\\Windows\\\\system32\\\\\",\"user\":\"NT AUTHORITY\\\\SYSTEM\",\"parentProcessGuid\":\"{8d556a29-260f-b220-458c-000000000013}\",\"parentProcessId\":\"3548\",\"parentImage\":\"C:\\\\Windows\\\\System32\\\\svchost.exe\",\"parentCommandLine\":\"C:\\\\Windows\\\\System32\\\\svchost.exe -k netsvcs -p -s CertPropSvc\",\"hashes\":\"MD5=79E05CF44B265169CD9A673B0D2C2FFB,SHA256=58858CD6163A83B3ABFA396041EE8C319BC3FC8AC6B02E2B5297FCEA33495D9B,IMPHASH=1C07B3CF511F24305EB0AE46D98C75BA\"}}}",
      "expect": {
        "alert": false
      },
      "category": "noise",
      "attack": null,
      "evasion": false,
      "expected_rule_id": 100251,
      "expected_level": 0,
      "mitre_id": null
    },
    {
      "name": "noise 729 | certutil legit | certutil dump root.cer",
      "event": "{\"win\":{\"system\":{\"providerName\":\"Microsoft-Windows-Sysmon\",\"providerGuid\":\"{5770385f-c22a-43e0-bf4c-06f5698ffbd9}\",\"eventID\":\"1\",\"version\":\"5\",\"level\":\"4\",\"task\":\"1\",\"opcode\":\"0\",\"keywords\":\"0x8000000000000000\",\"systemTime\":\"2026-08-19T16:12:05.532658805Z\",\"eventRecordID\":\"549828\",\"channel\":\"Microsoft-Windows-Sysmon/Operational\",\"computer\":\"kingslanding.sevenkingdoms.local\",\"severityValue\":\"INFORMATION\"},\"eventdata\":{\"utcTime\":\"2026-08-19 16:12:05.532\",\"processGuid\":\"{e2717f60-63c5-edd7-97ea-000000000012}\",\"processId\":\"671\",\"image\":\"C:\\\\Windows\\\\System32\\\\certutil.exe\",\"commandLine\":\"certutil.exe -dump \\\"C:\\\\Windows\\\\Temp\\\\certs\\\\root.cer\\\"\",\"currentDirectory\":\"C:\\\\Windows\\\\system32\\\\\",\"user\":\"NT AUTHORITY\\\\SYSTEM\",\"parentProcessGuid\":\"{8d556a29-260f-b220-458c-000000000013}\",\"parentProcessId\":\"3548\",\"parentImage\":\"C:\\\\Windows\\\\System32\\\\svchost.exe\",\"parentCommandLine\":\"C:\\\\Windows\\\\System32\\\\svchost.exe -k netsvcs -p -s CertPropSvc\",\"hashes\":\"MD5=79E05CF44B265169CD9A673B0D2C2FFB,SHA256=58858CD6163A83B3ABFA396041EE8C319BC3FC8AC6B02E2B5297FCEA33495D9B,IMPHASH=1C07B3CF511F24305EB0AE46D98C75BA\"}}}",
      "expect": {
        "alert": false
      },
      "category": "noise",
      "attack": null,
      "evasion": false,
      "expected_rule_id": 100251,
      "expected_level": 0,
      "mitre_id": null
    },
    {
      "name": "noise 730 | certutil legit | certutil verifyctl ca.cer",
      "event": "{\"win\":{\"system\":{\"providerName\":\"Microsoft-Windows-Sysmon\",\"providerGuid\":\"{5770385f-c22a-43e0-bf4c-06f5698ffbd9}\",\"eventID\":\"1\",\"version\":\"5\",\"level\":\"4\",\"task\":\"1\",\"opcode\":\"0\",\"keywords\":\"0x8000000000000000\",\"systemTime\":\"2026-08-19T16:12:25.053361494Z\",\"eventRecordID\":\"549829\",\"channel\":\"Microsoft-Windows-Sysmon/Operational\",\"computer\":\"kingslanding.sevenkingdoms.local\",\"severityValue\":\"INFORMATION\"},\"eventdata\":{\"utcTime\":\"2026-08-19 16:12:25.053\",\"processGuid\":\"{e2717f60-63c5-edd7-97ea-000000000012}\",\"processId\":\"671\",\"image\":\"C:\\\\Windows\\\\System32\\\\certutil.exe\",\"commandLine\":\"certutil.exe -verifyctl -f \\\"C:\\\\Windows\\\\Temp\\\\certs\\\\ca.cer\\\"\",\"currentDirectory\":\"C:\\\\Windows\\\\system32\\\\\",\"user\":\"NT AUTHORITY\\\\SYSTEM\",\"parentProcessGuid\":\"{8d556a29-260f-b220-458c-000000000013}\",\"parentProcessId\":\"3548\",\"parentImage\":\"C:\\\\Windows\\\\System32\\\\svchost.exe\",\"parentCommandLine\":\"C:\\\\Windows\\\\System32\\\\svchost.exe -k netsvcs -p -s CertPropSvc\",\"hashes\":\"MD5=79E05CF44B265169CD9A673B0D2C2FFB,SHA256=58858CD6163A83B3ABFA396041EE8C319BC3FC8AC6B02E2B5297FCEA33495D9B,IMPHASH=1C07B3CF511F24305EB0AE46D98C75BA\"}}}",
      "expect": {
        "alert": false
      },
      "category": "noise",
      "attack": null,
      "evasion": false,
      "expected_rule_id": 100251,
      "expected_level": 0,
      "mitre_id": null
    },
    {
      "name": "noise 731 | certutil legit | certutil verifyctl machinekeys",
      "event": "{\"win\":{\"system\":{\"providerName\":\"Microsoft-Windows-Sysmon\",\"providerGuid\":\"{5770385f-c22a-43e0-bf4c-06f5698ffbd9}\",\"eventID\":\"1\",\"version\":\"5\",\"level\":\"4\",\"task\":\"1\",\"opcode\":\"0\",\"keywords\":\"0x8000000000000000\",\"systemTime\":\"2026-08-19T16:14:50.260375363Z\",\"eventRecordID\":\"549830\",\"channel\":\"Microsoft-Windows-Sysmon/Operational\",\"computer\":\"kingslanding.sevenkingdoms.local\",\"severityValue\":\"INFORMATION\"},\"eventdata\":{\"utcTime\":\"2026-08-19 16:14:50.260\",\"processGuid\":\"{79d59aa8-15bd-1854-5600-000000000016}\",\"processId\":\"671\",\"image\":\"C:\\\\Windows\\\\System32\\\\certutil.exe\",\"commandLine\":\"certutil.exe -verifyctl \\\"C:\\\\ProgramData\\\\Microsoft\\\\Crypto\\\\RSA\\\\MachineKeys\\\\cert.cer\\\"\",\"currentDirectory\":\"C:\\\\Windows\\\\system32\\\\\",\"user\":\"NT AUTHORITY\\\\SYSTEM\",\"parentProcessGuid\":\"{8027c8a6-0a5e-92e0-9d1d-000000000011}\",\"parentProcessId\":\"2486\",\"parentImage\":\"C:\\\\Windows\\\\System32\\\\taskeng.exe\",\"parentCommandLine\":\"C:\\\\Windows\\\\System32\\\\taskeng.exe\",\"hashes\":\"MD5=79E05CF44B265169CD9A673B0D2C2FFB,SHA256=58858CD6163A83B3ABFA396041EE8C319BC3FC8AC6B02E2B5297FCEA33495D9B,IMPHASH=1C07B3CF511F24305EB0AE46D98C75BA\"}}}",
      "expect": {
        "alert": false
      },
      "category": "noise",
      "attack": null,
      "evasion": false,
      "expected_rule_id": 100251,
      "expected_level": 0,
      "mitre_id": null
    },
    {
      "name": "noise 732 | certutil legit | certutil verifyctl machinekeys",
      "event": "{\"win\":{\"system\":{\"providerName\":\"Microsoft-Windows-Sysmon\",\"providerGuid\":\"{5770385f-c22a-43e0-bf4c-06f5698ffbd9}\",\"eventID\":\"1\",\"version\":\"5\",\"level\":\"4\",\"task\":\"1\",\"opcode\":\"0\",\"keywords\":\"0x8000000000000000\",\"systemTime\":\"2026-08-19T16:15:48.989119064Z\",\"eventRecordID\":\"549831\",\"channel\":\"Microsoft-Windows-Sysmon/Operational\",\"computer\":\"kingslanding.sevenkingdoms.local\",\"severityValue\":\"INFORMATION\"},\"eventdata\":{\"utcTime\":\"2026-08-19 16:15:48.989\",\"processGuid\":\"{79d59aa8-15bd-1854-5600-000000000016}\",\"processId\":\"671\",\"image\":\"C:\\\\Windows\\\\System32\\\\certutil.exe\",\"commandLine\":\"certutil.exe -verifyctl \\\"C:\\\\ProgramData\\\\Microsoft\\\\Crypto\\\\RSA\\\\MachineKeys\\\\cert.cer\\\"\",\"currentDirectory\":\"C:\\\\Windows\\\\system32\\\\\",\"user\":\"NT AUTHORITY\\\\SYSTEM\",\"parentProcessGuid\":\"{8027c8a6-0a5e-92e0-9d1d-000000000011}\",\"parentProcessId\":\"2486\",\"parentImage\":\"C:\\\\Windows\\\\System32\\\\taskeng.exe\",\"parentCommandLine\":\"C:\\\\Windows\\\\System32\\\\taskeng.exe\",\"hashes\":\"MD5=79E05CF44B265169CD9A673B0D2C2FFB,SHA256=58858CD6163A83B3ABFA396041EE8C319BC3FC8AC6B02E2B5297FCEA33495D9B,IMPHASH=1C07B3CF511F24305EB0AE46D98C75BA\"}}}",
      "expect": {
        "alert": false
      },
      "category": "noise",
      "attack": null,
      "evasion": false,
      "expected_rule_id": 100251,
      "expected_level": 0,
      "mitre_id": null
    },
    {
      "name": "noise 733 | certutil legit | certutil verifyctl ca-bundle.cer",
      "event": "{\"win\":{\"system\":{\"providerName\":\"Microsoft-Windows-Sysmon\",\"providerGuid\":\"{5770385f-c22a-43e0-bf4c-06f5698ffbd9}\",\"eventID\":\"1\",\"version\":\"5\",\"level\":\"4\",\"task\":\"1\",\"opcode\":\"0\",\"keywords\":\"0x8000000000000000\",\"systemTime\":\"2026-08-19T16:16:37.071140336Z\",\"eventRecordID\":\"549832\",\"channel\":\"Microsoft-Windows-Sysmon/Operational\",\"computer\":\"kingslanding.sevenkingdoms.local\",\"severityValue\":\"INFORMATION\"},\"eventdata\":{\"utcTime\":\"2026-08-19 16:16:37.071\",\"processGuid\":\"{79d59aa8-15bd-1854-5600-000000000016}\",\"processId\":\"671\",\"image\":\"C:\\\\Windows\\\\System32\\\\certutil.exe\",\"commandLine\":\"certutil.exe -verifyctl \\\"C:\\\\Users\\\\Public\\\\Documents\\\\ca-bundle.cer\\\"\",\"currentDirectory\":\"C:\\\\Windows\\\\system32\\\\\",\"user\":\"NT AUTHORITY\\\\SYSTEM\",\"parentProcessGuid\":\"{8027c8a6-0a5e-92e0-9d1d-000000000011}\",\"parentProcessId\":\"2486\",\"parentImage\":\"C:\\\\Windows\\\\System32\\\\taskeng.exe\",\"parentCommandLine\":\"C:\\\\Windows\\\\System32\\\\taskeng.exe\",\"hashes\":\"MD5=79E05CF44B265169CD9A673B0D2C2FFB,SHA256=58858CD6163A83B3ABFA396041EE8C319BC3FC8AC6B02E2B5297FCEA33495D9B,IMPHASH=1C07B3CF511F24305EB0AE46D98C75BA\"}}}",
      "expect": {
        "alert": false
      },
      "category": "noise",
      "attack": null,
      "evasion": false,
      "expected_rule_id": 100251,
      "expected_level": 0,
      "mitre_id": null
    },
    {
      "name": "noise 734 | certutil legit | certutil store My",
      "event": "{\"win\":{\"system\":{\"providerName\":\"Microsoft-Windows-Sysmon\",\"providerGuid\":\"{5770385f-c22a-43e0-bf4c-06f5698ffbd9}\",\"eventID\":\"1\",\"version\":\"5\",\"level\":\"4\",\"task\":\"1\",\"opcode\":\"0\",\"keywords\":\"0x8000000000000000\",\"systemTime\":\"2026-08-19T16:17:54.807927836Z\",\"eventRecordID\":\"549833\",\"channel\":\"Microsoft-Windows-Sysmon/Operational\",\"computer\":\"kingslanding.sevenkingdoms.local\",\"severityValue\":\"INFORMATION\"},\"eventdata\":{\"utcTime\":\"2026-08-19 16:17:54.807\",\"processGuid\":\"{79d59aa8-15bd-1854-5600-000000000016}\",\"processId\":\"671\",\"image\":\"C:\\\\Windows\\\\System32\\\\certutil.exe\",\"commandLine\":\"certutil.exe -store My\",\"currentDirectory\":\"C:\\\\Windows\\\\system32\\\\\",\"user\":\"NT AUTHORITY\\\\SYSTEM\",\"parentProcessGuid\":\"{8027c8a6-0a5e-92e0-9d1d-000000000011}\",\"parentProcessId\":\"2486\",\"parentImage\":\"C:\\\\Windows\\\\System32\\\\taskeng.exe\",\"parentCommandLine\":\"C:\\\\Windows\\\\System32\\\\taskeng.exe\",\"hashes\":\"MD5=79E05CF44B265169CD9A673B0D2C2FFB,SHA256=58858CD6163A83B3ABFA396041EE8C319BC3FC8AC6B02E2B5297FCEA33495D9B,IMPHASH=1C07B3CF511F24305EB0AE46D98C75BA\"}}}",
      "expect": {
        "alert": false
      },
      "category": "noise",
      "attack": null,
      "evasion": false,
      "expected_rule_id": 100251,
      "expected_level": 0,
      "mitre_id": null
    },
    {
      "name": "noise 735 | certutil legit | certutil dump root.cer",
      "event": "{\"win\":{\"system\":{\"providerName\":\"Microsoft-Windows-Sysmon\",\"providerGuid\":\"{5770385f-c22a-43e0-bf4c-06f5698ffbd9}\",\"eventID\":\"1\",\"version\":\"5\",\"level\":\"4\",\"task\":\"1\",\"opcode\":\"0\",\"keywords\":\"0x8000000000000000\",\"systemTime\":\"2026-08-19T16:19:53.603367806Z\",\"eventRecordID\":\"549834\",\"channel\":\"Microsoft-Windows-Sysmon/Operational\",\"computer\":\"kingslanding.sevenkingdoms.local\",\"severityValue\":\"INFORMATION\"},\"eventdata\":{\"utcTime\":\"2026-08-19 16:19:53.603\",\"processGuid\":\"{e2717f60-63c5-edd7-97ea-000000000012}\",\"processId\":\"671\",\"image\":\"C:\\\\Windows\\\\System32\\\\certutil.exe\",\"commandLine\":\"certutil.exe -dump \\\"C:\\\\Windows\\\\Temp\\\\certs\\\\root.cer\\\"\",\"currentDirectory\":\"C:\\\\Windows\\\\system32\\\\\",\"user\":\"NT AUTHORITY\\\\SYSTEM\",\"parentProcessGuid\":\"{8d556a29-260f-b220-458c-000000000013}\",\"parentProcessId\":\"3548\",\"parentImage\":\"C:\\\\Windows\\\\System32\\\\svchost.exe\",\"parentCommandLine\":\"C:\\\\Windows\\\\System32\\\\svchost.exe -k netsvcs -p -s CertPropSvc\",\"hashes\":\"MD5=79E05CF44B265169CD9A673B0D2C2FFB,SHA256=58858CD6163A83B3ABFA396041EE8C319BC3FC8AC6B02E2B5297FCEA33495D9B,IMPHASH=1C07B3CF511F24305EB0AE46D98C75BA\"}}}",
      "expect": {
        "alert": false
      },
      "category": "noise",
      "attack": null,
      "evasion": false,
      "expected_rule_id": 100251,
      "expected_level": 0,
      "mitre_id": null
    },
    {
      "name": "noise 736 | certutil legit | certutil verifyctl ca-bundle.cer",
      "event": "{\"win\":{\"system\":{\"providerName\":\"Microsoft-Windows-Sysmon\",\"providerGuid\":\"{5770385f-c22a-43e0-bf4c-06f5698ffbd9}\",\"eventID\":\"1\",\"version\":\"5\",\"level\":\"4\",\"task\":\"1\",\"opcode\":\"0\",\"keywords\":\"0x8000000000000000\",\"systemTime\":\"2026-08-19T16:21:20.675091356Z\",\"eventRecordID\":\"549835\",\"channel\":\"Microsoft-Windows-Sysmon/Operational\",\"computer\":\"kingslanding.sevenkingdoms.local\",\"severityValue\":\"INFORMATION\"},\"eventdata\":{\"utcTime\":\"2026-08-19 16:21:20.675\",\"processGuid\":\"{e2717f60-63c5-edd7-97ea-000000000012}\",\"processId\":\"671\",\"image\":\"C:\\\\Windows\\\\System32\\\\certutil.exe\",\"commandLine\":\"certutil.exe -verifyctl \\\"C:\\\\Users\\\\Public\\\\Documents\\\\ca-bundle.cer\\\"\",\"currentDirectory\":\"C:\\\\Windows\\\\system32\\\\\",\"user\":\"NT AUTHORITY\\\\SYSTEM\",\"parentProcessGuid\":\"{8d556a29-260f-b220-458c-000000000013}\",\"parentProcessId\":\"3548\",\"parentImage\":\"C:\\\\Windows\\\\System32\\\\svchost.exe\",\"parentCommandLine\":\"C:\\\\Windows\\\\System32\\\\svchost.exe -k netsvcs -p -s CertPropSvc\",\"hashes\":\"MD5=79E05CF44B265169CD9A673B0D2C2FFB,SHA256=58858CD6163A83B3ABFA396041EE8C319BC3FC8AC6B02E2B5297FCEA33495D9B,IMPHASH=1C07B3CF511F24305EB0AE46D98C75BA\"}}}",
      "expect": {
        "alert": false
      },
      "category": "noise",
      "attack": null,
      "evasion": false,
      "expected_rule_id": 100251,
      "expected_level": 0,
      "mitre_id": null
    },
    {
      "name": "noise 737 | certutil legit | certutil verifyctl root.cer",
      "event": "{\"win\":{\"system\":{\"providerName\":\"Microsoft-Windows-Sysmon\",\"providerGuid\":\"{5770385f-c22a-43e0-bf4c-06f5698ffbd9}\",\"eventID\":\"1\",\"version\":\"5\",\"level\":\"4\",\"task\":\"1\",\"opcode\":\"0\",\"keywords\":\"0x8000000000000000\",\"systemTime\":\"2026-08-19T16:22:33.672159453Z\",\"eventRecordID\":\"549836\",\"channel\":\"Microsoft-Windows-Sysmon/Operational\",\"computer\":\"kingslanding.sevenkingdoms.local\",\"severityValue\":\"INFORMATION\"},\"eventdata\":{\"utcTime\":\"2026-08-19 16:22:33.672\",\"processGuid\":\"{c9d5e3b3-3a80-41ea-3e53-000000000014}\",\"processId\":\"671\",\"image\":\"C:\\\\Windows\\\\System32\\\\certutil.exe\",\"commandLine\":\"certutil.exe -verifyctl \\\"C:\\\\Windows\\\\Temp\\\\certs\\\\root.cer\\\"\",\"currentDirectory\":\"C:\\\\Windows\\\\system32\\\\\",\"user\":\"SEVENKINGDOMS\\\\Administrator\",\"parentProcessGuid\":\"{41c406e3-aa37-7f60-b649-000000000015}\",\"parentProcessId\":\"6145\",\"parentImage\":\"C:\\\\Windows\\\\System32\\\\cmd.exe\",\"parentCommandLine\":\"cmd.exe /c certutil.exe -verifyctl \\\"C:\\\\Windows\\\\Temp\\\\certs\\\\root.cer\\\"\",\"hashes\":\"MD5=79E05CF44B265169CD9A673B0D2C2FFB,SHA256=58858CD6163A83B3ABFA396041EE8C319BC3FC8AC6B02E2B5297FCEA33495D9B,IMPHASH=1C07B3CF511F24305EB0AE46D98C75BA\"}}}",
      "expect": {
        "alert": false
      },
      "category": "noise",
      "attack": null,
      "evasion": false,
      "expected_rule_id": 100251,
      "expected_level": 0,
      "mitre_id": null
    },
    {
      "name": "noise 738 | certutil legit | certutil dump root.cer",
      "event": "{\"win\":{\"system\":{\"providerName\":\"Microsoft-Windows-Sysmon\",\"providerGuid\":\"{5770385f-c22a-43e0-bf4c-06f5698ffbd9}\",\"eventID\":\"1\",\"version\":\"5\",\"level\":\"4\",\"task\":\"1\",\"opcode\":\"0\",\"keywords\":\"0x8000000000000000\",\"systemTime\":\"2026-08-19T16:23:59.985655556Z\",\"eventRecordID\":\"549837\",\"channel\":\"Microsoft-Windows-Sysmon/Operational\",\"computer\":\"kingslanding.sevenkingdoms.local\",\"severityValue\":\"INFORMATION\"},\"eventdata\":{\"utcTime\":\"2026-08-19 16:23:59.985\",\"processGuid\":\"{e2717f60-63c5-edd7-97ea-000000000012}\",\"processId\":\"671\",\"image\":\"C:\\\\Windows\\\\System32\\\\certutil.exe\",\"commandLine\":\"certutil.exe -dump \\\"C:\\\\Windows\\\\Temp\\\\certs\\\\root.cer\\\"\",\"currentDirectory\":\"C:\\\\Windows\\\\system32\\\\\",\"user\":\"NT AUTHORITY\\\\SYSTEM\",\"parentProcessGuid\":\"{8d556a29-260f-b220-458c-000000000013}\",\"parentProcessId\":\"3548\",\"parentImage\":\"C:\\\\Windows\\\\System32\\\\svchost.exe\",\"parentCommandLine\":\"C:\\\\Windows\\\\System32\\\\svchost.exe -k netsvcs -p -s CertPropSvc\",\"hashes\":\"MD5=79E05CF44B265169CD9A673B0D2C2FFB,SHA256=58858CD6163A83B3ABFA396041EE8C319BC3FC8AC6B02E2B5297FCEA33495D9B,IMPHASH=1C07B3CF511F24305EB0AE46D98C75BA\"}}}",
      "expect": {
        "alert": false
      },
      "category": "noise",
      "attack": null,
      "evasion": false,
      "expected_rule_id": 100251,
      "expected_level": 0,
      "mitre_id": null
    },
    {
      "name": "noise 739 | certutil legit | certutil pulse verbose",
      "event": "{\"win\":{\"system\":{\"providerName\":\"Microsoft-Windows-Sysmon\",\"providerGuid\":\"{5770385f-c22a-43e0-bf4c-06f5698ffbd9}\",\"eventID\":\"1\",\"version\":\"5\",\"level\":\"4\",\"task\":\"1\",\"opcode\":\"0\",\"keywords\":\"0x8000000000000000\",\"systemTime\":\"2026-08-19T16:25:05.181659393Z\",\"eventRecordID\":\"549838\",\"channel\":\"Microsoft-Windows-Sysmon/Operational\",\"computer\":\"kingslanding.sevenkingdoms.local\",\"severityValue\":\"INFORMATION\"},\"eventdata\":{\"utcTime\":\"2026-08-19 16:25:05.181\",\"processGuid\":\"{e2717f60-63c5-edd7-97ea-000000000012}\",\"processId\":\"671\",\"image\":\"C:\\\\Windows\\\\System32\\\\certutil.exe\",\"commandLine\":\"certutil.exe -pulse -v\",\"currentDirectory\":\"C:\\\\Windows\\\\system32\\\\\",\"user\":\"NT AUTHORITY\\\\SYSTEM\",\"parentProcessGuid\":\"{8d556a29-260f-b220-458c-000000000013}\",\"parentProcessId\":\"3548\",\"parentImage\":\"C:\\\\Windows\\\\System32\\\\svchost.exe\",\"parentCommandLine\":\"C:\\\\Windows\\\\System32\\\\svchost.exe -k netsvcs -p -s CertPropSvc\",\"hashes\":\"MD5=79E05CF44B265169CD9A673B0D2C2FFB,SHA256=58858CD6163A83B3ABFA396041EE8C319BC3FC8AC6B02E2B5297FCEA33495D9B,IMPHASH=1C07B3CF511F24305EB0AE46D98C75BA\"}}}",
      "expect": {
        "alert": false
      },
      "category": "noise",
      "attack": null,
      "evasion": false,
      "expected_rule_id": 100251,
      "expected_level": 0,
      "mitre_id": null
    },
    {
      "name": "noise 740 | certutil legit | certutil store My",
      "event": "{\"win\":{\"system\":{\"providerName\":\"Microsoft-Windows-Sysmon\",\"providerGuid\":\"{5770385f-c22a-43e0-bf4c-06f5698ffbd9}\",\"eventID\":\"1\",\"version\":\"5\",\"level\":\"4\",\"task\":\"1\",\"opcode\":\"0\",\"keywords\":\"0x8000000000000000\",\"systemTime\":\"2026-08-19T16:26:17.181590167Z\",\"eventRecordID\":\"549839\",\"channel\":\"Microsoft-Windows-Sysmon/Operational\",\"computer\":\"kingslanding.sevenkingdoms.local\",\"severityValue\":\"INFORMATION\"},\"eventdata\":{\"utcTime\":\"2026-08-19 16:26:17.181\",\"processGuid\":\"{c9d5e3b3-3a80-41ea-3e53-000000000014}\",\"processId\":\"671\",\"image\":\"C:\\\\Windows\\\\System32\\\\certutil.exe\",\"commandLine\":\"certutil.exe -store My\",\"currentDirectory\":\"C:\\\\Windows\\\\system32\\\\\",\"user\":\"SEVENKINGDOMS\\\\Administrator\",\"parentProcessGuid\":\"{41c406e3-aa37-7f60-b649-000000000015}\",\"parentProcessId\":\"6145\",\"parentImage\":\"C:\\\\Windows\\\\System32\\\\cmd.exe\",\"parentCommandLine\":\"cmd.exe /c certutil.exe -store My\",\"hashes\":\"MD5=79E05CF44B265169CD9A673B0D2C2FFB,SHA256=58858CD6163A83B3ABFA396041EE8C319BC3FC8AC6B02E2B5297FCEA33495D9B,IMPHASH=1C07B3CF511F24305EB0AE46D98C75BA\"}}}",
      "expect": {
        "alert": false
      },
      "category": "noise",
      "attack": null,
      "evasion": false,
      "expected_rule_id": 100251,
      "expected_level": 0,
      "mitre_id": null
    },
    {
      "name": "noise 741 | certutil legit | certutil dump root.cer",
      "event": "{\"win\":{\"system\":{\"providerName\":\"Microsoft-Windows-Sysmon\",\"providerGuid\":\"{5770385f-c22a-43e0-bf4c-06f5698ffbd9}\",\"eventID\":\"1\",\"version\":\"5\",\"level\":\"4\",\"task\":\"1\",\"opcode\":\"0\",\"keywords\":\"0x8000000000000000\",\"systemTime\":\"2026-08-19T16:27:02.376902086Z\",\"eventRecordID\":\"549840\",\"channel\":\"Microsoft-Windows-Sysmon/Operational\",\"computer\":\"kingslanding.sevenkingdoms.local\",\"severityValue\":\"INFORMATION\"},\"eventdata\":{\"utcTime\":\"2026-08-19 16:27:02.376\",\"processGuid\":\"{79d59aa8-15bd-1854-5600-000000000016}\",\"processId\":\"671\",\"image\":\"C:\\\\Windows\\\\System32\\\\certutil.exe\",\"commandLine\":\"certutil.exe -dump \\\"C:\\\\Windows\\\\Temp\\\\certs\\\\root.cer\\\"\",\"currentDirectory\":\"C:\\\\Windows\\\\system32\\\\\",\"user\":\"NT AUTHORITY\\\\SYSTEM\",\"parentProcessGuid\":\"{8027c8a6-0a5e-92e0-9d1d-000000000011}\",\"parentProcessId\":\"2486\",\"parentImage\":\"C:\\\\Windows\\\\System32\\\\taskeng.exe\",\"parentCommandLine\":\"C:\\\\Windows\\\\System32\\\\taskeng.exe\",\"hashes\":\"MD5=79E05CF44B265169CD9A673B0D2C2FFB,SHA256=58858CD6163A83B3ABFA396041EE8C319BC3FC8AC6B02E2B5297FCEA33495D9B,IMPHASH=1C07B3CF511F24305EB0AE46D98C75BA\"}}}",
      "expect": {
        "alert": false
      },
      "category": "noise",
      "attack": null,
      "evasion": false,
      "expected_rule_id": 100251,
      "expected_level": 0,
      "mitre_id": null
    },
    {
      "name": "noise 742 | certutil legit | certutil verifyctl ca-bundle.cer",
      "event": "{\"win\":{\"system\":{\"providerName\":\"Microsoft-Windows-Sysmon\",\"providerGuid\":\"{5770385f-c22a-43e0-bf4c-06f5698ffbd9}\",\"eventID\":\"1\",\"version\":\"5\",\"level\":\"4\",\"task\":\"1\",\"opcode\":\"0\",\"keywords\":\"0x8000000000000000\",\"systemTime\":\"2026-08-19T16:29:17.812865344Z\",\"eventRecordID\":\"549841\",\"channel\":\"Microsoft-Windows-Sysmon/Operational\",\"computer\":\"kingslanding.sevenkingdoms.local\",\"severityValue\":\"INFORMATION\"},\"eventdata\":{\"utcTime\":\"2026-08-19 16:29:17.812\",\"processGuid\":\"{c9d5e3b3-3a80-41ea-3e53-000000000014}\",\"processId\":\"671\",\"image\":\"C:\\\\Windows\\\\System32\\\\certutil.exe\",\"commandLine\":\"certutil.exe -verifyctl \\\"C:\\\\Users\\\\Public\\\\Documents\\\\ca-bundle.cer\\\"\",\"currentDirectory\":\"C:\\\\Windows\\\\system32\\\\\",\"user\":\"SEVENKINGDOMS\\\\Administrator\",\"parentProcessGuid\":\"{41c406e3-aa37-7f60-b649-000000000015}\",\"parentProcessId\":\"6145\",\"parentImage\":\"C:\\\\Windows\\\\System32\\\\cmd.exe\",\"parentCommandLine\":\"cmd.exe /c certutil.exe -verifyctl \\\"C:\\\\Users\\\\Public\\\\Documents\\\\ca-bundle.cer\\\"\",\"hashes\":\"MD5=79E05CF44B265169CD9A673B0D2C2FFB,SHA256=58858CD6163A83B3ABFA396041EE8C319BC3FC8AC6B02E2B5297FCEA33495D9B,IMPHASH=1C07B3CF511F24305EB0AE46D98C75BA\"}}}",
      "expect": {
        "alert": false
      },
      "category": "noise",
      "attack": null,
      "evasion": false,
      "expected_rule_id": 100251,
      "expected_level": 0,
      "mitre_id": null
    },
    {
      "name": "noise 743 | certutil legit | certutil dump root.cer",
      "event": "{\"win\":{\"system\":{\"providerName\":\"Microsoft-Windows-Sysmon\",\"providerGuid\":\"{5770385f-c22a-43e0-bf4c-06f5698ffbd9}\",\"eventID\":\"1\",\"version\":\"5\",\"level\":\"4\",\"task\":\"1\",\"opcode\":\"0\",\"keywords\":\"0x8000000000000000\",\"systemTime\":\"2026-08-19T16:30:30.346827136Z\",\"eventRecordID\":\"549842\",\"channel\":\"Microsoft-Windows-Sysmon/Operational\",\"computer\":\"kingslanding.sevenkingdoms.local\",\"severityValue\":\"INFORMATION\"},\"eventdata\":{\"utcTime\":\"2026-08-19 16:30:30.346\",\"processGuid\":\"{c9d5e3b3-3a80-41ea-3e53-000000000014}\",\"processId\":\"671\",\"image\":\"C:\\\\Windows\\\\System32\\\\certutil.exe\",\"commandLine\":\"certutil.exe -dump \\\"C:\\\\Windows\\\\Temp\\\\certs\\\\root.cer\\\"\",\"currentDirectory\":\"C:\\\\Windows\\\\system32\\\\\",\"user\":\"SEVENKINGDOMS\\\\Administrator\",\"parentProcessGuid\":\"{41c406e3-aa37-7f60-b649-000000000015}\",\"parentProcessId\":\"6145\",\"parentImage\":\"C:\\\\Windows\\\\System32\\\\cmd.exe\",\"parentCommandLine\":\"cmd.exe /c certutil.exe -dump \\\"C:\\\\Windows\\\\Temp\\\\certs\\\\root.cer\\\"\",\"hashes\":\"MD5=79E05CF44B265169CD9A673B0D2C2FFB,SHA256=58858CD6163A83B3ABFA396041EE8C319BC3FC8AC6B02E2B5297FCEA33495D9B,IMPHASH=1C07B3CF511F24305EB0AE46D98C75BA\"}}}",
      "expect": {
        "alert": false
      },
      "category": "noise",
      "attack": null,
      "evasion": false,
      "expected_rule_id": 100251,
      "expected_level": 0,
      "mitre_id": null
    },
    {
      "name": "noise 744 | certutil legit | certutil dump root.cer",
      "event": "{\"win\":{\"system\":{\"providerName\":\"Microsoft-Windows-Sysmon\",\"providerGuid\":\"{5770385f-c22a-43e0-bf4c-06f5698ffbd9}\",\"eventID\":\"1\",\"version\":\"5\",\"level\":\"4\",\"task\":\"1\",\"opcode\":\"0\",\"keywords\":\"0x8000000000000000\",\"systemTime\":\"2026-08-19T16:31:21.494075291Z\",\"eventRecordID\":\"549843\",\"channel\":\"Microsoft-Windows-Sysmon/Operational\",\"computer\":\"kingslanding.sevenkingdoms.local\",\"severityValue\":\"INFORMATION\"},\"eventdata\":{\"utcTime\":\"2026-08-19 16:31:21.494\",\"processGuid\":\"{e2717f60-63c5-edd7-97ea-000000000012}\",\"processId\":\"671\",\"image\":\"C:\\\\Windows\\\\System32\\\\certutil.exe\",\"commandLine\":\"certutil.exe -dump \\\"C:\\\\Windows\\\\Temp\\\\certs\\\\root.cer\\\"\",\"currentDirectory\":\"C:\\\\Windows\\\\system32\\\\\",\"user\":\"NT AUTHORITY\\\\SYSTEM\",\"parentProcessGuid\":\"{8d556a29-260f-b220-458c-000000000013}\",\"parentProcessId\":\"3548\",\"parentImage\":\"C:\\\\Windows\\\\System32\\\\svchost.exe\",\"parentCommandLine\":\"C:\\\\Windows\\\\System32\\\\svchost.exe -k netsvcs -p -s CertPropSvc\",\"hashes\":\"MD5=79E05CF44B265169CD9A673B0D2C2FFB,SHA256=58858CD6163A83B3ABFA396041EE8C319BC3FC8AC6B02E2B5297FCEA33495D9B,IMPHASH=1C07B3CF511F24305EB0AE46D98C75BA\"}}}",
      "expect": {
        "alert": false
      },
      "category": "noise",
      "attack": null,
      "evasion": false,
      "expected_rule_id": 100251,
      "expected_level": 0,
      "mitre_id": null
    },
