    {
      "name": "noise 161 | SCCM | cmd wmic memory",
      "event": "{\"win\":{\"system\":{\"providerName\":\"Microsoft-Windows-Sysmon\",\"providerGuid\":\"{5770385f-c22a-43e0-bf4c-06f5698ffbd9}\",\"eventID\":\"1\",\"version\":\"5\",\"level\":\"4\",\"task\":\"1\",\"opcode\":\"0\",\"keywords\":\"0x8000000000000000\",\"systemTime\":\"2026-08-19T03:34:28.437165489Z\",\"eventRecordID\":\"549260\",\"channel\":\"Microsoft-Windows-Sysmon/Operational\",\"computer\":\"kingslanding.sevenkingdoms.local\",\"severityValue\":\"INFORMATION\"},\"eventdata\":{\"utcTime\":\"2026-08-19 03:34:28.437\",\"processGuid\":\"{11491d82-c4b3-35a1-0a67-000000000003}\",\"processId\":\"6145\",\"image\":\"C:\\\\Windows\\\\System32\\\\cmd.exe\",\"commandLine\":\"cmd.exe /c \\\"wmic os get FreePhysicalMemory /Value\\\"\",\"currentDirectory\":\"C:\\\\Windows\\\\system32\\\\\",\"user\":\"NT AUTHORITY\\\\SYSTEM\",\"parentProcessGuid\":\"{03999d84-8c2e-7bbe-702b-000000000002}\",\"parentProcessId\":\"2356\",\"parentImage\":\"C:\\\\Windows\\\\CCM\\\\CcmExec.exe\",\"parentCommandLine\":\"\\\"C:\\\\Windows\\\\CCM\\\\CcmExec.exe\\\" -service -redirectWindowsUpdateLog\",\"hashes\":\"MD5=AD4F0121E05E45568A2E62DF8F91BF81,SHA256=454CFEEA347FDC3F0ACB885CFB4B031166A2387FAB14C4D4A5008AE16181F80E,IMPHASH=D3F8F91898C22767183D2C65A8BA9A98\"}}}",
      "expect": {
        "alert": false
      },
      "category": "noise",
      "attack": null,
      "evasion": false,
      "expected_rule_id": 100251,
      "expected_level": 0,
      "mitre_id": null
    },
    {
      "name": "noise 162 | SCCM | cmd wmic products",
      "event": "{\"win\":{\"system\":{\"providerName\":\"Microsoft-Windows-Sysmon\",\"providerGuid\":\"{5770385f-c22a-43e0-bf4c-06f5698ffbd9}\",\"eventID\":\"1\",\"version\":\"5\",\"level\":\"4\",\"task\":\"1\",\"opcode\":\"0\",\"keywords\":\"0x8000000000000000\",\"systemTime\":\"2026-08-19T03:35:13.571704250Z\",\"eventRecordID\":\"549261\",\"channel\":\"Microsoft-Windows-Sysmon/Operational\",\"computer\":\"kingslanding.sevenkingdoms.local\",\"severityValue\":\"INFORMATION\"},\"eventdata\":{\"utcTime\":\"2026-08-19 03:35:13.571\",\"processGuid\":\"{11491d82-c4b3-35a1-0a67-000000000003}\",\"processId\":\"6145\",\"image\":\"C:\\\\Windows\\\\System32\\\\cmd.exe\",\"commandLine\":\"cmd.exe /c wmic path win32_product get name\",\"currentDirectory\":\"C:\\\\Windows\\\\CCM\\\\\",\"user\":\"NT AUTHORITY\\\\SYSTEM\",\"parentProcessGuid\":\"{03999d84-8c2e-7bbe-702b-000000000002}\",\"parentProcessId\":\"2356\",\"parentImage\":\"C:\\\\Windows\\\\CCM\\\\CcmExec.exe\",\"parentCommandLine\":\"\\\"C:\\\\Windows\\\\CCM\\\\CcmExec.exe\\\" -service -redirectWindowsUpdateLog\",\"hashes\":\"MD5=AD4F0121E05E45568A2E62DF8F91BF81,SHA256=454CFEEA347FDC3F0ACB885CFB4B031166A2387FAB14C4D4A5008AE16181F80E,IMPHASH=D3F8F91898C22767183D2C65A8BA9A98\"}}}",
      "expect": {
        "alert": false
      },
      "category": "noise",
      "attack": null,
      "evasion": false,
      "expected_rule_id": 100251,
      "expected_level": 0,
      "mitre_id": null
    },
    {
      "name": "noise 163 | SCCM | wmic domain",
      "event": "{\"win\":{\"system\":{\"providerName\":\"Microsoft-Windows-Sysmon\",\"providerGuid\":\"{5770385f-c22a-43e0-bf4c-06f5698ffbd9}\",\"eventID\":\"1\",\"version\":\"5\",\"level\":\"4\",\"task\":\"1\",\"opcode\":\"0\",\"keywords\":\"0x8000000000000000\",\"systemTime\":\"2026-08-19T03:37:13.765986257Z\",\"eventRecordID\":\"549262\",\"channel\":\"Microsoft-Windows-Sysmon/Operational\",\"computer\":\"kingslanding.sevenkingdoms.local\",\"severityValue\":\"INFORMATION\"},\"eventdata\":{\"utcTime\":\"2026-08-19 03:37:13.765\",\"processGuid\":\"{fd4ad5c2-0359-8106-82d6-000000000001}\",\"processId\":\"3226\",\"image\":\"C:\\\\Windows\\\\System32\\\\wmic.exe\",\"commandLine\":\"wmic path win32_computersystem get domain,username\",\"currentDirectory\":\"C:\\\\Windows\\\\CCM\\\\\",\"user\":\"NT AUTHORITY\\\\SYSTEM\",\"parentProcessGuid\":\"{03999d84-8c2e-7bbe-702b-000000000002}\",\"parentProcessId\":\"2356\",\"parentImage\":\"C:\\\\Windows\\\\CCM\\\\CcmExec.exe\",\"parentCommandLine\":\"\\\"C:\\\\Windows\\\\CCM\\\\CcmExec.exe\\\" -service -redirectWindowsUpdateLog\",\"hashes\":\"MD5=0BBEA9C5DFA3B21E496EB133F02A042B,SHA256=22312883269B5B6AAE8A0E4D0EB6BF6912A204A16D684B7AD81535A1A923001A,IMPHASH=AD4EF768A5A9D4FA78F680FA0DF56583\"}}}",
      "expect": {
        "alert": false
      },
      "category": "noise",
      "attack": null,
      "evasion": false,
      "expected_rule_id": 100251,
      "expected_level": 0,
      "mitre_id": null
    },
    {
      "name": "noise 164 | SCCM | wmic inventory",
      "event": "{\"win\":{\"system\":{\"providerName\":\"Microsoft-Windows-Sysmon\",\"providerGuid\":\"{5770385f-c22a-43e0-bf4c-06f5698ffbd9}\",\"eventID\":\"1\",\"version\":\"5\",\"level\":\"4\",\"task\":\"1\",\"opcode\":\"0\",\"keywords\":\"0x8000000000000000\",\"systemTime\":\"2026-08-19T03:38:56.064723438Z\",\"eventRecordID\":\"549263\",\"channel\":\"Microsoft-Windows-Sysmon/Operational\",\"computer\":\"kingslanding.sevenkingdoms.local\",\"severityValue\":\"INFORMATION\"},\"eventdata\":{\"utcTime\":\"2026-08-19 03:38:56.064\",\"processGuid\":\"{fd4ad5c2-0359-8106-82d6-000000000001}\",\"processId\":\"3226\",\"image\":\"C:\\\\Windows\\\\System32\\\\wmic.exe\",\"commandLine\":\"wmic path win32_computersystem product get name\",\"currentDirectory\":\"C:\\\\Windows\\\\system32\\\\\",\"user\":\"NT AUTHORITY\\\\SYSTEM\",\"parentProcessGuid\":\"{03999d84-8c2e-7bbe-702b-000000000002}\",\"parentProcessId\":\"2356\",\"parentImage\":\"C:\\\\Windows\\\\CCM\\\\CcmExec.exe\",\"parentCommandLine\":\"\\\"C:\\\\Windows\\\\CCM\\\\CcmExec.exe\\\" -service -redirectWindowsUpdateLog\",\"hashes\":\"MD5=0BBEA9C5DFA3B21E496EB133F02A042B,SHA256=22312883269B5B6AAE8A0E4D0EB6BF6912A204A16D684B7AD81535A1A923001A,IMPHASH=AD4EF768A5A9D4FA78F680FA0DF56583\"}}}",
      "expect": {
        "alert": false
      },
      "category": "noise",
      "attack": null,
      "evasion": false,
      "expected_rule_id": 100251,
      "expected_level": 0,
      "mitre_id": null
    },
    {
      "name": "noise 165 | SCCM | wmic inventory",
      "event": "{\"win\":{\"system\":{\"providerName\":\"Microsoft-Windows-Sysmon\",\"providerGuid\":\"{5770385f-c22a-43e0-bf4c-06f5698ffbd9}\",\"eventID\":\"1\",\"version\":\"5\",\"level\":\"4\",\"task\":\"1\",\"opcode\":\"0\",\"keywords\":\"0x8000000000000000\",\"systemTime\":\"2026-08-19T03:39:00.879833848Z\",\"eventRecordID\":\"549264\",\"channel\":\"Microsoft-Windows-Sysmon/Operational\",\"computer\":\"kingslanding.sevenkingdoms.local\",\"severityValue\":\"INFORMATION\"},\"eventdata\":{\"utcTime\":\"2026-08-19 03:39:00.879\",\"processGuid\":\"{fd4ad5c2-0359-8106-82d6-000000000001}\",\"processId\":\"3226\",\"image\":\"C:\\\\Windows\\\\System32\\\\wmic.exe\",\"commandLine\":\"wmic path win32_computersystem product get name\",\"currentDirectory\":\"C:\\\\Windows\\\\system32\\\\\",\"user\":\"NT AUTHORITY\\\\SYSTEM\",\"parentProcessGuid\":\"{03999d84-8c2e-7bbe-702b-000000000002}\",\"parentProcessId\":\"2356\",\"parentImage\":\"C:\\\\Windows\\\\CCM\\\\CcmExec.exe\",\"parentCommandLine\":\"C:\\\\Windows\\\\CCM\\\\CcmExec.exe -service\",\"hashes\":\"MD5=0BBEA9C5DFA3B21E496EB133F02A042B,SHA256=22312883269B5B6AAE8A0E4D0EB6BF6912A204A16D684B7AD81535A1A923001A,IMPHASH=AD4EF768A5A9D4FA78F680FA0DF56583\"}}}",
      "expect": {
        "alert": false
      },
      "category": "noise",
      "attack": null,
      "evasion": false,
      "expected_rule_id": 100251,
      "expected_level": 0,
      "mitre_id": null
    },
    {
      "name": "noise 166 | SCCM | wmic os caption",
      "event": "{\"win\":{\"system\":{\"providerName\":\"Microsoft-Windows-Sysmon\",\"providerGuid\":\"{5770385f-c22a-43e0-bf4c-06f5698ffbd9}\",\"eventID\":\"1\",\"version\":\"5\",\"level\":\"4\",\"task\":\"1\",\"opcode\":\"0\",\"keywords\":\"0x8000000000000000\",\"systemTime\":\"2026-08-19T03:41:16.349451511Z\",\"eventRecordID\":\"549265\",\"channel\":\"Microsoft-Windows-Sysmon/Operational\",\"computer\":\"kingslanding.sevenkingdoms.local\",\"severityValue\":\"INFORMATION\"},\"eventdata\":{\"utcTime\":\"2026-08-19 03:41:16.349\",\"processGuid\":\"{fd4ad5c2-0359-8106-82d6-000000000001}\",\"processId\":\"3226\",\"image\":\"C:\\\\Windows\\\\System32\\\\wmic.exe\",\"commandLine\":\"wmic path Win32_OperatingSystem get Caption,Version /Value\",\"currentDirectory\":\"C:\\\\Windows\\\\CCM\\\\\",\"user\":\"NT AUTHORITY\\\\SYSTEM\",\"parentProcessGuid\":\"{03999d84-8c2e-7bbe-702b-000000000002}\",\"parentProcessId\":\"2356\",\"parentImage\":\"C:\\\\Windows\\\\CCM\\\\CcmExec.exe\",\"parentCommandLine\":\"\\\"C:\\\\Windows\\\\CCM\\\\CcmExec.exe\\\"\",\"hashes\":\"MD5=0BBEA9C5DFA3B21E496EB133F02A042B,SHA256=22312883269B5B6AAE8A0E4D0EB6BF6912A204A16D684B7AD81535A1A923001A,IMPHASH=AD4EF768A5A9D4FA78F680FA0DF56583\"}}}",
      "expect": {
        "alert": false
      },
      "category": "noise",
      "attack": null,
      "evasion": false,
      "expected_rule_id": 100251,
      "expected_level": 0,
      "mitre_id": null
    },
    {
      "name": "noise 167 | SCCM | wmic inventory",
      "event": "{\"win\":{\"system\":{\"providerName\":\"Microsoft-Windows-Sysmon\",\"providerGuid\":\"{5770385f-c22a-43e0-bf4c-06f5698ffbd9}\",\"eventID\":\"1\",\"version\":\"5\",\"level\":\"4\",\"task\":\"1\",\"opcode\":\"0\",\"keywords\":\"0x8000000000000000\",\"systemTime\":\"2026-08-19T03:42:35.007670239Z\",\"eventRecordID\":\"549266\",\"channel\":\"Microsoft-Windows-Sysmon/Operational\",\"computer\":\"kingslanding.sevenkingdoms.local\",\"severityValue\":\"INFORMATION\"},\"eventdata\":{\"utcTime\":\"2026-08-19 03:42:35.007\",\"processGuid\":\"{fd4ad5c2-0359-8106-82d6-000000000001}\",\"processId\":\"3226\",\"image\":\"C:\\\\Windows\\\\System32\\\\wmic.exe\",\"commandLine\":\"wmic path win32_computersystem product get name\",\"currentDirectory\":\"C:\\\\Windows\\\\CCM\\\\\",\"user\":\"NT AUTHORITY\\\\SYSTEM\",\"parentProcessGuid\":\"{03999d84-8c2e-7bbe-702b-000000000002}\",\"parentProcessId\":\"2356\",\"parentImage\":\"C:\\\\Windows\\\\CCM\\\\CcmExec.exe\",\"parentCommandLine\":\"\\\"C:\\\\Windows\\\\CCM\\\\CcmExec.exe\\\"\",\"hashes\":\"MD5=0BBEA9C5DFA3B21E496EB133F02A042B,SHA256=22312883269B5B6AAE8A0E4D0EB6BF6912A204A16D684B7AD81535A1A923001A,IMPHASH=AD4EF768A5A9D4FA78F680FA0DF56583\"}}}",
      "expect": {
        "alert": false
      },
      "category": "noise",
      "attack": null,
      "evasion": false,
      "expected_rule_id": 100251,
      "expected_level": 0,
      "mitre_id": null
    },
    {
      "name": "noise 168 | SCCM | powershell Get-WmiObject",
      "event": "{\"win\":{\"system\":{\"providerName\":\"Microsoft-Windows-Sysmon\",\"providerGuid\":\"{5770385f-c22a-43e0-bf4c-06f5698ffbd9}\",\"eventID\":\"1\",\"version\":\"5\",\"level\":\"4\",\"task\":\"1\",\"opcode\":\"0\",\"keywords\":\"0x8000000000000000\",\"systemTime\":\"2026-08-19T03:43:39.985781263Z\",\"eventRecordID\":\"549267\",\"channel\":\"Microsoft-Windows-Sysmon/Operational\",\"computer\":\"kingslanding.sevenkingdoms.local\",\"severityValue\":\"INFORMATION\"},\"eventdata\":{\"utcTime\":\"2026-08-19 03:43:39.985\",\"processGuid\":\"{051995f2-ab96-0f16-cf17-000000000004}\",\"processId\":\"3973\",\"image\":\"C:\\\\Windows\\\\System32\\\\WindowsPowerShell\\\\v1.0\\\\powershell.exe\",\"commandLine\":\"powershell.exe -NoProfile -Command \\\"Get-WmiObject Win32_Service\\\"\",\"currentDirectory\":\"C:\\\\Windows\\\\system32\\\\\",\"user\":\"NT AUTHORITY\\\\SYSTEM\",\"parentProcessGuid\":\"{03999d84-8c2e-7bbe-702b-000000000002}\",\"parentProcessId\":\"2356\",\"parentImage\":\"C:\\\\Windows\\\\CCM\\\\CcmExec.exe\",\"parentCommandLine\":\"C:\\\\Windows\\\\CCM\\\\CcmExec.exe -service\",\"hashes\":\"MD5=52A2D1D53AB7B54E6107FD5ACBDFFB15,SHA256=99C8275678FE526419811BC64793F96B0D55627558DFBBF37E4B9A9C4EEE61E1,IMPHASH=BA9BA9BB26C1A2513FD776DAAC02773E\"}}}",
      "expect": {
        "alert": false
      },
      "category": "noise",
      "attack": null,
      "evasion": false,
      "expected_rule_id": 100251,
      "expected_level": 0,
      "mitre_id": null
    },
    {
      "name": "noise 169 | SCCM | powershell Get-CimInstance",
      "event": "{\"win\":{\"system\":{\"providerName\":\"Microsoft-Windows-Sysmon\",\"providerGuid\":\"{5770385f-c22a-43e0-bf4c-06f5698ffbd9}\",\"eventID\":\"1\",\"version\":\"5\",\"level\":\"4\",\"task\":\"1\",\"opcode\":\"0\",\"keywords\":\"0x8000000000000000\",\"systemTime\":\"2026-08-19T03:45:08.254308971Z\",\"eventRecordID\":\"549268\",\"channel\":\"Microsoft-Windows-Sysmon/Operational\",\"computer\":\"kingslanding.sevenkingdoms.local\",\"severityValue\":\"INFORMATION\"},\"eventdata\":{\"utcTime\":\"2026-08-19 03:45:08.254\",\"processGuid\":\"{051995f2-ab96-0f16-cf17-000000000004}\",\"processId\":\"3973\",\"image\":\"C:\\\\Windows\\\\System32\\\\WindowsPowerShell\\\\v1.0\\\\powershell.exe\",\"commandLine\":\"powershell.exe -NoProfile -Command \\\"Get-CimInstance Win32_OperatingSystem\\\"\",\"currentDirectory\":\"C:\\\\Windows\\\\system32\\\\\",\"user\":\"NT AUTHORITY\\\\SYSTEM\",\"parentProcessGuid\":\"{03999d84-8c2e-7bbe-702b-000000000002}\",\"parentProcessId\":\"2356\",\"parentImage\":\"C:\\\\Windows\\\\CCM\\\\CcmExec.exe\",\"parentCommandLine\":\"\\\"C:\\\\Windows\\\\CCM\\\\CcmExec.exe\\\"\",\"hashes\":\"MD5=52A2D1D53AB7B54E6107FD5ACBDFFB15,SHA256=99C8275678FE526419811BC64793F96B0D55627558DFBBF37E4B9A9C4EEE61E1,IMPHASH=BA9BA9BB26C1A2513FD776DAAC02773E\"}}}",
      "expect": {
        "alert": false
      },
      "category": "noise",
      "attack": null,
      "evasion": false,
      "expected_rule_id": 100251,
      "expected_level": 0,
      "mitre_id": null
    },
    {
      "name": "noise 170 | SCCM | wmic domain",
      "event": "{\"win\":{\"system\":{\"providerName\":\"Microsoft-Windows-Sysmon\",\"providerGuid\":\"{5770385f-c22a-43e0-bf4c-06f5698ffbd9}\",\"eventID\":\"1\",\"version\":\"5\",\"level\":\"4\",\"task\":\"1\",\"opcode\":\"0\",\"keywords\":\"0x8000000000000000\",\"systemTime\":\"2026-08-19T03:46:56.338731011Z\",\"eventRecordID\":\"549269\",\"channel\":\"Microsoft-Windows-Sysmon/Operational\",\"computer\":\"kingslanding.sevenkingdoms.local\",\"severityValue\":\"INFORMATION\"},\"eventdata\":{\"utcTime\":\"2026-08-19 03:46:56.338\",\"processGuid\":\"{fd4ad5c2-0359-8106-82d6-000000000001}\",\"processId\":\"3226\",\"image\":\"C:\\\\Windows\\\\System32\\\\wmic.exe\",\"commandLine\":\"wmic path win32_computersystem get domain,username\",\"currentDirectory\":\"C:\\\\Windows\\\\system32\\\\\",\"user\":\"NT AUTHORITY\\\\SYSTEM\",\"parentProcessGuid\":\"{03999d84-8c2e-7bbe-702b-000000000002}\",\"parentProcessId\":\"2356\",\"parentImage\":\"C:\\\\Windows\\\\CCM\\\\CcmExec.exe\",\"parentCommandLine\":\"C:\\\\Windows\\\\CCM\\\\CcmExec.exe -service\",\"hashes\":\"MD5=0BBEA9C5DFA3B21E496EB133F02A042B,SHA256=22312883269B5B6AAE8A0E4D0EB6BF6912A204A16D684B7AD81535A1A923001A,IMPHASH=AD4EF768A5A9D4FA78F680FA0DF56583\"}}}",
      "expect": {
        "alert": false
      },
      "category": "noise",
      "attack": null,
      "evasion": false,
      "expected_rule_id": 100251,
      "expected_level": 0,
      "mitre_id": null
    },
    {
      "name": "noise 171 | SCCM | cmd wmic products",
      "event": "{\"win\":{\"system\":{\"providerName\":\"Microsoft-Windows-Sysmon\",\"providerGuid\":\"{5770385f-c22a-43e0-bf4c-06f5698ffbd9}\",\"eventID\":\"1\",\"version\":\"5\",\"level\":\"4\",\"task\":\"1\",\"opcode\":\"0\",\"keywords\":\"0x8000000000000000\",\"systemTime\":\"2026-08-19T03:47:42.362752944Z\",\"eventRecordID\":\"549270\",\"channel\":\"Microsoft-Windows-Sysmon/Operational\",\"computer\":\"kingslanding.sevenkingdoms.local\",\"severityValue\":\"INFORMATION\"},\"eventdata\":{\"utcTime\":\"2026-08-19 03:47:42.362\",\"processGuid\":\"{11491d82-c4b3-35a1-0a67-000000000003}\",\"processId\":\"6145\",\"image\":\"C:\\\\Windows\\\\System32\\\\cmd.exe\",\"commandLine\":\"cmd.exe /c wmic path win32_product get name\",\"currentDirectory\":\"C:\\\\Windows\\\\system32\\\\\",\"user\":\"NT AUTHORITY\\\\SYSTEM\",\"parentProcessGuid\":\"{03999d84-8c2e-7bbe-702b-000000000002}\",\"parentProcessId\":\"2356\",\"parentImage\":\"C:\\\\Windows\\\\CCM\\\\CcmExec.exe\",\"parentCommandLine\":\"C:\\\\Windows\\\\CCM\\\\CcmExec.exe -service\",\"hashes\":\"MD5=AD4F0121E05E45568A2E62DF8F91BF81,SHA256=454CFEEA347FDC3F0ACB885CFB4B031166A2387FAB14C4D4A5008AE16181F80E,IMPHASH=D3F8F91898C22767183D2C65A8BA9A98\"}}}",
      "expect": {
        "alert": false
      },
      "category": "noise",
      "attack": null,
      "evasion": false,
      "expected_rule_id": 100251,
      "expected_level": 0,
      "mitre_id": null
    },
    {
      "name": "noise 172 | SCCM | wmic os caption",
      "event": "{\"win\":{\"system\":{\"providerName\":\"Microsoft-Windows-Sysmon\",\"providerGuid\":\"{5770385f-c22a-43e0-bf4c-06f5698ffbd9}\",\"eventID\":\"1\",\"version\":\"5\",\"level\":\"4\",\"task\":\"1\",\"opcode\":\"0\",\"keywords\":\"0x8000000000000000\",\"systemTime\":\"2026-08-19T03:49:08.788755307Z\",\"eventRecordID\":\"549271\",\"channel\":\"Microsoft-Windows-Sysmon/Operational\",\"computer\":\"kingslanding.sevenkingdoms.local\",\"severityValue\":\"INFORMATION\"},\"eventdata\":{\"utcTime\":\"2026-08-19 03:49:08.788\",\"processGuid\":\"{fd4ad5c2-0359-8106-82d6-000000000001}\",\"processId\":\"3226\",\"image\":\"C:\\\\Windows\\\\System32\\\\wmic.exe\",\"commandLine\":\"wmic path Win32_OperatingSystem get Caption,Version /Value\",\"currentDirectory\":\"C:\\\\Windows\\\\system32\\\\\",\"user\":\"NT AUTHORITY\\\\SYSTEM\",\"parentProcessGuid\":\"{03999d84-8c2e-7bbe-702b-000000000002}\",\"parentProcessId\":\"2356\",\"parentImage\":\"C:\\\\Windows\\\\CCM\\\\CcmExec.exe\",\"parentCommandLine\":\"C:\\\\Windows\\\\CCM\\\\CcmExec.exe -service\",\"hashes\":\"MD5=0BBEA9C5DFA3B21E496EB133F02A042B,SHA256=22312883269B5B6AAE8A0E4D0EB6BF6912A204A16D684B7AD81535A1A923001A,IMPHASH=AD4EF768A5A9D4FA78F680FA0DF56583\"}}}",
      "expect": {
        "alert": false
      },
      "category": "noise",
      "attack": null,
      "evasion": false,
      "expected_rule_id": 100251,
      "expected_level": 0,
      "mitre_id": null
    },
    {
      "name": "noise 173 | SCCM | wmic inventory",
      "event": "{\"win\":{\"system\":{\"providerName\":\"Microsoft-Windows-Sysmon\",\"providerGuid\":\"{5770385f-c22a-43e0-bf4c-06f5698ffbd9}\",\"eventID\":\"1\",\"version\":\"5\",\"level\":\"4\",\"task\":\"1\",\"opcode\":\"0\",\"keywords\":\"0x8000000000000000\",\"systemTime\":\"2026-08-19T03:49:46.902643708Z\",\"eventRecordID\":\"549272\",\"channel\":\"Microsoft-Windows-Sysmon/Operational\",\"computer\":\"kingslanding.sevenkingdoms.local\",\"severityValue\":\"INFORMATION\"},\"eventdata\":{\"utcTime\":\"2026-08-19 03:49:46.902\",\"processGuid\":\"{fd4ad5c2-0359-8106-82d6-000000000001}\",\"processId\":\"3226\",\"image\":\"C:\\\\Windows\\\\System32\\\\wmic.exe\",\"commandLine\":\"wmic path win32_computersystem product get name\",\"currentDirectory\":\"C:\\\\Windows\\\\CCM\\\\\",\"user\":\"NT AUTHORITY\\\\SYSTEM\",\"parentProcessGuid\":\"{03999d84-8c2e-7bbe-702b-000000000002}\",\"parentProcessId\":\"2356\",\"parentImage\":\"C:\\\\Windows\\\\CCM\\\\CcmExec.exe\",\"parentCommandLine\":\"\\\"C:\\\\Windows\\\\CCM\\\\CcmExec.exe\\\"\",\"hashes\":\"MD5=0BBEA9C5DFA3B21E496EB133F02A042B,SHA256=22312883269B5B6AAE8A0E4D0EB6BF6912A204A16D684B7AD81535A1A923001A,IMPHASH=AD4EF768A5A9D4FA78F680FA0DF56583\"}}}",
      "expect": {
        "alert": false
      },
      "category": "noise",
      "attack": null,
      "evasion": false,
      "expected_rule_id": 100251,
      "expected_level": 0,
      "mitre_id": null
    },
    {
      "name": "noise 174 | SCCM | cmd wmic products",
      "event": "{\"win\":{\"system\":{\"providerName\":\"Microsoft-Windows-Sysmon\",\"providerGuid\":\"{5770385f-c22a-43e0-bf4c-06f5698ffbd9}\",\"eventID\":\"1\",\"version\":\"5\",\"level\":\"4\",\"task\":\"1\",\"opcode\":\"0\",\"keywords\":\"0x8000000000000000\",\"systemTime\":\"2026-08-19T03:51:18.264800963Z\",\"eventRecordID\":\"549273\",\"channel\":\"Microsoft-Windows-Sysmon/Operational\",\"computer\":\"kingslanding.sevenkingdoms.local\",\"severityValue\":\"INFORMATION\"},\"eventdata\":{\"utcTime\":\"2026-08-19 03:51:18.264\",\"processGuid\":\"{11491d82-c4b3-35a1-0a67-000000000003}\",\"processId\":\"6145\",\"image\":\"C:\\\\Windows\\\\System32\\\\cmd.exe\",\"commandLine\":\"cmd.exe /c wmic path win32_product get name\",\"currentDirectory\":\"C:\\\\Windows\\\\system32\\\\\",\"user\":\"NT AUTHORITY\\\\SYSTEM\",\"parentProcessGuid\":\"{03999d84-8c2e-7bbe-702b-000000000002}\",\"parentProcessId\":\"2356\",\"parentImage\":\"C:\\\\Windows\\\\CCM\\\\CcmExec.exe\",\"parentCommandLine\":\"\\\"C:\\\\Windows\\\\CCM\\\\CcmExec.exe\\\"\",\"hashes\":\"MD5=AD4F0121E05E45568A2E62DF8F91BF81,SHA256=454CFEEA347FDC3F0ACB885CFB4B031166A2387FAB14C4D4A5008AE16181F80E,IMPHASH=D3F8F91898C22767183D2C65A8BA9A98\"}}}",
      "expect": {
        "alert": false
      },
      "category": "noise",
      "attack": null,
      "evasion": false,
      "expected_rule_id": 100251,
      "expected_level": 0,
      "mitre_id": null
    },
    {
      "name": "noise 175 | SCCM | cmd wmic products",
      "event": "{\"win\":{\"system\":{\"providerName\":\"Microsoft-Windows-Sysmon\",\"providerGuid\":\"{5770385f-c22a-43e0-bf4c-06f5698ffbd9}\",\"eventID\":\"1\",\"version\":\"5\",\"level\":\"4\",\"task\":\"1\",\"opcode\":\"0\",\"keywords\":\"0x8000000000000000\",\"systemTime\":\"2026-08-19T03:52:43.591768349Z\",\"eventRecordID\":\"549274\",\"channel\":\"Microsoft-Windows-Sysmon/Operational\",\"computer\":\"kingslanding.sevenkingdoms.local\",\"severityValue\":\"INFORMATION\"},\"eventdata\":{\"utcTime\":\"2026-08-19 03:52:43.591\",\"processGuid\":\"{11491d82-c4b3-35a1-0a67-000000000003}\",\"processId\":\"6145\",\"image\":\"C:\\\\Windows\\\\System32\\\\cmd.exe\",\"commandLine\":\"cmd.exe /c wmic path win32_product get name\",\"currentDirectory\":\"C:\\\\Windows\\\\CCM\\\\\",\"user\":\"NT AUTHORITY\\\\SYSTEM\",\"parentProcessGuid\":\"{03999d84-8c2e-7bbe-702b-000000000002}\",\"parentProcessId\":\"2356\",\"parentImage\":\"C:\\\\Windows\\\\CCM\\\\CcmExec.exe\",\"parentCommandLine\":\"C:\\\\Windows\\\\CCM\\\\CcmExec.exe -service\",\"hashes\":\"MD5=AD4F0121E05E45568A2E62DF8F91BF81,SHA256=454CFEEA347FDC3F0ACB885CFB4B031166A2387FAB14C4D4A5008AE16181F80E,IMPHASH=D3F8F91898C22767183D2C65A8BA9A98\"}}}",
      "expect": {
        "alert": false
      },
      "category": "noise",
      "attack": null,
      "evasion": false,
      "expected_rule_id": 100251,
      "expected_level": 0,
      "mitre_id": null
    },
    {
      "name": "noise 176 | SCCM | powershell Get-CimInstance",
      "event": "{\"win\":{\"system\":{\"providerName\":\"Microsoft-Windows-Sysmon\",\"providerGuid\":\"{5770385f-c22a-43e0-bf4c-06f5698ffbd9}\",\"eventID\":\"1\",\"version\":\"5\",\"level\":\"4\",\"task\":\"1\",\"opcode\":\"0\",\"keywords\":\"0x8000000000000000\",\"systemTime\":\"2026-08-19T03:53:54.054557715Z\",\"eventRecordID\":\"549275\",\"channel\":\"Microsoft-Windows-Sysmon/Operational\",\"computer\":\"kingslanding.sevenkingdoms.local\",\"severityValue\":\"INFORMATION\"},\"eventdata\":{\"utcTime\":\"2026-08-19 03:53:54.054\",\"processGuid\":\"{051995f2-ab96-0f16-cf17-000000000004}\",\"processId\":\"3973\",\"image\":\"C:\\\\Windows\\\\System32\\\\WindowsPowerShell\\\\v1.0\\\\powershell.exe\",\"commandLine\":\"powershell.exe -NoProfile -Command \\\"Get-CimInstance Win32_OperatingSystem\\\"\",\"currentDirectory\":\"C:\\\\Windows\\\\system32\\\\\",\"user\":\"NT AUTHORITY\\\\SYSTEM\",\"parentProcessGuid\":\"{03999d84-8c2e-7bbe-702b-000000000002}\",\"parentProcessId\":\"2356\",\"parentImage\":\"C:\\\\Windows\\\\CCM\\\\CcmExec.exe\",\"parentCommandLine\":\"\\\"C:\\\\Windows\\\\CCM\\\\CcmExec.exe\\\" -service -redirectWindowsUpdateLog\",\"hashes\":\"MD5=52A2D1D53AB7B54E6107FD5ACBDFFB15,SHA256=99C8275678FE526419811BC64793F96B0D55627558DFBBF37E4B9A9C4EEE61E1,IMPHASH=BA9BA9BB26C1A2513FD776DAAC02773E\"}}}",
      "expect": {
        "alert": false
      },
      "category": "noise",
      "attack": null,
      "evasion": false,
      "expected_rule_id": 100251,
      "expected_level": 0,
      "mitre_id": null
    },
    {
      "name": "noise 177 | SCCM | wmic memory",
      "event": "{\"win\":{\"system\":{\"providerName\":\"Microsoft-Windows-Sysmon\",\"providerGuid\":\"{5770385f-c22a-43e0-bf4c-06f5698ffbd9}\",\"eventID\":\"1\",\"version\":\"5\",\"level\":\"4\",\"task\":\"1\",\"opcode\":\"0\",\"keywords\":\"0x8000000000000000\",\"systemTime\":\"2026-08-19T03:55:46.905040575Z\",\"eventRecordID\":\"549276\",\"channel\":\"Microsoft-Windows-Sysmon/Operational\",\"computer\":\"kingslanding.sevenkingdoms.local\",\"severityValue\":\"INFORMATION\"},\"eventdata\":{\"utcTime\":\"2026-08-19 03:55:46.905\",\"processGuid\":\"{fd4ad5c2-0359-8106-82d6-000000000001}\",\"processId\":\"3226\",\"image\":\"C:\\\\Windows\\\\System32\\\\wmic.exe\",\"commandLine\":\"wmic os get FreePhysicalMemory /Value\",\"currentDirectory\":\"C:\\\\Windows\\\\system32\\\\\",\"user\":\"NT AUTHORITY\\\\SYSTEM\",\"parentProcessGuid\":\"{03999d84-8c2e-7bbe-702b-000000000002}\",\"parentProcessId\":\"2356\",\"parentImage\":\"C:\\\\Windows\\\\CCM\\\\CcmExec.exe\",\"parentCommandLine\":\"C:\\\\Windows\\\\CCM\\\\CcmExec.exe -service\",\"hashes\":\"MD5=0BBEA9C5DFA3B21E496EB133F02A042B,SHA256=22312883269B5B6AAE8A0E4D0EB6BF6912A204A16D684B7AD81535A1A923001A,IMPHASH=AD4EF768A5A9D4FA78F680FA0DF56583\"}}}",
      "expect": {
        "alert": false
      },
      "category": "noise",
      "attack": null,
      "evasion": false,
      "expected_rule_id": 100251,
      "expected_level": 0,
      "mitre_id": null
    },
    {
      "name": "noise 178 | SCCM | wmic bios serial",
      "event": "{\"win\":{\"system\":{\"providerName\":\"Microsoft-Windows-Sysmon\",\"providerGuid\":\"{5770385f-c22a-43e0-bf4c-06f5698ffbd9}\",\"eventID\":\"1\",\"version\":\"5\",\"level\":\"4\",\"task\":\"1\",\"opcode\":\"0\",\"keywords\":\"0x8000000000000000\",\"systemTime\":\"2026-08-19T03:56:58.312803734Z\",\"eventRecordID\":\"549277\",\"channel\":\"Microsoft-Windows-Sysmon/Operational\",\"computer\":\"kingslanding.sevenkingdoms.local\",\"severityValue\":\"INFORMATION\"},\"eventdata\":{\"utcTime\":\"2026-08-19 03:56:58.312\",\"processGuid\":\"{fd4ad5c2-0359-8106-82d6-000000000001}\",\"processId\":\"3226\",\"image\":\"C:\\\\Windows\\\\System32\\\\wmic.exe\",\"commandLine\":\"wmic path Win32_BIOS get SerialNumber\",\"currentDirectory\":\"C:\\\\Windows\\\\system32\\\\\",\"user\":\"NT AUTHORITY\\\\SYSTEM\",\"parentProcessGuid\":\"{03999d84-8c2e-7bbe-702b-000000000002}\",\"parentProcessId\":\"2356\",\"parentImage\":\"C:\\\\Windows\\\\CCM\\\\CcmExec.exe\",\"parentCommandLine\":\"\\\"C:\\\\Windows\\\\CCM\\\\CcmExec.exe\\\"\",\"hashes\":\"MD5=0BBEA9C5DFA3B21E496EB133F02A042B,SHA256=22312883269B5B6AAE8A0E4D0EB6BF6912A204A16D684B7AD81535A1A923001A,IMPHASH=AD4EF768A5A9D4FA78F680FA0DF56583\"}}}",
      "expect": {
        "alert": false
      },
      "category": "noise",
      "attack": null,
      "evasion": false,
      "expected_rule_id": 100251,
      "expected_level": 0,
      "mitre_id": null
    },
    {
      "name": "noise 179 | SCCM | cmd wmic products",
      "event": "{\"win\":{\"system\":{\"providerName\":\"Microsoft-Windows-Sysmon\",\"providerGuid\":\"{5770385f-c22a-43e0-bf4c-06f5698ffbd9}\",\"eventID\":\"1\",\"version\":\"5\",\"level\":\"4\",\"task\":\"1\",\"opcode\":\"0\",\"keywords\":\"0x8000000000000000\",\"systemTime\":\"2026-08-19T03:58:19.534228040Z\",\"eventRecordID\":\"549278\",\"channel\":\"Microsoft-Windows-Sysmon/Operational\",\"computer\":\"kingslanding.sevenkingdoms.local\",\"severityValue\":\"INFORMATION\"},\"eventdata\":{\"utcTime\":\"2026-08-19 03:58:19.534\",\"processGuid\":\"{11491d82-c4b3-35a1-0a67-000000000003}\",\"processId\":\"6145\",\"image\":\"C:\\\\Windows\\\\System32\\\\cmd.exe\",\"commandLine\":\"cmd.exe /c wmic path win32_product get name\",\"currentDirectory\":\"C:\\\\Windows\\\\system32\\\\\",\"user\":\"NT AUTHORITY\\\\SYSTEM\",\"parentProcessGuid\":\"{03999d84-8c2e-7bbe-702b-000000000002}\",\"parentProcessId\":\"2356\",\"parentImage\":\"C:\\\\Windows\\\\CCM\\\\CcmExec.exe\",\"parentCommandLine\":\"\\\"C:\\\\Windows\\\\CCM\\\\CcmExec.exe\\\"\",\"hashes\":\"MD5=AD4F0121E05E45568A2E62DF8F91BF81,SHA256=454CFEEA347FDC3F0ACB885CFB4B031166A2387FAB14C4D4A5008AE16181F80E,IMPHASH=D3F8F91898C22767183D2C65A8BA9A98\"}}}",
      "expect": {
        "alert": false
      },
      "category": "noise",
      "attack": null,
      "evasion": false,
      "expected_rule_id": 100251,
      "expected_level": 0,
      "mitre_id": null
    },
    {
      "name": "noise 180 | SCCM | cmd wmic memory",
      "event": "{\"win\":{\"system\":{\"providerName\":\"Microsoft-Windows-Sysmon\",\"providerGuid\":\"{5770385f-c22a-43e0-bf4c-06f5698ffbd9}\",\"eventID\":\"1\",\"version\":\"5\",\"level\":\"4\",\"task\":\"1\",\"opcode\":\"0\",\"keywords\":\"0x8000000000000000\",\"systemTime\":\"2026-08-19T04:00:00.025673879Z\",\"eventRecordID\":\"549279\",\"channel\":\"Microsoft-Windows-Sysmon/Operational\",\"computer\":\"kingslanding.sevenkingdoms.local\",\"severityValue\":\"INFORMATION\"},\"eventdata\":{\"utcTime\":\"2026-08-19 04:00:00.025\",\"processGuid\":\"{11491d82-c4b3-35a1-0a67-000000000003}\",\"processId\":\"6145\",\"image\":\"C:\\\\Windows\\\\System32\\\\cmd.exe\",\"commandLine\":\"cmd.exe /c \\\"wmic os get FreePhysicalMemory /Value\\\"\",\"currentDirectory\":\"C:\\\\Windows\\\\system32\\\\\",\"user\":\"NT AUTHORITY\\\\SYSTEM\",\"parentProcessGuid\":\"{03999d84-8c2e-7bbe-702b-000000000002}\",\"parentProcessId\":\"2356\",\"parentImage\":\"C:\\\\Windows\\\\CCM\\\\CcmExec.exe\",\"parentCommandLine\":\"\\\"C:\\\\Windows\\\\CCM\\\\CcmExec.exe\\\" -service -redirectWindowsUpdateLog\",\"hashes\":\"MD5=AD4F0121E05E45568A2E62DF8F91BF81,SHA256=454CFEEA347FDC3F0ACB885CFB4B031166A2387FAB14C4D4A5008AE16181F80E,IMPHASH=D3F8F91898C22767183D2C65A8BA9A98\"}}}",
      "expect": {
        "alert": false
      },
      "category": "noise",
      "attack": null,
      "evasion": false,
      "expected_rule_id": 100251,
      "expected_level": 0,
      "mitre_id": null
    },
    {
      "name": "noise 181 | SCCM | wmic domain",
      "event": "{\"win\":{\"system\":{\"providerName\":\"Microsoft-Windows-Sysmon\",\"providerGuid\":\"{5770385f-c22a-43e0-bf4c-06f5698ffbd9}\",\"eventID\":\"1\",\"version\":\"5\",\"level\":\"4\",\"task\":\"1\",\"opcode\":\"0\",\"keywords\":\"0x8000000000000000\",\"systemTime\":\"2026-08-19T04:00:38.275677764Z\",\"eventRecordID\":\"549280\",\"channel\":\"Microsoft-Windows-Sysmon/Operational\",\"computer\":\"kingslanding.sevenkingdoms.local\",\"severityValue\":\"INFORMATION\"},\"eventdata\":{\"utcTime\":\"2026-08-19 04:00:38.275\",\"processGuid\":\"{fd4ad5c2-0359-8106-82d6-000000000001}\",\"processId\":\"3226\",\"image\":\"C:\\\\Windows\\\\System32\\\\wmic.exe\",\"commandLine\":\"wmic path win32_computersystem get domain,username\",\"currentDirectory\":\"C:\\\\Windows\\\\CCM\\\\\",\"user\":\"NT AUTHORITY\\\\SYSTEM\",\"parentProcessGuid\":\"{03999d84-8c2e-7bbe-702b-000000000002}\",\"parentProcessId\":\"2356\",\"parentImage\":\"C:\\\\Windows\\\\CCM\\\\CcmExec.exe\",\"parentCommandLine\":\"\\\"C:\\\\Windows\\\\CCM\\\\CcmExec.exe\\\" -service -redirectWindowsUpdateLog\",\"hashes\":\"MD5=0BBEA9C5DFA3B21E496EB133F02A042B,SHA256=22312883269B5B6AAE8A0E4D0EB6BF6912A204A16D684B7AD81535A1A923001A,IMPHASH=AD4EF768A5A9D4FA78F680FA0DF56583\"}}}",
      "expect": {
        "alert": false
      },
      "category": "noise",
      "attack": null,
      "evasion": false,
      "expected_rule_id": 100251,
      "expected_level": 0,
      "mitre_id": null
    },
    {
      "name": "noise 182 | SCCM | wmic os caption",
      "event": "{\"win\":{\"system\":{\"providerName\":\"Microsoft-Windows-Sysmon\",\"providerGuid\":\"{5770385f-c22a-43e0-bf4c-06f5698ffbd9}\",\"eventID\":\"1\",\"version\":\"5\",\"level\":\"4\",\"task\":\"1\",\"opcode\":\"0\",\"keywords\":\"0x8000000000000000\",\"systemTime\":\"2026-08-19T04:01:48.929776461Z\",\"eventRecordID\":\"549281\",\"channel\":\"Microsoft-Windows-Sysmon/Operational\",\"computer\":\"kingslanding.sevenkingdoms.local\",\"severityValue\":\"INFORMATION\"},\"eventdata\":{\"utcTime\":\"2026-08-19 04:01:48.929\",\"processGuid\":\"{fd4ad5c2-0359-8106-82d6-000000000001}\",\"processId\":\"3226\",\"image\":\"C:\\\\Windows\\\\System32\\\\wmic.exe\",\"commandLine\":\"wmic path Win32_OperatingSystem get Caption,Version /Value\",\"currentDirectory\":\"C:\\\\Windows\\\\CCM\\\\\",\"user\":\"NT AUTHORITY\\\\SYSTEM\",\"parentProcessGuid\":\"{03999d84-8c2e-7bbe-702b-000000000002}\",\"parentProcessId\":\"2356\",\"parentImage\":\"C:\\\\Windows\\\\CCM\\\\CcmExec.exe\",\"parentCommandLine\":\"\\\"C:\\\\Windows\\\\CCM\\\\CcmExec.exe\\\"\",\"hashes\":\"MD5=0BBEA9C5DFA3B21E496EB133F02A042B,SHA256=22312883269B5B6AAE8A0E4D0EB6BF6912A204A16D684B7AD81535A1A923001A,IMPHASH=AD4EF768A5A9D4FA78F680FA0DF56583\"}}}",
      "expect": {
        "alert": false
      },
      "category": "noise",
      "attack": null,
      "evasion": false,
      "expected_rule_id": 100251,
      "expected_level": 0,
      "mitre_id": null
    },
    {
      "name": "noise 183 | SCCM | powershell Get-WmiObject",
      "event": "{\"win\":{\"system\":{\"providerName\":\"Microsoft-Windows-Sysmon\",\"providerGuid\":\"{5770385f-c22a-43e0-bf4c-06f5698ffbd9}\",\"eventID\":\"1\",\"version\":\"5\",\"level\":\"4\",\"task\":\"1\",\"opcode\":\"0\",\"keywords\":\"0x8000000000000000\",\"systemTime\":\"2026-08-19T04:03:53.518431461Z\",\"eventRecordID\":\"549282\",\"channel\":\"Microsoft-Windows-Sysmon/Operational\",\"computer\":\"kingslanding.sevenkingdoms.local\",\"severityValue\":\"INFORMATION\"},\"eventdata\":{\"utcTime\":\"2026-08-19 04:03:53.518\",\"processGuid\":\"{051995f2-ab96-0f16-cf17-000000000004}\",\"processId\":\"3973\",\"image\":\"C:\\\\Windows\\\\System32\\\\WindowsPowerShell\\\\v1.0\\\\powershell.exe\",\"commandLine\":\"powershell.exe -NoProfile -Command \\\"Get-WmiObject Win32_ComputerSystem\\\"\",\"currentDirectory\":\"C:\\\\Windows\\\\system32\\\\\",\"user\":\"NT AUTHORITY\\\\SYSTEM\",\"parentProcessGuid\":\"{03999d84-8c2e-7bbe-702b-000000000002}\",\"parentProcessId\":\"2356\",\"parentImage\":\"C:\\\\Windows\\\\CCM\\\\CcmExec.exe\",\"parentCommandLine\":\"\\\"C:\\\\Windows\\\\CCM\\\\CcmExec.exe\\\"\",\"hashes\":\"MD5=52A2D1D53AB7B54E6107FD5ACBDFFB15,SHA256=99C8275678FE526419811BC64793F96B0D55627558DFBBF37E4B9A9C4EEE61E1,IMPHASH=BA9BA9BB26C1A2513FD776DAAC02773E\"}}}",
      "expect": {
        "alert": false
      },
      "category": "noise",
      "attack": null,
      "evasion": false,
      "expected_rule_id": 100251,
      "expected_level": 0,
      "mitre_id": null
    },
    {
      "name": "noise 184 | SCCM | wmic inventory",
      "event": "{\"win\":{\"system\":{\"providerName\":\"Microsoft-Windows-Sysmon\",\"providerGuid\":\"{5770385f-c22a-43e0-bf4c-06f5698ffbd9}\",\"eventID\":\"1\",\"version\":\"5\",\"level\":\"4\",\"task\":\"1\",\"opcode\":\"0\",\"keywords\":\"0x8000000000000000\",\"systemTime\":\"2026-08-19T04:05:03.192318077Z\",\"eventRecordID\":\"549283\",\"channel\":\"Microsoft-Windows-Sysmon/Operational\",\"computer\":\"kingslanding.sevenkingdoms.local\",\"severityValue\":\"INFORMATION\"},\"eventdata\":{\"utcTime\":\"2026-08-19 04:05:03.192\",\"processGuid\":\"{fd4ad5c2-0359-8106-82d6-000000000001}\",\"processId\":\"3226\",\"image\":\"C:\\\\Windows\\\\System32\\\\wmic.exe\",\"commandLine\":\"wmic path win32_computersystem product get name\",\"currentDirectory\":\"C:\\\\Windows\\\\system32\\\\\",\"user\":\"NT AUTHORITY\\\\SYSTEM\",\"parentProcessGuid\":\"{03999d84-8c2e-7bbe-702b-000000000002}\",\"parentProcessId\":\"2356\",\"parentImage\":\"C:\\\\Windows\\\\CCM\\\\CcmExec.exe\",\"parentCommandLine\":\"\\\"C:\\\\Windows\\\\CCM\\\\CcmExec.exe\\\"\",\"hashes\":\"MD5=0BBEA9C5DFA3B21E496EB133F02A042B,SHA256=22312883269B5B6AAE8A0E4D0EB6BF6912A204A16D684B7AD81535A1A923001A,IMPHASH=AD4EF768A5A9D4FA78F680FA0DF56583\"}}}",
      "expect": {
        "alert": false
      },
      "category": "noise",
      "attack": null,
      "evasion": false,
      "expected_rule_id": 100251,
      "expected_level": 0,
      "mitre_id": null
    },
    {
      "name": "noise 185 | SCCM | cmd wmic products",
      "event": "{\"win\":{\"system\":{\"providerName\":\"Microsoft-Windows-Sysmon\",\"providerGuid\":\"{5770385f-c22a-43e0-bf4c-06f5698ffbd9}\",\"eventID\":\"1\",\"version\":\"5\",\"level\":\"4\",\"task\":\"1\",\"opcode\":\"0\",\"keywords\":\"0x8000000000000000\",\"systemTime\":\"2026-08-19T04:05:46.167415571Z\",\"eventRecordID\":\"549284\",\"channel\":\"Microsoft-Windows-Sysmon/Operational\",\"computer\":\"kingslanding.sevenkingdoms.local\",\"severityValue\":\"INFORMATION\"},\"eventdata\":{\"utcTime\":\"2026-08-19 04:05:46.167\",\"processGuid\":\"{11491d82-c4b3-35a1-0a67-000000000003}\",\"processId\":\"6145\",\"image\":\"C:\\\\Windows\\\\System32\\\\cmd.exe\",\"commandLine\":\"cmd.exe /c wmic path win32_product get name\",\"currentDirectory\":\"C:\\\\Windows\\\\CCM\\\\\",\"user\":\"NT AUTHORITY\\\\SYSTEM\",\"parentProcessGuid\":\"{03999d84-8c2e-7bbe-702b-000000000002}\",\"parentProcessId\":\"2356\",\"parentImage\":\"C:\\\\Windows\\\\CCM\\\\CcmExec.exe\",\"parentCommandLine\":\"\\\"C:\\\\Windows\\\\CCM\\\\CcmExec.exe\\\"\",\"hashes\":\"MD5=AD4F0121E05E45568A2E62DF8F91BF81,SHA256=454CFEEA347FDC3F0ACB885CFB4B031166A2387FAB14C4D4A5008AE16181F80E,IMPHASH=D3F8F91898C22767183D2C65A8BA9A98\"}}}",
      "expect": {
        "alert": false
      },
      "category": "noise",
      "attack": null,
      "evasion": false,
      "expected_rule_id": 100251,
      "expected_level": 0,
      "mitre_id": null
    },
    {
      "name": "noise 186 | SCCM | powershell Get-CimInstance",
      "event": "{\"win\":{\"system\":{\"providerName\":\"Microsoft-Windows-Sysmon\",\"providerGuid\":\"{5770385f-c22a-43e0-bf4c-06f5698ffbd9}\",\"eventID\":\"1\",\"version\":\"5\",\"level\":\"4\",\"task\":\"1\",\"opcode\":\"0\",\"keywords\":\"0x8000000000000000\",\"systemTime\":\"2026-08-19T04:07:38.851013385Z\",\"eventRecordID\":\"549285\",\"channel\":\"Microsoft-Windows-Sysmon/Operational\",\"computer\":\"kingslanding.sevenkingdoms.local\",\"severityValue\":\"INFORMATION\"},\"eventdata\":{\"utcTime\":\"2026-08-19 04:07:38.851\",\"processGuid\":\"{051995f2-ab96-0f16-cf17-000000000004}\",\"processId\":\"3973\",\"image\":\"C:\\\\Windows\\\\System32\\\\WindowsPowerShell\\\\v1.0\\\\powershell.exe\",\"commandLine\":\"powershell.exe -NoProfile -Command \\\"Get-CimInstance Win32_OperatingSystem\\\"\",\"currentDirectory\":\"C:\\\\Windows\\\\system32\\\\\",\"user\":\"NT AUTHORITY\\\\SYSTEM\",\"parentProcessGuid\":\"{03999d84-8c2e-7bbe-702b-000000000002}\",\"parentProcessId\":\"2356\",\"parentImage\":\"C:\\\\Windows\\\\CCM\\\\CcmExec.exe\",\"parentCommandLine\":\"\\\"C:\\\\Windows\\\\CCM\\\\CcmExec.exe\\\"\",\"hashes\":\"MD5=52A2D1D53AB7B54E6107FD5ACBDFFB15,SHA256=99C8275678FE526419811BC64793F96B0D55627558DFBBF37E4B9A9C4EEE61E1,IMPHASH=BA9BA9BB26C1A2513FD776DAAC02773E\"}}}",
      "expect": {
        "alert": false
      },
      "category": "noise",
      "attack": null,
      "evasion": false,
      "expected_rule_id": 100251,
      "expected_level": 0,
      "mitre_id": null
    },
    {
      "name": "noise 187 | SCCM | wmic inventory",
      "event": "{\"win\":{\"system\":{\"providerName\":\"Microsoft-Windows-Sysmon\",\"providerGuid\":\"{5770385f-c22a-43e0-bf4c-06f5698ffbd9}\",\"eventID\":\"1\",\"version\":\"5\",\"level\":\"4\",\"task\":\"1\",\"opcode\":\"0\",\"keywords\":\"0x8000000000000000\",\"systemTime\":\"2026-08-19T04:09:11.142993948Z\",\"eventRecordID\":\"549286\",\"channel\":\"Microsoft-Windows-Sysmon/Operational\",\"computer\":\"kingslanding.sevenkingdoms.local\",\"severityValue\":\"INFORMATION\"},\"eventdata\":{\"utcTime\":\"2026-08-19 04:09:11.142\",\"processGuid\":\"{fd4ad5c2-0359-8106-82d6-000000000001}\",\"processId\":\"3226\",\"image\":\"C:\\\\Windows\\\\System32\\\\wmic.exe\",\"commandLine\":\"wmic path win32_computersystem product get name\",\"currentDirectory\":\"C:\\\\Windows\\\\system32\\\\\",\"user\":\"NT AUTHORITY\\\\SYSTEM\",\"parentProcessGuid\":\"{03999d84-8c2e-7bbe-702b-000000000002}\",\"parentProcessId\":\"2356\",\"parentImage\":\"C:\\\\Windows\\\\CCM\\\\CcmExec.exe\",\"parentCommandLine\":\"C:\\\\Windows\\\\CCM\\\\CcmExec.exe -service\",\"hashes\":\"MD5=0BBEA9C5DFA3B21E496EB133F02A042B,SHA256=22312883269B5B6AAE8A0E4D0EB6BF6912A204A16D684B7AD81535A1A923001A,IMPHASH=AD4EF768A5A9D4FA78F680FA0DF56583\"}}}",
      "expect": {
        "alert": false
      },
      "category": "noise",
      "attack": null,
      "evasion": false,
      "expected_rule_id": 100251,
      "expected_level": 0,
      "mitre_id": null
    },
    {
      "name": "noise 188 | SCCM | powershell Get-WmiObject",
      "event": "{\"win\":{\"system\":{\"providerName\":\"Microsoft-Windows-Sysmon\",\"providerGuid\":\"{5770385f-c22a-43e0-bf4c-06f5698ffbd9}\",\"eventID\":\"1\",\"version\":\"5\",\"level\":\"4\",\"task\":\"1\",\"opcode\":\"0\",\"keywords\":\"0x8000000000000000\",\"systemTime\":\"2026-08-19T04:10:52.617376731Z\",\"eventRecordID\":\"549287\",\"channel\":\"Microsoft-Windows-Sysmon/Operational\",\"computer\":\"kingslanding.sevenkingdoms.local\",\"severityValue\":\"INFORMATION\"},\"eventdata\":{\"utcTime\":\"2026-08-19 04:10:52.617\",\"processGuid\":\"{051995f2-ab96-0f16-cf17-000000000004}\",\"processId\":\"3973\",\"image\":\"C:\\\\Windows\\\\System32\\\\WindowsPowerShell\\\\v1.0\\\\powershell.exe\",\"commandLine\":\"powershell.exe -NoProfile -Command \\\"Get-WmiObject Win32_ComputerSystem\\\"\",\"currentDirectory\":\"C:\\\\Windows\\\\system32\\\\\",\"user\":\"NT AUTHORITY\\\\SYSTEM\",\"parentProcessGuid\":\"{03999d84-8c2e-7bbe-702b-000000000002}\",\"parentProcessId\":\"2356\",\"parentImage\":\"C:\\\\Windows\\\\CCM\\\\CcmExec.exe\",\"parentCommandLine\":\"\\\"C:\\\\Windows\\\\CCM\\\\CcmExec.exe\\\"\",\"hashes\":\"MD5=52A2D1D53AB7B54E6107FD5ACBDFFB15,SHA256=99C8275678FE526419811BC64793F96B0D55627558DFBBF37E4B9A9C4EEE61E1,IMPHASH=BA9BA9BB26C1A2513FD776DAAC02773E\"}}}",
      "expect": {
        "alert": false
      },
      "category": "noise",
      "attack": null,
      "evasion": false,
      "expected_rule_id": 100251,
      "expected_level": 0,
      "mitre_id": null
    },
    {
      "name": "noise 189 | SCCM | powershell Get-WmiObject",
      "event": "{\"win\":{\"system\":{\"providerName\":\"Microsoft-Windows-Sysmon\",\"providerGuid\":\"{5770385f-c22a-43e0-bf4c-06f5698ffbd9}\",\"eventID\":\"1\",\"version\":\"5\",\"level\":\"4\",\"task\":\"1\",\"opcode\":\"0\",\"keywords\":\"0x8000000000000000\",\"systemTime\":\"2026-08-19T04:12:02.260929621Z\",\"eventRecordID\":\"549288\",\"channel\":\"Microsoft-Windows-Sysmon/Operational\",\"computer\":\"kingslanding.sevenkingdoms.local\",\"severityValue\":\"INFORMATION\"},\"eventdata\":{\"utcTime\":\"2026-08-19 04:12:02.260\",\"processGuid\":\"{051995f2-ab96-0f16-cf17-000000000004}\",\"processId\":\"3973\",\"image\":\"C:\\\\Windows\\\\System32\\\\WindowsPowerShell\\\\v1.0\\\\powershell.exe\",\"commandLine\":\"powershell.exe -NoLogo -NoProfile -Command \\\"Get-WmiObject Win32_LogicalDisk\\\"\",\"currentDirectory\":\"C:\\\\Windows\\\\system32\\\\\",\"user\":\"NT AUTHORITY\\\\SYSTEM\",\"parentProcessGuid\":\"{03999d84-8c2e-7bbe-702b-000000000002}\",\"parentProcessId\":\"2356\",\"parentImage\":\"C:\\\\Windows\\\\CCM\\\\CcmExec.exe\",\"parentCommandLine\":\"\\\"C:\\\\Windows\\\\CCM\\\\CcmExec.exe\\\" -service -redirectWindowsUpdateLog\",\"hashes\":\"MD5=52A2D1D53AB7B54E6107FD5ACBDFFB15,SHA256=99C8275678FE526419811BC64793F96B0D55627558DFBBF37E4B9A9C4EEE61E1,IMPHASH=BA9BA9BB26C1A2513FD776DAAC02773E\"}}}",
      "expect": {
        "alert": false
      },
      "category": "noise",
      "attack": null,
      "evasion": false,
      "expected_rule_id": 100251,
      "expected_level": 0,
      "mitre_id": null
    },
    {
      "name": "noise 190 | SCCM | wmic domain",
      "event": "{\"win\":{\"system\":{\"providerName\":\"Microsoft-Windows-Sysmon\",\"providerGuid\":\"{5770385f-c22a-43e0-bf4c-06f5698ffbd9}\",\"eventID\":\"1\",\"version\":\"5\",\"level\":\"4\",\"task\":\"1\",\"opcode\":\"0\",\"keywords\":\"0x8000000000000000\",\"systemTime\":\"2026-08-19T04:13:16.778365180Z\",\"eventRecordID\":\"549289\",\"channel\":\"Microsoft-Windows-Sysmon/Operational\",\"computer\":\"kingslanding.sevenkingdoms.local\",\"severityValue\":\"INFORMATION\"},\"eventdata\":{\"utcTime\":\"2026-08-19 04:13:16.778\",\"processGuid\":\"{fd4ad5c2-0359-8106-82d6-000000000001}\",\"processId\":\"3226\",\"image\":\"C:\\\\Windows\\\\System32\\\\wmic.exe\",\"commandLine\":\"wmic path win32_computersystem get domain,username\",\"currentDirectory\":\"C:\\\\Windows\\\\system32\\\\\",\"user\":\"NT AUTHORITY\\\\SYSTEM\",\"parentProcessGuid\":\"{03999d84-8c2e-7bbe-702b-000000000002}\",\"parentProcessId\":\"2356\",\"parentImage\":\"C:\\\\Windows\\\\CCM\\\\CcmExec.exe\",\"parentCommandLine\":\"C:\\\\Windows\\\\CCM\\\\CcmExec.exe -service\",\"hashes\":\"MD5=0BBEA9C5DFA3B21E496EB133F02A042B,SHA256=22312883269B5B6AAE8A0E4D0EB6BF6912A204A16D684B7AD81535A1A923001A,IMPHASH=AD4EF768A5A9D4FA78F680FA0DF56583\"}}}",
      "expect": {
        "alert": false
      },
      "category": "noise",
      "attack": null,
      "evasion": false,
      "expected_rule_id": 100251,
      "expected_level": 0,
      "mitre_id": null
    },
    {
      "name": "noise 191 | SCCM | powershell Get-WmiObject",
      "event": "{\"win\":{\"system\":{\"providerName\":\"Microsoft-Windows-Sysmon\",\"providerGuid\":\"{5770385f-c22a-43e0-bf4c-06f5698ffbd9}\",\"eventID\":\"1\",\"version\":\"5\",\"level\":\"4\",\"task\":\"1\",\"opcode\":\"0\",\"keywords\":\"0x8000000000000000\",\"systemTime\":\"2026-08-19T04:13:58.467187903Z\",\"eventRecordID\":\"549290\",\"channel\":\"Microsoft-Windows-Sysmon/Operational\",\"computer\":\"kingslanding.sevenkingdoms.local\",\"severityValue\":\"INFORMATION\"},\"eventdata\":{\"utcTime\":\"2026-08-19 04:13:58.467\",\"processGuid\":\"{051995f2-ab96-0f16-cf17-000000000004}\",\"processId\":\"3973\",\"image\":\"C:\\\\Windows\\\\System32\\\\WindowsPowerShell\\\\v1.0\\\\powershell.exe\",\"commandLine\":\"powershell.exe -ExecutionPolicy Bypass -Command \\\"Get-WmiObject Win32_BIOS\\\"\",\"currentDirectory\":\"C:\\\\Windows\\\\system32\\\\\",\"user\":\"NT AUTHORITY\\\\SYSTEM\",\"parentProcessGuid\":\"{03999d84-8c2e-7bbe-702b-000000000002}\",\"parentProcessId\":\"2356\",\"parentImage\":\"C:\\\\Windows\\\\CCM\\\\CcmExec.exe\",\"parentCommandLine\":\"\\\"C:\\\\Windows\\\\CCM\\\\CcmExec.exe\\\"\",\"hashes\":\"MD5=52A2D1D53AB7B54E6107FD5ACBDFFB15,SHA256=99C8275678FE526419811BC64793F96B0D55627558DFBBF37E4B9A9C4EEE61E1,IMPHASH=BA9BA9BB26C1A2513FD776DAAC02773E\"}}}",
      "expect": {
        "alert": false
      },
      "category": "noise",
      "attack": null,
      "evasion": false,
      "expected_rule_id": 100251,
      "expected_level": 0,
      "mitre_id": null
    },
    {
      "name": "noise 192 | SCCM | cmd wmic memory",
      "event": "{\"win\":{\"system\":{\"providerName\":\"Microsoft-Windows-Sysmon\",\"providerGuid\":\"{5770385f-c22a-43e0-bf4c-06f5698ffbd9}\",\"eventID\":\"1\",\"version\":\"5\",\"level\":\"4\",\"task\":\"1\",\"opcode\":\"0\",\"keywords\":\"0x8000000000000000\",\"systemTime\":\"2026-08-19T04:16:16.547422886Z\",\"eventRecordID\":\"549291\",\"channel\":\"Microsoft-Windows-Sysmon/Operational\",\"computer\":\"kingslanding.sevenkingdoms.local\",\"severityValue\":\"INFORMATION\"},\"eventdata\":{\"utcTime\":\"2026-08-19 04:16:16.547\",\"processGuid\":\"{11491d82-c4b3-35a1-0a67-000000000003}\",\"processId\":\"6145\",\"image\":\"C:\\\\Windows\\\\System32\\\\cmd.exe\",\"commandLine\":\"cmd.exe /c \\\"wmic os get FreePhysicalMemory /Value\\\"\",\"currentDirectory\":\"C:\\\\Windows\\\\CCM\\\\\",\"user\":\"NT AUTHORITY\\\\SYSTEM\",\"parentProcessGuid\":\"{03999d84-8c2e-7bbe-702b-000000000002}\",\"parentProcessId\":\"2356\",\"parentImage\":\"C:\\\\Windows\\\\CCM\\\\CcmExec.exe\",\"parentCommandLine\":\"C:\\\\Windows\\\\CCM\\\\CcmExec.exe -service\",\"hashes\":\"MD5=AD4F0121E05E45568A2E62DF8F91BF81,SHA256=454CFEEA347FDC3F0ACB885CFB4B031166A2387FAB14C4D4A5008AE16181F80E,IMPHASH=D3F8F91898C22767183D2C65A8BA9A98\"}}}",
      "expect": {
        "alert": false
      },
      "category": "noise",
      "attack": null,
      "evasion": false,
      "expected_rule_id": 100251,
      "expected_level": 0,
      "mitre_id": null
    },
