    {
      "name": "noise 348 | Veeam | Get-VBRJob",
      "event": "{\"win\":{\"system\":{\"providerName\":\"Microsoft-Windows-Sysmon\",\"providerGuid\":\"{5770385f-c22a-43e0-bf4c-06f5698ffbd9}\",\"eventID\":\"1\",\"version\":\"5\",\"level\":\"4\",\"task\":\"1\",\"opcode\":\"0\",\"keywords\":\"0x8000000000000000\",\"systemTime\":\"2026-08-19T07:44:10.779024917Z\",\"eventRecordID\":\"549447\",\"channel\":\"Microsoft-Windows-Sysmon/Operational\",\"computer\":\"kingslanding.sevenkingdoms.local\",\"severityValue\":\"INFORMATION\"},\"eventdata\":{\"utcTime\":\"2026-08-19 07:44:10.779\",\"processGuid\":\"{ae7e5c4e-48a7-f71e-bd41-000000000005}\",\"processId\":\"3973\",\"image\":\"C:\\\\Windows\\\\System32\\\\WindowsPowerShell\\\\v1.0\\\\powershell.exe\",\"commandLine\":\"powershell.exe -NoProfile -Command \\\"Get-VBRJob | Select-Object Name,LastResult\\\"\",\"currentDirectory\":\"C:\\\\Program Files\\\\Veeam\\\\Backup\\\\\",\"user\":\"SEVENKINGDOMS\\\\backup_svc\",\"parentProcessGuid\":\"{38b9f294-fd3e-b1ba-b93b-000000000006}\",\"parentProcessId\":\"3122\",\"parentImage\":\"C:\\\\Program Files\\\\Veeam\\\\Backup\\\\VeeamAgent.exe\",\"parentCommandLine\":\"\\\"C:\\\\Program Files\\\\Veeam\\\\Backup\\\\VeeamAgent.exe\\\" -runjob DailyBackup\",\"hashes\":\"MD5=52A2D1D53AB7B54E6107FD5ACBDFFB15,SHA256=99C8275678FE526419811BC64793F96B0D55627558DFBBF37E4B9A9C4EEE61E1,IMPHASH=BA9BA9BB26C1A2513FD776DAAC02773E\"}}}",
      "expect": {
        "alert": false
      },
      "category": "noise",
      "attack": null,
      "evasion": false,
      "expected_rule_id": 100251,
      "expected_level": 0,
      "mitre_id": null
    },
    {
      "name": "noise 349 | Veeam | backup_post.ps1",
      "event": "{\"win\":{\"system\":{\"providerName\":\"Microsoft-Windows-Sysmon\",\"providerGuid\":\"{5770385f-c22a-43e0-bf4c-06f5698ffbd9}\",\"eventID\":\"1\",\"version\":\"5\",\"level\":\"4\",\"task\":\"1\",\"opcode\":\"0\",\"keywords\":\"0x8000000000000000\",\"systemTime\":\"2026-08-19T07:45:08.019450861Z\",\"eventRecordID\":\"549448\",\"channel\":\"Microsoft-Windows-Sysmon/Operational\",\"computer\":\"kingslanding.sevenkingdoms.local\",\"severityValue\":\"INFORMATION\"},\"eventdata\":{\"utcTime\":\"2026-08-19 07:45:08.019\",\"processGuid\":\"{ae7e5c4e-48a7-f71e-bd41-000000000005}\",\"processId\":\"3973\",\"image\":\"C:\\\\Windows\\\\System32\\\\WindowsPowerShell\\\\v1.0\\\\powershell.exe\",\"commandLine\":\"powershell.exe -NoProfile -File \\\"C:\\\\Program Files\\\\Veeam\\\\Backup\\\\Scripts\\\\backup_post.ps1\\\"\",\"currentDirectory\":\"C:\\\\Program Files\\\\Veeam\\\\Backup\\\\\",\"user\":\"SEVENKINGDOMS\\\\backup_svc\",\"parentProcessGuid\":\"{38b9f294-fd3e-b1ba-b93b-000000000006}\",\"parentProcessId\":\"3122\",\"parentImage\":\"C:\\\\Program Files\\\\Veeam\\\\Backup\\\\VeeamAgent.exe\",\"parentCommandLine\":\"\\\"C:\\\\Program Files\\\\Veeam\\\\Backup\\\\VeeamAgent.exe\\\" -runjob NightlyBackup\",\"hashes\":\"MD5=52A2D1D53AB7B54E6107FD5ACBDFFB15,SHA256=99C8275678FE526419811BC64793F96B0D55627558DFBBF37E4B9A9C4EEE61E1,IMPHASH=BA9BA9BB26C1A2513FD776DAAC02773E\"}}}",
      "expect": {
        "alert": false
      },
      "category": "noise",
      "attack": null,
      "evasion": false,
      "expected_rule_id": 100251,
      "expected_level": 0,
      "mitre_id": null
    },
    {
      "name": "noise 350 | Veeam | Start-VBRJob",
      "event": "{\"win\":{\"system\":{\"providerName\":\"Microsoft-Windows-Sysmon\",\"providerGuid\":\"{5770385f-c22a-43e0-bf4c-06f5698ffbd9}\",\"eventID\":\"1\",\"version\":\"5\",\"level\":\"4\",\"task\":\"1\",\"opcode\":\"0\",\"keywords\":\"0x8000000000000000\",\"systemTime\":\"2026-08-19T07:46:47.386636627Z\",\"eventRecordID\":\"549449\",\"channel\":\"Microsoft-Windows-Sysmon/Operational\",\"computer\":\"kingslanding.sevenkingdoms.local\",\"severityValue\":\"INFORMATION\"},\"eventdata\":{\"utcTime\":\"2026-08-19 07:46:47.386\",\"processGuid\":\"{ae7e5c4e-48a7-f71e-bd41-000000000005}\",\"processId\":\"3973\",\"image\":\"C:\\\\Windows\\\\System32\\\\WindowsPowerShell\\\\v1.0\\\\powershell.exe\",\"commandLine\":\"powershell.exe -NoProfile -Command \\\"Start-VBRJob -Job 'DailyBackup'\\\"\",\"currentDirectory\":\"C:\\\\Program Files\\\\Veeam\\\\Backup\\\\\",\"user\":\"SEVENKINGDOMS\\\\backup_svc\",\"parentProcessGuid\":\"{38b9f294-fd3e-b1ba-b93b-000000000006}\",\"parentProcessId\":\"3122\",\"parentImage\":\"C:\\\\Program Files\\\\Veeam\\\\Backup\\\\VeeamAgent.exe\",\"parentCommandLine\":\"\\\"C:\\\\Program Files\\\\Veeam\\\\Backup\\\\VeeamAgent.exe\\\" -runjob DailyBackup\",\"hashes\":\"MD5=52A2D1D53AB7B54E6107FD5ACBDFFB15,SHA256=99C8275678FE526419811BC64793F96B0D55627558DFBBF37E4B9A9C4EEE61E1,IMPHASH=BA9BA9BB26C1A2513FD776DAAC02773E\"}}}",
      "expect": {
        "alert": false
      },
      "category": "noise",
      "attack": null,
      "evasion": false,
      "expected_rule_id": 100251,
      "expected_level": 0,
      "mitre_id": null
    },
    {
      "name": "noise 351 | Veeam | backup_post.ps1",
      "event": "{\"win\":{\"system\":{\"providerName\":\"Microsoft-Windows-Sysmon\",\"providerGuid\":\"{5770385f-c22a-43e0-bf4c-06f5698ffbd9}\",\"eventID\":\"1\",\"version\":\"5\",\"level\":\"4\",\"task\":\"1\",\"opcode\":\"0\",\"keywords\":\"0x8000000000000000\",\"systemTime\":\"2026-08-19T07:47:27.464368233Z\",\"eventRecordID\":\"549450\",\"channel\":\"Microsoft-Windows-Sysmon/Operational\",\"computer\":\"kingslanding.sevenkingdoms.local\",\"severityValue\":\"INFORMATION\"},\"eventdata\":{\"utcTime\":\"2026-08-19 07:47:27.464\",\"processGuid\":\"{ae7e5c4e-48a7-f71e-bd41-000000000005}\",\"processId\":\"3973\",\"image\":\"C:\\\\Windows\\\\System32\\\\WindowsPowerShell\\\\v1.0\\\\powershell.exe\",\"commandLine\":\"powershell.exe -NoProfile -File \\\"C:\\\\Program Files\\\\Veeam\\\\Backup\\\\Scripts\\\\backup_post.ps1\\\"\",\"currentDirectory\":\"C:\\\\Program Files\\\\Veeam\\\\Backup\\\\\",\"user\":\"SEVENKINGDOMS\\\\backup_svc\",\"parentProcessGuid\":\"{38b9f294-fd3e-b1ba-b93b-000000000006}\",\"parentProcessId\":\"3122\",\"parentImage\":\"C:\\\\Program Files\\\\Veeam\\\\Backup\\\\VeeamAgent.exe\",\"parentCommandLine\":\"\\\"C:\\\\Program Files\\\\Veeam\\\\Backup\\\\VeeamAgent.exe\\\" -runjob DailyBackup\",\"hashes\":\"MD5=52A2D1D53AB7B54E6107FD5ACBDFFB15,SHA256=99C8275678FE526419811BC64793F96B0D55627558DFBBF37E4B9A9C4EEE61E1,IMPHASH=BA9BA9BB26C1A2513FD776DAAC02773E\"}}}",
      "expect": {
        "alert": false
      },
      "category": "noise",
      "attack": null,
      "evasion": false,
      "expected_rule_id": 100251,
      "expected_level": 0,
      "mitre_id": null
    },
    {
      "name": "noise 352 | Veeam | pre_job.ps1",
      "event": "{\"win\":{\"system\":{\"providerName\":\"Microsoft-Windows-Sysmon\",\"providerGuid\":\"{5770385f-c22a-43e0-bf4c-06f5698ffbd9}\",\"eventID\":\"1\",\"version\":\"5\",\"level\":\"4\",\"task\":\"1\",\"opcode\":\"0\",\"keywords\":\"0x8000000000000000\",\"systemTime\":\"2026-08-19T07:48:50.522020994Z\",\"eventRecordID\":\"549451\",\"channel\":\"Microsoft-Windows-Sysmon/Operational\",\"computer\":\"kingslanding.sevenkingdoms.local\",\"severityValue\":\"INFORMATION\"},\"eventdata\":{\"utcTime\":\"2026-08-19 07:48:50.522\",\"processGuid\":\"{ae7e5c4e-48a7-f71e-bd41-000000000005}\",\"processId\":\"3973\",\"image\":\"C:\\\\Windows\\\\System32\\\\WindowsPowerShell\\\\v1.0\\\\powershell.exe\",\"commandLine\":\"powershell.exe -NoProfile -File \\\"C:\\\\Program Files\\\\Veeam\\\\Backup\\\\Scripts\\\\pre_job.ps1\\\"\",\"currentDirectory\":\"C:\\\\Program Files\\\\Veeam\\\\Backup\\\\\",\"user\":\"SEVENKINGDOMS\\\\backup_svc\",\"parentProcessGuid\":\"{38b9f294-fd3e-b1ba-b93b-000000000006}\",\"parentProcessId\":\"3122\",\"parentImage\":\"C:\\\\Program Files\\\\Veeam\\\\Backup\\\\VeeamAgent.exe\",\"parentCommandLine\":\"\\\"C:\\\\Program Files\\\\Veeam\\\\Backup\\\\VeeamAgent.exe\\\" -runjob NightlyBackup\",\"hashes\":\"MD5=52A2D1D53AB7B54E6107FD5ACBDFFB15,SHA256=99C8275678FE526419811BC64793F96B0D55627558DFBBF37E4B9A9C4EEE61E1,IMPHASH=BA9BA9BB26C1A2513FD776DAAC02773E\"}}}",
      "expect": {
        "alert": false
      },
      "category": "noise",
      "attack": null,
      "evasion": false,
      "expected_rule_id": 100251,
      "expected_level": 0,
      "mitre_id": null
    },
    {
      "name": "noise 353 | Veeam | Get-Volume",
      "event": "{\"win\":{\"system\":{\"providerName\":\"Microsoft-Windows-Sysmon\",\"providerGuid\":\"{5770385f-c22a-43e0-bf4c-06f5698ffbd9}\",\"eventID\":\"1\",\"version\":\"5\",\"level\":\"4\",\"task\":\"1\",\"opcode\":\"0\",\"keywords\":\"0x8000000000000000\",\"systemTime\":\"2026-08-19T07:50:07.907995045Z\",\"eventRecordID\":\"549452\",\"channel\":\"Microsoft-Windows-Sysmon/Operational\",\"computer\":\"kingslanding.sevenkingdoms.local\",\"severityValue\":\"INFORMATION\"},\"eventdata\":{\"utcTime\":\"2026-08-19 07:50:07.907\",\"processGuid\":\"{ae7e5c4e-48a7-f71e-bd41-000000000005}\",\"processId\":\"3973\",\"image\":\"C:\\\\Windows\\\\System32\\\\WindowsPowerShell\\\\v1.0\\\\powershell.exe\",\"commandLine\":\"powershell.exe -NoProfile -Command \\\"Get-Volume | Where-Object DriveLetter -eq 'D'\\\"\",\"currentDirectory\":\"C:\\\\Program Files\\\\Veeam\\\\Backup\\\\\",\"user\":\"SEVENKINGDOMS\\\\backup_svc\",\"parentProcessGuid\":\"{38b9f294-fd3e-b1ba-b93b-000000000006}\",\"parentProcessId\":\"3122\",\"parentImage\":\"C:\\\\Program Files\\\\Veeam\\\\Backup\\\\VeeamAgent.exe\",\"parentCommandLine\":\"\\\"C:\\\\Program Files\\\\Veeam\\\\Backup\\\\VeeamAgent.exe\\\" -runjob DailyBackup\",\"hashes\":\"MD5=52A2D1D53AB7B54E6107FD5ACBDFFB15,SHA256=99C8275678FE526419811BC64793F96B0D55627558DFBBF37E4B9A9C4EEE61E1,IMPHASH=BA9BA9BB26C1A2513FD776DAAC02773E\"}}}",
      "expect": {
        "alert": false
      },
      "category": "noise",
      "attack": null,
      "evasion": false,
      "expected_rule_id": 100251,
      "expected_level": 0,
      "mitre_id": null
    },
    {
      "name": "noise 354 | Veeam | pre_job.ps1",
      "event": "{\"win\":{\"system\":{\"providerName\":\"Microsoft-Windows-Sysmon\",\"providerGuid\":\"{5770385f-c22a-43e0-bf4c-06f5698ffbd9}\",\"eventID\":\"1\",\"version\":\"5\",\"level\":\"4\",\"task\":\"1\",\"opcode\":\"0\",\"keywords\":\"0x8000000000000000\",\"systemTime\":\"2026-08-19T07:51:44.979799115Z\",\"eventRecordID\":\"549453\",\"channel\":\"Microsoft-Windows-Sysmon/Operational\",\"computer\":\"kingslanding.sevenkingdoms.local\",\"severityValue\":\"INFORMATION\"},\"eventdata\":{\"utcTime\":\"2026-08-19 07:51:44.979\",\"processGuid\":\"{ae7e5c4e-48a7-f71e-bd41-000000000005}\",\"processId\":\"3973\",\"image\":\"C:\\\\Windows\\\\System32\\\\WindowsPowerShell\\\\v1.0\\\\powershell.exe\",\"commandLine\":\"powershell.exe -NoProfile -File \\\"C:\\\\Program Files\\\\Veeam\\\\Backup\\\\Scripts\\\\pre_job.ps1\\\"\",\"currentDirectory\":\"C:\\\\Program Files\\\\Veeam\\\\Backup\\\\\",\"user\":\"SEVENKINGDOMS\\\\backup_svc\",\"parentProcessGuid\":\"{38b9f294-fd3e-b1ba-b93b-000000000006}\",\"parentProcessId\":\"3122\",\"parentImage\":\"C:\\\\Program Files\\\\Veeam\\\\Backup\\\\VeeamAgent.exe\",\"parentCommandLine\":\"\\\"C:\\\\Program Files\\\\Veeam\\\\Backup\\\\VeeamAgent.exe\\\" -runjob NightlyBackup\",\"hashes\":\"MD5=52A2D1D53AB7B54E6107FD5ACBDFFB15,SHA256=99C8275678FE526419811BC64793F96B0D55627558DFBBF37E4B9A9C4EEE61E1,IMPHASH=BA9BA9BB26C1A2513FD776DAAC02773E\"}}}",
      "expect": {
        "alert": false
      },
      "category": "noise",
      "attack": null,
      "evasion": false,
      "expected_rule_id": 100251,
      "expected_level": 0,
      "mitre_id": null
    },
    {
      "name": "noise 355 | Veeam | backup_post.ps1",
      "event": "{\"win\":{\"system\":{\"providerName\":\"Microsoft-Windows-Sysmon\",\"providerGuid\":\"{5770385f-c22a-43e0-bf4c-06f5698ffbd9}\",\"eventID\":\"1\",\"version\":\"5\",\"level\":\"4\",\"task\":\"1\",\"opcode\":\"0\",\"keywords\":\"0x8000000000000000\",\"systemTime\":\"2026-08-19T07:52:34.704391960Z\",\"eventRecordID\":\"549454\",\"channel\":\"Microsoft-Windows-Sysmon/Operational\",\"computer\":\"kingslanding.sevenkingdoms.local\",\"severityValue\":\"INFORMATION\"},\"eventdata\":{\"utcTime\":\"2026-08-19 07:52:34.704\",\"processGuid\":\"{ae7e5c4e-48a7-f71e-bd41-000000000005}\",\"processId\":\"3973\",\"image\":\"C:\\\\Windows\\\\System32\\\\WindowsPowerShell\\\\v1.0\\\\powershell.exe\",\"commandLine\":\"powershell.exe -NoProfile -File \\\"C:\\\\Program Files\\\\Veeam\\\\Backup\\\\Scripts\\\\backup_post.ps1\\\"\",\"currentDirectory\":\"C:\\\\Program Files\\\\Veeam\\\\Backup\\\\\",\"user\":\"SEVENKINGDOMS\\\\backup_svc\",\"parentProcessGuid\":\"{38b9f294-fd3e-b1ba-b93b-000000000006}\",\"parentProcessId\":\"3122\",\"parentImage\":\"C:\\\\Program Files\\\\Veeam\\\\Backup\\\\VeeamAgent.exe\",\"parentCommandLine\":\"\\\"C:\\\\Program Files\\\\Veeam\\\\Backup\\\\VeeamAgent.exe\\\" -runjob DailyBackup\",\"hashes\":\"MD5=52A2D1D53AB7B54E6107FD5ACBDFFB15,SHA256=99C8275678FE526419811BC64793F96B0D55627558DFBBF37E4B9A9C4EEE61E1,IMPHASH=BA9BA9BB26C1A2513FD776DAAC02773E\"}}}",
      "expect": {
        "alert": false
      },
      "category": "noise",
      "attack": null,
      "evasion": false,
      "expected_rule_id": 100251,
      "expected_level": 0,
      "mitre_id": null
    },
    {
      "name": "noise 356 | Veeam | vss_check.ps1",
      "event": "{\"win\":{\"system\":{\"providerName\":\"Microsoft-Windows-Sysmon\",\"providerGuid\":\"{5770385f-c22a-43e0-bf4c-06f5698ffbd9}\",\"eventID\":\"1\",\"version\":\"5\",\"level\":\"4\",\"task\":\"1\",\"opcode\":\"0\",\"keywords\":\"0x8000000000000000\",\"systemTime\":\"2026-08-19T07:54:00.303238271Z\",\"eventRecordID\":\"549455\",\"channel\":\"Microsoft-Windows-Sysmon/Operational\",\"computer\":\"kingslanding.sevenkingdoms.local\",\"severityValue\":\"INFORMATION\"},\"eventdata\":{\"utcTime\":\"2026-08-19 07:54:00.303\",\"processGuid\":\"{ae7e5c4e-48a7-f71e-bd41-000000000005}\",\"processId\":\"3973\",\"image\":\"C:\\\\Windows\\\\System32\\\\WindowsPowerShell\\\\v1.0\\\\powershell.exe\",\"commandLine\":\"powershell.exe -ExecutionPolicy Bypass -File C:\\\\Program Files\\\\Veeam\\\\Backup\\\\Scripts\\\\vss_check.ps1\",\"currentDirectory\":\"C:\\\\Program Files\\\\Veeam\\\\Backup\\\\\",\"user\":\"SEVENKINGDOMS\\\\backup_svc\",\"parentProcessGuid\":\"{38b9f294-fd3e-b1ba-b93b-000000000006}\",\"parentProcessId\":\"3122\",\"parentImage\":\"C:\\\\Program Files\\\\Veeam\\\\Backup\\\\VeeamAgent.exe\",\"parentCommandLine\":\"\\\"C:\\\\Program Files\\\\Veeam\\\\Backup\\\\VeeamAgent.exe\\\" -runjob NightlyBackup\",\"hashes\":\"MD5=52A2D1D53AB7B54E6107FD5ACBDFFB15,SHA256=99C8275678FE526419811BC64793F96B0D55627558DFBBF37E4B9A9C4EEE61E1,IMPHASH=BA9BA9BB26C1A2513FD776DAAC02773E\"}}}",
      "expect": {
        "alert": false
      },
      "category": "noise",
      "attack": null,
      "evasion": false,
      "expected_rule_id": 100251,
      "expected_level": 0,
      "mitre_id": null
    },
    {
      "name": "noise 357 | Veeam | Get-VBRBackupSession",
      "event": "{\"win\":{\"system\":{\"providerName\":\"Microsoft-Windows-Sysmon\",\"providerGuid\":\"{5770385f-c22a-43e0-bf4c-06f5698ffbd9}\",\"eventID\":\"1\",\"version\":\"5\",\"level\":\"4\",\"task\":\"1\",\"opcode\":\"0\",\"keywords\":\"0x8000000000000000\",\"systemTime\":\"2026-08-19T07:56:11.643667331Z\",\"eventRecordID\":\"549456\",\"channel\":\"Microsoft-Windows-Sysmon/Operational\",\"computer\":\"kingslanding.sevenkingdoms.local\",\"severityValue\":\"INFORMATION\"},\"eventdata\":{\"utcTime\":\"2026-08-19 07:56:11.643\",\"processGuid\":\"{ae7e5c4e-48a7-f71e-bd41-000000000005}\",\"processId\":\"3973\",\"image\":\"C:\\\\Windows\\\\System32\\\\WindowsPowerShell\\\\v1.0\\\\powershell.exe\",\"commandLine\":\"powershell.exe -NoProfile -Command \\\"Get-VBRBackupSession | Where-Object {$_.Result -eq 'Success'}\\\"\",\"currentDirectory\":\"C:\\\\Program Files\\\\Veeam\\\\Backup\\\\\",\"user\":\"SEVENKINGDOMS\\\\backup_svc\",\"parentProcessGuid\":\"{38b9f294-fd3e-b1ba-b93b-000000000006}\",\"parentProcessId\":\"3122\",\"parentImage\":\"C:\\\\Program Files\\\\Veeam\\\\Backup\\\\VeeamAgent.exe\",\"parentCommandLine\":\"C:\\\\Program Files\\\\Veeam\\\\Backup\\\\VeeamAgent.exe\",\"hashes\":\"MD5=52A2D1D53AB7B54E6107FD5ACBDFFB15,SHA256=99C8275678FE526419811BC64793F96B0D55627558DFBBF37E4B9A9C4EEE61E1,IMPHASH=BA9BA9BB26C1A2513FD776DAAC02773E\"}}}",
      "expect": {
        "alert": false
      },
      "category": "noise",
      "attack": null,
      "evasion": false,
      "expected_rule_id": 100251,
      "expected_level": 0,
      "mitre_id": null
    },
    {
      "name": "noise 358 | Veeam | Get-VBRJob",
      "event": "{\"win\":{\"system\":{\"providerName\":\"Microsoft-Windows-Sysmon\",\"providerGuid\":\"{5770385f-c22a-43e0-bf4c-06f5698ffbd9}\",\"eventID\":\"1\",\"version\":\"5\",\"level\":\"4\",\"task\":\"1\",\"opcode\":\"0\",\"keywords\":\"0x8000000000000000\",\"systemTime\":\"2026-08-19T07:57:22.839730031Z\",\"eventRecordID\":\"549457\",\"channel\":\"Microsoft-Windows-Sysmon/Operational\",\"computer\":\"kingslanding.sevenkingdoms.local\",\"severityValue\":\"INFORMATION\"},\"eventdata\":{\"utcTime\":\"2026-08-19 07:57:22.839\",\"processGuid\":\"{ae7e5c4e-48a7-f71e-bd41-000000000005}\",\"processId\":\"3973\",\"image\":\"C:\\\\Windows\\\\System32\\\\WindowsPowerShell\\\\v1.0\\\\powershell.exe\",\"commandLine\":\"powershell.exe -NoProfile -Command \\\"Get-VBRJob | Select-Object Name,LastResult\\\"\",\"currentDirectory\":\"C:\\\\Program Files\\\\Veeam\\\\Backup\\\\\",\"user\":\"SEVENKINGDOMS\\\\backup_svc\",\"parentProcessGuid\":\"{38b9f294-fd3e-b1ba-b93b-000000000006}\",\"parentProcessId\":\"3122\",\"parentImage\":\"C:\\\\Program Files\\\\Veeam\\\\Backup\\\\VeeamAgent.exe\",\"parentCommandLine\":\"\\\"C:\\\\Program Files\\\\Veeam\\\\Backup\\\\VeeamAgent.exe\\\" -runjob DailyBackup\",\"hashes\":\"MD5=52A2D1D53AB7B54E6107FD5ACBDFFB15,SHA256=99C8275678FE526419811BC64793F96B0D55627558DFBBF37E4B9A9C4EEE61E1,IMPHASH=BA9BA9BB26C1A2513FD776DAAC02773E\"}}}",
      "expect": {
        "alert": false
      },
      "category": "noise",
      "attack": null,
      "evasion": false,
      "expected_rule_id": 100251,
      "expected_level": 0,
      "mitre_id": null
    },
    {
      "name": "noise 359 | Veeam | Get-Volume",
      "event": "{\"win\":{\"system\":{\"providerName\":\"Microsoft-Windows-Sysmon\",\"providerGuid\":\"{5770385f-c22a-43e0-bf4c-06f5698ffbd9}\",\"eventID\":\"1\",\"version\":\"5\",\"level\":\"4\",\"task\":\"1\",\"opcode\":\"0\",\"keywords\":\"0x8000000000000000\",\"systemTime\":\"2026-08-19T07:58:07.004730942Z\",\"eventRecordID\":\"549458\",\"channel\":\"Microsoft-Windows-Sysmon/Operational\",\"computer\":\"kingslanding.sevenkingdoms.local\",\"severityValue\":\"INFORMATION\"},\"eventdata\":{\"utcTime\":\"2026-08-19 07:58:07.004\",\"processGuid\":\"{ae7e5c4e-48a7-f71e-bd41-000000000005}\",\"processId\":\"3973\",\"image\":\"C:\\\\Windows\\\\System32\\\\WindowsPowerShell\\\\v1.0\\\\powershell.exe\",\"commandLine\":\"powershell.exe -NoProfile -Command \\\"Get-Volume | Where-Object DriveLetter -eq 'D'\\\"\",\"currentDirectory\":\"C:\\\\Program Files\\\\Veeam\\\\Backup\\\\\",\"user\":\"SEVENKINGDOMS\\\\backup_svc\",\"parentProcessGuid\":\"{38b9f294-fd3e-b1ba-b93b-000000000006}\",\"parentProcessId\":\"3122\",\"parentImage\":\"C:\\\\Program Files\\\\Veeam\\\\Backup\\\\VeeamAgent.exe\",\"parentCommandLine\":\"C:\\\\Program Files\\\\Veeam\\\\Backup\\\\VeeamAgent.exe\",\"hashes\":\"MD5=52A2D1D53AB7B54E6107FD5ACBDFFB15,SHA256=99C8275678FE526419811BC64793F96B0D55627558DFBBF37E4B9A9C4EEE61E1,IMPHASH=BA9BA9BB26C1A2513FD776DAAC02773E\"}}}",
      "expect": {
        "alert": false
      },
      "category": "noise",
      "attack": null,
      "evasion": false,
      "expected_rule_id": 100251,
      "expected_level": 0,
      "mitre_id": null
    },
    {
      "name": "noise 360 | Veeam | Get-VBRJob",
      "event": "{\"win\":{\"system\":{\"providerName\":\"Microsoft-Windows-Sysmon\",\"providerGuid\":\"{5770385f-c22a-43e0-bf4c-06f5698ffbd9}\",\"eventID\":\"1\",\"version\":\"5\",\"level\":\"4\",\"task\":\"1\",\"opcode\":\"0\",\"keywords\":\"0x8000000000000000\",\"systemTime\":\"2026-08-19T07:59:59.565898663Z\",\"eventRecordID\":\"549459\",\"channel\":\"Microsoft-Windows-Sysmon/Operational\",\"computer\":\"kingslanding.sevenkingdoms.local\",\"severityValue\":\"INFORMATION\"},\"eventdata\":{\"utcTime\":\"2026-08-19 07:59:59.565\",\"processGuid\":\"{ae7e5c4e-48a7-f71e-bd41-000000000005}\",\"processId\":\"3973\",\"image\":\"C:\\\\Windows\\\\System32\\\\WindowsPowerShell\\\\v1.0\\\\powershell.exe\",\"commandLine\":\"powershell.exe -NoProfile -Command \\\"Get-VBRJob | Select-Object Name,LastResult\\\"\",\"currentDirectory\":\"C:\\\\Program Files\\\\Veeam\\\\Backup\\\\\",\"user\":\"SEVENKINGDOMS\\\\backup_svc\",\"parentProcessGuid\":\"{38b9f294-fd3e-b1ba-b93b-000000000006}\",\"parentProcessId\":\"3122\",\"parentImage\":\"C:\\\\Program Files\\\\Veeam\\\\Backup\\\\VeeamAgent.exe\",\"parentCommandLine\":\"\\\"C:\\\\Program Files\\\\Veeam\\\\Backup\\\\VeeamAgent.exe\\\" -runjob DailyBackup\",\"hashes\":\"MD5=52A2D1D53AB7B54E6107FD5ACBDFFB15,SHA256=99C8275678FE526419811BC64793F96B0D55627558DFBBF37E4B9A9C4EEE61E1,IMPHASH=BA9BA9BB26C1A2513FD776DAAC02773E\"}}}",
      "expect": {
        "alert": false
      },
      "category": "noise",
      "attack": null,
      "evasion": false,
      "expected_rule_id": 100251,
      "expected_level": 0,
      "mitre_id": null
    },
    {
      "name": "noise 361 | Veeam | backup_post.ps1",
      "event": "{\"win\":{\"system\":{\"providerName\":\"Microsoft-Windows-Sysmon\",\"providerGuid\":\"{5770385f-c22a-43e0-bf4c-06f5698ffbd9}\",\"eventID\":\"1\",\"version\":\"5\",\"level\":\"4\",\"task\":\"1\",\"opcode\":\"0\",\"keywords\":\"0x8000000000000000\",\"systemTime\":\"2026-08-19T08:01:35.412906171Z\",\"eventRecordID\":\"549460\",\"channel\":\"Microsoft-Windows-Sysmon/Operational\",\"computer\":\"kingslanding.sevenkingdoms.local\",\"severityValue\":\"INFORMATION\"},\"eventdata\":{\"utcTime\":\"2026-08-19 08:01:35.412\",\"processGuid\":\"{ae7e5c4e-48a7-f71e-bd41-000000000005}\",\"processId\":\"3973\",\"image\":\"C:\\\\Windows\\\\System32\\\\WindowsPowerShell\\\\v1.0\\\\powershell.exe\",\"commandLine\":\"powershell.exe -NoProfile -File \\\"C:\\\\Program Files\\\\Veeam\\\\Backup\\\\Scripts\\\\backup_post.ps1\\\"\",\"currentDirectory\":\"C:\\\\Program Files\\\\Veeam\\\\Backup\\\\\",\"user\":\"SEVENKINGDOMS\\\\backup_svc\",\"parentProcessGuid\":\"{38b9f294-fd3e-b1ba-b93b-000000000006}\",\"parentProcessId\":\"3122\",\"parentImage\":\"C:\\\\Program Files\\\\Veeam\\\\Backup\\\\VeeamAgent.exe\",\"parentCommandLine\":\"C:\\\\Program Files\\\\Veeam\\\\Backup\\\\VeeamAgent.exe\",\"hashes\":\"MD5=52A2D1D53AB7B54E6107FD5ACBDFFB15,SHA256=99C8275678FE526419811BC64793F96B0D55627558DFBBF37E4B9A9C4EEE61E1,IMPHASH=BA9BA9BB26C1A2513FD776DAAC02773E\"}}}",
      "expect": {
        "alert": false
      },
      "category": "noise",
      "attack": null,
      "evasion": false,
      "expected_rule_id": 100251,
      "expected_level": 0,
      "mitre_id": null
    },
    {
      "name": "noise 362 | Veeam | Start-VBRJob",
      "event": "{\"win\":{\"system\":{\"providerName\":\"Microsoft-Windows-Sysmon\",\"providerGuid\":\"{5770385f-c22a-43e0-bf4c-06f5698ffbd9}\",\"eventID\":\"1\",\"version\":\"5\",\"level\":\"4\",\"task\":\"1\",\"opcode\":\"0\",\"keywords\":\"0x8000000000000000\",\"systemTime\":\"2026-08-19T08:01:45.253553250Z\",\"eventRecordID\":\"549461\",\"channel\":\"Microsoft-Windows-Sysmon/Operational\",\"computer\":\"kingslanding.sevenkingdoms.local\",\"severityValue\":\"INFORMATION\"},\"eventdata\":{\"utcTime\":\"2026-08-19 08:01:45.253\",\"processGuid\":\"{ae7e5c4e-48a7-f71e-bd41-000000000005}\",\"processId\":\"3973\",\"image\":\"C:\\\\Windows\\\\System32\\\\WindowsPowerShell\\\\v1.0\\\\powershell.exe\",\"commandLine\":\"powershell.exe -NoProfile -Command \\\"Start-VBRJob -Job 'DailyBackup'\\\"\",\"currentDirectory\":\"C:\\\\Program Files\\\\Veeam\\\\Backup\\\\\",\"user\":\"SEVENKINGDOMS\\\\backup_svc\",\"parentProcessGuid\":\"{38b9f294-fd3e-b1ba-b93b-000000000006}\",\"parentProcessId\":\"3122\",\"parentImage\":\"C:\\\\Program Files\\\\Veeam\\\\Backup\\\\VeeamAgent.exe\",\"parentCommandLine\":\"\\\"C:\\\\Program Files\\\\Veeam\\\\Backup\\\\VeeamAgent.exe\\\" -runjob DailyBackup\",\"hashes\":\"MD5=52A2D1D53AB7B54E6107FD5ACBDFFB15,SHA256=99C8275678FE526419811BC64793F96B0D55627558DFBBF37E4B9A9C4EEE61E1,IMPHASH=BA9BA9BB26C1A2513FD776DAAC02773E\"}}}",
      "expect": {
        "alert": false
      },
      "category": "noise",
      "attack": null,
      "evasion": false,
      "expected_rule_id": 100251,
      "expected_level": 0,
      "mitre_id": null
    },
    {
      "name": "noise 363 | Veeam | Start-VBRJob",
      "event": "{\"win\":{\"system\":{\"providerName\":\"Microsoft-Windows-Sysmon\",\"providerGuid\":\"{5770385f-c22a-43e0-bf4c-06f5698ffbd9}\",\"eventID\":\"1\",\"version\":\"5\",\"level\":\"4\",\"task\":\"1\",\"opcode\":\"0\",\"keywords\":\"0x8000000000000000\",\"systemTime\":\"2026-08-19T08:03:04.026317400Z\",\"eventRecordID\":\"549462\",\"channel\":\"Microsoft-Windows-Sysmon/Operational\",\"computer\":\"kingslanding.sevenkingdoms.local\",\"severityValue\":\"INFORMATION\"},\"eventdata\":{\"utcTime\":\"2026-08-19 08:03:04.026\",\"processGuid\":\"{ae7e5c4e-48a7-f71e-bd41-000000000005}\",\"processId\":\"3973\",\"image\":\"C:\\\\Windows\\\\System32\\\\WindowsPowerShell\\\\v1.0\\\\powershell.exe\",\"commandLine\":\"powershell.exe -NoProfile -Command \\\"Start-VBRJob -Job 'DailyBackup'\\\"\",\"currentDirectory\":\"C:\\\\Program Files\\\\Veeam\\\\Backup\\\\\",\"user\":\"SEVENKINGDOMS\\\\backup_svc\",\"parentProcessGuid\":\"{38b9f294-fd3e-b1ba-b93b-000000000006}\",\"parentProcessId\":\"3122\",\"parentImage\":\"C:\\\\Program Files\\\\Veeam\\\\Backup\\\\VeeamAgent.exe\",\"parentCommandLine\":\"\\\"C:\\\\Program Files\\\\Veeam\\\\Backup\\\\VeeamAgent.exe\\\" -runjob DailyBackup\",\"hashes\":\"MD5=52A2D1D53AB7B54E6107FD5ACBDFFB15,SHA256=99C8275678FE526419811BC64793F96B0D55627558DFBBF37E4B9A9C4EEE61E1,IMPHASH=BA9BA9BB26C1A2513FD776DAAC02773E\"}}}",
      "expect": {
        "alert": false
      },
      "category": "noise",
      "attack": null,
      "evasion": false,
      "expected_rule_id": 100251,
      "expected_level": 0,
      "mitre_id": null
    },
    {
      "name": "noise 364 | Veeam | Get-VBRBackupSession",
      "event": "{\"win\":{\"system\":{\"providerName\":\"Microsoft-Windows-Sysmon\",\"providerGuid\":\"{5770385f-c22a-43e0-bf4c-06f5698ffbd9}\",\"eventID\":\"1\",\"version\":\"5\",\"level\":\"4\",\"task\":\"1\",\"opcode\":\"0\",\"keywords\":\"0x8000000000000000\",\"systemTime\":\"2026-08-19T08:05:09.943797016Z\",\"eventRecordID\":\"549463\",\"channel\":\"Microsoft-Windows-Sysmon/Operational\",\"computer\":\"kingslanding.sevenkingdoms.local\",\"severityValue\":\"INFORMATION\"},\"eventdata\":{\"utcTime\":\"2026-08-19 08:05:09.943\",\"processGuid\":\"{ae7e5c4e-48a7-f71e-bd41-000000000005}\",\"processId\":\"3973\",\"image\":\"C:\\\\Windows\\\\System32\\\\WindowsPowerShell\\\\v1.0\\\\powershell.exe\",\"commandLine\":\"powershell.exe -NoProfile -Command \\\"Get-VBRBackupSession | Where-Object {$_.Result -eq 'Success'}\\\"\",\"currentDirectory\":\"C:\\\\Program Files\\\\Veeam\\\\Backup\\\\\",\"user\":\"SEVENKINGDOMS\\\\backup_svc\",\"parentProcessGuid\":\"{38b9f294-fd3e-b1ba-b93b-000000000006}\",\"parentProcessId\":\"3122\",\"parentImage\":\"C:\\\\Program Files\\\\Veeam\\\\Backup\\\\VeeamAgent.exe\",\"parentCommandLine\":\"\\\"C:\\\\Program Files\\\\Veeam\\\\Backup\\\\VeeamAgent.exe\\\" -runjob DailyBackup\",\"hashes\":\"MD5=52A2D1D53AB7B54E6107FD5ACBDFFB15,SHA256=99C8275678FE526419811BC64793F96B0D55627558DFBBF37E4B9A9C4EEE61E1,IMPHASH=BA9BA9BB26C1A2513FD776DAAC02773E\"}}}",
      "expect": {
        "alert": false
      },
      "category": "noise",
      "attack": null,
      "evasion": false,
      "expected_rule_id": 100251,
      "expected_level": 0,
      "mitre_id": null
    },
    {
      "name": "noise 365 | Veeam | Get-VBRJob",
      "event": "{\"win\":{\"system\":{\"providerName\":\"Microsoft-Windows-Sysmon\",\"providerGuid\":\"{5770385f-c22a-43e0-bf4c-06f5698ffbd9}\",\"eventID\":\"1\",\"version\":\"5\",\"level\":\"4\",\"task\":\"1\",\"opcode\":\"0\",\"keywords\":\"0x8000000000000000\",\"systemTime\":\"2026-08-19T08:06:52.979589136Z\",\"eventRecordID\":\"549464\",\"channel\":\"Microsoft-Windows-Sysmon/Operational\",\"computer\":\"kingslanding.sevenkingdoms.local\",\"severityValue\":\"INFORMATION\"},\"eventdata\":{\"utcTime\":\"2026-08-19 08:06:52.979\",\"processGuid\":\"{ae7e5c4e-48a7-f71e-bd41-000000000005}\",\"processId\":\"3973\",\"image\":\"C:\\\\Windows\\\\System32\\\\WindowsPowerShell\\\\v1.0\\\\powershell.exe\",\"commandLine\":\"powershell.exe -NoProfile -Command \\\"Get-VBRJob | Select-Object Name,LastResult\\\"\",\"currentDirectory\":\"C:\\\\Program Files\\\\Veeam\\\\Backup\\\\\",\"user\":\"SEVENKINGDOMS\\\\backup_svc\",\"parentProcessGuid\":\"{38b9f294-fd3e-b1ba-b93b-000000000006}\",\"parentProcessId\":\"3122\",\"parentImage\":\"C:\\\\Program Files\\\\Veeam\\\\Backup\\\\VeeamAgent.exe\",\"parentCommandLine\":\"\\\"C:\\\\Program Files\\\\Veeam\\\\Backup\\\\VeeamAgent.exe\\\" -runjob DailyBackup\",\"hashes\":\"MD5=52A2D1D53AB7B54E6107FD5ACBDFFB15,SHA256=99C8275678FE526419811BC64793F96B0D55627558DFBBF37E4B9A9C4EEE61E1,IMPHASH=BA9BA9BB26C1A2513FD776DAAC02773E\"}}}",
      "expect": {
        "alert": false
      },
      "category": "noise",
      "attack": null,
      "evasion": false,
      "expected_rule_id": 100251,
      "expected_level": 0,
      "mitre_id": null
    },
    {
      "name": "noise 366 | Veeam | vss_check.ps1",
      "event": "{\"win\":{\"system\":{\"providerName\":\"Microsoft-Windows-Sysmon\",\"providerGuid\":\"{5770385f-c22a-43e0-bf4c-06f5698ffbd9}\",\"eventID\":\"1\",\"version\":\"5\",\"level\":\"4\",\"task\":\"1\",\"opcode\":\"0\",\"keywords\":\"0x8000000000000000\",\"systemTime\":\"2026-08-19T08:07:14.812509195Z\",\"eventRecordID\":\"549465\",\"channel\":\"Microsoft-Windows-Sysmon/Operational\",\"computer\":\"kingslanding.sevenkingdoms.local\",\"severityValue\":\"INFORMATION\"},\"eventdata\":{\"utcTime\":\"2026-08-19 08:07:14.812\",\"processGuid\":\"{ae7e5c4e-48a7-f71e-bd41-000000000005}\",\"processId\":\"3973\",\"image\":\"C:\\\\Windows\\\\System32\\\\WindowsPowerShell\\\\v1.0\\\\powershell.exe\",\"commandLine\":\"powershell.exe -ExecutionPolicy Bypass -File C:\\\\Program Files\\\\Veeam\\\\Backup\\\\Scripts\\\\vss_check.ps1\",\"currentDirectory\":\"C:\\\\Program Files\\\\Veeam\\\\Backup\\\\\",\"user\":\"SEVENKINGDOMS\\\\backup_svc\",\"parentProcessGuid\":\"{38b9f294-fd3e-b1ba-b93b-000000000006}\",\"parentProcessId\":\"3122\",\"parentImage\":\"C:\\\\Program Files\\\\Veeam\\\\Backup\\\\VeeamAgent.exe\",\"parentCommandLine\":\"\\\"C:\\\\Program Files\\\\Veeam\\\\Backup\\\\VeeamAgent.exe\\\" -runjob NightlyBackup\",\"hashes\":\"MD5=52A2D1D53AB7B54E6107FD5ACBDFFB15,SHA256=99C8275678FE526419811BC64793F96B0D55627558DFBBF37E4B9A9C4EEE61E1,IMPHASH=BA9BA9BB26C1A2513FD776DAAC02773E\"}}}",
      "expect": {
        "alert": false
      },
      "category": "noise",
      "attack": null,
      "evasion": false,
      "expected_rule_id": 100251,
      "expected_level": 0,
      "mitre_id": null
    },
    {
      "name": "noise 367 | Veeam | Get-Volume",
      "event": "{\"win\":{\"system\":{\"providerName\":\"Microsoft-Windows-Sysmon\",\"providerGuid\":\"{5770385f-c22a-43e0-bf4c-06f5698ffbd9}\",\"eventID\":\"1\",\"version\":\"5\",\"level\":\"4\",\"task\":\"1\",\"opcode\":\"0\",\"keywords\":\"0x8000000000000000\",\"systemTime\":\"2026-08-19T08:09:00.051407512Z\",\"eventRecordID\":\"549466\",\"channel\":\"Microsoft-Windows-Sysmon/Operational\",\"computer\":\"kingslanding.sevenkingdoms.local\",\"severityValue\":\"INFORMATION\"},\"eventdata\":{\"utcTime\":\"2026-08-19 08:09:00.051\",\"processGuid\":\"{ae7e5c4e-48a7-f71e-bd41-000000000005}\",\"processId\":\"3973\",\"image\":\"C:\\\\Windows\\\\System32\\\\WindowsPowerShell\\\\v1.0\\\\powershell.exe\",\"commandLine\":\"powershell.exe -NoProfile -Command \\\"Get-Volume | Where-Object DriveLetter -eq 'D'\\\"\",\"currentDirectory\":\"C:\\\\Program Files\\\\Veeam\\\\Backup\\\\\",\"user\":\"SEVENKINGDOMS\\\\backup_svc\",\"parentProcessGuid\":\"{38b9f294-fd3e-b1ba-b93b-000000000006}\",\"parentProcessId\":\"3122\",\"parentImage\":\"C:\\\\Program Files\\\\Veeam\\\\Backup\\\\VeeamAgent.exe\",\"parentCommandLine\":\"C:\\\\Program Files\\\\Veeam\\\\Backup\\\\VeeamAgent.exe\",\"hashes\":\"MD5=52A2D1D53AB7B54E6107FD5ACBDFFB15,SHA256=99C8275678FE526419811BC64793F96B0D55627558DFBBF37E4B9A9C4EEE61E1,IMPHASH=BA9BA9BB26C1A2513FD776DAAC02773E\"}}}",
      "expect": {
        "alert": false
      },
      "category": "noise",
      "attack": null,
      "evasion": false,
      "expected_rule_id": 100251,
      "expected_level": 0,
      "mitre_id": null
    },
    {
      "name": "noise 368 | Veeam | Get-VBRJob",
      "event": "{\"win\":{\"system\":{\"providerName\":\"Microsoft-Windows-Sysmon\",\"providerGuid\":\"{5770385f-c22a-43e0-bf4c-06f5698ffbd9}\",\"eventID\":\"1\",\"version\":\"5\",\"level\":\"4\",\"task\":\"1\",\"opcode\":\"0\",\"keywords\":\"0x8000000000000000\",\"systemTime\":\"2026-08-19T08:10:26.487906311Z\",\"eventRecordID\":\"549467\",\"channel\":\"Microsoft-Windows-Sysmon/Operational\",\"computer\":\"kingslanding.sevenkingdoms.local\",\"severityValue\":\"INFORMATION\"},\"eventdata\":{\"utcTime\":\"2026-08-19 08:10:26.487\",\"processGuid\":\"{ae7e5c4e-48a7-f71e-bd41-000000000005}\",\"processId\":\"3973\",\"image\":\"C:\\\\Windows\\\\System32\\\\WindowsPowerShell\\\\v1.0\\\\powershell.exe\",\"commandLine\":\"powershell.exe -NoProfile -Command \\\"Get-VBRJob | Select-Object Name,LastResult\\\"\",\"currentDirectory\":\"C:\\\\Program Files\\\\Veeam\\\\Backup\\\\\",\"user\":\"SEVENKINGDOMS\\\\backup_svc\",\"parentProcessGuid\":\"{38b9f294-fd3e-b1ba-b93b-000000000006}\",\"parentProcessId\":\"3122\",\"parentImage\":\"C:\\\\Program Files\\\\Veeam\\\\Backup\\\\VeeamAgent.exe\",\"parentCommandLine\":\"\\\"C:\\\\Program Files\\\\Veeam\\\\Backup\\\\VeeamAgent.exe\\\" -runjob DailyBackup\",\"hashes\":\"MD5=52A2D1D53AB7B54E6107FD5ACBDFFB15,SHA256=99C8275678FE526419811BC64793F96B0D55627558DFBBF37E4B9A9C4EEE61E1,IMPHASH=BA9BA9BB26C1A2513FD776DAAC02773E\"}}}",
      "expect": {
        "alert": false
      },
      "category": "noise",
      "attack": null,
      "evasion": false,
      "expected_rule_id": 100251,
      "expected_level": 0,
      "mitre_id": null
    },
    {
      "name": "noise 369 | Veeam | Get-VBRBackupSession",
      "event": "{\"win\":{\"system\":{\"providerName\":\"Microsoft-Windows-Sysmon\",\"providerGuid\":\"{5770385f-c22a-43e0-bf4c-06f5698ffbd9}\",\"eventID\":\"1\",\"version\":\"5\",\"level\":\"4\",\"task\":\"1\",\"opcode\":\"0\",\"keywords\":\"0x8000000000000000\",\"systemTime\":\"2026-08-19T08:12:16.121861121Z\",\"eventRecordID\":\"549468\",\"channel\":\"Microsoft-Windows-Sysmon/Operational\",\"computer\":\"kingslanding.sevenkingdoms.local\",\"severityValue\":\"INFORMATION\"},\"eventdata\":{\"utcTime\":\"2026-08-19 08:12:16.121\",\"processGuid\":\"{ae7e5c4e-48a7-f71e-bd41-000000000005}\",\"processId\":\"3973\",\"image\":\"C:\\\\Windows\\\\System32\\\\WindowsPowerShell\\\\v1.0\\\\powershell.exe\",\"commandLine\":\"powershell.exe -NoProfile -Command \\\"Get-VBRBackupSession | Where-Object {$_.Result -eq 'Success'}\\\"\",\"currentDirectory\":\"C:\\\\Program Files\\\\Veeam\\\\Backup\\\\\",\"user\":\"SEVENKINGDOMS\\\\backup_svc\",\"parentProcessGuid\":\"{38b9f294-fd3e-b1ba-b93b-000000000006}\",\"parentProcessId\":\"3122\",\"parentImage\":\"C:\\\\Program Files\\\\Veeam\\\\Backup\\\\VeeamAgent.exe\",\"parentCommandLine\":\"\\\"C:\\\\Program Files\\\\Veeam\\\\Backup\\\\VeeamAgent.exe\\\" -runjob DailyBackup\",\"hashes\":\"MD5=52A2D1D53AB7B54E6107FD5ACBDFFB15,SHA256=99C8275678FE526419811BC64793F96B0D55627558DFBBF37E4B9A9C4EEE61E1,IMPHASH=BA9BA9BB26C1A2513FD776DAAC02773E\"}}}",
      "expect": {
        "alert": false
      },
      "category": "noise",
      "attack": null,
      "evasion": false,
      "expected_rule_id": 100251,
      "expected_level": 0,
      "mitre_id": null
    },
    {
      "name": "noise 370 | Veeam | Start-VBRJob",
      "event": "{\"win\":{\"system\":{\"providerName\":\"Microsoft-Windows-Sysmon\",\"providerGuid\":\"{5770385f-c22a-43e0-bf4c-06f5698ffbd9}\",\"eventID\":\"1\",\"version\":\"5\",\"level\":\"4\",\"task\":\"1\",\"opcode\":\"0\",\"keywords\":\"0x8000000000000000\",\"systemTime\":\"2026-08-19T08:12:47.675145804Z\",\"eventRecordID\":\"549469\",\"channel\":\"Microsoft-Windows-Sysmon/Operational\",\"computer\":\"kingslanding.sevenkingdoms.local\",\"severityValue\":\"INFORMATION\"},\"eventdata\":{\"utcTime\":\"2026-08-19 08:12:47.675\",\"processGuid\":\"{ae7e5c4e-48a7-f71e-bd41-000000000005}\",\"processId\":\"3973\",\"image\":\"C:\\\\Windows\\\\System32\\\\WindowsPowerShell\\\\v1.0\\\\powershell.exe\",\"commandLine\":\"powershell.exe -NoProfile -Command \\\"Start-VBRJob -Job 'DailyBackup'\\\"\",\"currentDirectory\":\"C:\\\\Program Files\\\\Veeam\\\\Backup\\\\\",\"user\":\"SEVENKINGDOMS\\\\backup_svc\",\"parentProcessGuid\":\"{38b9f294-fd3e-b1ba-b93b-000000000006}\",\"parentProcessId\":\"3122\",\"parentImage\":\"C:\\\\Program Files\\\\Veeam\\\\Backup\\\\VeeamAgent.exe\",\"parentCommandLine\":\"\\\"C:\\\\Program Files\\\\Veeam\\\\Backup\\\\VeeamAgent.exe\\\" -runjob NightlyBackup\",\"hashes\":\"MD5=52A2D1D53AB7B54E6107FD5ACBDFFB15,SHA256=99C8275678FE526419811BC64793F96B0D55627558DFBBF37E4B9A9C4EEE61E1,IMPHASH=BA9BA9BB26C1A2513FD776DAAC02773E\"}}}",
      "expect": {
        "alert": false
      },
      "category": "noise",
      "attack": null,
      "evasion": false,
      "expected_rule_id": 100251,
      "expected_level": 0,
      "mitre_id": null
    },
    {
      "name": "noise 371 | Veeam | backup_post.ps1",
      "event": "{\"win\":{\"system\":{\"providerName\":\"Microsoft-Windows-Sysmon\",\"providerGuid\":\"{5770385f-c22a-43e0-bf4c-06f5698ffbd9}\",\"eventID\":\"1\",\"version\":\"5\",\"level\":\"4\",\"task\":\"1\",\"opcode\":\"0\",\"keywords\":\"0x8000000000000000\",\"systemTime\":\"2026-08-19T08:13:45.180940808Z\",\"eventRecordID\":\"549470\",\"channel\":\"Microsoft-Windows-Sysmon/Operational\",\"computer\":\"kingslanding.sevenkingdoms.local\",\"severityValue\":\"INFORMATION\"},\"eventdata\":{\"utcTime\":\"2026-08-19 08:13:45.180\",\"processGuid\":\"{ae7e5c4e-48a7-f71e-bd41-000000000005}\",\"processId\":\"3973\",\"image\":\"C:\\\\Windows\\\\System32\\\\WindowsPowerShell\\\\v1.0\\\\powershell.exe\",\"commandLine\":\"powershell.exe -NoProfile -File \\\"C:\\\\Program Files\\\\Veeam\\\\Backup\\\\Scripts\\\\backup_post.ps1\\\"\",\"currentDirectory\":\"C:\\\\Program Files\\\\Veeam\\\\Backup\\\\\",\"user\":\"SEVENKINGDOMS\\\\backup_svc\",\"parentProcessGuid\":\"{38b9f294-fd3e-b1ba-b93b-000000000006}\",\"parentProcessId\":\"3122\",\"parentImage\":\"C:\\\\Program Files\\\\Veeam\\\\Backup\\\\VeeamAgent.exe\",\"parentCommandLine\":\"C:\\\\Program Files\\\\Veeam\\\\Backup\\\\VeeamAgent.exe\",\"hashes\":\"MD5=52A2D1D53AB7B54E6107FD5ACBDFFB15,SHA256=99C8275678FE526419811BC64793F96B0D55627558DFBBF37E4B9A9C4EEE61E1,IMPHASH=BA9BA9BB26C1A2513FD776DAAC02773E\"}}}",
      "expect": {
        "alert": false
      },
      "category": "noise",
      "attack": null,
      "evasion": false,
      "expected_rule_id": 100251,
      "expected_level": 0,
      "mitre_id": null
    },
    {
      "name": "noise 372 | Veeam | backup_post.ps1",
      "event": "{\"win\":{\"system\":{\"providerName\":\"Microsoft-Windows-Sysmon\",\"providerGuid\":\"{5770385f-c22a-43e0-bf4c-06f5698ffbd9}\",\"eventID\":\"1\",\"version\":\"5\",\"level\":\"4\",\"task\":\"1\",\"opcode\":\"0\",\"keywords\":\"0x8000000000000000\",\"systemTime\":\"2026-08-19T08:15:58.554771367Z\",\"eventRecordID\":\"549471\",\"channel\":\"Microsoft-Windows-Sysmon/Operational\",\"computer\":\"kingslanding.sevenkingdoms.local\",\"severityValue\":\"INFORMATION\"},\"eventdata\":{\"utcTime\":\"2026-08-19 08:15:58.554\",\"processGuid\":\"{ae7e5c4e-48a7-f71e-bd41-000000000005}\",\"processId\":\"3973\",\"image\":\"C:\\\\Windows\\\\System32\\\\WindowsPowerShell\\\\v1.0\\\\powershell.exe\",\"commandLine\":\"powershell.exe -NoProfile -File \\\"C:\\\\Program Files\\\\Veeam\\\\Backup\\\\Scripts\\\\backup_post.ps1\\\"\",\"currentDirectory\":\"C:\\\\Program Files\\\\Veeam\\\\Backup\\\\\",\"user\":\"SEVENKINGDOMS\\\\backup_svc\",\"parentProcessGuid\":\"{38b9f294-fd3e-b1ba-b93b-000000000006}\",\"parentProcessId\":\"3122\",\"parentImage\":\"C:\\\\Program Files\\\\Veeam\\\\Backup\\\\VeeamAgent.exe\",\"parentCommandLine\":\"\\\"C:\\\\Program Files\\\\Veeam\\\\Backup\\\\VeeamAgent.exe\\\" -runjob DailyBackup\",\"hashes\":\"MD5=52A2D1D53AB7B54E6107FD5ACBDFFB15,SHA256=99C8275678FE526419811BC64793F96B0D55627558DFBBF37E4B9A9C4EEE61E1,IMPHASH=BA9BA9BB26C1A2513FD776DAAC02773E\"}}}",
      "expect": {
        "alert": false
      },
      "category": "noise",
      "attack": null,
      "evasion": false,
      "expected_rule_id": 100251,
      "expected_level": 0,
      "mitre_id": null
    },
    {
      "name": "noise 373 | Veeam | Get-VBRBackupSession",
      "event": "{\"win\":{\"system\":{\"providerName\":\"Microsoft-Windows-Sysmon\",\"providerGuid\":\"{5770385f-c22a-43e0-bf4c-06f5698ffbd9}\",\"eventID\":\"1\",\"version\":\"5\",\"level\":\"4\",\"task\":\"1\",\"opcode\":\"0\",\"keywords\":\"0x8000000000000000\",\"systemTime\":\"2026-08-19T08:16:48.032097417Z\",\"eventRecordID\":\"549472\",\"channel\":\"Microsoft-Windows-Sysmon/Operational\",\"computer\":\"kingslanding.sevenkingdoms.local\",\"severityValue\":\"INFORMATION\"},\"eventdata\":{\"utcTime\":\"2026-08-19 08:16:48.032\",\"processGuid\":\"{ae7e5c4e-48a7-f71e-bd41-000000000005}\",\"processId\":\"3973\",\"image\":\"C:\\\\Windows\\\\System32\\\\WindowsPowerShell\\\\v1.0\\\\powershell.exe\",\"commandLine\":\"powershell.exe -NoProfile -Command \\\"Get-VBRBackupSession | Where-Object {$_.Result -eq 'Success'}\\\"\",\"currentDirectory\":\"C:\\\\Program Files\\\\Veeam\\\\Backup\\\\\",\"user\":\"SEVENKINGDOMS\\\\backup_svc\",\"parentProcessGuid\":\"{38b9f294-fd3e-b1ba-b93b-000000000006}\",\"parentProcessId\":\"3122\",\"parentImage\":\"C:\\\\Program Files\\\\Veeam\\\\Backup\\\\VeeamAgent.exe\",\"parentCommandLine\":\"\\\"C:\\\\Program Files\\\\Veeam\\\\Backup\\\\VeeamAgent.exe\\\" -runjob DailyBackup\",\"hashes\":\"MD5=52A2D1D53AB7B54E6107FD5ACBDFFB15,SHA256=99C8275678FE526419811BC64793F96B0D55627558DFBBF37E4B9A9C4EEE61E1,IMPHASH=BA9BA9BB26C1A2513FD776DAAC02773E\"}}}",
      "expect": {
        "alert": false
      },
      "category": "noise",
      "attack": null,
      "evasion": false,
      "expected_rule_id": 100251,
      "expected_level": 0,
      "mitre_id": null
    },
    {
      "name": "noise 374 | Veeam | pre_job.ps1",
      "event": "{\"win\":{\"system\":{\"providerName\":\"Microsoft-Windows-Sysmon\",\"providerGuid\":\"{5770385f-c22a-43e0-bf4c-06f5698ffbd9}\",\"eventID\":\"1\",\"version\":\"5\",\"level\":\"4\",\"task\":\"1\",\"opcode\":\"0\",\"keywords\":\"0x8000000000000000\",\"systemTime\":\"2026-08-19T08:18:43.627444693Z\",\"eventRecordID\":\"549473\",\"channel\":\"Microsoft-Windows-Sysmon/Operational\",\"computer\":\"kingslanding.sevenkingdoms.local\",\"severityValue\":\"INFORMATION\"},\"eventdata\":{\"utcTime\":\"2026-08-19 08:18:43.627\",\"processGuid\":\"{ae7e5c4e-48a7-f71e-bd41-000000000005}\",\"processId\":\"3973\",\"image\":\"C:\\\\Windows\\\\System32\\\\WindowsPowerShell\\\\v1.0\\\\powershell.exe\",\"commandLine\":\"powershell.exe -NoProfile -File \\\"C:\\\\Program Files\\\\Veeam\\\\Backup\\\\Scripts\\\\pre_job.ps1\\\"\",\"currentDirectory\":\"C:\\\\Program Files\\\\Veeam\\\\Backup\\\\\",\"user\":\"SEVENKINGDOMS\\\\backup_svc\",\"parentProcessGuid\":\"{38b9f294-fd3e-b1ba-b93b-000000000006}\",\"parentProcessId\":\"3122\",\"parentImage\":\"C:\\\\Program Files\\\\Veeam\\\\Backup\\\\VeeamAgent.exe\",\"parentCommandLine\":\"\\\"C:\\\\Program Files\\\\Veeam\\\\Backup\\\\VeeamAgent.exe\\\" -runjob NightlyBackup\",\"hashes\":\"MD5=52A2D1D53AB7B54E6107FD5ACBDFFB15,SHA256=99C8275678FE526419811BC64793F96B0D55627558DFBBF37E4B9A9C4EEE61E1,IMPHASH=BA9BA9BB26C1A2513FD776DAAC02773E\"}}}",
      "expect": {
        "alert": false
      },
      "category": "noise",
      "attack": null,
      "evasion": false,
      "expected_rule_id": 100251,
      "expected_level": 0,
      "mitre_id": null
    },
    {
      "name": "noise 375 | Veeam | Get-VBRBackupSession",
      "event": "{\"win\":{\"system\":{\"providerName\":\"Microsoft-Windows-Sysmon\",\"providerGuid\":\"{5770385f-c22a-43e0-bf4c-06f5698ffbd9}\",\"eventID\":\"1\",\"version\":\"5\",\"level\":\"4\",\"task\":\"1\",\"opcode\":\"0\",\"keywords\":\"0x8000000000000000\",\"systemTime\":\"2026-08-19T08:19:52.964978646Z\",\"eventRecordID\":\"549474\",\"channel\":\"Microsoft-Windows-Sysmon/Operational\",\"computer\":\"kingslanding.sevenkingdoms.local\",\"severityValue\":\"INFORMATION\"},\"eventdata\":{\"utcTime\":\"2026-08-19 08:19:52.964\",\"processGuid\":\"{ae7e5c4e-48a7-f71e-bd41-000000000005}\",\"processId\":\"3973\",\"image\":\"C:\\\\Windows\\\\System32\\\\WindowsPowerShell\\\\v1.0\\\\powershell.exe\",\"commandLine\":\"powershell.exe -NoProfile -Command \\\"Get-VBRBackupSession | Where-Object {$_.Result -eq 'Success'}\\\"\",\"currentDirectory\":\"C:\\\\Program Files\\\\Veeam\\\\Backup\\\\\",\"user\":\"SEVENKINGDOMS\\\\backup_svc\",\"parentProcessGuid\":\"{38b9f294-fd3e-b1ba-b93b-000000000006}\",\"parentProcessId\":\"3122\",\"parentImage\":\"C:\\\\Program Files\\\\Veeam\\\\Backup\\\\VeeamAgent.exe\",\"parentCommandLine\":\"C:\\\\Program Files\\\\Veeam\\\\Backup\\\\VeeamAgent.exe\",\"hashes\":\"MD5=52A2D1D53AB7B54E6107FD5ACBDFFB15,SHA256=99C8275678FE526419811BC64793F96B0D55627558DFBBF37E4B9A9C4EEE61E1,IMPHASH=BA9BA9BB26C1A2513FD776DAAC02773E\"}}}",
      "expect": {
        "alert": false
      },
      "category": "noise",
      "attack": null,
      "evasion": false,
      "expected_rule_id": 100251,
      "expected_level": 0,
      "mitre_id": null
    },
    {
      "name": "noise 376 | Veeam | Get-Volume",
      "event": "{\"win\":{\"system\":{\"providerName\":\"Microsoft-Windows-Sysmon\",\"providerGuid\":\"{5770385f-c22a-43e0-bf4c-06f5698ffbd9}\",\"eventID\":\"1\",\"version\":\"5\",\"level\":\"4\",\"task\":\"1\",\"opcode\":\"0\",\"keywords\":\"0x8000000000000000\",\"systemTime\":\"2026-08-19T08:20:22.131939500Z\",\"eventRecordID\":\"549475\",\"channel\":\"Microsoft-Windows-Sysmon/Operational\",\"computer\":\"kingslanding.sevenkingdoms.local\",\"severityValue\":\"INFORMATION\"},\"eventdata\":{\"utcTime\":\"2026-08-19 08:20:22.131\",\"processGuid\":\"{ae7e5c4e-48a7-f71e-bd41-000000000005}\",\"processId\":\"3973\",\"image\":\"C:\\\\Windows\\\\System32\\\\WindowsPowerShell\\\\v1.0\\\\powershell.exe\",\"commandLine\":\"powershell.exe -NoProfile -Command \\\"Get-Volume | Where-Object DriveLetter -eq 'D'\\\"\",\"currentDirectory\":\"C:\\\\Program Files\\\\Veeam\\\\Backup\\\\\",\"user\":\"SEVENKINGDOMS\\\\backup_svc\",\"parentProcessGuid\":\"{38b9f294-fd3e-b1ba-b93b-000000000006}\",\"parentProcessId\":\"3122\",\"parentImage\":\"C:\\\\Program Files\\\\Veeam\\\\Backup\\\\VeeamAgent.exe\",\"parentCommandLine\":\"\\\"C:\\\\Program Files\\\\Veeam\\\\Backup\\\\VeeamAgent.exe\\\" -runjob DailyBackup\",\"hashes\":\"MD5=52A2D1D53AB7B54E6107FD5ACBDFFB15,SHA256=99C8275678FE526419811BC64793F96B0D55627558DFBBF37E4B9A9C4EEE61E1,IMPHASH=BA9BA9BB26C1A2513FD776DAAC02773E\"}}}",
      "expect": {
        "alert": false
      },
      "category": "noise",
      "attack": null,
      "evasion": false,
      "expected_rule_id": 100251,
      "expected_level": 0,
      "mitre_id": null
    },
    {
      "name": "noise 377 | Veeam | vss_check.ps1",
      "event": "{\"win\":{\"system\":{\"providerName\":\"Microsoft-Windows-Sysmon\",\"providerGuid\":\"{5770385f-c22a-43e0-bf4c-06f5698ffbd9}\",\"eventID\":\"1\",\"version\":\"5\",\"level\":\"4\",\"task\":\"1\",\"opcode\":\"0\",\"keywords\":\"0x8000000000000000\",\"systemTime\":\"2026-08-19T08:21:47.560670513Z\",\"eventRecordID\":\"549476\",\"channel\":\"Microsoft-Windows-Sysmon/Operational\",\"computer\":\"kingslanding.sevenkingdoms.local\",\"severityValue\":\"INFORMATION\"},\"eventdata\":{\"utcTime\":\"2026-08-19 08:21:47.560\",\"processGuid\":\"{ae7e5c4e-48a7-f71e-bd41-000000000005}\",\"processId\":\"3973\",\"image\":\"C:\\\\Windows\\\\System32\\\\WindowsPowerShell\\\\v1.0\\\\powershell.exe\",\"commandLine\":\"powershell.exe -ExecutionPolicy Bypass -File C:\\\\Program Files\\\\Veeam\\\\Backup\\\\Scripts\\\\vss_check.ps1\",\"currentDirectory\":\"C:\\\\Program Files\\\\Veeam\\\\Backup\\\\\",\"user\":\"SEVENKINGDOMS\\\\backup_svc\",\"parentProcessGuid\":\"{38b9f294-fd3e-b1ba-b93b-000000000006}\",\"parentProcessId\":\"3122\",\"parentImage\":\"C:\\\\Program Files\\\\Veeam\\\\Backup\\\\VeeamAgent.exe\",\"parentCommandLine\":\"C:\\\\Program Files\\\\Veeam\\\\Backup\\\\VeeamAgent.exe\",\"hashes\":\"MD5=52A2D1D53AB7B54E6107FD5ACBDFFB15,SHA256=99C8275678FE526419811BC64793F96B0D55627558DFBBF37E4B9A9C4EEE61E1,IMPHASH=BA9BA9BB26C1A2513FD776DAAC02773E\"}}}",
      "expect": {
        "alert": false
      },
      "category": "noise",
      "attack": null,
      "evasion": false,
      "expected_rule_id": 100251,
      "expected_level": 0,
      "mitre_id": null
    },
