    {
      "name": "noise 318 | Veeam | vss_check.ps1",
      "event": "{\"win\":{\"system\":{\"providerName\":\"Microsoft-Windows-Sysmon\",\"providerGuid\":\"{5770385f-c22a-43e0-bf4c-06f5698ffbd9}\",\"eventID\":\"1\",\"version\":\"5\",\"level\":\"4\",\"task\":\"1\",\"opcode\":\"0\",\"keywords\":\"0x8000000000000000\",\"systemTime\":\"2026-08-19T07:03:53.543034762Z\",\"eventRecordID\":\"549417\",\"channel\":\"Microsoft-Windows-Sysmon/Operational\",\"computer\":\"kingslanding.sevenkingdoms.local\",\"severityValue\":\"INFORMATION\"},\"eventdata\":{\"utcTime\":\"2026-08-19 07:03:53.543\",\"processGuid\":\"{ae7e5c4e-48a7-f71e-bd41-000000000005}\",\"processId\":\"3973\",\"image\":\"C:\\\\Windows\\\\System32\\\\WindowsPowerShell\\\\v1.0\\\\powershell.exe\",\"commandLine\":\"powershell.exe -ExecutionPolicy Bypass -File C:\\\\Program Files\\\\Veeam\\\\Backup\\\\Scripts\\\\vss_check.ps1\",\"currentDirectory\":\"C:\\\\Program Files\\\\Veeam\\\\Backup\\\\\",\"user\":\"SEVENKINGDOMS\\\\backup_svc\",\"parentProcessGuid\":\"{38b9f294-fd3e-b1ba-b93b-000000000006}\",\"parentProcessId\":\"3122\",\"parentImage\":\"C:\\\\Program Files\\\\Veeam\\\\Backup\\\\VeeamAgent.exe\",\"parentCommandLine\":\"\\\"C:\\\\Program Files\\\\Veeam\\\\Backup\\\\VeeamAgent.exe\\\" -runjob NightlyBackup\",\"hashes\":\"MD5=52A2D1D53AB7B54E6107FD5ACBDFFB15,SHA256=99C8275678FE526419811BC64793F96B0D55627558DFBBF37E4B9A9C4EEE61E1,IMPHASH=BA9BA9BB26C1A2513FD776DAAC02773E\"}}}",
      "expect": {
        "alert": false
      },
      "category": "noise",
      "attack": null,
      "evasion": false,
      "expected_rule_id": 100251,
      "expected_level": 0,
      "mitre_id": null
    },
    {
      "name": "noise 319 | Veeam | pre_job.ps1",
      "event": "{\"win\":{\"system\":{\"providerName\":\"Microsoft-Windows-Sysmon\",\"providerGuid\":\"{5770385f-c22a-43e0-bf4c-06f5698ffbd9}\",\"eventID\":\"1\",\"version\":\"5\",\"level\":\"4\",\"task\":\"1\",\"opcode\":\"0\",\"keywords\":\"0x8000000000000000\",\"systemTime\":\"2026-08-19T07:05:32.208153640Z\",\"eventRecordID\":\"549418\",\"channel\":\"Microsoft-Windows-Sysmon/Operational\",\"computer\":\"kingslanding.sevenkingdoms.local\",\"severityValue\":\"INFORMATION\"},\"eventdata\":{\"utcTime\":\"2026-08-19 07:05:32.208\",\"processGuid\":\"{ae7e5c4e-48a7-f71e-bd41-000000000005}\",\"processId\":\"3973\",\"image\":\"C:\\\\Windows\\\\System32\\\\WindowsPowerShell\\\\v1.0\\\\powershell.exe\",\"commandLine\":\"powershell.exe -NoProfile -File \\\"C:\\\\Program Files\\\\Veeam\\\\Backup\\\\Scripts\\\\pre_job.ps1\\\"\",\"currentDirectory\":\"C:\\\\Program Files\\\\Veeam\\\\Backup\\\\\",\"user\":\"SEVENKINGDOMS\\\\backup_svc\",\"parentProcessGuid\":\"{38b9f294-fd3e-b1ba-b93b-000000000006}\",\"parentProcessId\":\"3122\",\"parentImage\":\"C:\\\\Program Files\\\\Veeam\\\\Backup\\\\VeeamAgent.exe\",\"parentCommandLine\":\"\\\"C:\\\\Program Files\\\\Veeam\\\\Backup\\\\VeeamAgent.exe\\\" -runjob DailyBackup\",\"hashes\":\"MD5=52A2D1D53AB7B54E6107FD5ACBDFFB15,SHA256=99C8275678FE526419811BC64793F96B0D55627558DFBBF37E4B9A9C4EEE61E1,IMPHASH=BA9BA9BB26C1A2513FD776DAAC02773E\"}}}",
      "expect": {
        "alert": false
      },
      "category": "noise",
      "attack": null,
      "evasion": false,
      "expected_rule_id": 100251,
      "expected_level": 0,
      "mitre_id": null
    },
    {
      "name": "noise 320 | Veeam | vss_check.ps1",
      "event": "{\"win\":{\"system\":{\"providerName\":\"Microsoft-Windows-Sysmon\",\"providerGuid\":\"{5770385f-c22a-43e0-bf4c-06f5698ffbd9}\",\"eventID\":\"1\",\"version\":\"5\",\"level\":\"4\",\"task\":\"1\",\"opcode\":\"0\",\"keywords\":\"0x8000000000000000\",\"systemTime\":\"2026-08-19T07:06:12.163161678Z\",\"eventRecordID\":\"549419\",\"channel\":\"Microsoft-Windows-Sysmon/Operational\",\"computer\":\"kingslanding.sevenkingdoms.local\",\"severityValue\":\"INFORMATION\"},\"eventdata\":{\"utcTime\":\"2026-08-19 07:06:12.163\",\"processGuid\":\"{ae7e5c4e-48a7-f71e-bd41-000000000005}\",\"processId\":\"3973\",\"image\":\"C:\\\\Windows\\\\System32\\\\WindowsPowerShell\\\\v1.0\\\\powershell.exe\",\"commandLine\":\"powershell.exe -ExecutionPolicy Bypass -File C:\\\\Program Files\\\\Veeam\\\\Backup\\\\Scripts\\\\vss_check.ps1\",\"currentDirectory\":\"C:\\\\Program Files\\\\Veeam\\\\Backup\\\\\",\"user\":\"SEVENKINGDOMS\\\\backup_svc\",\"parentProcessGuid\":\"{38b9f294-fd3e-b1ba-b93b-000000000006}\",\"parentProcessId\":\"3122\",\"parentImage\":\"C:\\\\Program Files\\\\Veeam\\\\Backup\\\\VeeamAgent.exe\",\"parentCommandLine\":\"\\\"C:\\\\Program Files\\\\Veeam\\\\Backup\\\\VeeamAgent.exe\\\" -runjob NightlyBackup\",\"hashes\":\"MD5=52A2D1D53AB7B54E6107FD5ACBDFFB15,SHA256=99C8275678FE526419811BC64793F96B0D55627558DFBBF37E4B9A9C4EEE61E1,IMPHASH=BA9BA9BB26C1A2513FD776DAAC02773E\"}}}",
      "expect": {
        "alert": false
      },
      "category": "noise",
      "attack": null,
      "evasion": false,
      "expected_rule_id": 100251,
      "expected_level": 0,
      "mitre_id": null
    },
    {
      "name": "noise 321 | Veeam | backup_post.ps1",
      "event": "{\"win\":{\"system\":{\"providerName\":\"Microsoft-Windows-Sysmon\",\"providerGuid\":\"{5770385f-c22a-43e0-bf4c-06f5698ffbd9}\",\"eventID\":\"1\",\"version\":\"5\",\"level\":\"4\",\"task\":\"1\",\"opcode\":\"0\",\"keywords\":\"0x8000000000000000\",\"systemTime\":\"2026-08-19T07:07:03.882731651Z\",\"eventRecordID\":\"549420\",\"channel\":\"Microsoft-Windows-Sysmon/Operational\",\"computer\":\"kingslanding.sevenkingdoms.local\",\"severityValue\":\"INFORMATION\"},\"eventdata\":{\"utcTime\":\"2026-08-19 07:07:03.882\",\"processGuid\":\"{ae7e5c4e-48a7-f71e-bd41-000000000005}\",\"processId\":\"3973\",\"image\":\"C:\\\\Windows\\\\System32\\\\WindowsPowerShell\\\\v1.0\\\\powershell.exe\",\"commandLine\":\"powershell.exe -NoProfile -File \\\"C:\\\\Program Files\\\\Veeam\\\\Backup\\\\Scripts\\\\backup_post.ps1\\\"\",\"currentDirectory\":\"C:\\\\Program Files\\\\Veeam\\\\Backup\\\\\",\"user\":\"SEVENKINGDOMS\\\\backup_svc\",\"parentProcessGuid\":\"{38b9f294-fd3e-b1ba-b93b-000000000006}\",\"parentProcessId\":\"3122\",\"parentImage\":\"C:\\\\Program Files\\\\Veeam\\\\Backup\\\\VeeamAgent.exe\",\"parentCommandLine\":\"\\\"C:\\\\Program Files\\\\Veeam\\\\Backup\\\\VeeamAgent.exe\\\" -runjob NightlyBackup\",\"hashes\":\"MD5=52A2D1D53AB7B54E6107FD5ACBDFFB15,SHA256=99C8275678FE526419811BC64793F96B0D55627558DFBBF37E4B9A9C4EEE61E1,IMPHASH=BA9BA9BB26C1A2513FD776DAAC02773E\"}}}",
      "expect": {
        "alert": false
      },
      "category": "noise",
      "attack": null,
      "evasion": false,
      "expected_rule_id": 100251,
      "expected_level": 0,
      "mitre_id": null
    },
    {
      "name": "noise 322 | Veeam | backup_post.ps1",
      "event": "{\"win\":{\"system\":{\"providerName\":\"Microsoft-Windows-Sysmon\",\"providerGuid\":\"{5770385f-c22a-43e0-bf4c-06f5698ffbd9}\",\"eventID\":\"1\",\"version\":\"5\",\"level\":\"4\",\"task\":\"1\",\"opcode\":\"0\",\"keywords\":\"0x8000000000000000\",\"systemTime\":\"2026-08-19T07:08:41.445479949Z\",\"eventRecordID\":\"549421\",\"channel\":\"Microsoft-Windows-Sysmon/Operational\",\"computer\":\"kingslanding.sevenkingdoms.local\",\"severityValue\":\"INFORMATION\"},\"eventdata\":{\"utcTime\":\"2026-08-19 07:08:41.445\",\"processGuid\":\"{ae7e5c4e-48a7-f71e-bd41-000000000005}\",\"processId\":\"3973\",\"image\":\"C:\\\\Windows\\\\System32\\\\WindowsPowerShell\\\\v1.0\\\\powershell.exe\",\"commandLine\":\"powershell.exe -NoProfile -File \\\"C:\\\\Program Files\\\\Veeam\\\\Backup\\\\Scripts\\\\backup_post.ps1\\\"\",\"currentDirectory\":\"C:\\\\Program Files\\\\Veeam\\\\Backup\\\\\",\"user\":\"SEVENKINGDOMS\\\\backup_svc\",\"parentProcessGuid\":\"{38b9f294-fd3e-b1ba-b93b-000000000006}\",\"parentProcessId\":\"3122\",\"parentImage\":\"C:\\\\Program Files\\\\Veeam\\\\Backup\\\\VeeamAgent.exe\",\"parentCommandLine\":\"\\\"C:\\\\Program Files\\\\Veeam\\\\Backup\\\\VeeamAgent.exe\\\" -runjob DailyBackup\",\"hashes\":\"MD5=52A2D1D53AB7B54E6107FD5ACBDFFB15,SHA256=99C8275678FE526419811BC64793F96B0D55627558DFBBF37E4B9A9C4EEE61E1,IMPHASH=BA9BA9BB26C1A2513FD776DAAC02773E\"}}}",
      "expect": {
        "alert": false
      },
      "category": "noise",
      "attack": null,
      "evasion": false,
      "expected_rule_id": 100251,
      "expected_level": 0,
      "mitre_id": null
    },
    {
      "name": "noise 323 | Veeam | Get-VBRJob",
      "event": "{\"win\":{\"system\":{\"providerName\":\"Microsoft-Windows-Sysmon\",\"providerGuid\":\"{5770385f-c22a-43e0-bf4c-06f5698ffbd9}\",\"eventID\":\"1\",\"version\":\"5\",\"level\":\"4\",\"task\":\"1\",\"opcode\":\"0\",\"keywords\":\"0x8000000000000000\",\"systemTime\":\"2026-08-19T07:10:21.099098716Z\",\"eventRecordID\":\"549422\",\"channel\":\"Microsoft-Windows-Sysmon/Operational\",\"computer\":\"kingslanding.sevenkingdoms.local\",\"severityValue\":\"INFORMATION\"},\"eventdata\":{\"utcTime\":\"2026-08-19 07:10:21.099\",\"processGuid\":\"{ae7e5c4e-48a7-f71e-bd41-000000000005}\",\"processId\":\"3973\",\"image\":\"C:\\\\Windows\\\\System32\\\\WindowsPowerShell\\\\v1.0\\\\powershell.exe\",\"commandLine\":\"powershell.exe -NoProfile -Command \\\"Get-VBRJob | Select-Object Name,LastResult\\\"\",\"currentDirectory\":\"C:\\\\Program Files\\\\Veeam\\\\Backup\\\\\",\"user\":\"SEVENKINGDOMS\\\\backup_svc\",\"parentProcessGuid\":\"{38b9f294-fd3e-b1ba-b93b-000000000006}\",\"parentProcessId\":\"3122\",\"parentImage\":\"C:\\\\Program Files\\\\Veeam\\\\Backup\\\\VeeamAgent.exe\",\"parentCommandLine\":\"\\\"C:\\\\Program Files\\\\Veeam\\\\Backup\\\\VeeamAgent.exe\\\" -runjob NightlyBackup\",\"hashes\":\"MD5=52A2D1D53AB7B54E6107FD5ACBDFFB15,SHA256=99C8275678FE526419811BC64793F96B0D55627558DFBBF37E4B9A9C4EEE61E1,IMPHASH=BA9BA9BB26C1A2513FD776DAAC02773E\"}}}",
      "expect": {
        "alert": false
      },
      "category": "noise",
      "attack": null,
      "evasion": false,
      "expected_rule_id": 100251,
      "expected_level": 0,
      "mitre_id": null
    },
    {
      "name": "noise 324 | Veeam | pre_job.ps1",
      "event": "{\"win\":{\"system\":{\"providerName\":\"Microsoft-Windows-Sysmon\",\"providerGuid\":\"{5770385f-c22a-43e0-bf4c-06f5698ffbd9}\",\"eventID\":\"1\",\"version\":\"5\",\"level\":\"4\",\"task\":\"1\",\"opcode\":\"0\",\"keywords\":\"0x8000000000000000\",\"systemTime\":\"2026-08-19T07:12:06.889630120Z\",\"eventRecordID\":\"549423\",\"channel\":\"Microsoft-Windows-Sysmon/Operational\",\"computer\":\"kingslanding.sevenkingdoms.local\",\"severityValue\":\"INFORMATION\"},\"eventdata\":{\"utcTime\":\"2026-08-19 07:12:06.889\",\"processGuid\":\"{ae7e5c4e-48a7-f71e-bd41-000000000005}\",\"processId\":\"3973\",\"image\":\"C:\\\\Windows\\\\System32\\\\WindowsPowerShell\\\\v1.0\\\\powershell.exe\",\"commandLine\":\"powershell.exe -NoProfile -File \\\"C:\\\\Program Files\\\\Veeam\\\\Backup\\\\Scripts\\\\pre_job.ps1\\\"\",\"currentDirectory\":\"C:\\\\Program Files\\\\Veeam\\\\Backup\\\\\",\"user\":\"SEVENKINGDOMS\\\\backup_svc\",\"parentProcessGuid\":\"{38b9f294-fd3e-b1ba-b93b-000000000006}\",\"parentProcessId\":\"3122\",\"parentImage\":\"C:\\\\Program Files\\\\Veeam\\\\Backup\\\\VeeamAgent.exe\",\"parentCommandLine\":\"\\\"C:\\\\Program Files\\\\Veeam\\\\Backup\\\\VeeamAgent.exe\\\" -runjob DailyBackup\",\"hashes\":\"MD5=52A2D1D53AB7B54E6107FD5ACBDFFB15,SHA256=99C8275678FE526419811BC64793F96B0D55627558DFBBF37E4B9A9C4EEE61E1,IMPHASH=BA9BA9BB26C1A2513FD776DAAC02773E\"}}}",
      "expect": {
        "alert": false
      },
      "category": "noise",
      "attack": null,
      "evasion": false,
      "expected_rule_id": 100251,
      "expected_level": 0,
      "mitre_id": null
    },
    {
      "name": "noise 325 | Veeam | Get-VBRBackupSession",
      "event": "{\"win\":{\"system\":{\"providerName\":\"Microsoft-Windows-Sysmon\",\"providerGuid\":\"{5770385f-c22a-43e0-bf4c-06f5698ffbd9}\",\"eventID\":\"1\",\"version\":\"5\",\"level\":\"4\",\"task\":\"1\",\"opcode\":\"0\",\"keywords\":\"0x8000000000000000\",\"systemTime\":\"2026-08-19T07:12:31.874732190Z\",\"eventRecordID\":\"549424\",\"channel\":\"Microsoft-Windows-Sysmon/Operational\",\"computer\":\"kingslanding.sevenkingdoms.local\",\"severityValue\":\"INFORMATION\"},\"eventdata\":{\"utcTime\":\"2026-08-19 07:12:31.874\",\"processGuid\":\"{ae7e5c4e-48a7-f71e-bd41-000000000005}\",\"processId\":\"3973\",\"image\":\"C:\\\\Windows\\\\System32\\\\WindowsPowerShell\\\\v1.0\\\\powershell.exe\",\"commandLine\":\"powershell.exe -NoProfile -Command \\\"Get-VBRBackupSession | Where-Object {$_.Result -eq 'Success'}\\\"\",\"currentDirectory\":\"C:\\\\Program Files\\\\Veeam\\\\Backup\\\\\",\"user\":\"SEVENKINGDOMS\\\\backup_svc\",\"parentProcessGuid\":\"{38b9f294-fd3e-b1ba-b93b-000000000006}\",\"parentProcessId\":\"3122\",\"parentImage\":\"C:\\\\Program Files\\\\Veeam\\\\Backup\\\\VeeamAgent.exe\",\"parentCommandLine\":\"\\\"C:\\\\Program Files\\\\Veeam\\\\Backup\\\\VeeamAgent.exe\\\" -runjob DailyBackup\",\"hashes\":\"MD5=52A2D1D53AB7B54E6107FD5ACBDFFB15,SHA256=99C8275678FE526419811BC64793F96B0D55627558DFBBF37E4B9A9C4EEE61E1,IMPHASH=BA9BA9BB26C1A2513FD776DAAC02773E\"}}}",
      "expect": {
        "alert": false
      },
      "category": "noise",
      "attack": null,
      "evasion": false,
      "expected_rule_id": 100251,
      "expected_level": 0,
      "mitre_id": null
    },
    {
      "name": "noise 326 | Veeam | vss_check.ps1",
      "event": "{\"win\":{\"system\":{\"providerName\":\"Microsoft-Windows-Sysmon\",\"providerGuid\":\"{5770385f-c22a-43e0-bf4c-06f5698ffbd9}\",\"eventID\":\"1\",\"version\":\"5\",\"level\":\"4\",\"task\":\"1\",\"opcode\":\"0\",\"keywords\":\"0x8000000000000000\",\"systemTime\":\"2026-08-19T07:14:33.851453273Z\",\"eventRecordID\":\"549425\",\"channel\":\"Microsoft-Windows-Sysmon/Operational\",\"computer\":\"kingslanding.sevenkingdoms.local\",\"severityValue\":\"INFORMATION\"},\"eventdata\":{\"utcTime\":\"2026-08-19 07:14:33.851\",\"processGuid\":\"{ae7e5c4e-48a7-f71e-bd41-000000000005}\",\"processId\":\"3973\",\"image\":\"C:\\\\Windows\\\\System32\\\\WindowsPowerShell\\\\v1.0\\\\powershell.exe\",\"commandLine\":\"powershell.exe -ExecutionPolicy Bypass -File C:\\\\Program Files\\\\Veeam\\\\Backup\\\\Scripts\\\\vss_check.ps1\",\"currentDirectory\":\"C:\\\\Program Files\\\\Veeam\\\\Backup\\\\\",\"user\":\"SEVENKINGDOMS\\\\backup_svc\",\"parentProcessGuid\":\"{38b9f294-fd3e-b1ba-b93b-000000000006}\",\"parentProcessId\":\"3122\",\"parentImage\":\"C:\\\\Program Files\\\\Veeam\\\\Backup\\\\VeeamAgent.exe\",\"parentCommandLine\":\"\\\"C:\\\\Program Files\\\\Veeam\\\\Backup\\\\VeeamAgent.exe\\\" -runjob NightlyBackup\",\"hashes\":\"MD5=52A2D1D53AB7B54E6107FD5ACBDFFB15,SHA256=99C8275678FE526419811BC64793F96B0D55627558DFBBF37E4B9A9C4EEE61E1,IMPHASH=BA9BA9BB26C1A2513FD776DAAC02773E\"}}}",
      "expect": {
        "alert": false
      },
      "category": "noise",
      "attack": null,
      "evasion": false,
      "expected_rule_id": 100251,
      "expected_level": 0,
      "mitre_id": null
    },
    {
      "name": "noise 327 | Veeam | vss_check.ps1",
      "event": "{\"win\":{\"system\":{\"providerName\":\"Microsoft-Windows-Sysmon\",\"providerGuid\":\"{5770385f-c22a-43e0-bf4c-06f5698ffbd9}\",\"eventID\":\"1\",\"version\":\"5\",\"level\":\"4\",\"task\":\"1\",\"opcode\":\"0\",\"keywords\":\"0x8000000000000000\",\"systemTime\":\"2026-08-19T07:15:11.229047589Z\",\"eventRecordID\":\"549426\",\"channel\":\"Microsoft-Windows-Sysmon/Operational\",\"computer\":\"kingslanding.sevenkingdoms.local\",\"severityValue\":\"INFORMATION\"},\"eventdata\":{\"utcTime\":\"2026-08-19 07:15:11.229\",\"processGuid\":\"{ae7e5c4e-48a7-f71e-bd41-000000000005}\",\"processId\":\"3973\",\"image\":\"C:\\\\Windows\\\\System32\\\\WindowsPowerShell\\\\v1.0\\\\powershell.exe\",\"commandLine\":\"powershell.exe -ExecutionPolicy Bypass -File C:\\\\Program Files\\\\Veeam\\\\Backup\\\\Scripts\\\\vss_check.ps1\",\"currentDirectory\":\"C:\\\\Program Files\\\\Veeam\\\\Backup\\\\\",\"user\":\"SEVENKINGDOMS\\\\backup_svc\",\"parentProcessGuid\":\"{38b9f294-fd3e-b1ba-b93b-000000000006}\",\"parentProcessId\":\"3122\",\"parentImage\":\"C:\\\\Program Files\\\\Veeam\\\\Backup\\\\VeeamAgent.exe\",\"parentCommandLine\":\"\\\"C:\\\\Program Files\\\\Veeam\\\\Backup\\\\VeeamAgent.exe\\\" -runjob DailyBackup\",\"hashes\":\"MD5=52A2D1D53AB7B54E6107FD5ACBDFFB15,SHA256=99C8275678FE526419811BC64793F96B0D55627558DFBBF37E4B9A9C4EEE61E1,IMPHASH=BA9BA9BB26C1A2513FD776DAAC02773E\"}}}",
      "expect": {
        "alert": false
      },
      "category": "noise",
      "attack": null,
      "evasion": false,
      "expected_rule_id": 100251,
      "expected_level": 0,
      "mitre_id": null
    },
    {
      "name": "noise 328 | Veeam | Get-VBRJob",
      "event": "{\"win\":{\"system\":{\"providerName\":\"Microsoft-Windows-Sysmon\",\"providerGuid\":\"{5770385f-c22a-43e0-bf4c-06f5698ffbd9}\",\"eventID\":\"1\",\"version\":\"5\",\"level\":\"4\",\"task\":\"1\",\"opcode\":\"0\",\"keywords\":\"0x8000000000000000\",\"systemTime\":\"2026-08-19T07:17:17.507906586Z\",\"eventRecordID\":\"549427\",\"channel\":\"Microsoft-Windows-Sysmon/Operational\",\"computer\":\"kingslanding.sevenkingdoms.local\",\"severityValue\":\"INFORMATION\"},\"eventdata\":{\"utcTime\":\"2026-08-19 07:17:17.507\",\"processGuid\":\"{ae7e5c4e-48a7-f71e-bd41-000000000005}\",\"processId\":\"3973\",\"image\":\"C:\\\\Windows\\\\System32\\\\WindowsPowerShell\\\\v1.0\\\\powershell.exe\",\"commandLine\":\"powershell.exe -NoProfile -Command \\\"Get-VBRJob | Select-Object Name,LastResult\\\"\",\"currentDirectory\":\"C:\\\\Program Files\\\\Veeam\\\\Backup\\\\\",\"user\":\"SEVENKINGDOMS\\\\backup_svc\",\"parentProcessGuid\":\"{38b9f294-fd3e-b1ba-b93b-000000000006}\",\"parentProcessId\":\"3122\",\"parentImage\":\"C:\\\\Program Files\\\\Veeam\\\\Backup\\\\VeeamAgent.exe\",\"parentCommandLine\":\"\\\"C:\\\\Program Files\\\\Veeam\\\\Backup\\\\VeeamAgent.exe\\\" -runjob NightlyBackup\",\"hashes\":\"MD5=52A2D1D53AB7B54E6107FD5ACBDFFB15,SHA256=99C8275678FE526419811BC64793F96B0D55627558DFBBF37E4B9A9C4EEE61E1,IMPHASH=BA9BA9BB26C1A2513FD776DAAC02773E\"}}}",
      "expect": {
        "alert": false
      },
      "category": "noise",
      "attack": null,
      "evasion": false,
      "expected_rule_id": 100251,
      "expected_level": 0,
      "mitre_id": null
    },
    {
      "name": "noise 329 | Veeam | backup_post.ps1",
      "event": "{\"win\":{\"system\":{\"providerName\":\"Microsoft-Windows-Sysmon\",\"providerGuid\":\"{5770385f-c22a-43e0-bf4c-06f5698ffbd9}\",\"eventID\":\"1\",\"version\":\"5\",\"level\":\"4\",\"task\":\"1\",\"opcode\":\"0\",\"keywords\":\"0x8000000000000000\",\"systemTime\":\"2026-08-19T07:17:59.634220435Z\",\"eventRecordID\":\"549428\",\"channel\":\"Microsoft-Windows-Sysmon/Operational\",\"computer\":\"kingslanding.sevenkingdoms.local\",\"severityValue\":\"INFORMATION\"},\"eventdata\":{\"utcTime\":\"2026-08-19 07:17:59.634\",\"processGuid\":\"{ae7e5c4e-48a7-f71e-bd41-000000000005}\",\"processId\":\"3973\",\"image\":\"C:\\\\Windows\\\\System32\\\\WindowsPowerShell\\\\v1.0\\\\powershell.exe\",\"commandLine\":\"powershell.exe -NoProfile -File \\\"C:\\\\Program Files\\\\Veeam\\\\Backup\\\\Scripts\\\\backup_post.ps1\\\"\",\"currentDirectory\":\"C:\\\\Program Files\\\\Veeam\\\\Backup\\\\\",\"user\":\"SEVENKINGDOMS\\\\backup_svc\",\"parentProcessGuid\":\"{38b9f294-fd3e-b1ba-b93b-000000000006}\",\"parentProcessId\":\"3122\",\"parentImage\":\"C:\\\\Program Files\\\\Veeam\\\\Backup\\\\VeeamAgent.exe\",\"parentCommandLine\":\"\\\"C:\\\\Program Files\\\\Veeam\\\\Backup\\\\VeeamAgent.exe\\\" -runjob DailyBackup\",\"hashes\":\"MD5=52A2D1D53AB7B54E6107FD5ACBDFFB15,SHA256=99C8275678FE526419811BC64793F96B0D55627558DFBBF37E4B9A9C4EEE61E1,IMPHASH=BA9BA9BB26C1A2513FD776DAAC02773E\"}}}",
      "expect": {
        "alert": false
      },
      "category": "noise",
      "attack": null,
      "evasion": false,
      "expected_rule_id": 100251,
      "expected_level": 0,
      "mitre_id": null
    },
    {
      "name": "noise 330 | Veeam | pre_job.ps1",
      "event": "{\"win\":{\"system\":{\"providerName\":\"Microsoft-Windows-Sysmon\",\"providerGuid\":\"{5770385f-c22a-43e0-bf4c-06f5698ffbd9}\",\"eventID\":\"1\",\"version\":\"5\",\"level\":\"4\",\"task\":\"1\",\"opcode\":\"0\",\"keywords\":\"0x8000000000000000\",\"systemTime\":\"2026-08-19T07:20:14.533957778Z\",\"eventRecordID\":\"549429\",\"channel\":\"Microsoft-Windows-Sysmon/Operational\",\"computer\":\"kingslanding.sevenkingdoms.local\",\"severityValue\":\"INFORMATION\"},\"eventdata\":{\"utcTime\":\"2026-08-19 07:20:14.533\",\"processGuid\":\"{ae7e5c4e-48a7-f71e-bd41-000000000005}\",\"processId\":\"3973\",\"image\":\"C:\\\\Windows\\\\System32\\\\WindowsPowerShell\\\\v1.0\\\\powershell.exe\",\"commandLine\":\"powershell.exe -NoProfile -File \\\"C:\\\\Program Files\\\\Veeam\\\\Backup\\\\Scripts\\\\pre_job.ps1\\\"\",\"currentDirectory\":\"C:\\\\Program Files\\\\Veeam\\\\Backup\\\\\",\"user\":\"SEVENKINGDOMS\\\\backup_svc\",\"parentProcessGuid\":\"{38b9f294-fd3e-b1ba-b93b-000000000006}\",\"parentProcessId\":\"3122\",\"parentImage\":\"C:\\\\Program Files\\\\Veeam\\\\Backup\\\\VeeamAgent.exe\",\"parentCommandLine\":\"\\\"C:\\\\Program Files\\\\Veeam\\\\Backup\\\\VeeamAgent.exe\\\" -runjob NightlyBackup\",\"hashes\":\"MD5=52A2D1D53AB7B54E6107FD5ACBDFFB15,SHA256=99C8275678FE526419811BC64793F96B0D55627558DFBBF37E4B9A9C4EEE61E1,IMPHASH=BA9BA9BB26C1A2513FD776DAAC02773E\"}}}",
      "expect": {
        "alert": false
      },
      "category": "noise",
      "attack": null,
      "evasion": false,
      "expected_rule_id": 100251,
      "expected_level": 0,
      "mitre_id": null
    },
    {
      "name": "noise 331 | Veeam | Start-VBRJob",
      "event": "{\"win\":{\"system\":{\"providerName\":\"Microsoft-Windows-Sysmon\",\"providerGuid\":\"{5770385f-c22a-43e0-bf4c-06f5698ffbd9}\",\"eventID\":\"1\",\"version\":\"5\",\"level\":\"4\",\"task\":\"1\",\"opcode\":\"0\",\"keywords\":\"0x8000000000000000\",\"systemTime\":\"2026-08-19T07:20:51.420617916Z\",\"eventRecordID\":\"549430\",\"channel\":\"Microsoft-Windows-Sysmon/Operational\",\"computer\":\"kingslanding.sevenkingdoms.local\",\"severityValue\":\"INFORMATION\"},\"eventdata\":{\"utcTime\":\"2026-08-19 07:20:51.420\",\"processGuid\":\"{ae7e5c4e-48a7-f71e-bd41-000000000005}\",\"processId\":\"3973\",\"image\":\"C:\\\\Windows\\\\System32\\\\WindowsPowerShell\\\\v1.0\\\\powershell.exe\",\"commandLine\":\"powershell.exe -NoProfile -Command \\\"Start-VBRJob -Job 'DailyBackup'\\\"\",\"currentDirectory\":\"C:\\\\Program Files\\\\Veeam\\\\Backup\\\\\",\"user\":\"SEVENKINGDOMS\\\\backup_svc\",\"parentProcessGuid\":\"{38b9f294-fd3e-b1ba-b93b-000000000006}\",\"parentProcessId\":\"3122\",\"parentImage\":\"C:\\\\Program Files\\\\Veeam\\\\Backup\\\\VeeamAgent.exe\",\"parentCommandLine\":\"C:\\\\Program Files\\\\Veeam\\\\Backup\\\\VeeamAgent.exe\",\"hashes\":\"MD5=52A2D1D53AB7B54E6107FD5ACBDFFB15,SHA256=99C8275678FE526419811BC64793F96B0D55627558DFBBF37E4B9A9C4EEE61E1,IMPHASH=BA9BA9BB26C1A2513FD776DAAC02773E\"}}}",
      "expect": {
        "alert": false
      },
      "category": "noise",
      "attack": null,
      "evasion": false,
      "expected_rule_id": 100251,
      "expected_level": 0,
      "mitre_id": null
    },
    {
      "name": "noise 332 | Veeam | Start-VBRJob",
      "event": "{\"win\":{\"system\":{\"providerName\":\"Microsoft-Windows-Sysmon\",\"providerGuid\":\"{5770385f-c22a-43e0-bf4c-06f5698ffbd9}\",\"eventID\":\"1\",\"version\":\"5\",\"level\":\"4\",\"task\":\"1\",\"opcode\":\"0\",\"keywords\":\"0x8000000000000000\",\"systemTime\":\"2026-08-19T07:22:13.339721104Z\",\"eventRecordID\":\"549431\",\"channel\":\"Microsoft-Windows-Sysmon/Operational\",\"computer\":\"kingslanding.sevenkingdoms.local\",\"severityValue\":\"INFORMATION\"},\"eventdata\":{\"utcTime\":\"2026-08-19 07:22:13.339\",\"processGuid\":\"{ae7e5c4e-48a7-f71e-bd41-000000000005}\",\"processId\":\"3973\",\"image\":\"C:\\\\Windows\\\\System32\\\\WindowsPowerShell\\\\v1.0\\\\powershell.exe\",\"commandLine\":\"powershell.exe -NoProfile -Command \\\"Start-VBRJob -Job 'DailyBackup'\\\"\",\"currentDirectory\":\"C:\\\\Program Files\\\\Veeam\\\\Backup\\\\\",\"user\":\"SEVENKINGDOMS\\\\backup_svc\",\"parentProcessGuid\":\"{38b9f294-fd3e-b1ba-b93b-000000000006}\",\"parentProcessId\":\"3122\",\"parentImage\":\"C:\\\\Program Files\\\\Veeam\\\\Backup\\\\VeeamAgent.exe\",\"parentCommandLine\":\"\\\"C:\\\\Program Files\\\\Veeam\\\\Backup\\\\VeeamAgent.exe\\\" -runjob NightlyBackup\",\"hashes\":\"MD5=52A2D1D53AB7B54E6107FD5ACBDFFB15,SHA256=99C8275678FE526419811BC64793F96B0D55627558DFBBF37E4B9A9C4EEE61E1,IMPHASH=BA9BA9BB26C1A2513FD776DAAC02773E\"}}}",
      "expect": {
        "alert": false
      },
      "category": "noise",
      "attack": null,
      "evasion": false,
      "expected_rule_id": 100251,
      "expected_level": 0,
      "mitre_id": null
    },
    {
      "name": "noise 333 | Veeam | Get-VBRBackupSession",
      "event": "{\"win\":{\"system\":{\"providerName\":\"Microsoft-Windows-Sysmon\",\"providerGuid\":\"{5770385f-c22a-43e0-bf4c-06f5698ffbd9}\",\"eventID\":\"1\",\"version\":\"5\",\"level\":\"4\",\"task\":\"1\",\"opcode\":\"0\",\"keywords\":\"0x8000000000000000\",\"systemTime\":\"2026-08-19T07:23:01.155843657Z\",\"eventRecordID\":\"549432\",\"channel\":\"Microsoft-Windows-Sysmon/Operational\",\"computer\":\"kingslanding.sevenkingdoms.local\",\"severityValue\":\"INFORMATION\"},\"eventdata\":{\"utcTime\":\"2026-08-19 07:23:01.155\",\"processGuid\":\"{ae7e5c4e-48a7-f71e-bd41-000000000005}\",\"processId\":\"3973\",\"image\":\"C:\\\\Windows\\\\System32\\\\WindowsPowerShell\\\\v1.0\\\\powershell.exe\",\"commandLine\":\"powershell.exe -NoProfile -Command \\\"Get-VBRBackupSession | Where-Object {$_.Result -eq 'Success'}\\\"\",\"currentDirectory\":\"C:\\\\Program Files\\\\Veeam\\\\Backup\\\\\",\"user\":\"SEVENKINGDOMS\\\\backup_svc\",\"parentProcessGuid\":\"{38b9f294-fd3e-b1ba-b93b-000000000006}\",\"parentProcessId\":\"3122\",\"parentImage\":\"C:\\\\Program Files\\\\Veeam\\\\Backup\\\\VeeamAgent.exe\",\"parentCommandLine\":\"C:\\\\Program Files\\\\Veeam\\\\Backup\\\\VeeamAgent.exe\",\"hashes\":\"MD5=52A2D1D53AB7B54E6107FD5ACBDFFB15,SHA256=99C8275678FE526419811BC64793F96B0D55627558DFBBF37E4B9A9C4EEE61E1,IMPHASH=BA9BA9BB26C1A2513FD776DAAC02773E\"}}}",
      "expect": {
        "alert": false
      },
      "category": "noise",
      "attack": null,
      "evasion": false,
      "expected_rule_id": 100251,
      "expected_level": 0,
      "mitre_id": null
    },
    {
      "name": "noise 334 | Veeam | vss_check.ps1",
      "event": "{\"win\":{\"system\":{\"providerName\":\"Microsoft-Windows-Sysmon\",\"providerGuid\":\"{5770385f-c22a-43e0-bf4c-06f5698ffbd9}\",\"eventID\":\"1\",\"version\":\"5\",\"level\":\"4\",\"task\":\"1\",\"opcode\":\"0\",\"keywords\":\"0x8000000000000000\",\"systemTime\":\"2026-08-19T07:25:15.483317501Z\",\"eventRecordID\":\"549433\",\"channel\":\"Microsoft-Windows-Sysmon/Operational\",\"computer\":\"kingslanding.sevenkingdoms.local\",\"severityValue\":\"INFORMATION\"},\"eventdata\":{\"utcTime\":\"2026-08-19 07:25:15.483\",\"processGuid\":\"{ae7e5c4e-48a7-f71e-bd41-000000000005}\",\"processId\":\"3973\",\"image\":\"C:\\\\Windows\\\\System32\\\\WindowsPowerShell\\\\v1.0\\\\powershell.exe\",\"commandLine\":\"powershell.exe -ExecutionPolicy Bypass -File C:\\\\Program Files\\\\Veeam\\\\Backup\\\\Scripts\\\\vss_check.ps1\",\"currentDirectory\":\"C:\\\\Program Files\\\\Veeam\\\\Backup\\\\\",\"user\":\"SEVENKINGDOMS\\\\backup_svc\",\"parentProcessGuid\":\"{38b9f294-fd3e-b1ba-b93b-000000000006}\",\"parentProcessId\":\"3122\",\"parentImage\":\"C:\\\\Program Files\\\\Veeam\\\\Backup\\\\VeeamAgent.exe\",\"parentCommandLine\":\"\\\"C:\\\\Program Files\\\\Veeam\\\\Backup\\\\VeeamAgent.exe\\\" -runjob NightlyBackup\",\"hashes\":\"MD5=52A2D1D53AB7B54E6107FD5ACBDFFB15,SHA256=99C8275678FE526419811BC64793F96B0D55627558DFBBF37E4B9A9C4EEE61E1,IMPHASH=BA9BA9BB26C1A2513FD776DAAC02773E\"}}}",
      "expect": {
        "alert": false
      },
      "category": "noise",
      "attack": null,
      "evasion": false,
      "expected_rule_id": 100251,
      "expected_level": 0,
      "mitre_id": null
    },
    {
      "name": "noise 335 | Veeam | backup_post.ps1",
      "event": "{\"win\":{\"system\":{\"providerName\":\"Microsoft-Windows-Sysmon\",\"providerGuid\":\"{5770385f-c22a-43e0-bf4c-06f5698ffbd9}\",\"eventID\":\"1\",\"version\":\"5\",\"level\":\"4\",\"task\":\"1\",\"opcode\":\"0\",\"keywords\":\"0x8000000000000000\",\"systemTime\":\"2026-08-19T07:26:33.143589049Z\",\"eventRecordID\":\"549434\",\"channel\":\"Microsoft-Windows-Sysmon/Operational\",\"computer\":\"kingslanding.sevenkingdoms.local\",\"severityValue\":\"INFORMATION\"},\"eventdata\":{\"utcTime\":\"2026-08-19 07:26:33.143\",\"processGuid\":\"{ae7e5c4e-48a7-f71e-bd41-000000000005}\",\"processId\":\"3973\",\"image\":\"C:\\\\Windows\\\\System32\\\\WindowsPowerShell\\\\v1.0\\\\powershell.exe\",\"commandLine\":\"powershell.exe -NoProfile -File \\\"C:\\\\Program Files\\\\Veeam\\\\Backup\\\\Scripts\\\\backup_post.ps1\\\"\",\"currentDirectory\":\"C:\\\\Program Files\\\\Veeam\\\\Backup\\\\\",\"user\":\"SEVENKINGDOMS\\\\backup_svc\",\"parentProcessGuid\":\"{38b9f294-fd3e-b1ba-b93b-000000000006}\",\"parentProcessId\":\"3122\",\"parentImage\":\"C:\\\\Program Files\\\\Veeam\\\\Backup\\\\VeeamAgent.exe\",\"parentCommandLine\":\"\\\"C:\\\\Program Files\\\\Veeam\\\\Backup\\\\VeeamAgent.exe\\\" -runjob NightlyBackup\",\"hashes\":\"MD5=52A2D1D53AB7B54E6107FD5ACBDFFB15,SHA256=99C8275678FE526419811BC64793F96B0D55627558DFBBF37E4B9A9C4EEE61E1,IMPHASH=BA9BA9BB26C1A2513FD776DAAC02773E\"}}}",
      "expect": {
        "alert": false
      },
      "category": "noise",
      "attack": null,
      "evasion": false,
      "expected_rule_id": 100251,
      "expected_level": 0,
      "mitre_id": null
    },
    {
      "name": "noise 336 | Veeam | Get-VBRJob",
      "event": "{\"win\":{\"system\":{\"providerName\":\"Microsoft-Windows-Sysmon\",\"providerGuid\":\"{5770385f-c22a-43e0-bf4c-06f5698ffbd9}\",\"eventID\":\"1\",\"version\":\"5\",\"level\":\"4\",\"task\":\"1\",\"opcode\":\"0\",\"keywords\":\"0x8000000000000000\",\"systemTime\":\"2026-08-19T07:27:45.710480600Z\",\"eventRecordID\":\"549435\",\"channel\":\"Microsoft-Windows-Sysmon/Operational\",\"computer\":\"kingslanding.sevenkingdoms.local\",\"severityValue\":\"INFORMATION\"},\"eventdata\":{\"utcTime\":\"2026-08-19 07:27:45.710\",\"processGuid\":\"{ae7e5c4e-48a7-f71e-bd41-000000000005}\",\"processId\":\"3973\",\"image\":\"C:\\\\Windows\\\\System32\\\\WindowsPowerShell\\\\v1.0\\\\powershell.exe\",\"commandLine\":\"powershell.exe -NoProfile -Command \\\"Get-VBRJob | Select-Object Name,LastResult\\\"\",\"currentDirectory\":\"C:\\\\Program Files\\\\Veeam\\\\Backup\\\\\",\"user\":\"SEVENKINGDOMS\\\\backup_svc\",\"parentProcessGuid\":\"{38b9f294-fd3e-b1ba-b93b-000000000006}\",\"parentProcessId\":\"3122\",\"parentImage\":\"C:\\\\Program Files\\\\Veeam\\\\Backup\\\\VeeamAgent.exe\",\"parentCommandLine\":\"C:\\\\Program Files\\\\Veeam\\\\Backup\\\\VeeamAgent.exe\",\"hashes\":\"MD5=52A2D1D53AB7B54E6107FD5ACBDFFB15,SHA256=99C8275678FE526419811BC64793F96B0D55627558DFBBF37E4B9A9C4EEE61E1,IMPHASH=BA9BA9BB26C1A2513FD776DAAC02773E\"}}}",
      "expect": {
        "alert": false
      },
      "category": "noise",
      "attack": null,
      "evasion": false,
      "expected_rule_id": 100251,
      "expected_level": 0,
      "mitre_id": null
    },
    {
      "name": "noise 337 | Veeam | Get-VBRBackupSession",
      "event": "{\"win\":{\"system\":{\"providerName\":\"Microsoft-Windows-Sysmon\",\"providerGuid\":\"{5770385f-c22a-43e0-bf4c-06f5698ffbd9}\",\"eventID\":\"1\",\"version\":\"5\",\"level\":\"4\",\"task\":\"1\",\"opcode\":\"0\",\"keywords\":\"0x8000000000000000\",\"systemTime\":\"2026-08-19T07:29:11.860123253Z\",\"eventRecordID\":\"549436\",\"channel\":\"Microsoft-Windows-Sysmon/Operational\",\"computer\":\"kingslanding.sevenkingdoms.local\",\"severityValue\":\"INFORMATION\"},\"eventdata\":{\"utcTime\":\"2026-08-19 07:29:11.860\",\"processGuid\":\"{ae7e5c4e-48a7-f71e-bd41-000000000005}\",\"processId\":\"3973\",\"image\":\"C:\\\\Windows\\\\System32\\\\WindowsPowerShell\\\\v1.0\\\\powershell.exe\",\"commandLine\":\"powershell.exe -NoProfile -Command \\\"Get-VBRBackupSession | Where-Object {$_.Result -eq 'Success'}\\\"\",\"currentDirectory\":\"C:\\\\Program Files\\\\Veeam\\\\Backup\\\\\",\"user\":\"SEVENKINGDOMS\\\\backup_svc\",\"parentProcessGuid\":\"{38b9f294-fd3e-b1ba-b93b-000000000006}\",\"parentProcessId\":\"3122\",\"parentImage\":\"C:\\\\Program Files\\\\Veeam\\\\Backup\\\\VeeamAgent.exe\",\"parentCommandLine\":\"\\\"C:\\\\Program Files\\\\Veeam\\\\Backup\\\\VeeamAgent.exe\\\" -runjob DailyBackup\",\"hashes\":\"MD5=52A2D1D53AB7B54E6107FD5ACBDFFB15,SHA256=99C8275678FE526419811BC64793F96B0D55627558DFBBF37E4B9A9C4EEE61E1,IMPHASH=BA9BA9BB26C1A2513FD776DAAC02773E\"}}}",
      "expect": {
        "alert": false
      },
      "category": "noise",
      "attack": null,
      "evasion": false,
      "expected_rule_id": 100251,
      "expected_level": 0,
      "mitre_id": null
    },
    {
      "name": "noise 338 | Veeam | Get-VBRBackupSession",
      "event": "{\"win\":{\"system\":{\"providerName\":\"Microsoft-Windows-Sysmon\",\"providerGuid\":\"{5770385f-c22a-43e0-bf4c-06f5698ffbd9}\",\"eventID\":\"1\",\"version\":\"5\",\"level\":\"4\",\"task\":\"1\",\"opcode\":\"0\",\"keywords\":\"0x8000000000000000\",\"systemTime\":\"2026-08-19T07:30:24.975328856Z\",\"eventRecordID\":\"549437\",\"channel\":\"Microsoft-Windows-Sysmon/Operational\",\"computer\":\"kingslanding.sevenkingdoms.local\",\"severityValue\":\"INFORMATION\"},\"eventdata\":{\"utcTime\":\"2026-08-19 07:30:24.975\",\"processGuid\":\"{ae7e5c4e-48a7-f71e-bd41-000000000005}\",\"processId\":\"3973\",\"image\":\"C:\\\\Windows\\\\System32\\\\WindowsPowerShell\\\\v1.0\\\\powershell.exe\",\"commandLine\":\"powershell.exe -NoProfile -Command \\\"Get-VBRBackupSession | Where-Object {$_.Result -eq 'Success'}\\\"\",\"currentDirectory\":\"C:\\\\Program Files\\\\Veeam\\\\Backup\\\\\",\"user\":\"SEVENKINGDOMS\\\\backup_svc\",\"parentProcessGuid\":\"{38b9f294-fd3e-b1ba-b93b-000000000006}\",\"parentProcessId\":\"3122\",\"parentImage\":\"C:\\\\Program Files\\\\Veeam\\\\Backup\\\\VeeamAgent.exe\",\"parentCommandLine\":\"\\\"C:\\\\Program Files\\\\Veeam\\\\Backup\\\\VeeamAgent.exe\\\" -runjob NightlyBackup\",\"hashes\":\"MD5=52A2D1D53AB7B54E6107FD5ACBDFFB15,SHA256=99C8275678FE526419811BC64793F96B0D55627558DFBBF37E4B9A9C4EEE61E1,IMPHASH=BA9BA9BB26C1A2513FD776DAAC02773E\"}}}",
      "expect": {
        "alert": false
      },
      "category": "noise",
      "attack": null,
      "evasion": false,
      "expected_rule_id": 100251,
      "expected_level": 0,
      "mitre_id": null
    },
    {
      "name": "noise 339 | Veeam | backup_post.ps1",
      "event": "{\"win\":{\"system\":{\"providerName\":\"Microsoft-Windows-Sysmon\",\"providerGuid\":\"{5770385f-c22a-43e0-bf4c-06f5698ffbd9}\",\"eventID\":\"1\",\"version\":\"5\",\"level\":\"4\",\"task\":\"1\",\"opcode\":\"0\",\"keywords\":\"0x8000000000000000\",\"systemTime\":\"2026-08-19T07:32:08.894741905Z\",\"eventRecordID\":\"549438\",\"channel\":\"Microsoft-Windows-Sysmon/Operational\",\"computer\":\"kingslanding.sevenkingdoms.local\",\"severityValue\":\"INFORMATION\"},\"eventdata\":{\"utcTime\":\"2026-08-19 07:32:08.894\",\"processGuid\":\"{ae7e5c4e-48a7-f71e-bd41-000000000005}\",\"processId\":\"3973\",\"image\":\"C:\\\\Windows\\\\System32\\\\WindowsPowerShell\\\\v1.0\\\\powershell.exe\",\"commandLine\":\"powershell.exe -NoProfile -File \\\"C:\\\\Program Files\\\\Veeam\\\\Backup\\\\Scripts\\\\backup_post.ps1\\\"\",\"currentDirectory\":\"C:\\\\Program Files\\\\Veeam\\\\Backup\\\\\",\"user\":\"SEVENKINGDOMS\\\\backup_svc\",\"parentProcessGuid\":\"{38b9f294-fd3e-b1ba-b93b-000000000006}\",\"parentProcessId\":\"3122\",\"parentImage\":\"C:\\\\Program Files\\\\Veeam\\\\Backup\\\\VeeamAgent.exe\",\"parentCommandLine\":\"\\\"C:\\\\Program Files\\\\Veeam\\\\Backup\\\\VeeamAgent.exe\\\" -runjob NightlyBackup\",\"hashes\":\"MD5=52A2D1D53AB7B54E6107FD5ACBDFFB15,SHA256=99C8275678FE526419811BC64793F96B0D55627558DFBBF37E4B9A9C4EEE61E1,IMPHASH=BA9BA9BB26C1A2513FD776DAAC02773E\"}}}",
      "expect": {
        "alert": false
      },
      "category": "noise",
      "attack": null,
      "evasion": false,
      "expected_rule_id": 100251,
      "expected_level": 0,
      "mitre_id": null
    },
    {
      "name": "noise 340 | Veeam | Get-VBRJob",
      "event": "{\"win\":{\"system\":{\"providerName\":\"Microsoft-Windows-Sysmon\",\"providerGuid\":\"{5770385f-c22a-43e0-bf4c-06f5698ffbd9}\",\"eventID\":\"1\",\"version\":\"5\",\"level\":\"4\",\"task\":\"1\",\"opcode\":\"0\",\"keywords\":\"0x8000000000000000\",\"systemTime\":\"2026-08-19T07:32:22.863825956Z\",\"eventRecordID\":\"549439\",\"channel\":\"Microsoft-Windows-Sysmon/Operational\",\"computer\":\"kingslanding.sevenkingdoms.local\",\"severityValue\":\"INFORMATION\"},\"eventdata\":{\"utcTime\":\"2026-08-19 07:32:22.863\",\"processGuid\":\"{ae7e5c4e-48a7-f71e-bd41-000000000005}\",\"processId\":\"3973\",\"image\":\"C:\\\\Windows\\\\System32\\\\WindowsPowerShell\\\\v1.0\\\\powershell.exe\",\"commandLine\":\"powershell.exe -NoProfile -Command \\\"Get-VBRJob | Select-Object Name,LastResult\\\"\",\"currentDirectory\":\"C:\\\\Program Files\\\\Veeam\\\\Backup\\\\\",\"user\":\"SEVENKINGDOMS\\\\backup_svc\",\"parentProcessGuid\":\"{38b9f294-fd3e-b1ba-b93b-000000000006}\",\"parentProcessId\":\"3122\",\"parentImage\":\"C:\\\\Program Files\\\\Veeam\\\\Backup\\\\VeeamAgent.exe\",\"parentCommandLine\":\"\\\"C:\\\\Program Files\\\\Veeam\\\\Backup\\\\VeeamAgent.exe\\\" -runjob DailyBackup\",\"hashes\":\"MD5=52A2D1D53AB7B54E6107FD5ACBDFFB15,SHA256=99C8275678FE526419811BC64793F96B0D55627558DFBBF37E4B9A9C4EEE61E1,IMPHASH=BA9BA9BB26C1A2513FD776DAAC02773E\"}}}",
      "expect": {
        "alert": false
      },
      "category": "noise",
      "attack": null,
      "evasion": false,
      "expected_rule_id": 100251,
      "expected_level": 0,
      "mitre_id": null
    },
    {
      "name": "noise 341 | Veeam | Get-Volume",
      "event": "{\"win\":{\"system\":{\"providerName\":\"Microsoft-Windows-Sysmon\",\"providerGuid\":\"{5770385f-c22a-43e0-bf4c-06f5698ffbd9}\",\"eventID\":\"1\",\"version\":\"5\",\"level\":\"4\",\"task\":\"1\",\"opcode\":\"0\",\"keywords\":\"0x8000000000000000\",\"systemTime\":\"2026-08-19T07:34:47.054880667Z\",\"eventRecordID\":\"549440\",\"channel\":\"Microsoft-Windows-Sysmon/Operational\",\"computer\":\"kingslanding.sevenkingdoms.local\",\"severityValue\":\"INFORMATION\"},\"eventdata\":{\"utcTime\":\"2026-08-19 07:34:47.054\",\"processGuid\":\"{ae7e5c4e-48a7-f71e-bd41-000000000005}\",\"processId\":\"3973\",\"image\":\"C:\\\\Windows\\\\System32\\\\WindowsPowerShell\\\\v1.0\\\\powershell.exe\",\"commandLine\":\"powershell.exe -NoProfile -Command \\\"Get-Volume | Where-Object DriveLetter -eq 'D'\\\"\",\"currentDirectory\":\"C:\\\\Program Files\\\\Veeam\\\\Backup\\\\\",\"user\":\"SEVENKINGDOMS\\\\backup_svc\",\"parentProcessGuid\":\"{38b9f294-fd3e-b1ba-b93b-000000000006}\",\"parentProcessId\":\"3122\",\"parentImage\":\"C:\\\\Program Files\\\\Veeam\\\\Backup\\\\VeeamAgent.exe\",\"parentCommandLine\":\"\\\"C:\\\\Program Files\\\\Veeam\\\\Backup\\\\VeeamAgent.exe\\\" -runjob NightlyBackup\",\"hashes\":\"MD5=52A2D1D53AB7B54E6107FD5ACBDFFB15,SHA256=99C8275678FE526419811BC64793F96B0D55627558DFBBF37E4B9A9C4EEE61E1,IMPHASH=BA9BA9BB26C1A2513FD776DAAC02773E\"}}}",
      "expect": {
        "alert": false
      },
      "category": "noise",
      "attack": null,
      "evasion": false,
      "expected_rule_id": 100251,
      "expected_level": 0,
      "mitre_id": null
    },
    {
      "name": "noise 342 | Veeam | vss_check.ps1",
      "event": "{\"win\":{\"system\":{\"providerName\":\"Microsoft-Windows-Sysmon\",\"providerGuid\":\"{5770385f-c22a-43e0-bf4c-06f5698ffbd9}\",\"eventID\":\"1\",\"version\":\"5\",\"level\":\"4\",\"task\":\"1\",\"opcode\":\"0\",\"keywords\":\"0x8000000000000000\",\"systemTime\":\"2026-08-19T07:35:07.194250840Z\",\"eventRecordID\":\"549441\",\"channel\":\"Microsoft-Windows-Sysmon/Operational\",\"computer\":\"kingslanding.sevenkingdoms.local\",\"severityValue\":\"INFORMATION\"},\"eventdata\":{\"utcTime\":\"2026-08-19 07:35:07.194\",\"processGuid\":\"{ae7e5c4e-48a7-f71e-bd41-000000000005}\",\"processId\":\"3973\",\"image\":\"C:\\\\Windows\\\\System32\\\\WindowsPowerShell\\\\v1.0\\\\powershell.exe\",\"commandLine\":\"powershell.exe -ExecutionPolicy Bypass -File C:\\\\Program Files\\\\Veeam\\\\Backup\\\\Scripts\\\\vss_check.ps1\",\"currentDirectory\":\"C:\\\\Program Files\\\\Veeam\\\\Backup\\\\\",\"user\":\"SEVENKINGDOMS\\\\backup_svc\",\"parentProcessGuid\":\"{38b9f294-fd3e-b1ba-b93b-000000000006}\",\"parentProcessId\":\"3122\",\"parentImage\":\"C:\\\\Program Files\\\\Veeam\\\\Backup\\\\VeeamAgent.exe\",\"parentCommandLine\":\"\\\"C:\\\\Program Files\\\\Veeam\\\\Backup\\\\VeeamAgent.exe\\\" -runjob NightlyBackup\",\"hashes\":\"MD5=52A2D1D53AB7B54E6107FD5ACBDFFB15,SHA256=99C8275678FE526419811BC64793F96B0D55627558DFBBF37E4B9A9C4EEE61E1,IMPHASH=BA9BA9BB26C1A2513FD776DAAC02773E\"}}}",
      "expect": {
        "alert": false
      },
      "category": "noise",
      "attack": null,
      "evasion": false,
      "expected_rule_id": 100251,
      "expected_level": 0,
      "mitre_id": null
    },
    {
      "name": "noise 343 | Veeam | vss_check.ps1",
      "event": "{\"win\":{\"system\":{\"providerName\":\"Microsoft-Windows-Sysmon\",\"providerGuid\":\"{5770385f-c22a-43e0-bf4c-06f5698ffbd9}\",\"eventID\":\"1\",\"version\":\"5\",\"level\":\"4\",\"task\":\"1\",\"opcode\":\"0\",\"keywords\":\"0x8000000000000000\",\"systemTime\":\"2026-08-19T07:37:01.008206230Z\",\"eventRecordID\":\"549442\",\"channel\":\"Microsoft-Windows-Sysmon/Operational\",\"computer\":\"kingslanding.sevenkingdoms.local\",\"severityValue\":\"INFORMATION\"},\"eventdata\":{\"utcTime\":\"2026-08-19 07:37:01.008\",\"processGuid\":\"{ae7e5c4e-48a7-f71e-bd41-000000000005}\",\"processId\":\"3973\",\"image\":\"C:\\\\Windows\\\\System32\\\\WindowsPowerShell\\\\v1.0\\\\powershell.exe\",\"commandLine\":\"powershell.exe -ExecutionPolicy Bypass -File C:\\\\Program Files\\\\Veeam\\\\Backup\\\\Scripts\\\\vss_check.ps1\",\"currentDirectory\":\"C:\\\\Program Files\\\\Veeam\\\\Backup\\\\\",\"user\":\"SEVENKINGDOMS\\\\backup_svc\",\"parentProcessGuid\":\"{38b9f294-fd3e-b1ba-b93b-000000000006}\",\"parentProcessId\":\"3122\",\"parentImage\":\"C:\\\\Program Files\\\\Veeam\\\\Backup\\\\VeeamAgent.exe\",\"parentCommandLine\":\"\\\"C:\\\\Program Files\\\\Veeam\\\\Backup\\\\VeeamAgent.exe\\\" -runjob NightlyBackup\",\"hashes\":\"MD5=52A2D1D53AB7B54E6107FD5ACBDFFB15,SHA256=99C8275678FE526419811BC64793F96B0D55627558DFBBF37E4B9A9C4EEE61E1,IMPHASH=BA9BA9BB26C1A2513FD776DAAC02773E\"}}}",
      "expect": {
        "alert": false
      },
      "category": "noise",
      "attack": null,
      "evasion": false,
      "expected_rule_id": 100251,
      "expected_level": 0,
      "mitre_id": null
    },
    {
      "name": "noise 344 | Veeam | Get-Volume",
      "event": "{\"win\":{\"system\":{\"providerName\":\"Microsoft-Windows-Sysmon\",\"providerGuid\":\"{5770385f-c22a-43e0-bf4c-06f5698ffbd9}\",\"eventID\":\"1\",\"version\":\"5\",\"level\":\"4\",\"task\":\"1\",\"opcode\":\"0\",\"keywords\":\"0x8000000000000000\",\"systemTime\":\"2026-08-19T07:38:36.887344648Z\",\"eventRecordID\":\"549443\",\"channel\":\"Microsoft-Windows-Sysmon/Operational\",\"computer\":\"kingslanding.sevenkingdoms.local\",\"severityValue\":\"INFORMATION\"},\"eventdata\":{\"utcTime\":\"2026-08-19 07:38:36.887\",\"processGuid\":\"{ae7e5c4e-48a7-f71e-bd41-000000000005}\",\"processId\":\"3973\",\"image\":\"C:\\\\Windows\\\\System32\\\\WindowsPowerShell\\\\v1.0\\\\powershell.exe\",\"commandLine\":\"powershell.exe -NoProfile -Command \\\"Get-Volume | Where-Object DriveLetter -eq 'D'\\\"\",\"currentDirectory\":\"C:\\\\Program Files\\\\Veeam\\\\Backup\\\\\",\"user\":\"SEVENKINGDOMS\\\\backup_svc\",\"parentProcessGuid\":\"{38b9f294-fd3e-b1ba-b93b-000000000006}\",\"parentProcessId\":\"3122\",\"parentImage\":\"C:\\\\Program Files\\\\Veeam\\\\Backup\\\\VeeamAgent.exe\",\"parentCommandLine\":\"\\\"C:\\\\Program Files\\\\Veeam\\\\Backup\\\\VeeamAgent.exe\\\" -runjob NightlyBackup\",\"hashes\":\"MD5=52A2D1D53AB7B54E6107FD5ACBDFFB15,SHA256=99C8275678FE526419811BC64793F96B0D55627558DFBBF37E4B9A9C4EEE61E1,IMPHASH=BA9BA9BB26C1A2513FD776DAAC02773E\"}}}",
      "expect": {
        "alert": false
      },
      "category": "noise",
      "attack": null,
      "evasion": false,
      "expected_rule_id": 100251,
      "expected_level": 0,
      "mitre_id": null
    },
    {
      "name": "noise 345 | Veeam | backup_post.ps1",
      "event": "{\"win\":{\"system\":{\"providerName\":\"Microsoft-Windows-Sysmon\",\"providerGuid\":\"{5770385f-c22a-43e0-bf4c-06f5698ffbd9}\",\"eventID\":\"1\",\"version\":\"5\",\"level\":\"4\",\"task\":\"1\",\"opcode\":\"0\",\"keywords\":\"0x8000000000000000\",\"systemTime\":\"2026-08-19T07:39:25.586749093Z\",\"eventRecordID\":\"549444\",\"channel\":\"Microsoft-Windows-Sysmon/Operational\",\"computer\":\"kingslanding.sevenkingdoms.local\",\"severityValue\":\"INFORMATION\"},\"eventdata\":{\"utcTime\":\"2026-08-19 07:39:25.586\",\"processGuid\":\"{ae7e5c4e-48a7-f71e-bd41-000000000005}\",\"processId\":\"3973\",\"image\":\"C:\\\\Windows\\\\System32\\\\WindowsPowerShell\\\\v1.0\\\\powershell.exe\",\"commandLine\":\"powershell.exe -NoProfile -File \\\"C:\\\\Program Files\\\\Veeam\\\\Backup\\\\Scripts\\\\backup_post.ps1\\\"\",\"currentDirectory\":\"C:\\\\Program Files\\\\Veeam\\\\Backup\\\\\",\"user\":\"SEVENKINGDOMS\\\\backup_svc\",\"parentProcessGuid\":\"{38b9f294-fd3e-b1ba-b93b-000000000006}\",\"parentProcessId\":\"3122\",\"parentImage\":\"C:\\\\Program Files\\\\Veeam\\\\Backup\\\\VeeamAgent.exe\",\"parentCommandLine\":\"\\\"C:\\\\Program Files\\\\Veeam\\\\Backup\\\\VeeamAgent.exe\\\" -runjob DailyBackup\",\"hashes\":\"MD5=52A2D1D53AB7B54E6107FD5ACBDFFB15,SHA256=99C8275678FE526419811BC64793F96B0D55627558DFBBF37E4B9A9C4EEE61E1,IMPHASH=BA9BA9BB26C1A2513FD776DAAC02773E\"}}}",
      "expect": {
        "alert": false
      },
      "category": "noise",
      "attack": null,
      "evasion": false,
      "expected_rule_id": 100251,
      "expected_level": 0,
      "mitre_id": null
    },
    {
      "name": "noise 346 | Veeam | Get-VBRBackupSession",
      "event": "{\"win\":{\"system\":{\"providerName\":\"Microsoft-Windows-Sysmon\",\"providerGuid\":\"{5770385f-c22a-43e0-bf4c-06f5698ffbd9}\",\"eventID\":\"1\",\"version\":\"5\",\"level\":\"4\",\"task\":\"1\",\"opcode\":\"0\",\"keywords\":\"0x8000000000000000\",\"systemTime\":\"2026-08-19T07:40:32.234781761Z\",\"eventRecordID\":\"549445\",\"channel\":\"Microsoft-Windows-Sysmon/Operational\",\"computer\":\"kingslanding.sevenkingdoms.local\",\"severityValue\":\"INFORMATION\"},\"eventdata\":{\"utcTime\":\"2026-08-19 07:40:32.234\",\"processGuid\":\"{ae7e5c4e-48a7-f71e-bd41-000000000005}\",\"processId\":\"3973\",\"image\":\"C:\\\\Windows\\\\System32\\\\WindowsPowerShell\\\\v1.0\\\\powershell.exe\",\"commandLine\":\"powershell.exe -NoProfile -Command \\\"Get-VBRBackupSession | Where-Object {$_.Result -eq 'Success'}\\\"\",\"currentDirectory\":\"C:\\\\Program Files\\\\Veeam\\\\Backup\\\\\",\"user\":\"SEVENKINGDOMS\\\\backup_svc\",\"parentProcessGuid\":\"{38b9f294-fd3e-b1ba-b93b-000000000006}\",\"parentProcessId\":\"3122\",\"parentImage\":\"C:\\\\Program Files\\\\Veeam\\\\Backup\\\\VeeamAgent.exe\",\"parentCommandLine\":\"\\\"C:\\\\Program Files\\\\Veeam\\\\Backup\\\\VeeamAgent.exe\\\" -runjob NightlyBackup\",\"hashes\":\"MD5=52A2D1D53AB7B54E6107FD5ACBDFFB15,SHA256=99C8275678FE526419811BC64793F96B0D55627558DFBBF37E4B9A9C4EEE61E1,IMPHASH=BA9BA9BB26C1A2513FD776DAAC02773E\"}}}",
      "expect": {
        "alert": false
      },
      "category": "noise",
      "attack": null,
      "evasion": false,
      "expected_rule_id": 100251,
      "expected_level": 0,
      "mitre_id": null
    },
    {
      "name": "noise 347 | Veeam | Get-VBRJob",
      "event": "{\"win\":{\"system\":{\"providerName\":\"Microsoft-Windows-Sysmon\",\"providerGuid\":\"{5770385f-c22a-43e0-bf4c-06f5698ffbd9}\",\"eventID\":\"1\",\"version\":\"5\",\"level\":\"4\",\"task\":\"1\",\"opcode\":\"0\",\"keywords\":\"0x8000000000000000\",\"systemTime\":\"2026-08-19T07:42:10.418151584Z\",\"eventRecordID\":\"549446\",\"channel\":\"Microsoft-Windows-Sysmon/Operational\",\"computer\":\"kingslanding.sevenkingdoms.local\",\"severityValue\":\"INFORMATION\"},\"eventdata\":{\"utcTime\":\"2026-08-19 07:42:10.418\",\"processGuid\":\"{ae7e5c4e-48a7-f71e-bd41-000000000005}\",\"processId\":\"3973\",\"image\":\"C:\\\\Windows\\\\System32\\\\WindowsPowerShell\\\\v1.0\\\\powershell.exe\",\"commandLine\":\"powershell.exe -NoProfile -Command \\\"Get-VBRJob | Select-Object Name,LastResult\\\"\",\"currentDirectory\":\"C:\\\\Program Files\\\\Veeam\\\\Backup\\\\\",\"user\":\"SEVENKINGDOMS\\\\backup_svc\",\"parentProcessGuid\":\"{38b9f294-fd3e-b1ba-b93b-000000000006}\",\"parentProcessId\":\"3122\",\"parentImage\":\"C:\\\\Program Files\\\\Veeam\\\\Backup\\\\VeeamAgent.exe\",\"parentCommandLine\":\"C:\\\\Program Files\\\\Veeam\\\\Backup\\\\VeeamAgent.exe\",\"hashes\":\"MD5=52A2D1D53AB7B54E6107FD5ACBDFFB15,SHA256=99C8275678FE526419811BC64793F96B0D55627558DFBBF37E4B9A9C4EEE61E1,IMPHASH=BA9BA9BB26C1A2513FD776DAAC02773E\"}}}",
      "expect": {
        "alert": false
      },
      "category": "noise",
      "attack": null,
      "evasion": false,
      "expected_rule_id": 100251,
      "expected_level": 0,
      "mitre_id": null
    },
