    {
      "name": "noise 288 | Veeam | Get-Volume",
      "event": "{\"win\":{\"system\":{\"providerName\":\"Microsoft-Windows-Sysmon\",\"providerGuid\":\"{5770385f-c22a-43e0-bf4c-06f5698ffbd9}\",\"eventID\":\"1\",\"version\":\"5\",\"level\":\"4\",\"task\":\"1\",\"opcode\":\"0\",\"keywords\":\"0x8000000000000000\",\"systemTime\":\"2026-08-19T06:23:45.286247390Z\",\"eventRecordID\":\"549387\",\"channel\":\"Microsoft-Windows-Sysmon/Operational\",\"computer\":\"kingslanding.sevenkingdoms.local\",\"severityValue\":\"INFORMATION\"},\"eventdata\":{\"utcTime\":\"2026-08-19 06:23:45.286\",\"processGuid\":\"{ae7e5c4e-48a7-f71e-bd41-000000000005}\",\"processId\":\"3973\",\"image\":\"C:\\\\Windows\\\\System32\\\\WindowsPowerShell\\\\v1.0\\\\powershell.exe\",\"commandLine\":\"powershell.exe -NoProfile -Command \\\"Get-Volume | Where-Object DriveLetter -eq 'D'\\\"\",\"currentDirectory\":\"C:\\\\Program Files\\\\Veeam\\\\Backup\\\\\",\"user\":\"SEVENKINGDOMS\\\\backup_svc\",\"parentProcessGuid\":\"{38b9f294-fd3e-b1ba-b93b-000000000006}\",\"parentProcessId\":\"3122\",\"parentImage\":\"C:\\\\Program Files\\\\Veeam\\\\Backup\\\\VeeamAgent.exe\",\"parentCommandLine\":\"C:\\\\Program Files\\\\Veeam\\\\Backup\\\\VeeamAgent.exe\",\"hashes\":\"MD5=52A2D1D53AB7B54E6107FD5ACBDFFB15,SHA256=99C8275678FE526419811BC64793F96B0D55627558DFBBF37E4B9A9C4EEE61E1,IMPHASH=BA9BA9BB26C1A2513FD776DAAC02773E\"}}}",
      "expect": {
        "alert": false
      },
      "category": "noise",
      "attack": null,
      "evasion": false,
      "expected_rule_id": 100251,
      "expected_level": 0,
      "mitre_id": null
    },
    {
      "name": "noise 289 | Veeam | vss_check.ps1",
      "event": "{\"win\":{\"system\":{\"providerName\":\"Microsoft-Windows-Sysmon\",\"providerGuid\":\"{5770385f-c22a-43e0-bf4c-06f5698ffbd9}\",\"eventID\":\"1\",\"version\":\"5\",\"level\":\"4\",\"task\":\"1\",\"opcode\":\"0\",\"keywords\":\"0x8000000000000000\",\"systemTime\":\"2026-08-19T06:24:28.096962542Z\",\"eventRecordID\":\"549388\",\"channel\":\"Microsoft-Windows-Sysmon/Operational\",\"computer\":\"kingslanding.sevenkingdoms.local\",\"severityValue\":\"INFORMATION\"},\"eventdata\":{\"utcTime\":\"2026-08-19 06:24:28.096\",\"processGuid\":\"{ae7e5c4e-48a7-f71e-bd41-000000000005}\",\"processId\":\"3973\",\"image\":\"C:\\\\Windows\\\\System32\\\\WindowsPowerShell\\\\v1.0\\\\powershell.exe\",\"commandLine\":\"powershell.exe -ExecutionPolicy Bypass -File C:\\\\Program Files\\\\Veeam\\\\Backup\\\\Scripts\\\\vss_check.ps1\",\"currentDirectory\":\"C:\\\\Program Files\\\\Veeam\\\\Backup\\\\\",\"user\":\"SEVENKINGDOMS\\\\backup_svc\",\"parentProcessGuid\":\"{38b9f294-fd3e-b1ba-b93b-000000000006}\",\"parentProcessId\":\"3122\",\"parentImage\":\"C:\\\\Program Files\\\\Veeam\\\\Backup\\\\VeeamAgent.exe\",\"parentCommandLine\":\"C:\\\\Program Files\\\\Veeam\\\\Backup\\\\VeeamAgent.exe\",\"hashes\":\"MD5=52A2D1D53AB7B54E6107FD5ACBDFFB15,SHA256=99C8275678FE526419811BC64793F96B0D55627558DFBBF37E4B9A9C4EEE61E1,IMPHASH=BA9BA9BB26C1A2513FD776DAAC02773E\"}}}",
      "expect": {
        "alert": false
      },
      "category": "noise",
      "attack": null,
      "evasion": false,
      "expected_rule_id": 100251,
      "expected_level": 0,
      "mitre_id": null
    },
    {
      "name": "noise 290 | Veeam | vss_check.ps1",
      "event": "{\"win\":{\"system\":{\"providerName\":\"Microsoft-Windows-Sysmon\",\"providerGuid\":\"{5770385f-c22a-43e0-bf4c-06f5698ffbd9}\",\"eventID\":\"1\",\"version\":\"5\",\"level\":\"4\",\"task\":\"1\",\"opcode\":\"0\",\"keywords\":\"0x8000000000000000\",\"systemTime\":\"2026-08-19T06:26:41.776224186Z\",\"eventRecordID\":\"549389\",\"channel\":\"Microsoft-Windows-Sysmon/Operational\",\"computer\":\"kingslanding.sevenkingdoms.local\",\"severityValue\":\"INFORMATION\"},\"eventdata\":{\"utcTime\":\"2026-08-19 06:26:41.776\",\"processGuid\":\"{ae7e5c4e-48a7-f71e-bd41-000000000005}\",\"processId\":\"3973\",\"image\":\"C:\\\\Windows\\\\System32\\\\WindowsPowerShell\\\\v1.0\\\\powershell.exe\",\"commandLine\":\"powershell.exe -ExecutionPolicy Bypass -File C:\\\\Program Files\\\\Veeam\\\\Backup\\\\Scripts\\\\vss_check.ps1\",\"currentDirectory\":\"C:\\\\Program Files\\\\Veeam\\\\Backup\\\\\",\"user\":\"SEVENKINGDOMS\\\\backup_svc\",\"parentProcessGuid\":\"{38b9f294-fd3e-b1ba-b93b-000000000006}\",\"parentProcessId\":\"3122\",\"parentImage\":\"C:\\\\Program Files\\\\Veeam\\\\Backup\\\\VeeamAgent.exe\",\"parentCommandLine\":\"\\\"C:\\\\Program Files\\\\Veeam\\\\Backup\\\\VeeamAgent.exe\\\" -runjob NightlyBackup\",\"hashes\":\"MD5=52A2D1D53AB7B54E6107FD5ACBDFFB15,SHA256=99C8275678FE526419811BC64793F96B0D55627558DFBBF37E4B9A9C4EEE61E1,IMPHASH=BA9BA9BB26C1A2513FD776DAAC02773E\"}}}",
      "expect": {
        "alert": false
      },
      "category": "noise",
      "attack": null,
      "evasion": false,
      "expected_rule_id": 100251,
      "expected_level": 0,
      "mitre_id": null
    },
    {
      "name": "noise 291 | Veeam | Start-VBRJob",
      "event": "{\"win\":{\"system\":{\"providerName\":\"Microsoft-Windows-Sysmon\",\"providerGuid\":\"{5770385f-c22a-43e0-bf4c-06f5698ffbd9}\",\"eventID\":\"1\",\"version\":\"5\",\"level\":\"4\",\"task\":\"1\",\"opcode\":\"0\",\"keywords\":\"0x8000000000000000\",\"systemTime\":\"2026-08-19T06:27:57.516638144Z\",\"eventRecordID\":\"549390\",\"channel\":\"Microsoft-Windows-Sysmon/Operational\",\"computer\":\"kingslanding.sevenkingdoms.local\",\"severityValue\":\"INFORMATION\"},\"eventdata\":{\"utcTime\":\"2026-08-19 06:27:57.516\",\"processGuid\":\"{ae7e5c4e-48a7-f71e-bd41-000000000005}\",\"processId\":\"3973\",\"image\":\"C:\\\\Windows\\\\System32\\\\WindowsPowerShell\\\\v1.0\\\\powershell.exe\",\"commandLine\":\"powershell.exe -NoProfile -Command \\\"Start-VBRJob -Job 'DailyBackup'\\\"\",\"currentDirectory\":\"C:\\\\Program Files\\\\Veeam\\\\Backup\\\\\",\"user\":\"SEVENKINGDOMS\\\\backup_svc\",\"parentProcessGuid\":\"{38b9f294-fd3e-b1ba-b93b-000000000006}\",\"parentProcessId\":\"3122\",\"parentImage\":\"C:\\\\Program Files\\\\Veeam\\\\Backup\\\\VeeamAgent.exe\",\"parentCommandLine\":\"C:\\\\Program Files\\\\Veeam\\\\Backup\\\\VeeamAgent.exe\",\"hashes\":\"MD5=52A2D1D53AB7B54E6107FD5ACBDFFB15,SHA256=99C8275678FE526419811BC64793F96B0D55627558DFBBF37E4B9A9C4EEE61E1,IMPHASH=BA9BA9BB26C1A2513FD776DAAC02773E\"}}}",
      "expect": {
        "alert": false
      },
      "category": "noise",
      "attack": null,
      "evasion": false,
      "expected_rule_id": 100251,
      "expected_level": 0,
      "mitre_id": null
    },
    {
      "name": "noise 292 | Veeam | vss_check.ps1",
      "event": "{\"win\":{\"system\":{\"providerName\":\"Microsoft-Windows-Sysmon\",\"providerGuid\":\"{5770385f-c22a-43e0-bf4c-06f5698ffbd9}\",\"eventID\":\"1\",\"version\":\"5\",\"level\":\"4\",\"task\":\"1\",\"opcode\":\"0\",\"keywords\":\"0x8000000000000000\",\"systemTime\":\"2026-08-19T06:28:49.935211090Z\",\"eventRecordID\":\"549391\",\"channel\":\"Microsoft-Windows-Sysmon/Operational\",\"computer\":\"kingslanding.sevenkingdoms.local\",\"severityValue\":\"INFORMATION\"},\"eventdata\":{\"utcTime\":\"2026-08-19 06:28:49.935\",\"processGuid\":\"{ae7e5c4e-48a7-f71e-bd41-000000000005}\",\"processId\":\"3973\",\"image\":\"C:\\\\Windows\\\\System32\\\\WindowsPowerShell\\\\v1.0\\\\powershell.exe\",\"commandLine\":\"powershell.exe -ExecutionPolicy Bypass -File C:\\\\Program Files\\\\Veeam\\\\Backup\\\\Scripts\\\\vss_check.ps1\",\"currentDirectory\":\"C:\\\\Program Files\\\\Veeam\\\\Backup\\\\\",\"user\":\"SEVENKINGDOMS\\\\backup_svc\",\"parentProcessGuid\":\"{38b9f294-fd3e-b1ba-b93b-000000000006}\",\"parentProcessId\":\"3122\",\"parentImage\":\"C:\\\\Program Files\\\\Veeam\\\\Backup\\\\VeeamAgent.exe\",\"parentCommandLine\":\"C:\\\\Program Files\\\\Veeam\\\\Backup\\\\VeeamAgent.exe\",\"hashes\":\"MD5=52A2D1D53AB7B54E6107FD5ACBDFFB15,SHA256=99C8275678FE526419811BC64793F96B0D55627558DFBBF37E4B9A9C4EEE61E1,IMPHASH=BA9BA9BB26C1A2513FD776DAAC02773E\"}}}",
      "expect": {
        "alert": false
      },
      "category": "noise",
      "attack": null,
      "evasion": false,
      "expected_rule_id": 100251,
      "expected_level": 0,
      "mitre_id": null
    },
    {
      "name": "noise 293 | Veeam | Get-VBRBackupSession",
      "event": "{\"win\":{\"system\":{\"providerName\":\"Microsoft-Windows-Sysmon\",\"providerGuid\":\"{5770385f-c22a-43e0-bf4c-06f5698ffbd9}\",\"eventID\":\"1\",\"version\":\"5\",\"level\":\"4\",\"task\":\"1\",\"opcode\":\"0\",\"keywords\":\"0x8000000000000000\",\"systemTime\":\"2026-08-19T06:30:04.826484344Z\",\"eventRecordID\":\"549392\",\"channel\":\"Microsoft-Windows-Sysmon/Operational\",\"computer\":\"kingslanding.sevenkingdoms.local\",\"severityValue\":\"INFORMATION\"},\"eventdata\":{\"utcTime\":\"2026-08-19 06:30:04.826\",\"processGuid\":\"{ae7e5c4e-48a7-f71e-bd41-000000000005}\",\"processId\":\"3973\",\"image\":\"C:\\\\Windows\\\\System32\\\\WindowsPowerShell\\\\v1.0\\\\powershell.exe\",\"commandLine\":\"powershell.exe -NoProfile -Command \\\"Get-VBRBackupSession | Where-Object {$_.Result -eq 'Success'}\\\"\",\"currentDirectory\":\"C:\\\\Program Files\\\\Veeam\\\\Backup\\\\\",\"user\":\"SEVENKINGDOMS\\\\backup_svc\",\"parentProcessGuid\":\"{38b9f294-fd3e-b1ba-b93b-000000000006}\",\"parentProcessId\":\"3122\",\"parentImage\":\"C:\\\\Program Files\\\\Veeam\\\\Backup\\\\VeeamAgent.exe\",\"parentCommandLine\":\"C:\\\\Program Files\\\\Veeam\\\\Backup\\\\VeeamAgent.exe\",\"hashes\":\"MD5=52A2D1D53AB7B54E6107FD5ACBDFFB15,SHA256=99C8275678FE526419811BC64793F96B0D55627558DFBBF37E4B9A9C4EEE61E1,IMPHASH=BA9BA9BB26C1A2513FD776DAAC02773E\"}}}",
      "expect": {
        "alert": false
      },
      "category": "noise",
      "attack": null,
      "evasion": false,
      "expected_rule_id": 100251,
      "expected_level": 0,
      "mitre_id": null
    },
    {
      "name": "noise 294 | Veeam | pre_job.ps1",
      "event": "{\"win\":{\"system\":{\"providerName\":\"Microsoft-Windows-Sysmon\",\"providerGuid\":\"{5770385f-c22a-43e0-bf4c-06f5698ffbd9}\",\"eventID\":\"1\",\"version\":\"5\",\"level\":\"4\",\"task\":\"1\",\"opcode\":\"0\",\"keywords\":\"0x8000000000000000\",\"systemTime\":\"2026-08-19T06:31:26.587560014Z\",\"eventRecordID\":\"549393\",\"channel\":\"Microsoft-Windows-Sysmon/Operational\",\"computer\":\"kingslanding.sevenkingdoms.local\",\"severityValue\":\"INFORMATION\"},\"eventdata\":{\"utcTime\":\"2026-08-19 06:31:26.587\",\"processGuid\":\"{ae7e5c4e-48a7-f71e-bd41-000000000005}\",\"processId\":\"3973\",\"image\":\"C:\\\\Windows\\\\System32\\\\WindowsPowerShell\\\\v1.0\\\\powershell.exe\",\"commandLine\":\"powershell.exe -NoProfile -File \\\"C:\\\\Program Files\\\\Veeam\\\\Backup\\\\Scripts\\\\pre_job.ps1\\\"\",\"currentDirectory\":\"C:\\\\Program Files\\\\Veeam\\\\Backup\\\\\",\"user\":\"SEVENKINGDOMS\\\\backup_svc\",\"parentProcessGuid\":\"{38b9f294-fd3e-b1ba-b93b-000000000006}\",\"parentProcessId\":\"3122\",\"parentImage\":\"C:\\\\Program Files\\\\Veeam\\\\Backup\\\\VeeamAgent.exe\",\"parentCommandLine\":\"\\\"C:\\\\Program Files\\\\Veeam\\\\Backup\\\\VeeamAgent.exe\\\" -runjob NightlyBackup\",\"hashes\":\"MD5=52A2D1D53AB7B54E6107FD5ACBDFFB15,SHA256=99C8275678FE526419811BC64793F96B0D55627558DFBBF37E4B9A9C4EEE61E1,IMPHASH=BA9BA9BB26C1A2513FD776DAAC02773E\"}}}",
      "expect": {
        "alert": false
      },
      "category": "noise",
      "attack": null,
      "evasion": false,
      "expected_rule_id": 100251,
      "expected_level": 0,
      "mitre_id": null
    },
    {
      "name": "noise 295 | Veeam | Get-VBRBackupSession",
      "event": "{\"win\":{\"system\":{\"providerName\":\"Microsoft-Windows-Sysmon\",\"providerGuid\":\"{5770385f-c22a-43e0-bf4c-06f5698ffbd9}\",\"eventID\":\"1\",\"version\":\"5\",\"level\":\"4\",\"task\":\"1\",\"opcode\":\"0\",\"keywords\":\"0x8000000000000000\",\"systemTime\":\"2026-08-19T06:32:32.432028900Z\",\"eventRecordID\":\"549394\",\"channel\":\"Microsoft-Windows-Sysmon/Operational\",\"computer\":\"kingslanding.sevenkingdoms.local\",\"severityValue\":\"INFORMATION\"},\"eventdata\":{\"utcTime\":\"2026-08-19 06:32:32.432\",\"processGuid\":\"{ae7e5c4e-48a7-f71e-bd41-000000000005}\",\"processId\":\"3973\",\"image\":\"C:\\\\Windows\\\\System32\\\\WindowsPowerShell\\\\v1.0\\\\powershell.exe\",\"commandLine\":\"powershell.exe -NoProfile -Command \\\"Get-VBRBackupSession | Where-Object {$_.Result -eq 'Success'}\\\"\",\"currentDirectory\":\"C:\\\\Program Files\\\\Veeam\\\\Backup\\\\\",\"user\":\"SEVENKINGDOMS\\\\backup_svc\",\"parentProcessGuid\":\"{38b9f294-fd3e-b1ba-b93b-000000000006}\",\"parentProcessId\":\"3122\",\"parentImage\":\"C:\\\\Program Files\\\\Veeam\\\\Backup\\\\VeeamAgent.exe\",\"parentCommandLine\":\"C:\\\\Program Files\\\\Veeam\\\\Backup\\\\VeeamAgent.exe\",\"hashes\":\"MD5=52A2D1D53AB7B54E6107FD5ACBDFFB15,SHA256=99C8275678FE526419811BC64793F96B0D55627558DFBBF37E4B9A9C4EEE61E1,IMPHASH=BA9BA9BB26C1A2513FD776DAAC02773E\"}}}",
      "expect": {
        "alert": false
      },
      "category": "noise",
      "attack": null,
      "evasion": false,
      "expected_rule_id": 100251,
      "expected_level": 0,
      "mitre_id": null
    },
    {
      "name": "noise 296 | Veeam | backup_post.ps1",
      "event": "{\"win\":{\"system\":{\"providerName\":\"Microsoft-Windows-Sysmon\",\"providerGuid\":\"{5770385f-c22a-43e0-bf4c-06f5698ffbd9}\",\"eventID\":\"1\",\"version\":\"5\",\"level\":\"4\",\"task\":\"1\",\"opcode\":\"0\",\"keywords\":\"0x8000000000000000\",\"systemTime\":\"2026-08-19T06:33:43.275399314Z\",\"eventRecordID\":\"549395\",\"channel\":\"Microsoft-Windows-Sysmon/Operational\",\"computer\":\"kingslanding.sevenkingdoms.local\",\"severityValue\":\"INFORMATION\"},\"eventdata\":{\"utcTime\":\"2026-08-19 06:33:43.275\",\"processGuid\":\"{ae7e5c4e-48a7-f71e-bd41-000000000005}\",\"processId\":\"3973\",\"image\":\"C:\\\\Windows\\\\System32\\\\WindowsPowerShell\\\\v1.0\\\\powershell.exe\",\"commandLine\":\"powershell.exe -NoProfile -File \\\"C:\\\\Program Files\\\\Veeam\\\\Backup\\\\Scripts\\\\backup_post.ps1\\\"\",\"currentDirectory\":\"C:\\\\Program Files\\\\Veeam\\\\Backup\\\\\",\"user\":\"SEVENKINGDOMS\\\\backup_svc\",\"parentProcessGuid\":\"{38b9f294-fd3e-b1ba-b93b-000000000006}\",\"parentProcessId\":\"3122\",\"parentImage\":\"C:\\\\Program Files\\\\Veeam\\\\Backup\\\\VeeamAgent.exe\",\"parentCommandLine\":\"\\\"C:\\\\Program Files\\\\Veeam\\\\Backup\\\\VeeamAgent.exe\\\" -runjob DailyBackup\",\"hashes\":\"MD5=52A2D1D53AB7B54E6107FD5ACBDFFB15,SHA256=99C8275678FE526419811BC64793F96B0D55627558DFBBF37E4B9A9C4EEE61E1,IMPHASH=BA9BA9BB26C1A2513FD776DAAC02773E\"}}}",
      "expect": {
        "alert": false
      },
      "category": "noise",
      "attack": null,
      "evasion": false,
      "expected_rule_id": 100251,
      "expected_level": 0,
      "mitre_id": null
    },
    {
      "name": "noise 297 | Veeam | backup_post.ps1",
      "event": "{\"win\":{\"system\":{\"providerName\":\"Microsoft-Windows-Sysmon\",\"providerGuid\":\"{5770385f-c22a-43e0-bf4c-06f5698ffbd9}\",\"eventID\":\"1\",\"version\":\"5\",\"level\":\"4\",\"task\":\"1\",\"opcode\":\"0\",\"keywords\":\"0x8000000000000000\",\"systemTime\":\"2026-08-19T06:36:11.051588673Z\",\"eventRecordID\":\"549396\",\"channel\":\"Microsoft-Windows-Sysmon/Operational\",\"computer\":\"kingslanding.sevenkingdoms.local\",\"severityValue\":\"INFORMATION\"},\"eventdata\":{\"utcTime\":\"2026-08-19 06:36:11.051\",\"processGuid\":\"{ae7e5c4e-48a7-f71e-bd41-000000000005}\",\"processId\":\"3973\",\"image\":\"C:\\\\Windows\\\\System32\\\\WindowsPowerShell\\\\v1.0\\\\powershell.exe\",\"commandLine\":\"powershell.exe -NoProfile -File \\\"C:\\\\Program Files\\\\Veeam\\\\Backup\\\\Scripts\\\\backup_post.ps1\\\"\",\"currentDirectory\":\"C:\\\\Program Files\\\\Veeam\\\\Backup\\\\\",\"user\":\"SEVENKINGDOMS\\\\backup_svc\",\"parentProcessGuid\":\"{38b9f294-fd3e-b1ba-b93b-000000000006}\",\"parentProcessId\":\"3122\",\"parentImage\":\"C:\\\\Program Files\\\\Veeam\\\\Backup\\\\VeeamAgent.exe\",\"parentCommandLine\":\"\\\"C:\\\\Program Files\\\\Veeam\\\\Backup\\\\VeeamAgent.exe\\\" -runjob NightlyBackup\",\"hashes\":\"MD5=52A2D1D53AB7B54E6107FD5ACBDFFB15,SHA256=99C8275678FE526419811BC64793F96B0D55627558DFBBF37E4B9A9C4EEE61E1,IMPHASH=BA9BA9BB26C1A2513FD776DAAC02773E\"}}}",
      "expect": {
        "alert": false
      },
      "category": "noise",
      "attack": null,
      "evasion": false,
      "expected_rule_id": 100251,
      "expected_level": 0,
      "mitre_id": null
    },
    {
      "name": "noise 298 | Veeam | vss_check.ps1",
      "event": "{\"win\":{\"system\":{\"providerName\":\"Microsoft-Windows-Sysmon\",\"providerGuid\":\"{5770385f-c22a-43e0-bf4c-06f5698ffbd9}\",\"eventID\":\"1\",\"version\":\"5\",\"level\":\"4\",\"task\":\"1\",\"opcode\":\"0\",\"keywords\":\"0x8000000000000000\",\"systemTime\":\"2026-08-19T06:36:47.603253018Z\",\"eventRecordID\":\"549397\",\"channel\":\"Microsoft-Windows-Sysmon/Operational\",\"computer\":\"kingslanding.sevenkingdoms.local\",\"severityValue\":\"INFORMATION\"},\"eventdata\":{\"utcTime\":\"2026-08-19 06:36:47.603\",\"processGuid\":\"{ae7e5c4e-48a7-f71e-bd41-000000000005}\",\"processId\":\"3973\",\"image\":\"C:\\\\Windows\\\\System32\\\\WindowsPowerShell\\\\v1.0\\\\powershell.exe\",\"commandLine\":\"powershell.exe -ExecutionPolicy Bypass -File C:\\\\Program Files\\\\Veeam\\\\Backup\\\\Scripts\\\\vss_check.ps1\",\"currentDirectory\":\"C:\\\\Program Files\\\\Veeam\\\\Backup\\\\\",\"user\":\"SEVENKINGDOMS\\\\backup_svc\",\"parentProcessGuid\":\"{38b9f294-fd3e-b1ba-b93b-000000000006}\",\"parentProcessId\":\"3122\",\"parentImage\":\"C:\\\\Program Files\\\\Veeam\\\\Backup\\\\VeeamAgent.exe\",\"parentCommandLine\":\"\\\"C:\\\\Program Files\\\\Veeam\\\\Backup\\\\VeeamAgent.exe\\\" -runjob DailyBackup\",\"hashes\":\"MD5=52A2D1D53AB7B54E6107FD5ACBDFFB15,SHA256=99C8275678FE526419811BC64793F96B0D55627558DFBBF37E4B9A9C4EEE61E1,IMPHASH=BA9BA9BB26C1A2513FD776DAAC02773E\"}}}",
      "expect": {
        "alert": false
      },
      "category": "noise",
      "attack": null,
      "evasion": false,
      "expected_rule_id": 100251,
      "expected_level": 0,
      "mitre_id": null
    },
    {
      "name": "noise 299 | Veeam | vss_check.ps1",
      "event": "{\"win\":{\"system\":{\"providerName\":\"Microsoft-Windows-Sysmon\",\"providerGuid\":\"{5770385f-c22a-43e0-bf4c-06f5698ffbd9}\",\"eventID\":\"1\",\"version\":\"5\",\"level\":\"4\",\"task\":\"1\",\"opcode\":\"0\",\"keywords\":\"0x8000000000000000\",\"systemTime\":\"2026-08-19T06:38:32.736319213Z\",\"eventRecordID\":\"549398\",\"channel\":\"Microsoft-Windows-Sysmon/Operational\",\"computer\":\"kingslanding.sevenkingdoms.local\",\"severityValue\":\"INFORMATION\"},\"eventdata\":{\"utcTime\":\"2026-08-19 06:38:32.736\",\"processGuid\":\"{ae7e5c4e-48a7-f71e-bd41-000000000005}\",\"processId\":\"3973\",\"image\":\"C:\\\\Windows\\\\System32\\\\WindowsPowerShell\\\\v1.0\\\\powershell.exe\",\"commandLine\":\"powershell.exe -ExecutionPolicy Bypass -File C:\\\\Program Files\\\\Veeam\\\\Backup\\\\Scripts\\\\vss_check.ps1\",\"currentDirectory\":\"C:\\\\Program Files\\\\Veeam\\\\Backup\\\\\",\"user\":\"SEVENKINGDOMS\\\\backup_svc\",\"parentProcessGuid\":\"{38b9f294-fd3e-b1ba-b93b-000000000006}\",\"parentProcessId\":\"3122\",\"parentImage\":\"C:\\\\Program Files\\\\Veeam\\\\Backup\\\\VeeamAgent.exe\",\"parentCommandLine\":\"\\\"C:\\\\Program Files\\\\Veeam\\\\Backup\\\\VeeamAgent.exe\\\" -runjob NightlyBackup\",\"hashes\":\"MD5=52A2D1D53AB7B54E6107FD5ACBDFFB15,SHA256=99C8275678FE526419811BC64793F96B0D55627558DFBBF37E4B9A9C4EEE61E1,IMPHASH=BA9BA9BB26C1A2513FD776DAAC02773E\"}}}",
      "expect": {
        "alert": false
      },
      "category": "noise",
      "attack": null,
      "evasion": false,
      "expected_rule_id": 100251,
      "expected_level": 0,
      "mitre_id": null
    },
    {
      "name": "noise 300 | Veeam | backup_post.ps1",
      "event": "{\"win\":{\"system\":{\"providerName\":\"Microsoft-Windows-Sysmon\",\"providerGuid\":\"{5770385f-c22a-43e0-bf4c-06f5698ffbd9}\",\"eventID\":\"1\",\"version\":\"5\",\"level\":\"4\",\"task\":\"1\",\"opcode\":\"0\",\"keywords\":\"0x8000000000000000\",\"systemTime\":\"2026-08-19T06:39:38.910468365Z\",\"eventRecordID\":\"549399\",\"channel\":\"Microsoft-Windows-Sysmon/Operational\",\"computer\":\"kingslanding.sevenkingdoms.local\",\"severityValue\":\"INFORMATION\"},\"eventdata\":{\"utcTime\":\"2026-08-19 06:39:38.910\",\"processGuid\":\"{ae7e5c4e-48a7-f71e-bd41-000000000005}\",\"processId\":\"3973\",\"image\":\"C:\\\\Windows\\\\System32\\\\WindowsPowerShell\\\\v1.0\\\\powershell.exe\",\"commandLine\":\"powershell.exe -NoProfile -File \\\"C:\\\\Program Files\\\\Veeam\\\\Backup\\\\Scripts\\\\backup_post.ps1\\\"\",\"currentDirectory\":\"C:\\\\Program Files\\\\Veeam\\\\Backup\\\\\",\"user\":\"SEVENKINGDOMS\\\\backup_svc\",\"parentProcessGuid\":\"{38b9f294-fd3e-b1ba-b93b-000000000006}\",\"parentProcessId\":\"3122\",\"parentImage\":\"C:\\\\Program Files\\\\Veeam\\\\Backup\\\\VeeamAgent.exe\",\"parentCommandLine\":\"\\\"C:\\\\Program Files\\\\Veeam\\\\Backup\\\\VeeamAgent.exe\\\" -runjob NightlyBackup\",\"hashes\":\"MD5=52A2D1D53AB7B54E6107FD5ACBDFFB15,SHA256=99C8275678FE526419811BC64793F96B0D55627558DFBBF37E4B9A9C4EEE61E1,IMPHASH=BA9BA9BB26C1A2513FD776DAAC02773E\"}}}",
      "expect": {
        "alert": false
      },
      "category": "noise",
      "attack": null,
      "evasion": false,
      "expected_rule_id": 100251,
      "expected_level": 0,
      "mitre_id": null
    },
    {
      "name": "noise 301 | Veeam | Get-VBRBackupSession",
      "event": "{\"win\":{\"system\":{\"providerName\":\"Microsoft-Windows-Sysmon\",\"providerGuid\":\"{5770385f-c22a-43e0-bf4c-06f5698ffbd9}\",\"eventID\":\"1\",\"version\":\"5\",\"level\":\"4\",\"task\":\"1\",\"opcode\":\"0\",\"keywords\":\"0x8000000000000000\",\"systemTime\":\"2026-08-19T06:40:36.429566751Z\",\"eventRecordID\":\"549400\",\"channel\":\"Microsoft-Windows-Sysmon/Operational\",\"computer\":\"kingslanding.sevenkingdoms.local\",\"severityValue\":\"INFORMATION\"},\"eventdata\":{\"utcTime\":\"2026-08-19 06:40:36.429\",\"processGuid\":\"{ae7e5c4e-48a7-f71e-bd41-000000000005}\",\"processId\":\"3973\",\"image\":\"C:\\\\Windows\\\\System32\\\\WindowsPowerShell\\\\v1.0\\\\powershell.exe\",\"commandLine\":\"powershell.exe -NoProfile -Command \\\"Get-VBRBackupSession | Where-Object {$_.Result -eq 'Success'}\\\"\",\"currentDirectory\":\"C:\\\\Program Files\\\\Veeam\\\\Backup\\\\\",\"user\":\"SEVENKINGDOMS\\\\backup_svc\",\"parentProcessGuid\":\"{38b9f294-fd3e-b1ba-b93b-000000000006}\",\"parentProcessId\":\"3122\",\"parentImage\":\"C:\\\\Program Files\\\\Veeam\\\\Backup\\\\VeeamAgent.exe\",\"parentCommandLine\":\"C:\\\\Program Files\\\\Veeam\\\\Backup\\\\VeeamAgent.exe\",\"hashes\":\"MD5=52A2D1D53AB7B54E6107FD5ACBDFFB15,SHA256=99C8275678FE526419811BC64793F96B0D55627558DFBBF37E4B9A9C4EEE61E1,IMPHASH=BA9BA9BB26C1A2513FD776DAAC02773E\"}}}",
      "expect": {
        "alert": false
      },
      "category": "noise",
      "attack": null,
      "evasion": false,
      "expected_rule_id": 100251,
      "expected_level": 0,
      "mitre_id": null
    },
    {
      "name": "noise 302 | Veeam | Start-VBRJob",
      "event": "{\"win\":{\"system\":{\"providerName\":\"Microsoft-Windows-Sysmon\",\"providerGuid\":\"{5770385f-c22a-43e0-bf4c-06f5698ffbd9}\",\"eventID\":\"1\",\"version\":\"5\",\"level\":\"4\",\"task\":\"1\",\"opcode\":\"0\",\"keywords\":\"0x8000000000000000\",\"systemTime\":\"2026-08-19T06:42:52.265949920Z\",\"eventRecordID\":\"549401\",\"channel\":\"Microsoft-Windows-Sysmon/Operational\",\"computer\":\"kingslanding.sevenkingdoms.local\",\"severityValue\":\"INFORMATION\"},\"eventdata\":{\"utcTime\":\"2026-08-19 06:42:52.265\",\"processGuid\":\"{ae7e5c4e-48a7-f71e-bd41-000000000005}\",\"processId\":\"3973\",\"image\":\"C:\\\\Windows\\\\System32\\\\WindowsPowerShell\\\\v1.0\\\\powershell.exe\",\"commandLine\":\"powershell.exe -NoProfile -Command \\\"Start-VBRJob -Job 'DailyBackup'\\\"\",\"currentDirectory\":\"C:\\\\Program Files\\\\Veeam\\\\Backup\\\\\",\"user\":\"SEVENKINGDOMS\\\\backup_svc\",\"parentProcessGuid\":\"{38b9f294-fd3e-b1ba-b93b-000000000006}\",\"parentProcessId\":\"3122\",\"parentImage\":\"C:\\\\Program Files\\\\Veeam\\\\Backup\\\\VeeamAgent.exe\",\"parentCommandLine\":\"\\\"C:\\\\Program Files\\\\Veeam\\\\Backup\\\\VeeamAgent.exe\\\" -runjob DailyBackup\",\"hashes\":\"MD5=52A2D1D53AB7B54E6107FD5ACBDFFB15,SHA256=99C8275678FE526419811BC64793F96B0D55627558DFBBF37E4B9A9C4EEE61E1,IMPHASH=BA9BA9BB26C1A2513FD776DAAC02773E\"}}}",
      "expect": {
        "alert": false
      },
      "category": "noise",
      "attack": null,
      "evasion": false,
      "expected_rule_id": 100251,
      "expected_level": 0,
      "mitre_id": null
    },
    {
      "name": "noise 303 | Veeam | Get-Volume",
      "event": "{\"win\":{\"system\":{\"providerName\":\"Microsoft-Windows-Sysmon\",\"providerGuid\":\"{5770385f-c22a-43e0-bf4c-06f5698ffbd9}\",\"eventID\":\"1\",\"version\":\"5\",\"level\":\"4\",\"task\":\"1\",\"opcode\":\"0\",\"keywords\":\"0x8000000000000000\",\"systemTime\":\"2026-08-19T06:43:06.273540978Z\",\"eventRecordID\":\"549402\",\"channel\":\"Microsoft-Windows-Sysmon/Operational\",\"computer\":\"kingslanding.sevenkingdoms.local\",\"severityValue\":\"INFORMATION\"},\"eventdata\":{\"utcTime\":\"2026-08-19 06:43:06.273\",\"processGuid\":\"{ae7e5c4e-48a7-f71e-bd41-000000000005}\",\"processId\":\"3973\",\"image\":\"C:\\\\Windows\\\\System32\\\\WindowsPowerShell\\\\v1.0\\\\powershell.exe\",\"commandLine\":\"powershell.exe -NoProfile -Command \\\"Get-Volume | Where-Object DriveLetter -eq 'D'\\\"\",\"currentDirectory\":\"C:\\\\Program Files\\\\Veeam\\\\Backup\\\\\",\"user\":\"SEVENKINGDOMS\\\\backup_svc\",\"parentProcessGuid\":\"{38b9f294-fd3e-b1ba-b93b-000000000006}\",\"parentProcessId\":\"3122\",\"parentImage\":\"C:\\\\Program Files\\\\Veeam\\\\Backup\\\\VeeamAgent.exe\",\"parentCommandLine\":\"C:\\\\Program Files\\\\Veeam\\\\Backup\\\\VeeamAgent.exe\",\"hashes\":\"MD5=52A2D1D53AB7B54E6107FD5ACBDFFB15,SHA256=99C8275678FE526419811BC64793F96B0D55627558DFBBF37E4B9A9C4EEE61E1,IMPHASH=BA9BA9BB26C1A2513FD776DAAC02773E\"}}}",
      "expect": {
        "alert": false
      },
      "category": "noise",
      "attack": null,
      "evasion": false,
      "expected_rule_id": 100251,
      "expected_level": 0,
      "mitre_id": null
    },
    {
      "name": "noise 304 | Veeam | Start-VBRJob",
      "event": "{\"win\":{\"system\":{\"providerName\":\"Microsoft-Windows-Sysmon\",\"providerGuid\":\"{5770385f-c22a-43e0-bf4c-06f5698ffbd9}\",\"eventID\":\"1\",\"version\":\"5\",\"level\":\"4\",\"task\":\"1\",\"opcode\":\"0\",\"keywords\":\"0x8000000000000000\",\"systemTime\":\"2026-08-19T06:44:32.938563421Z\",\"eventRecordID\":\"549403\",\"channel\":\"Microsoft-Windows-Sysmon/Operational\",\"computer\":\"kingslanding.sevenkingdoms.local\",\"severityValue\":\"INFORMATION\"},\"eventdata\":{\"utcTime\":\"2026-08-19 06:44:32.938\",\"processGuid\":\"{ae7e5c4e-48a7-f71e-bd41-000000000005}\",\"processId\":\"3973\",\"image\":\"C:\\\\Windows\\\\System32\\\\WindowsPowerShell\\\\v1.0\\\\powershell.exe\",\"commandLine\":\"powershell.exe -NoProfile -Command \\\"Start-VBRJob -Job 'DailyBackup'\\\"\",\"currentDirectory\":\"C:\\\\Program Files\\\\Veeam\\\\Backup\\\\\",\"user\":\"SEVENKINGDOMS\\\\backup_svc\",\"parentProcessGuid\":\"{38b9f294-fd3e-b1ba-b93b-000000000006}\",\"parentProcessId\":\"3122\",\"parentImage\":\"C:\\\\Program Files\\\\Veeam\\\\Backup\\\\VeeamAgent.exe\",\"parentCommandLine\":\"C:\\\\Program Files\\\\Veeam\\\\Backup\\\\VeeamAgent.exe\",\"hashes\":\"MD5=52A2D1D53AB7B54E6107FD5ACBDFFB15,SHA256=99C8275678FE526419811BC64793F96B0D55627558DFBBF37E4B9A9C4EEE61E1,IMPHASH=BA9BA9BB26C1A2513FD776DAAC02773E\"}}}",
      "expect": {
        "alert": false
      },
      "category": "noise",
      "attack": null,
      "evasion": false,
      "expected_rule_id": 100251,
      "expected_level": 0,
      "mitre_id": null
    },
    {
      "name": "noise 305 | Veeam | pre_job.ps1",
      "event": "{\"win\":{\"system\":{\"providerName\":\"Microsoft-Windows-Sysmon\",\"providerGuid\":\"{5770385f-c22a-43e0-bf4c-06f5698ffbd9}\",\"eventID\":\"1\",\"version\":\"5\",\"level\":\"4\",\"task\":\"1\",\"opcode\":\"0\",\"keywords\":\"0x8000000000000000\",\"systemTime\":\"2026-08-19T06:46:09.133755784Z\",\"eventRecordID\":\"549404\",\"channel\":\"Microsoft-Windows-Sysmon/Operational\",\"computer\":\"kingslanding.sevenkingdoms.local\",\"severityValue\":\"INFORMATION\"},\"eventdata\":{\"utcTime\":\"2026-08-19 06:46:09.133\",\"processGuid\":\"{ae7e5c4e-48a7-f71e-bd41-000000000005}\",\"processId\":\"3973\",\"image\":\"C:\\\\Windows\\\\System32\\\\WindowsPowerShell\\\\v1.0\\\\powershell.exe\",\"commandLine\":\"powershell.exe -NoProfile -File \\\"C:\\\\Program Files\\\\Veeam\\\\Backup\\\\Scripts\\\\pre_job.ps1\\\"\",\"currentDirectory\":\"C:\\\\Program Files\\\\Veeam\\\\Backup\\\\\",\"user\":\"SEVENKINGDOMS\\\\backup_svc\",\"parentProcessGuid\":\"{38b9f294-fd3e-b1ba-b93b-000000000006}\",\"parentProcessId\":\"3122\",\"parentImage\":\"C:\\\\Program Files\\\\Veeam\\\\Backup\\\\VeeamAgent.exe\",\"parentCommandLine\":\"\\\"C:\\\\Program Files\\\\Veeam\\\\Backup\\\\VeeamAgent.exe\\\" -runjob NightlyBackup\",\"hashes\":\"MD5=52A2D1D53AB7B54E6107FD5ACBDFFB15,SHA256=99C8275678FE526419811BC64793F96B0D55627558DFBBF37E4B9A9C4EEE61E1,IMPHASH=BA9BA9BB26C1A2513FD776DAAC02773E\"}}}",
      "expect": {
        "alert": false
      },
      "category": "noise",
      "attack": null,
      "evasion": false,
      "expected_rule_id": 100251,
      "expected_level": 0,
      "mitre_id": null
    },
    {
      "name": "noise 306 | Veeam | Get-Volume",
      "event": "{\"win\":{\"system\":{\"providerName\":\"Microsoft-Windows-Sysmon\",\"providerGuid\":\"{5770385f-c22a-43e0-bf4c-06f5698ffbd9}\",\"eventID\":\"1\",\"version\":\"5\",\"level\":\"4\",\"task\":\"1\",\"opcode\":\"0\",\"keywords\":\"0x8000000000000000\",\"systemTime\":\"2026-08-19T06:47:28.192065591Z\",\"eventRecordID\":\"549405\",\"channel\":\"Microsoft-Windows-Sysmon/Operational\",\"computer\":\"kingslanding.sevenkingdoms.local\",\"severityValue\":\"INFORMATION\"},\"eventdata\":{\"utcTime\":\"2026-08-19 06:47:28.192\",\"processGuid\":\"{ae7e5c4e-48a7-f71e-bd41-000000000005}\",\"processId\":\"3973\",\"image\":\"C:\\\\Windows\\\\System32\\\\WindowsPowerShell\\\\v1.0\\\\powershell.exe\",\"commandLine\":\"powershell.exe -NoProfile -Command \\\"Get-Volume | Where-Object DriveLetter -eq 'D'\\\"\",\"currentDirectory\":\"C:\\\\Program Files\\\\Veeam\\\\Backup\\\\\",\"user\":\"SEVENKINGDOMS\\\\backup_svc\",\"parentProcessGuid\":\"{38b9f294-fd3e-b1ba-b93b-000000000006}\",\"parentProcessId\":\"3122\",\"parentImage\":\"C:\\\\Program Files\\\\Veeam\\\\Backup\\\\VeeamAgent.exe\",\"parentCommandLine\":\"\\\"C:\\\\Program Files\\\\Veeam\\\\Backup\\\\VeeamAgent.exe\\\" -runjob DailyBackup\",\"hashes\":\"MD5=52A2D1D53AB7B54E6107FD5ACBDFFB15,SHA256=99C8275678FE526419811BC64793F96B0D55627558DFBBF37E4B9A9C4EEE61E1,IMPHASH=BA9BA9BB26C1A2513FD776DAAC02773E\"}}}",
      "expect": {
        "alert": false
      },
      "category": "noise",
      "attack": null,
      "evasion": false,
      "expected_rule_id": 100251,
      "expected_level": 0,
      "mitre_id": null
    },
    {
      "name": "noise 307 | Veeam | Start-VBRJob",
      "event": "{\"win\":{\"system\":{\"providerName\":\"Microsoft-Windows-Sysmon\",\"providerGuid\":\"{5770385f-c22a-43e0-bf4c-06f5698ffbd9}\",\"eventID\":\"1\",\"version\":\"5\",\"level\":\"4\",\"task\":\"1\",\"opcode\":\"0\",\"keywords\":\"0x8000000000000000\",\"systemTime\":\"2026-08-19T06:49:11.814628370Z\",\"eventRecordID\":\"549406\",\"channel\":\"Microsoft-Windows-Sysmon/Operational\",\"computer\":\"kingslanding.sevenkingdoms.local\",\"severityValue\":\"INFORMATION\"},\"eventdata\":{\"utcTime\":\"2026-08-19 06:49:11.814\",\"processGuid\":\"{ae7e5c4e-48a7-f71e-bd41-000000000005}\",\"processId\":\"3973\",\"image\":\"C:\\\\Windows\\\\System32\\\\WindowsPowerShell\\\\v1.0\\\\powershell.exe\",\"commandLine\":\"powershell.exe -NoProfile -Command \\\"Start-VBRJob -Job 'DailyBackup'\\\"\",\"currentDirectory\":\"C:\\\\Program Files\\\\Veeam\\\\Backup\\\\\",\"user\":\"SEVENKINGDOMS\\\\backup_svc\",\"parentProcessGuid\":\"{38b9f294-fd3e-b1ba-b93b-000000000006}\",\"parentProcessId\":\"3122\",\"parentImage\":\"C:\\\\Program Files\\\\Veeam\\\\Backup\\\\VeeamAgent.exe\",\"parentCommandLine\":\"C:\\\\Program Files\\\\Veeam\\\\Backup\\\\VeeamAgent.exe\",\"hashes\":\"MD5=52A2D1D53AB7B54E6107FD5ACBDFFB15,SHA256=99C8275678FE526419811BC64793F96B0D55627558DFBBF37E4B9A9C4EEE61E1,IMPHASH=BA9BA9BB26C1A2513FD776DAAC02773E\"}}}",
      "expect": {
        "alert": false
      },
      "category": "noise",
      "attack": null,
      "evasion": false,
      "expected_rule_id": 100251,
      "expected_level": 0,
      "mitre_id": null
    },
    {
      "name": "noise 308 | Veeam | Get-VBRJob",
      "event": "{\"win\":{\"system\":{\"providerName\":\"Microsoft-Windows-Sysmon\",\"providerGuid\":\"{5770385f-c22a-43e0-bf4c-06f5698ffbd9}\",\"eventID\":\"1\",\"version\":\"5\",\"level\":\"4\",\"task\":\"1\",\"opcode\":\"0\",\"keywords\":\"0x8000000000000000\",\"systemTime\":\"2026-08-19T06:50:14.657715246Z\",\"eventRecordID\":\"549407\",\"channel\":\"Microsoft-Windows-Sysmon/Operational\",\"computer\":\"kingslanding.sevenkingdoms.local\",\"severityValue\":\"INFORMATION\"},\"eventdata\":{\"utcTime\":\"2026-08-19 06:50:14.657\",\"processGuid\":\"{ae7e5c4e-48a7-f71e-bd41-000000000005}\",\"processId\":\"3973\",\"image\":\"C:\\\\Windows\\\\System32\\\\WindowsPowerShell\\\\v1.0\\\\powershell.exe\",\"commandLine\":\"powershell.exe -NoProfile -Command \\\"Get-VBRJob | Select-Object Name,LastResult\\\"\",\"currentDirectory\":\"C:\\\\Program Files\\\\Veeam\\\\Backup\\\\\",\"user\":\"SEVENKINGDOMS\\\\backup_svc\",\"parentProcessGuid\":\"{38b9f294-fd3e-b1ba-b93b-000000000006}\",\"parentProcessId\":\"3122\",\"parentImage\":\"C:\\\\Program Files\\\\Veeam\\\\Backup\\\\VeeamAgent.exe\",\"parentCommandLine\":\"\\\"C:\\\\Program Files\\\\Veeam\\\\Backup\\\\VeeamAgent.exe\\\" -runjob NightlyBackup\",\"hashes\":\"MD5=52A2D1D53AB7B54E6107FD5ACBDFFB15,SHA256=99C8275678FE526419811BC64793F96B0D55627558DFBBF37E4B9A9C4EEE61E1,IMPHASH=BA9BA9BB26C1A2513FD776DAAC02773E\"}}}",
      "expect": {
        "alert": false
      },
      "category": "noise",
      "attack": null,
      "evasion": false,
      "expected_rule_id": 100251,
      "expected_level": 0,
      "mitre_id": null
    },
    {
      "name": "noise 309 | Veeam | backup_post.ps1",
      "event": "{\"win\":{\"system\":{\"providerName\":\"Microsoft-Windows-Sysmon\",\"providerGuid\":\"{5770385f-c22a-43e0-bf4c-06f5698ffbd9}\",\"eventID\":\"1\",\"version\":\"5\",\"level\":\"4\",\"task\":\"1\",\"opcode\":\"0\",\"keywords\":\"0x8000000000000000\",\"systemTime\":\"2026-08-19T06:52:02.318931651Z\",\"eventRecordID\":\"549408\",\"channel\":\"Microsoft-Windows-Sysmon/Operational\",\"computer\":\"kingslanding.sevenkingdoms.local\",\"severityValue\":\"INFORMATION\"},\"eventdata\":{\"utcTime\":\"2026-08-19 06:52:02.318\",\"processGuid\":\"{ae7e5c4e-48a7-f71e-bd41-000000000005}\",\"processId\":\"3973\",\"image\":\"C:\\\\Windows\\\\System32\\\\WindowsPowerShell\\\\v1.0\\\\powershell.exe\",\"commandLine\":\"powershell.exe -NoProfile -File \\\"C:\\\\Program Files\\\\Veeam\\\\Backup\\\\Scripts\\\\backup_post.ps1\\\"\",\"currentDirectory\":\"C:\\\\Program Files\\\\Veeam\\\\Backup\\\\\",\"user\":\"SEVENKINGDOMS\\\\backup_svc\",\"parentProcessGuid\":\"{38b9f294-fd3e-b1ba-b93b-000000000006}\",\"parentProcessId\":\"3122\",\"parentImage\":\"C:\\\\Program Files\\\\Veeam\\\\Backup\\\\VeeamAgent.exe\",\"parentCommandLine\":\"C:\\\\Program Files\\\\Veeam\\\\Backup\\\\VeeamAgent.exe\",\"hashes\":\"MD5=52A2D1D53AB7B54E6107FD5ACBDFFB15,SHA256=99C8275678FE526419811BC64793F96B0D55627558DFBBF37E4B9A9C4EEE61E1,IMPHASH=BA9BA9BB26C1A2513FD776DAAC02773E\"}}}",
      "expect": {
        "alert": false
      },
      "category": "noise",
      "attack": null,
      "evasion": false,
      "expected_rule_id": 100251,
      "expected_level": 0,
      "mitre_id": null
    },
    {
      "name": "noise 310 | Veeam | vss_check.ps1",
      "event": "{\"win\":{\"system\":{\"providerName\":\"Microsoft-Windows-Sysmon\",\"providerGuid\":\"{5770385f-c22a-43e0-bf4c-06f5698ffbd9}\",\"eventID\":\"1\",\"version\":\"5\",\"level\":\"4\",\"task\":\"1\",\"opcode\":\"0\",\"keywords\":\"0x8000000000000000\",\"systemTime\":\"2026-08-19T06:52:35.163096771Z\",\"eventRecordID\":\"549409\",\"channel\":\"Microsoft-Windows-Sysmon/Operational\",\"computer\":\"kingslanding.sevenkingdoms.local\",\"severityValue\":\"INFORMATION\"},\"eventdata\":{\"utcTime\":\"2026-08-19 06:52:35.163\",\"processGuid\":\"{ae7e5c4e-48a7-f71e-bd41-000000000005}\",\"processId\":\"3973\",\"image\":\"C:\\\\Windows\\\\System32\\\\WindowsPowerShell\\\\v1.0\\\\powershell.exe\",\"commandLine\":\"powershell.exe -ExecutionPolicy Bypass -File C:\\\\Program Files\\\\Veeam\\\\Backup\\\\Scripts\\\\vss_check.ps1\",\"currentDirectory\":\"C:\\\\Program Files\\\\Veeam\\\\Backup\\\\\",\"user\":\"SEVENKINGDOMS\\\\backup_svc\",\"parentProcessGuid\":\"{38b9f294-fd3e-b1ba-b93b-000000000006}\",\"parentProcessId\":\"3122\",\"parentImage\":\"C:\\\\Program Files\\\\Veeam\\\\Backup\\\\VeeamAgent.exe\",\"parentCommandLine\":\"C:\\\\Program Files\\\\Veeam\\\\Backup\\\\VeeamAgent.exe\",\"hashes\":\"MD5=52A2D1D53AB7B54E6107FD5ACBDFFB15,SHA256=99C8275678FE526419811BC64793F96B0D55627558DFBBF37E4B9A9C4EEE61E1,IMPHASH=BA9BA9BB26C1A2513FD776DAAC02773E\"}}}",
      "expect": {
        "alert": false
      },
      "category": "noise",
      "attack": null,
      "evasion": false,
      "expected_rule_id": 100251,
      "expected_level": 0,
      "mitre_id": null
    },
    {
      "name": "noise 311 | Veeam | vss_check.ps1",
      "event": "{\"win\":{\"system\":{\"providerName\":\"Microsoft-Windows-Sysmon\",\"providerGuid\":\"{5770385f-c22a-43e0-bf4c-06f5698ffbd9}\",\"eventID\":\"1\",\"version\":\"5\",\"level\":\"4\",\"task\":\"1\",\"opcode\":\"0\",\"keywords\":\"0x8000000000000000\",\"systemTime\":\"2026-08-19T06:54:23.839426262Z\",\"eventRecordID\":\"549410\",\"channel\":\"Microsoft-Windows-Sysmon/Operational\",\"computer\":\"kingslanding.sevenkingdoms.local\",\"severityValue\":\"INFORMATION\"},\"eventdata\":{\"utcTime\":\"2026-08-19 06:54:23.839\",\"processGuid\":\"{ae7e5c4e-48a7-f71e-bd41-000000000005}\",\"processId\":\"3973\",\"image\":\"C:\\\\Windows\\\\System32\\\\WindowsPowerShell\\\\v1.0\\\\powershell.exe\",\"commandLine\":\"powershell.exe -ExecutionPolicy Bypass -File C:\\\\Program Files\\\\Veeam\\\\Backup\\\\Scripts\\\\vss_check.ps1\",\"currentDirectory\":\"C:\\\\Program Files\\\\Veeam\\\\Backup\\\\\",\"user\":\"SEVENKINGDOMS\\\\backup_svc\",\"parentProcessGuid\":\"{38b9f294-fd3e-b1ba-b93b-000000000006}\",\"parentProcessId\":\"3122\",\"parentImage\":\"C:\\\\Program Files\\\\Veeam\\\\Backup\\\\VeeamAgent.exe\",\"parentCommandLine\":\"\\\"C:\\\\Program Files\\\\Veeam\\\\Backup\\\\VeeamAgent.exe\\\" -runjob NightlyBackup\",\"hashes\":\"MD5=52A2D1D53AB7B54E6107FD5ACBDFFB15,SHA256=99C8275678FE526419811BC64793F96B0D55627558DFBBF37E4B9A9C4EEE61E1,IMPHASH=BA9BA9BB26C1A2513FD776DAAC02773E\"}}}",
      "expect": {
        "alert": false
      },
      "category": "noise",
      "attack": null,
      "evasion": false,
      "expected_rule_id": 100251,
      "expected_level": 0,
      "mitre_id": null
    },
    {
      "name": "noise 312 | Veeam | Get-VBRJob",
      "event": "{\"win\":{\"system\":{\"providerName\":\"Microsoft-Windows-Sysmon\",\"providerGuid\":\"{5770385f-c22a-43e0-bf4c-06f5698ffbd9}\",\"eventID\":\"1\",\"version\":\"5\",\"level\":\"4\",\"task\":\"1\",\"opcode\":\"0\",\"keywords\":\"0x8000000000000000\",\"systemTime\":\"2026-08-19T06:55:05.439057405Z\",\"eventRecordID\":\"549411\",\"channel\":\"Microsoft-Windows-Sysmon/Operational\",\"computer\":\"kingslanding.sevenkingdoms.local\",\"severityValue\":\"INFORMATION\"},\"eventdata\":{\"utcTime\":\"2026-08-19 06:55:05.439\",\"processGuid\":\"{ae7e5c4e-48a7-f71e-bd41-000000000005}\",\"processId\":\"3973\",\"image\":\"C:\\\\Windows\\\\System32\\\\WindowsPowerShell\\\\v1.0\\\\powershell.exe\",\"commandLine\":\"powershell.exe -NoProfile -Command \\\"Get-VBRJob | Select-Object Name,LastResult\\\"\",\"currentDirectory\":\"C:\\\\Program Files\\\\Veeam\\\\Backup\\\\\",\"user\":\"SEVENKINGDOMS\\\\backup_svc\",\"parentProcessGuid\":\"{38b9f294-fd3e-b1ba-b93b-000000000006}\",\"parentProcessId\":\"3122\",\"parentImage\":\"C:\\\\Program Files\\\\Veeam\\\\Backup\\\\VeeamAgent.exe\",\"parentCommandLine\":\"\\\"C:\\\\Program Files\\\\Veeam\\\\Backup\\\\VeeamAgent.exe\\\" -runjob NightlyBackup\",\"hashes\":\"MD5=52A2D1D53AB7B54E6107FD5ACBDFFB15,SHA256=99C8275678FE526419811BC64793F96B0D55627558DFBBF37E4B9A9C4EEE61E1,IMPHASH=BA9BA9BB26C1A2513FD776DAAC02773E\"}}}",
      "expect": {
        "alert": false
      },
      "category": "noise",
      "attack": null,
      "evasion": false,
      "expected_rule_id": 100251,
      "expected_level": 0,
      "mitre_id": null
    },
    {
      "name": "noise 313 | Veeam | pre_job.ps1",
      "event": "{\"win\":{\"system\":{\"providerName\":\"Microsoft-Windows-Sysmon\",\"providerGuid\":\"{5770385f-c22a-43e0-bf4c-06f5698ffbd9}\",\"eventID\":\"1\",\"version\":\"5\",\"level\":\"4\",\"task\":\"1\",\"opcode\":\"0\",\"keywords\":\"0x8000000000000000\",\"systemTime\":\"2026-08-19T06:56:41.360599844Z\",\"eventRecordID\":\"549412\",\"channel\":\"Microsoft-Windows-Sysmon/Operational\",\"computer\":\"kingslanding.sevenkingdoms.local\",\"severityValue\":\"INFORMATION\"},\"eventdata\":{\"utcTime\":\"2026-08-19 06:56:41.360\",\"processGuid\":\"{ae7e5c4e-48a7-f71e-bd41-000000000005}\",\"processId\":\"3973\",\"image\":\"C:\\\\Windows\\\\System32\\\\WindowsPowerShell\\\\v1.0\\\\powershell.exe\",\"commandLine\":\"powershell.exe -NoProfile -File \\\"C:\\\\Program Files\\\\Veeam\\\\Backup\\\\Scripts\\\\pre_job.ps1\\\"\",\"currentDirectory\":\"C:\\\\Program Files\\\\Veeam\\\\Backup\\\\\",\"user\":\"SEVENKINGDOMS\\\\backup_svc\",\"parentProcessGuid\":\"{38b9f294-fd3e-b1ba-b93b-000000000006}\",\"parentProcessId\":\"3122\",\"parentImage\":\"C:\\\\Program Files\\\\Veeam\\\\Backup\\\\VeeamAgent.exe\",\"parentCommandLine\":\"\\\"C:\\\\Program Files\\\\Veeam\\\\Backup\\\\VeeamAgent.exe\\\" -runjob NightlyBackup\",\"hashes\":\"MD5=52A2D1D53AB7B54E6107FD5ACBDFFB15,SHA256=99C8275678FE526419811BC64793F96B0D55627558DFBBF37E4B9A9C4EEE61E1,IMPHASH=BA9BA9BB26C1A2513FD776DAAC02773E\"}}}",
      "expect": {
        "alert": false
      },
      "category": "noise",
      "attack": null,
      "evasion": false,
      "expected_rule_id": 100251,
      "expected_level": 0,
      "mitre_id": null
    },
    {
      "name": "noise 314 | Veeam | backup_post.ps1",
      "event": "{\"win\":{\"system\":{\"providerName\":\"Microsoft-Windows-Sysmon\",\"providerGuid\":\"{5770385f-c22a-43e0-bf4c-06f5698ffbd9}\",\"eventID\":\"1\",\"version\":\"5\",\"level\":\"4\",\"task\":\"1\",\"opcode\":\"0\",\"keywords\":\"0x8000000000000000\",\"systemTime\":\"2026-08-19T06:58:30.127362736Z\",\"eventRecordID\":\"549413\",\"channel\":\"Microsoft-Windows-Sysmon/Operational\",\"computer\":\"kingslanding.sevenkingdoms.local\",\"severityValue\":\"INFORMATION\"},\"eventdata\":{\"utcTime\":\"2026-08-19 06:58:30.127\",\"processGuid\":\"{ae7e5c4e-48a7-f71e-bd41-000000000005}\",\"processId\":\"3973\",\"image\":\"C:\\\\Windows\\\\System32\\\\WindowsPowerShell\\\\v1.0\\\\powershell.exe\",\"commandLine\":\"powershell.exe -NoProfile -File \\\"C:\\\\Program Files\\\\Veeam\\\\Backup\\\\Scripts\\\\backup_post.ps1\\\"\",\"currentDirectory\":\"C:\\\\Program Files\\\\Veeam\\\\Backup\\\\\",\"user\":\"SEVENKINGDOMS\\\\backup_svc\",\"parentProcessGuid\":\"{38b9f294-fd3e-b1ba-b93b-000000000006}\",\"parentProcessId\":\"3122\",\"parentImage\":\"C:\\\\Program Files\\\\Veeam\\\\Backup\\\\VeeamAgent.exe\",\"parentCommandLine\":\"\\\"C:\\\\Program Files\\\\Veeam\\\\Backup\\\\VeeamAgent.exe\\\" -runjob NightlyBackup\",\"hashes\":\"MD5=52A2D1D53AB7B54E6107FD5ACBDFFB15,SHA256=99C8275678FE526419811BC64793F96B0D55627558DFBBF37E4B9A9C4EEE61E1,IMPHASH=BA9BA9BB26C1A2513FD776DAAC02773E\"}}}",
      "expect": {
        "alert": false
      },
      "category": "noise",
      "attack": null,
      "evasion": false,
      "expected_rule_id": 100251,
      "expected_level": 0,
      "mitre_id": null
    },
    {
      "name": "noise 315 | Veeam | pre_job.ps1",
      "event": "{\"win\":{\"system\":{\"providerName\":\"Microsoft-Windows-Sysmon\",\"providerGuid\":\"{5770385f-c22a-43e0-bf4c-06f5698ffbd9}\",\"eventID\":\"1\",\"version\":\"5\",\"level\":\"4\",\"task\":\"1\",\"opcode\":\"0\",\"keywords\":\"0x8000000000000000\",\"systemTime\":\"2026-08-19T07:00:17.661070598Z\",\"eventRecordID\":\"549414\",\"channel\":\"Microsoft-Windows-Sysmon/Operational\",\"computer\":\"kingslanding.sevenkingdoms.local\",\"severityValue\":\"INFORMATION\"},\"eventdata\":{\"utcTime\":\"2026-08-19 07:00:17.661\",\"processGuid\":\"{ae7e5c4e-48a7-f71e-bd41-000000000005}\",\"processId\":\"3973\",\"image\":\"C:\\\\Windows\\\\System32\\\\WindowsPowerShell\\\\v1.0\\\\powershell.exe\",\"commandLine\":\"powershell.exe -NoProfile -File \\\"C:\\\\Program Files\\\\Veeam\\\\Backup\\\\Scripts\\\\pre_job.ps1\\\"\",\"currentDirectory\":\"C:\\\\Program Files\\\\Veeam\\\\Backup\\\\\",\"user\":\"SEVENKINGDOMS\\\\backup_svc\",\"parentProcessGuid\":\"{38b9f294-fd3e-b1ba-b93b-000000000006}\",\"parentProcessId\":\"3122\",\"parentImage\":\"C:\\\\Program Files\\\\Veeam\\\\Backup\\\\VeeamAgent.exe\",\"parentCommandLine\":\"\\\"C:\\\\Program Files\\\\Veeam\\\\Backup\\\\VeeamAgent.exe\\\" -runjob NightlyBackup\",\"hashes\":\"MD5=52A2D1D53AB7B54E6107FD5ACBDFFB15,SHA256=99C8275678FE526419811BC64793F96B0D55627558DFBBF37E4B9A9C4EEE61E1,IMPHASH=BA9BA9BB26C1A2513FD776DAAC02773E\"}}}",
      "expect": {
        "alert": false
      },
      "category": "noise",
      "attack": null,
      "evasion": false,
      "expected_rule_id": 100251,
      "expected_level": 0,
      "mitre_id": null
    },
    {
      "name": "noise 316 | Veeam | Get-VBRJob",
      "event": "{\"win\":{\"system\":{\"providerName\":\"Microsoft-Windows-Sysmon\",\"providerGuid\":\"{5770385f-c22a-43e0-bf4c-06f5698ffbd9}\",\"eventID\":\"1\",\"version\":\"5\",\"level\":\"4\",\"task\":\"1\",\"opcode\":\"0\",\"keywords\":\"0x8000000000000000\",\"systemTime\":\"2026-08-19T07:01:11.529967178Z\",\"eventRecordID\":\"549415\",\"channel\":\"Microsoft-Windows-Sysmon/Operational\",\"computer\":\"kingslanding.sevenkingdoms.local\",\"severityValue\":\"INFORMATION\"},\"eventdata\":{\"utcTime\":\"2026-08-19 07:01:11.529\",\"processGuid\":\"{ae7e5c4e-48a7-f71e-bd41-000000000005}\",\"processId\":\"3973\",\"image\":\"C:\\\\Windows\\\\System32\\\\WindowsPowerShell\\\\v1.0\\\\powershell.exe\",\"commandLine\":\"powershell.exe -NoProfile -Command \\\"Get-VBRJob | Select-Object Name,LastResult\\\"\",\"currentDirectory\":\"C:\\\\Program Files\\\\Veeam\\\\Backup\\\\\",\"user\":\"SEVENKINGDOMS\\\\backup_svc\",\"parentProcessGuid\":\"{38b9f294-fd3e-b1ba-b93b-000000000006}\",\"parentProcessId\":\"3122\",\"parentImage\":\"C:\\\\Program Files\\\\Veeam\\\\Backup\\\\VeeamAgent.exe\",\"parentCommandLine\":\"\\\"C:\\\\Program Files\\\\Veeam\\\\Backup\\\\VeeamAgent.exe\\\" -runjob DailyBackup\",\"hashes\":\"MD5=52A2D1D53AB7B54E6107FD5ACBDFFB15,SHA256=99C8275678FE526419811BC64793F96B0D55627558DFBBF37E4B9A9C4EEE61E1,IMPHASH=BA9BA9BB26C1A2513FD776DAAC02773E\"}}}",
      "expect": {
        "alert": false
      },
      "category": "noise",
      "attack": null,
      "evasion": false,
      "expected_rule_id": 100251,
      "expected_level": 0,
      "mitre_id": null
    },
    {
      "name": "noise 317 | Veeam | Get-Volume",
      "event": "{\"win\":{\"system\":{\"providerName\":\"Microsoft-Windows-Sysmon\",\"providerGuid\":\"{5770385f-c22a-43e0-bf4c-06f5698ffbd9}\",\"eventID\":\"1\",\"version\":\"5\",\"level\":\"4\",\"task\":\"1\",\"opcode\":\"0\",\"keywords\":\"0x8000000000000000\",\"systemTime\":\"2026-08-19T07:01:43.759749680Z\",\"eventRecordID\":\"549416\",\"channel\":\"Microsoft-Windows-Sysmon/Operational\",\"computer\":\"kingslanding.sevenkingdoms.local\",\"severityValue\":\"INFORMATION\"},\"eventdata\":{\"utcTime\":\"2026-08-19 07:01:43.759\",\"processGuid\":\"{ae7e5c4e-48a7-f71e-bd41-000000000005}\",\"processId\":\"3973\",\"image\":\"C:\\\\Windows\\\\System32\\\\WindowsPowerShell\\\\v1.0\\\\powershell.exe\",\"commandLine\":\"powershell.exe -NoProfile -Command \\\"Get-Volume | Where-Object DriveLetter -eq 'D'\\\"\",\"currentDirectory\":\"C:\\\\Program Files\\\\Veeam\\\\Backup\\\\\",\"user\":\"SEVENKINGDOMS\\\\backup_svc\",\"parentProcessGuid\":\"{38b9f294-fd3e-b1ba-b93b-000000000006}\",\"parentProcessId\":\"3122\",\"parentImage\":\"C:\\\\Program Files\\\\Veeam\\\\Backup\\\\VeeamAgent.exe\",\"parentCommandLine\":\"\\\"C:\\\\Program Files\\\\Veeam\\\\Backup\\\\VeeamAgent.exe\\\" -runjob NightlyBackup\",\"hashes\":\"MD5=52A2D1D53AB7B54E6107FD5ACBDFFB15,SHA256=99C8275678FE526419811BC64793F96B0D55627558DFBBF37E4B9A9C4EEE61E1,IMPHASH=BA9BA9BB26C1A2513FD776DAAC02773E\"}}}",
      "expect": {
        "alert": false
      },
      "category": "noise",
      "attack": null,
      "evasion": false,
      "expected_rule_id": 100251,
      "expected_level": 0,
      "mitre_id": null
    },
