    {
      "name": "noise 129 | SCCM | powershell Get-WmiObject",
      "event": "{\"win\":{\"system\":{\"providerName\":\"Microsoft-Windows-Sysmon\",\"providerGuid\":\"{5770385f-c22a-43e0-bf4c-06f5698ffbd9}\",\"eventID\":\"1\",\"version\":\"5\",\"level\":\"4\",\"task\":\"1\",\"opcode\":\"0\",\"keywords\":\"0x8000000000000000\",\"systemTime\":\"2026-08-19T02:51:13.151936064Z\",\"eventRecordID\":\"549228\",\"channel\":\"Microsoft-Windows-Sysmon/Operational\",\"computer\":\"kingslanding.sevenkingdoms.local\",\"severityValue\":\"INFORMATION\"},\"eventdata\":{\"utcTime\":\"2026-08-19 02:51:13.151\",\"processGuid\":\"{051995f2-ab96-0f16-cf17-000000000004}\",\"processId\":\"3973\",\"image\":\"C:\\\\Windows\\\\System32\\\\WindowsPowerShell\\\\v1.0\\\\powershell.exe\",\"commandLine\":\"powershell.exe -ExecutionPolicy Bypass -Command \\\"Get-WmiObject Win32_BIOS\\\"\",\"currentDirectory\":\"C:\\\\Windows\\\\system32\\\\\",\"user\":\"NT AUTHORITY\\\\SYSTEM\",\"parentProcessGuid\":\"{03999d84-8c2e-7bbe-702b-000000000002}\",\"parentProcessId\":\"2356\",\"parentImage\":\"C:\\\\Windows\\\\CCM\\\\CcmExec.exe\",\"parentCommandLine\":\"\\\"C:\\\\Windows\\\\CCM\\\\CcmExec.exe\\\" -service -redirectWindowsUpdateLog\",\"hashes\":\"MD5=52A2D1D53AB7B54E6107FD5ACBDFFB15,SHA256=99C8275678FE526419811BC64793F96B0D55627558DFBBF37E4B9A9C4EEE61E1,IMPHASH=BA9BA9BB26C1A2513FD776DAAC02773E\"}}}",
      "expect": {
        "alert": false
      },
      "category": "noise",
      "attack": null,
      "evasion": false,
      "expected_rule_id": 100251,
      "expected_level": 0,
      "mitre_id": null
    },
    {
      "name": "noise 130 | SCCM | wmic domain",
      "event": "{\"win\":{\"system\":{\"providerName\":\"Microsoft-Windows-Sysmon\",\"providerGuid\":\"{5770385f-c22a-43e0-bf4c-06f5698ffbd9}\",\"eventID\":\"1\",\"version\":\"5\",\"level\":\"4\",\"task\":\"1\",\"opcode\":\"0\",\"keywords\":\"0x8000000000000000\",\"systemTime\":\"2026-08-19T02:52:59.817336512Z\",\"eventRecordID\":\"549229\",\"channel\":\"Microsoft-Windows-Sysmon/Operational\",\"computer\":\"kingslanding.sevenkingdoms.local\",\"severityValue\":\"INFORMATION\"},\"eventdata\":{\"utcTime\":\"2026-08-19 02:52:59.817\",\"processGuid\":\"{fd4ad5c2-0359-8106-82d6-000000000001}\",\"processId\":\"3226\",\"image\":\"C:\\\\Windows\\\\System32\\\\wmic.exe\",\"commandLine\":\"wmic path win32_computersystem get domain,username\",\"currentDirectory\":\"C:\\\\Windows\\\\system32\\\\\",\"user\":\"NT AUTHORITY\\\\SYSTEM\",\"parentProcessGuid\":\"{03999d84-8c2e-7bbe-702b-000000000002}\",\"parentProcessId\":\"2356\",\"parentImage\":\"C:\\\\Windows\\\\CCM\\\\CcmExec.exe\",\"parentCommandLine\":\"\\\"C:\\\\Windows\\\\CCM\\\\CcmExec.exe\\\" -service -redirectWindowsUpdateLog\",\"hashes\":\"MD5=0BBEA9C5DFA3B21E496EB133F02A042B,SHA256=22312883269B5B6AAE8A0E4D0EB6BF6912A204A16D684B7AD81535A1A923001A,IMPHASH=AD4EF768A5A9D4FA78F680FA0DF56583\"}}}",
      "expect": {
        "alert": false
      },
      "category": "noise",
      "attack": null,
      "evasion": false,
      "expected_rule_id": 100251,
      "expected_level": 0,
      "mitre_id": null
    },
    {
      "name": "noise 131 | SCCM | wmic memory",
      "event": "{\"win\":{\"system\":{\"providerName\":\"Microsoft-Windows-Sysmon\",\"providerGuid\":\"{5770385f-c22a-43e0-bf4c-06f5698ffbd9}\",\"eventID\":\"1\",\"version\":\"5\",\"level\":\"4\",\"task\":\"1\",\"opcode\":\"0\",\"keywords\":\"0x8000000000000000\",\"systemTime\":\"2026-08-19T02:54:37.358797769Z\",\"eventRecordID\":\"549230\",\"channel\":\"Microsoft-Windows-Sysmon/Operational\",\"computer\":\"kingslanding.sevenkingdoms.local\",\"severityValue\":\"INFORMATION\"},\"eventdata\":{\"utcTime\":\"2026-08-19 02:54:37.358\",\"processGuid\":\"{fd4ad5c2-0359-8106-82d6-000000000001}\",\"processId\":\"3226\",\"image\":\"C:\\\\Windows\\\\System32\\\\wmic.exe\",\"commandLine\":\"wmic os get FreePhysicalMemory /Value\",\"currentDirectory\":\"C:\\\\Windows\\\\system32\\\\\",\"user\":\"NT AUTHORITY\\\\SYSTEM\",\"parentProcessGuid\":\"{03999d84-8c2e-7bbe-702b-000000000002}\",\"parentProcessId\":\"2356\",\"parentImage\":\"C:\\\\Windows\\\\CCM\\\\CcmExec.exe\",\"parentCommandLine\":\"C:\\\\Windows\\\\CCM\\\\CcmExec.exe -service\",\"hashes\":\"MD5=0BBEA9C5DFA3B21E496EB133F02A042B,SHA256=22312883269B5B6AAE8A0E4D0EB6BF6912A204A16D684B7AD81535A1A923001A,IMPHASH=AD4EF768A5A9D4FA78F680FA0DF56583\"}}}",
      "expect": {
        "alert": false
      },
      "category": "noise",
      "attack": null,
      "evasion": false,
      "expected_rule_id": 100251,
      "expected_level": 0,
      "mitre_id": null
    },
    {
      "name": "noise 132 | SCCM | cmd wmic inventory",
      "event": "{\"win\":{\"system\":{\"providerName\":\"Microsoft-Windows-Sysmon\",\"providerGuid\":\"{5770385f-c22a-43e0-bf4c-06f5698ffbd9}\",\"eventID\":\"1\",\"version\":\"5\",\"level\":\"4\",\"task\":\"1\",\"opcode\":\"0\",\"keywords\":\"0x8000000000000000\",\"systemTime\":\"2026-08-19T02:55:04.571251298Z\",\"eventRecordID\":\"549231\",\"channel\":\"Microsoft-Windows-Sysmon/Operational\",\"computer\":\"kingslanding.sevenkingdoms.local\",\"severityValue\":\"INFORMATION\"},\"eventdata\":{\"utcTime\":\"2026-08-19 02:55:04.571\",\"processGuid\":\"{11491d82-c4b3-35a1-0a67-000000000003}\",\"processId\":\"6145\",\"image\":\"C:\\\\Windows\\\\System32\\\\cmd.exe\",\"commandLine\":\"cmd.exe /c \\\"wmic computersystem get name,domain /format:list\\\"\",\"currentDirectory\":\"C:\\\\Windows\\\\system32\\\\\",\"user\":\"NT AUTHORITY\\\\SYSTEM\",\"parentProcessGuid\":\"{03999d84-8c2e-7bbe-702b-000000000002}\",\"parentProcessId\":\"2356\",\"parentImage\":\"C:\\\\Windows\\\\CCM\\\\CcmExec.exe\",\"parentCommandLine\":\"C:\\\\Windows\\\\CCM\\\\CcmExec.exe -service\",\"hashes\":\"MD5=AD4F0121E05E45568A2E62DF8F91BF81,SHA256=454CFEEA347FDC3F0ACB885CFB4B031166A2387FAB14C4D4A5008AE16181F80E,IMPHASH=D3F8F91898C22767183D2C65A8BA9A98\"}}}",
      "expect": {
        "alert": false
      },
      "category": "noise",
      "attack": null,
      "evasion": false,
      "expected_rule_id": 100251,
      "expected_level": 0,
      "mitre_id": null
    },
    {
      "name": "noise 133 | SCCM | wmic os caption",
      "event": "{\"win\":{\"system\":{\"providerName\":\"Microsoft-Windows-Sysmon\",\"providerGuid\":\"{5770385f-c22a-43e0-bf4c-06f5698ffbd9}\",\"eventID\":\"1\",\"version\":\"5\",\"level\":\"4\",\"task\":\"1\",\"opcode\":\"0\",\"keywords\":\"0x8000000000000000\",\"systemTime\":\"2026-08-19T02:57:30.949587910Z\",\"eventRecordID\":\"549232\",\"channel\":\"Microsoft-Windows-Sysmon/Operational\",\"computer\":\"kingslanding.sevenkingdoms.local\",\"severityValue\":\"INFORMATION\"},\"eventdata\":{\"utcTime\":\"2026-08-19 02:57:30.949\",\"processGuid\":\"{fd4ad5c2-0359-8106-82d6-000000000001}\",\"processId\":\"3226\",\"image\":\"C:\\\\Windows\\\\System32\\\\wmic.exe\",\"commandLine\":\"wmic path Win32_OperatingSystem get Caption,Version /Value\",\"currentDirectory\":\"C:\\\\Windows\\\\CCM\\\\\",\"user\":\"NT AUTHORITY\\\\SYSTEM\",\"parentProcessGuid\":\"{03999d84-8c2e-7bbe-702b-000000000002}\",\"parentProcessId\":\"2356\",\"parentImage\":\"C:\\\\Windows\\\\CCM\\\\CcmExec.exe\",\"parentCommandLine\":\"\\\"C:\\\\Windows\\\\CCM\\\\CcmExec.exe\\\" -service -redirectWindowsUpdateLog\",\"hashes\":\"MD5=0BBEA9C5DFA3B21E496EB133F02A042B,SHA256=22312883269B5B6AAE8A0E4D0EB6BF6912A204A16D684B7AD81535A1A923001A,IMPHASH=AD4EF768A5A9D4FA78F680FA0DF56583\"}}}",
      "expect": {
        "alert": false
      },
      "category": "noise",
      "attack": null,
      "evasion": false,
      "expected_rule_id": 100251,
      "expected_level": 0,
      "mitre_id": null
    },
    {
      "name": "noise 134 | SCCM | powershell Get-WmiObject",
      "event": "{\"win\":{\"system\":{\"providerName\":\"Microsoft-Windows-Sysmon\",\"providerGuid\":\"{5770385f-c22a-43e0-bf4c-06f5698ffbd9}\",\"eventID\":\"1\",\"version\":\"5\",\"level\":\"4\",\"task\":\"1\",\"opcode\":\"0\",\"keywords\":\"0x8000000000000000\",\"systemTime\":\"2026-08-19T02:58:06.673660211Z\",\"eventRecordID\":\"549233\",\"channel\":\"Microsoft-Windows-Sysmon/Operational\",\"computer\":\"kingslanding.sevenkingdoms.local\",\"severityValue\":\"INFORMATION\"},\"eventdata\":{\"utcTime\":\"2026-08-19 02:58:06.673\",\"processGuid\":\"{051995f2-ab96-0f16-cf17-000000000004}\",\"processId\":\"3973\",\"image\":\"C:\\\\Windows\\\\System32\\\\WindowsPowerShell\\\\v1.0\\\\powershell.exe\",\"commandLine\":\"powershell.exe -NoProfile -Command \\\"Get-WmiObject Win32_ComputerSystem\\\"\",\"currentDirectory\":\"C:\\\\Windows\\\\CCM\\\\\",\"user\":\"NT AUTHORITY\\\\SYSTEM\",\"parentProcessGuid\":\"{03999d84-8c2e-7bbe-702b-000000000002}\",\"parentProcessId\":\"2356\",\"parentImage\":\"C:\\\\Windows\\\\CCM\\\\CcmExec.exe\",\"parentCommandLine\":\"\\\"C:\\\\Windows\\\\CCM\\\\CcmExec.exe\\\"\",\"hashes\":\"MD5=52A2D1D53AB7B54E6107FD5ACBDFFB15,SHA256=99C8275678FE526419811BC64793F96B0D55627558DFBBF37E4B9A9C4EEE61E1,IMPHASH=BA9BA9BB26C1A2513FD776DAAC02773E\"}}}",
      "expect": {
        "alert": false
      },
      "category": "noise",
      "attack": null,
      "evasion": false,
      "expected_rule_id": 100251,
      "expected_level": 0,
      "mitre_id": null
    },
    {
      "name": "noise 135 | SCCM | cmd wmic inventory",
      "event": "{\"win\":{\"system\":{\"providerName\":\"Microsoft-Windows-Sysmon\",\"providerGuid\":\"{5770385f-c22a-43e0-bf4c-06f5698ffbd9}\",\"eventID\":\"1\",\"version\":\"5\",\"level\":\"4\",\"task\":\"1\",\"opcode\":\"0\",\"keywords\":\"0x8000000000000000\",\"systemTime\":\"2026-08-19T02:59:17.253253142Z\",\"eventRecordID\":\"549234\",\"channel\":\"Microsoft-Windows-Sysmon/Operational\",\"computer\":\"kingslanding.sevenkingdoms.local\",\"severityValue\":\"INFORMATION\"},\"eventdata\":{\"utcTime\":\"2026-08-19 02:59:17.253\",\"processGuid\":\"{11491d82-c4b3-35a1-0a67-000000000003}\",\"processId\":\"6145\",\"image\":\"C:\\\\Windows\\\\System32\\\\cmd.exe\",\"commandLine\":\"cmd.exe /c \\\"wmic computersystem get name,domain /format:list\\\"\",\"currentDirectory\":\"C:\\\\Windows\\\\system32\\\\\",\"user\":\"NT AUTHORITY\\\\SYSTEM\",\"parentProcessGuid\":\"{03999d84-8c2e-7bbe-702b-000000000002}\",\"parentProcessId\":\"2356\",\"parentImage\":\"C:\\\\Windows\\\\CCM\\\\CcmExec.exe\",\"parentCommandLine\":\"\\\"C:\\\\Windows\\\\CCM\\\\CcmExec.exe\\\"\",\"hashes\":\"MD5=AD4F0121E05E45568A2E62DF8F91BF81,SHA256=454CFEEA347FDC3F0ACB885CFB4B031166A2387FAB14C4D4A5008AE16181F80E,IMPHASH=D3F8F91898C22767183D2C65A8BA9A98\"}}}",
      "expect": {
        "alert": false
      },
      "category": "noise",
      "attack": null,
      "evasion": false,
      "expected_rule_id": 100251,
      "expected_level": 0,
      "mitre_id": null
    },
    {
      "name": "noise 136 | SCCM | powershell Get-WmiObject",
      "event": "{\"win\":{\"system\":{\"providerName\":\"Microsoft-Windows-Sysmon\",\"providerGuid\":\"{5770385f-c22a-43e0-bf4c-06f5698ffbd9}\",\"eventID\":\"1\",\"version\":\"5\",\"level\":\"4\",\"task\":\"1\",\"opcode\":\"0\",\"keywords\":\"0x8000000000000000\",\"systemTime\":\"2026-08-19T03:01:31.029513153Z\",\"eventRecordID\":\"549235\",\"channel\":\"Microsoft-Windows-Sysmon/Operational\",\"computer\":\"kingslanding.sevenkingdoms.local\",\"severityValue\":\"INFORMATION\"},\"eventdata\":{\"utcTime\":\"2026-08-19 03:01:31.029\",\"processGuid\":\"{051995f2-ab96-0f16-cf17-000000000004}\",\"processId\":\"3973\",\"image\":\"C:\\\\Windows\\\\System32\\\\WindowsPowerShell\\\\v1.0\\\\powershell.exe\",\"commandLine\":\"powershell.exe -NoProfile -Command \\\"Get-WmiObject Win32_ComputerSystem\\\"\",\"currentDirectory\":\"C:\\\\Windows\\\\system32\\\\\",\"user\":\"NT AUTHORITY\\\\SYSTEM\",\"parentProcessGuid\":\"{03999d84-8c2e-7bbe-702b-000000000002}\",\"parentProcessId\":\"2356\",\"parentImage\":\"C:\\\\Windows\\\\CCM\\\\CcmExec.exe\",\"parentCommandLine\":\"C:\\\\Windows\\\\CCM\\\\CcmExec.exe -service\",\"hashes\":\"MD5=52A2D1D53AB7B54E6107FD5ACBDFFB15,SHA256=99C8275678FE526419811BC64793F96B0D55627558DFBBF37E4B9A9C4EEE61E1,IMPHASH=BA9BA9BB26C1A2513FD776DAAC02773E\"}}}",
      "expect": {
        "alert": false
      },
      "category": "noise",
      "attack": null,
      "evasion": false,
      "expected_rule_id": 100251,
      "expected_level": 0,
      "mitre_id": null
    },
    {
      "name": "noise 137 | SCCM | cmd wmic inventory",
      "event": "{\"win\":{\"system\":{\"providerName\":\"Microsoft-Windows-Sysmon\",\"providerGuid\":\"{5770385f-c22a-43e0-bf4c-06f5698ffbd9}\",\"eventID\":\"1\",\"version\":\"5\",\"level\":\"4\",\"task\":\"1\",\"opcode\":\"0\",\"keywords\":\"0x8000000000000000\",\"systemTime\":\"2026-08-19T03:01:41.652645372Z\",\"eventRecordID\":\"549236\",\"channel\":\"Microsoft-Windows-Sysmon/Operational\",\"computer\":\"kingslanding.sevenkingdoms.local\",\"severityValue\":\"INFORMATION\"},\"eventdata\":{\"utcTime\":\"2026-08-19 03:01:41.652\",\"processGuid\":\"{11491d82-c4b3-35a1-0a67-000000000003}\",\"processId\":\"6145\",\"image\":\"C:\\\\Windows\\\\System32\\\\cmd.exe\",\"commandLine\":\"cmd.exe /c \\\"wmic computersystem get name,domain /format:list\\\"\",\"currentDirectory\":\"C:\\\\Windows\\\\system32\\\\\",\"user\":\"NT AUTHORITY\\\\SYSTEM\",\"parentProcessGuid\":\"{03999d84-8c2e-7bbe-702b-000000000002}\",\"parentProcessId\":\"2356\",\"parentImage\":\"C:\\\\Windows\\\\CCM\\\\CcmExec.exe\",\"parentCommandLine\":\"\\\"C:\\\\Windows\\\\CCM\\\\CcmExec.exe\\\"\",\"hashes\":\"MD5=AD4F0121E05E45568A2E62DF8F91BF81,SHA256=454CFEEA347FDC3F0ACB885CFB4B031166A2387FAB14C4D4A5008AE16181F80E,IMPHASH=D3F8F91898C22767183D2C65A8BA9A98\"}}}",
      "expect": {
        "alert": false
      },
      "category": "noise",
      "attack": null,
      "evasion": false,
      "expected_rule_id": 100251,
      "expected_level": 0,
      "mitre_id": null
    },
    {
      "name": "noise 138 | SCCM | wmic domain",
      "event": "{\"win\":{\"system\":{\"providerName\":\"Microsoft-Windows-Sysmon\",\"providerGuid\":\"{5770385f-c22a-43e0-bf4c-06f5698ffbd9}\",\"eventID\":\"1\",\"version\":\"5\",\"level\":\"4\",\"task\":\"1\",\"opcode\":\"0\",\"keywords\":\"0x8000000000000000\",\"systemTime\":\"2026-08-19T03:03:18.666275070Z\",\"eventRecordID\":\"549237\",\"channel\":\"Microsoft-Windows-Sysmon/Operational\",\"computer\":\"kingslanding.sevenkingdoms.local\",\"severityValue\":\"INFORMATION\"},\"eventdata\":{\"utcTime\":\"2026-08-19 03:03:18.666\",\"processGuid\":\"{fd4ad5c2-0359-8106-82d6-000000000001}\",\"processId\":\"3226\",\"image\":\"C:\\\\Windows\\\\System32\\\\wmic.exe\",\"commandLine\":\"wmic path win32_computersystem get domain,username\",\"currentDirectory\":\"C:\\\\Windows\\\\system32\\\\\",\"user\":\"NT AUTHORITY\\\\SYSTEM\",\"parentProcessGuid\":\"{03999d84-8c2e-7bbe-702b-000000000002}\",\"parentProcessId\":\"2356\",\"parentImage\":\"C:\\\\Windows\\\\CCM\\\\CcmExec.exe\",\"parentCommandLine\":\"\\\"C:\\\\Windows\\\\CCM\\\\CcmExec.exe\\\" -service -redirectWindowsUpdateLog\",\"hashes\":\"MD5=0BBEA9C5DFA3B21E496EB133F02A042B,SHA256=22312883269B5B6AAE8A0E4D0EB6BF6912A204A16D684B7AD81535A1A923001A,IMPHASH=AD4EF768A5A9D4FA78F680FA0DF56583\"}}}",
      "expect": {
        "alert": false
      },
      "category": "noise",
      "attack": null,
      "evasion": false,
      "expected_rule_id": 100251,
      "expected_level": 0,
      "mitre_id": null
    },
    {
      "name": "noise 139 | SCCM | powershell Get-WmiObject",
      "event": "{\"win\":{\"system\":{\"providerName\":\"Microsoft-Windows-Sysmon\",\"providerGuid\":\"{5770385f-c22a-43e0-bf4c-06f5698ffbd9}\",\"eventID\":\"1\",\"version\":\"5\",\"level\":\"4\",\"task\":\"1\",\"opcode\":\"0\",\"keywords\":\"0x8000000000000000\",\"systemTime\":\"2026-08-19T03:04:44.204164499Z\",\"eventRecordID\":\"549238\",\"channel\":\"Microsoft-Windows-Sysmon/Operational\",\"computer\":\"kingslanding.sevenkingdoms.local\",\"severityValue\":\"INFORMATION\"},\"eventdata\":{\"utcTime\":\"2026-08-19 03:04:44.204\",\"processGuid\":\"{051995f2-ab96-0f16-cf17-000000000004}\",\"processId\":\"3973\",\"image\":\"C:\\\\Windows\\\\System32\\\\WindowsPowerShell\\\\v1.0\\\\powershell.exe\",\"commandLine\":\"powershell.exe -NoLogo -NoProfile -Command \\\"Get-WmiObject Win32_LogicalDisk\\\"\",\"currentDirectory\":\"C:\\\\Windows\\\\system32\\\\\",\"user\":\"NT AUTHORITY\\\\SYSTEM\",\"parentProcessGuid\":\"{03999d84-8c2e-7bbe-702b-000000000002}\",\"parentProcessId\":\"2356\",\"parentImage\":\"C:\\\\Windows\\\\CCM\\\\CcmExec.exe\",\"parentCommandLine\":\"\\\"C:\\\\Windows\\\\CCM\\\\CcmExec.exe\\\"\",\"hashes\":\"MD5=52A2D1D53AB7B54E6107FD5ACBDFFB15,SHA256=99C8275678FE526419811BC64793F96B0D55627558DFBBF37E4B9A9C4EEE61E1,IMPHASH=BA9BA9BB26C1A2513FD776DAAC02773E\"}}}",
      "expect": {
        "alert": false
      },
      "category": "noise",
      "attack": null,
      "evasion": false,
      "expected_rule_id": 100251,
      "expected_level": 0,
      "mitre_id": null
    },
    {
      "name": "noise 140 | SCCM | cmd wmic memory",
      "event": "{\"win\":{\"system\":{\"providerName\":\"Microsoft-Windows-Sysmon\",\"providerGuid\":\"{5770385f-c22a-43e0-bf4c-06f5698ffbd9}\",\"eventID\":\"1\",\"version\":\"5\",\"level\":\"4\",\"task\":\"1\",\"opcode\":\"0\",\"keywords\":\"0x8000000000000000\",\"systemTime\":\"2026-08-19T03:06:24.512351014Z\",\"eventRecordID\":\"549239\",\"channel\":\"Microsoft-Windows-Sysmon/Operational\",\"computer\":\"kingslanding.sevenkingdoms.local\",\"severityValue\":\"INFORMATION\"},\"eventdata\":{\"utcTime\":\"2026-08-19 03:06:24.512\",\"processGuid\":\"{11491d82-c4b3-35a1-0a67-000000000003}\",\"processId\":\"6145\",\"image\":\"C:\\\\Windows\\\\System32\\\\cmd.exe\",\"commandLine\":\"cmd.exe /c \\\"wmic os get FreePhysicalMemory /Value\\\"\",\"currentDirectory\":\"C:\\\\Windows\\\\system32\\\\\",\"user\":\"NT AUTHORITY\\\\SYSTEM\",\"parentProcessGuid\":\"{03999d84-8c2e-7bbe-702b-000000000002}\",\"parentProcessId\":\"2356\",\"parentImage\":\"C:\\\\Windows\\\\CCM\\\\CcmExec.exe\",\"parentCommandLine\":\"\\\"C:\\\\Windows\\\\CCM\\\\CcmExec.exe\\\" -service -redirectWindowsUpdateLog\",\"hashes\":\"MD5=AD4F0121E05E45568A2E62DF8F91BF81,SHA256=454CFEEA347FDC3F0ACB885CFB4B031166A2387FAB14C4D4A5008AE16181F80E,IMPHASH=D3F8F91898C22767183D2C65A8BA9A98\"}}}",
      "expect": {
        "alert": false
      },
      "category": "noise",
      "attack": null,
      "evasion": false,
      "expected_rule_id": 100251,
      "expected_level": 0,
      "mitre_id": null
    },
    {
      "name": "noise 141 | SCCM | wmic inventory",
      "event": "{\"win\":{\"system\":{\"providerName\":\"Microsoft-Windows-Sysmon\",\"providerGuid\":\"{5770385f-c22a-43e0-bf4c-06f5698ffbd9}\",\"eventID\":\"1\",\"version\":\"5\",\"level\":\"4\",\"task\":\"1\",\"opcode\":\"0\",\"keywords\":\"0x8000000000000000\",\"systemTime\":\"2026-08-19T03:07:46.469732051Z\",\"eventRecordID\":\"549240\",\"channel\":\"Microsoft-Windows-Sysmon/Operational\",\"computer\":\"kingslanding.sevenkingdoms.local\",\"severityValue\":\"INFORMATION\"},\"eventdata\":{\"utcTime\":\"2026-08-19 03:07:46.469\",\"processGuid\":\"{fd4ad5c2-0359-8106-82d6-000000000001}\",\"processId\":\"3226\",\"image\":\"C:\\\\Windows\\\\System32\\\\wmic.exe\",\"commandLine\":\"wmic path win32_computersystem product get name\",\"currentDirectory\":\"C:\\\\Windows\\\\system32\\\\\",\"user\":\"NT AUTHORITY\\\\SYSTEM\",\"parentProcessGuid\":\"{03999d84-8c2e-7bbe-702b-000000000002}\",\"parentProcessId\":\"2356\",\"parentImage\":\"C:\\\\Windows\\\\CCM\\\\CcmExec.exe\",\"parentCommandLine\":\"\\\"C:\\\\Windows\\\\CCM\\\\CcmExec.exe\\\"\",\"hashes\":\"MD5=0BBEA9C5DFA3B21E496EB133F02A042B,SHA256=22312883269B5B6AAE8A0E4D0EB6BF6912A204A16D684B7AD81535A1A923001A,IMPHASH=AD4EF768A5A9D4FA78F680FA0DF56583\"}}}",
      "expect": {
        "alert": false
      },
      "category": "noise",
      "attack": null,
      "evasion": false,
      "expected_rule_id": 100251,
      "expected_level": 0,
      "mitre_id": null
    },
    {
      "name": "noise 142 | SCCM | cmd wmic inventory",
      "event": "{\"win\":{\"system\":{\"providerName\":\"Microsoft-Windows-Sysmon\",\"providerGuid\":\"{5770385f-c22a-43e0-bf4c-06f5698ffbd9}\",\"eventID\":\"1\",\"version\":\"5\",\"level\":\"4\",\"task\":\"1\",\"opcode\":\"0\",\"keywords\":\"0x8000000000000000\",\"systemTime\":\"2026-08-19T03:09:34.684976917Z\",\"eventRecordID\":\"549241\",\"channel\":\"Microsoft-Windows-Sysmon/Operational\",\"computer\":\"kingslanding.sevenkingdoms.local\",\"severityValue\":\"INFORMATION\"},\"eventdata\":{\"utcTime\":\"2026-08-19 03:09:34.684\",\"processGuid\":\"{11491d82-c4b3-35a1-0a67-000000000003}\",\"processId\":\"6145\",\"image\":\"C:\\\\Windows\\\\System32\\\\cmd.exe\",\"commandLine\":\"cmd.exe /c \\\"wmic computersystem get name,domain /format:list\\\"\",\"currentDirectory\":\"C:\\\\Windows\\\\system32\\\\\",\"user\":\"NT AUTHORITY\\\\SYSTEM\",\"parentProcessGuid\":\"{03999d84-8c2e-7bbe-702b-000000000002}\",\"parentProcessId\":\"2356\",\"parentImage\":\"C:\\\\Windows\\\\CCM\\\\CcmExec.exe\",\"parentCommandLine\":\"C:\\\\Windows\\\\CCM\\\\CcmExec.exe -service\",\"hashes\":\"MD5=AD4F0121E05E45568A2E62DF8F91BF81,SHA256=454CFEEA347FDC3F0ACB885CFB4B031166A2387FAB14C4D4A5008AE16181F80E,IMPHASH=D3F8F91898C22767183D2C65A8BA9A98\"}}}",
      "expect": {
        "alert": false
      },
      "category": "noise",
      "attack": null,
      "evasion": false,
      "expected_rule_id": 100251,
      "expected_level": 0,
      "mitre_id": null
    },
    {
      "name": "noise 143 | SCCM | wmic memory",
      "event": "{\"win\":{\"system\":{\"providerName\":\"Microsoft-Windows-Sysmon\",\"providerGuid\":\"{5770385f-c22a-43e0-bf4c-06f5698ffbd9}\",\"eventID\":\"1\",\"version\":\"5\",\"level\":\"4\",\"task\":\"1\",\"opcode\":\"0\",\"keywords\":\"0x8000000000000000\",\"systemTime\":\"2026-08-19T03:10:23.758721250Z\",\"eventRecordID\":\"549242\",\"channel\":\"Microsoft-Windows-Sysmon/Operational\",\"computer\":\"kingslanding.sevenkingdoms.local\",\"severityValue\":\"INFORMATION\"},\"eventdata\":{\"utcTime\":\"2026-08-19 03:10:23.758\",\"processGuid\":\"{fd4ad5c2-0359-8106-82d6-000000000001}\",\"processId\":\"3226\",\"image\":\"C:\\\\Windows\\\\System32\\\\wmic.exe\",\"commandLine\":\"wmic os get FreePhysicalMemory /Value\",\"currentDirectory\":\"C:\\\\Windows\\\\CCM\\\\\",\"user\":\"NT AUTHORITY\\\\SYSTEM\",\"parentProcessGuid\":\"{03999d84-8c2e-7bbe-702b-000000000002}\",\"parentProcessId\":\"2356\",\"parentImage\":\"C:\\\\Windows\\\\CCM\\\\CcmExec.exe\",\"parentCommandLine\":\"\\\"C:\\\\Windows\\\\CCM\\\\CcmExec.exe\\\" -service -redirectWindowsUpdateLog\",\"hashes\":\"MD5=0BBEA9C5DFA3B21E496EB133F02A042B,SHA256=22312883269B5B6AAE8A0E4D0EB6BF6912A204A16D684B7AD81535A1A923001A,IMPHASH=AD4EF768A5A9D4FA78F680FA0DF56583\"}}}",
      "expect": {
        "alert": false
      },
      "category": "noise",
      "attack": null,
      "evasion": false,
      "expected_rule_id": 100251,
      "expected_level": 0,
      "mitre_id": null
    },
    {
      "name": "noise 144 | SCCM | powershell Get-WmiObject",
      "event": "{\"win\":{\"system\":{\"providerName\":\"Microsoft-Windows-Sysmon\",\"providerGuid\":\"{5770385f-c22a-43e0-bf4c-06f5698ffbd9}\",\"eventID\":\"1\",\"version\":\"5\",\"level\":\"4\",\"task\":\"1\",\"opcode\":\"0\",\"keywords\":\"0x8000000000000000\",\"systemTime\":\"2026-08-19T03:11:56.691257301Z\",\"eventRecordID\":\"549243\",\"channel\":\"Microsoft-Windows-Sysmon/Operational\",\"computer\":\"kingslanding.sevenkingdoms.local\",\"severityValue\":\"INFORMATION\"},\"eventdata\":{\"utcTime\":\"2026-08-19 03:11:56.691\",\"processGuid\":\"{051995f2-ab96-0f16-cf17-000000000004}\",\"processId\":\"3973\",\"image\":\"C:\\\\Windows\\\\System32\\\\WindowsPowerShell\\\\v1.0\\\\powershell.exe\",\"commandLine\":\"powershell.exe -ExecutionPolicy Bypass -Command \\\"Get-WmiObject Win32_BIOS\\\"\",\"currentDirectory\":\"C:\\\\Windows\\\\system32\\\\\",\"user\":\"NT AUTHORITY\\\\SYSTEM\",\"parentProcessGuid\":\"{03999d84-8c2e-7bbe-702b-000000000002}\",\"parentProcessId\":\"2356\",\"parentImage\":\"C:\\\\Windows\\\\CCM\\\\CcmExec.exe\",\"parentCommandLine\":\"\\\"C:\\\\Windows\\\\CCM\\\\CcmExec.exe\\\" -service -redirectWindowsUpdateLog\",\"hashes\":\"MD5=52A2D1D53AB7B54E6107FD5ACBDFFB15,SHA256=99C8275678FE526419811BC64793F96B0D55627558DFBBF37E4B9A9C4EEE61E1,IMPHASH=BA9BA9BB26C1A2513FD776DAAC02773E\"}}}",
      "expect": {
        "alert": false
      },
      "category": "noise",
      "attack": null,
      "evasion": false,
      "expected_rule_id": 100251,
      "expected_level": 0,
      "mitre_id": null
    },
    {
      "name": "noise 145 | SCCM | powershell Get-WmiObject",
      "event": "{\"win\":{\"system\":{\"providerName\":\"Microsoft-Windows-Sysmon\",\"providerGuid\":\"{5770385f-c22a-43e0-bf4c-06f5698ffbd9}\",\"eventID\":\"1\",\"version\":\"5\",\"level\":\"4\",\"task\":\"1\",\"opcode\":\"0\",\"keywords\":\"0x8000000000000000\",\"systemTime\":\"2026-08-19T03:12:51.175871002Z\",\"eventRecordID\":\"549244\",\"channel\":\"Microsoft-Windows-Sysmon/Operational\",\"computer\":\"kingslanding.sevenkingdoms.local\",\"severityValue\":\"INFORMATION\"},\"eventdata\":{\"utcTime\":\"2026-08-19 03:12:51.175\",\"processGuid\":\"{051995f2-ab96-0f16-cf17-000000000004}\",\"processId\":\"3973\",\"image\":\"C:\\\\Windows\\\\System32\\\\WindowsPowerShell\\\\v1.0\\\\powershell.exe\",\"commandLine\":\"powershell.exe -NoProfile -Command \\\"Get-WmiObject Win32_Service\\\"\",\"currentDirectory\":\"C:\\\\Windows\\\\CCM\\\\\",\"user\":\"NT AUTHORITY\\\\SYSTEM\",\"parentProcessGuid\":\"{03999d84-8c2e-7bbe-702b-000000000002}\",\"parentProcessId\":\"2356\",\"parentImage\":\"C:\\\\Windows\\\\CCM\\\\CcmExec.exe\",\"parentCommandLine\":\"\\\"C:\\\\Windows\\\\CCM\\\\CcmExec.exe\\\" -service -redirectWindowsUpdateLog\",\"hashes\":\"MD5=52A2D1D53AB7B54E6107FD5ACBDFFB15,SHA256=99C8275678FE526419811BC64793F96B0D55627558DFBBF37E4B9A9C4EEE61E1,IMPHASH=BA9BA9BB26C1A2513FD776DAAC02773E\"}}}",
      "expect": {
        "alert": false
      },
      "category": "noise",
      "attack": null,
      "evasion": false,
      "expected_rule_id": 100251,
      "expected_level": 0,
      "mitre_id": null
    },
    {
      "name": "noise 146 | SCCM | powershell Get-CimInstance",
      "event": "{\"win\":{\"system\":{\"providerName\":\"Microsoft-Windows-Sysmon\",\"providerGuid\":\"{5770385f-c22a-43e0-bf4c-06f5698ffbd9}\",\"eventID\":\"1\",\"version\":\"5\",\"level\":\"4\",\"task\":\"1\",\"opcode\":\"0\",\"keywords\":\"0x8000000000000000\",\"systemTime\":\"2026-08-19T03:14:11.045022467Z\",\"eventRecordID\":\"549245\",\"channel\":\"Microsoft-Windows-Sysmon/Operational\",\"computer\":\"kingslanding.sevenkingdoms.local\",\"severityValue\":\"INFORMATION\"},\"eventdata\":{\"utcTime\":\"2026-08-19 03:14:11.045\",\"processGuid\":\"{051995f2-ab96-0f16-cf17-000000000004}\",\"processId\":\"3973\",\"image\":\"C:\\\\Windows\\\\System32\\\\WindowsPowerShell\\\\v1.0\\\\powershell.exe\",\"commandLine\":\"powershell.exe -NoProfile -Command \\\"Get-CimInstance Win32_OperatingSystem\\\"\",\"currentDirectory\":\"C:\\\\Windows\\\\system32\\\\\",\"user\":\"NT AUTHORITY\\\\SYSTEM\",\"parentProcessGuid\":\"{03999d84-8c2e-7bbe-702b-000000000002}\",\"parentProcessId\":\"2356\",\"parentImage\":\"C:\\\\Windows\\\\CCM\\\\CcmExec.exe\",\"parentCommandLine\":\"C:\\\\Windows\\\\CCM\\\\CcmExec.exe -service\",\"hashes\":\"MD5=52A2D1D53AB7B54E6107FD5ACBDFFB15,SHA256=99C8275678FE526419811BC64793F96B0D55627558DFBBF37E4B9A9C4EEE61E1,IMPHASH=BA9BA9BB26C1A2513FD776DAAC02773E\"}}}",
      "expect": {
        "alert": false
      },
      "category": "noise",
      "attack": null,
      "evasion": false,
      "expected_rule_id": 100251,
      "expected_level": 0,
      "mitre_id": null
    },
    {
      "name": "noise 147 | SCCM | wmic memory",
      "event": "{\"win\":{\"system\":{\"providerName\":\"Microsoft-Windows-Sysmon\",\"providerGuid\":\"{5770385f-c22a-43e0-bf4c-06f5698ffbd9}\",\"eventID\":\"1\",\"version\":\"5\",\"level\":\"4\",\"task\":\"1\",\"opcode\":\"0\",\"keywords\":\"0x8000000000000000\",\"systemTime\":\"2026-08-19T03:16:17.567499214Z\",\"eventRecordID\":\"549246\",\"channel\":\"Microsoft-Windows-Sysmon/Operational\",\"computer\":\"kingslanding.sevenkingdoms.local\",\"severityValue\":\"INFORMATION\"},\"eventdata\":{\"utcTime\":\"2026-08-19 03:16:17.567\",\"processGuid\":\"{fd4ad5c2-0359-8106-82d6-000000000001}\",\"processId\":\"3226\",\"image\":\"C:\\\\Windows\\\\System32\\\\wmic.exe\",\"commandLine\":\"wmic os get FreePhysicalMemory /Value\",\"currentDirectory\":\"C:\\\\Windows\\\\system32\\\\\",\"user\":\"NT AUTHORITY\\\\SYSTEM\",\"parentProcessGuid\":\"{03999d84-8c2e-7bbe-702b-000000000002}\",\"parentProcessId\":\"2356\",\"parentImage\":\"C:\\\\Windows\\\\CCM\\\\CcmExec.exe\",\"parentCommandLine\":\"\\\"C:\\\\Windows\\\\CCM\\\\CcmExec.exe\\\"\",\"hashes\":\"MD5=0BBEA9C5DFA3B21E496EB133F02A042B,SHA256=22312883269B5B6AAE8A0E4D0EB6BF6912A204A16D684B7AD81535A1A923001A,IMPHASH=AD4EF768A5A9D4FA78F680FA0DF56583\"}}}",
      "expect": {
        "alert": false
      },
      "category": "noise",
      "attack": null,
      "evasion": false,
      "expected_rule_id": 100251,
      "expected_level": 0,
      "mitre_id": null
    },
    {
      "name": "noise 148 | SCCM | cmd wmic products",
      "event": "{\"win\":{\"system\":{\"providerName\":\"Microsoft-Windows-Sysmon\",\"providerGuid\":\"{5770385f-c22a-43e0-bf4c-06f5698ffbd9}\",\"eventID\":\"1\",\"version\":\"5\",\"level\":\"4\",\"task\":\"1\",\"opcode\":\"0\",\"keywords\":\"0x8000000000000000\",\"systemTime\":\"2026-08-19T03:16:31.671652621Z\",\"eventRecordID\":\"549247\",\"channel\":\"Microsoft-Windows-Sysmon/Operational\",\"computer\":\"kingslanding.sevenkingdoms.local\",\"severityValue\":\"INFORMATION\"},\"eventdata\":{\"utcTime\":\"2026-08-19 03:16:31.671\",\"processGuid\":\"{11491d82-c4b3-35a1-0a67-000000000003}\",\"processId\":\"6145\",\"image\":\"C:\\\\Windows\\\\System32\\\\cmd.exe\",\"commandLine\":\"cmd.exe /c wmic path win32_product get name\",\"currentDirectory\":\"C:\\\\Windows\\\\system32\\\\\",\"user\":\"NT AUTHORITY\\\\SYSTEM\",\"parentProcessGuid\":\"{03999d84-8c2e-7bbe-702b-000000000002}\",\"parentProcessId\":\"2356\",\"parentImage\":\"C:\\\\Windows\\\\CCM\\\\CcmExec.exe\",\"parentCommandLine\":\"C:\\\\Windows\\\\CCM\\\\CcmExec.exe -service\",\"hashes\":\"MD5=AD4F0121E05E45568A2E62DF8F91BF81,SHA256=454CFEEA347FDC3F0ACB885CFB4B031166A2387FAB14C4D4A5008AE16181F80E,IMPHASH=D3F8F91898C22767183D2C65A8BA9A98\"}}}",
      "expect": {
        "alert": false
      },
      "category": "noise",
      "attack": null,
      "evasion": false,
      "expected_rule_id": 100251,
      "expected_level": 0,
      "mitre_id": null
    },
    {
      "name": "noise 149 | SCCM | wmic domain",
      "event": "{\"win\":{\"system\":{\"providerName\":\"Microsoft-Windows-Sysmon\",\"providerGuid\":\"{5770385f-c22a-43e0-bf4c-06f5698ffbd9}\",\"eventID\":\"1\",\"version\":\"5\",\"level\":\"4\",\"task\":\"1\",\"opcode\":\"0\",\"keywords\":\"0x8000000000000000\",\"systemTime\":\"2026-08-19T03:17:54.882178385Z\",\"eventRecordID\":\"549248\",\"channel\":\"Microsoft-Windows-Sysmon/Operational\",\"computer\":\"kingslanding.sevenkingdoms.local\",\"severityValue\":\"INFORMATION\"},\"eventdata\":{\"utcTime\":\"2026-08-19 03:17:54.882\",\"processGuid\":\"{fd4ad5c2-0359-8106-82d6-000000000001}\",\"processId\":\"3226\",\"image\":\"C:\\\\Windows\\\\System32\\\\wmic.exe\",\"commandLine\":\"wmic path win32_computersystem get domain,username\",\"currentDirectory\":\"C:\\\\Windows\\\\CCM\\\\\",\"user\":\"NT AUTHORITY\\\\SYSTEM\",\"parentProcessGuid\":\"{03999d84-8c2e-7bbe-702b-000000000002}\",\"parentProcessId\":\"2356\",\"parentImage\":\"C:\\\\Windows\\\\CCM\\\\CcmExec.exe\",\"parentCommandLine\":\"\\\"C:\\\\Windows\\\\CCM\\\\CcmExec.exe\\\"\",\"hashes\":\"MD5=0BBEA9C5DFA3B21E496EB133F02A042B,SHA256=22312883269B5B6AAE8A0E4D0EB6BF6912A204A16D684B7AD81535A1A923001A,IMPHASH=AD4EF768A5A9D4FA78F680FA0DF56583\"}}}",
      "expect": {
        "alert": false
      },
      "category": "noise",
      "attack": null,
      "evasion": false,
      "expected_rule_id": 100251,
      "expected_level": 0,
      "mitre_id": null
    },
    {
      "name": "noise 150 | SCCM | wmic memory",
      "event": "{\"win\":{\"system\":{\"providerName\":\"Microsoft-Windows-Sysmon\",\"providerGuid\":\"{5770385f-c22a-43e0-bf4c-06f5698ffbd9}\",\"eventID\":\"1\",\"version\":\"5\",\"level\":\"4\",\"task\":\"1\",\"opcode\":\"0\",\"keywords\":\"0x8000000000000000\",\"systemTime\":\"2026-08-19T03:19:49.007878415Z\",\"eventRecordID\":\"549249\",\"channel\":\"Microsoft-Windows-Sysmon/Operational\",\"computer\":\"kingslanding.sevenkingdoms.local\",\"severityValue\":\"INFORMATION\"},\"eventdata\":{\"utcTime\":\"2026-08-19 03:19:49.007\",\"processGuid\":\"{fd4ad5c2-0359-8106-82d6-000000000001}\",\"processId\":\"3226\",\"image\":\"C:\\\\Windows\\\\System32\\\\wmic.exe\",\"commandLine\":\"wmic os get FreePhysicalMemory /Value\",\"currentDirectory\":\"C:\\\\Windows\\\\system32\\\\\",\"user\":\"NT AUTHORITY\\\\SYSTEM\",\"parentProcessGuid\":\"{03999d84-8c2e-7bbe-702b-000000000002}\",\"parentProcessId\":\"2356\",\"parentImage\":\"C:\\\\Windows\\\\CCM\\\\CcmExec.exe\",\"parentCommandLine\":\"C:\\\\Windows\\\\CCM\\\\CcmExec.exe -service\",\"hashes\":\"MD5=0BBEA9C5DFA3B21E496EB133F02A042B,SHA256=22312883269B5B6AAE8A0E4D0EB6BF6912A204A16D684B7AD81535A1A923001A,IMPHASH=AD4EF768A5A9D4FA78F680FA0DF56583\"}}}",
      "expect": {
        "alert": false
      },
      "category": "noise",
      "attack": null,
      "evasion": false,
      "expected_rule_id": 100251,
      "expected_level": 0,
      "mitre_id": null
    },
    {
      "name": "noise 151 | SCCM | wmic memory",
      "event": "{\"win\":{\"system\":{\"providerName\":\"Microsoft-Windows-Sysmon\",\"providerGuid\":\"{5770385f-c22a-43e0-bf4c-06f5698ffbd9}\",\"eventID\":\"1\",\"version\":\"5\",\"level\":\"4\",\"task\":\"1\",\"opcode\":\"0\",\"keywords\":\"0x8000000000000000\",\"systemTime\":\"2026-08-19T03:21:13.811734417Z\",\"eventRecordID\":\"549250\",\"channel\":\"Microsoft-Windows-Sysmon/Operational\",\"computer\":\"kingslanding.sevenkingdoms.local\",\"severityValue\":\"INFORMATION\"},\"eventdata\":{\"utcTime\":\"2026-08-19 03:21:13.811\",\"processGuid\":\"{fd4ad5c2-0359-8106-82d6-000000000001}\",\"processId\":\"3226\",\"image\":\"C:\\\\Windows\\\\System32\\\\wmic.exe\",\"commandLine\":\"wmic os get FreePhysicalMemory /Value\",\"currentDirectory\":\"C:\\\\Windows\\\\system32\\\\\",\"user\":\"NT AUTHORITY\\\\SYSTEM\",\"parentProcessGuid\":\"{03999d84-8c2e-7bbe-702b-000000000002}\",\"parentProcessId\":\"2356\",\"parentImage\":\"C:\\\\Windows\\\\CCM\\\\CcmExec.exe\",\"parentCommandLine\":\"C:\\\\Windows\\\\CCM\\\\CcmExec.exe -service\",\"hashes\":\"MD5=0BBEA9C5DFA3B21E496EB133F02A042B,SHA256=22312883269B5B6AAE8A0E4D0EB6BF6912A204A16D684B7AD81535A1A923001A,IMPHASH=AD4EF768A5A9D4FA78F680FA0DF56583\"}}}",
      "expect": {
        "alert": false
      },
      "category": "noise",
      "attack": null,
      "evasion": false,
      "expected_rule_id": 100251,
      "expected_level": 0,
      "mitre_id": null
    },
    {
      "name": "noise 152 | SCCM | wmic logicaldisk",
      "event": "{\"win\":{\"system\":{\"providerName\":\"Microsoft-Windows-Sysmon\",\"providerGuid\":\"{5770385f-c22a-43e0-bf4c-06f5698ffbd9}\",\"eventID\":\"1\",\"version\":\"5\",\"level\":\"4\",\"task\":\"1\",\"opcode\":\"0\",\"keywords\":\"0x8000000000000000\",\"systemTime\":\"2026-08-19T03:21:58.384238432Z\",\"eventRecordID\":\"549251\",\"channel\":\"Microsoft-Windows-Sysmon/Operational\",\"computer\":\"kingslanding.sevenkingdoms.local\",\"severityValue\":\"INFORMATION\"},\"eventdata\":{\"utcTime\":\"2026-08-19 03:21:58.384\",\"processGuid\":\"{fd4ad5c2-0359-8106-82d6-000000000001}\",\"processId\":\"3226\",\"image\":\"C:\\\\Windows\\\\System32\\\\wmic.exe\",\"commandLine\":\"wmic logicaldisk get caption,size,freespace\",\"currentDirectory\":\"C:\\\\Windows\\\\system32\\\\\",\"user\":\"NT AUTHORITY\\\\SYSTEM\",\"parentProcessGuid\":\"{03999d84-8c2e-7bbe-702b-000000000002}\",\"parentProcessId\":\"2356\",\"parentImage\":\"C:\\\\Windows\\\\CCM\\\\CcmExec.exe\",\"parentCommandLine\":\"C:\\\\Windows\\\\CCM\\\\CcmExec.exe -service\",\"hashes\":\"MD5=0BBEA9C5DFA3B21E496EB133F02A042B,SHA256=22312883269B5B6AAE8A0E4D0EB6BF6912A204A16D684B7AD81535A1A923001A,IMPHASH=AD4EF768A5A9D4FA78F680FA0DF56583\"}}}",
      "expect": {
        "alert": false
      },
      "category": "noise",
      "attack": null,
      "evasion": false,
      "expected_rule_id": 100251,
      "expected_level": 0,
      "mitre_id": null
    },
    {
      "name": "noise 153 | SCCM | wmic os caption",
      "event": "{\"win\":{\"system\":{\"providerName\":\"Microsoft-Windows-Sysmon\",\"providerGuid\":\"{5770385f-c22a-43e0-bf4c-06f5698ffbd9}\",\"eventID\":\"1\",\"version\":\"5\",\"level\":\"4\",\"task\":\"1\",\"opcode\":\"0\",\"keywords\":\"0x8000000000000000\",\"systemTime\":\"2026-08-19T03:23:33.192558820Z\",\"eventRecordID\":\"549252\",\"channel\":\"Microsoft-Windows-Sysmon/Operational\",\"computer\":\"kingslanding.sevenkingdoms.local\",\"severityValue\":\"INFORMATION\"},\"eventdata\":{\"utcTime\":\"2026-08-19 03:23:33.192\",\"processGuid\":\"{fd4ad5c2-0359-8106-82d6-000000000001}\",\"processId\":\"3226\",\"image\":\"C:\\\\Windows\\\\System32\\\\wmic.exe\",\"commandLine\":\"wmic path Win32_OperatingSystem get Caption,Version /Value\",\"currentDirectory\":\"C:\\\\Windows\\\\system32\\\\\",\"user\":\"NT AUTHORITY\\\\SYSTEM\",\"parentProcessGuid\":\"{03999d84-8c2e-7bbe-702b-000000000002}\",\"parentProcessId\":\"2356\",\"parentImage\":\"C:\\\\Windows\\\\CCM\\\\CcmExec.exe\",\"parentCommandLine\":\"C:\\\\Windows\\\\CCM\\\\CcmExec.exe -service\",\"hashes\":\"MD5=0BBEA9C5DFA3B21E496EB133F02A042B,SHA256=22312883269B5B6AAE8A0E4D0EB6BF6912A204A16D684B7AD81535A1A923001A,IMPHASH=AD4EF768A5A9D4FA78F680FA0DF56583\"}}}",
      "expect": {
        "alert": false
      },
      "category": "noise",
      "attack": null,
      "evasion": false,
      "expected_rule_id": 100251,
      "expected_level": 0,
      "mitre_id": null
    },
    {
      "name": "noise 154 | SCCM | powershell Get-WmiObject",
      "event": "{\"win\":{\"system\":{\"providerName\":\"Microsoft-Windows-Sysmon\",\"providerGuid\":\"{5770385f-c22a-43e0-bf4c-06f5698ffbd9}\",\"eventID\":\"1\",\"version\":\"5\",\"level\":\"4\",\"task\":\"1\",\"opcode\":\"0\",\"keywords\":\"0x8000000000000000\",\"systemTime\":\"2026-08-19T03:25:11.494165093Z\",\"eventRecordID\":\"549253\",\"channel\":\"Microsoft-Windows-Sysmon/Operational\",\"computer\":\"kingslanding.sevenkingdoms.local\",\"severityValue\":\"INFORMATION\"},\"eventdata\":{\"utcTime\":\"2026-08-19 03:25:11.494\",\"processGuid\":\"{051995f2-ab96-0f16-cf17-000000000004}\",\"processId\":\"3973\",\"image\":\"C:\\\\Windows\\\\System32\\\\WindowsPowerShell\\\\v1.0\\\\powershell.exe\",\"commandLine\":\"powershell.exe -NoLogo -NoProfile -Command \\\"Get-WmiObject Win32_LogicalDisk\\\"\",\"currentDirectory\":\"C:\\\\Windows\\\\system32\\\\\",\"user\":\"NT AUTHORITY\\\\SYSTEM\",\"parentProcessGuid\":\"{03999d84-8c2e-7bbe-702b-000000000002}\",\"parentProcessId\":\"2356\",\"parentImage\":\"C:\\\\Windows\\\\CCM\\\\CcmExec.exe\",\"parentCommandLine\":\"\\\"C:\\\\Windows\\\\CCM\\\\CcmExec.exe\\\" -service -redirectWindowsUpdateLog\",\"hashes\":\"MD5=52A2D1D53AB7B54E6107FD5ACBDFFB15,SHA256=99C8275678FE526419811BC64793F96B0D55627558DFBBF37E4B9A9C4EEE61E1,IMPHASH=BA9BA9BB26C1A2513FD776DAAC02773E\"}}}",
      "expect": {
        "alert": false
      },
      "category": "noise",
      "attack": null,
      "evasion": false,
      "expected_rule_id": 100251,
      "expected_level": 0,
      "mitre_id": null
    },
    {
      "name": "noise 155 | SCCM | wmic inventory",
      "event": "{\"win\":{\"system\":{\"providerName\":\"Microsoft-Windows-Sysmon\",\"providerGuid\":\"{5770385f-c22a-43e0-bf4c-06f5698ffbd9}\",\"eventID\":\"1\",\"version\":\"5\",\"level\":\"4\",\"task\":\"1\",\"opcode\":\"0\",\"keywords\":\"0x8000000000000000\",\"systemTime\":\"2026-08-19T03:26:13.516264096Z\",\"eventRecordID\":\"549254\",\"channel\":\"Microsoft-Windows-Sysmon/Operational\",\"computer\":\"kingslanding.sevenkingdoms.local\",\"severityValue\":\"INFORMATION\"},\"eventdata\":{\"utcTime\":\"2026-08-19 03:26:13.516\",\"processGuid\":\"{fd4ad5c2-0359-8106-82d6-000000000001}\",\"processId\":\"3226\",\"image\":\"C:\\\\Windows\\\\System32\\\\wmic.exe\",\"commandLine\":\"wmic path win32_computersystem product get name\",\"currentDirectory\":\"C:\\\\Windows\\\\CCM\\\\\",\"user\":\"NT AUTHORITY\\\\SYSTEM\",\"parentProcessGuid\":\"{03999d84-8c2e-7bbe-702b-000000000002}\",\"parentProcessId\":\"2356\",\"parentImage\":\"C:\\\\Windows\\\\CCM\\\\CcmExec.exe\",\"parentCommandLine\":\"C:\\\\Windows\\\\CCM\\\\CcmExec.exe -service\",\"hashes\":\"MD5=0BBEA9C5DFA3B21E496EB133F02A042B,SHA256=22312883269B5B6AAE8A0E4D0EB6BF6912A204A16D684B7AD81535A1A923001A,IMPHASH=AD4EF768A5A9D4FA78F680FA0DF56583\"}}}",
      "expect": {
        "alert": false
      },
      "category": "noise",
      "attack": null,
      "evasion": false,
      "expected_rule_id": 100251,
      "expected_level": 0,
      "mitre_id": null
    },
    {
      "name": "noise 156 | SCCM | powershell Get-WmiObject",
      "event": "{\"win\":{\"system\":{\"providerName\":\"Microsoft-Windows-Sysmon\",\"providerGuid\":\"{5770385f-c22a-43e0-bf4c-06f5698ffbd9}\",\"eventID\":\"1\",\"version\":\"5\",\"level\":\"4\",\"task\":\"1\",\"opcode\":\"0\",\"keywords\":\"0x8000000000000000\",\"systemTime\":\"2026-08-19T03:27:30.743560761Z\",\"eventRecordID\":\"549255\",\"channel\":\"Microsoft-Windows-Sysmon/Operational\",\"computer\":\"kingslanding.sevenkingdoms.local\",\"severityValue\":\"INFORMATION\"},\"eventdata\":{\"utcTime\":\"2026-08-19 03:27:30.743\",\"processGuid\":\"{051995f2-ab96-0f16-cf17-000000000004}\",\"processId\":\"3973\",\"image\":\"C:\\\\Windows\\\\System32\\\\WindowsPowerShell\\\\v1.0\\\\powershell.exe\",\"commandLine\":\"powershell.exe -NoProfile -Command \\\"Get-WmiObject Win32_Service\\\"\",\"currentDirectory\":\"C:\\\\Windows\\\\CCM\\\\\",\"user\":\"NT AUTHORITY\\\\SYSTEM\",\"parentProcessGuid\":\"{03999d84-8c2e-7bbe-702b-000000000002}\",\"parentProcessId\":\"2356\",\"parentImage\":\"C:\\\\Windows\\\\CCM\\\\CcmExec.exe\",\"parentCommandLine\":\"\\\"C:\\\\Windows\\\\CCM\\\\CcmExec.exe\\\"\",\"hashes\":\"MD5=52A2D1D53AB7B54E6107FD5ACBDFFB15,SHA256=99C8275678FE526419811BC64793F96B0D55627558DFBBF37E4B9A9C4EEE61E1,IMPHASH=BA9BA9BB26C1A2513FD776DAAC02773E\"}}}",
      "expect": {
        "alert": false
      },
      "category": "noise",
      "attack": null,
      "evasion": false,
      "expected_rule_id": 100251,
      "expected_level": 0,
      "mitre_id": null
    },
    {
      "name": "noise 157 | SCCM | wmic memory",
      "event": "{\"win\":{\"system\":{\"providerName\":\"Microsoft-Windows-Sysmon\",\"providerGuid\":\"{5770385f-c22a-43e0-bf4c-06f5698ffbd9}\",\"eventID\":\"1\",\"version\":\"5\",\"level\":\"4\",\"task\":\"1\",\"opcode\":\"0\",\"keywords\":\"0x8000000000000000\",\"systemTime\":\"2026-08-19T03:29:38.866503095Z\",\"eventRecordID\":\"549256\",\"channel\":\"Microsoft-Windows-Sysmon/Operational\",\"computer\":\"kingslanding.sevenkingdoms.local\",\"severityValue\":\"INFORMATION\"},\"eventdata\":{\"utcTime\":\"2026-08-19 03:29:38.866\",\"processGuid\":\"{fd4ad5c2-0359-8106-82d6-000000000001}\",\"processId\":\"3226\",\"image\":\"C:\\\\Windows\\\\System32\\\\wmic.exe\",\"commandLine\":\"wmic os get FreePhysicalMemory /Value\",\"currentDirectory\":\"C:\\\\Windows\\\\system32\\\\\",\"user\":\"NT AUTHORITY\\\\SYSTEM\",\"parentProcessGuid\":\"{03999d84-8c2e-7bbe-702b-000000000002}\",\"parentProcessId\":\"2356\",\"parentImage\":\"C:\\\\Windows\\\\CCM\\\\CcmExec.exe\",\"parentCommandLine\":\"\\\"C:\\\\Windows\\\\CCM\\\\CcmExec.exe\\\" -service -redirectWindowsUpdateLog\",\"hashes\":\"MD5=0BBEA9C5DFA3B21E496EB133F02A042B,SHA256=22312883269B5B6AAE8A0E4D0EB6BF6912A204A16D684B7AD81535A1A923001A,IMPHASH=AD4EF768A5A9D4FA78F680FA0DF56583\"}}}",
      "expect": {
        "alert": false
      },
      "category": "noise",
      "attack": null,
      "evasion": false,
      "expected_rule_id": 100251,
      "expected_level": 0,
      "mitre_id": null
    },
    {
      "name": "noise 158 | SCCM | wmic logicaldisk",
      "event": "{\"win\":{\"system\":{\"providerName\":\"Microsoft-Windows-Sysmon\",\"providerGuid\":\"{5770385f-c22a-43e0-bf4c-06f5698ffbd9}\",\"eventID\":\"1\",\"version\":\"5\",\"level\":\"4\",\"task\":\"1\",\"opcode\":\"0\",\"keywords\":\"0x8000000000000000\",\"systemTime\":\"2026-08-19T03:30:55.820320677Z\",\"eventRecordID\":\"549257\",\"channel\":\"Microsoft-Windows-Sysmon/Operational\",\"computer\":\"kingslanding.sevenkingdoms.local\",\"severityValue\":\"INFORMATION\"},\"eventdata\":{\"utcTime\":\"2026-08-19 03:30:55.820\",\"processGuid\":\"{fd4ad5c2-0359-8106-82d6-000000000001}\",\"processId\":\"3226\",\"image\":\"C:\\\\Windows\\\\System32\\\\wmic.exe\",\"commandLine\":\"wmic logicaldisk get caption,size,freespace\",\"currentDirectory\":\"C:\\\\Windows\\\\CCM\\\\\",\"user\":\"NT AUTHORITY\\\\SYSTEM\",\"parentProcessGuid\":\"{03999d84-8c2e-7bbe-702b-000000000002}\",\"parentProcessId\":\"2356\",\"parentImage\":\"C:\\\\Windows\\\\CCM\\\\CcmExec.exe\",\"parentCommandLine\":\"\\\"C:\\\\Windows\\\\CCM\\\\CcmExec.exe\\\"\",\"hashes\":\"MD5=0BBEA9C5DFA3B21E496EB133F02A042B,SHA256=22312883269B5B6AAE8A0E4D0EB6BF6912A204A16D684B7AD81535A1A923001A,IMPHASH=AD4EF768A5A9D4FA78F680FA0DF56583\"}}}",
      "expect": {
        "alert": false
      },
      "category": "noise",
      "attack": null,
      "evasion": false,
      "expected_rule_id": 100251,
      "expected_level": 0,
      "mitre_id": null
    },
    {
      "name": "noise 159 | SCCM | wmic inventory",
      "event": "{\"win\":{\"system\":{\"providerName\":\"Microsoft-Windows-Sysmon\",\"providerGuid\":\"{5770385f-c22a-43e0-bf4c-06f5698ffbd9}\",\"eventID\":\"1\",\"version\":\"5\",\"level\":\"4\",\"task\":\"1\",\"opcode\":\"0\",\"keywords\":\"0x8000000000000000\",\"systemTime\":\"2026-08-19T03:31:29.615808736Z\",\"eventRecordID\":\"549258\",\"channel\":\"Microsoft-Windows-Sysmon/Operational\",\"computer\":\"kingslanding.sevenkingdoms.local\",\"severityValue\":\"INFORMATION\"},\"eventdata\":{\"utcTime\":\"2026-08-19 03:31:29.615\",\"processGuid\":\"{fd4ad5c2-0359-8106-82d6-000000000001}\",\"processId\":\"3226\",\"image\":\"C:\\\\Windows\\\\System32\\\\wmic.exe\",\"commandLine\":\"wmic path win32_computersystem product get name\",\"currentDirectory\":\"C:\\\\Windows\\\\system32\\\\\",\"user\":\"NT AUTHORITY\\\\SYSTEM\",\"parentProcessGuid\":\"{03999d84-8c2e-7bbe-702b-000000000002}\",\"parentProcessId\":\"2356\",\"parentImage\":\"C:\\\\Windows\\\\CCM\\\\CcmExec.exe\",\"parentCommandLine\":\"\\\"C:\\\\Windows\\\\CCM\\\\CcmExec.exe\\\" -service -redirectWindowsUpdateLog\",\"hashes\":\"MD5=0BBEA9C5DFA3B21E496EB133F02A042B,SHA256=22312883269B5B6AAE8A0E4D0EB6BF6912A204A16D684B7AD81535A1A923001A,IMPHASH=AD4EF768A5A9D4FA78F680FA0DF56583\"}}}",
      "expect": {
        "alert": false
      },
      "category": "noise",
      "attack": null,
      "evasion": false,
      "expected_rule_id": 100251,
      "expected_level": 0,
      "mitre_id": null
    },
    {
      "name": "noise 160 | SCCM | cmd wmic memory",
      "event": "{\"win\":{\"system\":{\"providerName\":\"Microsoft-Windows-Sysmon\",\"providerGuid\":\"{5770385f-c22a-43e0-bf4c-06f5698ffbd9}\",\"eventID\":\"1\",\"version\":\"5\",\"level\":\"4\",\"task\":\"1\",\"opcode\":\"0\",\"keywords\":\"0x8000000000000000\",\"systemTime\":\"2026-08-19T03:32:59.531482168Z\",\"eventRecordID\":\"549259\",\"channel\":\"Microsoft-Windows-Sysmon/Operational\",\"computer\":\"kingslanding.sevenkingdoms.local\",\"severityValue\":\"INFORMATION\"},\"eventdata\":{\"utcTime\":\"2026-08-19 03:32:59.531\",\"processGuid\":\"{11491d82-c4b3-35a1-0a67-000000000003}\",\"processId\":\"6145\",\"image\":\"C:\\\\Windows\\\\System32\\\\cmd.exe\",\"commandLine\":\"cmd.exe /c \\\"wmic os get FreePhysicalMemory /Value\\\"\",\"currentDirectory\":\"C:\\\\Windows\\\\CCM\\\\\",\"user\":\"NT AUTHORITY\\\\SYSTEM\",\"parentProcessGuid\":\"{03999d84-8c2e-7bbe-702b-000000000002}\",\"parentProcessId\":\"2356\",\"parentImage\":\"C:\\\\Windows\\\\CCM\\\\CcmExec.exe\",\"parentCommandLine\":\"\\\"C:\\\\Windows\\\\CCM\\\\CcmExec.exe\\\" -service -redirectWindowsUpdateLog\",\"hashes\":\"MD5=AD4F0121E05E45568A2E62DF8F91BF81,SHA256=454CFEEA347FDC3F0ACB885CFB4B031166A2387FAB14C4D4A5008AE16181F80E,IMPHASH=D3F8F91898C22767183D2C65A8BA9A98\"}}}",
      "expect": {
        "alert": false
      },
      "category": "noise",
      "attack": null,
      "evasion": false,
      "expected_rule_id": 100251,
      "expected_level": 0,
      "mitre_id": null
    },
