    {
      "name": "noise 097 | SCCM | cmd wmic products",
      "event": "{\"win\":{\"system\":{\"providerName\":\"Microsoft-Windows-Sysmon\",\"providerGuid\":\"{5770385f-c22a-43e0-bf4c-06f5698ffbd9}\",\"eventID\":\"1\",\"version\":\"5\",\"level\":\"4\",\"task\":\"1\",\"opcode\":\"0\",\"keywords\":\"0x8000000000000000\",\"systemTime\":\"2026-08-19T02:08:32.254621293Z\",\"eventRecordID\":\"549196\",\"channel\":\"Microsoft-Windows-Sysmon/Operational\",\"computer\":\"kingslanding.sevenkingdoms.local\",\"severityValue\":\"INFORMATION\"},\"eventdata\":{\"utcTime\":\"2026-08-19 02:08:32.254\",\"processGuid\":\"{11491d82-c4b3-35a1-0a67-000000000003}\",\"processId\":\"6145\",\"image\":\"C:\\\\Windows\\\\System32\\\\cmd.exe\",\"commandLine\":\"cmd.exe /c wmic path win32_product get name\",\"currentDirectory\":\"C:\\\\Windows\\\\CCM\\\\\",\"user\":\"NT AUTHORITY\\\\SYSTEM\",\"parentProcessGuid\":\"{03999d84-8c2e-7bbe-702b-000000000002}\",\"parentProcessId\":\"2356\",\"parentImage\":\"C:\\\\Windows\\\\CCM\\\\CcmExec.exe\",\"parentCommandLine\":\"\\\"C:\\\\Windows\\\\CCM\\\\CcmExec.exe\\\"\",\"hashes\":\"MD5=AD4F0121E05E45568A2E62DF8F91BF81,SHA256=454CFEEA347FDC3F0ACB885CFB4B031166A2387FAB14C4D4A5008AE16181F80E,IMPHASH=D3F8F91898C22767183D2C65A8BA9A98\"}}}",
      "expect": {
        "alert": false
      },
      "category": "noise",
      "attack": null,
      "evasion": false,
      "expected_rule_id": 100251,
      "expected_level": 0,
      "mitre_id": null
    },
    {
      "name": "noise 098 | SCCM | powershell Get-WmiObject",
      "event": "{\"win\":{\"system\":{\"providerName\":\"Microsoft-Windows-Sysmon\",\"providerGuid\":\"{5770385f-c22a-43e0-bf4c-06f5698ffbd9}\",\"eventID\":\"1\",\"version\":\"5\",\"level\":\"4\",\"task\":\"1\",\"opcode\":\"0\",\"keywords\":\"0x8000000000000000\",\"systemTime\":\"2026-08-19T02:10:16.044552618Z\",\"eventRecordID\":\"549197\",\"channel\":\"Microsoft-Windows-Sysmon/Operational\",\"computer\":\"kingslanding.sevenkingdoms.local\",\"severityValue\":\"INFORMATION\"},\"eventdata\":{\"utcTime\":\"2026-08-19 02:10:16.044\",\"processGuid\":\"{051995f2-ab96-0f16-cf17-000000000004}\",\"processId\":\"3973\",\"image\":\"C:\\\\Windows\\\\System32\\\\WindowsPowerShell\\\\v1.0\\\\powershell.exe\",\"commandLine\":\"powershell.exe -NoProfile -Command \\\"Get-WmiObject Win32_ComputerSystem\\\"\",\"currentDirectory\":\"C:\\\\Windows\\\\CCM\\\\\",\"user\":\"NT AUTHORITY\\\\SYSTEM\",\"parentProcessGuid\":\"{03999d84-8c2e-7bbe-702b-000000000002}\",\"parentProcessId\":\"2356\",\"parentImage\":\"C:\\\\Windows\\\\CCM\\\\CcmExec.exe\",\"parentCommandLine\":\"\\\"C:\\\\Windows\\\\CCM\\\\CcmExec.exe\\\"\",\"hashes\":\"MD5=52A2D1D53AB7B54E6107FD5ACBDFFB15,SHA256=99C8275678FE526419811BC64793F96B0D55627558DFBBF37E4B9A9C4EEE61E1,IMPHASH=BA9BA9BB26C1A2513FD776DAAC02773E\"}}}",
      "expect": {
        "alert": false
      },
      "category": "noise",
      "attack": null,
      "evasion": false,
      "expected_rule_id": 100251,
      "expected_level": 0,
      "mitre_id": null
    },
    {
      "name": "noise 099 | SCCM | cmd wmic inventory",
      "event": "{\"win\":{\"system\":{\"providerName\":\"Microsoft-Windows-Sysmon\",\"providerGuid\":\"{5770385f-c22a-43e0-bf4c-06f5698ffbd9}\",\"eventID\":\"1\",\"version\":\"5\",\"level\":\"4\",\"task\":\"1\",\"opcode\":\"0\",\"keywords\":\"0x8000000000000000\",\"systemTime\":\"2026-08-19T02:11:46.047176603Z\",\"eventRecordID\":\"549198\",\"channel\":\"Microsoft-Windows-Sysmon/Operational\",\"computer\":\"kingslanding.sevenkingdoms.local\",\"severityValue\":\"INFORMATION\"},\"eventdata\":{\"utcTime\":\"2026-08-19 02:11:46.047\",\"processGuid\":\"{11491d82-c4b3-35a1-0a67-000000000003}\",\"processId\":\"6145\",\"image\":\"C:\\\\Windows\\\\System32\\\\cmd.exe\",\"commandLine\":\"cmd.exe /c \\\"wmic computersystem get name,domain /format:list\\\"\",\"currentDirectory\":\"C:\\\\Windows\\\\system32\\\\\",\"user\":\"NT AUTHORITY\\\\SYSTEM\",\"parentProcessGuid\":\"{03999d84-8c2e-7bbe-702b-000000000002}\",\"parentProcessId\":\"2356\",\"parentImage\":\"C:\\\\Windows\\\\CCM\\\\CcmExec.exe\",\"parentCommandLine\":\"C:\\\\Windows\\\\CCM\\\\CcmExec.exe -service\",\"hashes\":\"MD5=AD4F0121E05E45568A2E62DF8F91BF81,SHA256=454CFEEA347FDC3F0ACB885CFB4B031166A2387FAB14C4D4A5008AE16181F80E,IMPHASH=D3F8F91898C22767183D2C65A8BA9A98\"}}}",
      "expect": {
        "alert": false
      },
      "category": "noise",
      "attack": null,
      "evasion": false,
      "expected_rule_id": 100251,
      "expected_level": 0,
      "mitre_id": null
    },
    {
      "name": "noise 100 | SCCM | wmic inventory",
      "event": "{\"win\":{\"system\":{\"providerName\":\"Microsoft-Windows-Sysmon\",\"providerGuid\":\"{5770385f-c22a-43e0-bf4c-06f5698ffbd9}\",\"eventID\":\"1\",\"version\":\"5\",\"level\":\"4\",\"task\":\"1\",\"opcode\":\"0\",\"keywords\":\"0x8000000000000000\",\"systemTime\":\"2026-08-19T02:12:59.683354292Z\",\"eventRecordID\":\"549199\",\"channel\":\"Microsoft-Windows-Sysmon/Operational\",\"computer\":\"kingslanding.sevenkingdoms.local\",\"severityValue\":\"INFORMATION\"},\"eventdata\":{\"utcTime\":\"2026-08-19 02:12:59.683\",\"processGuid\":\"{fd4ad5c2-0359-8106-82d6-000000000001}\",\"processId\":\"3226\",\"image\":\"C:\\\\Windows\\\\System32\\\\wmic.exe\",\"commandLine\":\"wmic path win32_computersystem product get name\",\"currentDirectory\":\"C:\\\\Windows\\\\system32\\\\\",\"user\":\"NT AUTHORITY\\\\SYSTEM\",\"parentProcessGuid\":\"{03999d84-8c2e-7bbe-702b-000000000002}\",\"parentProcessId\":\"2356\",\"parentImage\":\"C:\\\\Windows\\\\CCM\\\\CcmExec.exe\",\"parentCommandLine\":\"\\\"C:\\\\Windows\\\\CCM\\\\CcmExec.exe\\\" -service -redirectWindowsUpdateLog\",\"hashes\":\"MD5=0BBEA9C5DFA3B21E496EB133F02A042B,SHA256=22312883269B5B6AAE8A0E4D0EB6BF6912A204A16D684B7AD81535A1A923001A,IMPHASH=AD4EF768A5A9D4FA78F680FA0DF56583\"}}}",
      "expect": {
        "alert": false
      },
      "category": "noise",
      "attack": null,
      "evasion": false,
      "expected_rule_id": 100251,
      "expected_level": 0,
      "mitre_id": null
    },
    {
      "name": "noise 101 | SCCM | wmic logicaldisk",
      "event": "{\"win\":{\"system\":{\"providerName\":\"Microsoft-Windows-Sysmon\",\"providerGuid\":\"{5770385f-c22a-43e0-bf4c-06f5698ffbd9}\",\"eventID\":\"1\",\"version\":\"5\",\"level\":\"4\",\"task\":\"1\",\"opcode\":\"0\",\"keywords\":\"0x8000000000000000\",\"systemTime\":\"2026-08-19T02:14:17.030216250Z\",\"eventRecordID\":\"549200\",\"channel\":\"Microsoft-Windows-Sysmon/Operational\",\"computer\":\"kingslanding.sevenkingdoms.local\",\"severityValue\":\"INFORMATION\"},\"eventdata\":{\"utcTime\":\"2026-08-19 02:14:17.030\",\"processGuid\":\"{fd4ad5c2-0359-8106-82d6-000000000001}\",\"processId\":\"3226\",\"image\":\"C:\\\\Windows\\\\System32\\\\wmic.exe\",\"commandLine\":\"wmic logicaldisk get caption,size,freespace\",\"currentDirectory\":\"C:\\\\Windows\\\\system32\\\\\",\"user\":\"NT AUTHORITY\\\\SYSTEM\",\"parentProcessGuid\":\"{03999d84-8c2e-7bbe-702b-000000000002}\",\"parentProcessId\":\"2356\",\"parentImage\":\"C:\\\\Windows\\\\CCM\\\\CcmExec.exe\",\"parentCommandLine\":\"\\\"C:\\\\Windows\\\\CCM\\\\CcmExec.exe\\\" -service -redirectWindowsUpdateLog\",\"hashes\":\"MD5=0BBEA9C5DFA3B21E496EB133F02A042B,SHA256=22312883269B5B6AAE8A0E4D0EB6BF6912A204A16D684B7AD81535A1A923001A,IMPHASH=AD4EF768A5A9D4FA78F680FA0DF56583\"}}}",
      "expect": {
        "alert": false
      },
      "category": "noise",
      "attack": null,
      "evasion": false,
      "expected_rule_id": 100251,
      "expected_level": 0,
      "mitre_id": null
    },
    {
      "name": "noise 102 | SCCM | powershell Get-WmiObject",
      "event": "{\"win\":{\"system\":{\"providerName\":\"Microsoft-Windows-Sysmon\",\"providerGuid\":\"{5770385f-c22a-43e0-bf4c-06f5698ffbd9}\",\"eventID\":\"1\",\"version\":\"5\",\"level\":\"4\",\"task\":\"1\",\"opcode\":\"0\",\"keywords\":\"0x8000000000000000\",\"systemTime\":\"2026-08-19T02:15:05.822101647Z\",\"eventRecordID\":\"549201\",\"channel\":\"Microsoft-Windows-Sysmon/Operational\",\"computer\":\"kingslanding.sevenkingdoms.local\",\"severityValue\":\"INFORMATION\"},\"eventdata\":{\"utcTime\":\"2026-08-19 02:15:05.822\",\"processGuid\":\"{051995f2-ab96-0f16-cf17-000000000004}\",\"processId\":\"3973\",\"image\":\"C:\\\\Windows\\\\System32\\\\WindowsPowerShell\\\\v1.0\\\\powershell.exe\",\"commandLine\":\"powershell.exe -NoLogo -NoProfile -Command \\\"Get-WmiObject Win32_LogicalDisk\\\"\",\"currentDirectory\":\"C:\\\\Windows\\\\system32\\\\\",\"user\":\"NT AUTHORITY\\\\SYSTEM\",\"parentProcessGuid\":\"{03999d84-8c2e-7bbe-702b-000000000002}\",\"parentProcessId\":\"2356\",\"parentImage\":\"C:\\\\Windows\\\\CCM\\\\CcmExec.exe\",\"parentCommandLine\":\"\\\"C:\\\\Windows\\\\CCM\\\\CcmExec.exe\\\"\",\"hashes\":\"MD5=52A2D1D53AB7B54E6107FD5ACBDFFB15,SHA256=99C8275678FE526419811BC64793F96B0D55627558DFBBF37E4B9A9C4EEE61E1,IMPHASH=BA9BA9BB26C1A2513FD776DAAC02773E\"}}}",
      "expect": {
        "alert": false
      },
      "category": "noise",
      "attack": null,
      "evasion": false,
      "expected_rule_id": 100251,
      "expected_level": 0,
      "mitre_id": null
    },
    {
      "name": "noise 103 | SCCM | wmic domain",
      "event": "{\"win\":{\"system\":{\"providerName\":\"Microsoft-Windows-Sysmon\",\"providerGuid\":\"{5770385f-c22a-43e0-bf4c-06f5698ffbd9}\",\"eventID\":\"1\",\"version\":\"5\",\"level\":\"4\",\"task\":\"1\",\"opcode\":\"0\",\"keywords\":\"0x8000000000000000\",\"systemTime\":\"2026-08-19T02:16:30.499875986Z\",\"eventRecordID\":\"549202\",\"channel\":\"Microsoft-Windows-Sysmon/Operational\",\"computer\":\"kingslanding.sevenkingdoms.local\",\"severityValue\":\"INFORMATION\"},\"eventdata\":{\"utcTime\":\"2026-08-19 02:16:30.499\",\"processGuid\":\"{fd4ad5c2-0359-8106-82d6-000000000001}\",\"processId\":\"3226\",\"image\":\"C:\\\\Windows\\\\System32\\\\wmic.exe\",\"commandLine\":\"wmic path win32_computersystem get domain,username\",\"currentDirectory\":\"C:\\\\Windows\\\\system32\\\\\",\"user\":\"NT AUTHORITY\\\\SYSTEM\",\"parentProcessGuid\":\"{03999d84-8c2e-7bbe-702b-000000000002}\",\"parentProcessId\":\"2356\",\"parentImage\":\"C:\\\\Windows\\\\CCM\\\\CcmExec.exe\",\"parentCommandLine\":\"\\\"C:\\\\Windows\\\\CCM\\\\CcmExec.exe\\\"\",\"hashes\":\"MD5=0BBEA9C5DFA3B21E496EB133F02A042B,SHA256=22312883269B5B6AAE8A0E4D0EB6BF6912A204A16D684B7AD81535A1A923001A,IMPHASH=AD4EF768A5A9D4FA78F680FA0DF56583\"}}}",
      "expect": {
        "alert": false
      },
      "category": "noise",
      "attack": null,
      "evasion": false,
      "expected_rule_id": 100251,
      "expected_level": 0,
      "mitre_id": null
    },
    {
      "name": "noise 104 | SCCM | wmic domain",
      "event": "{\"win\":{\"system\":{\"providerName\":\"Microsoft-Windows-Sysmon\",\"providerGuid\":\"{5770385f-c22a-43e0-bf4c-06f5698ffbd9}\",\"eventID\":\"1\",\"version\":\"5\",\"level\":\"4\",\"task\":\"1\",\"opcode\":\"0\",\"keywords\":\"0x8000000000000000\",\"systemTime\":\"2026-08-19T02:17:59.536765172Z\",\"eventRecordID\":\"549203\",\"channel\":\"Microsoft-Windows-Sysmon/Operational\",\"computer\":\"kingslanding.sevenkingdoms.local\",\"severityValue\":\"INFORMATION\"},\"eventdata\":{\"utcTime\":\"2026-08-19 02:17:59.536\",\"processGuid\":\"{fd4ad5c2-0359-8106-82d6-000000000001}\",\"processId\":\"3226\",\"image\":\"C:\\\\Windows\\\\System32\\\\wmic.exe\",\"commandLine\":\"wmic path win32_computersystem get domain,username\",\"currentDirectory\":\"C:\\\\Windows\\\\system32\\\\\",\"user\":\"NT AUTHORITY\\\\SYSTEM\",\"parentProcessGuid\":\"{03999d84-8c2e-7bbe-702b-000000000002}\",\"parentProcessId\":\"2356\",\"parentImage\":\"C:\\\\Windows\\\\CCM\\\\CcmExec.exe\",\"parentCommandLine\":\"C:\\\\Windows\\\\CCM\\\\CcmExec.exe -service\",\"hashes\":\"MD5=0BBEA9C5DFA3B21E496EB133F02A042B,SHA256=22312883269B5B6AAE8A0E4D0EB6BF6912A204A16D684B7AD81535A1A923001A,IMPHASH=AD4EF768A5A9D4FA78F680FA0DF56583\"}}}",
      "expect": {
        "alert": false
      },
      "category": "noise",
      "attack": null,
      "evasion": false,
      "expected_rule_id": 100251,
      "expected_level": 0,
      "mitre_id": null
    },
    {
      "name": "noise 105 | SCCM | wmic logicaldisk",
      "event": "{\"win\":{\"system\":{\"providerName\":\"Microsoft-Windows-Sysmon\",\"providerGuid\":\"{5770385f-c22a-43e0-bf4c-06f5698ffbd9}\",\"eventID\":\"1\",\"version\":\"5\",\"level\":\"4\",\"task\":\"1\",\"opcode\":\"0\",\"keywords\":\"0x8000000000000000\",\"systemTime\":\"2026-08-19T02:20:18.354234334Z\",\"eventRecordID\":\"549204\",\"channel\":\"Microsoft-Windows-Sysmon/Operational\",\"computer\":\"kingslanding.sevenkingdoms.local\",\"severityValue\":\"INFORMATION\"},\"eventdata\":{\"utcTime\":\"2026-08-19 02:20:18.354\",\"processGuid\":\"{fd4ad5c2-0359-8106-82d6-000000000001}\",\"processId\":\"3226\",\"image\":\"C:\\\\Windows\\\\System32\\\\wmic.exe\",\"commandLine\":\"wmic logicaldisk get caption,size,freespace\",\"currentDirectory\":\"C:\\\\Windows\\\\CCM\\\\\",\"user\":\"NT AUTHORITY\\\\SYSTEM\",\"parentProcessGuid\":\"{03999d84-8c2e-7bbe-702b-000000000002}\",\"parentProcessId\":\"2356\",\"parentImage\":\"C:\\\\Windows\\\\CCM\\\\CcmExec.exe\",\"parentCommandLine\":\"\\\"C:\\\\Windows\\\\CCM\\\\CcmExec.exe\\\" -service -redirectWindowsUpdateLog\",\"hashes\":\"MD5=0BBEA9C5DFA3B21E496EB133F02A042B,SHA256=22312883269B5B6AAE8A0E4D0EB6BF6912A204A16D684B7AD81535A1A923001A,IMPHASH=AD4EF768A5A9D4FA78F680FA0DF56583\"}}}",
      "expect": {
        "alert": false
      },
      "category": "noise",
      "attack": null,
      "evasion": false,
      "expected_rule_id": 100251,
      "expected_level": 0,
      "mitre_id": null
    },
    {
      "name": "noise 106 | SCCM | wmic memory",
      "event": "{\"win\":{\"system\":{\"providerName\":\"Microsoft-Windows-Sysmon\",\"providerGuid\":\"{5770385f-c22a-43e0-bf4c-06f5698ffbd9}\",\"eventID\":\"1\",\"version\":\"5\",\"level\":\"4\",\"task\":\"1\",\"opcode\":\"0\",\"keywords\":\"0x8000000000000000\",\"systemTime\":\"2026-08-19T02:21:21.753079359Z\",\"eventRecordID\":\"549205\",\"channel\":\"Microsoft-Windows-Sysmon/Operational\",\"computer\":\"kingslanding.sevenkingdoms.local\",\"severityValue\":\"INFORMATION\"},\"eventdata\":{\"utcTime\":\"2026-08-19 02:21:21.753\",\"processGuid\":\"{fd4ad5c2-0359-8106-82d6-000000000001}\",\"processId\":\"3226\",\"image\":\"C:\\\\Windows\\\\System32\\\\wmic.exe\",\"commandLine\":\"wmic os get FreePhysicalMemory /Value\",\"currentDirectory\":\"C:\\\\Windows\\\\CCM\\\\\",\"user\":\"NT AUTHORITY\\\\SYSTEM\",\"parentProcessGuid\":\"{03999d84-8c2e-7bbe-702b-000000000002}\",\"parentProcessId\":\"2356\",\"parentImage\":\"C:\\\\Windows\\\\CCM\\\\CcmExec.exe\",\"parentCommandLine\":\"C:\\\\Windows\\\\CCM\\\\CcmExec.exe -service\",\"hashes\":\"MD5=0BBEA9C5DFA3B21E496EB133F02A042B,SHA256=22312883269B5B6AAE8A0E4D0EB6BF6912A204A16D684B7AD81535A1A923001A,IMPHASH=AD4EF768A5A9D4FA78F680FA0DF56583\"}}}",
      "expect": {
        "alert": false
      },
      "category": "noise",
      "attack": null,
      "evasion": false,
      "expected_rule_id": 100251,
      "expected_level": 0,
      "mitre_id": null
    },
    {
      "name": "noise 107 | SCCM | cmd wmic products",
      "event": "{\"win\":{\"system\":{\"providerName\":\"Microsoft-Windows-Sysmon\",\"providerGuid\":\"{5770385f-c22a-43e0-bf4c-06f5698ffbd9}\",\"eventID\":\"1\",\"version\":\"5\",\"level\":\"4\",\"task\":\"1\",\"opcode\":\"0\",\"keywords\":\"0x8000000000000000\",\"systemTime\":\"2026-08-19T02:22:15.599311907Z\",\"eventRecordID\":\"549206\",\"channel\":\"Microsoft-Windows-Sysmon/Operational\",\"computer\":\"kingslanding.sevenkingdoms.local\",\"severityValue\":\"INFORMATION\"},\"eventdata\":{\"utcTime\":\"2026-08-19 02:22:15.599\",\"processGuid\":\"{11491d82-c4b3-35a1-0a67-000000000003}\",\"processId\":\"6145\",\"image\":\"C:\\\\Windows\\\\System32\\\\cmd.exe\",\"commandLine\":\"cmd.exe /c wmic path win32_product get name\",\"currentDirectory\":\"C:\\\\Windows\\\\system32\\\\\",\"user\":\"NT AUTHORITY\\\\SYSTEM\",\"parentProcessGuid\":\"{03999d84-8c2e-7bbe-702b-000000000002}\",\"parentProcessId\":\"2356\",\"parentImage\":\"C:\\\\Windows\\\\CCM\\\\CcmExec.exe\",\"parentCommandLine\":\"\\\"C:\\\\Windows\\\\CCM\\\\CcmExec.exe\\\" -service -redirectWindowsUpdateLog\",\"hashes\":\"MD5=AD4F0121E05E45568A2E62DF8F91BF81,SHA256=454CFEEA347FDC3F0ACB885CFB4B031166A2387FAB14C4D4A5008AE16181F80E,IMPHASH=D3F8F91898C22767183D2C65A8BA9A98\"}}}",
      "expect": {
        "alert": false
      },
      "category": "noise",
      "attack": null,
      "evasion": false,
      "expected_rule_id": 100251,
      "expected_level": 0,
      "mitre_id": null
    },
    {
      "name": "noise 108 | SCCM | powershell Get-WmiObject",
      "event": "{\"win\":{\"system\":{\"providerName\":\"Microsoft-Windows-Sysmon\",\"providerGuid\":\"{5770385f-c22a-43e0-bf4c-06f5698ffbd9}\",\"eventID\":\"1\",\"version\":\"5\",\"level\":\"4\",\"task\":\"1\",\"opcode\":\"0\",\"keywords\":\"0x8000000000000000\",\"systemTime\":\"2026-08-19T02:23:18.891619678Z\",\"eventRecordID\":\"549207\",\"channel\":\"Microsoft-Windows-Sysmon/Operational\",\"computer\":\"kingslanding.sevenkingdoms.local\",\"severityValue\":\"INFORMATION\"},\"eventdata\":{\"utcTime\":\"2026-08-19 02:23:18.891\",\"processGuid\":\"{051995f2-ab96-0f16-cf17-000000000004}\",\"processId\":\"3973\",\"image\":\"C:\\\\Windows\\\\System32\\\\WindowsPowerShell\\\\v1.0\\\\powershell.exe\",\"commandLine\":\"powershell.exe -NoProfile -Command \\\"Get-WmiObject Win32_ComputerSystem\\\"\",\"currentDirectory\":\"C:\\\\Windows\\\\CCM\\\\\",\"user\":\"NT AUTHORITY\\\\SYSTEM\",\"parentProcessGuid\":\"{03999d84-8c2e-7bbe-702b-000000000002}\",\"parentProcessId\":\"2356\",\"parentImage\":\"C:\\\\Windows\\\\CCM\\\\CcmExec.exe\",\"parentCommandLine\":\"\\\"C:\\\\Windows\\\\CCM\\\\CcmExec.exe\\\"\",\"hashes\":\"MD5=52A2D1D53AB7B54E6107FD5ACBDFFB15,SHA256=99C8275678FE526419811BC64793F96B0D55627558DFBBF37E4B9A9C4EEE61E1,IMPHASH=BA9BA9BB26C1A2513FD776DAAC02773E\"}}}",
      "expect": {
        "alert": false
      },
      "category": "noise",
      "attack": null,
      "evasion": false,
      "expected_rule_id": 100251,
      "expected_level": 0,
      "mitre_id": null
    },
    {
      "name": "noise 109 | SCCM | powershell Get-WmiObject",
      "event": "{\"win\":{\"system\":{\"providerName\":\"Microsoft-Windows-Sysmon\",\"providerGuid\":\"{5770385f-c22a-43e0-bf4c-06f5698ffbd9}\",\"eventID\":\"1\",\"version\":\"5\",\"level\":\"4\",\"task\":\"1\",\"opcode\":\"0\",\"keywords\":\"0x8000000000000000\",\"systemTime\":\"2026-08-19T02:25:23.676008995Z\",\"eventRecordID\":\"549208\",\"channel\":\"Microsoft-Windows-Sysmon/Operational\",\"computer\":\"kingslanding.sevenkingdoms.local\",\"severityValue\":\"INFORMATION\"},\"eventdata\":{\"utcTime\":\"2026-08-19 02:25:23.676\",\"processGuid\":\"{051995f2-ab96-0f16-cf17-000000000004}\",\"processId\":\"3973\",\"image\":\"C:\\\\Windows\\\\System32\\\\WindowsPowerShell\\\\v1.0\\\\powershell.exe\",\"commandLine\":\"powershell.exe -NoLogo -NoProfile -Command \\\"Get-WmiObject Win32_LogicalDisk\\\"\",\"currentDirectory\":\"C:\\\\Windows\\\\system32\\\\\",\"user\":\"NT AUTHORITY\\\\SYSTEM\",\"parentProcessGuid\":\"{03999d84-8c2e-7bbe-702b-000000000002}\",\"parentProcessId\":\"2356\",\"parentImage\":\"C:\\\\Windows\\\\CCM\\\\CcmExec.exe\",\"parentCommandLine\":\"C:\\\\Windows\\\\CCM\\\\CcmExec.exe -service\",\"hashes\":\"MD5=52A2D1D53AB7B54E6107FD5ACBDFFB15,SHA256=99C8275678FE526419811BC64793F96B0D55627558DFBBF37E4B9A9C4EEE61E1,IMPHASH=BA9BA9BB26C1A2513FD776DAAC02773E\"}}}",
      "expect": {
        "alert": false
      },
      "category": "noise",
      "attack": null,
      "evasion": false,
      "expected_rule_id": 100251,
      "expected_level": 0,
      "mitre_id": null
    },
    {
      "name": "noise 110 | SCCM | cmd wmic products",
      "event": "{\"win\":{\"system\":{\"providerName\":\"Microsoft-Windows-Sysmon\",\"providerGuid\":\"{5770385f-c22a-43e0-bf4c-06f5698ffbd9}\",\"eventID\":\"1\",\"version\":\"5\",\"level\":\"4\",\"task\":\"1\",\"opcode\":\"0\",\"keywords\":\"0x8000000000000000\",\"systemTime\":\"2026-08-19T02:26:48.727384370Z\",\"eventRecordID\":\"549209\",\"channel\":\"Microsoft-Windows-Sysmon/Operational\",\"computer\":\"kingslanding.sevenkingdoms.local\",\"severityValue\":\"INFORMATION\"},\"eventdata\":{\"utcTime\":\"2026-08-19 02:26:48.727\",\"processGuid\":\"{11491d82-c4b3-35a1-0a67-000000000003}\",\"processId\":\"6145\",\"image\":\"C:\\\\Windows\\\\System32\\\\cmd.exe\",\"commandLine\":\"cmd.exe /c wmic path win32_product get name\",\"currentDirectory\":\"C:\\\\Windows\\\\system32\\\\\",\"user\":\"NT AUTHORITY\\\\SYSTEM\",\"parentProcessGuid\":\"{03999d84-8c2e-7bbe-702b-000000000002}\",\"parentProcessId\":\"2356\",\"parentImage\":\"C:\\\\Windows\\\\CCM\\\\CcmExec.exe\",\"parentCommandLine\":\"\\\"C:\\\\Windows\\\\CCM\\\\CcmExec.exe\\\" -service -redirectWindowsUpdateLog\",\"hashes\":\"MD5=AD4F0121E05E45568A2E62DF8F91BF81,SHA256=454CFEEA347FDC3F0ACB885CFB4B031166A2387FAB14C4D4A5008AE16181F80E,IMPHASH=D3F8F91898C22767183D2C65A8BA9A98\"}}}",
      "expect": {
        "alert": false
      },
      "category": "noise",
      "attack": null,
      "evasion": false,
      "expected_rule_id": 100251,
      "expected_level": 0,
      "mitre_id": null
    },
    {
      "name": "noise 111 | SCCM | wmic domain",
      "event": "{\"win\":{\"system\":{\"providerName\":\"Microsoft-Windows-Sysmon\",\"providerGuid\":\"{5770385f-c22a-43e0-bf4c-06f5698ffbd9}\",\"eventID\":\"1\",\"version\":\"5\",\"level\":\"4\",\"task\":\"1\",\"opcode\":\"0\",\"keywords\":\"0x8000000000000000\",\"systemTime\":\"2026-08-19T02:27:56.834532996Z\",\"eventRecordID\":\"549210\",\"channel\":\"Microsoft-Windows-Sysmon/Operational\",\"computer\":\"kingslanding.sevenkingdoms.local\",\"severityValue\":\"INFORMATION\"},\"eventdata\":{\"utcTime\":\"2026-08-19 02:27:56.834\",\"processGuid\":\"{fd4ad5c2-0359-8106-82d6-000000000001}\",\"processId\":\"3226\",\"image\":\"C:\\\\Windows\\\\System32\\\\wmic.exe\",\"commandLine\":\"wmic path win32_computersystem get domain,username\",\"currentDirectory\":\"C:\\\\Windows\\\\system32\\\\\",\"user\":\"NT AUTHORITY\\\\SYSTEM\",\"parentProcessGuid\":\"{03999d84-8c2e-7bbe-702b-000000000002}\",\"parentProcessId\":\"2356\",\"parentImage\":\"C:\\\\Windows\\\\CCM\\\\CcmExec.exe\",\"parentCommandLine\":\"\\\"C:\\\\Windows\\\\CCM\\\\CcmExec.exe\\\" -service -redirectWindowsUpdateLog\",\"hashes\":\"MD5=0BBEA9C5DFA3B21E496EB133F02A042B,SHA256=22312883269B5B6AAE8A0E4D0EB6BF6912A204A16D684B7AD81535A1A923001A,IMPHASH=AD4EF768A5A9D4FA78F680FA0DF56583\"}}}",
      "expect": {
        "alert": false
      },
      "category": "noise",
      "attack": null,
      "evasion": false,
      "expected_rule_id": 100251,
      "expected_level": 0,
      "mitre_id": null
    },
    {
      "name": "noise 112 | SCCM | wmic memory",
      "event": "{\"win\":{\"system\":{\"providerName\":\"Microsoft-Windows-Sysmon\",\"providerGuid\":\"{5770385f-c22a-43e0-bf4c-06f5698ffbd9}\",\"eventID\":\"1\",\"version\":\"5\",\"level\":\"4\",\"task\":\"1\",\"opcode\":\"0\",\"keywords\":\"0x8000000000000000\",\"systemTime\":\"2026-08-19T02:29:11.603720579Z\",\"eventRecordID\":\"549211\",\"channel\":\"Microsoft-Windows-Sysmon/Operational\",\"computer\":\"kingslanding.sevenkingdoms.local\",\"severityValue\":\"INFORMATION\"},\"eventdata\":{\"utcTime\":\"2026-08-19 02:29:11.603\",\"processGuid\":\"{fd4ad5c2-0359-8106-82d6-000000000001}\",\"processId\":\"3226\",\"image\":\"C:\\\\Windows\\\\System32\\\\wmic.exe\",\"commandLine\":\"wmic os get FreePhysicalMemory /Value\",\"currentDirectory\":\"C:\\\\Windows\\\\CCM\\\\\",\"user\":\"NT AUTHORITY\\\\SYSTEM\",\"parentProcessGuid\":\"{03999d84-8c2e-7bbe-702b-000000000002}\",\"parentProcessId\":\"2356\",\"parentImage\":\"C:\\\\Windows\\\\CCM\\\\CcmExec.exe\",\"parentCommandLine\":\"C:\\\\Windows\\\\CCM\\\\CcmExec.exe -service\",\"hashes\":\"MD5=0BBEA9C5DFA3B21E496EB133F02A042B,SHA256=22312883269B5B6AAE8A0E4D0EB6BF6912A204A16D684B7AD81535A1A923001A,IMPHASH=AD4EF768A5A9D4FA78F680FA0DF56583\"}}}",
      "expect": {
        "alert": false
      },
      "category": "noise",
      "attack": null,
      "evasion": false,
      "expected_rule_id": 100251,
      "expected_level": 0,
      "mitre_id": null
    },
    {
      "name": "noise 113 | SCCM | powershell Get-WmiObject",
      "event": "{\"win\":{\"system\":{\"providerName\":\"Microsoft-Windows-Sysmon\",\"providerGuid\":\"{5770385f-c22a-43e0-bf4c-06f5698ffbd9}\",\"eventID\":\"1\",\"version\":\"5\",\"level\":\"4\",\"task\":\"1\",\"opcode\":\"0\",\"keywords\":\"0x8000000000000000\",\"systemTime\":\"2026-08-19T02:29:44.281879708Z\",\"eventRecordID\":\"549212\",\"channel\":\"Microsoft-Windows-Sysmon/Operational\",\"computer\":\"kingslanding.sevenkingdoms.local\",\"severityValue\":\"INFORMATION\"},\"eventdata\":{\"utcTime\":\"2026-08-19 02:29:44.281\",\"processGuid\":\"{051995f2-ab96-0f16-cf17-000000000004}\",\"processId\":\"3973\",\"image\":\"C:\\\\Windows\\\\System32\\\\WindowsPowerShell\\\\v1.0\\\\powershell.exe\",\"commandLine\":\"powershell.exe -NoProfile -Command \\\"Get-WmiObject Win32_ComputerSystem\\\"\",\"currentDirectory\":\"C:\\\\Windows\\\\system32\\\\\",\"user\":\"NT AUTHORITY\\\\SYSTEM\",\"parentProcessGuid\":\"{03999d84-8c2e-7bbe-702b-000000000002}\",\"parentProcessId\":\"2356\",\"parentImage\":\"C:\\\\Windows\\\\CCM\\\\CcmExec.exe\",\"parentCommandLine\":\"\\\"C:\\\\Windows\\\\CCM\\\\CcmExec.exe\\\" -service -redirectWindowsUpdateLog\",\"hashes\":\"MD5=52A2D1D53AB7B54E6107FD5ACBDFFB15,SHA256=99C8275678FE526419811BC64793F96B0D55627558DFBBF37E4B9A9C4EEE61E1,IMPHASH=BA9BA9BB26C1A2513FD776DAAC02773E\"}}}",
      "expect": {
        "alert": false
      },
      "category": "noise",
      "attack": null,
      "evasion": false,
      "expected_rule_id": 100251,
      "expected_level": 0,
      "mitre_id": null
    },
    {
      "name": "noise 114 | SCCM | cmd wmic inventory",
      "event": "{\"win\":{\"system\":{\"providerName\":\"Microsoft-Windows-Sysmon\",\"providerGuid\":\"{5770385f-c22a-43e0-bf4c-06f5698ffbd9}\",\"eventID\":\"1\",\"version\":\"5\",\"level\":\"4\",\"task\":\"1\",\"opcode\":\"0\",\"keywords\":\"0x8000000000000000\",\"systemTime\":\"2026-08-19T02:31:33.975797523Z\",\"eventRecordID\":\"549213\",\"channel\":\"Microsoft-Windows-Sysmon/Operational\",\"computer\":\"kingslanding.sevenkingdoms.local\",\"severityValue\":\"INFORMATION\"},\"eventdata\":{\"utcTime\":\"2026-08-19 02:31:33.975\",\"processGuid\":\"{11491d82-c4b3-35a1-0a67-000000000003}\",\"processId\":\"6145\",\"image\":\"C:\\\\Windows\\\\System32\\\\cmd.exe\",\"commandLine\":\"cmd.exe /c \\\"wmic computersystem get name,domain /format:list\\\"\",\"currentDirectory\":\"C:\\\\Windows\\\\system32\\\\\",\"user\":\"NT AUTHORITY\\\\SYSTEM\",\"parentProcessGuid\":\"{03999d84-8c2e-7bbe-702b-000000000002}\",\"parentProcessId\":\"2356\",\"parentImage\":\"C:\\\\Windows\\\\CCM\\\\CcmExec.exe\",\"parentCommandLine\":\"\\\"C:\\\\Windows\\\\CCM\\\\CcmExec.exe\\\" -service -redirectWindowsUpdateLog\",\"hashes\":\"MD5=AD4F0121E05E45568A2E62DF8F91BF81,SHA256=454CFEEA347FDC3F0ACB885CFB4B031166A2387FAB14C4D4A5008AE16181F80E,IMPHASH=D3F8F91898C22767183D2C65A8BA9A98\"}}}",
      "expect": {
        "alert": false
      },
      "category": "noise",
      "attack": null,
      "evasion": false,
      "expected_rule_id": 100251,
      "expected_level": 0,
      "mitre_id": null
    },
    {
      "name": "noise 115 | SCCM | powershell Get-WmiObject",
      "event": "{\"win\":{\"system\":{\"providerName\":\"Microsoft-Windows-Sysmon\",\"providerGuid\":\"{5770385f-c22a-43e0-bf4c-06f5698ffbd9}\",\"eventID\":\"1\",\"version\":\"5\",\"level\":\"4\",\"task\":\"1\",\"opcode\":\"0\",\"keywords\":\"0x8000000000000000\",\"systemTime\":\"2026-08-19T02:33:21.041284301Z\",\"eventRecordID\":\"549214\",\"channel\":\"Microsoft-Windows-Sysmon/Operational\",\"computer\":\"kingslanding.sevenkingdoms.local\",\"severityValue\":\"INFORMATION\"},\"eventdata\":{\"utcTime\":\"2026-08-19 02:33:21.041\",\"processGuid\":\"{051995f2-ab96-0f16-cf17-000000000004}\",\"processId\":\"3973\",\"image\":\"C:\\\\Windows\\\\System32\\\\WindowsPowerShell\\\\v1.0\\\\powershell.exe\",\"commandLine\":\"powershell.exe -NoProfile -Command \\\"Get-WmiObject Win32_ComputerSystem\\\"\",\"currentDirectory\":\"C:\\\\Windows\\\\system32\\\\\",\"user\":\"NT AUTHORITY\\\\SYSTEM\",\"parentProcessGuid\":\"{03999d84-8c2e-7bbe-702b-000000000002}\",\"parentProcessId\":\"2356\",\"parentImage\":\"C:\\\\Windows\\\\CCM\\\\CcmExec.exe\",\"parentCommandLine\":\"\\\"C:\\\\Windows\\\\CCM\\\\CcmExec.exe\\\"\",\"hashes\":\"MD5=52A2D1D53AB7B54E6107FD5ACBDFFB15,SHA256=99C8275678FE526419811BC64793F96B0D55627558DFBBF37E4B9A9C4EEE61E1,IMPHASH=BA9BA9BB26C1A2513FD776DAAC02773E\"}}}",
      "expect": {
        "alert": false
      },
      "category": "noise",
      "attack": null,
      "evasion": false,
      "expected_rule_id": 100251,
      "expected_level": 0,
      "mitre_id": null
    },
    {
      "name": "noise 116 | SCCM | powershell Get-WmiObject",
      "event": "{\"win\":{\"system\":{\"providerName\":\"Microsoft-Windows-Sysmon\",\"providerGuid\":\"{5770385f-c22a-43e0-bf4c-06f5698ffbd9}\",\"eventID\":\"1\",\"version\":\"5\",\"level\":\"4\",\"task\":\"1\",\"opcode\":\"0\",\"keywords\":\"0x8000000000000000\",\"systemTime\":\"2026-08-19T02:34:49.011911648Z\",\"eventRecordID\":\"549215\",\"channel\":\"Microsoft-Windows-Sysmon/Operational\",\"computer\":\"kingslanding.sevenkingdoms.local\",\"severityValue\":\"INFORMATION\"},\"eventdata\":{\"utcTime\":\"2026-08-19 02:34:49.011\",\"processGuid\":\"{051995f2-ab96-0f16-cf17-000000000004}\",\"processId\":\"3973\",\"image\":\"C:\\\\Windows\\\\System32\\\\WindowsPowerShell\\\\v1.0\\\\powershell.exe\",\"commandLine\":\"powershell.exe -ExecutionPolicy Bypass -Command \\\"Get-WmiObject Win32_BIOS\\\"\",\"currentDirectory\":\"C:\\\\Windows\\\\system32\\\\\",\"user\":\"NT AUTHORITY\\\\SYSTEM\",\"parentProcessGuid\":\"{03999d84-8c2e-7bbe-702b-000000000002}\",\"parentProcessId\":\"2356\",\"parentImage\":\"C:\\\\Windows\\\\CCM\\\\CcmExec.exe\",\"parentCommandLine\":\"\\\"C:\\\\Windows\\\\CCM\\\\CcmExec.exe\\\"\",\"hashes\":\"MD5=52A2D1D53AB7B54E6107FD5ACBDFFB15,SHA256=99C8275678FE526419811BC64793F96B0D55627558DFBBF37E4B9A9C4EEE61E1,IMPHASH=BA9BA9BB26C1A2513FD776DAAC02773E\"}}}",
      "expect": {
        "alert": false
      },
      "category": "noise",
      "attack": null,
      "evasion": false,
      "expected_rule_id": 100251,
      "expected_level": 0,
      "mitre_id": null
    },
    {
      "name": "noise 117 | SCCM | cmd wmic products",
      "event": "{\"win\":{\"system\":{\"providerName\":\"Microsoft-Windows-Sysmon\",\"providerGuid\":\"{5770385f-c22a-43e0-bf4c-06f5698ffbd9}\",\"eventID\":\"1\",\"version\":\"5\",\"level\":\"4\",\"task\":\"1\",\"opcode\":\"0\",\"keywords\":\"0x8000000000000000\",\"systemTime\":\"2026-08-19T02:35:18.957625220Z\",\"eventRecordID\":\"549216\",\"channel\":\"Microsoft-Windows-Sysmon/Operational\",\"computer\":\"kingslanding.sevenkingdoms.local\",\"severityValue\":\"INFORMATION\"},\"eventdata\":{\"utcTime\":\"2026-08-19 02:35:18.957\",\"processGuid\":\"{11491d82-c4b3-35a1-0a67-000000000003}\",\"processId\":\"6145\",\"image\":\"C:\\\\Windows\\\\System32\\\\cmd.exe\",\"commandLine\":\"cmd.exe /c wmic path win32_product get name\",\"currentDirectory\":\"C:\\\\Windows\\\\system32\\\\\",\"user\":\"NT AUTHORITY\\\\SYSTEM\",\"parentProcessGuid\":\"{03999d84-8c2e-7bbe-702b-000000000002}\",\"parentProcessId\":\"2356\",\"parentImage\":\"C:\\\\Windows\\\\CCM\\\\CcmExec.exe\",\"parentCommandLine\":\"C:\\\\Windows\\\\CCM\\\\CcmExec.exe -service\",\"hashes\":\"MD5=AD4F0121E05E45568A2E62DF8F91BF81,SHA256=454CFEEA347FDC3F0ACB885CFB4B031166A2387FAB14C4D4A5008AE16181F80E,IMPHASH=D3F8F91898C22767183D2C65A8BA9A98\"}}}",
      "expect": {
        "alert": false
      },
      "category": "noise",
      "attack": null,
      "evasion": false,
      "expected_rule_id": 100251,
      "expected_level": 0,
      "mitre_id": null
    },
    {
      "name": "noise 118 | SCCM | powershell Get-CimInstance",
      "event": "{\"win\":{\"system\":{\"providerName\":\"Microsoft-Windows-Sysmon\",\"providerGuid\":\"{5770385f-c22a-43e0-bf4c-06f5698ffbd9}\",\"eventID\":\"1\",\"version\":\"5\",\"level\":\"4\",\"task\":\"1\",\"opcode\":\"0\",\"keywords\":\"0x8000000000000000\",\"systemTime\":\"2026-08-19T02:36:31.008760931Z\",\"eventRecordID\":\"549217\",\"channel\":\"Microsoft-Windows-Sysmon/Operational\",\"computer\":\"kingslanding.sevenkingdoms.local\",\"severityValue\":\"INFORMATION\"},\"eventdata\":{\"utcTime\":\"2026-08-19 02:36:31.008\",\"processGuid\":\"{051995f2-ab96-0f16-cf17-000000000004}\",\"processId\":\"3973\",\"image\":\"C:\\\\Windows\\\\System32\\\\WindowsPowerShell\\\\v1.0\\\\powershell.exe\",\"commandLine\":\"powershell.exe -NoProfile -Command \\\"Get-CimInstance Win32_OperatingSystem\\\"\",\"currentDirectory\":\"C:\\\\Windows\\\\CCM\\\\\",\"user\":\"NT AUTHORITY\\\\SYSTEM\",\"parentProcessGuid\":\"{03999d84-8c2e-7bbe-702b-000000000002}\",\"parentProcessId\":\"2356\",\"parentImage\":\"C:\\\\Windows\\\\CCM\\\\CcmExec.exe\",\"parentCommandLine\":\"\\\"C:\\\\Windows\\\\CCM\\\\CcmExec.exe\\\"\",\"hashes\":\"MD5=52A2D1D53AB7B54E6107FD5ACBDFFB15,SHA256=99C8275678FE526419811BC64793F96B0D55627558DFBBF37E4B9A9C4EEE61E1,IMPHASH=BA9BA9BB26C1A2513FD776DAAC02773E\"}}}",
      "expect": {
        "alert": false
      },
      "category": "noise",
      "attack": null,
      "evasion": false,
      "expected_rule_id": 100251,
      "expected_level": 0,
      "mitre_id": null
    },
    {
      "name": "noise 119 | SCCM | wmic os caption",
      "event": "{\"win\":{\"system\":{\"providerName\":\"Microsoft-Windows-Sysmon\",\"providerGuid\":\"{5770385f-c22a-43e0-bf4c-06f5698ffbd9}\",\"eventID\":\"1\",\"version\":\"5\",\"level\":\"4\",\"task\":\"1\",\"opcode\":\"0\",\"keywords\":\"0x8000000000000000\",\"systemTime\":\"2026-08-19T02:38:07.503140805Z\",\"eventRecordID\":\"549218\",\"channel\":\"Microsoft-Windows-Sysmon/Operational\",\"computer\":\"kingslanding.sevenkingdoms.local\",\"severityValue\":\"INFORMATION\"},\"eventdata\":{\"utcTime\":\"2026-08-19 02:38:07.503\",\"processGuid\":\"{fd4ad5c2-0359-8106-82d6-000000000001}\",\"processId\":\"3226\",\"image\":\"C:\\\\Windows\\\\System32\\\\wmic.exe\",\"commandLine\":\"wmic path Win32_OperatingSystem get Caption,Version /Value\",\"currentDirectory\":\"C:\\\\Windows\\\\CCM\\\\\",\"user\":\"NT AUTHORITY\\\\SYSTEM\",\"parentProcessGuid\":\"{03999d84-8c2e-7bbe-702b-000000000002}\",\"parentProcessId\":\"2356\",\"parentImage\":\"C:\\\\Windows\\\\CCM\\\\CcmExec.exe\",\"parentCommandLine\":\"\\\"C:\\\\Windows\\\\CCM\\\\CcmExec.exe\\\" -service -redirectWindowsUpdateLog\",\"hashes\":\"MD5=0BBEA9C5DFA3B21E496EB133F02A042B,SHA256=22312883269B5B6AAE8A0E4D0EB6BF6912A204A16D684B7AD81535A1A923001A,IMPHASH=AD4EF768A5A9D4FA78F680FA0DF56583\"}}}",
      "expect": {
        "alert": false
      },
      "category": "noise",
      "attack": null,
      "evasion": false,
      "expected_rule_id": 100251,
      "expected_level": 0,
      "mitre_id": null
    },
    {
      "name": "noise 120 | SCCM | powershell Get-WmiObject",
      "event": "{\"win\":{\"system\":{\"providerName\":\"Microsoft-Windows-Sysmon\",\"providerGuid\":\"{5770385f-c22a-43e0-bf4c-06f5698ffbd9}\",\"eventID\":\"1\",\"version\":\"5\",\"level\":\"4\",\"task\":\"1\",\"opcode\":\"0\",\"keywords\":\"0x8000000000000000\",\"systemTime\":\"2026-08-19T02:40:16.713528990Z\",\"eventRecordID\":\"549219\",\"channel\":\"Microsoft-Windows-Sysmon/Operational\",\"computer\":\"kingslanding.sevenkingdoms.local\",\"severityValue\":\"INFORMATION\"},\"eventdata\":{\"utcTime\":\"2026-08-19 02:40:16.713\",\"processGuid\":\"{051995f2-ab96-0f16-cf17-000000000004}\",\"processId\":\"3973\",\"image\":\"C:\\\\Windows\\\\System32\\\\WindowsPowerShell\\\\v1.0\\\\powershell.exe\",\"commandLine\":\"powershell.exe -ExecutionPolicy Bypass -Command \\\"Get-WmiObject Win32_BIOS\\\"\",\"currentDirectory\":\"C:\\\\Windows\\\\CCM\\\\\",\"user\":\"NT AUTHORITY\\\\SYSTEM\",\"parentProcessGuid\":\"{03999d84-8c2e-7bbe-702b-000000000002}\",\"parentProcessId\":\"2356\",\"parentImage\":\"C:\\\\Windows\\\\CCM\\\\CcmExec.exe\",\"parentCommandLine\":\"C:\\\\Windows\\\\CCM\\\\CcmExec.exe -service\",\"hashes\":\"MD5=52A2D1D53AB7B54E6107FD5ACBDFFB15,SHA256=99C8275678FE526419811BC64793F96B0D55627558DFBBF37E4B9A9C4EEE61E1,IMPHASH=BA9BA9BB26C1A2513FD776DAAC02773E\"}}}",
      "expect": {
        "alert": false
      },
      "category": "noise",
      "attack": null,
      "evasion": false,
      "expected_rule_id": 100251,
      "expected_level": 0,
      "mitre_id": null
    },
    {
      "name": "noise 121 | SCCM | wmic memory",
      "event": "{\"win\":{\"system\":{\"providerName\":\"Microsoft-Windows-Sysmon\",\"providerGuid\":\"{5770385f-c22a-43e0-bf4c-06f5698ffbd9}\",\"eventID\":\"1\",\"version\":\"5\",\"level\":\"4\",\"task\":\"1\",\"opcode\":\"0\",\"keywords\":\"0x8000000000000000\",\"systemTime\":\"2026-08-19T02:40:39.218633386Z\",\"eventRecordID\":\"549220\",\"channel\":\"Microsoft-Windows-Sysmon/Operational\",\"computer\":\"kingslanding.sevenkingdoms.local\",\"severityValue\":\"INFORMATION\"},\"eventdata\":{\"utcTime\":\"2026-08-19 02:40:39.218\",\"processGuid\":\"{fd4ad5c2-0359-8106-82d6-000000000001}\",\"processId\":\"3226\",\"image\":\"C:\\\\Windows\\\\System32\\\\wmic.exe\",\"commandLine\":\"wmic os get FreePhysicalMemory /Value\",\"currentDirectory\":\"C:\\\\Windows\\\\system32\\\\\",\"user\":\"NT AUTHORITY\\\\SYSTEM\",\"parentProcessGuid\":\"{03999d84-8c2e-7bbe-702b-000000000002}\",\"parentProcessId\":\"2356\",\"parentImage\":\"C:\\\\Windows\\\\CCM\\\\CcmExec.exe\",\"parentCommandLine\":\"\\\"C:\\\\Windows\\\\CCM\\\\CcmExec.exe\\\"\",\"hashes\":\"MD5=0BBEA9C5DFA3B21E496EB133F02A042B,SHA256=22312883269B5B6AAE8A0E4D0EB6BF6912A204A16D684B7AD81535A1A923001A,IMPHASH=AD4EF768A5A9D4FA78F680FA0DF56583\"}}}",
      "expect": {
        "alert": false
      },
      "category": "noise",
      "attack": null,
      "evasion": false,
      "expected_rule_id": 100251,
      "expected_level": 0,
      "mitre_id": null
    },
    {
      "name": "noise 122 | SCCM | powershell Get-CimInstance",
      "event": "{\"win\":{\"system\":{\"providerName\":\"Microsoft-Windows-Sysmon\",\"providerGuid\":\"{5770385f-c22a-43e0-bf4c-06f5698ffbd9}\",\"eventID\":\"1\",\"version\":\"5\",\"level\":\"4\",\"task\":\"1\",\"opcode\":\"0\",\"keywords\":\"0x8000000000000000\",\"systemTime\":\"2026-08-19T02:42:23.945275154Z\",\"eventRecordID\":\"549221\",\"channel\":\"Microsoft-Windows-Sysmon/Operational\",\"computer\":\"kingslanding.sevenkingdoms.local\",\"severityValue\":\"INFORMATION\"},\"eventdata\":{\"utcTime\":\"2026-08-19 02:42:23.945\",\"processGuid\":\"{051995f2-ab96-0f16-cf17-000000000004}\",\"processId\":\"3973\",\"image\":\"C:\\\\Windows\\\\System32\\\\WindowsPowerShell\\\\v1.0\\\\powershell.exe\",\"commandLine\":\"powershell.exe -NoProfile -Command \\\"Get-CimInstance Win32_OperatingSystem\\\"\",\"currentDirectory\":\"C:\\\\Windows\\\\system32\\\\\",\"user\":\"NT AUTHORITY\\\\SYSTEM\",\"parentProcessGuid\":\"{03999d84-8c2e-7bbe-702b-000000000002}\",\"parentProcessId\":\"2356\",\"parentImage\":\"C:\\\\Windows\\\\CCM\\\\CcmExec.exe\",\"parentCommandLine\":\"\\\"C:\\\\Windows\\\\CCM\\\\CcmExec.exe\\\" -service -redirectWindowsUpdateLog\",\"hashes\":\"MD5=52A2D1D53AB7B54E6107FD5ACBDFFB15,SHA256=99C8275678FE526419811BC64793F96B0D55627558DFBBF37E4B9A9C4EEE61E1,IMPHASH=BA9BA9BB26C1A2513FD776DAAC02773E\"}}}",
      "expect": {
        "alert": false
      },
      "category": "noise",
      "attack": null,
      "evasion": false,
      "expected_rule_id": 100251,
      "expected_level": 0,
      "mitre_id": null
    },
    {
      "name": "noise 123 | SCCM | cmd wmic memory",
      "event": "{\"win\":{\"system\":{\"providerName\":\"Microsoft-Windows-Sysmon\",\"providerGuid\":\"{5770385f-c22a-43e0-bf4c-06f5698ffbd9}\",\"eventID\":\"1\",\"version\":\"5\",\"level\":\"4\",\"task\":\"1\",\"opcode\":\"0\",\"keywords\":\"0x8000000000000000\",\"systemTime\":\"2026-08-19T02:44:17.549939138Z\",\"eventRecordID\":\"549222\",\"channel\":\"Microsoft-Windows-Sysmon/Operational\",\"computer\":\"kingslanding.sevenkingdoms.local\",\"severityValue\":\"INFORMATION\"},\"eventdata\":{\"utcTime\":\"2026-08-19 02:44:17.549\",\"processGuid\":\"{11491d82-c4b3-35a1-0a67-000000000003}\",\"processId\":\"6145\",\"image\":\"C:\\\\Windows\\\\System32\\\\cmd.exe\",\"commandLine\":\"cmd.exe /c \\\"wmic os get FreePhysicalMemory /Value\\\"\",\"currentDirectory\":\"C:\\\\Windows\\\\system32\\\\\",\"user\":\"NT AUTHORITY\\\\SYSTEM\",\"parentProcessGuid\":\"{03999d84-8c2e-7bbe-702b-000000000002}\",\"parentProcessId\":\"2356\",\"parentImage\":\"C:\\\\Windows\\\\CCM\\\\CcmExec.exe\",\"parentCommandLine\":\"\\\"C:\\\\Windows\\\\CCM\\\\CcmExec.exe\\\"\",\"hashes\":\"MD5=AD4F0121E05E45568A2E62DF8F91BF81,SHA256=454CFEEA347FDC3F0ACB885CFB4B031166A2387FAB14C4D4A5008AE16181F80E,IMPHASH=D3F8F91898C22767183D2C65A8BA9A98\"}}}",
      "expect": {
        "alert": false
      },
      "category": "noise",
      "attack": null,
      "evasion": false,
      "expected_rule_id": 100251,
      "expected_level": 0,
      "mitre_id": null
    },
    {
      "name": "noise 124 | SCCM | wmic os caption",
      "event": "{\"win\":{\"system\":{\"providerName\":\"Microsoft-Windows-Sysmon\",\"providerGuid\":\"{5770385f-c22a-43e0-bf4c-06f5698ffbd9}\",\"eventID\":\"1\",\"version\":\"5\",\"level\":\"4\",\"task\":\"1\",\"opcode\":\"0\",\"keywords\":\"0x8000000000000000\",\"systemTime\":\"2026-08-19T02:45:19.908167175Z\",\"eventRecordID\":\"549223\",\"channel\":\"Microsoft-Windows-Sysmon/Operational\",\"computer\":\"kingslanding.sevenkingdoms.local\",\"severityValue\":\"INFORMATION\"},\"eventdata\":{\"utcTime\":\"2026-08-19 02:45:19.908\",\"processGuid\":\"{fd4ad5c2-0359-8106-82d6-000000000001}\",\"processId\":\"3226\",\"image\":\"C:\\\\Windows\\\\System32\\\\wmic.exe\",\"commandLine\":\"wmic path Win32_OperatingSystem get Caption,Version /Value\",\"currentDirectory\":\"C:\\\\Windows\\\\system32\\\\\",\"user\":\"NT AUTHORITY\\\\SYSTEM\",\"parentProcessGuid\":\"{03999d84-8c2e-7bbe-702b-000000000002}\",\"parentProcessId\":\"2356\",\"parentImage\":\"C:\\\\Windows\\\\CCM\\\\CcmExec.exe\",\"parentCommandLine\":\"\\\"C:\\\\Windows\\\\CCM\\\\CcmExec.exe\\\" -service -redirectWindowsUpdateLog\",\"hashes\":\"MD5=0BBEA9C5DFA3B21E496EB133F02A042B,SHA256=22312883269B5B6AAE8A0E4D0EB6BF6912A204A16D684B7AD81535A1A923001A,IMPHASH=AD4EF768A5A9D4FA78F680FA0DF56583\"}}}",
      "expect": {
        "alert": false
      },
      "category": "noise",
      "attack": null,
      "evasion": false,
      "expected_rule_id": 100251,
      "expected_level": 0,
      "mitre_id": null
    },
    {
      "name": "noise 125 | SCCM | wmic domain",
      "event": "{\"win\":{\"system\":{\"providerName\":\"Microsoft-Windows-Sysmon\",\"providerGuid\":\"{5770385f-c22a-43e0-bf4c-06f5698ffbd9}\",\"eventID\":\"1\",\"version\":\"5\",\"level\":\"4\",\"task\":\"1\",\"opcode\":\"0\",\"keywords\":\"0x8000000000000000\",\"systemTime\":\"2026-08-19T02:45:47.736528880Z\",\"eventRecordID\":\"549224\",\"channel\":\"Microsoft-Windows-Sysmon/Operational\",\"computer\":\"kingslanding.sevenkingdoms.local\",\"severityValue\":\"INFORMATION\"},\"eventdata\":{\"utcTime\":\"2026-08-19 02:45:47.736\",\"processGuid\":\"{fd4ad5c2-0359-8106-82d6-000000000001}\",\"processId\":\"3226\",\"image\":\"C:\\\\Windows\\\\System32\\\\wmic.exe\",\"commandLine\":\"wmic path win32_computersystem get domain,username\",\"currentDirectory\":\"C:\\\\Windows\\\\system32\\\\\",\"user\":\"NT AUTHORITY\\\\SYSTEM\",\"parentProcessGuid\":\"{03999d84-8c2e-7bbe-702b-000000000002}\",\"parentProcessId\":\"2356\",\"parentImage\":\"C:\\\\Windows\\\\CCM\\\\CcmExec.exe\",\"parentCommandLine\":\"\\\"C:\\\\Windows\\\\CCM\\\\CcmExec.exe\\\"\",\"hashes\":\"MD5=0BBEA9C5DFA3B21E496EB133F02A042B,SHA256=22312883269B5B6AAE8A0E4D0EB6BF6912A204A16D684B7AD81535A1A923001A,IMPHASH=AD4EF768A5A9D4FA78F680FA0DF56583\"}}}",
      "expect": {
        "alert": false
      },
      "category": "noise",
      "attack": null,
      "evasion": false,
      "expected_rule_id": 100251,
      "expected_level": 0,
      "mitre_id": null
    },
    {
      "name": "noise 126 | SCCM | powershell Get-WmiObject",
      "event": "{\"win\":{\"system\":{\"providerName\":\"Microsoft-Windows-Sysmon\",\"providerGuid\":\"{5770385f-c22a-43e0-bf4c-06f5698ffbd9}\",\"eventID\":\"1\",\"version\":\"5\",\"level\":\"4\",\"task\":\"1\",\"opcode\":\"0\",\"keywords\":\"0x8000000000000000\",\"systemTime\":\"2026-08-19T02:47:48.382788907Z\",\"eventRecordID\":\"549225\",\"channel\":\"Microsoft-Windows-Sysmon/Operational\",\"computer\":\"kingslanding.sevenkingdoms.local\",\"severityValue\":\"INFORMATION\"},\"eventdata\":{\"utcTime\":\"2026-08-19 02:47:48.382\",\"processGuid\":\"{051995f2-ab96-0f16-cf17-000000000004}\",\"processId\":\"3973\",\"image\":\"C:\\\\Windows\\\\System32\\\\WindowsPowerShell\\\\v1.0\\\\powershell.exe\",\"commandLine\":\"powershell.exe -ExecutionPolicy Bypass -Command \\\"Get-WmiObject Win32_BIOS\\\"\",\"currentDirectory\":\"C:\\\\Windows\\\\system32\\\\\",\"user\":\"NT AUTHORITY\\\\SYSTEM\",\"parentProcessGuid\":\"{03999d84-8c2e-7bbe-702b-000000000002}\",\"parentProcessId\":\"2356\",\"parentImage\":\"C:\\\\Windows\\\\CCM\\\\CcmExec.exe\",\"parentCommandLine\":\"C:\\\\Windows\\\\CCM\\\\CcmExec.exe -service\",\"hashes\":\"MD5=52A2D1D53AB7B54E6107FD5ACBDFFB15,SHA256=99C8275678FE526419811BC64793F96B0D55627558DFBBF37E4B9A9C4EEE61E1,IMPHASH=BA9BA9BB26C1A2513FD776DAAC02773E\"}}}",
      "expect": {
        "alert": false
      },
      "category": "noise",
      "attack": null,
      "evasion": false,
      "expected_rule_id": 100251,
      "expected_level": 0,
      "mitre_id": null
    },
    {
      "name": "noise 127 | SCCM | powershell Get-CimInstance",
      "event": "{\"win\":{\"system\":{\"providerName\":\"Microsoft-Windows-Sysmon\",\"providerGuid\":\"{5770385f-c22a-43e0-bf4c-06f5698ffbd9}\",\"eventID\":\"1\",\"version\":\"5\",\"level\":\"4\",\"task\":\"1\",\"opcode\":\"0\",\"keywords\":\"0x8000000000000000\",\"systemTime\":\"2026-08-19T02:49:03.322621193Z\",\"eventRecordID\":\"549226\",\"channel\":\"Microsoft-Windows-Sysmon/Operational\",\"computer\":\"kingslanding.sevenkingdoms.local\",\"severityValue\":\"INFORMATION\"},\"eventdata\":{\"utcTime\":\"2026-08-19 02:49:03.322\",\"processGuid\":\"{051995f2-ab96-0f16-cf17-000000000004}\",\"processId\":\"3973\",\"image\":\"C:\\\\Windows\\\\System32\\\\WindowsPowerShell\\\\v1.0\\\\powershell.exe\",\"commandLine\":\"powershell.exe -NoProfile -Command \\\"Get-CimInstance Win32_OperatingSystem\\\"\",\"currentDirectory\":\"C:\\\\Windows\\\\system32\\\\\",\"user\":\"NT AUTHORITY\\\\SYSTEM\",\"parentProcessGuid\":\"{03999d84-8c2e-7bbe-702b-000000000002}\",\"parentProcessId\":\"2356\",\"parentImage\":\"C:\\\\Windows\\\\CCM\\\\CcmExec.exe\",\"parentCommandLine\":\"C:\\\\Windows\\\\CCM\\\\CcmExec.exe -service\",\"hashes\":\"MD5=52A2D1D53AB7B54E6107FD5ACBDFFB15,SHA256=99C8275678FE526419811BC64793F96B0D55627558DFBBF37E4B9A9C4EEE61E1,IMPHASH=BA9BA9BB26C1A2513FD776DAAC02773E\"}}}",
      "expect": {
        "alert": false
      },
      "category": "noise",
      "attack": null,
      "evasion": false,
      "expected_rule_id": 100251,
      "expected_level": 0,
      "mitre_id": null
    },
    {
      "name": "noise 128 | SCCM | cmd wmic products",
      "event": "{\"win\":{\"system\":{\"providerName\":\"Microsoft-Windows-Sysmon\",\"providerGuid\":\"{5770385f-c22a-43e0-bf4c-06f5698ffbd9}\",\"eventID\":\"1\",\"version\":\"5\",\"level\":\"4\",\"task\":\"1\",\"opcode\":\"0\",\"keywords\":\"0x8000000000000000\",\"systemTime\":\"2026-08-19T02:49:53.612896478Z\",\"eventRecordID\":\"549227\",\"channel\":\"Microsoft-Windows-Sysmon/Operational\",\"computer\":\"kingslanding.sevenkingdoms.local\",\"severityValue\":\"INFORMATION\"},\"eventdata\":{\"utcTime\":\"2026-08-19 02:49:53.612\",\"processGuid\":\"{11491d82-c4b3-35a1-0a67-000000000003}\",\"processId\":\"6145\",\"image\":\"C:\\\\Windows\\\\System32\\\\cmd.exe\",\"commandLine\":\"cmd.exe /c wmic path win32_product get name\",\"currentDirectory\":\"C:\\\\Windows\\\\system32\\\\\",\"user\":\"NT AUTHORITY\\\\SYSTEM\",\"parentProcessGuid\":\"{03999d84-8c2e-7bbe-702b-000000000002}\",\"parentProcessId\":\"2356\",\"parentImage\":\"C:\\\\Windows\\\\CCM\\\\CcmExec.exe\",\"parentCommandLine\":\"\\\"C:\\\\Windows\\\\CCM\\\\CcmExec.exe\\\" -service -redirectWindowsUpdateLog\",\"hashes\":\"MD5=AD4F0121E05E45568A2E62DF8F91BF81,SHA256=454CFEEA347FDC3F0ACB885CFB4B031166A2387FAB14C4D4A5008AE16181F80E,IMPHASH=D3F8F91898C22767183D2C65A8BA9A98\"}}}",
      "expect": {
        "alert": false
      },
      "category": "noise",
      "attack": null,
      "evasion": false,
      "expected_rule_id": 100251,
      "expected_level": 0,
      "mitre_id": null
    },
