    {
      "name": "noise 438 | Zabbix | fsutil diskfree",
      "event": "{\"win\":{\"system\":{\"providerName\":\"Microsoft-Windows-Sysmon\",\"providerGuid\":\"{5770385f-c22a-43e0-bf4c-06f5698ffbd9}\",\"eventID\":\"1\",\"version\":\"5\",\"level\":\"4\",\"task\":\"1\",\"opcode\":\"0\",\"keywords\":\"0x8000000000000000\",\"systemTime\":\"2026-08-19T09:43:08.228380404Z\",\"eventRecordID\":\"549537\",\"channel\":\"Microsoft-Windows-Sysmon/Operational\",\"computer\":\"kingslanding.sevenkingdoms.local\",\"severityValue\":\"INFORMATION\"},\"eventdata\":{\"utcTime\":\"2026-08-19 09:43:08.228\",\"processGuid\":\"{7c1463a2-9b19-b20f-d786-000000000007}\",\"processId\":\"6145\",\"image\":\"C:\\\\Windows\\\\System32\\\\cmd.exe\",\"commandLine\":\"cmd.exe /c \\\"fsutil volume diskfree C:\\\"\",\"currentDirectory\":\"C:\\\\Windows\\\\system32\\\\\",\"user\":\"NT AUTHORITY\\\\SYSTEM\",\"parentProcessGuid\":\"{fc63b85c-6d40-c598-c4e6-000000000008}\",\"parentProcessId\":\"7788\",\"parentImage\":\"C:\\\\Program Files\\\\Zabbix Agent\\\\zabbix_agentd.exe\",\"parentCommandLine\":\"\\\"C:\\\\Program Files\\\\Zabbix Agent\\\\zabbix_agentd.exe\\\" --config \\\"C:\\\\Program Files\\\\Zabbix Agent\\\\zabbix_agentd.conf\\\"\",\"hashes\":\"MD5=AD4F0121E05E45568A2E62DF8F91BF81,SHA256=454CFEEA347FDC3F0ACB885CFB4B031166A2387FAB14C4D4A5008AE16181F80E,IMPHASH=D3F8F91898C22767183D2C65A8BA9A98\"}}}",
      "expect": {
        "alert": false
      },
      "category": "noise",
      "attack": null,
      "evasion": false,
      "expected_rule_id": 100251,
      "expected_level": 0,
      "mitre_id": null
    },
    {
      "name": "noise 439 | Zabbix | net start spooler",
      "event": "{\"win\":{\"system\":{\"providerName\":\"Microsoft-Windows-Sysmon\",\"providerGuid\":\"{5770385f-c22a-43e0-bf4c-06f5698ffbd9}\",\"eventID\":\"1\",\"version\":\"5\",\"level\":\"4\",\"task\":\"1\",\"opcode\":\"0\",\"keywords\":\"0x8000000000000000\",\"systemTime\":\"2026-08-19T09:45:26.021826763Z\",\"eventRecordID\":\"549538\",\"channel\":\"Microsoft-Windows-Sysmon/Operational\",\"computer\":\"kingslanding.sevenkingdoms.local\",\"severityValue\":\"INFORMATION\"},\"eventdata\":{\"utcTime\":\"2026-08-19 09:45:26.021\",\"processGuid\":\"{7c1463a2-9b19-b20f-d786-000000000007}\",\"processId\":\"6145\",\"image\":\"C:\\\\Windows\\\\System32\\\\cmd.exe\",\"commandLine\":\"cmd.exe /c \\\"net start | findstr /I spooler\\\"\",\"currentDirectory\":\"C:\\\\Windows\\\\system32\\\\\",\"user\":\"NT AUTHORITY\\\\SYSTEM\",\"parentProcessGuid\":\"{fc63b85c-6d40-c598-c4e6-000000000008}\",\"parentProcessId\":\"7788\",\"parentImage\":\"C:\\\\Program Files\\\\Zabbix Agent\\\\zabbix_agentd.exe\",\"parentCommandLine\":\"\\\"C:\\\\Program Files\\\\Zabbix Agent\\\\zabbix_agentd.exe\\\" --config \\\"C:\\\\Program Files\\\\Zabbix Agent\\\\zabbix_agentd.conf\\\"\",\"hashes\":\"MD5=AD4F0121E05E45568A2E62DF8F91BF81,SHA256=454CFEEA347FDC3F0ACB885CFB4B031166A2387FAB14C4D4A5008AE16181F80E,IMPHASH=D3F8F91898C22767183D2C65A8BA9A98\"}}}",
      "expect": {
        "alert": false
      },
      "category": "noise",
      "attack": null,
      "evasion": false,
      "expected_rule_id": 100251,
      "expected_level": 0,
      "mitre_id": null
    },
    {
      "name": "noise 440 | Zabbix | fsutil diskfree",
      "event": "{\"win\":{\"system\":{\"providerName\":\"Microsoft-Windows-Sysmon\",\"providerGuid\":\"{5770385f-c22a-43e0-bf4c-06f5698ffbd9}\",\"eventID\":\"1\",\"version\":\"5\",\"level\":\"4\",\"task\":\"1\",\"opcode\":\"0\",\"keywords\":\"0x8000000000000000\",\"systemTime\":\"2026-08-19T09:46:47.856417639Z\",\"eventRecordID\":\"549539\",\"channel\":\"Microsoft-Windows-Sysmon/Operational\",\"computer\":\"kingslanding.sevenkingdoms.local\",\"severityValue\":\"INFORMATION\"},\"eventdata\":{\"utcTime\":\"2026-08-19 09:46:47.856\",\"processGuid\":\"{7c1463a2-9b19-b20f-d786-000000000007}\",\"processId\":\"6145\",\"image\":\"C:\\\\Windows\\\\System32\\\\cmd.exe\",\"commandLine\":\"cmd.exe /c \\\"fsutil volume diskfree C:\\\"\",\"currentDirectory\":\"C:\\\\Windows\\\\system32\\\\\",\"user\":\"NT AUTHORITY\\\\SYSTEM\",\"parentProcessGuid\":\"{fc63b85c-6d40-c598-c4e6-000000000008}\",\"parentProcessId\":\"7788\",\"parentImage\":\"C:\\\\Program Files\\\\Zabbix Agent\\\\zabbix_agentd.exe\",\"parentCommandLine\":\"\\\"C:\\\\Program Files\\\\Zabbix Agent\\\\zabbix_agentd.exe\\\" --config \\\"C:\\\\Program Files\\\\Zabbix Agent\\\\zabbix_agentd.conf\\\"\",\"hashes\":\"MD5=AD4F0121E05E45568A2E62DF8F91BF81,SHA256=454CFEEA347FDC3F0ACB885CFB4B031166A2387FAB14C4D4A5008AE16181F80E,IMPHASH=D3F8F91898C22767183D2C65A8BA9A98\"}}}",
      "expect": {
        "alert": false
      },
      "category": "noise",
      "attack": null,
      "evasion": false,
      "expected_rule_id": 100251,
      "expected_level": 0,
      "mitre_id": null
    },
    {
      "name": "noise 441 | Zabbix | sc query WinRM",
      "event": "{\"win\":{\"system\":{\"providerName\":\"Microsoft-Windows-Sysmon\",\"providerGuid\":\"{5770385f-c22a-43e0-bf4c-06f5698ffbd9}\",\"eventID\":\"1\",\"version\":\"5\",\"level\":\"4\",\"task\":\"1\",\"opcode\":\"0\",\"keywords\":\"0x8000000000000000\",\"systemTime\":\"2026-08-19T09:48:12.958219690Z\",\"eventRecordID\":\"549540\",\"channel\":\"Microsoft-Windows-Sysmon/Operational\",\"computer\":\"kingslanding.sevenkingdoms.local\",\"severityValue\":\"INFORMATION\"},\"eventdata\":{\"utcTime\":\"2026-08-19 09:48:12.958\",\"processGuid\":\"{7c1463a2-9b19-b20f-d786-000000000007}\",\"processId\":\"6145\",\"image\":\"C:\\\\Windows\\\\System32\\\\cmd.exe\",\"commandLine\":\"cmd.exe /c \\\"sc query WinRM\\\"\",\"currentDirectory\":\"C:\\\\Windows\\\\system32\\\\\",\"user\":\"NT AUTHORITY\\\\SYSTEM\",\"parentProcessGuid\":\"{fc63b85c-6d40-c598-c4e6-000000000008}\",\"parentProcessId\":\"7788\",\"parentImage\":\"C:\\\\Program Files\\\\Zabbix Agent\\\\zabbix_agentd.exe\",\"parentCommandLine\":\"\\\"C:\\\\Program Files\\\\Zabbix Agent\\\\zabbix_agentd.exe\\\" --config \\\"C:\\\\Program Files\\\\Zabbix Agent\\\\zabbix_agentd.conf\\\"\",\"hashes\":\"MD5=AD4F0121E05E45568A2E62DF8F91BF81,SHA256=454CFEEA347FDC3F0ACB885CFB4B031166A2387FAB14C4D4A5008AE16181F80E,IMPHASH=D3F8F91898C22767183D2C65A8BA9A98\"}}}",
      "expect": {
        "alert": false
      },
      "category": "noise",
      "attack": null,
      "evasion": false,
      "expected_rule_id": 100251,
      "expected_level": 0,
      "mitre_id": null
    },
    {
      "name": "noise 442 | Zabbix | Get-Process top",
      "event": "{\"win\":{\"system\":{\"providerName\":\"Microsoft-Windows-Sysmon\",\"providerGuid\":\"{5770385f-c22a-43e0-bf4c-06f5698ffbd9}\",\"eventID\":\"1\",\"version\":\"5\",\"level\":\"4\",\"task\":\"1\",\"opcode\":\"0\",\"keywords\":\"0x8000000000000000\",\"systemTime\":\"2026-08-19T09:48:46.647541613Z\",\"eventRecordID\":\"549541\",\"channel\":\"Microsoft-Windows-Sysmon/Operational\",\"computer\":\"kingslanding.sevenkingdoms.local\",\"severityValue\":\"INFORMATION\"},\"eventdata\":{\"utcTime\":\"2026-08-19 09:48:46.647\",\"processGuid\":\"{559c528a-1735-ebee-6751-000000000009}\",\"processId\":\"3973\",\"image\":\"C:\\\\Windows\\\\System32\\\\WindowsPowerShell\\\\v1.0\\\\powershell.exe\",\"commandLine\":\"powershell.exe -NoProfile -Command \\\"Get-Process | Sort-Object CPU -Descending | Select-Object -First 5\\\"\",\"currentDirectory\":\"C:\\\\Windows\\\\system32\\\\\",\"user\":\"NT AUTHORITY\\\\SYSTEM\",\"parentProcessGuid\":\"{fc63b85c-6d40-c598-c4e6-000000000008}\",\"parentProcessId\":\"7788\",\"parentImage\":\"C:\\\\Program Files\\\\Zabbix Agent\\\\zabbix_agentd.exe\",\"parentCommandLine\":\"\\\"C:\\\\Program Files\\\\Zabbix Agent\\\\zabbix_agentd.exe\\\" --config \\\"C:\\\\Program Files\\\\Zabbix Agent\\\\zabbix_agentd.conf\\\"\",\"hashes\":\"MD5=52A2D1D53AB7B54E6107FD5ACBDFFB15,SHA256=99C8275678FE526419811BC64793F96B0D55627558DFBBF37E4B9A9C4EEE61E1,IMPHASH=BA9BA9BB26C1A2513FD776DAAC02773E\"}}}",
      "expect": {
        "alert": false
      },
      "category": "noise",
      "attack": null,
      "evasion": false,
      "expected_rule_id": 100251,
      "expected_level": 0,
      "mitre_id": null
    },
    {
      "name": "noise 443 | Zabbix | sc query W32Time",
      "event": "{\"win\":{\"system\":{\"providerName\":\"Microsoft-Windows-Sysmon\",\"providerGuid\":\"{5770385f-c22a-43e0-bf4c-06f5698ffbd9}\",\"eventID\":\"1\",\"version\":\"5\",\"level\":\"4\",\"task\":\"1\",\"opcode\":\"0\",\"keywords\":\"0x8000000000000000\",\"systemTime\":\"2026-08-19T09:49:54.669605874Z\",\"eventRecordID\":\"549542\",\"channel\":\"Microsoft-Windows-Sysmon/Operational\",\"computer\":\"kingslanding.sevenkingdoms.local\",\"severityValue\":\"INFORMATION\"},\"eventdata\":{\"utcTime\":\"2026-08-19 09:49:54.669\",\"processGuid\":\"{7c1463a2-9b19-b20f-d786-000000000007}\",\"processId\":\"6145\",\"image\":\"C:\\\\Windows\\\\System32\\\\cmd.exe\",\"commandLine\":\"cmd.exe /c \\\"sc query W32Time\\\"\",\"currentDirectory\":\"C:\\\\Windows\\\\system32\\\\\",\"user\":\"NT AUTHORITY\\\\SYSTEM\",\"parentProcessGuid\":\"{fc63b85c-6d40-c598-c4e6-000000000008}\",\"parentProcessId\":\"7788\",\"parentImage\":\"C:\\\\Program Files\\\\Zabbix Agent\\\\zabbix_agentd.exe\",\"parentCommandLine\":\"\\\"C:\\\\Program Files\\\\Zabbix Agent\\\\zabbix_agentd.exe\\\" --config \\\"C:\\\\Program Files\\\\Zabbix Agent\\\\zabbix_agentd.conf\\\"\",\"hashes\":\"MD5=AD4F0121E05E45568A2E62DF8F91BF81,SHA256=454CFEEA347FDC3F0ACB885CFB4B031166A2387FAB14C4D4A5008AE16181F80E,IMPHASH=D3F8F91898C22767183D2C65A8BA9A98\"}}}",
      "expect": {
        "alert": false
      },
      "category": "noise",
      "attack": null,
      "evasion": false,
      "expected_rule_id": 100251,
      "expected_level": 0,
      "mitre_id": null
    },
    {
      "name": "noise 444 | Zabbix | tasklist zabbix",
      "event": "{\"win\":{\"system\":{\"providerName\":\"Microsoft-Windows-Sysmon\",\"providerGuid\":\"{5770385f-c22a-43e0-bf4c-06f5698ffbd9}\",\"eventID\":\"1\",\"version\":\"5\",\"level\":\"4\",\"task\":\"1\",\"opcode\":\"0\",\"keywords\":\"0x8000000000000000\",\"systemTime\":\"2026-08-19T09:51:16.177890728Z\",\"eventRecordID\":\"549543\",\"channel\":\"Microsoft-Windows-Sysmon/Operational\",\"computer\":\"kingslanding.sevenkingdoms.local\",\"severityValue\":\"INFORMATION\"},\"eventdata\":{\"utcTime\":\"2026-08-19 09:51:16.177\",\"processGuid\":\"{7c1463a2-9b19-b20f-d786-000000000007}\",\"processId\":\"6145\",\"image\":\"C:\\\\Windows\\\\System32\\\\cmd.exe\",\"commandLine\":\"cmd.exe /c tasklist /FI \\\"IMAGENAME eq zabbix_agentd.exe\\\"\",\"currentDirectory\":\"C:\\\\Windows\\\\system32\\\\\",\"user\":\"NT AUTHORITY\\\\SYSTEM\",\"parentProcessGuid\":\"{fc63b85c-6d40-c598-c4e6-000000000008}\",\"parentProcessId\":\"7788\",\"parentImage\":\"C:\\\\Program Files\\\\Zabbix Agent\\\\zabbix_agentd.exe\",\"parentCommandLine\":\"\\\"C:\\\\Program Files\\\\Zabbix Agent\\\\zabbix_agentd.exe\\\" --config \\\"C:\\\\Program Files\\\\Zabbix Agent\\\\zabbix_agentd.conf\\\"\",\"hashes\":\"MD5=AD4F0121E05E45568A2E62DF8F91BF81,SHA256=454CFEEA347FDC3F0ACB885CFB4B031166A2387FAB14C4D4A5008AE16181F80E,IMPHASH=D3F8F91898C22767183D2C65A8BA9A98\"}}}",
      "expect": {
        "alert": false
      },
      "category": "noise",
      "attack": null,
      "evasion": false,
      "expected_rule_id": 100251,
      "expected_level": 0,
      "mitre_id": null
    },
    {
      "name": "noise 445 | Zabbix | typeperf cpu",
      "event": "{\"win\":{\"system\":{\"providerName\":\"Microsoft-Windows-Sysmon\",\"providerGuid\":\"{5770385f-c22a-43e0-bf4c-06f5698ffbd9}\",\"eventID\":\"1\",\"version\":\"5\",\"level\":\"4\",\"task\":\"1\",\"opcode\":\"0\",\"keywords\":\"0x8000000000000000\",\"systemTime\":\"2026-08-19T09:53:24.098364217Z\",\"eventRecordID\":\"549544\",\"channel\":\"Microsoft-Windows-Sysmon/Operational\",\"computer\":\"kingslanding.sevenkingdoms.local\",\"severityValue\":\"INFORMATION\"},\"eventdata\":{\"utcTime\":\"2026-08-19 09:53:24.098\",\"processGuid\":\"{7c1463a2-9b19-b20f-d786-000000000007}\",\"processId\":\"6145\",\"image\":\"C:\\\\Windows\\\\System32\\\\cmd.exe\",\"commandLine\":\"cmd.exe /c typeperf \\\"\\\\Processor(_Total)\\\\% Processor Time\\\" -sc 1\",\"currentDirectory\":\"C:\\\\Windows\\\\system32\\\\\",\"user\":\"NT AUTHORITY\\\\SYSTEM\",\"parentProcessGuid\":\"{fc63b85c-6d40-c598-c4e6-000000000008}\",\"parentProcessId\":\"7788\",\"parentImage\":\"C:\\\\Program Files\\\\Zabbix Agent\\\\zabbix_agentd.exe\",\"parentCommandLine\":\"\\\"C:\\\\Program Files\\\\Zabbix Agent\\\\zabbix_agentd.exe\\\" --config \\\"C:\\\\Program Files\\\\Zabbix Agent\\\\zabbix_agentd.conf\\\"\",\"hashes\":\"MD5=AD4F0121E05E45568A2E62DF8F91BF81,SHA256=454CFEEA347FDC3F0ACB885CFB4B031166A2387FAB14C4D4A5008AE16181F80E,IMPHASH=D3F8F91898C22767183D2C65A8BA9A98\"}}}",
      "expect": {
        "alert": false
      },
      "category": "noise",
      "attack": null,
      "evasion": false,
      "expected_rule_id": 100251,
      "expected_level": 0,
      "mitre_id": null
    },
    {
      "name": "noise 446 | Zabbix | fsutil diskfree",
      "event": "{\"win\":{\"system\":{\"providerName\":\"Microsoft-Windows-Sysmon\",\"providerGuid\":\"{5770385f-c22a-43e0-bf4c-06f5698ffbd9}\",\"eventID\":\"1\",\"version\":\"5\",\"level\":\"4\",\"task\":\"1\",\"opcode\":\"0\",\"keywords\":\"0x8000000000000000\",\"systemTime\":\"2026-08-19T09:54:31.040715066Z\",\"eventRecordID\":\"549545\",\"channel\":\"Microsoft-Windows-Sysmon/Operational\",\"computer\":\"kingslanding.sevenkingdoms.local\",\"severityValue\":\"INFORMATION\"},\"eventdata\":{\"utcTime\":\"2026-08-19 09:54:31.040\",\"processGuid\":\"{7c1463a2-9b19-b20f-d786-000000000007}\",\"processId\":\"6145\",\"image\":\"C:\\\\Windows\\\\System32\\\\cmd.exe\",\"commandLine\":\"cmd.exe /c \\\"fsutil volume diskfree C:\\\"\",\"currentDirectory\":\"C:\\\\Windows\\\\system32\\\\\",\"user\":\"NT AUTHORITY\\\\SYSTEM\",\"parentProcessGuid\":\"{fc63b85c-6d40-c598-c4e6-000000000008}\",\"parentProcessId\":\"7788\",\"parentImage\":\"C:\\\\Program Files\\\\Zabbix Agent\\\\zabbix_agentd.exe\",\"parentCommandLine\":\"\\\"C:\\\\Program Files\\\\Zabbix Agent\\\\zabbix_agentd.exe\\\" --config \\\"C:\\\\Program Files\\\\Zabbix Agent\\\\zabbix_agentd.conf\\\"\",\"hashes\":\"MD5=AD4F0121E05E45568A2E62DF8F91BF81,SHA256=454CFEEA347FDC3F0ACB885CFB4B031166A2387FAB14C4D4A5008AE16181F80E,IMPHASH=D3F8F91898C22767183D2C65A8BA9A98\"}}}",
      "expect": {
        "alert": false
      },
      "category": "noise",
      "attack": null,
      "evasion": false,
      "expected_rule_id": 100251,
      "expected_level": 0,
      "mitre_id": null
    },
    {
      "name": "noise 447 | Zabbix | Get-Service stopped",
      "event": "{\"win\":{\"system\":{\"providerName\":\"Microsoft-Windows-Sysmon\",\"providerGuid\":\"{5770385f-c22a-43e0-bf4c-06f5698ffbd9}\",\"eventID\":\"1\",\"version\":\"5\",\"level\":\"4\",\"task\":\"1\",\"opcode\":\"0\",\"keywords\":\"0x8000000000000000\",\"systemTime\":\"2026-08-19T09:56:01.263807455Z\",\"eventRecordID\":\"549546\",\"channel\":\"Microsoft-Windows-Sysmon/Operational\",\"computer\":\"kingslanding.sevenkingdoms.local\",\"severityValue\":\"INFORMATION\"},\"eventdata\":{\"utcTime\":\"2026-08-19 09:56:01.263\",\"processGuid\":\"{559c528a-1735-ebee-6751-000000000009}\",\"processId\":\"3973\",\"image\":\"C:\\\\Windows\\\\System32\\\\WindowsPowerShell\\\\v1.0\\\\powershell.exe\",\"commandLine\":\"powershell.exe -NoProfile -Command \\\"Get-Service | Where-Object {$_.Status -eq 'Stopped'}\\\"\",\"currentDirectory\":\"C:\\\\Windows\\\\system32\\\\\",\"user\":\"NT AUTHORITY\\\\SYSTEM\",\"parentProcessGuid\":\"{fc63b85c-6d40-c598-c4e6-000000000008}\",\"parentProcessId\":\"7788\",\"parentImage\":\"C:\\\\Program Files\\\\Zabbix Agent\\\\zabbix_agentd.exe\",\"parentCommandLine\":\"\\\"C:\\\\Program Files\\\\Zabbix Agent\\\\zabbix_agentd.exe\\\" --config \\\"C:\\\\Program Files\\\\Zabbix Agent\\\\zabbix_agentd.conf\\\"\",\"hashes\":\"MD5=52A2D1D53AB7B54E6107FD5ACBDFFB15,SHA256=99C8275678FE526419811BC64793F96B0D55627558DFBBF37E4B9A9C4EEE61E1,IMPHASH=BA9BA9BB26C1A2513FD776DAAC02773E\"}}}",
      "expect": {
        "alert": false
      },
      "category": "noise",
      "attack": null,
      "evasion": false,
      "expected_rule_id": 100251,
      "expected_level": 0,
      "mitre_id": null
    },
    {
      "name": "noise 448 | Zabbix | typeperf cpu",
      "event": "{\"win\":{\"system\":{\"providerName\":\"Microsoft-Windows-Sysmon\",\"providerGuid\":\"{5770385f-c22a-43e0-bf4c-06f5698ffbd9}\",\"eventID\":\"1\",\"version\":\"5\",\"level\":\"4\",\"task\":\"1\",\"opcode\":\"0\",\"keywords\":\"0x8000000000000000\",\"systemTime\":\"2026-08-19T09:57:08.127561947Z\",\"eventRecordID\":\"549547\",\"channel\":\"Microsoft-Windows-Sysmon/Operational\",\"computer\":\"kingslanding.sevenkingdoms.local\",\"severityValue\":\"INFORMATION\"},\"eventdata\":{\"utcTime\":\"2026-08-19 09:57:08.127\",\"processGuid\":\"{7c1463a2-9b19-b20f-d786-000000000007}\",\"processId\":\"6145\",\"image\":\"C:\\\\Windows\\\\System32\\\\cmd.exe\",\"commandLine\":\"cmd.exe /c typeperf \\\"\\\\Processor(_Total)\\\\% Processor Time\\\" -sc 1\",\"currentDirectory\":\"C:\\\\Windows\\\\system32\\\\\",\"user\":\"NT AUTHORITY\\\\SYSTEM\",\"parentProcessGuid\":\"{fc63b85c-6d40-c598-c4e6-000000000008}\",\"parentProcessId\":\"7788\",\"parentImage\":\"C:\\\\Program Files\\\\Zabbix Agent\\\\zabbix_agentd.exe\",\"parentCommandLine\":\"\\\"C:\\\\Program Files\\\\Zabbix Agent\\\\zabbix_agentd.exe\\\" --config \\\"C:\\\\Program Files\\\\Zabbix Agent\\\\zabbix_agentd.conf\\\"\",\"hashes\":\"MD5=AD4F0121E05E45568A2E62DF8F91BF81,SHA256=454CFEEA347FDC3F0ACB885CFB4B031166A2387FAB14C4D4A5008AE16181F80E,IMPHASH=D3F8F91898C22767183D2C65A8BA9A98\"}}}",
      "expect": {
        "alert": false
      },
      "category": "noise",
      "attack": null,
      "evasion": false,
      "expected_rule_id": 100251,
      "expected_level": 0,
      "mitre_id": null
    },
    {
      "name": "noise 449 | Zabbix | tasklist zabbix",
      "event": "{\"win\":{\"system\":{\"providerName\":\"Microsoft-Windows-Sysmon\",\"providerGuid\":\"{5770385f-c22a-43e0-bf4c-06f5698ffbd9}\",\"eventID\":\"1\",\"version\":\"5\",\"level\":\"4\",\"task\":\"1\",\"opcode\":\"0\",\"keywords\":\"0x8000000000000000\",\"systemTime\":\"2026-08-19T09:57:45.152084087Z\",\"eventRecordID\":\"549548\",\"channel\":\"Microsoft-Windows-Sysmon/Operational\",\"computer\":\"kingslanding.sevenkingdoms.local\",\"severityValue\":\"INFORMATION\"},\"eventdata\":{\"utcTime\":\"2026-08-19 09:57:45.152\",\"processGuid\":\"{7c1463a2-9b19-b20f-d786-000000000007}\",\"processId\":\"6145\",\"image\":\"C:\\\\Windows\\\\System32\\\\cmd.exe\",\"commandLine\":\"cmd.exe /c tasklist /FI \\\"IMAGENAME eq zabbix_agentd.exe\\\"\",\"currentDirectory\":\"C:\\\\Windows\\\\system32\\\\\",\"user\":\"NT AUTHORITY\\\\SYSTEM\",\"parentProcessGuid\":\"{fc63b85c-6d40-c598-c4e6-000000000008}\",\"parentProcessId\":\"7788\",\"parentImage\":\"C:\\\\Program Files\\\\Zabbix Agent\\\\zabbix_agentd.exe\",\"parentCommandLine\":\"\\\"C:\\\\Program Files\\\\Zabbix Agent\\\\zabbix_agentd.exe\\\" --config \\\"C:\\\\Program Files\\\\Zabbix Agent\\\\zabbix_agentd.conf\\\"\",\"hashes\":\"MD5=AD4F0121E05E45568A2E62DF8F91BF81,SHA256=454CFEEA347FDC3F0ACB885CFB4B031166A2387FAB14C4D4A5008AE16181F80E,IMPHASH=D3F8F91898C22767183D2C65A8BA9A98\"}}}",
      "expect": {
        "alert": false
      },
      "category": "noise",
      "attack": null,
      "evasion": false,
      "expected_rule_id": 100251,
      "expected_level": 0,
      "mitre_id": null
    },
    {
      "name": "noise 450 | Zabbix | tasklist zabbix",
      "event": "{\"win\":{\"system\":{\"providerName\":\"Microsoft-Windows-Sysmon\",\"providerGuid\":\"{5770385f-c22a-43e0-bf4c-06f5698ffbd9}\",\"eventID\":\"1\",\"version\":\"5\",\"level\":\"4\",\"task\":\"1\",\"opcode\":\"0\",\"keywords\":\"0x8000000000000000\",\"systemTime\":\"2026-08-19T09:59:42.155905049Z\",\"eventRecordID\":\"549549\",\"channel\":\"Microsoft-Windows-Sysmon/Operational\",\"computer\":\"kingslanding.sevenkingdoms.local\",\"severityValue\":\"INFORMATION\"},\"eventdata\":{\"utcTime\":\"2026-08-19 09:59:42.155\",\"processGuid\":\"{7c1463a2-9b19-b20f-d786-000000000007}\",\"processId\":\"6145\",\"image\":\"C:\\\\Windows\\\\System32\\\\cmd.exe\",\"commandLine\":\"cmd.exe /c tasklist /FI \\\"IMAGENAME eq zabbix_agentd.exe\\\"\",\"currentDirectory\":\"C:\\\\Windows\\\\system32\\\\\",\"user\":\"NT AUTHORITY\\\\SYSTEM\",\"parentProcessGuid\":\"{fc63b85c-6d40-c598-c4e6-000000000008}\",\"parentProcessId\":\"7788\",\"parentImage\":\"C:\\\\Program Files\\\\Zabbix Agent\\\\zabbix_agentd.exe\",\"parentCommandLine\":\"\\\"C:\\\\Program Files\\\\Zabbix Agent\\\\zabbix_agentd.exe\\\" --config \\\"C:\\\\Program Files\\\\Zabbix Agent\\\\zabbix_agentd.conf\\\"\",\"hashes\":\"MD5=AD4F0121E05E45568A2E62DF8F91BF81,SHA256=454CFEEA347FDC3F0ACB885CFB4B031166A2387FAB14C4D4A5008AE16181F80E,IMPHASH=D3F8F91898C22767183D2C65A8BA9A98\"}}}",
      "expect": {
        "alert": false
      },
      "category": "noise",
      "attack": null,
      "evasion": false,
      "expected_rule_id": 100251,
      "expected_level": 0,
      "mitre_id": null
    },
    {
      "name": "noise 451 | Zabbix | Get-EventLog",
      "event": "{\"win\":{\"system\":{\"providerName\":\"Microsoft-Windows-Sysmon\",\"providerGuid\":\"{5770385f-c22a-43e0-bf4c-06f5698ffbd9}\",\"eventID\":\"1\",\"version\":\"5\",\"level\":\"4\",\"task\":\"1\",\"opcode\":\"0\",\"keywords\":\"0x8000000000000000\",\"systemTime\":\"2026-08-19T10:01:29.154640323Z\",\"eventRecordID\":\"549550\",\"channel\":\"Microsoft-Windows-Sysmon/Operational\",\"computer\":\"kingslanding.sevenkingdoms.local\",\"severityValue\":\"INFORMATION\"},\"eventdata\":{\"utcTime\":\"2026-08-19 10:01:29.154\",\"processGuid\":\"{559c528a-1735-ebee-6751-000000000009}\",\"processId\":\"3973\",\"image\":\"C:\\\\Windows\\\\System32\\\\WindowsPowerShell\\\\v1.0\\\\powershell.exe\",\"commandLine\":\"powershell.exe -NoProfile -Command \\\"Get-EventLog -LogName System -Newest 10\\\"\",\"currentDirectory\":\"C:\\\\Windows\\\\system32\\\\\",\"user\":\"NT AUTHORITY\\\\SYSTEM\",\"parentProcessGuid\":\"{fc63b85c-6d40-c598-c4e6-000000000008}\",\"parentProcessId\":\"7788\",\"parentImage\":\"C:\\\\Program Files\\\\Zabbix Agent\\\\zabbix_agentd.exe\",\"parentCommandLine\":\"\\\"C:\\\\Program Files\\\\Zabbix Agent\\\\zabbix_agentd.exe\\\" --config \\\"C:\\\\Program Files\\\\Zabbix Agent\\\\zabbix_agentd.conf\\\"\",\"hashes\":\"MD5=52A2D1D53AB7B54E6107FD5ACBDFFB15,SHA256=99C8275678FE526419811BC64793F96B0D55627558DFBBF37E4B9A9C4EEE61E1,IMPHASH=BA9BA9BB26C1A2513FD776DAAC02773E\"}}}",
      "expect": {
        "alert": false
      },
      "category": "noise",
      "attack": null,
      "evasion": false,
      "expected_rule_id": 100251,
      "expected_level": 0,
      "mitre_id": null
    },
    {
      "name": "noise 452 | Zabbix | typeperf cpu",
      "event": "{\"win\":{\"system\":{\"providerName\":\"Microsoft-Windows-Sysmon\",\"providerGuid\":\"{5770385f-c22a-43e0-bf4c-06f5698ffbd9}\",\"eventID\":\"1\",\"version\":\"5\",\"level\":\"4\",\"task\":\"1\",\"opcode\":\"0\",\"keywords\":\"0x8000000000000000\",\"systemTime\":\"2026-08-19T10:02:38.469684468Z\",\"eventRecordID\":\"549551\",\"channel\":\"Microsoft-Windows-Sysmon/Operational\",\"computer\":\"kingslanding.sevenkingdoms.local\",\"severityValue\":\"INFORMATION\"},\"eventdata\":{\"utcTime\":\"2026-08-19 10:02:38.469\",\"processGuid\":\"{7c1463a2-9b19-b20f-d786-000000000007}\",\"processId\":\"6145\",\"image\":\"C:\\\\Windows\\\\System32\\\\cmd.exe\",\"commandLine\":\"cmd.exe /c typeperf \\\"\\\\Processor(_Total)\\\\% Processor Time\\\" -sc 1\",\"currentDirectory\":\"C:\\\\Windows\\\\system32\\\\\",\"user\":\"NT AUTHORITY\\\\SYSTEM\",\"parentProcessGuid\":\"{fc63b85c-6d40-c598-c4e6-000000000008}\",\"parentProcessId\":\"7788\",\"parentImage\":\"C:\\\\Program Files\\\\Zabbix Agent\\\\zabbix_agentd.exe\",\"parentCommandLine\":\"\\\"C:\\\\Program Files\\\\Zabbix Agent\\\\zabbix_agentd.exe\\\" --config \\\"C:\\\\Program Files\\\\Zabbix Agent\\\\zabbix_agentd.conf\\\"\",\"hashes\":\"MD5=AD4F0121E05E45568A2E62DF8F91BF81,SHA256=454CFEEA347FDC3F0ACB885CFB4B031166A2387FAB14C4D4A5008AE16181F80E,IMPHASH=D3F8F91898C22767183D2C65A8BA9A98\"}}}",
      "expect": {
        "alert": false
      },
      "category": "noise",
      "attack": null,
      "evasion": false,
      "expected_rule_id": 100251,
      "expected_level": 0,
      "mitre_id": null
    },
    {
      "name": "noise 453 | Zabbix | sc query WinRM",
      "event": "{\"win\":{\"system\":{\"providerName\":\"Microsoft-Windows-Sysmon\",\"providerGuid\":\"{5770385f-c22a-43e0-bf4c-06f5698ffbd9}\",\"eventID\":\"1\",\"version\":\"5\",\"level\":\"4\",\"task\":\"1\",\"opcode\":\"0\",\"keywords\":\"0x8000000000000000\",\"systemTime\":\"2026-08-19T10:03:32.930604270Z\",\"eventRecordID\":\"549552\",\"channel\":\"Microsoft-Windows-Sysmon/Operational\",\"computer\":\"kingslanding.sevenkingdoms.local\",\"severityValue\":\"INFORMATION\"},\"eventdata\":{\"utcTime\":\"2026-08-19 10:03:32.930\",\"processGuid\":\"{7c1463a2-9b19-b20f-d786-000000000007}\",\"processId\":\"6145\",\"image\":\"C:\\\\Windows\\\\System32\\\\cmd.exe\",\"commandLine\":\"cmd.exe /c \\\"sc query WinRM\\\"\",\"currentDirectory\":\"C:\\\\Windows\\\\system32\\\\\",\"user\":\"NT AUTHORITY\\\\SYSTEM\",\"parentProcessGuid\":\"{fc63b85c-6d40-c598-c4e6-000000000008}\",\"parentProcessId\":\"7788\",\"parentImage\":\"C:\\\\Program Files\\\\Zabbix Agent\\\\zabbix_agentd.exe\",\"parentCommandLine\":\"\\\"C:\\\\Program Files\\\\Zabbix Agent\\\\zabbix_agentd.exe\\\" --config \\\"C:\\\\Program Files\\\\Zabbix Agent\\\\zabbix_agentd.conf\\\"\",\"hashes\":\"MD5=AD4F0121E05E45568A2E62DF8F91BF81,SHA256=454CFEEA347FDC3F0ACB885CFB4B031166A2387FAB14C4D4A5008AE16181F80E,IMPHASH=D3F8F91898C22767183D2C65A8BA9A98\"}}}",
      "expect": {
        "alert": false
      },
      "category": "noise",
      "attack": null,
      "evasion": false,
      "expected_rule_id": 100251,
      "expected_level": 0,
      "mitre_id": null
    },
    {
      "name": "noise 454 | Zabbix | Get-EventLog",
      "event": "{\"win\":{\"system\":{\"providerName\":\"Microsoft-Windows-Sysmon\",\"providerGuid\":\"{5770385f-c22a-43e0-bf4c-06f5698ffbd9}\",\"eventID\":\"1\",\"version\":\"5\",\"level\":\"4\",\"task\":\"1\",\"opcode\":\"0\",\"keywords\":\"0x8000000000000000\",\"systemTime\":\"2026-08-19T10:05:06.357801864Z\",\"eventRecordID\":\"549553\",\"channel\":\"Microsoft-Windows-Sysmon/Operational\",\"computer\":\"kingslanding.sevenkingdoms.local\",\"severityValue\":\"INFORMATION\"},\"eventdata\":{\"utcTime\":\"2026-08-19 10:05:06.357\",\"processGuid\":\"{559c528a-1735-ebee-6751-000000000009}\",\"processId\":\"3973\",\"image\":\"C:\\\\Windows\\\\System32\\\\WindowsPowerShell\\\\v1.0\\\\powershell.exe\",\"commandLine\":\"powershell.exe -NoProfile -Command \\\"Get-EventLog -LogName System -Newest 10\\\"\",\"currentDirectory\":\"C:\\\\Windows\\\\system32\\\\\",\"user\":\"NT AUTHORITY\\\\SYSTEM\",\"parentProcessGuid\":\"{fc63b85c-6d40-c598-c4e6-000000000008}\",\"parentProcessId\":\"7788\",\"parentImage\":\"C:\\\\Program Files\\\\Zabbix Agent\\\\zabbix_agentd.exe\",\"parentCommandLine\":\"\\\"C:\\\\Program Files\\\\Zabbix Agent\\\\zabbix_agentd.exe\\\" --config \\\"C:\\\\Program Files\\\\Zabbix Agent\\\\zabbix_agentd.conf\\\"\",\"hashes\":\"MD5=52A2D1D53AB7B54E6107FD5ACBDFFB15,SHA256=99C8275678FE526419811BC64793F96B0D55627558DFBBF37E4B9A9C4EEE61E1,IMPHASH=BA9BA9BB26C1A2513FD776DAAC02773E\"}}}",
      "expect": {
        "alert": false
      },
      "category": "noise",
      "attack": null,
      "evasion": false,
      "expected_rule_id": 100251,
      "expected_level": 0,
      "mitre_id": null
    },
    {
      "name": "noise 455 | Zabbix | sc query W32Time",
      "event": "{\"win\":{\"system\":{\"providerName\":\"Microsoft-Windows-Sysmon\",\"providerGuid\":\"{5770385f-c22a-43e0-bf4c-06f5698ffbd9}\",\"eventID\":\"1\",\"version\":\"5\",\"level\":\"4\",\"task\":\"1\",\"opcode\":\"0\",\"keywords\":\"0x8000000000000000\",\"systemTime\":\"2026-08-19T10:05:42.620797954Z\",\"eventRecordID\":\"549554\",\"channel\":\"Microsoft-Windows-Sysmon/Operational\",\"computer\":\"kingslanding.sevenkingdoms.local\",\"severityValue\":\"INFORMATION\"},\"eventdata\":{\"utcTime\":\"2026-08-19 10:05:42.620\",\"processGuid\":\"{7c1463a2-9b19-b20f-d786-000000000007}\",\"processId\":\"6145\",\"image\":\"C:\\\\Windows\\\\System32\\\\cmd.exe\",\"commandLine\":\"cmd.exe /c \\\"sc query W32Time\\\"\",\"currentDirectory\":\"C:\\\\Windows\\\\system32\\\\\",\"user\":\"NT AUTHORITY\\\\SYSTEM\",\"parentProcessGuid\":\"{fc63b85c-6d40-c598-c4e6-000000000008}\",\"parentProcessId\":\"7788\",\"parentImage\":\"C:\\\\Program Files\\\\Zabbix Agent\\\\zabbix_agentd.exe\",\"parentCommandLine\":\"\\\"C:\\\\Program Files\\\\Zabbix Agent\\\\zabbix_agentd.exe\\\" --config \\\"C:\\\\Program Files\\\\Zabbix Agent\\\\zabbix_agentd.conf\\\"\",\"hashes\":\"MD5=AD4F0121E05E45568A2E62DF8F91BF81,SHA256=454CFEEA347FDC3F0ACB885CFB4B031166A2387FAB14C4D4A5008AE16181F80E,IMPHASH=D3F8F91898C22767183D2C65A8BA9A98\"}}}",
      "expect": {
        "alert": false
      },
      "category": "noise",
      "attack": null,
      "evasion": false,
      "expected_rule_id": 100251,
      "expected_level": 0,
      "mitre_id": null
    },
    {
      "name": "noise 456 | Zabbix | net start spooler",
      "event": "{\"win\":{\"system\":{\"providerName\":\"Microsoft-Windows-Sysmon\",\"providerGuid\":\"{5770385f-c22a-43e0-bf4c-06f5698ffbd9}\",\"eventID\":\"1\",\"version\":\"5\",\"level\":\"4\",\"task\":\"1\",\"opcode\":\"0\",\"keywords\":\"0x8000000000000000\",\"systemTime\":\"2026-08-19T10:08:01.750871380Z\",\"eventRecordID\":\"549555\",\"channel\":\"Microsoft-Windows-Sysmon/Operational\",\"computer\":\"kingslanding.sevenkingdoms.local\",\"severityValue\":\"INFORMATION\"},\"eventdata\":{\"utcTime\":\"2026-08-19 10:08:01.750\",\"processGuid\":\"{7c1463a2-9b19-b20f-d786-000000000007}\",\"processId\":\"6145\",\"image\":\"C:\\\\Windows\\\\System32\\\\cmd.exe\",\"commandLine\":\"cmd.exe /c \\\"net start | findstr /I spooler\\\"\",\"currentDirectory\":\"C:\\\\Windows\\\\system32\\\\\",\"user\":\"NT AUTHORITY\\\\SYSTEM\",\"parentProcessGuid\":\"{fc63b85c-6d40-c598-c4e6-000000000008}\",\"parentProcessId\":\"7788\",\"parentImage\":\"C:\\\\Program Files\\\\Zabbix Agent\\\\zabbix_agentd.exe\",\"parentCommandLine\":\"\\\"C:\\\\Program Files\\\\Zabbix Agent\\\\zabbix_agentd.exe\\\" --config \\\"C:\\\\Program Files\\\\Zabbix Agent\\\\zabbix_agentd.conf\\\"\",\"hashes\":\"MD5=AD4F0121E05E45568A2E62DF8F91BF81,SHA256=454CFEEA347FDC3F0ACB885CFB4B031166A2387FAB14C4D4A5008AE16181F80E,IMPHASH=D3F8F91898C22767183D2C65A8BA9A98\"}}}",
      "expect": {
        "alert": false
      },
      "category": "noise",
      "attack": null,
      "evasion": false,
      "expected_rule_id": 100251,
      "expected_level": 0,
      "mitre_id": null
    },
    {
      "name": "noise 457 | Zabbix | net start spooler",
      "event": "{\"win\":{\"system\":{\"providerName\":\"Microsoft-Windows-Sysmon\",\"providerGuid\":\"{5770385f-c22a-43e0-bf4c-06f5698ffbd9}\",\"eventID\":\"1\",\"version\":\"5\",\"level\":\"4\",\"task\":\"1\",\"opcode\":\"0\",\"keywords\":\"0x8000000000000000\",\"systemTime\":\"2026-08-19T10:08:49.691662590Z\",\"eventRecordID\":\"549556\",\"channel\":\"Microsoft-Windows-Sysmon/Operational\",\"computer\":\"kingslanding.sevenkingdoms.local\",\"severityValue\":\"INFORMATION\"},\"eventdata\":{\"utcTime\":\"2026-08-19 10:08:49.691\",\"processGuid\":\"{7c1463a2-9b19-b20f-d786-000000000007}\",\"processId\":\"6145\",\"image\":\"C:\\\\Windows\\\\System32\\\\cmd.exe\",\"commandLine\":\"cmd.exe /c \\\"net start | findstr /I spooler\\\"\",\"currentDirectory\":\"C:\\\\Windows\\\\system32\\\\\",\"user\":\"NT AUTHORITY\\\\SYSTEM\",\"parentProcessGuid\":\"{fc63b85c-6d40-c598-c4e6-000000000008}\",\"parentProcessId\":\"7788\",\"parentImage\":\"C:\\\\Program Files\\\\Zabbix Agent\\\\zabbix_agentd.exe\",\"parentCommandLine\":\"\\\"C:\\\\Program Files\\\\Zabbix Agent\\\\zabbix_agentd.exe\\\" --config \\\"C:\\\\Program Files\\\\Zabbix Agent\\\\zabbix_agentd.conf\\\"\",\"hashes\":\"MD5=AD4F0121E05E45568A2E62DF8F91BF81,SHA256=454CFEEA347FDC3F0ACB885CFB4B031166A2387FAB14C4D4A5008AE16181F80E,IMPHASH=D3F8F91898C22767183D2C65A8BA9A98\"}}}",
      "expect": {
        "alert": false
      },
      "category": "noise",
      "attack": null,
      "evasion": false,
      "expected_rule_id": 100251,
      "expected_level": 0,
      "mitre_id": null
    },
    {
      "name": "noise 458 | Zabbix | Get-Process top",
      "event": "{\"win\":{\"system\":{\"providerName\":\"Microsoft-Windows-Sysmon\",\"providerGuid\":\"{5770385f-c22a-43e0-bf4c-06f5698ffbd9}\",\"eventID\":\"1\",\"version\":\"5\",\"level\":\"4\",\"task\":\"1\",\"opcode\":\"0\",\"keywords\":\"0x8000000000000000\",\"systemTime\":\"2026-08-19T10:10:15.807874416Z\",\"eventRecordID\":\"549557\",\"channel\":\"Microsoft-Windows-Sysmon/Operational\",\"computer\":\"kingslanding.sevenkingdoms.local\",\"severityValue\":\"INFORMATION\"},\"eventdata\":{\"utcTime\":\"2026-08-19 10:10:15.807\",\"processGuid\":\"{559c528a-1735-ebee-6751-000000000009}\",\"processId\":\"3973\",\"image\":\"C:\\\\Windows\\\\System32\\\\WindowsPowerShell\\\\v1.0\\\\powershell.exe\",\"commandLine\":\"powershell.exe -NoProfile -Command \\\"Get-Process | Sort-Object CPU -Descending | Select-Object -First 5\\\"\",\"currentDirectory\":\"C:\\\\Windows\\\\system32\\\\\",\"user\":\"NT AUTHORITY\\\\SYSTEM\",\"parentProcessGuid\":\"{fc63b85c-6d40-c598-c4e6-000000000008}\",\"parentProcessId\":\"7788\",\"parentImage\":\"C:\\\\Program Files\\\\Zabbix Agent\\\\zabbix_agentd.exe\",\"parentCommandLine\":\"\\\"C:\\\\Program Files\\\\Zabbix Agent\\\\zabbix_agentd.exe\\\" --config \\\"C:\\\\Program Files\\\\Zabbix Agent\\\\zabbix_agentd.conf\\\"\",\"hashes\":\"MD5=52A2D1D53AB7B54E6107FD5ACBDFFB15,SHA256=99C8275678FE526419811BC64793F96B0D55627558DFBBF37E4B9A9C4EEE61E1,IMPHASH=BA9BA9BB26C1A2513FD776DAAC02773E\"}}}",
      "expect": {
        "alert": false
      },
      "category": "noise",
      "attack": null,
      "evasion": false,
      "expected_rule_id": 100251,
      "expected_level": 0,
      "mitre_id": null
    },
    {
      "name": "noise 459 | Zabbix | sc query WinRM",
      "event": "{\"win\":{\"system\":{\"providerName\":\"Microsoft-Windows-Sysmon\",\"providerGuid\":\"{5770385f-c22a-43e0-bf4c-06f5698ffbd9}\",\"eventID\":\"1\",\"version\":\"5\",\"level\":\"4\",\"task\":\"1\",\"opcode\":\"0\",\"keywords\":\"0x8000000000000000\",\"systemTime\":\"2026-08-19T10:11:46.485562006Z\",\"eventRecordID\":\"549558\",\"channel\":\"Microsoft-Windows-Sysmon/Operational\",\"computer\":\"kingslanding.sevenkingdoms.local\",\"severityValue\":\"INFORMATION\"},\"eventdata\":{\"utcTime\":\"2026-08-19 10:11:46.485\",\"processGuid\":\"{7c1463a2-9b19-b20f-d786-000000000007}\",\"processId\":\"6145\",\"image\":\"C:\\\\Windows\\\\System32\\\\cmd.exe\",\"commandLine\":\"cmd.exe /c \\\"sc query WinRM\\\"\",\"currentDirectory\":\"C:\\\\Windows\\\\system32\\\\\",\"user\":\"NT AUTHORITY\\\\SYSTEM\",\"parentProcessGuid\":\"{fc63b85c-6d40-c598-c4e6-000000000008}\",\"parentProcessId\":\"7788\",\"parentImage\":\"C:\\\\Program Files\\\\Zabbix Agent\\\\zabbix_agentd.exe\",\"parentCommandLine\":\"\\\"C:\\\\Program Files\\\\Zabbix Agent\\\\zabbix_agentd.exe\\\" --config \\\"C:\\\\Program Files\\\\Zabbix Agent\\\\zabbix_agentd.conf\\\"\",\"hashes\":\"MD5=AD4F0121E05E45568A2E62DF8F91BF81,SHA256=454CFEEA347FDC3F0ACB885CFB4B031166A2387FAB14C4D4A5008AE16181F80E,IMPHASH=D3F8F91898C22767183D2C65A8BA9A98\"}}}",
      "expect": {
        "alert": false
      },
      "category": "noise",
      "attack": null,
      "evasion": false,
      "expected_rule_id": 100251,
      "expected_level": 0,
      "mitre_id": null
    },
    {
      "name": "noise 460 | Zabbix | net start spooler",
      "event": "{\"win\":{\"system\":{\"providerName\":\"Microsoft-Windows-Sysmon\",\"providerGuid\":\"{5770385f-c22a-43e0-bf4c-06f5698ffbd9}\",\"eventID\":\"1\",\"version\":\"5\",\"level\":\"4\",\"task\":\"1\",\"opcode\":\"0\",\"keywords\":\"0x8000000000000000\",\"systemTime\":\"2026-08-19T10:12:26.083944454Z\",\"eventRecordID\":\"549559\",\"channel\":\"Microsoft-Windows-Sysmon/Operational\",\"computer\":\"kingslanding.sevenkingdoms.local\",\"severityValue\":\"INFORMATION\"},\"eventdata\":{\"utcTime\":\"2026-08-19 10:12:26.083\",\"processGuid\":\"{7c1463a2-9b19-b20f-d786-000000000007}\",\"processId\":\"6145\",\"image\":\"C:\\\\Windows\\\\System32\\\\cmd.exe\",\"commandLine\":\"cmd.exe /c \\\"net start | findstr /I spooler\\\"\",\"currentDirectory\":\"C:\\\\Windows\\\\system32\\\\\",\"user\":\"NT AUTHORITY\\\\SYSTEM\",\"parentProcessGuid\":\"{fc63b85c-6d40-c598-c4e6-000000000008}\",\"parentProcessId\":\"7788\",\"parentImage\":\"C:\\\\Program Files\\\\Zabbix Agent\\\\zabbix_agentd.exe\",\"parentCommandLine\":\"\\\"C:\\\\Program Files\\\\Zabbix Agent\\\\zabbix_agentd.exe\\\" --config \\\"C:\\\\Program Files\\\\Zabbix Agent\\\\zabbix_agentd.conf\\\"\",\"hashes\":\"MD5=AD4F0121E05E45568A2E62DF8F91BF81,SHA256=454CFEEA347FDC3F0ACB885CFB4B031166A2387FAB14C4D4A5008AE16181F80E,IMPHASH=D3F8F91898C22767183D2C65A8BA9A98\"}}}",
      "expect": {
        "alert": false
      },
      "category": "noise",
      "attack": null,
      "evasion": false,
      "expected_rule_id": 100251,
      "expected_level": 0,
      "mitre_id": null
    },
    {
      "name": "noise 461 | Zabbix | tasklist zabbix",
      "event": "{\"win\":{\"system\":{\"providerName\":\"Microsoft-Windows-Sysmon\",\"providerGuid\":\"{5770385f-c22a-43e0-bf4c-06f5698ffbd9}\",\"eventID\":\"1\",\"version\":\"5\",\"level\":\"4\",\"task\":\"1\",\"opcode\":\"0\",\"keywords\":\"0x8000000000000000\",\"systemTime\":\"2026-08-19T10:14:14.026888303Z\",\"eventRecordID\":\"549560\",\"channel\":\"Microsoft-Windows-Sysmon/Operational\",\"computer\":\"kingslanding.sevenkingdoms.local\",\"severityValue\":\"INFORMATION\"},\"eventdata\":{\"utcTime\":\"2026-08-19 10:14:14.026\",\"processGuid\":\"{7c1463a2-9b19-b20f-d786-000000000007}\",\"processId\":\"6145\",\"image\":\"C:\\\\Windows\\\\System32\\\\cmd.exe\",\"commandLine\":\"cmd.exe /c tasklist /FI \\\"IMAGENAME eq zabbix_agentd.exe\\\"\",\"currentDirectory\":\"C:\\\\Windows\\\\system32\\\\\",\"user\":\"NT AUTHORITY\\\\SYSTEM\",\"parentProcessGuid\":\"{fc63b85c-6d40-c598-c4e6-000000000008}\",\"parentProcessId\":\"7788\",\"parentImage\":\"C:\\\\Program Files\\\\Zabbix Agent\\\\zabbix_agentd.exe\",\"parentCommandLine\":\"\\\"C:\\\\Program Files\\\\Zabbix Agent\\\\zabbix_agentd.exe\\\" --config \\\"C:\\\\Program Files\\\\Zabbix Agent\\\\zabbix_agentd.conf\\\"\",\"hashes\":\"MD5=AD4F0121E05E45568A2E62DF8F91BF81,SHA256=454CFEEA347FDC3F0ACB885CFB4B031166A2387FAB14C4D4A5008AE16181F80E,IMPHASH=D3F8F91898C22767183D2C65A8BA9A98\"}}}",
      "expect": {
        "alert": false
      },
      "category": "noise",
      "attack": null,
      "evasion": false,
      "expected_rule_id": 100251,
      "expected_level": 0,
      "mitre_id": null
    },
    {
      "name": "noise 462 | Zabbix | Get-EventLog",
      "event": "{\"win\":{\"system\":{\"providerName\":\"Microsoft-Windows-Sysmon\",\"providerGuid\":\"{5770385f-c22a-43e0-bf4c-06f5698ffbd9}\",\"eventID\":\"1\",\"version\":\"5\",\"level\":\"4\",\"task\":\"1\",\"opcode\":\"0\",\"keywords\":\"0x8000000000000000\",\"systemTime\":\"2026-08-19T10:15:35.136344184Z\",\"eventRecordID\":\"549561\",\"channel\":\"Microsoft-Windows-Sysmon/Operational\",\"computer\":\"kingslanding.sevenkingdoms.local\",\"severityValue\":\"INFORMATION\"},\"eventdata\":{\"utcTime\":\"2026-08-19 10:15:35.136\",\"processGuid\":\"{559c528a-1735-ebee-6751-000000000009}\",\"processId\":\"3973\",\"image\":\"C:\\\\Windows\\\\System32\\\\WindowsPowerShell\\\\v1.0\\\\powershell.exe\",\"commandLine\":\"powershell.exe -NoProfile -Command \\\"Get-EventLog -LogName System -Newest 10\\\"\",\"currentDirectory\":\"C:\\\\Windows\\\\system32\\\\\",\"user\":\"NT AUTHORITY\\\\SYSTEM\",\"parentProcessGuid\":\"{fc63b85c-6d40-c598-c4e6-000000000008}\",\"parentProcessId\":\"7788\",\"parentImage\":\"C:\\\\Program Files\\\\Zabbix Agent\\\\zabbix_agentd.exe\",\"parentCommandLine\":\"\\\"C:\\\\Program Files\\\\Zabbix Agent\\\\zabbix_agentd.exe\\\" --config \\\"C:\\\\Program Files\\\\Zabbix Agent\\\\zabbix_agentd.conf\\\"\",\"hashes\":\"MD5=52A2D1D53AB7B54E6107FD5ACBDFFB15,SHA256=99C8275678FE526419811BC64793F96B0D55627558DFBBF37E4B9A9C4EEE61E1,IMPHASH=BA9BA9BB26C1A2513FD776DAAC02773E\"}}}",
      "expect": {
        "alert": false
      },
      "category": "noise",
      "attack": null,
      "evasion": false,
      "expected_rule_id": 100251,
      "expected_level": 0,
      "mitre_id": null
    },
    {
      "name": "noise 463 | Zabbix | sc query W32Time",
      "event": "{\"win\":{\"system\":{\"providerName\":\"Microsoft-Windows-Sysmon\",\"providerGuid\":\"{5770385f-c22a-43e0-bf4c-06f5698ffbd9}\",\"eventID\":\"1\",\"version\":\"5\",\"level\":\"4\",\"task\":\"1\",\"opcode\":\"0\",\"keywords\":\"0x8000000000000000\",\"systemTime\":\"2026-08-19T10:16:24.742247846Z\",\"eventRecordID\":\"549562\",\"channel\":\"Microsoft-Windows-Sysmon/Operational\",\"computer\":\"kingslanding.sevenkingdoms.local\",\"severityValue\":\"INFORMATION\"},\"eventdata\":{\"utcTime\":\"2026-08-19 10:16:24.742\",\"processGuid\":\"{7c1463a2-9b19-b20f-d786-000000000007}\",\"processId\":\"6145\",\"image\":\"C:\\\\Windows\\\\System32\\\\cmd.exe\",\"commandLine\":\"cmd.exe /c \\\"sc query W32Time\\\"\",\"currentDirectory\":\"C:\\\\Windows\\\\system32\\\\\",\"user\":\"NT AUTHORITY\\\\SYSTEM\",\"parentProcessGuid\":\"{fc63b85c-6d40-c598-c4e6-000000000008}\",\"parentProcessId\":\"7788\",\"parentImage\":\"C:\\\\Program Files\\\\Zabbix Agent\\\\zabbix_agentd.exe\",\"parentCommandLine\":\"\\\"C:\\\\Program Files\\\\Zabbix Agent\\\\zabbix_agentd.exe\\\" --config \\\"C:\\\\Program Files\\\\Zabbix Agent\\\\zabbix_agentd.conf\\\"\",\"hashes\":\"MD5=AD4F0121E05E45568A2E62DF8F91BF81,SHA256=454CFEEA347FDC3F0ACB885CFB4B031166A2387FAB14C4D4A5008AE16181F80E,IMPHASH=D3F8F91898C22767183D2C65A8BA9A98\"}}}",
      "expect": {
        "alert": false
      },
      "category": "noise",
      "attack": null,
      "evasion": false,
      "expected_rule_id": 100251,
      "expected_level": 0,
      "mitre_id": null
    },
    {
      "name": "noise 464 | Zabbix | sc query WinRM",
      "event": "{\"win\":{\"system\":{\"providerName\":\"Microsoft-Windows-Sysmon\",\"providerGuid\":\"{5770385f-c22a-43e0-bf4c-06f5698ffbd9}\",\"eventID\":\"1\",\"version\":\"5\",\"level\":\"4\",\"task\":\"1\",\"opcode\":\"0\",\"keywords\":\"0x8000000000000000\",\"systemTime\":\"2026-08-19T10:18:29.783405735Z\",\"eventRecordID\":\"549563\",\"channel\":\"Microsoft-Windows-Sysmon/Operational\",\"computer\":\"kingslanding.sevenkingdoms.local\",\"severityValue\":\"INFORMATION\"},\"eventdata\":{\"utcTime\":\"2026-08-19 10:18:29.783\",\"processGuid\":\"{7c1463a2-9b19-b20f-d786-000000000007}\",\"processId\":\"6145\",\"image\":\"C:\\\\Windows\\\\System32\\\\cmd.exe\",\"commandLine\":\"cmd.exe /c \\\"sc query WinRM\\\"\",\"currentDirectory\":\"C:\\\\Windows\\\\system32\\\\\",\"user\":\"NT AUTHORITY\\\\SYSTEM\",\"parentProcessGuid\":\"{fc63b85c-6d40-c598-c4e6-000000000008}\",\"parentProcessId\":\"7788\",\"parentImage\":\"C:\\\\Program Files\\\\Zabbix Agent\\\\zabbix_agentd.exe\",\"parentCommandLine\":\"\\\"C:\\\\Program Files\\\\Zabbix Agent\\\\zabbix_agentd.exe\\\" --config \\\"C:\\\\Program Files\\\\Zabbix Agent\\\\zabbix_agentd.conf\\\"\",\"hashes\":\"MD5=AD4F0121E05E45568A2E62DF8F91BF81,SHA256=454CFEEA347FDC3F0ACB885CFB4B031166A2387FAB14C4D4A5008AE16181F80E,IMPHASH=D3F8F91898C22767183D2C65A8BA9A98\"}}}",
      "expect": {
        "alert": false
      },
      "category": "noise",
      "attack": null,
      "evasion": false,
      "expected_rule_id": 100251,
      "expected_level": 0,
      "mitre_id": null
    },
    {
      "name": "noise 465 | Zabbix | sc query WinRM",
      "event": "{\"win\":{\"system\":{\"providerName\":\"Microsoft-Windows-Sysmon\",\"providerGuid\":\"{5770385f-c22a-43e0-bf4c-06f5698ffbd9}\",\"eventID\":\"1\",\"version\":\"5\",\"level\":\"4\",\"task\":\"1\",\"opcode\":\"0\",\"keywords\":\"0x8000000000000000\",\"systemTime\":\"2026-08-19T10:19:10.820070743Z\",\"eventRecordID\":\"549564\",\"channel\":\"Microsoft-Windows-Sysmon/Operational\",\"computer\":\"kingslanding.sevenkingdoms.local\",\"severityValue\":\"INFORMATION\"},\"eventdata\":{\"utcTime\":\"2026-08-19 10:19:10.820\",\"processGuid\":\"{7c1463a2-9b19-b20f-d786-000000000007}\",\"processId\":\"6145\",\"image\":\"C:\\\\Windows\\\\System32\\\\cmd.exe\",\"commandLine\":\"cmd.exe /c \\\"sc query WinRM\\\"\",\"currentDirectory\":\"C:\\\\Windows\\\\system32\\\\\",\"user\":\"NT AUTHORITY\\\\SYSTEM\",\"parentProcessGuid\":\"{fc63b85c-6d40-c598-c4e6-000000000008}\",\"parentProcessId\":\"7788\",\"parentImage\":\"C:\\\\Program Files\\\\Zabbix Agent\\\\zabbix_agentd.exe\",\"parentCommandLine\":\"\\\"C:\\\\Program Files\\\\Zabbix Agent\\\\zabbix_agentd.exe\\\" --config \\\"C:\\\\Program Files\\\\Zabbix Agent\\\\zabbix_agentd.conf\\\"\",\"hashes\":\"MD5=AD4F0121E05E45568A2E62DF8F91BF81,SHA256=454CFEEA347FDC3F0ACB885CFB4B031166A2387FAB14C4D4A5008AE16181F80E,IMPHASH=D3F8F91898C22767183D2C65A8BA9A98\"}}}",
      "expect": {
        "alert": false
      },
      "category": "noise",
      "attack": null,
      "evasion": false,
      "expected_rule_id": 100251,
      "expected_level": 0,
      "mitre_id": null
    },
    {
      "name": "noise 466 | Zabbix | tasklist zabbix",
      "event": "{\"win\":{\"system\":{\"providerName\":\"Microsoft-Windows-Sysmon\",\"providerGuid\":\"{5770385f-c22a-43e0-bf4c-06f5698ffbd9}\",\"eventID\":\"1\",\"version\":\"5\",\"level\":\"4\",\"task\":\"1\",\"opcode\":\"0\",\"keywords\":\"0x8000000000000000\",\"systemTime\":\"2026-08-19T10:21:18.125232632Z\",\"eventRecordID\":\"549565\",\"channel\":\"Microsoft-Windows-Sysmon/Operational\",\"computer\":\"kingslanding.sevenkingdoms.local\",\"severityValue\":\"INFORMATION\"},\"eventdata\":{\"utcTime\":\"2026-08-19 10:21:18.125\",\"processGuid\":\"{7c1463a2-9b19-b20f-d786-000000000007}\",\"processId\":\"6145\",\"image\":\"C:\\\\Windows\\\\System32\\\\cmd.exe\",\"commandLine\":\"cmd.exe /c tasklist /FI \\\"IMAGENAME eq zabbix_agentd.exe\\\"\",\"currentDirectory\":\"C:\\\\Windows\\\\system32\\\\\",\"user\":\"NT AUTHORITY\\\\SYSTEM\",\"parentProcessGuid\":\"{fc63b85c-6d40-c598-c4e6-000000000008}\",\"parentProcessId\":\"7788\",\"parentImage\":\"C:\\\\Program Files\\\\Zabbix Agent\\\\zabbix_agentd.exe\",\"parentCommandLine\":\"\\\"C:\\\\Program Files\\\\Zabbix Agent\\\\zabbix_agentd.exe\\\" --config \\\"C:\\\\Program Files\\\\Zabbix Agent\\\\zabbix_agentd.conf\\\"\",\"hashes\":\"MD5=AD4F0121E05E45568A2E62DF8F91BF81,SHA256=454CFEEA347FDC3F0ACB885CFB4B031166A2387FAB14C4D4A5008AE16181F80E,IMPHASH=D3F8F91898C22767183D2C65A8BA9A98\"}}}",
      "expect": {
        "alert": false
      },
      "category": "noise",
      "attack": null,
      "evasion": false,
      "expected_rule_id": 100251,
      "expected_level": 0,
      "mitre_id": null
    },
    {
      "name": "noise 467 | Zabbix | Get-EventLog",
      "event": "{\"win\":{\"system\":{\"providerName\":\"Microsoft-Windows-Sysmon\",\"providerGuid\":\"{5770385f-c22a-43e0-bf4c-06f5698ffbd9}\",\"eventID\":\"1\",\"version\":\"5\",\"level\":\"4\",\"task\":\"1\",\"opcode\":\"0\",\"keywords\":\"0x8000000000000000\",\"systemTime\":\"2026-08-19T10:22:51.739047768Z\",\"eventRecordID\":\"549566\",\"channel\":\"Microsoft-Windows-Sysmon/Operational\",\"computer\":\"kingslanding.sevenkingdoms.local\",\"severityValue\":\"INFORMATION\"},\"eventdata\":{\"utcTime\":\"2026-08-19 10:22:51.739\",\"processGuid\":\"{559c528a-1735-ebee-6751-000000000009}\",\"processId\":\"3973\",\"image\":\"C:\\\\Windows\\\\System32\\\\WindowsPowerShell\\\\v1.0\\\\powershell.exe\",\"commandLine\":\"powershell.exe -NoProfile -Command \\\"Get-EventLog -LogName System -Newest 10\\\"\",\"currentDirectory\":\"C:\\\\Windows\\\\system32\\\\\",\"user\":\"NT AUTHORITY\\\\SYSTEM\",\"parentProcessGuid\":\"{fc63b85c-6d40-c598-c4e6-000000000008}\",\"parentProcessId\":\"7788\",\"parentImage\":\"C:\\\\Program Files\\\\Zabbix Agent\\\\zabbix_agentd.exe\",\"parentCommandLine\":\"\\\"C:\\\\Program Files\\\\Zabbix Agent\\\\zabbix_agentd.exe\\\" --config \\\"C:\\\\Program Files\\\\Zabbix Agent\\\\zabbix_agentd.conf\\\"\",\"hashes\":\"MD5=52A2D1D53AB7B54E6107FD5ACBDFFB15,SHA256=99C8275678FE526419811BC64793F96B0D55627558DFBBF37E4B9A9C4EEE61E1,IMPHASH=BA9BA9BB26C1A2513FD776DAAC02773E\"}}}",
      "expect": {
        "alert": false
      },
      "category": "noise",
      "attack": null,
      "evasion": false,
      "expected_rule_id": 100251,
      "expected_level": 0,
      "mitre_id": null
    },
