    {
      "name": "noise 904 | rundll32 legit | Control_RunDLL desk args",
      "event": "{\"win\":{\"system\":{\"providerName\":\"Microsoft-Windows-Sysmon\",\"providerGuid\":\"{5770385f-c22a-43e0-bf4c-06f5698ffbd9}\",\"eventID\":\"1\",\"version\":\"5\",\"level\":\"4\",\"task\":\"1\",\"opcode\":\"0\",\"keywords\":\"0x8000000000000000\",\"systemTime\":\"2026-08-19T20:04:26.966908443Z\",\"eventRecordID\":\"550003\",\"channel\":\"Microsoft-Windows-Sysmon/Operational\",\"computer\":\"kingslanding.sevenkingdoms.local\",\"severityValue\":\"INFORMATION\"},\"eventdata\":{\"utcTime\":\"2026-08-19 20:04:26.966\",\"processGuid\":\"{1d14b092-97a2-970e-8eb1-000000000017}\",\"processId\":\"5830\",\"image\":\"C:\\\\Windows\\\\System32\\\\rundll32.exe\",\"commandLine\":\"rundll32.exe C:\\\\Windows\\\\System32\\\\shell32.dll,Control_RunDLL desk.cpl,,0\",\"currentDirectory\":\"C:\\\\Windows\\\\System32\\\\\",\"user\":\"SEVENKINGDOMS\\\\Administrator\",\"parentProcessGuid\":\"{a53cc172-e3d0-4072-f7da-000000000018}\",\"parentProcessId\":\"1218\",\"parentImage\":\"C:\\\\Windows\\\\explorer.exe\",\"parentCommandLine\":\"C:\\\\Windows\\\\explorer.exe\",\"hashes\":\"MD5=4E552EB416B764247C39A00C2211DFF1,SHA256=94EF7001599600BD5547FC572115101961DC25267A67A7E91A59E528009A213D,IMPHASH=3102F53903EC357A6E9EEFDD034E9DE0\"}}}",
      "expect": {
        "alert": false
      },
      "category": "noise",
      "attack": null,
      "evasion": false,
      "expected_rule_id": 100251,
      "expected_level": 0,
      "mitre_id": null
    },
    {
      "name": "noise 905 | rundll32 legit | Control_RunDLL desk.cpl",
      "event": "{\"win\":{\"system\":{\"providerName\":\"Microsoft-Windows-Sysmon\",\"providerGuid\":\"{5770385f-c22a-43e0-bf4c-06f5698ffbd9}\",\"eventID\":\"1\",\"version\":\"5\",\"level\":\"4\",\"task\":\"1\",\"opcode\":\"0\",\"keywords\":\"0x8000000000000000\",\"systemTime\":\"2026-08-19T20:06:51.744335420Z\",\"eventRecordID\":\"550004\",\"channel\":\"Microsoft-Windows-Sysmon/Operational\",\"computer\":\"kingslanding.sevenkingdoms.local\",\"severityValue\":\"INFORMATION\"},\"eventdata\":{\"utcTime\":\"2026-08-19 20:06:51.744\",\"processGuid\":\"{1d14b092-97a2-970e-8eb1-000000000017}\",\"processId\":\"5830\",\"image\":\"C:\\\\Windows\\\\System32\\\\rundll32.exe\",\"commandLine\":\"rundll32.exe C:\\\\Windows\\\\System32\\\\shell32.dll,Control_RunDLL desk.cpl\",\"currentDirectory\":\"C:\\\\Windows\\\\System32\\\\\",\"user\":\"SEVENKINGDOMS\\\\Administrator\",\"parentProcessGuid\":\"{a53cc172-e3d0-4072-f7da-000000000018}\",\"parentProcessId\":\"1218\",\"parentImage\":\"C:\\\\Windows\\\\explorer.exe\",\"parentCommandLine\":\"C:\\\\Windows\\\\explorer.exe\",\"hashes\":\"MD5=4E552EB416B764247C39A00C2211DFF1,SHA256=94EF7001599600BD5547FC572115101961DC25267A67A7E91A59E528009A213D,IMPHASH=3102F53903EC357A6E9EEFDD034E9DE0\"}}}",
      "expect": {
        "alert": false
      },
      "category": "noise",
      "attack": null,
      "evasion": false,
      "expected_rule_id": 100251,
      "expected_level": 0,
      "mitre_id": null
    },
    {
      "name": "noise 906 | rundll32 legit | Control_RunDLL quoted",
      "event": "{\"win\":{\"system\":{\"providerName\":\"Microsoft-Windows-Sysmon\",\"providerGuid\":\"{5770385f-c22a-43e0-bf4c-06f5698ffbd9}\",\"eventID\":\"1\",\"version\":\"5\",\"level\":\"4\",\"task\":\"1\",\"opcode\":\"0\",\"keywords\":\"0x8000000000000000\",\"systemTime\":\"2026-08-19T20:07:51.272853081Z\",\"eventRecordID\":\"550005\",\"channel\":\"Microsoft-Windows-Sysmon/Operational\",\"computer\":\"kingslanding.sevenkingdoms.local\",\"severityValue\":\"INFORMATION\"},\"eventdata\":{\"utcTime\":\"2026-08-19 20:07:51.272\",\"processGuid\":\"{1d14b092-97a2-970e-8eb1-000000000017}\",\"processId\":\"5830\",\"image\":\"C:\\\\Windows\\\\System32\\\\rundll32.exe\",\"commandLine\":\"rundll32.exe \\\"C:\\\\Windows\\\\System32\\\\shell32.dll\\\",Control_RunDLL\",\"currentDirectory\":\"C:\\\\Windows\\\\System32\\\\\",\"user\":\"SEVENKINGDOMS\\\\Administrator\",\"parentProcessGuid\":\"{a53cc172-e3d0-4072-f7da-000000000018}\",\"parentProcessId\":\"1218\",\"parentImage\":\"C:\\\\Windows\\\\explorer.exe\",\"parentCommandLine\":\"C:\\\\Windows\\\\explorer.exe\",\"hashes\":\"MD5=4E552EB416B764247C39A00C2211DFF1,SHA256=94EF7001599600BD5547FC572115101961DC25267A67A7E91A59E528009A213D,IMPHASH=3102F53903EC357A6E9EEFDD034E9DE0\"}}}",
      "expect": {
        "alert": false
      },
      "category": "noise",
      "attack": null,
      "evasion": false,
      "expected_rule_id": 100251,
      "expected_level": 0,
      "mitre_id": null
    },
    {
      "name": "noise 907 | rundll32 legit | Control_RunDLL inetcpl",
      "event": "{\"win\":{\"system\":{\"providerName\":\"Microsoft-Windows-Sysmon\",\"providerGuid\":\"{5770385f-c22a-43e0-bf4c-06f5698ffbd9}\",\"eventID\":\"1\",\"version\":\"5\",\"level\":\"4\",\"task\":\"1\",\"opcode\":\"0\",\"keywords\":\"0x8000000000000000\",\"systemTime\":\"2026-08-19T20:08:24.952998778Z\",\"eventRecordID\":\"550006\",\"channel\":\"Microsoft-Windows-Sysmon/Operational\",\"computer\":\"kingslanding.sevenkingdoms.local\",\"severityValue\":\"INFORMATION\"},\"eventdata\":{\"utcTime\":\"2026-08-19 20:08:24.952\",\"processGuid\":\"{1d14b092-97a2-970e-8eb1-000000000017}\",\"processId\":\"5830\",\"image\":\"C:\\\\Windows\\\\System32\\\\rundll32.exe\",\"commandLine\":\"rundll32.exe \\\"C:\\\\Windows\\\\System32\\\\shell32.dll\\\",Control_RunDLL inetcpl.cpl,,4\",\"currentDirectory\":\"C:\\\\Windows\\\\System32\\\\\",\"user\":\"SEVENKINGDOMS\\\\Administrator\",\"parentProcessGuid\":\"{a53cc172-e3d0-4072-f7da-000000000018}\",\"parentProcessId\":\"1218\",\"parentImage\":\"C:\\\\Windows\\\\explorer.exe\",\"parentCommandLine\":\"C:\\\\Windows\\\\explorer.exe\",\"hashes\":\"MD5=4E552EB416B764247C39A00C2211DFF1,SHA256=94EF7001599600BD5547FC572115101961DC25267A67A7E91A59E528009A213D,IMPHASH=3102F53903EC357A6E9EEFDD034E9DE0\"}}}",
      "expect": {
        "alert": false
      },
      "category": "noise",
      "attack": null,
      "evasion": false,
      "expected_rule_id": 100251,
      "expected_level": 0,
      "mitre_id": null
    },
    {
      "name": "noise 908 | rundll32 legit | Control_RunDLL quoted",
      "event": "{\"win\":{\"system\":{\"providerName\":\"Microsoft-Windows-Sysmon\",\"providerGuid\":\"{5770385f-c22a-43e0-bf4c-06f5698ffbd9}\",\"eventID\":\"1\",\"version\":\"5\",\"level\":\"4\",\"task\":\"1\",\"opcode\":\"0\",\"keywords\":\"0x8000000000000000\",\"systemTime\":\"2026-08-19T20:10:04.145750626Z\",\"eventRecordID\":\"550007\",\"channel\":\"Microsoft-Windows-Sysmon/Operational\",\"computer\":\"kingslanding.sevenkingdoms.local\",\"severityValue\":\"INFORMATION\"},\"eventdata\":{\"utcTime\":\"2026-08-19 20:10:04.145\",\"processGuid\":\"{1d14b092-97a2-970e-8eb1-000000000017}\",\"processId\":\"5830\",\"image\":\"C:\\\\Windows\\\\System32\\\\rundll32.exe\",\"commandLine\":\"rundll32.exe \\\"C:\\\\Windows\\\\System32\\\\shell32.dll\\\",Control_RunDLL\",\"currentDirectory\":\"C:\\\\Windows\\\\System32\\\\\",\"user\":\"SEVENKINGDOMS\\\\Administrator\",\"parentProcessGuid\":\"{a53cc172-e3d0-4072-f7da-000000000018}\",\"parentProcessId\":\"1218\",\"parentImage\":\"C:\\\\Windows\\\\explorer.exe\",\"parentCommandLine\":\"C:\\\\Windows\\\\explorer.exe\",\"hashes\":\"MD5=4E552EB416B764247C39A00C2211DFF1,SHA256=94EF7001599600BD5547FC572115101961DC25267A67A7E91A59E528009A213D,IMPHASH=3102F53903EC357A6E9EEFDD034E9DE0\"}}}",
      "expect": {
        "alert": false
      },
      "category": "noise",
      "attack": null,
      "evasion": false,
      "expected_rule_id": 100251,
      "expected_level": 0,
      "mitre_id": null
    },
    {
      "name": "noise 909 | rundll32 legit | Control_RunDLL quoted",
      "event": "{\"win\":{\"system\":{\"providerName\":\"Microsoft-Windows-Sysmon\",\"providerGuid\":\"{5770385f-c22a-43e0-bf4c-06f5698ffbd9}\",\"eventID\":\"1\",\"version\":\"5\",\"level\":\"4\",\"task\":\"1\",\"opcode\":\"0\",\"keywords\":\"0x8000000000000000\",\"systemTime\":\"2026-08-19T20:11:40.022258343Z\",\"eventRecordID\":\"550008\",\"channel\":\"Microsoft-Windows-Sysmon/Operational\",\"computer\":\"kingslanding.sevenkingdoms.local\",\"severityValue\":\"INFORMATION\"},\"eventdata\":{\"utcTime\":\"2026-08-19 20:11:40.022\",\"processGuid\":\"{1d14b092-97a2-970e-8eb1-000000000017}\",\"processId\":\"5830\",\"image\":\"C:\\\\Windows\\\\System32\\\\rundll32.exe\",\"commandLine\":\"rundll32.exe \\\"C:\\\\Windows\\\\System32\\\\shell32.dll\\\",Control_RunDLL\",\"currentDirectory\":\"C:\\\\Windows\\\\System32\\\\\",\"user\":\"SEVENKINGDOMS\\\\Administrator\",\"parentProcessGuid\":\"{a53cc172-e3d0-4072-f7da-000000000018}\",\"parentProcessId\":\"1218\",\"parentImage\":\"C:\\\\Windows\\\\explorer.exe\",\"parentCommandLine\":\"C:\\\\Windows\\\\explorer.exe\",\"hashes\":\"MD5=4E552EB416B764247C39A00C2211DFF1,SHA256=94EF7001599600BD5547FC572115101961DC25267A67A7E91A59E528009A213D,IMPHASH=3102F53903EC357A6E9EEFDD034E9DE0\"}}}",
      "expect": {
        "alert": false
      },
      "category": "noise",
      "attack": null,
      "evasion": false,
      "expected_rule_id": 100251,
      "expected_level": 0,
      "mitre_id": null
    },
    {
      "name": "noise 910 | rundll32 legit | Control_RunDLL",
      "event": "{\"win\":{\"system\":{\"providerName\":\"Microsoft-Windows-Sysmon\",\"providerGuid\":\"{5770385f-c22a-43e0-bf4c-06f5698ffbd9}\",\"eventID\":\"1\",\"version\":\"5\",\"level\":\"4\",\"task\":\"1\",\"opcode\":\"0\",\"keywords\":\"0x8000000000000000\",\"systemTime\":\"2026-08-19T20:12:51.870957649Z\",\"eventRecordID\":\"550009\",\"channel\":\"Microsoft-Windows-Sysmon/Operational\",\"computer\":\"kingslanding.sevenkingdoms.local\",\"severityValue\":\"INFORMATION\"},\"eventdata\":{\"utcTime\":\"2026-08-19 20:12:51.870\",\"processGuid\":\"{1d14b092-97a2-970e-8eb1-000000000017}\",\"processId\":\"5830\",\"image\":\"C:\\\\Windows\\\\System32\\\\rundll32.exe\",\"commandLine\":\"rundll32.exe C:\\\\Windows\\\\System32\\\\shell32.dll,Control_RunDLL\",\"currentDirectory\":\"C:\\\\Windows\\\\System32\\\\\",\"user\":\"SEVENKINGDOMS\\\\Administrator\",\"parentProcessGuid\":\"{a53cc172-e3d0-4072-f7da-000000000018}\",\"parentProcessId\":\"1218\",\"parentImage\":\"C:\\\\Windows\\\\explorer.exe\",\"parentCommandLine\":\"C:\\\\Windows\\\\explorer.exe\",\"hashes\":\"MD5=4E552EB416B764247C39A00C2211DFF1,SHA256=94EF7001599600BD5547FC572115101961DC25267A67A7E91A59E528009A213D,IMPHASH=3102F53903EC357A6E9EEFDD034E9DE0\"}}}",
      "expect": {
        "alert": false
      },
      "category": "noise",
      "attack": null,
      "evasion": false,
      "expected_rule_id": 100251,
      "expected_level": 0,
      "mitre_id": null
    },
    {
      "name": "noise 911 | rundll32 legit | Control_RunDLL desk.cpl",
      "event": "{\"win\":{\"system\":{\"providerName\":\"Microsoft-Windows-Sysmon\",\"providerGuid\":\"{5770385f-c22a-43e0-bf4c-06f5698ffbd9}\",\"eventID\":\"1\",\"version\":\"5\",\"level\":\"4\",\"task\":\"1\",\"opcode\":\"0\",\"keywords\":\"0x8000000000000000\",\"systemTime\":\"2026-08-19T20:13:50.226937067Z\",\"eventRecordID\":\"550010\",\"channel\":\"Microsoft-Windows-Sysmon/Operational\",\"computer\":\"kingslanding.sevenkingdoms.local\",\"severityValue\":\"INFORMATION\"},\"eventdata\":{\"utcTime\":\"2026-08-19 20:13:50.226\",\"processGuid\":\"{1d14b092-97a2-970e-8eb1-000000000017}\",\"processId\":\"5830\",\"image\":\"C:\\\\Windows\\\\System32\\\\rundll32.exe\",\"commandLine\":\"rundll32.exe C:\\\\Windows\\\\System32\\\\shell32.dll,Control_RunDLL desk.cpl\",\"currentDirectory\":\"C:\\\\Windows\\\\System32\\\\\",\"user\":\"SEVENKINGDOMS\\\\Administrator\",\"parentProcessGuid\":\"{a53cc172-e3d0-4072-f7da-000000000018}\",\"parentProcessId\":\"1218\",\"parentImage\":\"C:\\\\Windows\\\\explorer.exe\",\"parentCommandLine\":\"C:\\\\Windows\\\\explorer.exe\",\"hashes\":\"MD5=4E552EB416B764247C39A00C2211DFF1,SHA256=94EF7001599600BD5547FC572115101961DC25267A67A7E91A59E528009A213D,IMPHASH=3102F53903EC357A6E9EEFDD034E9DE0\"}}}",
      "expect": {
        "alert": false
      },
      "category": "noise",
      "attack": null,
      "evasion": false,
      "expected_rule_id": 100251,
      "expected_level": 0,
      "mitre_id": null
    },
    {
      "name": "noise 912 | rundll32 legit | Control_RunDLL quoted",
      "event": "{\"win\":{\"system\":{\"providerName\":\"Microsoft-Windows-Sysmon\",\"providerGuid\":\"{5770385f-c22a-43e0-bf4c-06f5698ffbd9}\",\"eventID\":\"1\",\"version\":\"5\",\"level\":\"4\",\"task\":\"1\",\"opcode\":\"0\",\"keywords\":\"0x8000000000000000\",\"systemTime\":\"2026-08-19T20:16:02.312938820Z\",\"eventRecordID\":\"550011\",\"channel\":\"Microsoft-Windows-Sysmon/Operational\",\"computer\":\"kingslanding.sevenkingdoms.local\",\"severityValue\":\"INFORMATION\"},\"eventdata\":{\"utcTime\":\"2026-08-19 20:16:02.312\",\"processGuid\":\"{1d14b092-97a2-970e-8eb1-000000000017}\",\"processId\":\"5830\",\"image\":\"C:\\\\Windows\\\\System32\\\\rundll32.exe\",\"commandLine\":\"rundll32.exe \\\"C:\\\\Windows\\\\System32\\\\shell32.dll\\\",Control_RunDLL\",\"currentDirectory\":\"C:\\\\Windows\\\\System32\\\\\",\"user\":\"SEVENKINGDOMS\\\\Administrator\",\"parentProcessGuid\":\"{a53cc172-e3d0-4072-f7da-000000000018}\",\"parentProcessId\":\"1218\",\"parentImage\":\"C:\\\\Windows\\\\explorer.exe\",\"parentCommandLine\":\"C:\\\\Windows\\\\explorer.exe\",\"hashes\":\"MD5=4E552EB416B764247C39A00C2211DFF1,SHA256=94EF7001599600BD5547FC572115101961DC25267A67A7E91A59E528009A213D,IMPHASH=3102F53903EC357A6E9EEFDD034E9DE0\"}}}",
      "expect": {
        "alert": false
      },
      "category": "noise",
      "attack": null,
      "evasion": false,
      "expected_rule_id": 100251,
      "expected_level": 0,
      "mitre_id": null
    },
    {
      "name": "noise 913 | rundll32 legit | Control_RunDLL",
      "event": "{\"win\":{\"system\":{\"providerName\":\"Microsoft-Windows-Sysmon\",\"providerGuid\":\"{5770385f-c22a-43e0-bf4c-06f5698ffbd9}\",\"eventID\":\"1\",\"version\":\"5\",\"level\":\"4\",\"task\":\"1\",\"opcode\":\"0\",\"keywords\":\"0x8000000000000000\",\"systemTime\":\"2026-08-19T20:17:25.168838802Z\",\"eventRecordID\":\"550012\",\"channel\":\"Microsoft-Windows-Sysmon/Operational\",\"computer\":\"kingslanding.sevenkingdoms.local\",\"severityValue\":\"INFORMATION\"},\"eventdata\":{\"utcTime\":\"2026-08-19 20:17:25.168\",\"processGuid\":\"{1d14b092-97a2-970e-8eb1-000000000017}\",\"processId\":\"5830\",\"image\":\"C:\\\\Windows\\\\System32\\\\rundll32.exe\",\"commandLine\":\"rundll32.exe C:\\\\Windows\\\\System32\\\\shell32.dll,Control_RunDLL\",\"currentDirectory\":\"C:\\\\Windows\\\\System32\\\\\",\"user\":\"SEVENKINGDOMS\\\\Administrator\",\"parentProcessGuid\":\"{a53cc172-e3d0-4072-f7da-000000000018}\",\"parentProcessId\":\"1218\",\"parentImage\":\"C:\\\\Windows\\\\explorer.exe\",\"parentCommandLine\":\"C:\\\\Windows\\\\explorer.exe\",\"hashes\":\"MD5=4E552EB416B764247C39A00C2211DFF1,SHA256=94EF7001599600BD5547FC572115101961DC25267A67A7E91A59E528009A213D,IMPHASH=3102F53903EC357A6E9EEFDD034E9DE0\"}}}",
      "expect": {
        "alert": false
      },
      "category": "noise",
      "attack": null,
      "evasion": false,
      "expected_rule_id": 100251,
      "expected_level": 0,
      "mitre_id": null
    },
    {
      "name": "noise 914 | rundll32 legit | Control_RunDLL desk args",
      "event": "{\"win\":{\"system\":{\"providerName\":\"Microsoft-Windows-Sysmon\",\"providerGuid\":\"{5770385f-c22a-43e0-bf4c-06f5698ffbd9}\",\"eventID\":\"1\",\"version\":\"5\",\"level\":\"4\",\"task\":\"1\",\"opcode\":\"0\",\"keywords\":\"0x8000000000000000\",\"systemTime\":\"2026-08-19T20:18:27.623764782Z\",\"eventRecordID\":\"550013\",\"channel\":\"Microsoft-Windows-Sysmon/Operational\",\"computer\":\"kingslanding.sevenkingdoms.local\",\"severityValue\":\"INFORMATION\"},\"eventdata\":{\"utcTime\":\"2026-08-19 20:18:27.623\",\"processGuid\":\"{1d14b092-97a2-970e-8eb1-000000000017}\",\"processId\":\"5830\",\"image\":\"C:\\\\Windows\\\\System32\\\\rundll32.exe\",\"commandLine\":\"rundll32.exe C:\\\\Windows\\\\System32\\\\shell32.dll,Control_RunDLL desk.cpl,,0\",\"currentDirectory\":\"C:\\\\Windows\\\\System32\\\\\",\"user\":\"SEVENKINGDOMS\\\\Administrator\",\"parentProcessGuid\":\"{a53cc172-e3d0-4072-f7da-000000000018}\",\"parentProcessId\":\"1218\",\"parentImage\":\"C:\\\\Windows\\\\explorer.exe\",\"parentCommandLine\":\"C:\\\\Windows\\\\explorer.exe\",\"hashes\":\"MD5=4E552EB416B764247C39A00C2211DFF1,SHA256=94EF7001599600BD5547FC572115101961DC25267A67A7E91A59E528009A213D,IMPHASH=3102F53903EC357A6E9EEFDD034E9DE0\"}}}",
      "expect": {
        "alert": false
      },
      "category": "noise",
      "attack": null,
      "evasion": false,
      "expected_rule_id": 100251,
      "expected_level": 0,
      "mitre_id": null
    },
    {
      "name": "noise 915 | rundll32 legit | Control_RunDLL desk.cpl",
      "event": "{\"win\":{\"system\":{\"providerName\":\"Microsoft-Windows-Sysmon\",\"providerGuid\":\"{5770385f-c22a-43e0-bf4c-06f5698ffbd9}\",\"eventID\":\"1\",\"version\":\"5\",\"level\":\"4\",\"task\":\"1\",\"opcode\":\"0\",\"keywords\":\"0x8000000000000000\",\"systemTime\":\"2026-08-19T20:19:32.408615852Z\",\"eventRecordID\":\"550014\",\"channel\":\"Microsoft-Windows-Sysmon/Operational\",\"computer\":\"kingslanding.sevenkingdoms.local\",\"severityValue\":\"INFORMATION\"},\"eventdata\":{\"utcTime\":\"2026-08-19 20:19:32.408\",\"processGuid\":\"{1d14b092-97a2-970e-8eb1-000000000017}\",\"processId\":\"5830\",\"image\":\"C:\\\\Windows\\\\System32\\\\rundll32.exe\",\"commandLine\":\"rundll32.exe C:\\\\Windows\\\\System32\\\\shell32.dll,Control_RunDLL desk.cpl\",\"currentDirectory\":\"C:\\\\Windows\\\\System32\\\\\",\"user\":\"SEVENKINGDOMS\\\\Administrator\",\"parentProcessGuid\":\"{a53cc172-e3d0-4072-f7da-000000000018}\",\"parentProcessId\":\"1218\",\"parentImage\":\"C:\\\\Windows\\\\explorer.exe\",\"parentCommandLine\":\"C:\\\\Windows\\\\explorer.exe\",\"hashes\":\"MD5=4E552EB416B764247C39A00C2211DFF1,SHA256=94EF7001599600BD5547FC572115101961DC25267A67A7E91A59E528009A213D,IMPHASH=3102F53903EC357A6E9EEFDD034E9DE0\"}}}",
      "expect": {
        "alert": false
      },
      "category": "noise",
      "attack": null,
      "evasion": false,
      "expected_rule_id": 100251,
      "expected_level": 0,
      "mitre_id": null
    },
    {
      "name": "noise 916 | rundll32 legit | Control_RunDLL desk.cpl",
      "event": "{\"win\":{\"system\":{\"providerName\":\"Microsoft-Windows-Sysmon\",\"providerGuid\":\"{5770385f-c22a-43e0-bf4c-06f5698ffbd9}\",\"eventID\":\"1\",\"version\":\"5\",\"level\":\"4\",\"task\":\"1\",\"opcode\":\"0\",\"keywords\":\"0x8000000000000000\",\"systemTime\":\"2026-08-19T20:20:40.059246475Z\",\"eventRecordID\":\"550015\",\"channel\":\"Microsoft-Windows-Sysmon/Operational\",\"computer\":\"kingslanding.sevenkingdoms.local\",\"severityValue\":\"INFORMATION\"},\"eventdata\":{\"utcTime\":\"2026-08-19 20:20:40.059\",\"processGuid\":\"{1d14b092-97a2-970e-8eb1-000000000017}\",\"processId\":\"5830\",\"image\":\"C:\\\\Windows\\\\System32\\\\rundll32.exe\",\"commandLine\":\"rundll32.exe C:\\\\Windows\\\\System32\\\\shell32.dll,Control_RunDLL desk.cpl\",\"currentDirectory\":\"C:\\\\Windows\\\\System32\\\\\",\"user\":\"SEVENKINGDOMS\\\\Administrator\",\"parentProcessGuid\":\"{a53cc172-e3d0-4072-f7da-000000000018}\",\"parentProcessId\":\"1218\",\"parentImage\":\"C:\\\\Windows\\\\explorer.exe\",\"parentCommandLine\":\"C:\\\\Windows\\\\explorer.exe\",\"hashes\":\"MD5=4E552EB416B764247C39A00C2211DFF1,SHA256=94EF7001599600BD5547FC572115101961DC25267A67A7E91A59E528009A213D,IMPHASH=3102F53903EC357A6E9EEFDD034E9DE0\"}}}",
      "expect": {
        "alert": false
      },
      "category": "noise",
      "attack": null,
      "evasion": false,
      "expected_rule_id": 100251,
      "expected_level": 0,
      "mitre_id": null
    },
    {
      "name": "noise 917 | rundll32 legit | Control_RunDLL quoted",
      "event": "{\"win\":{\"system\":{\"providerName\":\"Microsoft-Windows-Sysmon\",\"providerGuid\":\"{5770385f-c22a-43e0-bf4c-06f5698ffbd9}\",\"eventID\":\"1\",\"version\":\"5\",\"level\":\"4\",\"task\":\"1\",\"opcode\":\"0\",\"keywords\":\"0x8000000000000000\",\"systemTime\":\"2026-08-19T20:22:14.136264354Z\",\"eventRecordID\":\"550016\",\"channel\":\"Microsoft-Windows-Sysmon/Operational\",\"computer\":\"kingslanding.sevenkingdoms.local\",\"severityValue\":\"INFORMATION\"},\"eventdata\":{\"utcTime\":\"2026-08-19 20:22:14.136\",\"processGuid\":\"{1d14b092-97a2-970e-8eb1-000000000017}\",\"processId\":\"5830\",\"image\":\"C:\\\\Windows\\\\System32\\\\rundll32.exe\",\"commandLine\":\"rundll32.exe \\\"C:\\\\Windows\\\\System32\\\\shell32.dll\\\",Control_RunDLL\",\"currentDirectory\":\"C:\\\\Windows\\\\System32\\\\\",\"user\":\"SEVENKINGDOMS\\\\Administrator\",\"parentProcessGuid\":\"{a53cc172-e3d0-4072-f7da-000000000018}\",\"parentProcessId\":\"1218\",\"parentImage\":\"C:\\\\Windows\\\\explorer.exe\",\"parentCommandLine\":\"C:\\\\Windows\\\\explorer.exe\",\"hashes\":\"MD5=4E552EB416B764247C39A00C2211DFF1,SHA256=94EF7001599600BD5547FC572115101961DC25267A67A7E91A59E528009A213D,IMPHASH=3102F53903EC357A6E9EEFDD034E9DE0\"}}}",
      "expect": {
        "alert": false
      },
      "category": "noise",
      "attack": null,
      "evasion": false,
      "expected_rule_id": 100251,
      "expected_level": 0,
      "mitre_id": null
    },
    {
      "name": "noise 918 | rundll32 legit | Control_RunDLL inetcpl",
      "event": "{\"win\":{\"system\":{\"providerName\":\"Microsoft-Windows-Sysmon\",\"providerGuid\":\"{5770385f-c22a-43e0-bf4c-06f5698ffbd9}\",\"eventID\":\"1\",\"version\":\"5\",\"level\":\"4\",\"task\":\"1\",\"opcode\":\"0\",\"keywords\":\"0x8000000000000000\",\"systemTime\":\"2026-08-19T20:24:03.954792683Z\",\"eventRecordID\":\"550017\",\"channel\":\"Microsoft-Windows-Sysmon/Operational\",\"computer\":\"kingslanding.sevenkingdoms.local\",\"severityValue\":\"INFORMATION\"},\"eventdata\":{\"utcTime\":\"2026-08-19 20:24:03.954\",\"processGuid\":\"{1d14b092-97a2-970e-8eb1-000000000017}\",\"processId\":\"5830\",\"image\":\"C:\\\\Windows\\\\System32\\\\rundll32.exe\",\"commandLine\":\"rundll32.exe \\\"C:\\\\Windows\\\\System32\\\\shell32.dll\\\",Control_RunDLL inetcpl.cpl,,4\",\"currentDirectory\":\"C:\\\\Windows\\\\System32\\\\\",\"user\":\"SEVENKINGDOMS\\\\Administrator\",\"parentProcessGuid\":\"{a53cc172-e3d0-4072-f7da-000000000018}\",\"parentProcessId\":\"1218\",\"parentImage\":\"C:\\\\Windows\\\\explorer.exe\",\"parentCommandLine\":\"C:\\\\Windows\\\\explorer.exe\",\"hashes\":\"MD5=4E552EB416B764247C39A00C2211DFF1,SHA256=94EF7001599600BD5547FC572115101961DC25267A67A7E91A59E528009A213D,IMPHASH=3102F53903EC357A6E9EEFDD034E9DE0\"}}}",
      "expect": {
        "alert": false
      },
      "category": "noise",
      "attack": null,
      "evasion": false,
      "expected_rule_id": 100251,
      "expected_level": 0,
      "mitre_id": null
    },
    {
      "name": "noise 919 | rundll32 legit | Control_RunDLL inetcpl",
      "event": "{\"win\":{\"system\":{\"providerName\":\"Microsoft-Windows-Sysmon\",\"providerGuid\":\"{5770385f-c22a-43e0-bf4c-06f5698ffbd9}\",\"eventID\":\"1\",\"version\":\"5\",\"level\":\"4\",\"task\":\"1\",\"opcode\":\"0\",\"keywords\":\"0x8000000000000000\",\"systemTime\":\"2026-08-19T20:24:21.405482752Z\",\"eventRecordID\":\"550018\",\"channel\":\"Microsoft-Windows-Sysmon/Operational\",\"computer\":\"kingslanding.sevenkingdoms.local\",\"severityValue\":\"INFORMATION\"},\"eventdata\":{\"utcTime\":\"2026-08-19 20:24:21.405\",\"processGuid\":\"{1d14b092-97a2-970e-8eb1-000000000017}\",\"processId\":\"5830\",\"image\":\"C:\\\\Windows\\\\System32\\\\rundll32.exe\",\"commandLine\":\"rundll32.exe \\\"C:\\\\Windows\\\\System32\\\\shell32.dll\\\",Control_RunDLL inetcpl.cpl,,4\",\"currentDirectory\":\"C:\\\\Windows\\\\System32\\\\\",\"user\":\"SEVENKINGDOMS\\\\Administrator\",\"parentProcessGuid\":\"{a53cc172-e3d0-4072-f7da-000000000018}\",\"parentProcessId\":\"1218\",\"parentImage\":\"C:\\\\Windows\\\\explorer.exe\",\"parentCommandLine\":\"C:\\\\Windows\\\\explorer.exe\",\"hashes\":\"MD5=4E552EB416B764247C39A00C2211DFF1,SHA256=94EF7001599600BD5547FC572115101961DC25267A67A7E91A59E528009A213D,IMPHASH=3102F53903EC357A6E9EEFDD034E9DE0\"}}}",
      "expect": {
        "alert": false
      },
      "category": "noise",
      "attack": null,
      "evasion": false,
      "expected_rule_id": 100251,
      "expected_level": 0,
      "mitre_id": null
    },
    {
      "name": "noise 920 | rundll32 legit | Control_RunDLL desk.cpl",
      "event": "{\"win\":{\"system\":{\"providerName\":\"Microsoft-Windows-Sysmon\",\"providerGuid\":\"{5770385f-c22a-43e0-bf4c-06f5698ffbd9}\",\"eventID\":\"1\",\"version\":\"5\",\"level\":\"4\",\"task\":\"1\",\"opcode\":\"0\",\"keywords\":\"0x8000000000000000\",\"systemTime\":\"2026-08-19T20:26:07.618754938Z\",\"eventRecordID\":\"550019\",\"channel\":\"Microsoft-Windows-Sysmon/Operational\",\"computer\":\"kingslanding.sevenkingdoms.local\",\"severityValue\":\"INFORMATION\"},\"eventdata\":{\"utcTime\":\"2026-08-19 20:26:07.618\",\"processGuid\":\"{1d14b092-97a2-970e-8eb1-000000000017}\",\"processId\":\"5830\",\"image\":\"C:\\\\Windows\\\\System32\\\\rundll32.exe\",\"commandLine\":\"rundll32.exe C:\\\\Windows\\\\System32\\\\shell32.dll,Control_RunDLL desk.cpl\",\"currentDirectory\":\"C:\\\\Windows\\\\System32\\\\\",\"user\":\"SEVENKINGDOMS\\\\Administrator\",\"parentProcessGuid\":\"{a53cc172-e3d0-4072-f7da-000000000018}\",\"parentProcessId\":\"1218\",\"parentImage\":\"C:\\\\Windows\\\\explorer.exe\",\"parentCommandLine\":\"C:\\\\Windows\\\\explorer.exe\",\"hashes\":\"MD5=4E552EB416B764247C39A00C2211DFF1,SHA256=94EF7001599600BD5547FC572115101961DC25267A67A7E91A59E528009A213D,IMPHASH=3102F53903EC357A6E9EEFDD034E9DE0\"}}}",
      "expect": {
        "alert": false
      },
      "category": "noise",
      "attack": null,
      "evasion": false,
      "expected_rule_id": 100251,
      "expected_level": 0,
      "mitre_id": null
    },
    {
      "name": "noise 921 | rundll32 legit | Control_RunDLL desk.cpl",
      "event": "{\"win\":{\"system\":{\"providerName\":\"Microsoft-Windows-Sysmon\",\"providerGuid\":\"{5770385f-c22a-43e0-bf4c-06f5698ffbd9}\",\"eventID\":\"1\",\"version\":\"5\",\"level\":\"4\",\"task\":\"1\",\"opcode\":\"0\",\"keywords\":\"0x8000000000000000\",\"systemTime\":\"2026-08-19T20:27:09.518461827Z\",\"eventRecordID\":\"550020\",\"channel\":\"Microsoft-Windows-Sysmon/Operational\",\"computer\":\"kingslanding.sevenkingdoms.local\",\"severityValue\":\"INFORMATION\"},\"eventdata\":{\"utcTime\":\"2026-08-19 20:27:09.518\",\"processGuid\":\"{1d14b092-97a2-970e-8eb1-000000000017}\",\"processId\":\"5830\",\"image\":\"C:\\\\Windows\\\\System32\\\\rundll32.exe\",\"commandLine\":\"rundll32.exe C:\\\\Windows\\\\System32\\\\shell32.dll,Control_RunDLL desk.cpl\",\"currentDirectory\":\"C:\\\\Windows\\\\System32\\\\\",\"user\":\"SEVENKINGDOMS\\\\Administrator\",\"parentProcessGuid\":\"{a53cc172-e3d0-4072-f7da-000000000018}\",\"parentProcessId\":\"1218\",\"parentImage\":\"C:\\\\Windows\\\\explorer.exe\",\"parentCommandLine\":\"C:\\\\Windows\\\\explorer.exe\",\"hashes\":\"MD5=4E552EB416B764247C39A00C2211DFF1,SHA256=94EF7001599600BD5547FC572115101961DC25267A67A7E91A59E528009A213D,IMPHASH=3102F53903EC357A6E9EEFDD034E9DE0\"}}}",
      "expect": {
        "alert": false
      },
      "category": "noise",
      "attack": null,
      "evasion": false,
      "expected_rule_id": 100251,
      "expected_level": 0,
      "mitre_id": null
    },
    {
      "name": "noise 922 | rundll32 legit | Control_RunDLL quoted",
      "event": "{\"win\":{\"system\":{\"providerName\":\"Microsoft-Windows-Sysmon\",\"providerGuid\":\"{5770385f-c22a-43e0-bf4c-06f5698ffbd9}\",\"eventID\":\"1\",\"version\":\"5\",\"level\":\"4\",\"task\":\"1\",\"opcode\":\"0\",\"keywords\":\"0x8000000000000000\",\"systemTime\":\"2026-08-19T20:29:29.632722648Z\",\"eventRecordID\":\"550021\",\"channel\":\"Microsoft-Windows-Sysmon/Operational\",\"computer\":\"kingslanding.sevenkingdoms.local\",\"severityValue\":\"INFORMATION\"},\"eventdata\":{\"utcTime\":\"2026-08-19 20:29:29.632\",\"processGuid\":\"{1d14b092-97a2-970e-8eb1-000000000017}\",\"processId\":\"5830\",\"image\":\"C:\\\\Windows\\\\System32\\\\rundll32.exe\",\"commandLine\":\"rundll32.exe \\\"C:\\\\Windows\\\\System32\\\\shell32.dll\\\",Control_RunDLL\",\"currentDirectory\":\"C:\\\\Windows\\\\System32\\\\\",\"user\":\"SEVENKINGDOMS\\\\Administrator\",\"parentProcessGuid\":\"{a53cc172-e3d0-4072-f7da-000000000018}\",\"parentProcessId\":\"1218\",\"parentImage\":\"C:\\\\Windows\\\\explorer.exe\",\"parentCommandLine\":\"C:\\\\Windows\\\\explorer.exe\",\"hashes\":\"MD5=4E552EB416B764247C39A00C2211DFF1,SHA256=94EF7001599600BD5547FC572115101961DC25267A67A7E91A59E528009A213D,IMPHASH=3102F53903EC357A6E9EEFDD034E9DE0\"}}}",
      "expect": {
        "alert": false
      },
      "category": "noise",
      "attack": null,
      "evasion": false,
      "expected_rule_id": 100251,
      "expected_level": 0,
      "mitre_id": null
    },
    {
      "name": "noise 923 | rundll32 legit | Control_RunDLL desk.cpl",
      "event": "{\"win\":{\"system\":{\"providerName\":\"Microsoft-Windows-Sysmon\",\"providerGuid\":\"{5770385f-c22a-43e0-bf4c-06f5698ffbd9}\",\"eventID\":\"1\",\"version\":\"5\",\"level\":\"4\",\"task\":\"1\",\"opcode\":\"0\",\"keywords\":\"0x8000000000000000\",\"systemTime\":\"2026-08-19T20:30:04.831534614Z\",\"eventRecordID\":\"550022\",\"channel\":\"Microsoft-Windows-Sysmon/Operational\",\"computer\":\"kingslanding.sevenkingdoms.local\",\"severityValue\":\"INFORMATION\"},\"eventdata\":{\"utcTime\":\"2026-08-19 20:30:04.831\",\"processGuid\":\"{1d14b092-97a2-970e-8eb1-000000000017}\",\"processId\":\"5830\",\"image\":\"C:\\\\Windows\\\\System32\\\\rundll32.exe\",\"commandLine\":\"rundll32.exe C:\\\\Windows\\\\System32\\\\shell32.dll,Control_RunDLL desk.cpl\",\"currentDirectory\":\"C:\\\\Windows\\\\System32\\\\\",\"user\":\"SEVENKINGDOMS\\\\Administrator\",\"parentProcessGuid\":\"{a53cc172-e3d0-4072-f7da-000000000018}\",\"parentProcessId\":\"1218\",\"parentImage\":\"C:\\\\Windows\\\\explorer.exe\",\"parentCommandLine\":\"C:\\\\Windows\\\\explorer.exe\",\"hashes\":\"MD5=4E552EB416B764247C39A00C2211DFF1,SHA256=94EF7001599600BD5547FC572115101961DC25267A67A7E91A59E528009A213D,IMPHASH=3102F53903EC357A6E9EEFDD034E9DE0\"}}}",
      "expect": {
        "alert": false
      },
      "category": "noise",
      "attack": null,
      "evasion": false,
      "expected_rule_id": 100251,
      "expected_level": 0,
      "mitre_id": null
    },
    {
      "name": "noise 924 | rundll32 legit | Control_RunDLL desk.cpl",
      "event": "{\"win\":{\"system\":{\"providerName\":\"Microsoft-Windows-Sysmon\",\"providerGuid\":\"{5770385f-c22a-43e0-bf4c-06f5698ffbd9}\",\"eventID\":\"1\",\"version\":\"5\",\"level\":\"4\",\"task\":\"1\",\"opcode\":\"0\",\"keywords\":\"0x8000000000000000\",\"systemTime\":\"2026-08-19T20:32:17.176370607Z\",\"eventRecordID\":\"550023\",\"channel\":\"Microsoft-Windows-Sysmon/Operational\",\"computer\":\"kingslanding.sevenkingdoms.local\",\"severityValue\":\"INFORMATION\"},\"eventdata\":{\"utcTime\":\"2026-08-19 20:32:17.176\",\"processGuid\":\"{1d14b092-97a2-970e-8eb1-000000000017}\",\"processId\":\"5830\",\"image\":\"C:\\\\Windows\\\\System32\\\\rundll32.exe\",\"commandLine\":\"rundll32.exe C:\\\\Windows\\\\System32\\\\shell32.dll,Control_RunDLL desk.cpl\",\"currentDirectory\":\"C:\\\\Windows\\\\System32\\\\\",\"user\":\"SEVENKINGDOMS\\\\Administrator\",\"parentProcessGuid\":\"{a53cc172-e3d0-4072-f7da-000000000018}\",\"parentProcessId\":\"1218\",\"parentImage\":\"C:\\\\Windows\\\\explorer.exe\",\"parentCommandLine\":\"C:\\\\Windows\\\\explorer.exe\",\"hashes\":\"MD5=4E552EB416B764247C39A00C2211DFF1,SHA256=94EF7001599600BD5547FC572115101961DC25267A67A7E91A59E528009A213D,IMPHASH=3102F53903EC357A6E9EEFDD034E9DE0\"}}}",
      "expect": {
        "alert": false
      },
      "category": "noise",
      "attack": null,
      "evasion": false,
      "expected_rule_id": 100251,
      "expected_level": 0,
      "mitre_id": null
    },
    {
      "name": "noise 925 | rundll32 legit | Control_RunDLL quoted",
      "event": "{\"win\":{\"system\":{\"providerName\":\"Microsoft-Windows-Sysmon\",\"providerGuid\":\"{5770385f-c22a-43e0-bf4c-06f5698ffbd9}\",\"eventID\":\"1\",\"version\":\"5\",\"level\":\"4\",\"task\":\"1\",\"opcode\":\"0\",\"keywords\":\"0x8000000000000000\",\"systemTime\":\"2026-08-19T20:32:39.573197242Z\",\"eventRecordID\":\"550024\",\"channel\":\"Microsoft-Windows-Sysmon/Operational\",\"computer\":\"kingslanding.sevenkingdoms.local\",\"severityValue\":\"INFORMATION\"},\"eventdata\":{\"utcTime\":\"2026-08-19 20:32:39.573\",\"processGuid\":\"{1d14b092-97a2-970e-8eb1-000000000017}\",\"processId\":\"5830\",\"image\":\"C:\\\\Windows\\\\System32\\\\rundll32.exe\",\"commandLine\":\"rundll32.exe \\\"C:\\\\Windows\\\\System32\\\\shell32.dll\\\",Control_RunDLL\",\"currentDirectory\":\"C:\\\\Windows\\\\System32\\\\\",\"user\":\"SEVENKINGDOMS\\\\Administrator\",\"parentProcessGuid\":\"{a53cc172-e3d0-4072-f7da-000000000018}\",\"parentProcessId\":\"1218\",\"parentImage\":\"C:\\\\Windows\\\\explorer.exe\",\"parentCommandLine\":\"C:\\\\Windows\\\\explorer.exe\",\"hashes\":\"MD5=4E552EB416B764247C39A00C2211DFF1,SHA256=94EF7001599600BD5547FC572115101961DC25267A67A7E91A59E528009A213D,IMPHASH=3102F53903EC357A6E9EEFDD034E9DE0\"}}}",
      "expect": {
        "alert": false
      },
      "category": "noise",
      "attack": null,
      "evasion": false,
      "expected_rule_id": 100251,
      "expected_level": 0,
      "mitre_id": null
    },
    {
      "name": "noise 926 | rundll32 legit | Control_RunDLL",
      "event": "{\"win\":{\"system\":{\"providerName\":\"Microsoft-Windows-Sysmon\",\"providerGuid\":\"{5770385f-c22a-43e0-bf4c-06f5698ffbd9}\",\"eventID\":\"1\",\"version\":\"5\",\"level\":\"4\",\"task\":\"1\",\"opcode\":\"0\",\"keywords\":\"0x8000000000000000\",\"systemTime\":\"2026-08-19T20:33:58.523472397Z\",\"eventRecordID\":\"550025\",\"channel\":\"Microsoft-Windows-Sysmon/Operational\",\"computer\":\"kingslanding.sevenkingdoms.local\",\"severityValue\":\"INFORMATION\"},\"eventdata\":{\"utcTime\":\"2026-08-19 20:33:58.523\",\"processGuid\":\"{1d14b092-97a2-970e-8eb1-000000000017}\",\"processId\":\"5830\",\"image\":\"C:\\\\Windows\\\\System32\\\\rundll32.exe\",\"commandLine\":\"rundll32.exe C:\\\\Windows\\\\System32\\\\shell32.dll,Control_RunDLL\",\"currentDirectory\":\"C:\\\\Windows\\\\System32\\\\\",\"user\":\"SEVENKINGDOMS\\\\Administrator\",\"parentProcessGuid\":\"{a53cc172-e3d0-4072-f7da-000000000018}\",\"parentProcessId\":\"1218\",\"parentImage\":\"C:\\\\Windows\\\\explorer.exe\",\"parentCommandLine\":\"C:\\\\Windows\\\\explorer.exe\",\"hashes\":\"MD5=4E552EB416B764247C39A00C2211DFF1,SHA256=94EF7001599600BD5547FC572115101961DC25267A67A7E91A59E528009A213D,IMPHASH=3102F53903EC357A6E9EEFDD034E9DE0\"}}}",
      "expect": {
        "alert": false
      },
      "category": "noise",
      "attack": null,
      "evasion": false,
      "expected_rule_id": 100251,
      "expected_level": 0,
      "mitre_id": null
    },
    {
      "name": "noise 927 | rundll32 legit | Control_RunDLL",
      "event": "{\"win\":{\"system\":{\"providerName\":\"Microsoft-Windows-Sysmon\",\"providerGuid\":\"{5770385f-c22a-43e0-bf4c-06f5698ffbd9}\",\"eventID\":\"1\",\"version\":\"5\",\"level\":\"4\",\"task\":\"1\",\"opcode\":\"0\",\"keywords\":\"0x8000000000000000\",\"systemTime\":\"2026-08-19T20:36:07.476319351Z\",\"eventRecordID\":\"550026\",\"channel\":\"Microsoft-Windows-Sysmon/Operational\",\"computer\":\"kingslanding.sevenkingdoms.local\",\"severityValue\":\"INFORMATION\"},\"eventdata\":{\"utcTime\":\"2026-08-19 20:36:07.476\",\"processGuid\":\"{1d14b092-97a2-970e-8eb1-000000000017}\",\"processId\":\"5830\",\"image\":\"C:\\\\Windows\\\\System32\\\\rundll32.exe\",\"commandLine\":\"rundll32.exe C:\\\\Windows\\\\System32\\\\shell32.dll,Control_RunDLL\",\"currentDirectory\":\"C:\\\\Windows\\\\System32\\\\\",\"user\":\"SEVENKINGDOMS\\\\Administrator\",\"parentProcessGuid\":\"{a53cc172-e3d0-4072-f7da-000000000018}\",\"parentProcessId\":\"1218\",\"parentImage\":\"C:\\\\Windows\\\\explorer.exe\",\"parentCommandLine\":\"C:\\\\Windows\\\\explorer.exe\",\"hashes\":\"MD5=4E552EB416B764247C39A00C2211DFF1,SHA256=94EF7001599600BD5547FC572115101961DC25267A67A7E91A59E528009A213D,IMPHASH=3102F53903EC357A6E9EEFDD034E9DE0\"}}}",
      "expect": {
        "alert": false
      },
      "category": "noise",
      "attack": null,
      "evasion": false,
      "expected_rule_id": 100251,
      "expected_level": 0,
      "mitre_id": null
    },
    {
      "name": "noise 928 | rundll32 legit | Control_RunDLL desk.cpl",
      "event": "{\"win\":{\"system\":{\"providerName\":\"Microsoft-Windows-Sysmon\",\"providerGuid\":\"{5770385f-c22a-43e0-bf4c-06f5698ffbd9}\",\"eventID\":\"1\",\"version\":\"5\",\"level\":\"4\",\"task\":\"1\",\"opcode\":\"0\",\"keywords\":\"0x8000000000000000\",\"systemTime\":\"2026-08-19T20:36:52.044937958Z\",\"eventRecordID\":\"550027\",\"channel\":\"Microsoft-Windows-Sysmon/Operational\",\"computer\":\"kingslanding.sevenkingdoms.local\",\"severityValue\":\"INFORMATION\"},\"eventdata\":{\"utcTime\":\"2026-08-19 20:36:52.044\",\"processGuid\":\"{1d14b092-97a2-970e-8eb1-000000000017}\",\"processId\":\"5830\",\"image\":\"C:\\\\Windows\\\\System32\\\\rundll32.exe\",\"commandLine\":\"rundll32.exe C:\\\\Windows\\\\System32\\\\shell32.dll,Control_RunDLL desk.cpl\",\"currentDirectory\":\"C:\\\\Windows\\\\System32\\\\\",\"user\":\"SEVENKINGDOMS\\\\Administrator\",\"parentProcessGuid\":\"{a53cc172-e3d0-4072-f7da-000000000018}\",\"parentProcessId\":\"1218\",\"parentImage\":\"C:\\\\Windows\\\\explorer.exe\",\"parentCommandLine\":\"C:\\\\Windows\\\\explorer.exe\",\"hashes\":\"MD5=4E552EB416B764247C39A00C2211DFF1,SHA256=94EF7001599600BD5547FC572115101961DC25267A67A7E91A59E528009A213D,IMPHASH=3102F53903EC357A6E9EEFDD034E9DE0\"}}}",
      "expect": {
        "alert": false
      },
      "category": "noise",
      "attack": null,
      "evasion": false,
      "expected_rule_id": 100251,
      "expected_level": 0,
      "mitre_id": null
    },
    {
      "name": "noise 929 | rundll32 legit | Control_RunDLL inetcpl",
      "event": "{\"win\":{\"system\":{\"providerName\":\"Microsoft-Windows-Sysmon\",\"providerGuid\":\"{5770385f-c22a-43e0-bf4c-06f5698ffbd9}\",\"eventID\":\"1\",\"version\":\"5\",\"level\":\"4\",\"task\":\"1\",\"opcode\":\"0\",\"keywords\":\"0x8000000000000000\",\"systemTime\":\"2026-08-19T20:37:43.656778101Z\",\"eventRecordID\":\"550028\",\"channel\":\"Microsoft-Windows-Sysmon/Operational\",\"computer\":\"kingslanding.sevenkingdoms.local\",\"severityValue\":\"INFORMATION\"},\"eventdata\":{\"utcTime\":\"2026-08-19 20:37:43.656\",\"processGuid\":\"{1d14b092-97a2-970e-8eb1-000000000017}\",\"processId\":\"5830\",\"image\":\"C:\\\\Windows\\\\System32\\\\rundll32.exe\",\"commandLine\":\"rundll32.exe \\\"C:\\\\Windows\\\\System32\\\\shell32.dll\\\",Control_RunDLL inetcpl.cpl,,4\",\"currentDirectory\":\"C:\\\\Windows\\\\System32\\\\\",\"user\":\"SEVENKINGDOMS\\\\Administrator\",\"parentProcessGuid\":\"{a53cc172-e3d0-4072-f7da-000000000018}\",\"parentProcessId\":\"1218\",\"parentImage\":\"C:\\\\Windows\\\\explorer.exe\",\"parentCommandLine\":\"C:\\\\Windows\\\\explorer.exe\",\"hashes\":\"MD5=4E552EB416B764247C39A00C2211DFF1,SHA256=94EF7001599600BD5547FC572115101961DC25267A67A7E91A59E528009A213D,IMPHASH=3102F53903EC357A6E9EEFDD034E9DE0\"}}}",
      "expect": {
        "alert": false
      },
      "category": "noise",
      "attack": null,
      "evasion": false,
      "expected_rule_id": 100251,
      "expected_level": 0,
      "mitre_id": null
    },
    {
      "name": "noise 930 | rundll32 legit | Control_RunDLL inetcpl",
      "event": "{\"win\":{\"system\":{\"providerName\":\"Microsoft-Windows-Sysmon\",\"providerGuid\":\"{5770385f-c22a-43e0-bf4c-06f5698ffbd9}\",\"eventID\":\"1\",\"version\":\"5\",\"level\":\"4\",\"task\":\"1\",\"opcode\":\"0\",\"keywords\":\"0x8000000000000000\",\"systemTime\":\"2026-08-19T20:39:43.099597232Z\",\"eventRecordID\":\"550029\",\"channel\":\"Microsoft-Windows-Sysmon/Operational\",\"computer\":\"kingslanding.sevenkingdoms.local\",\"severityValue\":\"INFORMATION\"},\"eventdata\":{\"utcTime\":\"2026-08-19 20:39:43.099\",\"processGuid\":\"{1d14b092-97a2-970e-8eb1-000000000017}\",\"processId\":\"5830\",\"image\":\"C:\\\\Windows\\\\System32\\\\rundll32.exe\",\"commandLine\":\"rundll32.exe \\\"C:\\\\Windows\\\\System32\\\\shell32.dll\\\",Control_RunDLL inetcpl.cpl,,4\",\"currentDirectory\":\"C:\\\\Windows\\\\System32\\\\\",\"user\":\"SEVENKINGDOMS\\\\Administrator\",\"parentProcessGuid\":\"{a53cc172-e3d0-4072-f7da-000000000018}\",\"parentProcessId\":\"1218\",\"parentImage\":\"C:\\\\Windows\\\\explorer.exe\",\"parentCommandLine\":\"C:\\\\Windows\\\\explorer.exe\",\"hashes\":\"MD5=4E552EB416B764247C39A00C2211DFF1,SHA256=94EF7001599600BD5547FC572115101961DC25267A67A7E91A59E528009A213D,IMPHASH=3102F53903EC357A6E9EEFDD034E9DE0\"}}}",
      "expect": {
        "alert": false
      },
      "category": "noise",
      "attack": null,
      "evasion": false,
      "expected_rule_id": 100251,
      "expected_level": 0,
      "mitre_id": null
    },
    {
      "name": "noise 931 | rundll32 legit | Control_RunDLL quoted",
      "event": "{\"win\":{\"system\":{\"providerName\":\"Microsoft-Windows-Sysmon\",\"providerGuid\":\"{5770385f-c22a-43e0-bf4c-06f5698ffbd9}\",\"eventID\":\"1\",\"version\":\"5\",\"level\":\"4\",\"task\":\"1\",\"opcode\":\"0\",\"keywords\":\"0x8000000000000000\",\"systemTime\":\"2026-08-19T20:41:03.383716972Z\",\"eventRecordID\":\"550030\",\"channel\":\"Microsoft-Windows-Sysmon/Operational\",\"computer\":\"kingslanding.sevenkingdoms.local\",\"severityValue\":\"INFORMATION\"},\"eventdata\":{\"utcTime\":\"2026-08-19 20:41:03.383\",\"processGuid\":\"{1d14b092-97a2-970e-8eb1-000000000017}\",\"processId\":\"5830\",\"image\":\"C:\\\\Windows\\\\System32\\\\rundll32.exe\",\"commandLine\":\"rundll32.exe \\\"C:\\\\Windows\\\\System32\\\\shell32.dll\\\",Control_RunDLL\",\"currentDirectory\":\"C:\\\\Windows\\\\System32\\\\\",\"user\":\"SEVENKINGDOMS\\\\Administrator\",\"parentProcessGuid\":\"{a53cc172-e3d0-4072-f7da-000000000018}\",\"parentProcessId\":\"1218\",\"parentImage\":\"C:\\\\Windows\\\\explorer.exe\",\"parentCommandLine\":\"C:\\\\Windows\\\\explorer.exe\",\"hashes\":\"MD5=4E552EB416B764247C39A00C2211DFF1,SHA256=94EF7001599600BD5547FC572115101961DC25267A67A7E91A59E528009A213D,IMPHASH=3102F53903EC357A6E9EEFDD034E9DE0\"}}}",
      "expect": {
        "alert": false
      },
      "category": "noise",
      "attack": null,
      "evasion": false,
      "expected_rule_id": 100251,
      "expected_level": 0,
      "mitre_id": null
    },
    {
      "name": "noise 932 | rundll32 legit | Control_RunDLL inetcpl",
      "event": "{\"win\":{\"system\":{\"providerName\":\"Microsoft-Windows-Sysmon\",\"providerGuid\":\"{5770385f-c22a-43e0-bf4c-06f5698ffbd9}\",\"eventID\":\"1\",\"version\":\"5\",\"level\":\"4\",\"task\":\"1\",\"opcode\":\"0\",\"keywords\":\"0x8000000000000000\",\"systemTime\":\"2026-08-19T20:42:02.478615731Z\",\"eventRecordID\":\"550031\",\"channel\":\"Microsoft-Windows-Sysmon/Operational\",\"computer\":\"kingslanding.sevenkingdoms.local\",\"severityValue\":\"INFORMATION\"},\"eventdata\":{\"utcTime\":\"2026-08-19 20:42:02.478\",\"processGuid\":\"{1d14b092-97a2-970e-8eb1-000000000017}\",\"processId\":\"5830\",\"image\":\"C:\\\\Windows\\\\System32\\\\rundll32.exe\",\"commandLine\":\"rundll32.exe \\\"C:\\\\Windows\\\\System32\\\\shell32.dll\\\",Control_RunDLL inetcpl.cpl,,4\",\"currentDirectory\":\"C:\\\\Windows\\\\System32\\\\\",\"user\":\"SEVENKINGDOMS\\\\Administrator\",\"parentProcessGuid\":\"{a53cc172-e3d0-4072-f7da-000000000018}\",\"parentProcessId\":\"1218\",\"parentImage\":\"C:\\\\Windows\\\\explorer.exe\",\"parentCommandLine\":\"C:\\\\Windows\\\\explorer.exe\",\"hashes\":\"MD5=4E552EB416B764247C39A00C2211DFF1,SHA256=94EF7001599600BD5547FC572115101961DC25267A67A7E91A59E528009A213D,IMPHASH=3102F53903EC357A6E9EEFDD034E9DE0\"}}}",
      "expect": {
        "alert": false
      },
      "category": "noise",
      "attack": null,
      "evasion": false,
      "expected_rule_id": 100251,
      "expected_level": 0,
      "mitre_id": null
    },
    {
      "name": "noise 933 | rundll32 legit | Control_RunDLL desk.cpl",
      "event": "{\"win\":{\"system\":{\"providerName\":\"Microsoft-Windows-Sysmon\",\"providerGuid\":\"{5770385f-c22a-43e0-bf4c-06f5698ffbd9}\",\"eventID\":\"1\",\"version\":\"5\",\"level\":\"4\",\"task\":\"1\",\"opcode\":\"0\",\"keywords\":\"0x8000000000000000\",\"systemTime\":\"2026-08-19T20:43:34.890169377Z\",\"eventRecordID\":\"550032\",\"channel\":\"Microsoft-Windows-Sysmon/Operational\",\"computer\":\"kingslanding.sevenkingdoms.local\",\"severityValue\":\"INFORMATION\"},\"eventdata\":{\"utcTime\":\"2026-08-19 20:43:34.890\",\"processGuid\":\"{1d14b092-97a2-970e-8eb1-000000000017}\",\"processId\":\"5830\",\"image\":\"C:\\\\Windows\\\\System32\\\\rundll32.exe\",\"commandLine\":\"rundll32.exe C:\\\\Windows\\\\System32\\\\shell32.dll,Control_RunDLL desk.cpl\",\"currentDirectory\":\"C:\\\\Windows\\\\System32\\\\\",\"user\":\"SEVENKINGDOMS\\\\Administrator\",\"parentProcessGuid\":\"{a53cc172-e3d0-4072-f7da-000000000018}\",\"parentProcessId\":\"1218\",\"parentImage\":\"C:\\\\Windows\\\\explorer.exe\",\"parentCommandLine\":\"C:\\\\Windows\\\\explorer.exe\",\"hashes\":\"MD5=4E552EB416B764247C39A00C2211DFF1,SHA256=94EF7001599600BD5547FC572115101961DC25267A67A7E91A59E528009A213D,IMPHASH=3102F53903EC357A6E9EEFDD034E9DE0\"}}}",
      "expect": {
        "alert": false
      },
      "category": "noise",
      "attack": null,
      "evasion": false,
      "expected_rule_id": 100251,
      "expected_level": 0,
      "mitre_id": null
    },
    {
      "name": "noise 934 | rundll32 legit | Control_RunDLL desk args",
      "event": "{\"win\":{\"system\":{\"providerName\":\"Microsoft-Windows-Sysmon\",\"providerGuid\":\"{5770385f-c22a-43e0-bf4c-06f5698ffbd9}\",\"eventID\":\"1\",\"version\":\"5\",\"level\":\"4\",\"task\":\"1\",\"opcode\":\"0\",\"keywords\":\"0x8000000000000000\",\"systemTime\":\"2026-08-19T20:44:48.414452286Z\",\"eventRecordID\":\"550033\",\"channel\":\"Microsoft-Windows-Sysmon/Operational\",\"computer\":\"kingslanding.sevenkingdoms.local\",\"severityValue\":\"INFORMATION\"},\"eventdata\":{\"utcTime\":\"2026-08-19 20:44:48.414\",\"processGuid\":\"{1d14b092-97a2-970e-8eb1-000000000017}\",\"processId\":\"5830\",\"image\":\"C:\\\\Windows\\\\System32\\\\rundll32.exe\",\"commandLine\":\"rundll32.exe C:\\\\Windows\\\\System32\\\\shell32.dll,Control_RunDLL desk.cpl,,0\",\"currentDirectory\":\"C:\\\\Windows\\\\System32\\\\\",\"user\":\"SEVENKINGDOMS\\\\Administrator\",\"parentProcessGuid\":\"{a53cc172-e3d0-4072-f7da-000000000018}\",\"parentProcessId\":\"1218\",\"parentImage\":\"C:\\\\Windows\\\\explorer.exe\",\"parentCommandLine\":\"C:\\\\Windows\\\\explorer.exe\",\"hashes\":\"MD5=4E552EB416B764247C39A00C2211DFF1,SHA256=94EF7001599600BD5547FC572115101961DC25267A67A7E91A59E528009A213D,IMPHASH=3102F53903EC357A6E9EEFDD034E9DE0\"}}}",
      "expect": {
        "alert": false
      },
      "category": "noise",
      "attack": null,
      "evasion": false,
      "expected_rule_id": 100251,
      "expected_level": 0,
      "mitre_id": null
    },
    {
      "name": "noise 935 | rundll32 legit | Control_RunDLL desk args",
      "event": "{\"win\":{\"system\":{\"providerName\":\"Microsoft-Windows-Sysmon\",\"providerGuid\":\"{5770385f-c22a-43e0-bf4c-06f5698ffbd9}\",\"eventID\":\"1\",\"version\":\"5\",\"level\":\"4\",\"task\":\"1\",\"opcode\":\"0\",\"keywords\":\"0x8000000000000000\",\"systemTime\":\"2026-08-19T20:46:22.132347192Z\",\"eventRecordID\":\"550034\",\"channel\":\"Microsoft-Windows-Sysmon/Operational\",\"computer\":\"kingslanding.sevenkingdoms.local\",\"severityValue\":\"INFORMATION\"},\"eventdata\":{\"utcTime\":\"2026-08-19 20:46:22.132\",\"processGuid\":\"{1d14b092-97a2-970e-8eb1-000000000017}\",\"processId\":\"5830\",\"image\":\"C:\\\\Windows\\\\System32\\\\rundll32.exe\",\"commandLine\":\"rundll32.exe C:\\\\Windows\\\\System32\\\\shell32.dll,Control_RunDLL desk.cpl,,0\",\"currentDirectory\":\"C:\\\\Windows\\\\System32\\\\\",\"user\":\"SEVENKINGDOMS\\\\Administrator\",\"parentProcessGuid\":\"{a53cc172-e3d0-4072-f7da-000000000018}\",\"parentProcessId\":\"1218\",\"parentImage\":\"C:\\\\Windows\\\\explorer.exe\",\"parentCommandLine\":\"C:\\\\Windows\\\\explorer.exe\",\"hashes\":\"MD5=4E552EB416B764247C39A00C2211DFF1,SHA256=94EF7001599600BD5547FC572115101961DC25267A67A7E91A59E528009A213D,IMPHASH=3102F53903EC357A6E9EEFDD034E9DE0\"}}}",
      "expect": {
        "alert": false
      },
      "category": "noise",
      "attack": null,
      "evasion": false,
      "expected_rule_id": 100251,
      "expected_level": 0,
      "mitre_id": null
    },
