    {
      "name": "noise 558 | Maintenance | taskeng health_check NoProfile",
      "event": "{\"win\":{\"system\":{\"providerName\":\"Microsoft-Windows-Sysmon\",\"providerGuid\":\"{5770385f-c22a-43e0-bf4c-06f5698ffbd9}\",\"eventID\":\"1\",\"version\":\"5\",\"level\":\"4\",\"task\":\"1\",\"opcode\":\"0\",\"keywords\":\"0x8000000000000000\",\"systemTime\":\"2026-08-19T12:24:16.584804190Z\",\"eventRecordID\":\"549657\",\"channel\":\"Microsoft-Windows-Sysmon/Operational\",\"computer\":\"kingslanding.sevenkingdoms.local\",\"severityValue\":\"INFORMATION\"},\"eventdata\":{\"utcTime\":\"2026-08-19 12:24:16.584\",\"processGuid\":\"{5b59a28d-c320-76d3-b34e-000000000010}\",\"processId\":\"3973\",\"image\":\"C:\\\\Windows\\\\System32\\\\WindowsPowerShell\\\\v1.0\\\\powershell.exe\",\"commandLine\":\"powershell.exe -NoProfile -ExecutionPolicy Bypass -File C:\\\\Scripts\\\\Maintenance\\\\health_check.ps1\",\"currentDirectory\":\"C:\\\\Windows\\\\system32\\\\\",\"user\":\"NT AUTHORITY\\\\SYSTEM\",\"parentProcessGuid\":\"{8027c8a6-0a5e-92e0-9d1d-000000000011}\",\"parentProcessId\":\"2486\",\"parentImage\":\"C:\\\\Windows\\\\System32\\\\taskeng.exe\",\"parentCommandLine\":\"C:\\\\Windows\\\\System32\\\\taskeng.exe\",\"hashes\":\"MD5=52A2D1D53AB7B54E6107FD5ACBDFFB15,SHA256=99C8275678FE526419811BC64793F96B0D55627558DFBBF37E4B9A9C4EEE61E1,IMPHASH=BA9BA9BB26C1A2513FD776DAAC02773E\"}}}",
      "expect": {
        "alert": false
      },
      "category": "noise",
      "attack": null,
      "evasion": false,
      "expected_rule_id": 100251,
      "expected_level": 0,
      "mitre_id": null
    },
    {
      "name": "noise 559 | Maintenance | taskeng health_check ReportOnly",
      "event": "{\"win\":{\"system\":{\"providerName\":\"Microsoft-Windows-Sysmon\",\"providerGuid\":\"{5770385f-c22a-43e0-bf4c-06f5698ffbd9}\",\"eventID\":\"1\",\"version\":\"5\",\"level\":\"4\",\"task\":\"1\",\"opcode\":\"0\",\"keywords\":\"0x8000000000000000\",\"systemTime\":\"2026-08-19T12:24:25.272949136Z\",\"eventRecordID\":\"549658\",\"channel\":\"Microsoft-Windows-Sysmon/Operational\",\"computer\":\"kingslanding.sevenkingdoms.local\",\"severityValue\":\"INFORMATION\"},\"eventdata\":{\"utcTime\":\"2026-08-19 12:24:25.272\",\"processGuid\":\"{5b59a28d-c320-76d3-b34e-000000000010}\",\"processId\":\"3973\",\"image\":\"C:\\\\Windows\\\\System32\\\\WindowsPowerShell\\\\v1.0\\\\powershell.exe\",\"commandLine\":\"powershell.exe -ExecutionPolicy Bypass -File C:\\\\Scripts\\\\Maintenance\\\\health_check.ps1 -ReportOnly\",\"currentDirectory\":\"C:\\\\Windows\\\\system32\\\\\",\"user\":\"NT AUTHORITY\\\\SYSTEM\",\"parentProcessGuid\":\"{8027c8a6-0a5e-92e0-9d1d-000000000011}\",\"parentProcessId\":\"2486\",\"parentImage\":\"C:\\\\Windows\\\\System32\\\\taskeng.exe\",\"parentCommandLine\":\"C:\\\\Windows\\\\System32\\\\taskeng.exe\",\"hashes\":\"MD5=52A2D1D53AB7B54E6107FD5ACBDFFB15,SHA256=99C8275678FE526419811BC64793F96B0D55627558DFBBF37E4B9A9C4EEE61E1,IMPHASH=BA9BA9BB26C1A2513FD776DAAC02773E\"}}}",
      "expect": {
        "alert": false
      },
      "category": "noise",
      "attack": null,
      "evasion": false,
      "expected_rule_id": 100251,
      "expected_level": 0,
      "mitre_id": null
    },
    {
      "name": "noise 560 | Maintenance | taskeng health_check NonInteractive",
      "event": "{\"win\":{\"system\":{\"providerName\":\"Microsoft-Windows-Sysmon\",\"providerGuid\":\"{5770385f-c22a-43e0-bf4c-06f5698ffbd9}\",\"eventID\":\"1\",\"version\":\"5\",\"level\":\"4\",\"task\":\"1\",\"opcode\":\"0\",\"keywords\":\"0x8000000000000000\",\"systemTime\":\"2026-08-19T12:26:07.014524449Z\",\"eventRecordID\":\"549659\",\"channel\":\"Microsoft-Windows-Sysmon/Operational\",\"computer\":\"kingslanding.sevenkingdoms.local\",\"severityValue\":\"INFORMATION\"},\"eventdata\":{\"utcTime\":\"2026-08-19 12:26:07.014\",\"processGuid\":\"{5b59a28d-c320-76d3-b34e-000000000010}\",\"processId\":\"3973\",\"image\":\"C:\\\\Windows\\\\System32\\\\WindowsPowerShell\\\\v1.0\\\\powershell.exe\",\"commandLine\":\"powershell.exe -NonInteractive -ExecutionPolicy Bypass -File C:\\\\Scripts\\\\Maintenance\\\\health_check.ps1\",\"currentDirectory\":\"C:\\\\Windows\\\\system32\\\\\",\"user\":\"NT AUTHORITY\\\\SYSTEM\",\"parentProcessGuid\":\"{8027c8a6-0a5e-92e0-9d1d-000000000011}\",\"parentProcessId\":\"2486\",\"parentImage\":\"C:\\\\Windows\\\\System32\\\\taskeng.exe\",\"parentCommandLine\":\"C:\\\\Windows\\\\System32\\\\taskeng.exe\",\"hashes\":\"MD5=52A2D1D53AB7B54E6107FD5ACBDFFB15,SHA256=99C8275678FE526419811BC64793F96B0D55627558DFBBF37E4B9A9C4EEE61E1,IMPHASH=BA9BA9BB26C1A2513FD776DAAC02773E\"}}}",
      "expect": {
        "alert": false
      },
      "category": "noise",
      "attack": null,
      "evasion": false,
      "expected_rule_id": 100251,
      "expected_level": 0,
      "mitre_id": null
    },
    {
      "name": "noise 561 | Maintenance | taskeng health_check Verbose",
      "event": "{\"win\":{\"system\":{\"providerName\":\"Microsoft-Windows-Sysmon\",\"providerGuid\":\"{5770385f-c22a-43e0-bf4c-06f5698ffbd9}\",\"eventID\":\"1\",\"version\":\"5\",\"level\":\"4\",\"task\":\"1\",\"opcode\":\"0\",\"keywords\":\"0x8000000000000000\",\"systemTime\":\"2026-08-19T12:27:55.307999167Z\",\"eventRecordID\":\"549660\",\"channel\":\"Microsoft-Windows-Sysmon/Operational\",\"computer\":\"kingslanding.sevenkingdoms.local\",\"severityValue\":\"INFORMATION\"},\"eventdata\":{\"utcTime\":\"2026-08-19 12:27:55.307\",\"processGuid\":\"{5b59a28d-c320-76d3-b34e-000000000010}\",\"processId\":\"3973\",\"image\":\"C:\\\\Windows\\\\System32\\\\WindowsPowerShell\\\\v1.0\\\\powershell.exe\",\"commandLine\":\"powershell.exe -ExecutionPolicy Bypass -File C:\\\\Scripts\\\\Maintenance\\\\health_check.ps1 -Verbose\",\"currentDirectory\":\"C:\\\\Windows\\\\system32\\\\\",\"user\":\"NT AUTHORITY\\\\SYSTEM\",\"parentProcessGuid\":\"{8027c8a6-0a5e-92e0-9d1d-000000000011}\",\"parentProcessId\":\"2486\",\"parentImage\":\"C:\\\\Windows\\\\System32\\\\taskeng.exe\",\"parentCommandLine\":\"C:\\\\Windows\\\\System32\\\\taskeng.exe\",\"hashes\":\"MD5=52A2D1D53AB7B54E6107FD5ACBDFFB15,SHA256=99C8275678FE526419811BC64793F96B0D55627558DFBBF37E4B9A9C4EEE61E1,IMPHASH=BA9BA9BB26C1A2513FD776DAAC02773E\"}}}",
      "expect": {
        "alert": false
      },
      "category": "noise",
      "attack": null,
      "evasion": false,
      "expected_rule_id": 100251,
      "expected_level": 0,
      "mitre_id": null
    },
    {
      "name": "noise 562 | Maintenance | taskeng health_check NoLogo",
      "event": "{\"win\":{\"system\":{\"providerName\":\"Microsoft-Windows-Sysmon\",\"providerGuid\":\"{5770385f-c22a-43e0-bf4c-06f5698ffbd9}\",\"eventID\":\"1\",\"version\":\"5\",\"level\":\"4\",\"task\":\"1\",\"opcode\":\"0\",\"keywords\":\"0x8000000000000000\",\"systemTime\":\"2026-08-19T12:28:51.872529332Z\",\"eventRecordID\":\"549661\",\"channel\":\"Microsoft-Windows-Sysmon/Operational\",\"computer\":\"kingslanding.sevenkingdoms.local\",\"severityValue\":\"INFORMATION\"},\"eventdata\":{\"utcTime\":\"2026-08-19 12:28:51.872\",\"processGuid\":\"{5b59a28d-c320-76d3-b34e-000000000010}\",\"processId\":\"3973\",\"image\":\"C:\\\\Windows\\\\System32\\\\WindowsPowerShell\\\\v1.0\\\\powershell.exe\",\"commandLine\":\"powershell.exe -NoLogo -NoProfile -ExecutionPolicy Bypass -File C:\\\\Scripts\\\\Maintenance\\\\health_check.ps1\",\"currentDirectory\":\"C:\\\\Windows\\\\system32\\\\\",\"user\":\"NT AUTHORITY\\\\SYSTEM\",\"parentProcessGuid\":\"{8027c8a6-0a5e-92e0-9d1d-000000000011}\",\"parentProcessId\":\"2486\",\"parentImage\":\"C:\\\\Windows\\\\System32\\\\taskeng.exe\",\"parentCommandLine\":\"C:\\\\Windows\\\\System32\\\\taskeng.exe\",\"hashes\":\"MD5=52A2D1D53AB7B54E6107FD5ACBDFFB15,SHA256=99C8275678FE526419811BC64793F96B0D55627558DFBBF37E4B9A9C4EEE61E1,IMPHASH=BA9BA9BB26C1A2513FD776DAAC02773E\"}}}",
      "expect": {
        "alert": false
      },
      "category": "noise",
      "attack": null,
      "evasion": false,
      "expected_rule_id": 100251,
      "expected_level": 0,
      "mitre_id": null
    },
    {
      "name": "noise 563 | Maintenance | taskeng health_check",
      "event": "{\"win\":{\"system\":{\"providerName\":\"Microsoft-Windows-Sysmon\",\"providerGuid\":\"{5770385f-c22a-43e0-bf4c-06f5698ffbd9}\",\"eventID\":\"1\",\"version\":\"5\",\"level\":\"4\",\"task\":\"1\",\"opcode\":\"0\",\"keywords\":\"0x8000000000000000\",\"systemTime\":\"2026-08-19T12:30:31.276471509Z\",\"eventRecordID\":\"549662\",\"channel\":\"Microsoft-Windows-Sysmon/Operational\",\"computer\":\"kingslanding.sevenkingdoms.local\",\"severityValue\":\"INFORMATION\"},\"eventdata\":{\"utcTime\":\"2026-08-19 12:30:31.276\",\"processGuid\":\"{5b59a28d-c320-76d3-b34e-000000000010}\",\"processId\":\"3973\",\"image\":\"C:\\\\Windows\\\\System32\\\\WindowsPowerShell\\\\v1.0\\\\powershell.exe\",\"commandLine\":\"powershell.exe -ExecutionPolicy Bypass -File C:\\\\Scripts\\\\Maintenance\\\\health_check.ps1\",\"currentDirectory\":\"C:\\\\Windows\\\\system32\\\\\",\"user\":\"NT AUTHORITY\\\\SYSTEM\",\"parentProcessGuid\":\"{8027c8a6-0a5e-92e0-9d1d-000000000011}\",\"parentProcessId\":\"2486\",\"parentImage\":\"C:\\\\Windows\\\\System32\\\\taskeng.exe\",\"parentCommandLine\":\"C:\\\\Windows\\\\System32\\\\taskeng.exe\",\"hashes\":\"MD5=52A2D1D53AB7B54E6107FD5ACBDFFB15,SHA256=99C8275678FE526419811BC64793F96B0D55627558DFBBF37E4B9A9C4EEE61E1,IMPHASH=BA9BA9BB26C1A2513FD776DAAC02773E\"}}}",
      "expect": {
        "alert": false
      },
      "category": "noise",
      "attack": null,
      "evasion": false,
      "expected_rule_id": 100251,
      "expected_level": 0,
      "mitre_id": null
    },
    {
      "name": "noise 564 | Maintenance | taskeng health_check ReportOnly",
      "event": "{\"win\":{\"system\":{\"providerName\":\"Microsoft-Windows-Sysmon\",\"providerGuid\":\"{5770385f-c22a-43e0-bf4c-06f5698ffbd9}\",\"eventID\":\"1\",\"version\":\"5\",\"level\":\"4\",\"task\":\"1\",\"opcode\":\"0\",\"keywords\":\"0x8000000000000000\",\"systemTime\":\"2026-08-19T12:31:58.475014776Z\",\"eventRecordID\":\"549663\",\"channel\":\"Microsoft-Windows-Sysmon/Operational\",\"computer\":\"kingslanding.sevenkingdoms.local\",\"severityValue\":\"INFORMATION\"},\"eventdata\":{\"utcTime\":\"2026-08-19 12:31:58.475\",\"processGuid\":\"{5b59a28d-c320-76d3-b34e-000000000010}\",\"processId\":\"3973\",\"image\":\"C:\\\\Windows\\\\System32\\\\WindowsPowerShell\\\\v1.0\\\\powershell.exe\",\"commandLine\":\"powershell.exe -ExecutionPolicy Bypass -File C:\\\\Scripts\\\\Maintenance\\\\health_check.ps1 -ReportOnly\",\"currentDirectory\":\"C:\\\\Windows\\\\system32\\\\\",\"user\":\"NT AUTHORITY\\\\SYSTEM\",\"parentProcessGuid\":\"{8027c8a6-0a5e-92e0-9d1d-000000000011}\",\"parentProcessId\":\"2486\",\"parentImage\":\"C:\\\\Windows\\\\System32\\\\taskeng.exe\",\"parentCommandLine\":\"C:\\\\Windows\\\\System32\\\\taskeng.exe\",\"hashes\":\"MD5=52A2D1D53AB7B54E6107FD5ACBDFFB15,SHA256=99C8275678FE526419811BC64793F96B0D55627558DFBBF37E4B9A9C4EEE61E1,IMPHASH=BA9BA9BB26C1A2513FD776DAAC02773E\"}}}",
      "expect": {
        "alert": false
      },
      "category": "noise",
      "attack": null,
      "evasion": false,
      "expected_rule_id": 100251,
      "expected_level": 0,
      "mitre_id": null
    },
    {
      "name": "noise 565 | Maintenance | taskeng health_check NonInteractive",
      "event": "{\"win\":{\"system\":{\"providerName\":\"Microsoft-Windows-Sysmon\",\"providerGuid\":\"{5770385f-c22a-43e0-bf4c-06f5698ffbd9}\",\"eventID\":\"1\",\"version\":\"5\",\"level\":\"4\",\"task\":\"1\",\"opcode\":\"0\",\"keywords\":\"0x8000000000000000\",\"systemTime\":\"2026-08-19T12:33:23.476274671Z\",\"eventRecordID\":\"549664\",\"channel\":\"Microsoft-Windows-Sysmon/Operational\",\"computer\":\"kingslanding.sevenkingdoms.local\",\"severityValue\":\"INFORMATION\"},\"eventdata\":{\"utcTime\":\"2026-08-19 12:33:23.476\",\"processGuid\":\"{5b59a28d-c320-76d3-b34e-000000000010}\",\"processId\":\"3973\",\"image\":\"C:\\\\Windows\\\\System32\\\\WindowsPowerShell\\\\v1.0\\\\powershell.exe\",\"commandLine\":\"powershell.exe -NonInteractive -ExecutionPolicy Bypass -File C:\\\\Scripts\\\\Maintenance\\\\health_check.ps1\",\"currentDirectory\":\"C:\\\\Windows\\\\system32\\\\\",\"user\":\"NT AUTHORITY\\\\SYSTEM\",\"parentProcessGuid\":\"{8027c8a6-0a5e-92e0-9d1d-000000000011}\",\"parentProcessId\":\"2486\",\"parentImage\":\"C:\\\\Windows\\\\System32\\\\taskeng.exe\",\"parentCommandLine\":\"C:\\\\Windows\\\\System32\\\\taskeng.exe\",\"hashes\":\"MD5=52A2D1D53AB7B54E6107FD5ACBDFFB15,SHA256=99C8275678FE526419811BC64793F96B0D55627558DFBBF37E4B9A9C4EEE61E1,IMPHASH=BA9BA9BB26C1A2513FD776DAAC02773E\"}}}",
      "expect": {
        "alert": false
      },
      "category": "noise",
      "attack": null,
      "evasion": false,
      "expected_rule_id": 100251,
      "expected_level": 0,
      "mitre_id": null
    },
    {
      "name": "noise 566 | Maintenance | taskeng health_check NonInteractive",
      "event": "{\"win\":{\"system\":{\"providerName\":\"Microsoft-Windows-Sysmon\",\"providerGuid\":\"{5770385f-c22a-43e0-bf4c-06f5698ffbd9}\",\"eventID\":\"1\",\"version\":\"5\",\"level\":\"4\",\"task\":\"1\",\"opcode\":\"0\",\"keywords\":\"0x8000000000000000\",\"systemTime\":\"2026-08-19T12:34:42.544555078Z\",\"eventRecordID\":\"549665\",\"channel\":\"Microsoft-Windows-Sysmon/Operational\",\"computer\":\"kingslanding.sevenkingdoms.local\",\"severityValue\":\"INFORMATION\"},\"eventdata\":{\"utcTime\":\"2026-08-19 12:34:42.544\",\"processGuid\":\"{5b59a28d-c320-76d3-b34e-000000000010}\",\"processId\":\"3973\",\"image\":\"C:\\\\Windows\\\\System32\\\\WindowsPowerShell\\\\v1.0\\\\powershell.exe\",\"commandLine\":\"powershell.exe -NonInteractive -ExecutionPolicy Bypass -File C:\\\\Scripts\\\\Maintenance\\\\health_check.ps1\",\"currentDirectory\":\"C:\\\\Windows\\\\system32\\\\\",\"user\":\"NT AUTHORITY\\\\SYSTEM\",\"parentProcessGuid\":\"{8027c8a6-0a5e-92e0-9d1d-000000000011}\",\"parentProcessId\":\"2486\",\"parentImage\":\"C:\\\\Windows\\\\System32\\\\taskeng.exe\",\"parentCommandLine\":\"C:\\\\Windows\\\\System32\\\\taskeng.exe\",\"hashes\":\"MD5=52A2D1D53AB7B54E6107FD5ACBDFFB15,SHA256=99C8275678FE526419811BC64793F96B0D55627558DFBBF37E4B9A9C4EEE61E1,IMPHASH=BA9BA9BB26C1A2513FD776DAAC02773E\"}}}",
      "expect": {
        "alert": false
      },
      "category": "noise",
      "attack": null,
      "evasion": false,
      "expected_rule_id": 100251,
      "expected_level": 0,
      "mitre_id": null
    },
    {
      "name": "noise 567 | Maintenance | taskeng health_check",
      "event": "{\"win\":{\"system\":{\"providerName\":\"Microsoft-Windows-Sysmon\",\"providerGuid\":\"{5770385f-c22a-43e0-bf4c-06f5698ffbd9}\",\"eventID\":\"1\",\"version\":\"5\",\"level\":\"4\",\"task\":\"1\",\"opcode\":\"0\",\"keywords\":\"0x8000000000000000\",\"systemTime\":\"2026-08-19T12:36:10.725215589Z\",\"eventRecordID\":\"549666\",\"channel\":\"Microsoft-Windows-Sysmon/Operational\",\"computer\":\"kingslanding.sevenkingdoms.local\",\"severityValue\":\"INFORMATION\"},\"eventdata\":{\"utcTime\":\"2026-08-19 12:36:10.725\",\"processGuid\":\"{5b59a28d-c320-76d3-b34e-000000000010}\",\"processId\":\"3973\",\"image\":\"C:\\\\Windows\\\\System32\\\\WindowsPowerShell\\\\v1.0\\\\powershell.exe\",\"commandLine\":\"powershell.exe -ExecutionPolicy Bypass -File C:\\\\Scripts\\\\Maintenance\\\\health_check.ps1\",\"currentDirectory\":\"C:\\\\Windows\\\\system32\\\\\",\"user\":\"NT AUTHORITY\\\\SYSTEM\",\"parentProcessGuid\":\"{8027c8a6-0a5e-92e0-9d1d-000000000011}\",\"parentProcessId\":\"2486\",\"parentImage\":\"C:\\\\Windows\\\\System32\\\\taskeng.exe\",\"parentCommandLine\":\"C:\\\\Windows\\\\System32\\\\taskeng.exe\",\"hashes\":\"MD5=52A2D1D53AB7B54E6107FD5ACBDFFB15,SHA256=99C8275678FE526419811BC64793F96B0D55627558DFBBF37E4B9A9C4EEE61E1,IMPHASH=BA9BA9BB26C1A2513FD776DAAC02773E\"}}}",
      "expect": {
        "alert": false
      },
      "category": "noise",
      "attack": null,
      "evasion": false,
      "expected_rule_id": 100251,
      "expected_level": 0,
      "mitre_id": null
    },
    {
      "name": "noise 568 | Maintenance | taskeng health_check Verbose",
      "event": "{\"win\":{\"system\":{\"providerName\":\"Microsoft-Windows-Sysmon\",\"providerGuid\":\"{5770385f-c22a-43e0-bf4c-06f5698ffbd9}\",\"eventID\":\"1\",\"version\":\"5\",\"level\":\"4\",\"task\":\"1\",\"opcode\":\"0\",\"keywords\":\"0x8000000000000000\",\"systemTime\":\"2026-08-19T12:37:25.698821999Z\",\"eventRecordID\":\"549667\",\"channel\":\"Microsoft-Windows-Sysmon/Operational\",\"computer\":\"kingslanding.sevenkingdoms.local\",\"severityValue\":\"INFORMATION\"},\"eventdata\":{\"utcTime\":\"2026-08-19 12:37:25.698\",\"processGuid\":\"{5b59a28d-c320-76d3-b34e-000000000010}\",\"processId\":\"3973\",\"image\":\"C:\\\\Windows\\\\System32\\\\WindowsPowerShell\\\\v1.0\\\\powershell.exe\",\"commandLine\":\"powershell.exe -ExecutionPolicy Bypass -File C:\\\\Scripts\\\\Maintenance\\\\health_check.ps1 -Verbose\",\"currentDirectory\":\"C:\\\\Windows\\\\system32\\\\\",\"user\":\"NT AUTHORITY\\\\SYSTEM\",\"parentProcessGuid\":\"{8027c8a6-0a5e-92e0-9d1d-000000000011}\",\"parentProcessId\":\"2486\",\"parentImage\":\"C:\\\\Windows\\\\System32\\\\taskeng.exe\",\"parentCommandLine\":\"C:\\\\Windows\\\\System32\\\\taskeng.exe\",\"hashes\":\"MD5=52A2D1D53AB7B54E6107FD5ACBDFFB15,SHA256=99C8275678FE526419811BC64793F96B0D55627558DFBBF37E4B9A9C4EEE61E1,IMPHASH=BA9BA9BB26C1A2513FD776DAAC02773E\"}}}",
      "expect": {
        "alert": false
      },
      "category": "noise",
      "attack": null,
      "evasion": false,
      "expected_rule_id": 100251,
      "expected_level": 0,
      "mitre_id": null
    },
    {
      "name": "noise 569 | Maintenance | taskeng health_check quoted",
      "event": "{\"win\":{\"system\":{\"providerName\":\"Microsoft-Windows-Sysmon\",\"providerGuid\":\"{5770385f-c22a-43e0-bf4c-06f5698ffbd9}\",\"eventID\":\"1\",\"version\":\"5\",\"level\":\"4\",\"task\":\"1\",\"opcode\":\"0\",\"keywords\":\"0x8000000000000000\",\"systemTime\":\"2026-08-19T12:38:35.166039988Z\",\"eventRecordID\":\"549668\",\"channel\":\"Microsoft-Windows-Sysmon/Operational\",\"computer\":\"kingslanding.sevenkingdoms.local\",\"severityValue\":\"INFORMATION\"},\"eventdata\":{\"utcTime\":\"2026-08-19 12:38:35.166\",\"processGuid\":\"{5b59a28d-c320-76d3-b34e-000000000010}\",\"processId\":\"3973\",\"image\":\"C:\\\\Windows\\\\System32\\\\WindowsPowerShell\\\\v1.0\\\\powershell.exe\",\"commandLine\":\"powershell.exe -ExecutionPolicy Bypass -File \\\"C:\\\\Scripts\\\\Maintenance\\\\health_check.ps1\\\"\",\"currentDirectory\":\"C:\\\\Windows\\\\system32\\\\\",\"user\":\"NT AUTHORITY\\\\SYSTEM\",\"parentProcessGuid\":\"{8027c8a6-0a5e-92e0-9d1d-000000000011}\",\"parentProcessId\":\"2486\",\"parentImage\":\"C:\\\\Windows\\\\System32\\\\taskeng.exe\",\"parentCommandLine\":\"C:\\\\Windows\\\\System32\\\\taskeng.exe\",\"hashes\":\"MD5=52A2D1D53AB7B54E6107FD5ACBDFFB15,SHA256=99C8275678FE526419811BC64793F96B0D55627558DFBBF37E4B9A9C4EEE61E1,IMPHASH=BA9BA9BB26C1A2513FD776DAAC02773E\"}}}",
      "expect": {
        "alert": false
      },
      "category": "noise",
      "attack": null,
      "evasion": false,
      "expected_rule_id": 100251,
      "expected_level": 0,
      "mitre_id": null
    },
    {
      "name": "noise 570 | Maintenance | taskeng health_check ReportOnly",
      "event": "{\"win\":{\"system\":{\"providerName\":\"Microsoft-Windows-Sysmon\",\"providerGuid\":\"{5770385f-c22a-43e0-bf4c-06f5698ffbd9}\",\"eventID\":\"1\",\"version\":\"5\",\"level\":\"4\",\"task\":\"1\",\"opcode\":\"0\",\"keywords\":\"0x8000000000000000\",\"systemTime\":\"2026-08-19T12:40:03.155101780Z\",\"eventRecordID\":\"549669\",\"channel\":\"Microsoft-Windows-Sysmon/Operational\",\"computer\":\"kingslanding.sevenkingdoms.local\",\"severityValue\":\"INFORMATION\"},\"eventdata\":{\"utcTime\":\"2026-08-19 12:40:03.155\",\"processGuid\":\"{5b59a28d-c320-76d3-b34e-000000000010}\",\"processId\":\"3973\",\"image\":\"C:\\\\Windows\\\\System32\\\\WindowsPowerShell\\\\v1.0\\\\powershell.exe\",\"commandLine\":\"powershell.exe -ExecutionPolicy Bypass -File C:\\\\Scripts\\\\Maintenance\\\\health_check.ps1 -ReportOnly\",\"currentDirectory\":\"C:\\\\Windows\\\\system32\\\\\",\"user\":\"NT AUTHORITY\\\\SYSTEM\",\"parentProcessGuid\":\"{8027c8a6-0a5e-92e0-9d1d-000000000011}\",\"parentProcessId\":\"2486\",\"parentImage\":\"C:\\\\Windows\\\\System32\\\\taskeng.exe\",\"parentCommandLine\":\"C:\\\\Windows\\\\System32\\\\taskeng.exe\",\"hashes\":\"MD5=52A2D1D53AB7B54E6107FD5ACBDFFB15,SHA256=99C8275678FE526419811BC64793F96B0D55627558DFBBF37E4B9A9C4EEE61E1,IMPHASH=BA9BA9BB26C1A2513FD776DAAC02773E\"}}}",
      "expect": {
        "alert": false
      },
      "category": "noise",
      "attack": null,
      "evasion": false,
      "expected_rule_id": 100251,
      "expected_level": 0,
      "mitre_id": null
    },
    {
      "name": "noise 571 | Maintenance | taskeng health_check Verbose",
      "event": "{\"win\":{\"system\":{\"providerName\":\"Microsoft-Windows-Sysmon\",\"providerGuid\":\"{5770385f-c22a-43e0-bf4c-06f5698ffbd9}\",\"eventID\":\"1\",\"version\":\"5\",\"level\":\"4\",\"task\":\"1\",\"opcode\":\"0\",\"keywords\":\"0x8000000000000000\",\"systemTime\":\"2026-08-19T12:40:52.567170513Z\",\"eventRecordID\":\"549670\",\"channel\":\"Microsoft-Windows-Sysmon/Operational\",\"computer\":\"kingslanding.sevenkingdoms.local\",\"severityValue\":\"INFORMATION\"},\"eventdata\":{\"utcTime\":\"2026-08-19 12:40:52.567\",\"processGuid\":\"{5b59a28d-c320-76d3-b34e-000000000010}\",\"processId\":\"3973\",\"image\":\"C:\\\\Windows\\\\System32\\\\WindowsPowerShell\\\\v1.0\\\\powershell.exe\",\"commandLine\":\"powershell.exe -ExecutionPolicy Bypass -File C:\\\\Scripts\\\\Maintenance\\\\health_check.ps1 -Verbose\",\"currentDirectory\":\"C:\\\\Windows\\\\system32\\\\\",\"user\":\"NT AUTHORITY\\\\SYSTEM\",\"parentProcessGuid\":\"{8027c8a6-0a5e-92e0-9d1d-000000000011}\",\"parentProcessId\":\"2486\",\"parentImage\":\"C:\\\\Windows\\\\System32\\\\taskeng.exe\",\"parentCommandLine\":\"C:\\\\Windows\\\\System32\\\\taskeng.exe\",\"hashes\":\"MD5=52A2D1D53AB7B54E6107FD5ACBDFFB15,SHA256=99C8275678FE526419811BC64793F96B0D55627558DFBBF37E4B9A9C4EEE61E1,IMPHASH=BA9BA9BB26C1A2513FD776DAAC02773E\"}}}",
      "expect": {
        "alert": false
      },
      "category": "noise",
      "attack": null,
      "evasion": false,
      "expected_rule_id": 100251,
      "expected_level": 0,
      "mitre_id": null
    },
    {
      "name": "noise 572 | Maintenance | taskeng health_check Verbose",
      "event": "{\"win\":{\"system\":{\"providerName\":\"Microsoft-Windows-Sysmon\",\"providerGuid\":\"{5770385f-c22a-43e0-bf4c-06f5698ffbd9}\",\"eventID\":\"1\",\"version\":\"5\",\"level\":\"4\",\"task\":\"1\",\"opcode\":\"0\",\"keywords\":\"0x8000000000000000\",\"systemTime\":\"2026-08-19T12:42:05.123431261Z\",\"eventRecordID\":\"549671\",\"channel\":\"Microsoft-Windows-Sysmon/Operational\",\"computer\":\"kingslanding.sevenkingdoms.local\",\"severityValue\":\"INFORMATION\"},\"eventdata\":{\"utcTime\":\"2026-08-19 12:42:05.123\",\"processGuid\":\"{5b59a28d-c320-76d3-b34e-000000000010}\",\"processId\":\"3973\",\"image\":\"C:\\\\Windows\\\\System32\\\\WindowsPowerShell\\\\v1.0\\\\powershell.exe\",\"commandLine\":\"powershell.exe -ExecutionPolicy Bypass -File C:\\\\Scripts\\\\Maintenance\\\\health_check.ps1 -Verbose\",\"currentDirectory\":\"C:\\\\Windows\\\\system32\\\\\",\"user\":\"NT AUTHORITY\\\\SYSTEM\",\"parentProcessGuid\":\"{8027c8a6-0a5e-92e0-9d1d-000000000011}\",\"parentProcessId\":\"2486\",\"parentImage\":\"C:\\\\Windows\\\\System32\\\\taskeng.exe\",\"parentCommandLine\":\"C:\\\\Windows\\\\System32\\\\taskeng.exe\",\"hashes\":\"MD5=52A2D1D53AB7B54E6107FD5ACBDFFB15,SHA256=99C8275678FE526419811BC64793F96B0D55627558DFBBF37E4B9A9C4EEE61E1,IMPHASH=BA9BA9BB26C1A2513FD776DAAC02773E\"}}}",
      "expect": {
        "alert": false
      },
      "category": "noise",
      "attack": null,
      "evasion": false,
      "expected_rule_id": 100251,
      "expected_level": 0,
      "mitre_id": null
    },
    {
      "name": "noise 573 | Maintenance | taskeng health_check quoted",
      "event": "{\"win\":{\"system\":{\"providerName\":\"Microsoft-Windows-Sysmon\",\"providerGuid\":\"{5770385f-c22a-43e0-bf4c-06f5698ffbd9}\",\"eventID\":\"1\",\"version\":\"5\",\"level\":\"4\",\"task\":\"1\",\"opcode\":\"0\",\"keywords\":\"0x8000000000000000\",\"systemTime\":\"2026-08-19T12:43:20.691611592Z\",\"eventRecordID\":\"549672\",\"channel\":\"Microsoft-Windows-Sysmon/Operational\",\"computer\":\"kingslanding.sevenkingdoms.local\",\"severityValue\":\"INFORMATION\"},\"eventdata\":{\"utcTime\":\"2026-08-19 12:43:20.691\",\"processGuid\":\"{5b59a28d-c320-76d3-b34e-000000000010}\",\"processId\":\"3973\",\"image\":\"C:\\\\Windows\\\\System32\\\\WindowsPowerShell\\\\v1.0\\\\powershell.exe\",\"commandLine\":\"powershell.exe -ExecutionPolicy Bypass -File \\\"C:\\\\Scripts\\\\Maintenance\\\\health_check.ps1\\\"\",\"currentDirectory\":\"C:\\\\Windows\\\\system32\\\\\",\"user\":\"NT AUTHORITY\\\\SYSTEM\",\"parentProcessGuid\":\"{8027c8a6-0a5e-92e0-9d1d-000000000011}\",\"parentProcessId\":\"2486\",\"parentImage\":\"C:\\\\Windows\\\\System32\\\\taskeng.exe\",\"parentCommandLine\":\"C:\\\\Windows\\\\System32\\\\taskeng.exe\",\"hashes\":\"MD5=52A2D1D53AB7B54E6107FD5ACBDFFB15,SHA256=99C8275678FE526419811BC64793F96B0D55627558DFBBF37E4B9A9C4EEE61E1,IMPHASH=BA9BA9BB26C1A2513FD776DAAC02773E\"}}}",
      "expect": {
        "alert": false
      },
      "category": "noise",
      "attack": null,
      "evasion": false,
      "expected_rule_id": 100251,
      "expected_level": 0,
      "mitre_id": null
    },
    {
      "name": "noise 574 | Maintenance | taskeng health_check quoted",
      "event": "{\"win\":{\"system\":{\"providerName\":\"Microsoft-Windows-Sysmon\",\"providerGuid\":\"{5770385f-c22a-43e0-bf4c-06f5698ffbd9}\",\"eventID\":\"1\",\"version\":\"5\",\"level\":\"4\",\"task\":\"1\",\"opcode\":\"0\",\"keywords\":\"0x8000000000000000\",\"systemTime\":\"2026-08-19T12:45:18.199008298Z\",\"eventRecordID\":\"549673\",\"channel\":\"Microsoft-Windows-Sysmon/Operational\",\"computer\":\"kingslanding.sevenkingdoms.local\",\"severityValue\":\"INFORMATION\"},\"eventdata\":{\"utcTime\":\"2026-08-19 12:45:18.199\",\"processGuid\":\"{5b59a28d-c320-76d3-b34e-000000000010}\",\"processId\":\"3973\",\"image\":\"C:\\\\Windows\\\\System32\\\\WindowsPowerShell\\\\v1.0\\\\powershell.exe\",\"commandLine\":\"powershell.exe -ExecutionPolicy Bypass -File \\\"C:\\\\Scripts\\\\Maintenance\\\\health_check.ps1\\\"\",\"currentDirectory\":\"C:\\\\Windows\\\\system32\\\\\",\"user\":\"NT AUTHORITY\\\\SYSTEM\",\"parentProcessGuid\":\"{8027c8a6-0a5e-92e0-9d1d-000000000011}\",\"parentProcessId\":\"2486\",\"parentImage\":\"C:\\\\Windows\\\\System32\\\\taskeng.exe\",\"parentCommandLine\":\"C:\\\\Windows\\\\System32\\\\taskeng.exe\",\"hashes\":\"MD5=52A2D1D53AB7B54E6107FD5ACBDFFB15,SHA256=99C8275678FE526419811BC64793F96B0D55627558DFBBF37E4B9A9C4EEE61E1,IMPHASH=BA9BA9BB26C1A2513FD776DAAC02773E\"}}}",
      "expect": {
        "alert": false
      },
      "category": "noise",
      "attack": null,
      "evasion": false,
      "expected_rule_id": 100251,
      "expected_level": 0,
      "mitre_id": null
    },
    {
      "name": "noise 575 | Maintenance | taskeng health_check NoLogo",
      "event": "{\"win\":{\"system\":{\"providerName\":\"Microsoft-Windows-Sysmon\",\"providerGuid\":\"{5770385f-c22a-43e0-bf4c-06f5698ffbd9}\",\"eventID\":\"1\",\"version\":\"5\",\"level\":\"4\",\"task\":\"1\",\"opcode\":\"0\",\"keywords\":\"0x8000000000000000\",\"systemTime\":\"2026-08-19T12:46:57.351426055Z\",\"eventRecordID\":\"549674\",\"channel\":\"Microsoft-Windows-Sysmon/Operational\",\"computer\":\"kingslanding.sevenkingdoms.local\",\"severityValue\":\"INFORMATION\"},\"eventdata\":{\"utcTime\":\"2026-08-19 12:46:57.351\",\"processGuid\":\"{5b59a28d-c320-76d3-b34e-000000000010}\",\"processId\":\"3973\",\"image\":\"C:\\\\Windows\\\\System32\\\\WindowsPowerShell\\\\v1.0\\\\powershell.exe\",\"commandLine\":\"powershell.exe -NoLogo -NoProfile -ExecutionPolicy Bypass -File C:\\\\Scripts\\\\Maintenance\\\\health_check.ps1\",\"currentDirectory\":\"C:\\\\Windows\\\\system32\\\\\",\"user\":\"NT AUTHORITY\\\\SYSTEM\",\"parentProcessGuid\":\"{8027c8a6-0a5e-92e0-9d1d-000000000011}\",\"parentProcessId\":\"2486\",\"parentImage\":\"C:\\\\Windows\\\\System32\\\\taskeng.exe\",\"parentCommandLine\":\"C:\\\\Windows\\\\System32\\\\taskeng.exe\",\"hashes\":\"MD5=52A2D1D53AB7B54E6107FD5ACBDFFB15,SHA256=99C8275678FE526419811BC64793F96B0D55627558DFBBF37E4B9A9C4EEE61E1,IMPHASH=BA9BA9BB26C1A2513FD776DAAC02773E\"}}}",
      "expect": {
        "alert": false
      },
      "category": "noise",
      "attack": null,
      "evasion": false,
      "expected_rule_id": 100251,
      "expected_level": 0,
      "mitre_id": null
    },
    {
      "name": "noise 576 | Maintenance | taskeng health_check NoProfile",
      "event": "{\"win\":{\"system\":{\"providerName\":\"Microsoft-Windows-Sysmon\",\"providerGuid\":\"{5770385f-c22a-43e0-bf4c-06f5698ffbd9}\",\"eventID\":\"1\",\"version\":\"5\",\"level\":\"4\",\"task\":\"1\",\"opcode\":\"0\",\"keywords\":\"0x8000000000000000\",\"systemTime\":\"2026-08-19T12:47:39.816152096Z\",\"eventRecordID\":\"549675\",\"channel\":\"Microsoft-Windows-Sysmon/Operational\",\"computer\":\"kingslanding.sevenkingdoms.local\",\"severityValue\":\"INFORMATION\"},\"eventdata\":{\"utcTime\":\"2026-08-19 12:47:39.816\",\"processGuid\":\"{5b59a28d-c320-76d3-b34e-000000000010}\",\"processId\":\"3973\",\"image\":\"C:\\\\Windows\\\\System32\\\\WindowsPowerShell\\\\v1.0\\\\powershell.exe\",\"commandLine\":\"powershell.exe -NoProfile -ExecutionPolicy Bypass -File C:\\\\Scripts\\\\Maintenance\\\\health_check.ps1\",\"currentDirectory\":\"C:\\\\Windows\\\\system32\\\\\",\"user\":\"NT AUTHORITY\\\\SYSTEM\",\"parentProcessGuid\":\"{8027c8a6-0a5e-92e0-9d1d-000000000011}\",\"parentProcessId\":\"2486\",\"parentImage\":\"C:\\\\Windows\\\\System32\\\\taskeng.exe\",\"parentCommandLine\":\"C:\\\\Windows\\\\System32\\\\taskeng.exe\",\"hashes\":\"MD5=52A2D1D53AB7B54E6107FD5ACBDFFB15,SHA256=99C8275678FE526419811BC64793F96B0D55627558DFBBF37E4B9A9C4EEE61E1,IMPHASH=BA9BA9BB26C1A2513FD776DAAC02773E\"}}}",
      "expect": {
        "alert": false
      },
      "category": "noise",
      "attack": null,
      "evasion": false,
      "expected_rule_id": 100251,
      "expected_level": 0,
      "mitre_id": null
    },
    {
      "name": "noise 577 | Maintenance | taskeng health_check NoLogo",
      "event": "{\"win\":{\"system\":{\"providerName\":\"Microsoft-Windows-Sysmon\",\"providerGuid\":\"{5770385f-c22a-43e0-bf4c-06f5698ffbd9}\",\"eventID\":\"1\",\"version\":\"5\",\"level\":\"4\",\"task\":\"1\",\"opcode\":\"0\",\"keywords\":\"0x8000000000000000\",\"systemTime\":\"2026-08-19T12:48:55.748975016Z\",\"eventRecordID\":\"549676\",\"channel\":\"Microsoft-Windows-Sysmon/Operational\",\"computer\":\"kingslanding.sevenkingdoms.local\",\"severityValue\":\"INFORMATION\"},\"eventdata\":{\"utcTime\":\"2026-08-19 12:48:55.748\",\"processGuid\":\"{5b59a28d-c320-76d3-b34e-000000000010}\",\"processId\":\"3973\",\"image\":\"C:\\\\Windows\\\\System32\\\\WindowsPowerShell\\\\v1.0\\\\powershell.exe\",\"commandLine\":\"powershell.exe -NoLogo -NoProfile -ExecutionPolicy Bypass -File C:\\\\Scripts\\\\Maintenance\\\\health_check.ps1\",\"currentDirectory\":\"C:\\\\Windows\\\\system32\\\\\",\"user\":\"NT AUTHORITY\\\\SYSTEM\",\"parentProcessGuid\":\"{8027c8a6-0a5e-92e0-9d1d-000000000011}\",\"parentProcessId\":\"2486\",\"parentImage\":\"C:\\\\Windows\\\\System32\\\\taskeng.exe\",\"parentCommandLine\":\"C:\\\\Windows\\\\System32\\\\taskeng.exe\",\"hashes\":\"MD5=52A2D1D53AB7B54E6107FD5ACBDFFB15,SHA256=99C8275678FE526419811BC64793F96B0D55627558DFBBF37E4B9A9C4EEE61E1,IMPHASH=BA9BA9BB26C1A2513FD776DAAC02773E\"}}}",
      "expect": {
        "alert": false
      },
      "category": "noise",
      "attack": null,
      "evasion": false,
      "expected_rule_id": 100251,
      "expected_level": 0,
      "mitre_id": null
    },
    {
      "name": "noise 578 | Maintenance | taskeng health_check NoLogo",
      "event": "{\"win\":{\"system\":{\"providerName\":\"Microsoft-Windows-Sysmon\",\"providerGuid\":\"{5770385f-c22a-43e0-bf4c-06f5698ffbd9}\",\"eventID\":\"1\",\"version\":\"5\",\"level\":\"4\",\"task\":\"1\",\"opcode\":\"0\",\"keywords\":\"0x8000000000000000\",\"systemTime\":\"2026-08-19T12:50:46.097994721Z\",\"eventRecordID\":\"549677\",\"channel\":\"Microsoft-Windows-Sysmon/Operational\",\"computer\":\"kingslanding.sevenkingdoms.local\",\"severityValue\":\"INFORMATION\"},\"eventdata\":{\"utcTime\":\"2026-08-19 12:50:46.097\",\"processGuid\":\"{5b59a28d-c320-76d3-b34e-000000000010}\",\"processId\":\"3973\",\"image\":\"C:\\\\Windows\\\\System32\\\\WindowsPowerShell\\\\v1.0\\\\powershell.exe\",\"commandLine\":\"powershell.exe -NoLogo -NoProfile -ExecutionPolicy Bypass -File C:\\\\Scripts\\\\Maintenance\\\\health_check.ps1\",\"currentDirectory\":\"C:\\\\Windows\\\\system32\\\\\",\"user\":\"NT AUTHORITY\\\\SYSTEM\",\"parentProcessGuid\":\"{8027c8a6-0a5e-92e0-9d1d-000000000011}\",\"parentProcessId\":\"2486\",\"parentImage\":\"C:\\\\Windows\\\\System32\\\\taskeng.exe\",\"parentCommandLine\":\"C:\\\\Windows\\\\System32\\\\taskeng.exe\",\"hashes\":\"MD5=52A2D1D53AB7B54E6107FD5ACBDFFB15,SHA256=99C8275678FE526419811BC64793F96B0D55627558DFBBF37E4B9A9C4EEE61E1,IMPHASH=BA9BA9BB26C1A2513FD776DAAC02773E\"}}}",
      "expect": {
        "alert": false
      },
      "category": "noise",
      "attack": null,
      "evasion": false,
      "expected_rule_id": 100251,
      "expected_level": 0,
      "mitre_id": null
    },
    {
      "name": "noise 579 | Maintenance | taskeng health_check NoLogo",
      "event": "{\"win\":{\"system\":{\"providerName\":\"Microsoft-Windows-Sysmon\",\"providerGuid\":\"{5770385f-c22a-43e0-bf4c-06f5698ffbd9}\",\"eventID\":\"1\",\"version\":\"5\",\"level\":\"4\",\"task\":\"1\",\"opcode\":\"0\",\"keywords\":\"0x8000000000000000\",\"systemTime\":\"2026-08-19T12:51:29.576363503Z\",\"eventRecordID\":\"549678\",\"channel\":\"Microsoft-Windows-Sysmon/Operational\",\"computer\":\"kingslanding.sevenkingdoms.local\",\"severityValue\":\"INFORMATION\"},\"eventdata\":{\"utcTime\":\"2026-08-19 12:51:29.576\",\"processGuid\":\"{5b59a28d-c320-76d3-b34e-000000000010}\",\"processId\":\"3973\",\"image\":\"C:\\\\Windows\\\\System32\\\\WindowsPowerShell\\\\v1.0\\\\powershell.exe\",\"commandLine\":\"powershell.exe -NoLogo -NoProfile -ExecutionPolicy Bypass -File C:\\\\Scripts\\\\Maintenance\\\\health_check.ps1\",\"currentDirectory\":\"C:\\\\Windows\\\\system32\\\\\",\"user\":\"NT AUTHORITY\\\\SYSTEM\",\"parentProcessGuid\":\"{8027c8a6-0a5e-92e0-9d1d-000000000011}\",\"parentProcessId\":\"2486\",\"parentImage\":\"C:\\\\Windows\\\\System32\\\\taskeng.exe\",\"parentCommandLine\":\"C:\\\\Windows\\\\System32\\\\taskeng.exe\",\"hashes\":\"MD5=52A2D1D53AB7B54E6107FD5ACBDFFB15,SHA256=99C8275678FE526419811BC64793F96B0D55627558DFBBF37E4B9A9C4EEE61E1,IMPHASH=BA9BA9BB26C1A2513FD776DAAC02773E\"}}}",
      "expect": {
        "alert": false
      },
      "category": "noise",
      "attack": null,
      "evasion": false,
      "expected_rule_id": 100251,
      "expected_level": 0,
      "mitre_id": null
    },
    {
      "name": "noise 580 | Maintenance | taskeng health_check NonInteractive",
      "event": "{\"win\":{\"system\":{\"providerName\":\"Microsoft-Windows-Sysmon\",\"providerGuid\":\"{5770385f-c22a-43e0-bf4c-06f5698ffbd9}\",\"eventID\":\"1\",\"version\":\"5\",\"level\":\"4\",\"task\":\"1\",\"opcode\":\"0\",\"keywords\":\"0x8000000000000000\",\"systemTime\":\"2026-08-19T12:53:32.628332557Z\",\"eventRecordID\":\"549679\",\"channel\":\"Microsoft-Windows-Sysmon/Operational\",\"computer\":\"kingslanding.sevenkingdoms.local\",\"severityValue\":\"INFORMATION\"},\"eventdata\":{\"utcTime\":\"2026-08-19 12:53:32.628\",\"processGuid\":\"{5b59a28d-c320-76d3-b34e-000000000010}\",\"processId\":\"3973\",\"image\":\"C:\\\\Windows\\\\System32\\\\WindowsPowerShell\\\\v1.0\\\\powershell.exe\",\"commandLine\":\"powershell.exe -NonInteractive -ExecutionPolicy Bypass -File C:\\\\Scripts\\\\Maintenance\\\\health_check.ps1\",\"currentDirectory\":\"C:\\\\Windows\\\\system32\\\\\",\"user\":\"NT AUTHORITY\\\\SYSTEM\",\"parentProcessGuid\":\"{8027c8a6-0a5e-92e0-9d1d-000000000011}\",\"parentProcessId\":\"2486\",\"parentImage\":\"C:\\\\Windows\\\\System32\\\\taskeng.exe\",\"parentCommandLine\":\"C:\\\\Windows\\\\System32\\\\taskeng.exe\",\"hashes\":\"MD5=52A2D1D53AB7B54E6107FD5ACBDFFB15,SHA256=99C8275678FE526419811BC64793F96B0D55627558DFBBF37E4B9A9C4EEE61E1,IMPHASH=BA9BA9BB26C1A2513FD776DAAC02773E\"}}}",
      "expect": {
        "alert": false
      },
      "category": "noise",
      "attack": null,
      "evasion": false,
      "expected_rule_id": 100251,
      "expected_level": 0,
      "mitre_id": null
    },
    {
      "name": "noise 581 | Maintenance | taskeng health_check NoLogo",
      "event": "{\"win\":{\"system\":{\"providerName\":\"Microsoft-Windows-Sysmon\",\"providerGuid\":\"{5770385f-c22a-43e0-bf4c-06f5698ffbd9}\",\"eventID\":\"1\",\"version\":\"5\",\"level\":\"4\",\"task\":\"1\",\"opcode\":\"0\",\"keywords\":\"0x8000000000000000\",\"systemTime\":\"2026-08-19T12:54:16.073901787Z\",\"eventRecordID\":\"549680\",\"channel\":\"Microsoft-Windows-Sysmon/Operational\",\"computer\":\"kingslanding.sevenkingdoms.local\",\"severityValue\":\"INFORMATION\"},\"eventdata\":{\"utcTime\":\"2026-08-19 12:54:16.073\",\"processGuid\":\"{5b59a28d-c320-76d3-b34e-000000000010}\",\"processId\":\"3973\",\"image\":\"C:\\\\Windows\\\\System32\\\\WindowsPowerShell\\\\v1.0\\\\powershell.exe\",\"commandLine\":\"powershell.exe -NoLogo -NoProfile -ExecutionPolicy Bypass -File C:\\\\Scripts\\\\Maintenance\\\\health_check.ps1\",\"currentDirectory\":\"C:\\\\Windows\\\\system32\\\\\",\"user\":\"NT AUTHORITY\\\\SYSTEM\",\"parentProcessGuid\":\"{8027c8a6-0a5e-92e0-9d1d-000000000011}\",\"parentProcessId\":\"2486\",\"parentImage\":\"C:\\\\Windows\\\\System32\\\\taskeng.exe\",\"parentCommandLine\":\"C:\\\\Windows\\\\System32\\\\taskeng.exe\",\"hashes\":\"MD5=52A2D1D53AB7B54E6107FD5ACBDFFB15,SHA256=99C8275678FE526419811BC64793F96B0D55627558DFBBF37E4B9A9C4EEE61E1,IMPHASH=BA9BA9BB26C1A2513FD776DAAC02773E\"}}}",
      "expect": {
        "alert": false
      },
      "category": "noise",
      "attack": null,
      "evasion": false,
      "expected_rule_id": 100251,
      "expected_level": 0,
      "mitre_id": null
    },
    {
      "name": "noise 582 | Maintenance | taskeng health_check NonInteractive",
      "event": "{\"win\":{\"system\":{\"providerName\":\"Microsoft-Windows-Sysmon\",\"providerGuid\":\"{5770385f-c22a-43e0-bf4c-06f5698ffbd9}\",\"eventID\":\"1\",\"version\":\"5\",\"level\":\"4\",\"task\":\"1\",\"opcode\":\"0\",\"keywords\":\"0x8000000000000000\",\"systemTime\":\"2026-08-19T12:55:39.370953850Z\",\"eventRecordID\":\"549681\",\"channel\":\"Microsoft-Windows-Sysmon/Operational\",\"computer\":\"kingslanding.sevenkingdoms.local\",\"severityValue\":\"INFORMATION\"},\"eventdata\":{\"utcTime\":\"2026-08-19 12:55:39.370\",\"processGuid\":\"{5b59a28d-c320-76d3-b34e-000000000010}\",\"processId\":\"3973\",\"image\":\"C:\\\\Windows\\\\System32\\\\WindowsPowerShell\\\\v1.0\\\\powershell.exe\",\"commandLine\":\"powershell.exe -NonInteractive -ExecutionPolicy Bypass -File C:\\\\Scripts\\\\Maintenance\\\\health_check.ps1\",\"currentDirectory\":\"C:\\\\Windows\\\\system32\\\\\",\"user\":\"NT AUTHORITY\\\\SYSTEM\",\"parentProcessGuid\":\"{8027c8a6-0a5e-92e0-9d1d-000000000011}\",\"parentProcessId\":\"2486\",\"parentImage\":\"C:\\\\Windows\\\\System32\\\\taskeng.exe\",\"parentCommandLine\":\"C:\\\\Windows\\\\System32\\\\taskeng.exe\",\"hashes\":\"MD5=52A2D1D53AB7B54E6107FD5ACBDFFB15,SHA256=99C8275678FE526419811BC64793F96B0D55627558DFBBF37E4B9A9C4EEE61E1,IMPHASH=BA9BA9BB26C1A2513FD776DAAC02773E\"}}}",
      "expect": {
        "alert": false
      },
      "category": "noise",
      "attack": null,
      "evasion": false,
      "expected_rule_id": 100251,
      "expected_level": 0,
      "mitre_id": null
    },
    {
      "name": "noise 583 | Maintenance | taskeng health_check ReportOnly",
      "event": "{\"win\":{\"system\":{\"providerName\":\"Microsoft-Windows-Sysmon\",\"providerGuid\":\"{5770385f-c22a-43e0-bf4c-06f5698ffbd9}\",\"eventID\":\"1\",\"version\":\"5\",\"level\":\"4\",\"task\":\"1\",\"opcode\":\"0\",\"keywords\":\"0x8000000000000000\",\"systemTime\":\"2026-08-19T12:56:47.278357293Z\",\"eventRecordID\":\"549682\",\"channel\":\"Microsoft-Windows-Sysmon/Operational\",\"computer\":\"kingslanding.sevenkingdoms.local\",\"severityValue\":\"INFORMATION\"},\"eventdata\":{\"utcTime\":\"2026-08-19 12:56:47.278\",\"processGuid\":\"{5b59a28d-c320-76d3-b34e-000000000010}\",\"processId\":\"3973\",\"image\":\"C:\\\\Windows\\\\System32\\\\WindowsPowerShell\\\\v1.0\\\\powershell.exe\",\"commandLine\":\"powershell.exe -ExecutionPolicy Bypass -File C:\\\\Scripts\\\\Maintenance\\\\health_check.ps1 -ReportOnly\",\"currentDirectory\":\"C:\\\\Windows\\\\system32\\\\\",\"user\":\"NT AUTHORITY\\\\SYSTEM\",\"parentProcessGuid\":\"{8027c8a6-0a5e-92e0-9d1d-000000000011}\",\"parentProcessId\":\"2486\",\"parentImage\":\"C:\\\\Windows\\\\System32\\\\taskeng.exe\",\"parentCommandLine\":\"C:\\\\Windows\\\\System32\\\\taskeng.exe\",\"hashes\":\"MD5=52A2D1D53AB7B54E6107FD5ACBDFFB15,SHA256=99C8275678FE526419811BC64793F96B0D55627558DFBBF37E4B9A9C4EEE61E1,IMPHASH=BA9BA9BB26C1A2513FD776DAAC02773E\"}}}",
      "expect": {
        "alert": false
      },
      "category": "noise",
      "attack": null,
      "evasion": false,
      "expected_rule_id": 100251,
      "expected_level": 0,
      "mitre_id": null
    },
    {
      "name": "noise 584 | Maintenance | taskeng health_check Verbose",
      "event": "{\"win\":{\"system\":{\"providerName\":\"Microsoft-Windows-Sysmon\",\"providerGuid\":\"{5770385f-c22a-43e0-bf4c-06f5698ffbd9}\",\"eventID\":\"1\",\"version\":\"5\",\"level\":\"4\",\"task\":\"1\",\"opcode\":\"0\",\"keywords\":\"0x8000000000000000\",\"systemTime\":\"2026-08-19T12:58:20.527702281Z\",\"eventRecordID\":\"549683\",\"channel\":\"Microsoft-Windows-Sysmon/Operational\",\"computer\":\"kingslanding.sevenkingdoms.local\",\"severityValue\":\"INFORMATION\"},\"eventdata\":{\"utcTime\":\"2026-08-19 12:58:20.527\",\"processGuid\":\"{5b59a28d-c320-76d3-b34e-000000000010}\",\"processId\":\"3973\",\"image\":\"C:\\\\Windows\\\\System32\\\\WindowsPowerShell\\\\v1.0\\\\powershell.exe\",\"commandLine\":\"powershell.exe -ExecutionPolicy Bypass -File C:\\\\Scripts\\\\Maintenance\\\\health_check.ps1 -Verbose\",\"currentDirectory\":\"C:\\\\Windows\\\\system32\\\\\",\"user\":\"NT AUTHORITY\\\\SYSTEM\",\"parentProcessGuid\":\"{8027c8a6-0a5e-92e0-9d1d-000000000011}\",\"parentProcessId\":\"2486\",\"parentImage\":\"C:\\\\Windows\\\\System32\\\\taskeng.exe\",\"parentCommandLine\":\"C:\\\\Windows\\\\System32\\\\taskeng.exe\",\"hashes\":\"MD5=52A2D1D53AB7B54E6107FD5ACBDFFB15,SHA256=99C8275678FE526419811BC64793F96B0D55627558DFBBF37E4B9A9C4EEE61E1,IMPHASH=BA9BA9BB26C1A2513FD776DAAC02773E\"}}}",
      "expect": {
        "alert": false
      },
      "category": "noise",
      "attack": null,
      "evasion": false,
      "expected_rule_id": 100251,
      "expected_level": 0,
      "mitre_id": null
    },
    {
      "name": "noise 585 | Maintenance | taskeng health_check NonInteractive",
      "event": "{\"win\":{\"system\":{\"providerName\":\"Microsoft-Windows-Sysmon\",\"providerGuid\":\"{5770385f-c22a-43e0-bf4c-06f5698ffbd9}\",\"eventID\":\"1\",\"version\":\"5\",\"level\":\"4\",\"task\":\"1\",\"opcode\":\"0\",\"keywords\":\"0x8000000000000000\",\"systemTime\":\"2026-08-19T12:59:01.371632401Z\",\"eventRecordID\":\"549684\",\"channel\":\"Microsoft-Windows-Sysmon/Operational\",\"computer\":\"kingslanding.sevenkingdoms.local\",\"severityValue\":\"INFORMATION\"},\"eventdata\":{\"utcTime\":\"2026-08-19 12:59:01.371\",\"processGuid\":\"{5b59a28d-c320-76d3-b34e-000000000010}\",\"processId\":\"3973\",\"image\":\"C:\\\\Windows\\\\System32\\\\WindowsPowerShell\\\\v1.0\\\\powershell.exe\",\"commandLine\":\"powershell.exe -NonInteractive -ExecutionPolicy Bypass -File C:\\\\Scripts\\\\Maintenance\\\\health_check.ps1\",\"currentDirectory\":\"C:\\\\Windows\\\\system32\\\\\",\"user\":\"NT AUTHORITY\\\\SYSTEM\",\"parentProcessGuid\":\"{8027c8a6-0a5e-92e0-9d1d-000000000011}\",\"parentProcessId\":\"2486\",\"parentImage\":\"C:\\\\Windows\\\\System32\\\\taskeng.exe\",\"parentCommandLine\":\"C:\\\\Windows\\\\System32\\\\taskeng.exe\",\"hashes\":\"MD5=52A2D1D53AB7B54E6107FD5ACBDFFB15,SHA256=99C8275678FE526419811BC64793F96B0D55627558DFBBF37E4B9A9C4EEE61E1,IMPHASH=BA9BA9BB26C1A2513FD776DAAC02773E\"}}}",
      "expect": {
        "alert": false
      },
      "category": "noise",
      "attack": null,
      "evasion": false,
      "expected_rule_id": 100251,
      "expected_level": 0,
      "mitre_id": null
    },
    {
      "name": "noise 586 | Maintenance | taskeng health_check",
      "event": "{\"win\":{\"system\":{\"providerName\":\"Microsoft-Windows-Sysmon\",\"providerGuid\":\"{5770385f-c22a-43e0-bf4c-06f5698ffbd9}\",\"eventID\":\"1\",\"version\":\"5\",\"level\":\"4\",\"task\":\"1\",\"opcode\":\"0\",\"keywords\":\"0x8000000000000000\",\"systemTime\":\"2026-08-19T13:00:28.899312762Z\",\"eventRecordID\":\"549685\",\"channel\":\"Microsoft-Windows-Sysmon/Operational\",\"computer\":\"kingslanding.sevenkingdoms.local\",\"severityValue\":\"INFORMATION\"},\"eventdata\":{\"utcTime\":\"2026-08-19 13:00:28.899\",\"processGuid\":\"{5b59a28d-c320-76d3-b34e-000000000010}\",\"processId\":\"3973\",\"image\":\"C:\\\\Windows\\\\System32\\\\WindowsPowerShell\\\\v1.0\\\\powershell.exe\",\"commandLine\":\"powershell.exe -ExecutionPolicy Bypass -File C:\\\\Scripts\\\\Maintenance\\\\health_check.ps1\",\"currentDirectory\":\"C:\\\\Windows\\\\system32\\\\\",\"user\":\"NT AUTHORITY\\\\SYSTEM\",\"parentProcessGuid\":\"{8027c8a6-0a5e-92e0-9d1d-000000000011}\",\"parentProcessId\":\"2486\",\"parentImage\":\"C:\\\\Windows\\\\System32\\\\taskeng.exe\",\"parentCommandLine\":\"C:\\\\Windows\\\\System32\\\\taskeng.exe\",\"hashes\":\"MD5=52A2D1D53AB7B54E6107FD5ACBDFFB15,SHA256=99C8275678FE526419811BC64793F96B0D55627558DFBBF37E4B9A9C4EEE61E1,IMPHASH=BA9BA9BB26C1A2513FD776DAAC02773E\"}}}",
      "expect": {
        "alert": false
      },
      "category": "noise",
      "attack": null,
      "evasion": false,
      "expected_rule_id": 100251,
      "expected_level": 0,
      "mitre_id": null
    },
    {
      "name": "noise 587 | Maintenance | taskeng health_check quoted",
      "event": "{\"win\":{\"system\":{\"providerName\":\"Microsoft-Windows-Sysmon\",\"providerGuid\":\"{5770385f-c22a-43e0-bf4c-06f5698ffbd9}\",\"eventID\":\"1\",\"version\":\"5\",\"level\":\"4\",\"task\":\"1\",\"opcode\":\"0\",\"keywords\":\"0x8000000000000000\",\"systemTime\":\"2026-08-19T13:02:48.177581338Z\",\"eventRecordID\":\"549686\",\"channel\":\"Microsoft-Windows-Sysmon/Operational\",\"computer\":\"kingslanding.sevenkingdoms.local\",\"severityValue\":\"INFORMATION\"},\"eventdata\":{\"utcTime\":\"2026-08-19 13:02:48.177\",\"processGuid\":\"{5b59a28d-c320-76d3-b34e-000000000010}\",\"processId\":\"3973\",\"image\":\"C:\\\\Windows\\\\System32\\\\WindowsPowerShell\\\\v1.0\\\\powershell.exe\",\"commandLine\":\"powershell.exe -ExecutionPolicy Bypass -File \\\"C:\\\\Scripts\\\\Maintenance\\\\health_check.ps1\\\"\",\"currentDirectory\":\"C:\\\\Windows\\\\system32\\\\\",\"user\":\"NT AUTHORITY\\\\SYSTEM\",\"parentProcessGuid\":\"{8027c8a6-0a5e-92e0-9d1d-000000000011}\",\"parentProcessId\":\"2486\",\"parentImage\":\"C:\\\\Windows\\\\System32\\\\taskeng.exe\",\"parentCommandLine\":\"C:\\\\Windows\\\\System32\\\\taskeng.exe\",\"hashes\":\"MD5=52A2D1D53AB7B54E6107FD5ACBDFFB15,SHA256=99C8275678FE526419811BC64793F96B0D55627558DFBBF37E4B9A9C4EEE61E1,IMPHASH=BA9BA9BB26C1A2513FD776DAAC02773E\"}}}",
      "expect": {
        "alert": false
      },
      "category": "noise",
      "attack": null,
      "evasion": false,
      "expected_rule_id": 100251,
      "expected_level": 0,
      "mitre_id": null
    },
    {
      "name": "noise 588 | Maintenance | taskeng health_check Verbose",
      "event": "{\"win\":{\"system\":{\"providerName\":\"Microsoft-Windows-Sysmon\",\"providerGuid\":\"{5770385f-c22a-43e0-bf4c-06f5698ffbd9}\",\"eventID\":\"1\",\"version\":\"5\",\"level\":\"4\",\"task\":\"1\",\"opcode\":\"0\",\"keywords\":\"0x8000000000000000\",\"systemTime\":\"2026-08-19T13:03:57.856973437Z\",\"eventRecordID\":\"549687\",\"channel\":\"Microsoft-Windows-Sysmon/Operational\",\"computer\":\"kingslanding.sevenkingdoms.local\",\"severityValue\":\"INFORMATION\"},\"eventdata\":{\"utcTime\":\"2026-08-19 13:03:57.856\",\"processGuid\":\"{5b59a28d-c320-76d3-b34e-000000000010}\",\"processId\":\"3973\",\"image\":\"C:\\\\Windows\\\\System32\\\\WindowsPowerShell\\\\v1.0\\\\powershell.exe\",\"commandLine\":\"powershell.exe -ExecutionPolicy Bypass -File C:\\\\Scripts\\\\Maintenance\\\\health_check.ps1 -Verbose\",\"currentDirectory\":\"C:\\\\Windows\\\\system32\\\\\",\"user\":\"NT AUTHORITY\\\\SYSTEM\",\"parentProcessGuid\":\"{8027c8a6-0a5e-92e0-9d1d-000000000011}\",\"parentProcessId\":\"2486\",\"parentImage\":\"C:\\\\Windows\\\\System32\\\\taskeng.exe\",\"parentCommandLine\":\"C:\\\\Windows\\\\System32\\\\taskeng.exe\",\"hashes\":\"MD5=52A2D1D53AB7B54E6107FD5ACBDFFB15,SHA256=99C8275678FE526419811BC64793F96B0D55627558DFBBF37E4B9A9C4EEE61E1,IMPHASH=BA9BA9BB26C1A2513FD776DAAC02773E\"}}}",
      "expect": {
        "alert": false
      },
      "category": "noise",
      "attack": null,
      "evasion": false,
      "expected_rule_id": 100251,
      "expected_level": 0,
      "mitre_id": null
    },
