    {
      "name": "noise 776 | certutil legit | certutil verifyctl ca-bundle.cer",
      "event": "{\"win\":{\"system\":{\"providerName\":\"Microsoft-Windows-Sysmon\",\"providerGuid\":\"{5770385f-c22a-43e0-bf4c-06f5698ffbd9}\",\"eventID\":\"1\",\"version\":\"5\",\"level\":\"4\",\"task\":\"1\",\"opcode\":\"0\",\"keywords\":\"0x8000000000000000\",\"systemTime\":\"2026-08-19T17:14:00.610793848Z\",\"eventRecordID\":\"549875\",\"channel\":\"Microsoft-Windows-Sysmon/Operational\",\"computer\":\"kingslanding.sevenkingdoms.local\",\"severityValue\":\"INFORMATION\"},\"eventdata\":{\"utcTime\":\"2026-08-19 17:14:00.610\",\"processGuid\":\"{79d59aa8-15bd-1854-5600-000000000016}\",\"processId\":\"671\",\"image\":\"C:\\\\Windows\\\\System32\\\\certutil.exe\",\"commandLine\":\"certutil.exe -verifyctl \\\"C:\\\\Users\\\\Public\\\\Documents\\\\ca-bundle.cer\\\"\",\"currentDirectory\":\"C:\\\\Windows\\\\system32\\\\\",\"user\":\"NT AUTHORITY\\\\SYSTEM\",\"parentProcessGuid\":\"{8027c8a6-0a5e-92e0-9d1d-000000000011}\",\"parentProcessId\":\"2486\",\"parentImage\":\"C:\\\\Windows\\\\System32\\\\taskeng.exe\",\"parentCommandLine\":\"C:\\\\Windows\\\\System32\\\\taskeng.exe\",\"hashes\":\"MD5=79E05CF44B265169CD9A673B0D2C2FFB,SHA256=58858CD6163A83B3ABFA396041EE8C319BC3FC8AC6B02E2B5297FCEA33495D9B,IMPHASH=1C07B3CF511F24305EB0AE46D98C75BA\"}}}",
      "expect": {
        "alert": false
      },
      "category": "noise",
      "attack": null,
      "evasion": false,
      "expected_rule_id": 100251,
      "expected_level": 0,
      "mitre_id": null
    },
    {
      "name": "noise 777 | certutil legit | certutil verifyctl ca.cer",
      "event": "{\"win\":{\"system\":{\"providerName\":\"Microsoft-Windows-Sysmon\",\"providerGuid\":\"{5770385f-c22a-43e0-bf4c-06f5698ffbd9}\",\"eventID\":\"1\",\"version\":\"5\",\"level\":\"4\",\"task\":\"1\",\"opcode\":\"0\",\"keywords\":\"0x8000000000000000\",\"systemTime\":\"2026-08-19T17:15:45.257960014Z\",\"eventRecordID\":\"549876\",\"channel\":\"Microsoft-Windows-Sysmon/Operational\",\"computer\":\"kingslanding.sevenkingdoms.local\",\"severityValue\":\"INFORMATION\"},\"eventdata\":{\"utcTime\":\"2026-08-19 17:15:45.257\",\"processGuid\":\"{c9d5e3b3-3a80-41ea-3e53-000000000014}\",\"processId\":\"671\",\"image\":\"C:\\\\Windows\\\\System32\\\\certutil.exe\",\"commandLine\":\"certutil.exe -verifyctl -f \\\"C:\\\\Windows\\\\Temp\\\\certs\\\\ca.cer\\\"\",\"currentDirectory\":\"C:\\\\Windows\\\\system32\\\\\",\"user\":\"SEVENKINGDOMS\\\\Administrator\",\"parentProcessGuid\":\"{41c406e3-aa37-7f60-b649-000000000015}\",\"parentProcessId\":\"6145\",\"parentImage\":\"C:\\\\Windows\\\\System32\\\\cmd.exe\",\"parentCommandLine\":\"cmd.exe /c certutil.exe -verifyctl -f \\\"C:\\\\Windows\\\\Temp\\\\certs\\\\ca.cer\\\"\",\"hashes\":\"MD5=79E05CF44B265169CD9A673B0D2C2FFB,SHA256=58858CD6163A83B3ABFA396041EE8C319BC3FC8AC6B02E2B5297FCEA33495D9B,IMPHASH=1C07B3CF511F24305EB0AE46D98C75BA\"}}}",
      "expect": {
        "alert": false
      },
      "category": "noise",
      "attack": null,
      "evasion": false,
      "expected_rule_id": 100251,
      "expected_level": 0,
      "mitre_id": null
    },
    {
      "name": "noise 778 | certutil legit | certutil verifyctl ca.cer",
      "event": "{\"win\":{\"system\":{\"providerName\":\"Microsoft-Windows-Sysmon\",\"providerGuid\":\"{5770385f-c22a-43e0-bf4c-06f5698ffbd9}\",\"eventID\":\"1\",\"version\":\"5\",\"level\":\"4\",\"task\":\"1\",\"opcode\":\"0\",\"keywords\":\"0x8000000000000000\",\"systemTime\":\"2026-08-19T17:16:37.855368570Z\",\"eventRecordID\":\"549877\",\"channel\":\"Microsoft-Windows-Sysmon/Operational\",\"computer\":\"kingslanding.sevenkingdoms.local\",\"severityValue\":\"INFORMATION\"},\"eventdata\":{\"utcTime\":\"2026-08-19 17:16:37.855\",\"processGuid\":\"{79d59aa8-15bd-1854-5600-000000000016}\",\"processId\":\"671\",\"image\":\"C:\\\\Windows\\\\System32\\\\certutil.exe\",\"commandLine\":\"certutil.exe -verifyctl -f \\\"C:\\\\Windows\\\\Temp\\\\certs\\\\ca.cer\\\"\",\"currentDirectory\":\"C:\\\\Windows\\\\system32\\\\\",\"user\":\"NT AUTHORITY\\\\SYSTEM\",\"parentProcessGuid\":\"{8027c8a6-0a5e-92e0-9d1d-000000000011}\",\"parentProcessId\":\"2486\",\"parentImage\":\"C:\\\\Windows\\\\System32\\\\taskeng.exe\",\"parentCommandLine\":\"C:\\\\Windows\\\\System32\\\\taskeng.exe\",\"hashes\":\"MD5=79E05CF44B265169CD9A673B0D2C2FFB,SHA256=58858CD6163A83B3ABFA396041EE8C319BC3FC8AC6B02E2B5297FCEA33495D9B,IMPHASH=1C07B3CF511F24305EB0AE46D98C75BA\"}}}",
      "expect": {
        "alert": false
      },
      "category": "noise",
      "attack": null,
      "evasion": false,
      "expected_rule_id": 100251,
      "expected_level": 0,
      "mitre_id": null
    },
    {
      "name": "noise 779 | certutil legit | certutil verifyctl root.cer",
      "event": "{\"win\":{\"system\":{\"providerName\":\"Microsoft-Windows-Sysmon\",\"providerGuid\":\"{5770385f-c22a-43e0-bf4c-06f5698ffbd9}\",\"eventID\":\"1\",\"version\":\"5\",\"level\":\"4\",\"task\":\"1\",\"opcode\":\"0\",\"keywords\":\"0x8000000000000000\",\"systemTime\":\"2026-08-19T17:18:56.551786639Z\",\"eventRecordID\":\"549878\",\"channel\":\"Microsoft-Windows-Sysmon/Operational\",\"computer\":\"kingslanding.sevenkingdoms.local\",\"severityValue\":\"INFORMATION\"},\"eventdata\":{\"utcTime\":\"2026-08-19 17:18:56.551\",\"processGuid\":\"{c9d5e3b3-3a80-41ea-3e53-000000000014}\",\"processId\":\"671\",\"image\":\"C:\\\\Windows\\\\System32\\\\certutil.exe\",\"commandLine\":\"certutil.exe -verifyctl \\\"C:\\\\Windows\\\\Temp\\\\certs\\\\root.cer\\\"\",\"currentDirectory\":\"C:\\\\Windows\\\\system32\\\\\",\"user\":\"SEVENKINGDOMS\\\\Administrator\",\"parentProcessGuid\":\"{41c406e3-aa37-7f60-b649-000000000015}\",\"parentProcessId\":\"6145\",\"parentImage\":\"C:\\\\Windows\\\\System32\\\\cmd.exe\",\"parentCommandLine\":\"cmd.exe /c certutil.exe -verifyctl \\\"C:\\\\Windows\\\\Temp\\\\certs\\\\root.cer\\\"\",\"hashes\":\"MD5=79E05CF44B265169CD9A673B0D2C2FFB,SHA256=58858CD6163A83B3ABFA396041EE8C319BC3FC8AC6B02E2B5297FCEA33495D9B,IMPHASH=1C07B3CF511F24305EB0AE46D98C75BA\"}}}",
      "expect": {
        "alert": false
      },
      "category": "noise",
      "attack": null,
      "evasion": false,
      "expected_rule_id": 100251,
      "expected_level": 0,
      "mitre_id": null
    },
    {
      "name": "noise 780 | certutil legit | certutil verifyctl machinekeys",
      "event": "{\"win\":{\"system\":{\"providerName\":\"Microsoft-Windows-Sysmon\",\"providerGuid\":\"{5770385f-c22a-43e0-bf4c-06f5698ffbd9}\",\"eventID\":\"1\",\"version\":\"5\",\"level\":\"4\",\"task\":\"1\",\"opcode\":\"0\",\"keywords\":\"0x8000000000000000\",\"systemTime\":\"2026-08-19T17:19:35.438382568Z\",\"eventRecordID\":\"549879\",\"channel\":\"Microsoft-Windows-Sysmon/Operational\",\"computer\":\"kingslanding.sevenkingdoms.local\",\"severityValue\":\"INFORMATION\"},\"eventdata\":{\"utcTime\":\"2026-08-19 17:19:35.438\",\"processGuid\":\"{79d59aa8-15bd-1854-5600-000000000016}\",\"processId\":\"671\",\"image\":\"C:\\\\Windows\\\\System32\\\\certutil.exe\",\"commandLine\":\"certutil.exe -verifyctl \\\"C:\\\\ProgramData\\\\Microsoft\\\\Crypto\\\\RSA\\\\MachineKeys\\\\cert.cer\\\"\",\"currentDirectory\":\"C:\\\\Windows\\\\system32\\\\\",\"user\":\"NT AUTHORITY\\\\SYSTEM\",\"parentProcessGuid\":\"{8027c8a6-0a5e-92e0-9d1d-000000000011}\",\"parentProcessId\":\"2486\",\"parentImage\":\"C:\\\\Windows\\\\System32\\\\taskeng.exe\",\"parentCommandLine\":\"C:\\\\Windows\\\\System32\\\\taskeng.exe\",\"hashes\":\"MD5=79E05CF44B265169CD9A673B0D2C2FFB,SHA256=58858CD6163A83B3ABFA396041EE8C319BC3FC8AC6B02E2B5297FCEA33495D9B,IMPHASH=1C07B3CF511F24305EB0AE46D98C75BA\"}}}",
      "expect": {
        "alert": false
      },
      "category": "noise",
      "attack": null,
      "evasion": false,
      "expected_rule_id": 100251,
      "expected_level": 0,
      "mitre_id": null
    },
    {
      "name": "noise 781 | certutil legit | certutil verifyctl ca.cer",
      "event": "{\"win\":{\"system\":{\"providerName\":\"Microsoft-Windows-Sysmon\",\"providerGuid\":\"{5770385f-c22a-43e0-bf4c-06f5698ffbd9}\",\"eventID\":\"1\",\"version\":\"5\",\"level\":\"4\",\"task\":\"1\",\"opcode\":\"0\",\"keywords\":\"0x8000000000000000\",\"systemTime\":\"2026-08-19T17:20:24.561839311Z\",\"eventRecordID\":\"549880\",\"channel\":\"Microsoft-Windows-Sysmon/Operational\",\"computer\":\"kingslanding.sevenkingdoms.local\",\"severityValue\":\"INFORMATION\"},\"eventdata\":{\"utcTime\":\"2026-08-19 17:20:24.561\",\"processGuid\":\"{e2717f60-63c5-edd7-97ea-000000000012}\",\"processId\":\"671\",\"image\":\"C:\\\\Windows\\\\System32\\\\certutil.exe\",\"commandLine\":\"certutil.exe -verifyctl -f \\\"C:\\\\Windows\\\\Temp\\\\certs\\\\ca.cer\\\"\",\"currentDirectory\":\"C:\\\\Windows\\\\system32\\\\\",\"user\":\"NT AUTHORITY\\\\SYSTEM\",\"parentProcessGuid\":\"{8d556a29-260f-b220-458c-000000000013}\",\"parentProcessId\":\"3548\",\"parentImage\":\"C:\\\\Windows\\\\System32\\\\svchost.exe\",\"parentCommandLine\":\"C:\\\\Windows\\\\System32\\\\svchost.exe -k netsvcs -p -s CertPropSvc\",\"hashes\":\"MD5=79E05CF44B265169CD9A673B0D2C2FFB,SHA256=58858CD6163A83B3ABFA396041EE8C319BC3FC8AC6B02E2B5297FCEA33495D9B,IMPHASH=1C07B3CF511F24305EB0AE46D98C75BA\"}}}",
      "expect": {
        "alert": false
      },
      "category": "noise",
      "attack": null,
      "evasion": false,
      "expected_rule_id": 100251,
      "expected_level": 0,
      "mitre_id": null
    },
    {
      "name": "noise 782 | certutil legit | certutil verifyctl ca.cer",
      "event": "{\"win\":{\"system\":{\"providerName\":\"Microsoft-Windows-Sysmon\",\"providerGuid\":\"{5770385f-c22a-43e0-bf4c-06f5698ffbd9}\",\"eventID\":\"1\",\"version\":\"5\",\"level\":\"4\",\"task\":\"1\",\"opcode\":\"0\",\"keywords\":\"0x8000000000000000\",\"systemTime\":\"2026-08-19T17:21:59.877580203Z\",\"eventRecordID\":\"549881\",\"channel\":\"Microsoft-Windows-Sysmon/Operational\",\"computer\":\"kingslanding.sevenkingdoms.local\",\"severityValue\":\"INFORMATION\"},\"eventdata\":{\"utcTime\":\"2026-08-19 17:21:59.877\",\"processGuid\":\"{e2717f60-63c5-edd7-97ea-000000000012}\",\"processId\":\"671\",\"image\":\"C:\\\\Windows\\\\System32\\\\certutil.exe\",\"commandLine\":\"certutil.exe -verifyctl -f \\\"C:\\\\Windows\\\\Temp\\\\certs\\\\ca.cer\\\"\",\"currentDirectory\":\"C:\\\\Windows\\\\system32\\\\\",\"user\":\"NT AUTHORITY\\\\SYSTEM\",\"parentProcessGuid\":\"{8d556a29-260f-b220-458c-000000000013}\",\"parentProcessId\":\"3548\",\"parentImage\":\"C:\\\\Windows\\\\System32\\\\svchost.exe\",\"parentCommandLine\":\"C:\\\\Windows\\\\System32\\\\svchost.exe -k netsvcs -p -s CertPropSvc\",\"hashes\":\"MD5=79E05CF44B265169CD9A673B0D2C2FFB,SHA256=58858CD6163A83B3ABFA396041EE8C319BC3FC8AC6B02E2B5297FCEA33495D9B,IMPHASH=1C07B3CF511F24305EB0AE46D98C75BA\"}}}",
      "expect": {
        "alert": false
      },
      "category": "noise",
      "attack": null,
      "evasion": false,
      "expected_rule_id": 100251,
      "expected_level": 0,
      "mitre_id": null
    },
    {
      "name": "noise 783 | certutil legit | certutil verifyctl ca.cer",
      "event": "{\"win\":{\"system\":{\"providerName\":\"Microsoft-Windows-Sysmon\",\"providerGuid\":\"{5770385f-c22a-43e0-bf4c-06f5698ffbd9}\",\"eventID\":\"1\",\"version\":\"5\",\"level\":\"4\",\"task\":\"1\",\"opcode\":\"0\",\"keywords\":\"0x8000000000000000\",\"systemTime\":\"2026-08-19T17:23:05.708951385Z\",\"eventRecordID\":\"549882\",\"channel\":\"Microsoft-Windows-Sysmon/Operational\",\"computer\":\"kingslanding.sevenkingdoms.local\",\"severityValue\":\"INFORMATION\"},\"eventdata\":{\"utcTime\":\"2026-08-19 17:23:05.708\",\"processGuid\":\"{79d59aa8-15bd-1854-5600-000000000016}\",\"processId\":\"671\",\"image\":\"C:\\\\Windows\\\\System32\\\\certutil.exe\",\"commandLine\":\"certutil.exe -verifyctl -f \\\"C:\\\\Windows\\\\Temp\\\\certs\\\\ca.cer\\\"\",\"currentDirectory\":\"C:\\\\Windows\\\\system32\\\\\",\"user\":\"NT AUTHORITY\\\\SYSTEM\",\"parentProcessGuid\":\"{8027c8a6-0a5e-92e0-9d1d-000000000011}\",\"parentProcessId\":\"2486\",\"parentImage\":\"C:\\\\Windows\\\\System32\\\\taskeng.exe\",\"parentCommandLine\":\"C:\\\\Windows\\\\System32\\\\taskeng.exe\",\"hashes\":\"MD5=79E05CF44B265169CD9A673B0D2C2FFB,SHA256=58858CD6163A83B3ABFA396041EE8C319BC3FC8AC6B02E2B5297FCEA33495D9B,IMPHASH=1C07B3CF511F24305EB0AE46D98C75BA\"}}}",
      "expect": {
        "alert": false
      },
      "category": "noise",
      "attack": null,
      "evasion": false,
      "expected_rule_id": 100251,
      "expected_level": 0,
      "mitre_id": null
    },
    {
      "name": "noise 784 | certutil legit | certutil dump root.cer",
      "event": "{\"win\":{\"system\":{\"providerName\":\"Microsoft-Windows-Sysmon\",\"providerGuid\":\"{5770385f-c22a-43e0-bf4c-06f5698ffbd9}\",\"eventID\":\"1\",\"version\":\"5\",\"level\":\"4\",\"task\":\"1\",\"opcode\":\"0\",\"keywords\":\"0x8000000000000000\",\"systemTime\":\"2026-08-19T17:24:28.469323550Z\",\"eventRecordID\":\"549883\",\"channel\":\"Microsoft-Windows-Sysmon/Operational\",\"computer\":\"kingslanding.sevenkingdoms.local\",\"severityValue\":\"INFORMATION\"},\"eventdata\":{\"utcTime\":\"2026-08-19 17:24:28.469\",\"processGuid\":\"{c9d5e3b3-3a80-41ea-3e53-000000000014}\",\"processId\":\"671\",\"image\":\"C:\\\\Windows\\\\System32\\\\certutil.exe\",\"commandLine\":\"certutil.exe -dump \\\"C:\\\\Windows\\\\Temp\\\\certs\\\\root.cer\\\"\",\"currentDirectory\":\"C:\\\\Windows\\\\system32\\\\\",\"user\":\"SEVENKINGDOMS\\\\Administrator\",\"parentProcessGuid\":\"{41c406e3-aa37-7f60-b649-000000000015}\",\"parentProcessId\":\"6145\",\"parentImage\":\"C:\\\\Windows\\\\System32\\\\cmd.exe\",\"parentCommandLine\":\"cmd.exe /c certutil.exe -dump \\\"C:\\\\Windows\\\\Temp\\\\certs\\\\root.cer\\\"\",\"hashes\":\"MD5=79E05CF44B265169CD9A673B0D2C2FFB,SHA256=58858CD6163A83B3ABFA396041EE8C319BC3FC8AC6B02E2B5297FCEA33495D9B,IMPHASH=1C07B3CF511F24305EB0AE46D98C75BA\"}}}",
      "expect": {
        "alert": false
      },
      "category": "noise",
      "attack": null,
      "evasion": false,
      "expected_rule_id": 100251,
      "expected_level": 0,
      "mitre_id": null
    },
    {
      "name": "noise 785 | certutil legit | certutil store My",
      "event": "{\"win\":{\"system\":{\"providerName\":\"Microsoft-Windows-Sysmon\",\"providerGuid\":\"{5770385f-c22a-43e0-bf4c-06f5698ffbd9}\",\"eventID\":\"1\",\"version\":\"5\",\"level\":\"4\",\"task\":\"1\",\"opcode\":\"0\",\"keywords\":\"0x8000000000000000\",\"systemTime\":\"2026-08-19T17:26:56.691209022Z\",\"eventRecordID\":\"549884\",\"channel\":\"Microsoft-Windows-Sysmon/Operational\",\"computer\":\"kingslanding.sevenkingdoms.local\",\"severityValue\":\"INFORMATION\"},\"eventdata\":{\"utcTime\":\"2026-08-19 17:26:56.691\",\"processGuid\":\"{79d59aa8-15bd-1854-5600-000000000016}\",\"processId\":\"671\",\"image\":\"C:\\\\Windows\\\\System32\\\\certutil.exe\",\"commandLine\":\"certutil.exe -store My\",\"currentDirectory\":\"C:\\\\Windows\\\\system32\\\\\",\"user\":\"NT AUTHORITY\\\\SYSTEM\",\"parentProcessGuid\":\"{8027c8a6-0a5e-92e0-9d1d-000000000011}\",\"parentProcessId\":\"2486\",\"parentImage\":\"C:\\\\Windows\\\\System32\\\\taskeng.exe\",\"parentCommandLine\":\"C:\\\\Windows\\\\System32\\\\taskeng.exe\",\"hashes\":\"MD5=79E05CF44B265169CD9A673B0D2C2FFB,SHA256=58858CD6163A83B3ABFA396041EE8C319BC3FC8AC6B02E2B5297FCEA33495D9B,IMPHASH=1C07B3CF511F24305EB0AE46D98C75BA\"}}}",
      "expect": {
        "alert": false
      },
      "category": "noise",
      "attack": null,
      "evasion": false,
      "expected_rule_id": 100251,
      "expected_level": 0,
      "mitre_id": null
    },
    {
      "name": "noise 786 | certutil legit | certutil pulse verbose",
      "event": "{\"win\":{\"system\":{\"providerName\":\"Microsoft-Windows-Sysmon\",\"providerGuid\":\"{5770385f-c22a-43e0-bf4c-06f5698ffbd9}\",\"eventID\":\"1\",\"version\":\"5\",\"level\":\"4\",\"task\":\"1\",\"opcode\":\"0\",\"keywords\":\"0x8000000000000000\",\"systemTime\":\"2026-08-19T17:27:48.770246959Z\",\"eventRecordID\":\"549885\",\"channel\":\"Microsoft-Windows-Sysmon/Operational\",\"computer\":\"kingslanding.sevenkingdoms.local\",\"severityValue\":\"INFORMATION\"},\"eventdata\":{\"utcTime\":\"2026-08-19 17:27:48.770\",\"processGuid\":\"{e2717f60-63c5-edd7-97ea-000000000012}\",\"processId\":\"671\",\"image\":\"C:\\\\Windows\\\\System32\\\\certutil.exe\",\"commandLine\":\"certutil.exe -pulse -v\",\"currentDirectory\":\"C:\\\\Windows\\\\system32\\\\\",\"user\":\"NT AUTHORITY\\\\SYSTEM\",\"parentProcessGuid\":\"{8d556a29-260f-b220-458c-000000000013}\",\"parentProcessId\":\"3548\",\"parentImage\":\"C:\\\\Windows\\\\System32\\\\svchost.exe\",\"parentCommandLine\":\"C:\\\\Windows\\\\System32\\\\svchost.exe -k netsvcs -p -s CertPropSvc\",\"hashes\":\"MD5=79E05CF44B265169CD9A673B0D2C2FFB,SHA256=58858CD6163A83B3ABFA396041EE8C319BC3FC8AC6B02E2B5297FCEA33495D9B,IMPHASH=1C07B3CF511F24305EB0AE46D98C75BA\"}}}",
      "expect": {
        "alert": false
      },
      "category": "noise",
      "attack": null,
      "evasion": false,
      "expected_rule_id": 100251,
      "expected_level": 0,
      "mitre_id": null
    },
    {
      "name": "noise 787 | certutil legit | certutil verifyctl ca-bundle.cer",
      "event": "{\"win\":{\"system\":{\"providerName\":\"Microsoft-Windows-Sysmon\",\"providerGuid\":\"{5770385f-c22a-43e0-bf4c-06f5698ffbd9}\",\"eventID\":\"1\",\"version\":\"5\",\"level\":\"4\",\"task\":\"1\",\"opcode\":\"0\",\"keywords\":\"0x8000000000000000\",\"systemTime\":\"2026-08-19T17:29:06.862628342Z\",\"eventRecordID\":\"549886\",\"channel\":\"Microsoft-Windows-Sysmon/Operational\",\"computer\":\"kingslanding.sevenkingdoms.local\",\"severityValue\":\"INFORMATION\"},\"eventdata\":{\"utcTime\":\"2026-08-19 17:29:06.862\",\"processGuid\":\"{c9d5e3b3-3a80-41ea-3e53-000000000014}\",\"processId\":\"671\",\"image\":\"C:\\\\Windows\\\\System32\\\\certutil.exe\",\"commandLine\":\"certutil.exe -verifyctl \\\"C:\\\\Users\\\\Public\\\\Documents\\\\ca-bundle.cer\\\"\",\"currentDirectory\":\"C:\\\\Windows\\\\system32\\\\\",\"user\":\"SEVENKINGDOMS\\\\Administrator\",\"parentProcessGuid\":\"{41c406e3-aa37-7f60-b649-000000000015}\",\"parentProcessId\":\"6145\",\"parentImage\":\"C:\\\\Windows\\\\System32\\\\cmd.exe\",\"parentCommandLine\":\"cmd.exe /c certutil.exe -verifyctl \\\"C:\\\\Users\\\\Public\\\\Documents\\\\ca-bundle.cer\\\"\",\"hashes\":\"MD5=79E05CF44B265169CD9A673B0D2C2FFB,SHA256=58858CD6163A83B3ABFA396041EE8C319BC3FC8AC6B02E2B5297FCEA33495D9B,IMPHASH=1C07B3CF511F24305EB0AE46D98C75BA\"}}}",
      "expect": {
        "alert": false
      },
      "category": "noise",
      "attack": null,
      "evasion": false,
      "expected_rule_id": 100251,
      "expected_level": 0,
      "mitre_id": null
    },
    {
      "name": "noise 788 | certutil legit | certutil dump root.cer",
      "event": "{\"win\":{\"system\":{\"providerName\":\"Microsoft-Windows-Sysmon\",\"providerGuid\":\"{5770385f-c22a-43e0-bf4c-06f5698ffbd9}\",\"eventID\":\"1\",\"version\":\"5\",\"level\":\"4\",\"task\":\"1\",\"opcode\":\"0\",\"keywords\":\"0x8000000000000000\",\"systemTime\":\"2026-08-19T17:29:58.024199989Z\",\"eventRecordID\":\"549887\",\"channel\":\"Microsoft-Windows-Sysmon/Operational\",\"computer\":\"kingslanding.sevenkingdoms.local\",\"severityValue\":\"INFORMATION\"},\"eventdata\":{\"utcTime\":\"2026-08-19 17:29:58.024\",\"processGuid\":\"{e2717f60-63c5-edd7-97ea-000000000012}\",\"processId\":\"671\",\"image\":\"C:\\\\Windows\\\\System32\\\\certutil.exe\",\"commandLine\":\"certutil.exe -dump \\\"C:\\\\Windows\\\\Temp\\\\certs\\\\root.cer\\\"\",\"currentDirectory\":\"C:\\\\Windows\\\\system32\\\\\",\"user\":\"NT AUTHORITY\\\\SYSTEM\",\"parentProcessGuid\":\"{8d556a29-260f-b220-458c-000000000013}\",\"parentProcessId\":\"3548\",\"parentImage\":\"C:\\\\Windows\\\\System32\\\\svchost.exe\",\"parentCommandLine\":\"C:\\\\Windows\\\\System32\\\\svchost.exe -k netsvcs -p -s CertPropSvc\",\"hashes\":\"MD5=79E05CF44B265169CD9A673B0D2C2FFB,SHA256=58858CD6163A83B3ABFA396041EE8C319BC3FC8AC6B02E2B5297FCEA33495D9B,IMPHASH=1C07B3CF511F24305EB0AE46D98C75BA\"}}}",
      "expect": {
        "alert": false
      },
      "category": "noise",
      "attack": null,
      "evasion": false,
      "expected_rule_id": 100251,
      "expected_level": 0,
      "mitre_id": null
    },
    {
      "name": "noise 789 | certutil legit | certutil dump root.cer",
      "event": "{\"win\":{\"system\":{\"providerName\":\"Microsoft-Windows-Sysmon\",\"providerGuid\":\"{5770385f-c22a-43e0-bf4c-06f5698ffbd9}\",\"eventID\":\"1\",\"version\":\"5\",\"level\":\"4\",\"task\":\"1\",\"opcode\":\"0\",\"keywords\":\"0x8000000000000000\",\"systemTime\":\"2026-08-19T17:31:41.891217370Z\",\"eventRecordID\":\"549888\",\"channel\":\"Microsoft-Windows-Sysmon/Operational\",\"computer\":\"kingslanding.sevenkingdoms.local\",\"severityValue\":\"INFORMATION\"},\"eventdata\":{\"utcTime\":\"2026-08-19 17:31:41.891\",\"processGuid\":\"{c9d5e3b3-3a80-41ea-3e53-000000000014}\",\"processId\":\"671\",\"image\":\"C:\\\\Windows\\\\System32\\\\certutil.exe\",\"commandLine\":\"certutil.exe -dump \\\"C:\\\\Windows\\\\Temp\\\\certs\\\\root.cer\\\"\",\"currentDirectory\":\"C:\\\\Windows\\\\system32\\\\\",\"user\":\"SEVENKINGDOMS\\\\Administrator\",\"parentProcessGuid\":\"{41c406e3-aa37-7f60-b649-000000000015}\",\"parentProcessId\":\"6145\",\"parentImage\":\"C:\\\\Windows\\\\System32\\\\cmd.exe\",\"parentCommandLine\":\"cmd.exe /c certutil.exe -dump \\\"C:\\\\Windows\\\\Temp\\\\certs\\\\root.cer\\\"\",\"hashes\":\"MD5=79E05CF44B265169CD9A673B0D2C2FFB,SHA256=58858CD6163A83B3ABFA396041EE8C319BC3FC8AC6B02E2B5297FCEA33495D9B,IMPHASH=1C07B3CF511F24305EB0AE46D98C75BA\"}}}",
      "expect": {
        "alert": false
      },
      "category": "noise",
      "attack": null,
      "evasion": false,
      "expected_rule_id": 100251,
      "expected_level": 0,
      "mitre_id": null
    },
    {
      "name": "noise 790 | certutil legit | certutil store My",
      "event": "{\"win\":{\"system\":{\"providerName\":\"Microsoft-Windows-Sysmon\",\"providerGuid\":\"{5770385f-c22a-43e0-bf4c-06f5698ffbd9}\",\"eventID\":\"1\",\"version\":\"5\",\"level\":\"4\",\"task\":\"1\",\"opcode\":\"0\",\"keywords\":\"0x8000000000000000\",\"systemTime\":\"2026-08-19T17:33:28.885683209Z\",\"eventRecordID\":\"549889\",\"channel\":\"Microsoft-Windows-Sysmon/Operational\",\"computer\":\"kingslanding.sevenkingdoms.local\",\"severityValue\":\"INFORMATION\"},\"eventdata\":{\"utcTime\":\"2026-08-19 17:33:28.885\",\"processGuid\":\"{e2717f60-63c5-edd7-97ea-000000000012}\",\"processId\":\"671\",\"image\":\"C:\\\\Windows\\\\System32\\\\certutil.exe\",\"commandLine\":\"certutil.exe -store My\",\"currentDirectory\":\"C:\\\\Windows\\\\system32\\\\\",\"user\":\"NT AUTHORITY\\\\SYSTEM\",\"parentProcessGuid\":\"{8d556a29-260f-b220-458c-000000000013}\",\"parentProcessId\":\"3548\",\"parentImage\":\"C:\\\\Windows\\\\System32\\\\svchost.exe\",\"parentCommandLine\":\"C:\\\\Windows\\\\System32\\\\svchost.exe -k netsvcs -p -s CertPropSvc\",\"hashes\":\"MD5=79E05CF44B265169CD9A673B0D2C2FFB,SHA256=58858CD6163A83B3ABFA396041EE8C319BC3FC8AC6B02E2B5297FCEA33495D9B,IMPHASH=1C07B3CF511F24305EB0AE46D98C75BA\"}}}",
      "expect": {
        "alert": false
      },
      "category": "noise",
      "attack": null,
      "evasion": false,
      "expected_rule_id": 100251,
      "expected_level": 0,
      "mitre_id": null
    },
    {
      "name": "noise 791 | certutil legit | certutil pulse",
      "event": "{\"win\":{\"system\":{\"providerName\":\"Microsoft-Windows-Sysmon\",\"providerGuid\":\"{5770385f-c22a-43e0-bf4c-06f5698ffbd9}\",\"eventID\":\"1\",\"version\":\"5\",\"level\":\"4\",\"task\":\"1\",\"opcode\":\"0\",\"keywords\":\"0x8000000000000000\",\"systemTime\":\"2026-08-19T17:34:41.114647956Z\",\"eventRecordID\":\"549890\",\"channel\":\"Microsoft-Windows-Sysmon/Operational\",\"computer\":\"kingslanding.sevenkingdoms.local\",\"severityValue\":\"INFORMATION\"},\"eventdata\":{\"utcTime\":\"2026-08-19 17:34:41.114\",\"processGuid\":\"{79d59aa8-15bd-1854-5600-000000000016}\",\"processId\":\"671\",\"image\":\"C:\\\\Windows\\\\System32\\\\certutil.exe\",\"commandLine\":\"certutil.exe -pulse\",\"currentDirectory\":\"C:\\\\Windows\\\\system32\\\\\",\"user\":\"NT AUTHORITY\\\\SYSTEM\",\"parentProcessGuid\":\"{8027c8a6-0a5e-92e0-9d1d-000000000011}\",\"parentProcessId\":\"2486\",\"parentImage\":\"C:\\\\Windows\\\\System32\\\\taskeng.exe\",\"parentCommandLine\":\"C:\\\\Windows\\\\System32\\\\taskeng.exe\",\"hashes\":\"MD5=79E05CF44B265169CD9A673B0D2C2FFB,SHA256=58858CD6163A83B3ABFA396041EE8C319BC3FC8AC6B02E2B5297FCEA33495D9B,IMPHASH=1C07B3CF511F24305EB0AE46D98C75BA\"}}}",
      "expect": {
        "alert": false
      },
      "category": "noise",
      "attack": null,
      "evasion": false,
      "expected_rule_id": 100251,
      "expected_level": 0,
      "mitre_id": null
    },
    {
      "name": "noise 792 | certutil legit | certutil pulse",
      "event": "{\"win\":{\"system\":{\"providerName\":\"Microsoft-Windows-Sysmon\",\"providerGuid\":\"{5770385f-c22a-43e0-bf4c-06f5698ffbd9}\",\"eventID\":\"1\",\"version\":\"5\",\"level\":\"4\",\"task\":\"1\",\"opcode\":\"0\",\"keywords\":\"0x8000000000000000\",\"systemTime\":\"2026-08-19T17:35:05.242925481Z\",\"eventRecordID\":\"549891\",\"channel\":\"Microsoft-Windows-Sysmon/Operational\",\"computer\":\"kingslanding.sevenkingdoms.local\",\"severityValue\":\"INFORMATION\"},\"eventdata\":{\"utcTime\":\"2026-08-19 17:35:05.242\",\"processGuid\":\"{c9d5e3b3-3a80-41ea-3e53-000000000014}\",\"processId\":\"671\",\"image\":\"C:\\\\Windows\\\\System32\\\\certutil.exe\",\"commandLine\":\"certutil.exe -pulse\",\"currentDirectory\":\"C:\\\\Windows\\\\system32\\\\\",\"user\":\"SEVENKINGDOMS\\\\Administrator\",\"parentProcessGuid\":\"{41c406e3-aa37-7f60-b649-000000000015}\",\"parentProcessId\":\"6145\",\"parentImage\":\"C:\\\\Windows\\\\System32\\\\cmd.exe\",\"parentCommandLine\":\"cmd.exe /c certutil.exe -pulse\",\"hashes\":\"MD5=79E05CF44B265169CD9A673B0D2C2FFB,SHA256=58858CD6163A83B3ABFA396041EE8C319BC3FC8AC6B02E2B5297FCEA33495D9B,IMPHASH=1C07B3CF511F24305EB0AE46D98C75BA\"}}}",
      "expect": {
        "alert": false
      },
      "category": "noise",
      "attack": null,
      "evasion": false,
      "expected_rule_id": 100251,
      "expected_level": 0,
      "mitre_id": null
    },
    {
      "name": "noise 793 | certutil legit | certutil dump root.cer",
      "event": "{\"win\":{\"system\":{\"providerName\":\"Microsoft-Windows-Sysmon\",\"providerGuid\":\"{5770385f-c22a-43e0-bf4c-06f5698ffbd9}\",\"eventID\":\"1\",\"version\":\"5\",\"level\":\"4\",\"task\":\"1\",\"opcode\":\"0\",\"keywords\":\"0x8000000000000000\",\"systemTime\":\"2026-08-19T17:37:06.271315309Z\",\"eventRecordID\":\"549892\",\"channel\":\"Microsoft-Windows-Sysmon/Operational\",\"computer\":\"kingslanding.sevenkingdoms.local\",\"severityValue\":\"INFORMATION\"},\"eventdata\":{\"utcTime\":\"2026-08-19 17:37:06.271\",\"processGuid\":\"{e2717f60-63c5-edd7-97ea-000000000012}\",\"processId\":\"671\",\"image\":\"C:\\\\Windows\\\\System32\\\\certutil.exe\",\"commandLine\":\"certutil.exe -dump \\\"C:\\\\Windows\\\\Temp\\\\certs\\\\root.cer\\\"\",\"currentDirectory\":\"C:\\\\Windows\\\\system32\\\\\",\"user\":\"NT AUTHORITY\\\\SYSTEM\",\"parentProcessGuid\":\"{8d556a29-260f-b220-458c-000000000013}\",\"parentProcessId\":\"3548\",\"parentImage\":\"C:\\\\Windows\\\\System32\\\\svchost.exe\",\"parentCommandLine\":\"C:\\\\Windows\\\\System32\\\\svchost.exe -k netsvcs -p -s CertPropSvc\",\"hashes\":\"MD5=79E05CF44B265169CD9A673B0D2C2FFB,SHA256=58858CD6163A83B3ABFA396041EE8C319BC3FC8AC6B02E2B5297FCEA33495D9B,IMPHASH=1C07B3CF511F24305EB0AE46D98C75BA\"}}}",
      "expect": {
        "alert": false
      },
      "category": "noise",
      "attack": null,
      "evasion": false,
      "expected_rule_id": 100251,
      "expected_level": 0,
      "mitre_id": null
    },
    {
      "name": "noise 794 | certutil legit | certutil verifyctl ca-bundle.cer",
      "event": "{\"win\":{\"system\":{\"providerName\":\"Microsoft-Windows-Sysmon\",\"providerGuid\":\"{5770385f-c22a-43e0-bf4c-06f5698ffbd9}\",\"eventID\":\"1\",\"version\":\"5\",\"level\":\"4\",\"task\":\"1\",\"opcode\":\"0\",\"keywords\":\"0x8000000000000000\",\"systemTime\":\"2026-08-19T17:38:13.787232749Z\",\"eventRecordID\":\"549893\",\"channel\":\"Microsoft-Windows-Sysmon/Operational\",\"computer\":\"kingslanding.sevenkingdoms.local\",\"severityValue\":\"INFORMATION\"},\"eventdata\":{\"utcTime\":\"2026-08-19 17:38:13.787\",\"processGuid\":\"{c9d5e3b3-3a80-41ea-3e53-000000000014}\",\"processId\":\"671\",\"image\":\"C:\\\\Windows\\\\System32\\\\certutil.exe\",\"commandLine\":\"certutil.exe -verifyctl \\\"C:\\\\Users\\\\Public\\\\Documents\\\\ca-bundle.cer\\\"\",\"currentDirectory\":\"C:\\\\Windows\\\\system32\\\\\",\"user\":\"SEVENKINGDOMS\\\\Administrator\",\"parentProcessGuid\":\"{41c406e3-aa37-7f60-b649-000000000015}\",\"parentProcessId\":\"6145\",\"parentImage\":\"C:\\\\Windows\\\\System32\\\\cmd.exe\",\"parentCommandLine\":\"cmd.exe /c certutil.exe -verifyctl \\\"C:\\\\Users\\\\Public\\\\Documents\\\\ca-bundle.cer\\\"\",\"hashes\":\"MD5=79E05CF44B265169CD9A673B0D2C2FFB,SHA256=58858CD6163A83B3ABFA396041EE8C319BC3FC8AC6B02E2B5297FCEA33495D9B,IMPHASH=1C07B3CF511F24305EB0AE46D98C75BA\"}}}",
      "expect": {
        "alert": false
      },
      "category": "noise",
      "attack": null,
      "evasion": false,
      "expected_rule_id": 100251,
      "expected_level": 0,
      "mitre_id": null
    },
    {
      "name": "noise 795 | certutil legit | certutil verifyctl ca-bundle.cer",
      "event": "{\"win\":{\"system\":{\"providerName\":\"Microsoft-Windows-Sysmon\",\"providerGuid\":\"{5770385f-c22a-43e0-bf4c-06f5698ffbd9}\",\"eventID\":\"1\",\"version\":\"5\",\"level\":\"4\",\"task\":\"1\",\"opcode\":\"0\",\"keywords\":\"0x8000000000000000\",\"systemTime\":\"2026-08-19T17:40:14.195079812Z\",\"eventRecordID\":\"549894\",\"channel\":\"Microsoft-Windows-Sysmon/Operational\",\"computer\":\"kingslanding.sevenkingdoms.local\",\"severityValue\":\"INFORMATION\"},\"eventdata\":{\"utcTime\":\"2026-08-19 17:40:14.195\",\"processGuid\":\"{79d59aa8-15bd-1854-5600-000000000016}\",\"processId\":\"671\",\"image\":\"C:\\\\Windows\\\\System32\\\\certutil.exe\",\"commandLine\":\"certutil.exe -verifyctl \\\"C:\\\\Users\\\\Public\\\\Documents\\\\ca-bundle.cer\\\"\",\"currentDirectory\":\"C:\\\\Windows\\\\system32\\\\\",\"user\":\"NT AUTHORITY\\\\SYSTEM\",\"parentProcessGuid\":\"{8027c8a6-0a5e-92e0-9d1d-000000000011}\",\"parentProcessId\":\"2486\",\"parentImage\":\"C:\\\\Windows\\\\System32\\\\taskeng.exe\",\"parentCommandLine\":\"C:\\\\Windows\\\\System32\\\\taskeng.exe\",\"hashes\":\"MD5=79E05CF44B265169CD9A673B0D2C2FFB,SHA256=58858CD6163A83B3ABFA396041EE8C319BC3FC8AC6B02E2B5297FCEA33495D9B,IMPHASH=1C07B3CF511F24305EB0AE46D98C75BA\"}}}",
      "expect": {
        "alert": false
      },
      "category": "noise",
      "attack": null,
      "evasion": false,
      "expected_rule_id": 100251,
      "expected_level": 0,
      "mitre_id": null
    },
    {
      "name": "noise 796 | certutil legit | certutil verifyctl root.cer",
      "event": "{\"win\":{\"system\":{\"providerName\":\"Microsoft-Windows-Sysmon\",\"providerGuid\":\"{5770385f-c22a-43e0-bf4c-06f5698ffbd9}\",\"eventID\":\"1\",\"version\":\"5\",\"level\":\"4\",\"task\":\"1\",\"opcode\":\"0\",\"keywords\":\"0x8000000000000000\",\"systemTime\":\"2026-08-19T17:40:53.233331404Z\",\"eventRecordID\":\"549895\",\"channel\":\"Microsoft-Windows-Sysmon/Operational\",\"computer\":\"kingslanding.sevenkingdoms.local\",\"severityValue\":\"INFORMATION\"},\"eventdata\":{\"utcTime\":\"2026-08-19 17:40:53.233\",\"processGuid\":\"{c9d5e3b3-3a80-41ea-3e53-000000000014}\",\"processId\":\"671\",\"image\":\"C:\\\\Windows\\\\System32\\\\certutil.exe\",\"commandLine\":\"certutil.exe -verifyctl \\\"C:\\\\Windows\\\\Temp\\\\certs\\\\root.cer\\\"\",\"currentDirectory\":\"C:\\\\Windows\\\\system32\\\\\",\"user\":\"SEVENKINGDOMS\\\\Administrator\",\"parentProcessGuid\":\"{41c406e3-aa37-7f60-b649-000000000015}\",\"parentProcessId\":\"6145\",\"parentImage\":\"C:\\\\Windows\\\\System32\\\\cmd.exe\",\"parentCommandLine\":\"cmd.exe /c certutil.exe -verifyctl \\\"C:\\\\Windows\\\\Temp\\\\certs\\\\root.cer\\\"\",\"hashes\":\"MD5=79E05CF44B265169CD9A673B0D2C2FFB,SHA256=58858CD6163A83B3ABFA396041EE8C319BC3FC8AC6B02E2B5297FCEA33495D9B,IMPHASH=1C07B3CF511F24305EB0AE46D98C75BA\"}}}",
      "expect": {
        "alert": false
      },
      "category": "noise",
      "attack": null,
      "evasion": false,
      "expected_rule_id": 100251,
      "expected_level": 0,
      "mitre_id": null
    },
    {
      "name": "noise 797 | certutil legit | certutil pulse verbose",
      "event": "{\"win\":{\"system\":{\"providerName\":\"Microsoft-Windows-Sysmon\",\"providerGuid\":\"{5770385f-c22a-43e0-bf4c-06f5698ffbd9}\",\"eventID\":\"1\",\"version\":\"5\",\"level\":\"4\",\"task\":\"1\",\"opcode\":\"0\",\"keywords\":\"0x8000000000000000\",\"systemTime\":\"2026-08-19T17:42:56.700358416Z\",\"eventRecordID\":\"549896\",\"channel\":\"Microsoft-Windows-Sysmon/Operational\",\"computer\":\"kingslanding.sevenkingdoms.local\",\"severityValue\":\"INFORMATION\"},\"eventdata\":{\"utcTime\":\"2026-08-19 17:42:56.700\",\"processGuid\":\"{e2717f60-63c5-edd7-97ea-000000000012}\",\"processId\":\"671\",\"image\":\"C:\\\\Windows\\\\System32\\\\certutil.exe\",\"commandLine\":\"certutil.exe -pulse -v\",\"currentDirectory\":\"C:\\\\Windows\\\\system32\\\\\",\"user\":\"NT AUTHORITY\\\\SYSTEM\",\"parentProcessGuid\":\"{8d556a29-260f-b220-458c-000000000013}\",\"parentProcessId\":\"3548\",\"parentImage\":\"C:\\\\Windows\\\\System32\\\\svchost.exe\",\"parentCommandLine\":\"C:\\\\Windows\\\\System32\\\\svchost.exe -k netsvcs -p -s CertPropSvc\",\"hashes\":\"MD5=79E05CF44B265169CD9A673B0D2C2FFB,SHA256=58858CD6163A83B3ABFA396041EE8C319BC3FC8AC6B02E2B5297FCEA33495D9B,IMPHASH=1C07B3CF511F24305EB0AE46D98C75BA\"}}}",
      "expect": {
        "alert": false
      },
      "category": "noise",
      "attack": null,
      "evasion": false,
      "expected_rule_id": 100251,
      "expected_level": 0,
      "mitre_id": null
    },
    {
      "name": "noise 798 | certutil legit | certutil verifyctl root.cer",
      "event": "{\"win\":{\"system\":{\"providerName\":\"Microsoft-Windows-Sysmon\",\"providerGuid\":\"{5770385f-c22a-43e0-bf4c-06f5698ffbd9}\",\"eventID\":\"1\",\"version\":\"5\",\"level\":\"4\",\"task\":\"1\",\"opcode\":\"0\",\"keywords\":\"0x8000000000000000\",\"systemTime\":\"2026-08-19T17:43:18.535497053Z\",\"eventRecordID\":\"549897\",\"channel\":\"Microsoft-Windows-Sysmon/Operational\",\"computer\":\"kingslanding.sevenkingdoms.local\",\"severityValue\":\"INFORMATION\"},\"eventdata\":{\"utcTime\":\"2026-08-19 17:43:18.535\",\"processGuid\":\"{e2717f60-63c5-edd7-97ea-000000000012}\",\"processId\":\"671\",\"image\":\"C:\\\\Windows\\\\System32\\\\certutil.exe\",\"commandLine\":\"certutil.exe -verifyctl \\\"C:\\\\Windows\\\\Temp\\\\certs\\\\root.cer\\\"\",\"currentDirectory\":\"C:\\\\Windows\\\\system32\\\\\",\"user\":\"NT AUTHORITY\\\\SYSTEM\",\"parentProcessGuid\":\"{8d556a29-260f-b220-458c-000000000013}\",\"parentProcessId\":\"3548\",\"parentImage\":\"C:\\\\Windows\\\\System32\\\\svchost.exe\",\"parentCommandLine\":\"C:\\\\Windows\\\\System32\\\\svchost.exe -k netsvcs -p -s CertPropSvc\",\"hashes\":\"MD5=79E05CF44B265169CD9A673B0D2C2FFB,SHA256=58858CD6163A83B3ABFA396041EE8C319BC3FC8AC6B02E2B5297FCEA33495D9B,IMPHASH=1C07B3CF511F24305EB0AE46D98C75BA\"}}}",
      "expect": {
        "alert": false
      },
      "category": "noise",
      "attack": null,
      "evasion": false,
      "expected_rule_id": 100251,
      "expected_level": 0,
      "mitre_id": null
    },
    {
      "name": "noise 799 | certutil legit | certutil store My",
      "event": "{\"win\":{\"system\":{\"providerName\":\"Microsoft-Windows-Sysmon\",\"providerGuid\":\"{5770385f-c22a-43e0-bf4c-06f5698ffbd9}\",\"eventID\":\"1\",\"version\":\"5\",\"level\":\"4\",\"task\":\"1\",\"opcode\":\"0\",\"keywords\":\"0x8000000000000000\",\"systemTime\":\"2026-08-19T17:45:18.400793640Z\",\"eventRecordID\":\"549898\",\"channel\":\"Microsoft-Windows-Sysmon/Operational\",\"computer\":\"kingslanding.sevenkingdoms.local\",\"severityValue\":\"INFORMATION\"},\"eventdata\":{\"utcTime\":\"2026-08-19 17:45:18.400\",\"processGuid\":\"{e2717f60-63c5-edd7-97ea-000000000012}\",\"processId\":\"671\",\"image\":\"C:\\\\Windows\\\\System32\\\\certutil.exe\",\"commandLine\":\"certutil.exe -store My\",\"currentDirectory\":\"C:\\\\Windows\\\\system32\\\\\",\"user\":\"NT AUTHORITY\\\\SYSTEM\",\"parentProcessGuid\":\"{8d556a29-260f-b220-458c-000000000013}\",\"parentProcessId\":\"3548\",\"parentImage\":\"C:\\\\Windows\\\\System32\\\\svchost.exe\",\"parentCommandLine\":\"C:\\\\Windows\\\\System32\\\\svchost.exe -k netsvcs -p -s CertPropSvc\",\"hashes\":\"MD5=79E05CF44B265169CD9A673B0D2C2FFB,SHA256=58858CD6163A83B3ABFA396041EE8C319BC3FC8AC6B02E2B5297FCEA33495D9B,IMPHASH=1C07B3CF511F24305EB0AE46D98C75BA\"}}}",
      "expect": {
        "alert": false
      },
      "category": "noise",
      "attack": null,
      "evasion": false,
      "expected_rule_id": 100251,
      "expected_level": 0,
      "mitre_id": null
    },
    {
      "name": "noise 800 | certutil legit | certutil verifyctl ca.cer",
      "event": "{\"win\":{\"system\":{\"providerName\":\"Microsoft-Windows-Sysmon\",\"providerGuid\":\"{5770385f-c22a-43e0-bf4c-06f5698ffbd9}\",\"eventID\":\"1\",\"version\":\"5\",\"level\":\"4\",\"task\":\"1\",\"opcode\":\"0\",\"keywords\":\"0x8000000000000000\",\"systemTime\":\"2026-08-19T17:46:54.877252926Z\",\"eventRecordID\":\"549899\",\"channel\":\"Microsoft-Windows-Sysmon/Operational\",\"computer\":\"kingslanding.sevenkingdoms.local\",\"severityValue\":\"INFORMATION\"},\"eventdata\":{\"utcTime\":\"2026-08-19 17:46:54.877\",\"processGuid\":\"{e2717f60-63c5-edd7-97ea-000000000012}\",\"processId\":\"671\",\"image\":\"C:\\\\Windows\\\\System32\\\\certutil.exe\",\"commandLine\":\"certutil.exe -verifyctl -f \\\"C:\\\\Windows\\\\Temp\\\\certs\\\\ca.cer\\\"\",\"currentDirectory\":\"C:\\\\Windows\\\\system32\\\\\",\"user\":\"NT AUTHORITY\\\\SYSTEM\",\"parentProcessGuid\":\"{8d556a29-260f-b220-458c-000000000013}\",\"parentProcessId\":\"3548\",\"parentImage\":\"C:\\\\Windows\\\\System32\\\\svchost.exe\",\"parentCommandLine\":\"C:\\\\Windows\\\\System32\\\\svchost.exe -k netsvcs -p -s CertPropSvc\",\"hashes\":\"MD5=79E05CF44B265169CD9A673B0D2C2FFB,SHA256=58858CD6163A83B3ABFA396041EE8C319BC3FC8AC6B02E2B5297FCEA33495D9B,IMPHASH=1C07B3CF511F24305EB0AE46D98C75BA\"}}}",
      "expect": {
        "alert": false
      },
      "category": "noise",
      "attack": null,
      "evasion": false,
      "expected_rule_id": 100251,
      "expected_level": 0,
      "mitre_id": null
    },
    {
      "name": "noise 801 | rundll32 legit | Control_RunDLL desk.cpl",
      "event": "{\"win\":{\"system\":{\"providerName\":\"Microsoft-Windows-Sysmon\",\"providerGuid\":\"{5770385f-c22a-43e0-bf4c-06f5698ffbd9}\",\"eventID\":\"1\",\"version\":\"5\",\"level\":\"4\",\"task\":\"1\",\"opcode\":\"0\",\"keywords\":\"0x8000000000000000\",\"systemTime\":\"2026-08-19T17:47:06.023573557Z\",\"eventRecordID\":\"549900\",\"channel\":\"Microsoft-Windows-Sysmon/Operational\",\"computer\":\"kingslanding.sevenkingdoms.local\",\"severityValue\":\"INFORMATION\"},\"eventdata\":{\"utcTime\":\"2026-08-19 17:47:06.023\",\"processGuid\":\"{1d14b092-97a2-970e-8eb1-000000000017}\",\"processId\":\"5830\",\"image\":\"C:\\\\Windows\\\\System32\\\\rundll32.exe\",\"commandLine\":\"rundll32.exe C:\\\\Windows\\\\System32\\\\shell32.dll,Control_RunDLL desk.cpl\",\"currentDirectory\":\"C:\\\\Windows\\\\System32\\\\\",\"user\":\"SEVENKINGDOMS\\\\Administrator\",\"parentProcessGuid\":\"{a53cc172-e3d0-4072-f7da-000000000018}\",\"parentProcessId\":\"1218\",\"parentImage\":\"C:\\\\Windows\\\\explorer.exe\",\"parentCommandLine\":\"C:\\\\Windows\\\\explorer.exe\",\"hashes\":\"MD5=4E552EB416B764247C39A00C2211DFF1,SHA256=94EF7001599600BD5547FC572115101961DC25267A67A7E91A59E528009A213D,IMPHASH=3102F53903EC357A6E9EEFDD034E9DE0\"}}}",
      "expect": {
        "alert": false
      },
      "category": "noise",
      "attack": null,
      "evasion": false,
      "expected_rule_id": 100251,
      "expected_level": 0,
      "mitre_id": null
    },
    {
      "name": "noise 802 | rundll32 legit | Control_RunDLL desk.cpl",
      "event": "{\"win\":{\"system\":{\"providerName\":\"Microsoft-Windows-Sysmon\",\"providerGuid\":\"{5770385f-c22a-43e0-bf4c-06f5698ffbd9}\",\"eventID\":\"1\",\"version\":\"5\",\"level\":\"4\",\"task\":\"1\",\"opcode\":\"0\",\"keywords\":\"0x8000000000000000\",\"systemTime\":\"2026-08-19T17:48:24.886936811Z\",\"eventRecordID\":\"549901\",\"channel\":\"Microsoft-Windows-Sysmon/Operational\",\"computer\":\"kingslanding.sevenkingdoms.local\",\"severityValue\":\"INFORMATION\"},\"eventdata\":{\"utcTime\":\"2026-08-19 17:48:24.886\",\"processGuid\":\"{1d14b092-97a2-970e-8eb1-000000000017}\",\"processId\":\"5830\",\"image\":\"C:\\\\Windows\\\\System32\\\\rundll32.exe\",\"commandLine\":\"rundll32.exe C:\\\\Windows\\\\System32\\\\shell32.dll,Control_RunDLL desk.cpl\",\"currentDirectory\":\"C:\\\\Windows\\\\System32\\\\\",\"user\":\"SEVENKINGDOMS\\\\Administrator\",\"parentProcessGuid\":\"{a53cc172-e3d0-4072-f7da-000000000018}\",\"parentProcessId\":\"1218\",\"parentImage\":\"C:\\\\Windows\\\\explorer.exe\",\"parentCommandLine\":\"C:\\\\Windows\\\\explorer.exe\",\"hashes\":\"MD5=4E552EB416B764247C39A00C2211DFF1,SHA256=94EF7001599600BD5547FC572115101961DC25267A67A7E91A59E528009A213D,IMPHASH=3102F53903EC357A6E9EEFDD034E9DE0\"}}}",
      "expect": {
        "alert": false
      },
      "category": "noise",
      "attack": null,
      "evasion": false,
      "expected_rule_id": 100251,
      "expected_level": 0,
      "mitre_id": null
    },
    {
      "name": "noise 803 | rundll32 legit | Control_RunDLL desk.cpl",
      "event": "{\"win\":{\"system\":{\"providerName\":\"Microsoft-Windows-Sysmon\",\"providerGuid\":\"{5770385f-c22a-43e0-bf4c-06f5698ffbd9}\",\"eventID\":\"1\",\"version\":\"5\",\"level\":\"4\",\"task\":\"1\",\"opcode\":\"0\",\"keywords\":\"0x8000000000000000\",\"systemTime\":\"2026-08-19T17:50:20.018291418Z\",\"eventRecordID\":\"549902\",\"channel\":\"Microsoft-Windows-Sysmon/Operational\",\"computer\":\"kingslanding.sevenkingdoms.local\",\"severityValue\":\"INFORMATION\"},\"eventdata\":{\"utcTime\":\"2026-08-19 17:50:20.018\",\"processGuid\":\"{1d14b092-97a2-970e-8eb1-000000000017}\",\"processId\":\"5830\",\"image\":\"C:\\\\Windows\\\\System32\\\\rundll32.exe\",\"commandLine\":\"rundll32.exe C:\\\\Windows\\\\System32\\\\shell32.dll,Control_RunDLL desk.cpl\",\"currentDirectory\":\"C:\\\\Windows\\\\System32\\\\\",\"user\":\"SEVENKINGDOMS\\\\Administrator\",\"parentProcessGuid\":\"{a53cc172-e3d0-4072-f7da-000000000018}\",\"parentProcessId\":\"1218\",\"parentImage\":\"C:\\\\Windows\\\\explorer.exe\",\"parentCommandLine\":\"C:\\\\Windows\\\\explorer.exe\",\"hashes\":\"MD5=4E552EB416B764247C39A00C2211DFF1,SHA256=94EF7001599600BD5547FC572115101961DC25267A67A7E91A59E528009A213D,IMPHASH=3102F53903EC357A6E9EEFDD034E9DE0\"}}}",
      "expect": {
        "alert": false
      },
      "category": "noise",
      "attack": null,
      "evasion": false,
      "expected_rule_id": 100251,
      "expected_level": 0,
      "mitre_id": null
    },
    {
      "name": "noise 804 | rundll32 legit | Control_RunDLL",
      "event": "{\"win\":{\"system\":{\"providerName\":\"Microsoft-Windows-Sysmon\",\"providerGuid\":\"{5770385f-c22a-43e0-bf4c-06f5698ffbd9}\",\"eventID\":\"1\",\"version\":\"5\",\"level\":\"4\",\"task\":\"1\",\"opcode\":\"0\",\"keywords\":\"0x8000000000000000\",\"systemTime\":\"2026-08-19T17:51:16.349017440Z\",\"eventRecordID\":\"549903\",\"channel\":\"Microsoft-Windows-Sysmon/Operational\",\"computer\":\"kingslanding.sevenkingdoms.local\",\"severityValue\":\"INFORMATION\"},\"eventdata\":{\"utcTime\":\"2026-08-19 17:51:16.349\",\"processGuid\":\"{1d14b092-97a2-970e-8eb1-000000000017}\",\"processId\":\"5830\",\"image\":\"C:\\\\Windows\\\\System32\\\\rundll32.exe\",\"commandLine\":\"rundll32.exe C:\\\\Windows\\\\System32\\\\shell32.dll,Control_RunDLL\",\"currentDirectory\":\"C:\\\\Windows\\\\System32\\\\\",\"user\":\"SEVENKINGDOMS\\\\Administrator\",\"parentProcessGuid\":\"{a53cc172-e3d0-4072-f7da-000000000018}\",\"parentProcessId\":\"1218\",\"parentImage\":\"C:\\\\Windows\\\\explorer.exe\",\"parentCommandLine\":\"C:\\\\Windows\\\\explorer.exe\",\"hashes\":\"MD5=4E552EB416B764247C39A00C2211DFF1,SHA256=94EF7001599600BD5547FC572115101961DC25267A67A7E91A59E528009A213D,IMPHASH=3102F53903EC357A6E9EEFDD034E9DE0\"}}}",
      "expect": {
        "alert": false
      },
      "category": "noise",
      "attack": null,
      "evasion": false,
      "expected_rule_id": 100251,
      "expected_level": 0,
      "mitre_id": null
    },
    {
      "name": "noise 805 | rundll32 legit | Control_RunDLL",
      "event": "{\"win\":{\"system\":{\"providerName\":\"Microsoft-Windows-Sysmon\",\"providerGuid\":\"{5770385f-c22a-43e0-bf4c-06f5698ffbd9}\",\"eventID\":\"1\",\"version\":\"5\",\"level\":\"4\",\"task\":\"1\",\"opcode\":\"0\",\"keywords\":\"0x8000000000000000\",\"systemTime\":\"2026-08-19T17:52:50.121893946Z\",\"eventRecordID\":\"549904\",\"channel\":\"Microsoft-Windows-Sysmon/Operational\",\"computer\":\"kingslanding.sevenkingdoms.local\",\"severityValue\":\"INFORMATION\"},\"eventdata\":{\"utcTime\":\"2026-08-19 17:52:50.121\",\"processGuid\":\"{1d14b092-97a2-970e-8eb1-000000000017}\",\"processId\":\"5830\",\"image\":\"C:\\\\Windows\\\\System32\\\\rundll32.exe\",\"commandLine\":\"rundll32.exe C:\\\\Windows\\\\System32\\\\shell32.dll,Control_RunDLL\",\"currentDirectory\":\"C:\\\\Windows\\\\System32\\\\\",\"user\":\"SEVENKINGDOMS\\\\Administrator\",\"parentProcessGuid\":\"{a53cc172-e3d0-4072-f7da-000000000018}\",\"parentProcessId\":\"1218\",\"parentImage\":\"C:\\\\Windows\\\\explorer.exe\",\"parentCommandLine\":\"C:\\\\Windows\\\\explorer.exe\",\"hashes\":\"MD5=4E552EB416B764247C39A00C2211DFF1,SHA256=94EF7001599600BD5547FC572115101961DC25267A67A7E91A59E528009A213D,IMPHASH=3102F53903EC357A6E9EEFDD034E9DE0\"}}}",
      "expect": {
        "alert": false
      },
      "category": "noise",
      "attack": null,
      "evasion": false,
      "expected_rule_id": 100251,
      "expected_level": 0,
      "mitre_id": null
    },
    {
      "name": "noise 806 | rundll32 legit | Control_RunDLL desk args",
      "event": "{\"win\":{\"system\":{\"providerName\":\"Microsoft-Windows-Sysmon\",\"providerGuid\":\"{5770385f-c22a-43e0-bf4c-06f5698ffbd9}\",\"eventID\":\"1\",\"version\":\"5\",\"level\":\"4\",\"task\":\"1\",\"opcode\":\"0\",\"keywords\":\"0x8000000000000000\",\"systemTime\":\"2026-08-19T17:54:46.255349540Z\",\"eventRecordID\":\"549905\",\"channel\":\"Microsoft-Windows-Sysmon/Operational\",\"computer\":\"kingslanding.sevenkingdoms.local\",\"severityValue\":\"INFORMATION\"},\"eventdata\":{\"utcTime\":\"2026-08-19 17:54:46.255\",\"processGuid\":\"{1d14b092-97a2-970e-8eb1-000000000017}\",\"processId\":\"5830\",\"image\":\"C:\\\\Windows\\\\System32\\\\rundll32.exe\",\"commandLine\":\"rundll32.exe C:\\\\Windows\\\\System32\\\\shell32.dll,Control_RunDLL desk.cpl,,0\",\"currentDirectory\":\"C:\\\\Windows\\\\System32\\\\\",\"user\":\"SEVENKINGDOMS\\\\Administrator\",\"parentProcessGuid\":\"{a53cc172-e3d0-4072-f7da-000000000018}\",\"parentProcessId\":\"1218\",\"parentImage\":\"C:\\\\Windows\\\\explorer.exe\",\"parentCommandLine\":\"C:\\\\Windows\\\\explorer.exe\",\"hashes\":\"MD5=4E552EB416B764247C39A00C2211DFF1,SHA256=94EF7001599600BD5547FC572115101961DC25267A67A7E91A59E528009A213D,IMPHASH=3102F53903EC357A6E9EEFDD034E9DE0\"}}}",
      "expect": {
        "alert": false
      },
      "category": "noise",
      "attack": null,
      "evasion": false,
      "expected_rule_id": 100251,
      "expected_level": 0,
      "mitre_id": null
    },
    {
      "name": "noise 807 | rundll32 legit | Control_RunDLL",
      "event": "{\"win\":{\"system\":{\"providerName\":\"Microsoft-Windows-Sysmon\",\"providerGuid\":\"{5770385f-c22a-43e0-bf4c-06f5698ffbd9}\",\"eventID\":\"1\",\"version\":\"5\",\"level\":\"4\",\"task\":\"1\",\"opcode\":\"0\",\"keywords\":\"0x8000000000000000\",\"systemTime\":\"2026-08-19T17:55:29.950253807Z\",\"eventRecordID\":\"549906\",\"channel\":\"Microsoft-Windows-Sysmon/Operational\",\"computer\":\"kingslanding.sevenkingdoms.local\",\"severityValue\":\"INFORMATION\"},\"eventdata\":{\"utcTime\":\"2026-08-19 17:55:29.950\",\"processGuid\":\"{1d14b092-97a2-970e-8eb1-000000000017}\",\"processId\":\"5830\",\"image\":\"C:\\\\Windows\\\\System32\\\\rundll32.exe\",\"commandLine\":\"rundll32.exe C:\\\\Windows\\\\System32\\\\shell32.dll,Control_RunDLL\",\"currentDirectory\":\"C:\\\\Windows\\\\System32\\\\\",\"user\":\"SEVENKINGDOMS\\\\Administrator\",\"parentProcessGuid\":\"{a53cc172-e3d0-4072-f7da-000000000018}\",\"parentProcessId\":\"1218\",\"parentImage\":\"C:\\\\Windows\\\\explorer.exe\",\"parentCommandLine\":\"C:\\\\Windows\\\\explorer.exe\",\"hashes\":\"MD5=4E552EB416B764247C39A00C2211DFF1,SHA256=94EF7001599600BD5547FC572115101961DC25267A67A7E91A59E528009A213D,IMPHASH=3102F53903EC357A6E9EEFDD034E9DE0\"}}}",
      "expect": {
        "alert": false
      },
      "category": "noise",
      "attack": null,
      "evasion": false,
      "expected_rule_id": 100251,
      "expected_level": 0,
      "mitre_id": null
    },
