    {
      "name": "noise 840 | rundll32 legit | Control_RunDLL",
      "event": "{\"win\":{\"system\":{\"providerName\":\"Microsoft-Windows-Sysmon\",\"providerGuid\":\"{5770385f-c22a-43e0-bf4c-06f5698ffbd9}\",\"eventID\":\"1\",\"version\":\"5\",\"level\":\"4\",\"task\":\"1\",\"opcode\":\"0\",\"keywords\":\"0x8000000000000000\",\"systemTime\":\"2026-08-19T18:39:08.767516199Z\",\"eventRecordID\":\"549939\",\"channel\":\"Microsoft-Windows-Sysmon/Operational\",\"computer\":\"kingslanding.sevenkingdoms.local\",\"severityValue\":\"INFORMATION\"},\"eventdata\":{\"utcTime\":\"2026-08-19 18:39:08.767\",\"processGuid\":\"{1d14b092-97a2-970e-8eb1-000000000017}\",\"processId\":\"5830\",\"image\":\"C:\\\\Windows\\\\System32\\\\rundll32.exe\",\"commandLine\":\"rundll32.exe C:\\\\Windows\\\\System32\\\\shell32.dll,Control_RunDLL\",\"currentDirectory\":\"C:\\\\Windows\\\\System32\\\\\",\"user\":\"SEVENKINGDOMS\\\\Administrator\",\"parentProcessGuid\":\"{a53cc172-e3d0-4072-f7da-000000000018}\",\"parentProcessId\":\"1218\",\"parentImage\":\"C:\\\\Windows\\\\explorer.exe\",\"parentCommandLine\":\"C:\\\\Windows\\\\explorer.exe\",\"hashes\":\"MD5=4E552EB416B764247C39A00C2211DFF1,SHA256=94EF7001599600BD5547FC572115101961DC25267A67A7E91A59E528009A213D,IMPHASH=3102F53903EC357A6E9EEFDD034E9DE0\"}}}",
      "expect": {
        "alert": false
      },
      "category": "noise",
      "attack": null,
      "evasion": false,
      "expected_rule_id": 100251,
      "expected_level": 0,
      "mitre_id": null
    },
    {
      "name": "noise 841 | rundll32 legit | Control_RunDLL",
      "event": "{\"win\":{\"system\":{\"providerName\":\"Microsoft-Windows-Sysmon\",\"providerGuid\":\"{5770385f-c22a-43e0-bf4c-06f5698ffbd9}\",\"eventID\":\"1\",\"version\":\"5\",\"level\":\"4\",\"task\":\"1\",\"opcode\":\"0\",\"keywords\":\"0x8000000000000000\",\"systemTime\":\"2026-08-19T18:41:13.993326961Z\",\"eventRecordID\":\"549940\",\"channel\":\"Microsoft-Windows-Sysmon/Operational\",\"computer\":\"kingslanding.sevenkingdoms.local\",\"severityValue\":\"INFORMATION\"},\"eventdata\":{\"utcTime\":\"2026-08-19 18:41:13.993\",\"processGuid\":\"{1d14b092-97a2-970e-8eb1-000000000017}\",\"processId\":\"5830\",\"image\":\"C:\\\\Windows\\\\System32\\\\rundll32.exe\",\"commandLine\":\"rundll32.exe C:\\\\Windows\\\\System32\\\\shell32.dll,Control_RunDLL\",\"currentDirectory\":\"C:\\\\Windows\\\\System32\\\\\",\"user\":\"SEVENKINGDOMS\\\\Administrator\",\"parentProcessGuid\":\"{a53cc172-e3d0-4072-f7da-000000000018}\",\"parentProcessId\":\"1218\",\"parentImage\":\"C:\\\\Windows\\\\explorer.exe\",\"parentCommandLine\":\"C:\\\\Windows\\\\explorer.exe\",\"hashes\":\"MD5=4E552EB416B764247C39A00C2211DFF1,SHA256=94EF7001599600BD5547FC572115101961DC25267A67A7E91A59E528009A213D,IMPHASH=3102F53903EC357A6E9EEFDD034E9DE0\"}}}",
      "expect": {
        "alert": false
      },
      "category": "noise",
      "attack": null,
      "evasion": false,
      "expected_rule_id": 100251,
      "expected_level": 0,
      "mitre_id": null
    },
    {
      "name": "noise 842 | rundll32 legit | Control_RunDLL",
      "event": "{\"win\":{\"system\":{\"providerName\":\"Microsoft-Windows-Sysmon\",\"providerGuid\":\"{5770385f-c22a-43e0-bf4c-06f5698ffbd9}\",\"eventID\":\"1\",\"version\":\"5\",\"level\":\"4\",\"task\":\"1\",\"opcode\":\"0\",\"keywords\":\"0x8000000000000000\",\"systemTime\":\"2026-08-19T18:42:18.452177038Z\",\"eventRecordID\":\"549941\",\"channel\":\"Microsoft-Windows-Sysmon/Operational\",\"computer\":\"kingslanding.sevenkingdoms.local\",\"severityValue\":\"INFORMATION\"},\"eventdata\":{\"utcTime\":\"2026-08-19 18:42:18.452\",\"processGuid\":\"{1d14b092-97a2-970e-8eb1-000000000017}\",\"processId\":\"5830\",\"image\":\"C:\\\\Windows\\\\System32\\\\rundll32.exe\",\"commandLine\":\"rundll32.exe C:\\\\Windows\\\\System32\\\\shell32.dll,Control_RunDLL\",\"currentDirectory\":\"C:\\\\Windows\\\\System32\\\\\",\"user\":\"SEVENKINGDOMS\\\\Administrator\",\"parentProcessGuid\":\"{a53cc172-e3d0-4072-f7da-000000000018}\",\"parentProcessId\":\"1218\",\"parentImage\":\"C:\\\\Windows\\\\explorer.exe\",\"parentCommandLine\":\"C:\\\\Windows\\\\explorer.exe\",\"hashes\":\"MD5=4E552EB416B764247C39A00C2211DFF1,SHA256=94EF7001599600BD5547FC572115101961DC25267A67A7E91A59E528009A213D,IMPHASH=3102F53903EC357A6E9EEFDD034E9DE0\"}}}",
      "expect": {
        "alert": false
      },
      "category": "noise",
      "attack": null,
      "evasion": false,
      "expected_rule_id": 100251,
      "expected_level": 0,
      "mitre_id": null
    },
    {
      "name": "noise 843 | rundll32 legit | Control_RunDLL quoted",
      "event": "{\"win\":{\"system\":{\"providerName\":\"Microsoft-Windows-Sysmon\",\"providerGuid\":\"{5770385f-c22a-43e0-bf4c-06f5698ffbd9}\",\"eventID\":\"1\",\"version\":\"5\",\"level\":\"4\",\"task\":\"1\",\"opcode\":\"0\",\"keywords\":\"0x8000000000000000\",\"systemTime\":\"2026-08-19T18:43:00.382291229Z\",\"eventRecordID\":\"549942\",\"channel\":\"Microsoft-Windows-Sysmon/Operational\",\"computer\":\"kingslanding.sevenkingdoms.local\",\"severityValue\":\"INFORMATION\"},\"eventdata\":{\"utcTime\":\"2026-08-19 18:43:00.382\",\"processGuid\":\"{1d14b092-97a2-970e-8eb1-000000000017}\",\"processId\":\"5830\",\"image\":\"C:\\\\Windows\\\\System32\\\\rundll32.exe\",\"commandLine\":\"rundll32.exe \\\"C:\\\\Windows\\\\System32\\\\shell32.dll\\\",Control_RunDLL\",\"currentDirectory\":\"C:\\\\Windows\\\\System32\\\\\",\"user\":\"SEVENKINGDOMS\\\\Administrator\",\"parentProcessGuid\":\"{a53cc172-e3d0-4072-f7da-000000000018}\",\"parentProcessId\":\"1218\",\"parentImage\":\"C:\\\\Windows\\\\explorer.exe\",\"parentCommandLine\":\"C:\\\\Windows\\\\explorer.exe\",\"hashes\":\"MD5=4E552EB416B764247C39A00C2211DFF1,SHA256=94EF7001599600BD5547FC572115101961DC25267A67A7E91A59E528009A213D,IMPHASH=3102F53903EC357A6E9EEFDD034E9DE0\"}}}",
      "expect": {
        "alert": false
      },
      "category": "noise",
      "attack": null,
      "evasion": false,
      "expected_rule_id": 100251,
      "expected_level": 0,
      "mitre_id": null
    },
    {
      "name": "noise 844 | rundll32 legit | Control_RunDLL quoted",
      "event": "{\"win\":{\"system\":{\"providerName\":\"Microsoft-Windows-Sysmon\",\"providerGuid\":\"{5770385f-c22a-43e0-bf4c-06f5698ffbd9}\",\"eventID\":\"1\",\"version\":\"5\",\"level\":\"4\",\"task\":\"1\",\"opcode\":\"0\",\"keywords\":\"0x8000000000000000\",\"systemTime\":\"2026-08-19T18:44:30.315062184Z\",\"eventRecordID\":\"549943\",\"channel\":\"Microsoft-Windows-Sysmon/Operational\",\"computer\":\"kingslanding.sevenkingdoms.local\",\"severityValue\":\"INFORMATION\"},\"eventdata\":{\"utcTime\":\"2026-08-19 18:44:30.315\",\"processGuid\":\"{1d14b092-97a2-970e-8eb1-000000000017}\",\"processId\":\"5830\",\"image\":\"C:\\\\Windows\\\\System32\\\\rundll32.exe\",\"commandLine\":\"rundll32.exe \\\"C:\\\\Windows\\\\System32\\\\shell32.dll\\\",Control_RunDLL\",\"currentDirectory\":\"C:\\\\Windows\\\\System32\\\\\",\"user\":\"SEVENKINGDOMS\\\\Administrator\",\"parentProcessGuid\":\"{a53cc172-e3d0-4072-f7da-000000000018}\",\"parentProcessId\":\"1218\",\"parentImage\":\"C:\\\\Windows\\\\explorer.exe\",\"parentCommandLine\":\"C:\\\\Windows\\\\explorer.exe\",\"hashes\":\"MD5=4E552EB416B764247C39A00C2211DFF1,SHA256=94EF7001599600BD5547FC572115101961DC25267A67A7E91A59E528009A213D,IMPHASH=3102F53903EC357A6E9EEFDD034E9DE0\"}}}",
      "expect": {
        "alert": false
      },
      "category": "noise",
      "attack": null,
      "evasion": false,
      "expected_rule_id": 100251,
      "expected_level": 0,
      "mitre_id": null
    },
    {
      "name": "noise 845 | rundll32 legit | Control_RunDLL desk args",
      "event": "{\"win\":{\"system\":{\"providerName\":\"Microsoft-Windows-Sysmon\",\"providerGuid\":\"{5770385f-c22a-43e0-bf4c-06f5698ffbd9}\",\"eventID\":\"1\",\"version\":\"5\",\"level\":\"4\",\"task\":\"1\",\"opcode\":\"0\",\"keywords\":\"0x8000000000000000\",\"systemTime\":\"2026-08-19T18:46:44.563699407Z\",\"eventRecordID\":\"549944\",\"channel\":\"Microsoft-Windows-Sysmon/Operational\",\"computer\":\"kingslanding.sevenkingdoms.local\",\"severityValue\":\"INFORMATION\"},\"eventdata\":{\"utcTime\":\"2026-08-19 18:46:44.563\",\"processGuid\":\"{1d14b092-97a2-970e-8eb1-000000000017}\",\"processId\":\"5830\",\"image\":\"C:\\\\Windows\\\\System32\\\\rundll32.exe\",\"commandLine\":\"rundll32.exe C:\\\\Windows\\\\System32\\\\shell32.dll,Control_RunDLL desk.cpl,,0\",\"currentDirectory\":\"C:\\\\Windows\\\\System32\\\\\",\"user\":\"SEVENKINGDOMS\\\\Administrator\",\"parentProcessGuid\":\"{a53cc172-e3d0-4072-f7da-000000000018}\",\"parentProcessId\":\"1218\",\"parentImage\":\"C:\\\\Windows\\\\explorer.exe\",\"parentCommandLine\":\"C:\\\\Windows\\\\explorer.exe\",\"hashes\":\"MD5=4E552EB416B764247C39A00C2211DFF1,SHA256=94EF7001599600BD5547FC572115101961DC25267A67A7E91A59E528009A213D,IMPHASH=3102F53903EC357A6E9EEFDD034E9DE0\"}}}",
      "expect": {
        "alert": false
      },
      "category": "noise",
      "attack": null,
      "evasion": false,
      "expected_rule_id": 100251,
      "expected_level": 0,
      "mitre_id": null
    },
    {
      "name": "noise 846 | rundll32 legit | Control_RunDLL",
      "event": "{\"win\":{\"system\":{\"providerName\":\"Microsoft-Windows-Sysmon\",\"providerGuid\":\"{5770385f-c22a-43e0-bf4c-06f5698ffbd9}\",\"eventID\":\"1\",\"version\":\"5\",\"level\":\"4\",\"task\":\"1\",\"opcode\":\"0\",\"keywords\":\"0x8000000000000000\",\"systemTime\":\"2026-08-19T18:47:14.130215765Z\",\"eventRecordID\":\"549945\",\"channel\":\"Microsoft-Windows-Sysmon/Operational\",\"computer\":\"kingslanding.sevenkingdoms.local\",\"severityValue\":\"INFORMATION\"},\"eventdata\":{\"utcTime\":\"2026-08-19 18:47:14.130\",\"processGuid\":\"{1d14b092-97a2-970e-8eb1-000000000017}\",\"processId\":\"5830\",\"image\":\"C:\\\\Windows\\\\System32\\\\rundll32.exe\",\"commandLine\":\"rundll32.exe C:\\\\Windows\\\\System32\\\\shell32.dll,Control_RunDLL\",\"currentDirectory\":\"C:\\\\Windows\\\\System32\\\\\",\"user\":\"SEVENKINGDOMS\\\\Administrator\",\"parentProcessGuid\":\"{a53cc172-e3d0-4072-f7da-000000000018}\",\"parentProcessId\":\"1218\",\"parentImage\":\"C:\\\\Windows\\\\explorer.exe\",\"parentCommandLine\":\"C:\\\\Windows\\\\explorer.exe\",\"hashes\":\"MD5=4E552EB416B764247C39A00C2211DFF1,SHA256=94EF7001599600BD5547FC572115101961DC25267A67A7E91A59E528009A213D,IMPHASH=3102F53903EC357A6E9EEFDD034E9DE0\"}}}",
      "expect": {
        "alert": false
      },
      "category": "noise",
      "attack": null,
      "evasion": false,
      "expected_rule_id": 100251,
      "expected_level": 0,
      "mitre_id": null
    },
    {
      "name": "noise 847 | rundll32 legit | Control_RunDLL",
      "event": "{\"win\":{\"system\":{\"providerName\":\"Microsoft-Windows-Sysmon\",\"providerGuid\":\"{5770385f-c22a-43e0-bf4c-06f5698ffbd9}\",\"eventID\":\"1\",\"version\":\"5\",\"level\":\"4\",\"task\":\"1\",\"opcode\":\"0\",\"keywords\":\"0x8000000000000000\",\"systemTime\":\"2026-08-19T18:48:26.188060542Z\",\"eventRecordID\":\"549946\",\"channel\":\"Microsoft-Windows-Sysmon/Operational\",\"computer\":\"kingslanding.sevenkingdoms.local\",\"severityValue\":\"INFORMATION\"},\"eventdata\":{\"utcTime\":\"2026-08-19 18:48:26.188\",\"processGuid\":\"{1d14b092-97a2-970e-8eb1-000000000017}\",\"processId\":\"5830\",\"image\":\"C:\\\\Windows\\\\System32\\\\rundll32.exe\",\"commandLine\":\"rundll32.exe C:\\\\Windows\\\\System32\\\\shell32.dll,Control_RunDLL\",\"currentDirectory\":\"C:\\\\Windows\\\\System32\\\\\",\"user\":\"SEVENKINGDOMS\\\\Administrator\",\"parentProcessGuid\":\"{a53cc172-e3d0-4072-f7da-000000000018}\",\"parentProcessId\":\"1218\",\"parentImage\":\"C:\\\\Windows\\\\explorer.exe\",\"parentCommandLine\":\"C:\\\\Windows\\\\explorer.exe\",\"hashes\":\"MD5=4E552EB416B764247C39A00C2211DFF1,SHA256=94EF7001599600BD5547FC572115101961DC25267A67A7E91A59E528009A213D,IMPHASH=3102F53903EC357A6E9EEFDD034E9DE0\"}}}",
      "expect": {
        "alert": false
      },
      "category": "noise",
      "attack": null,
      "evasion": false,
      "expected_rule_id": 100251,
      "expected_level": 0,
      "mitre_id": null
    },
    {
      "name": "noise 848 | rundll32 legit | Control_RunDLL desk args",
      "event": "{\"win\":{\"system\":{\"providerName\":\"Microsoft-Windows-Sysmon\",\"providerGuid\":\"{5770385f-c22a-43e0-bf4c-06f5698ffbd9}\",\"eventID\":\"1\",\"version\":\"5\",\"level\":\"4\",\"task\":\"1\",\"opcode\":\"0\",\"keywords\":\"0x8000000000000000\",\"systemTime\":\"2026-08-19T18:50:31.842116779Z\",\"eventRecordID\":\"549947\",\"channel\":\"Microsoft-Windows-Sysmon/Operational\",\"computer\":\"kingslanding.sevenkingdoms.local\",\"severityValue\":\"INFORMATION\"},\"eventdata\":{\"utcTime\":\"2026-08-19 18:50:31.842\",\"processGuid\":\"{1d14b092-97a2-970e-8eb1-000000000017}\",\"processId\":\"5830\",\"image\":\"C:\\\\Windows\\\\System32\\\\rundll32.exe\",\"commandLine\":\"rundll32.exe C:\\\\Windows\\\\System32\\\\shell32.dll,Control_RunDLL desk.cpl,,0\",\"currentDirectory\":\"C:\\\\Windows\\\\System32\\\\\",\"user\":\"SEVENKINGDOMS\\\\Administrator\",\"parentProcessGuid\":\"{a53cc172-e3d0-4072-f7da-000000000018}\",\"parentProcessId\":\"1218\",\"parentImage\":\"C:\\\\Windows\\\\explorer.exe\",\"parentCommandLine\":\"C:\\\\Windows\\\\explorer.exe\",\"hashes\":\"MD5=4E552EB416B764247C39A00C2211DFF1,SHA256=94EF7001599600BD5547FC572115101961DC25267A67A7E91A59E528009A213D,IMPHASH=3102F53903EC357A6E9EEFDD034E9DE0\"}}}",
      "expect": {
        "alert": false
      },
      "category": "noise",
      "attack": null,
      "evasion": false,
      "expected_rule_id": 100251,
      "expected_level": 0,
      "mitre_id": null
    },
    {
      "name": "noise 849 | rundll32 legit | Control_RunDLL",
      "event": "{\"win\":{\"system\":{\"providerName\":\"Microsoft-Windows-Sysmon\",\"providerGuid\":\"{5770385f-c22a-43e0-bf4c-06f5698ffbd9}\",\"eventID\":\"1\",\"version\":\"5\",\"level\":\"4\",\"task\":\"1\",\"opcode\":\"0\",\"keywords\":\"0x8000000000000000\",\"systemTime\":\"2026-08-19T18:52:12.749185039Z\",\"eventRecordID\":\"549948\",\"channel\":\"Microsoft-Windows-Sysmon/Operational\",\"computer\":\"kingslanding.sevenkingdoms.local\",\"severityValue\":\"INFORMATION\"},\"eventdata\":{\"utcTime\":\"2026-08-19 18:52:12.749\",\"processGuid\":\"{1d14b092-97a2-970e-8eb1-000000000017}\",\"processId\":\"5830\",\"image\":\"C:\\\\Windows\\\\System32\\\\rundll32.exe\",\"commandLine\":\"rundll32.exe C:\\\\Windows\\\\System32\\\\shell32.dll,Control_RunDLL\",\"currentDirectory\":\"C:\\\\Windows\\\\System32\\\\\",\"user\":\"SEVENKINGDOMS\\\\Administrator\",\"parentProcessGuid\":\"{a53cc172-e3d0-4072-f7da-000000000018}\",\"parentProcessId\":\"1218\",\"parentImage\":\"C:\\\\Windows\\\\explorer.exe\",\"parentCommandLine\":\"C:\\\\Windows\\\\explorer.exe\",\"hashes\":\"MD5=4E552EB416B764247C39A00C2211DFF1,SHA256=94EF7001599600BD5547FC572115101961DC25267A67A7E91A59E528009A213D,IMPHASH=3102F53903EC357A6E9EEFDD034E9DE0\"}}}",
      "expect": {
        "alert": false
      },
      "category": "noise",
      "attack": null,
      "evasion": false,
      "expected_rule_id": 100251,
      "expected_level": 0,
      "mitre_id": null
    },
    {
      "name": "noise 850 | rundll32 legit | Control_RunDLL desk args",
      "event": "{\"win\":{\"system\":{\"providerName\":\"Microsoft-Windows-Sysmon\",\"providerGuid\":\"{5770385f-c22a-43e0-bf4c-06f5698ffbd9}\",\"eventID\":\"1\",\"version\":\"5\",\"level\":\"4\",\"task\":\"1\",\"opcode\":\"0\",\"keywords\":\"0x8000000000000000\",\"systemTime\":\"2026-08-19T18:52:40.977719422Z\",\"eventRecordID\":\"549949\",\"channel\":\"Microsoft-Windows-Sysmon/Operational\",\"computer\":\"kingslanding.sevenkingdoms.local\",\"severityValue\":\"INFORMATION\"},\"eventdata\":{\"utcTime\":\"2026-08-19 18:52:40.977\",\"processGuid\":\"{1d14b092-97a2-970e-8eb1-000000000017}\",\"processId\":\"5830\",\"image\":\"C:\\\\Windows\\\\System32\\\\rundll32.exe\",\"commandLine\":\"rundll32.exe C:\\\\Windows\\\\System32\\\\shell32.dll,Control_RunDLL desk.cpl,,0\",\"currentDirectory\":\"C:\\\\Windows\\\\System32\\\\\",\"user\":\"SEVENKINGDOMS\\\\Administrator\",\"parentProcessGuid\":\"{a53cc172-e3d0-4072-f7da-000000000018}\",\"parentProcessId\":\"1218\",\"parentImage\":\"C:\\\\Windows\\\\explorer.exe\",\"parentCommandLine\":\"C:\\\\Windows\\\\explorer.exe\",\"hashes\":\"MD5=4E552EB416B764247C39A00C2211DFF1,SHA256=94EF7001599600BD5547FC572115101961DC25267A67A7E91A59E528009A213D,IMPHASH=3102F53903EC357A6E9EEFDD034E9DE0\"}}}",
      "expect": {
        "alert": false
      },
      "category": "noise",
      "attack": null,
      "evasion": false,
      "expected_rule_id": 100251,
      "expected_level": 0,
      "mitre_id": null
    },
    {
      "name": "noise 851 | rundll32 legit | Control_RunDLL desk.cpl",
      "event": "{\"win\":{\"system\":{\"providerName\":\"Microsoft-Windows-Sysmon\",\"providerGuid\":\"{5770385f-c22a-43e0-bf4c-06f5698ffbd9}\",\"eventID\":\"1\",\"version\":\"5\",\"level\":\"4\",\"task\":\"1\",\"opcode\":\"0\",\"keywords\":\"0x8000000000000000\",\"systemTime\":\"2026-08-19T18:54:44.968896321Z\",\"eventRecordID\":\"549950\",\"channel\":\"Microsoft-Windows-Sysmon/Operational\",\"computer\":\"kingslanding.sevenkingdoms.local\",\"severityValue\":\"INFORMATION\"},\"eventdata\":{\"utcTime\":\"2026-08-19 18:54:44.968\",\"processGuid\":\"{1d14b092-97a2-970e-8eb1-000000000017}\",\"processId\":\"5830\",\"image\":\"C:\\\\Windows\\\\System32\\\\rundll32.exe\",\"commandLine\":\"rundll32.exe C:\\\\Windows\\\\System32\\\\shell32.dll,Control_RunDLL desk.cpl\",\"currentDirectory\":\"C:\\\\Windows\\\\System32\\\\\",\"user\":\"SEVENKINGDOMS\\\\Administrator\",\"parentProcessGuid\":\"{a53cc172-e3d0-4072-f7da-000000000018}\",\"parentProcessId\":\"1218\",\"parentImage\":\"C:\\\\Windows\\\\explorer.exe\",\"parentCommandLine\":\"C:\\\\Windows\\\\explorer.exe\",\"hashes\":\"MD5=4E552EB416B764247C39A00C2211DFF1,SHA256=94EF7001599600BD5547FC572115101961DC25267A67A7E91A59E528009A213D,IMPHASH=3102F53903EC357A6E9EEFDD034E9DE0\"}}}",
      "expect": {
        "alert": false
      },
      "category": "noise",
      "attack": null,
      "evasion": false,
      "expected_rule_id": 100251,
      "expected_level": 0,
      "mitre_id": null
    },
    {
      "name": "noise 852 | rundll32 legit | Control_RunDLL quoted",
      "event": "{\"win\":{\"system\":{\"providerName\":\"Microsoft-Windows-Sysmon\",\"providerGuid\":\"{5770385f-c22a-43e0-bf4c-06f5698ffbd9}\",\"eventID\":\"1\",\"version\":\"5\",\"level\":\"4\",\"task\":\"1\",\"opcode\":\"0\",\"keywords\":\"0x8000000000000000\",\"systemTime\":\"2026-08-19T18:55:51.144695329Z\",\"eventRecordID\":\"549951\",\"channel\":\"Microsoft-Windows-Sysmon/Operational\",\"computer\":\"kingslanding.sevenkingdoms.local\",\"severityValue\":\"INFORMATION\"},\"eventdata\":{\"utcTime\":\"2026-08-19 18:55:51.144\",\"processGuid\":\"{1d14b092-97a2-970e-8eb1-000000000017}\",\"processId\":\"5830\",\"image\":\"C:\\\\Windows\\\\System32\\\\rundll32.exe\",\"commandLine\":\"rundll32.exe \\\"C:\\\\Windows\\\\System32\\\\shell32.dll\\\",Control_RunDLL\",\"currentDirectory\":\"C:\\\\Windows\\\\System32\\\\\",\"user\":\"SEVENKINGDOMS\\\\Administrator\",\"parentProcessGuid\":\"{a53cc172-e3d0-4072-f7da-000000000018}\",\"parentProcessId\":\"1218\",\"parentImage\":\"C:\\\\Windows\\\\explorer.exe\",\"parentCommandLine\":\"C:\\\\Windows\\\\explorer.exe\",\"hashes\":\"MD5=4E552EB416B764247C39A00C2211DFF1,SHA256=94EF7001599600BD5547FC572115101961DC25267A67A7E91A59E528009A213D,IMPHASH=3102F53903EC357A6E9EEFDD034E9DE0\"}}}",
      "expect": {
        "alert": false
      },
      "category": "noise",
      "attack": null,
      "evasion": false,
      "expected_rule_id": 100251,
      "expected_level": 0,
      "mitre_id": null
    },
    {
      "name": "noise 853 | rundll32 legit | Control_RunDLL inetcpl",
      "event": "{\"win\":{\"system\":{\"providerName\":\"Microsoft-Windows-Sysmon\",\"providerGuid\":\"{5770385f-c22a-43e0-bf4c-06f5698ffbd9}\",\"eventID\":\"1\",\"version\":\"5\",\"level\":\"4\",\"task\":\"1\",\"opcode\":\"0\",\"keywords\":\"0x8000000000000000\",\"systemTime\":\"2026-08-19T18:56:33.866745834Z\",\"eventRecordID\":\"549952\",\"channel\":\"Microsoft-Windows-Sysmon/Operational\",\"computer\":\"kingslanding.sevenkingdoms.local\",\"severityValue\":\"INFORMATION\"},\"eventdata\":{\"utcTime\":\"2026-08-19 18:56:33.866\",\"processGuid\":\"{1d14b092-97a2-970e-8eb1-000000000017}\",\"processId\":\"5830\",\"image\":\"C:\\\\Windows\\\\System32\\\\rundll32.exe\",\"commandLine\":\"rundll32.exe \\\"C:\\\\Windows\\\\System32\\\\shell32.dll\\\",Control_RunDLL inetcpl.cpl,,4\",\"currentDirectory\":\"C:\\\\Windows\\\\System32\\\\\",\"user\":\"SEVENKINGDOMS\\\\Administrator\",\"parentProcessGuid\":\"{a53cc172-e3d0-4072-f7da-000000000018}\",\"parentProcessId\":\"1218\",\"parentImage\":\"C:\\\\Windows\\\\explorer.exe\",\"parentCommandLine\":\"C:\\\\Windows\\\\explorer.exe\",\"hashes\":\"MD5=4E552EB416B764247C39A00C2211DFF1,SHA256=94EF7001599600BD5547FC572115101961DC25267A67A7E91A59E528009A213D,IMPHASH=3102F53903EC357A6E9EEFDD034E9DE0\"}}}",
      "expect": {
        "alert": false
      },
      "category": "noise",
      "attack": null,
      "evasion": false,
      "expected_rule_id": 100251,
      "expected_level": 0,
      "mitre_id": null
    },
    {
      "name": "noise 854 | rundll32 legit | Control_RunDLL quoted",
      "event": "{\"win\":{\"system\":{\"providerName\":\"Microsoft-Windows-Sysmon\",\"providerGuid\":\"{5770385f-c22a-43e0-bf4c-06f5698ffbd9}\",\"eventID\":\"1\",\"version\":\"5\",\"level\":\"4\",\"task\":\"1\",\"opcode\":\"0\",\"keywords\":\"0x8000000000000000\",\"systemTime\":\"2026-08-19T18:58:36.610394634Z\",\"eventRecordID\":\"549953\",\"channel\":\"Microsoft-Windows-Sysmon/Operational\",\"computer\":\"kingslanding.sevenkingdoms.local\",\"severityValue\":\"INFORMATION\"},\"eventdata\":{\"utcTime\":\"2026-08-19 18:58:36.610\",\"processGuid\":\"{1d14b092-97a2-970e-8eb1-000000000017}\",\"processId\":\"5830\",\"image\":\"C:\\\\Windows\\\\System32\\\\rundll32.exe\",\"commandLine\":\"rundll32.exe \\\"C:\\\\Windows\\\\System32\\\\shell32.dll\\\",Control_RunDLL\",\"currentDirectory\":\"C:\\\\Windows\\\\System32\\\\\",\"user\":\"SEVENKINGDOMS\\\\Administrator\",\"parentProcessGuid\":\"{a53cc172-e3d0-4072-f7da-000000000018}\",\"parentProcessId\":\"1218\",\"parentImage\":\"C:\\\\Windows\\\\explorer.exe\",\"parentCommandLine\":\"C:\\\\Windows\\\\explorer.exe\",\"hashes\":\"MD5=4E552EB416B764247C39A00C2211DFF1,SHA256=94EF7001599600BD5547FC572115101961DC25267A67A7E91A59E528009A213D,IMPHASH=3102F53903EC357A6E9EEFDD034E9DE0\"}}}",
      "expect": {
        "alert": false
      },
      "category": "noise",
      "attack": null,
      "evasion": false,
      "expected_rule_id": 100251,
      "expected_level": 0,
      "mitre_id": null
    },
    {
      "name": "noise 855 | rundll32 legit | Control_RunDLL",
      "event": "{\"win\":{\"system\":{\"providerName\":\"Microsoft-Windows-Sysmon\",\"providerGuid\":\"{5770385f-c22a-43e0-bf4c-06f5698ffbd9}\",\"eventID\":\"1\",\"version\":\"5\",\"level\":\"4\",\"task\":\"1\",\"opcode\":\"0\",\"keywords\":\"0x8000000000000000\",\"systemTime\":\"2026-08-19T19:00:16.107829962Z\",\"eventRecordID\":\"549954\",\"channel\":\"Microsoft-Windows-Sysmon/Operational\",\"computer\":\"kingslanding.sevenkingdoms.local\",\"severityValue\":\"INFORMATION\"},\"eventdata\":{\"utcTime\":\"2026-08-19 19:00:16.107\",\"processGuid\":\"{1d14b092-97a2-970e-8eb1-000000000017}\",\"processId\":\"5830\",\"image\":\"C:\\\\Windows\\\\System32\\\\rundll32.exe\",\"commandLine\":\"rundll32.exe C:\\\\Windows\\\\System32\\\\shell32.dll,Control_RunDLL\",\"currentDirectory\":\"C:\\\\Windows\\\\System32\\\\\",\"user\":\"SEVENKINGDOMS\\\\Administrator\",\"parentProcessGuid\":\"{a53cc172-e3d0-4072-f7da-000000000018}\",\"parentProcessId\":\"1218\",\"parentImage\":\"C:\\\\Windows\\\\explorer.exe\",\"parentCommandLine\":\"C:\\\\Windows\\\\explorer.exe\",\"hashes\":\"MD5=4E552EB416B764247C39A00C2211DFF1,SHA256=94EF7001599600BD5547FC572115101961DC25267A67A7E91A59E528009A213D,IMPHASH=3102F53903EC357A6E9EEFDD034E9DE0\"}}}",
      "expect": {
        "alert": false
      },
      "category": "noise",
      "attack": null,
      "evasion": false,
      "expected_rule_id": 100251,
      "expected_level": 0,
      "mitre_id": null
    },
    {
      "name": "noise 856 | rundll32 legit | Control_RunDLL inetcpl",
      "event": "{\"win\":{\"system\":{\"providerName\":\"Microsoft-Windows-Sysmon\",\"providerGuid\":\"{5770385f-c22a-43e0-bf4c-06f5698ffbd9}\",\"eventID\":\"1\",\"version\":\"5\",\"level\":\"4\",\"task\":\"1\",\"opcode\":\"0\",\"keywords\":\"0x8000000000000000\",\"systemTime\":\"2026-08-19T19:00:58.979301162Z\",\"eventRecordID\":\"549955\",\"channel\":\"Microsoft-Windows-Sysmon/Operational\",\"computer\":\"kingslanding.sevenkingdoms.local\",\"severityValue\":\"INFORMATION\"},\"eventdata\":{\"utcTime\":\"2026-08-19 19:00:58.979\",\"processGuid\":\"{1d14b092-97a2-970e-8eb1-000000000017}\",\"processId\":\"5830\",\"image\":\"C:\\\\Windows\\\\System32\\\\rundll32.exe\",\"commandLine\":\"rundll32.exe \\\"C:\\\\Windows\\\\System32\\\\shell32.dll\\\",Control_RunDLL inetcpl.cpl,,4\",\"currentDirectory\":\"C:\\\\Windows\\\\System32\\\\\",\"user\":\"SEVENKINGDOMS\\\\Administrator\",\"parentProcessGuid\":\"{a53cc172-e3d0-4072-f7da-000000000018}\",\"parentProcessId\":\"1218\",\"parentImage\":\"C:\\\\Windows\\\\explorer.exe\",\"parentCommandLine\":\"C:\\\\Windows\\\\explorer.exe\",\"hashes\":\"MD5=4E552EB416B764247C39A00C2211DFF1,SHA256=94EF7001599600BD5547FC572115101961DC25267A67A7E91A59E528009A213D,IMPHASH=3102F53903EC357A6E9EEFDD034E9DE0\"}}}",
      "expect": {
        "alert": false
      },
      "category": "noise",
      "attack": null,
      "evasion": false,
      "expected_rule_id": 100251,
      "expected_level": 0,
      "mitre_id": null
    },
    {
      "name": "noise 857 | rundll32 legit | Control_RunDLL inetcpl",
      "event": "{\"win\":{\"system\":{\"providerName\":\"Microsoft-Windows-Sysmon\",\"providerGuid\":\"{5770385f-c22a-43e0-bf4c-06f5698ffbd9}\",\"eventID\":\"1\",\"version\":\"5\",\"level\":\"4\",\"task\":\"1\",\"opcode\":\"0\",\"keywords\":\"0x8000000000000000\",\"systemTime\":\"2026-08-19T19:02:26.280332481Z\",\"eventRecordID\":\"549956\",\"channel\":\"Microsoft-Windows-Sysmon/Operational\",\"computer\":\"kingslanding.sevenkingdoms.local\",\"severityValue\":\"INFORMATION\"},\"eventdata\":{\"utcTime\":\"2026-08-19 19:02:26.280\",\"processGuid\":\"{1d14b092-97a2-970e-8eb1-000000000017}\",\"processId\":\"5830\",\"image\":\"C:\\\\Windows\\\\System32\\\\rundll32.exe\",\"commandLine\":\"rundll32.exe \\\"C:\\\\Windows\\\\System32\\\\shell32.dll\\\",Control_RunDLL inetcpl.cpl,,4\",\"currentDirectory\":\"C:\\\\Windows\\\\System32\\\\\",\"user\":\"SEVENKINGDOMS\\\\Administrator\",\"parentProcessGuid\":\"{a53cc172-e3d0-4072-f7da-000000000018}\",\"parentProcessId\":\"1218\",\"parentImage\":\"C:\\\\Windows\\\\explorer.exe\",\"parentCommandLine\":\"C:\\\\Windows\\\\explorer.exe\",\"hashes\":\"MD5=4E552EB416B764247C39A00C2211DFF1,SHA256=94EF7001599600BD5547FC572115101961DC25267A67A7E91A59E528009A213D,IMPHASH=3102F53903EC357A6E9EEFDD034E9DE0\"}}}",
      "expect": {
        "alert": false
      },
      "category": "noise",
      "attack": null,
      "evasion": false,
      "expected_rule_id": 100251,
      "expected_level": 0,
      "mitre_id": null
    },
    {
      "name": "noise 858 | rundll32 legit | Control_RunDLL desk.cpl",
      "event": "{\"win\":{\"system\":{\"providerName\":\"Microsoft-Windows-Sysmon\",\"providerGuid\":\"{5770385f-c22a-43e0-bf4c-06f5698ffbd9}\",\"eventID\":\"1\",\"version\":\"5\",\"level\":\"4\",\"task\":\"1\",\"opcode\":\"0\",\"keywords\":\"0x8000000000000000\",\"systemTime\":\"2026-08-19T19:03:32.403239422Z\",\"eventRecordID\":\"549957\",\"channel\":\"Microsoft-Windows-Sysmon/Operational\",\"computer\":\"kingslanding.sevenkingdoms.local\",\"severityValue\":\"INFORMATION\"},\"eventdata\":{\"utcTime\":\"2026-08-19 19:03:32.403\",\"processGuid\":\"{1d14b092-97a2-970e-8eb1-000000000017}\",\"processId\":\"5830\",\"image\":\"C:\\\\Windows\\\\System32\\\\rundll32.exe\",\"commandLine\":\"rundll32.exe C:\\\\Windows\\\\System32\\\\shell32.dll,Control_RunDLL desk.cpl\",\"currentDirectory\":\"C:\\\\Windows\\\\System32\\\\\",\"user\":\"SEVENKINGDOMS\\\\Administrator\",\"parentProcessGuid\":\"{a53cc172-e3d0-4072-f7da-000000000018}\",\"parentProcessId\":\"1218\",\"parentImage\":\"C:\\\\Windows\\\\explorer.exe\",\"parentCommandLine\":\"C:\\\\Windows\\\\explorer.exe\",\"hashes\":\"MD5=4E552EB416B764247C39A00C2211DFF1,SHA256=94EF7001599600BD5547FC572115101961DC25267A67A7E91A59E528009A213D,IMPHASH=3102F53903EC357A6E9EEFDD034E9DE0\"}}}",
      "expect": {
        "alert": false
      },
      "category": "noise",
      "attack": null,
      "evasion": false,
      "expected_rule_id": 100251,
      "expected_level": 0,
      "mitre_id": null
    },
    {
      "name": "noise 859 | rundll32 legit | Control_RunDLL",
      "event": "{\"win\":{\"system\":{\"providerName\":\"Microsoft-Windows-Sysmon\",\"providerGuid\":\"{5770385f-c22a-43e0-bf4c-06f5698ffbd9}\",\"eventID\":\"1\",\"version\":\"5\",\"level\":\"4\",\"task\":\"1\",\"opcode\":\"0\",\"keywords\":\"0x8000000000000000\",\"systemTime\":\"2026-08-19T19:05:38.835906710Z\",\"eventRecordID\":\"549958\",\"channel\":\"Microsoft-Windows-Sysmon/Operational\",\"computer\":\"kingslanding.sevenkingdoms.local\",\"severityValue\":\"INFORMATION\"},\"eventdata\":{\"utcTime\":\"2026-08-19 19:05:38.835\",\"processGuid\":\"{1d14b092-97a2-970e-8eb1-000000000017}\",\"processId\":\"5830\",\"image\":\"C:\\\\Windows\\\\System32\\\\rundll32.exe\",\"commandLine\":\"rundll32.exe C:\\\\Windows\\\\System32\\\\shell32.dll,Control_RunDLL\",\"currentDirectory\":\"C:\\\\Windows\\\\System32\\\\\",\"user\":\"SEVENKINGDOMS\\\\Administrator\",\"parentProcessGuid\":\"{a53cc172-e3d0-4072-f7da-000000000018}\",\"parentProcessId\":\"1218\",\"parentImage\":\"C:\\\\Windows\\\\explorer.exe\",\"parentCommandLine\":\"C:\\\\Windows\\\\explorer.exe\",\"hashes\":\"MD5=4E552EB416B764247C39A00C2211DFF1,SHA256=94EF7001599600BD5547FC572115101961DC25267A67A7E91A59E528009A213D,IMPHASH=3102F53903EC357A6E9EEFDD034E9DE0\"}}}",
      "expect": {
        "alert": false
      },
      "category": "noise",
      "attack": null,
      "evasion": false,
      "expected_rule_id": 100251,
      "expected_level": 0,
      "mitre_id": null
    },
    {
      "name": "noise 860 | rundll32 legit | Control_RunDLL quoted",
      "event": "{\"win\":{\"system\":{\"providerName\":\"Microsoft-Windows-Sysmon\",\"providerGuid\":\"{5770385f-c22a-43e0-bf4c-06f5698ffbd9}\",\"eventID\":\"1\",\"version\":\"5\",\"level\":\"4\",\"task\":\"1\",\"opcode\":\"0\",\"keywords\":\"0x8000000000000000\",\"systemTime\":\"2026-08-19T19:06:40.307242336Z\",\"eventRecordID\":\"549959\",\"channel\":\"Microsoft-Windows-Sysmon/Operational\",\"computer\":\"kingslanding.sevenkingdoms.local\",\"severityValue\":\"INFORMATION\"},\"eventdata\":{\"utcTime\":\"2026-08-19 19:06:40.307\",\"processGuid\":\"{1d14b092-97a2-970e-8eb1-000000000017}\",\"processId\":\"5830\",\"image\":\"C:\\\\Windows\\\\System32\\\\rundll32.exe\",\"commandLine\":\"rundll32.exe \\\"C:\\\\Windows\\\\System32\\\\shell32.dll\\\",Control_RunDLL\",\"currentDirectory\":\"C:\\\\Windows\\\\System32\\\\\",\"user\":\"SEVENKINGDOMS\\\\Administrator\",\"parentProcessGuid\":\"{a53cc172-e3d0-4072-f7da-000000000018}\",\"parentProcessId\":\"1218\",\"parentImage\":\"C:\\\\Windows\\\\explorer.exe\",\"parentCommandLine\":\"C:\\\\Windows\\\\explorer.exe\",\"hashes\":\"MD5=4E552EB416B764247C39A00C2211DFF1,SHA256=94EF7001599600BD5547FC572115101961DC25267A67A7E91A59E528009A213D,IMPHASH=3102F53903EC357A6E9EEFDD034E9DE0\"}}}",
      "expect": {
        "alert": false
      },
      "category": "noise",
      "attack": null,
      "evasion": false,
      "expected_rule_id": 100251,
      "expected_level": 0,
      "mitre_id": null
    },
    {
      "name": "noise 861 | rundll32 legit | Control_RunDLL",
      "event": "{\"win\":{\"system\":{\"providerName\":\"Microsoft-Windows-Sysmon\",\"providerGuid\":\"{5770385f-c22a-43e0-bf4c-06f5698ffbd9}\",\"eventID\":\"1\",\"version\":\"5\",\"level\":\"4\",\"task\":\"1\",\"opcode\":\"0\",\"keywords\":\"0x8000000000000000\",\"systemTime\":\"2026-08-19T19:07:05.929813501Z\",\"eventRecordID\":\"549960\",\"channel\":\"Microsoft-Windows-Sysmon/Operational\",\"computer\":\"kingslanding.sevenkingdoms.local\",\"severityValue\":\"INFORMATION\"},\"eventdata\":{\"utcTime\":\"2026-08-19 19:07:05.929\",\"processGuid\":\"{1d14b092-97a2-970e-8eb1-000000000017}\",\"processId\":\"5830\",\"image\":\"C:\\\\Windows\\\\System32\\\\rundll32.exe\",\"commandLine\":\"rundll32.exe C:\\\\Windows\\\\System32\\\\shell32.dll,Control_RunDLL\",\"currentDirectory\":\"C:\\\\Windows\\\\System32\\\\\",\"user\":\"SEVENKINGDOMS\\\\Administrator\",\"parentProcessGuid\":\"{a53cc172-e3d0-4072-f7da-000000000018}\",\"parentProcessId\":\"1218\",\"parentImage\":\"C:\\\\Windows\\\\explorer.exe\",\"parentCommandLine\":\"C:\\\\Windows\\\\explorer.exe\",\"hashes\":\"MD5=4E552EB416B764247C39A00C2211DFF1,SHA256=94EF7001599600BD5547FC572115101961DC25267A67A7E91A59E528009A213D,IMPHASH=3102F53903EC357A6E9EEFDD034E9DE0\"}}}",
      "expect": {
        "alert": false
      },
      "category": "noise",
      "attack": null,
      "evasion": false,
      "expected_rule_id": 100251,
      "expected_level": 0,
      "mitre_id": null
    },
    {
      "name": "noise 862 | rundll32 legit | Control_RunDLL desk args",
      "event": "{\"win\":{\"system\":{\"providerName\":\"Microsoft-Windows-Sysmon\",\"providerGuid\":\"{5770385f-c22a-43e0-bf4c-06f5698ffbd9}\",\"eventID\":\"1\",\"version\":\"5\",\"level\":\"4\",\"task\":\"1\",\"opcode\":\"0\",\"keywords\":\"0x8000000000000000\",\"systemTime\":\"2026-08-19T19:09:09.149833947Z\",\"eventRecordID\":\"549961\",\"channel\":\"Microsoft-Windows-Sysmon/Operational\",\"computer\":\"kingslanding.sevenkingdoms.local\",\"severityValue\":\"INFORMATION\"},\"eventdata\":{\"utcTime\":\"2026-08-19 19:09:09.149\",\"processGuid\":\"{1d14b092-97a2-970e-8eb1-000000000017}\",\"processId\":\"5830\",\"image\":\"C:\\\\Windows\\\\System32\\\\rundll32.exe\",\"commandLine\":\"rundll32.exe C:\\\\Windows\\\\System32\\\\shell32.dll,Control_RunDLL desk.cpl,,0\",\"currentDirectory\":\"C:\\\\Windows\\\\System32\\\\\",\"user\":\"SEVENKINGDOMS\\\\Administrator\",\"parentProcessGuid\":\"{a53cc172-e3d0-4072-f7da-000000000018}\",\"parentProcessId\":\"1218\",\"parentImage\":\"C:\\\\Windows\\\\explorer.exe\",\"parentCommandLine\":\"C:\\\\Windows\\\\explorer.exe\",\"hashes\":\"MD5=4E552EB416B764247C39A00C2211DFF1,SHA256=94EF7001599600BD5547FC572115101961DC25267A67A7E91A59E528009A213D,IMPHASH=3102F53903EC357A6E9EEFDD034E9DE0\"}}}",
      "expect": {
        "alert": false
      },
      "category": "noise",
      "attack": null,
      "evasion": false,
      "expected_rule_id": 100251,
      "expected_level": 0,
      "mitre_id": null
    },
    {
      "name": "noise 863 | rundll32 legit | Control_RunDLL",
      "event": "{\"win\":{\"system\":{\"providerName\":\"Microsoft-Windows-Sysmon\",\"providerGuid\":\"{5770385f-c22a-43e0-bf4c-06f5698ffbd9}\",\"eventID\":\"1\",\"version\":\"5\",\"level\":\"4\",\"task\":\"1\",\"opcode\":\"0\",\"keywords\":\"0x8000000000000000\",\"systemTime\":\"2026-08-19T19:10:32.299597113Z\",\"eventRecordID\":\"549962\",\"channel\":\"Microsoft-Windows-Sysmon/Operational\",\"computer\":\"kingslanding.sevenkingdoms.local\",\"severityValue\":\"INFORMATION\"},\"eventdata\":{\"utcTime\":\"2026-08-19 19:10:32.299\",\"processGuid\":\"{1d14b092-97a2-970e-8eb1-000000000017}\",\"processId\":\"5830\",\"image\":\"C:\\\\Windows\\\\System32\\\\rundll32.exe\",\"commandLine\":\"rundll32.exe C:\\\\Windows\\\\System32\\\\shell32.dll,Control_RunDLL\",\"currentDirectory\":\"C:\\\\Windows\\\\System32\\\\\",\"user\":\"SEVENKINGDOMS\\\\Administrator\",\"parentProcessGuid\":\"{a53cc172-e3d0-4072-f7da-000000000018}\",\"parentProcessId\":\"1218\",\"parentImage\":\"C:\\\\Windows\\\\explorer.exe\",\"parentCommandLine\":\"C:\\\\Windows\\\\explorer.exe\",\"hashes\":\"MD5=4E552EB416B764247C39A00C2211DFF1,SHA256=94EF7001599600BD5547FC572115101961DC25267A67A7E91A59E528009A213D,IMPHASH=3102F53903EC357A6E9EEFDD034E9DE0\"}}}",
      "expect": {
        "alert": false
      },
      "category": "noise",
      "attack": null,
      "evasion": false,
      "expected_rule_id": 100251,
      "expected_level": 0,
      "mitre_id": null
    },
    {
      "name": "noise 864 | rundll32 legit | Control_RunDLL",
      "event": "{\"win\":{\"system\":{\"providerName\":\"Microsoft-Windows-Sysmon\",\"providerGuid\":\"{5770385f-c22a-43e0-bf4c-06f5698ffbd9}\",\"eventID\":\"1\",\"version\":\"5\",\"level\":\"4\",\"task\":\"1\",\"opcode\":\"0\",\"keywords\":\"0x8000000000000000\",\"systemTime\":\"2026-08-19T19:11:51.081856596Z\",\"eventRecordID\":\"549963\",\"channel\":\"Microsoft-Windows-Sysmon/Operational\",\"computer\":\"kingslanding.sevenkingdoms.local\",\"severityValue\":\"INFORMATION\"},\"eventdata\":{\"utcTime\":\"2026-08-19 19:11:51.081\",\"processGuid\":\"{1d14b092-97a2-970e-8eb1-000000000017}\",\"processId\":\"5830\",\"image\":\"C:\\\\Windows\\\\System32\\\\rundll32.exe\",\"commandLine\":\"rundll32.exe C:\\\\Windows\\\\System32\\\\shell32.dll,Control_RunDLL\",\"currentDirectory\":\"C:\\\\Windows\\\\System32\\\\\",\"user\":\"SEVENKINGDOMS\\\\Administrator\",\"parentProcessGuid\":\"{a53cc172-e3d0-4072-f7da-000000000018}\",\"parentProcessId\":\"1218\",\"parentImage\":\"C:\\\\Windows\\\\explorer.exe\",\"parentCommandLine\":\"C:\\\\Windows\\\\explorer.exe\",\"hashes\":\"MD5=4E552EB416B764247C39A00C2211DFF1,SHA256=94EF7001599600BD5547FC572115101961DC25267A67A7E91A59E528009A213D,IMPHASH=3102F53903EC357A6E9EEFDD034E9DE0\"}}}",
      "expect": {
        "alert": false
      },
      "category": "noise",
      "attack": null,
      "evasion": false,
      "expected_rule_id": 100251,
      "expected_level": 0,
      "mitre_id": null
    },
    {
      "name": "noise 865 | rundll32 legit | Control_RunDLL inetcpl",
      "event": "{\"win\":{\"system\":{\"providerName\":\"Microsoft-Windows-Sysmon\",\"providerGuid\":\"{5770385f-c22a-43e0-bf4c-06f5698ffbd9}\",\"eventID\":\"1\",\"version\":\"5\",\"level\":\"4\",\"task\":\"1\",\"opcode\":\"0\",\"keywords\":\"0x8000000000000000\",\"systemTime\":\"2026-08-19T19:13:05.358712231Z\",\"eventRecordID\":\"549964\",\"channel\":\"Microsoft-Windows-Sysmon/Operational\",\"computer\":\"kingslanding.sevenkingdoms.local\",\"severityValue\":\"INFORMATION\"},\"eventdata\":{\"utcTime\":\"2026-08-19 19:13:05.358\",\"processGuid\":\"{1d14b092-97a2-970e-8eb1-000000000017}\",\"processId\":\"5830\",\"image\":\"C:\\\\Windows\\\\System32\\\\rundll32.exe\",\"commandLine\":\"rundll32.exe \\\"C:\\\\Windows\\\\System32\\\\shell32.dll\\\",Control_RunDLL inetcpl.cpl,,4\",\"currentDirectory\":\"C:\\\\Windows\\\\System32\\\\\",\"user\":\"SEVENKINGDOMS\\\\Administrator\",\"parentProcessGuid\":\"{a53cc172-e3d0-4072-f7da-000000000018}\",\"parentProcessId\":\"1218\",\"parentImage\":\"C:\\\\Windows\\\\explorer.exe\",\"parentCommandLine\":\"C:\\\\Windows\\\\explorer.exe\",\"hashes\":\"MD5=4E552EB416B764247C39A00C2211DFF1,SHA256=94EF7001599600BD5547FC572115101961DC25267A67A7E91A59E528009A213D,IMPHASH=3102F53903EC357A6E9EEFDD034E9DE0\"}}}",
      "expect": {
        "alert": false
      },
      "category": "noise",
      "attack": null,
      "evasion": false,
      "expected_rule_id": 100251,
      "expected_level": 0,
      "mitre_id": null
    },
    {
      "name": "noise 866 | rundll32 legit | Control_RunDLL desk.cpl",
      "event": "{\"win\":{\"system\":{\"providerName\":\"Microsoft-Windows-Sysmon\",\"providerGuid\":\"{5770385f-c22a-43e0-bf4c-06f5698ffbd9}\",\"eventID\":\"1\",\"version\":\"5\",\"level\":\"4\",\"task\":\"1\",\"opcode\":\"0\",\"keywords\":\"0x8000000000000000\",\"systemTime\":\"2026-08-19T19:14:26.567674182Z\",\"eventRecordID\":\"549965\",\"channel\":\"Microsoft-Windows-Sysmon/Operational\",\"computer\":\"kingslanding.sevenkingdoms.local\",\"severityValue\":\"INFORMATION\"},\"eventdata\":{\"utcTime\":\"2026-08-19 19:14:26.567\",\"processGuid\":\"{1d14b092-97a2-970e-8eb1-000000000017}\",\"processId\":\"5830\",\"image\":\"C:\\\\Windows\\\\System32\\\\rundll32.exe\",\"commandLine\":\"rundll32.exe C:\\\\Windows\\\\System32\\\\shell32.dll,Control_RunDLL desk.cpl\",\"currentDirectory\":\"C:\\\\Windows\\\\System32\\\\\",\"user\":\"SEVENKINGDOMS\\\\Administrator\",\"parentProcessGuid\":\"{a53cc172-e3d0-4072-f7da-000000000018}\",\"parentProcessId\":\"1218\",\"parentImage\":\"C:\\\\Windows\\\\explorer.exe\",\"parentCommandLine\":\"C:\\\\Windows\\\\explorer.exe\",\"hashes\":\"MD5=4E552EB416B764247C39A00C2211DFF1,SHA256=94EF7001599600BD5547FC572115101961DC25267A67A7E91A59E528009A213D,IMPHASH=3102F53903EC357A6E9EEFDD034E9DE0\"}}}",
      "expect": {
        "alert": false
      },
      "category": "noise",
      "attack": null,
      "evasion": false,
      "expected_rule_id": 100251,
      "expected_level": 0,
      "mitre_id": null
    },
    {
      "name": "noise 867 | rundll32 legit | Control_RunDLL quoted",
      "event": "{\"win\":{\"system\":{\"providerName\":\"Microsoft-Windows-Sysmon\",\"providerGuid\":\"{5770385f-c22a-43e0-bf4c-06f5698ffbd9}\",\"eventID\":\"1\",\"version\":\"5\",\"level\":\"4\",\"task\":\"1\",\"opcode\":\"0\",\"keywords\":\"0x8000000000000000\",\"systemTime\":\"2026-08-19T19:15:59.568814805Z\",\"eventRecordID\":\"549966\",\"channel\":\"Microsoft-Windows-Sysmon/Operational\",\"computer\":\"kingslanding.sevenkingdoms.local\",\"severityValue\":\"INFORMATION\"},\"eventdata\":{\"utcTime\":\"2026-08-19 19:15:59.568\",\"processGuid\":\"{1d14b092-97a2-970e-8eb1-000000000017}\",\"processId\":\"5830\",\"image\":\"C:\\\\Windows\\\\System32\\\\rundll32.exe\",\"commandLine\":\"rundll32.exe \\\"C:\\\\Windows\\\\System32\\\\shell32.dll\\\",Control_RunDLL\",\"currentDirectory\":\"C:\\\\Windows\\\\System32\\\\\",\"user\":\"SEVENKINGDOMS\\\\Administrator\",\"parentProcessGuid\":\"{a53cc172-e3d0-4072-f7da-000000000018}\",\"parentProcessId\":\"1218\",\"parentImage\":\"C:\\\\Windows\\\\explorer.exe\",\"parentCommandLine\":\"C:\\\\Windows\\\\explorer.exe\",\"hashes\":\"MD5=4E552EB416B764247C39A00C2211DFF1,SHA256=94EF7001599600BD5547FC572115101961DC25267A67A7E91A59E528009A213D,IMPHASH=3102F53903EC357A6E9EEFDD034E9DE0\"}}}",
      "expect": {
        "alert": false
      },
      "category": "noise",
      "attack": null,
      "evasion": false,
      "expected_rule_id": 100251,
      "expected_level": 0,
      "mitre_id": null
    },
    {
      "name": "noise 868 | rundll32 legit | Control_RunDLL",
      "event": "{\"win\":{\"system\":{\"providerName\":\"Microsoft-Windows-Sysmon\",\"providerGuid\":\"{5770385f-c22a-43e0-bf4c-06f5698ffbd9}\",\"eventID\":\"1\",\"version\":\"5\",\"level\":\"4\",\"task\":\"1\",\"opcode\":\"0\",\"keywords\":\"0x8000000000000000\",\"systemTime\":\"2026-08-19T19:16:58.257084165Z\",\"eventRecordID\":\"549967\",\"channel\":\"Microsoft-Windows-Sysmon/Operational\",\"computer\":\"kingslanding.sevenkingdoms.local\",\"severityValue\":\"INFORMATION\"},\"eventdata\":{\"utcTime\":\"2026-08-19 19:16:58.257\",\"processGuid\":\"{1d14b092-97a2-970e-8eb1-000000000017}\",\"processId\":\"5830\",\"image\":\"C:\\\\Windows\\\\System32\\\\rundll32.exe\",\"commandLine\":\"rundll32.exe C:\\\\Windows\\\\System32\\\\shell32.dll,Control_RunDLL\",\"currentDirectory\":\"C:\\\\Windows\\\\System32\\\\\",\"user\":\"SEVENKINGDOMS\\\\Administrator\",\"parentProcessGuid\":\"{a53cc172-e3d0-4072-f7da-000000000018}\",\"parentProcessId\":\"1218\",\"parentImage\":\"C:\\\\Windows\\\\explorer.exe\",\"parentCommandLine\":\"C:\\\\Windows\\\\explorer.exe\",\"hashes\":\"MD5=4E552EB416B764247C39A00C2211DFF1,SHA256=94EF7001599600BD5547FC572115101961DC25267A67A7E91A59E528009A213D,IMPHASH=3102F53903EC357A6E9EEFDD034E9DE0\"}}}",
      "expect": {
        "alert": false
      },
      "category": "noise",
      "attack": null,
      "evasion": false,
      "expected_rule_id": 100251,
      "expected_level": 0,
      "mitre_id": null
    },
    {
      "name": "noise 869 | rundll32 legit | Control_RunDLL",
      "event": "{\"win\":{\"system\":{\"providerName\":\"Microsoft-Windows-Sysmon\",\"providerGuid\":\"{5770385f-c22a-43e0-bf4c-06f5698ffbd9}\",\"eventID\":\"1\",\"version\":\"5\",\"level\":\"4\",\"task\":\"1\",\"opcode\":\"0\",\"keywords\":\"0x8000000000000000\",\"systemTime\":\"2026-08-19T19:18:07.467017938Z\",\"eventRecordID\":\"549968\",\"channel\":\"Microsoft-Windows-Sysmon/Operational\",\"computer\":\"kingslanding.sevenkingdoms.local\",\"severityValue\":\"INFORMATION\"},\"eventdata\":{\"utcTime\":\"2026-08-19 19:18:07.467\",\"processGuid\":\"{1d14b092-97a2-970e-8eb1-000000000017}\",\"processId\":\"5830\",\"image\":\"C:\\\\Windows\\\\System32\\\\rundll32.exe\",\"commandLine\":\"rundll32.exe C:\\\\Windows\\\\System32\\\\shell32.dll,Control_RunDLL\",\"currentDirectory\":\"C:\\\\Windows\\\\System32\\\\\",\"user\":\"SEVENKINGDOMS\\\\Administrator\",\"parentProcessGuid\":\"{a53cc172-e3d0-4072-f7da-000000000018}\",\"parentProcessId\":\"1218\",\"parentImage\":\"C:\\\\Windows\\\\explorer.exe\",\"parentCommandLine\":\"C:\\\\Windows\\\\explorer.exe\",\"hashes\":\"MD5=4E552EB416B764247C39A00C2211DFF1,SHA256=94EF7001599600BD5547FC572115101961DC25267A67A7E91A59E528009A213D,IMPHASH=3102F53903EC357A6E9EEFDD034E9DE0\"}}}",
      "expect": {
        "alert": false
      },
      "category": "noise",
      "attack": null,
      "evasion": false,
      "expected_rule_id": 100251,
      "expected_level": 0,
      "mitre_id": null
    },
    {
      "name": "noise 870 | rundll32 legit | Control_RunDLL desk.cpl",
      "event": "{\"win\":{\"system\":{\"providerName\":\"Microsoft-Windows-Sysmon\",\"providerGuid\":\"{5770385f-c22a-43e0-bf4c-06f5698ffbd9}\",\"eventID\":\"1\",\"version\":\"5\",\"level\":\"4\",\"task\":\"1\",\"opcode\":\"0\",\"keywords\":\"0x8000000000000000\",\"systemTime\":\"2026-08-19T19:19:03.995582722Z\",\"eventRecordID\":\"549969\",\"channel\":\"Microsoft-Windows-Sysmon/Operational\",\"computer\":\"kingslanding.sevenkingdoms.local\",\"severityValue\":\"INFORMATION\"},\"eventdata\":{\"utcTime\":\"2026-08-19 19:19:03.995\",\"processGuid\":\"{1d14b092-97a2-970e-8eb1-000000000017}\",\"processId\":\"5830\",\"image\":\"C:\\\\Windows\\\\System32\\\\rundll32.exe\",\"commandLine\":\"rundll32.exe C:\\\\Windows\\\\System32\\\\shell32.dll,Control_RunDLL desk.cpl\",\"currentDirectory\":\"C:\\\\Windows\\\\System32\\\\\",\"user\":\"SEVENKINGDOMS\\\\Administrator\",\"parentProcessGuid\":\"{a53cc172-e3d0-4072-f7da-000000000018}\",\"parentProcessId\":\"1218\",\"parentImage\":\"C:\\\\Windows\\\\explorer.exe\",\"parentCommandLine\":\"C:\\\\Windows\\\\explorer.exe\",\"hashes\":\"MD5=4E552EB416B764247C39A00C2211DFF1,SHA256=94EF7001599600BD5547FC572115101961DC25267A67A7E91A59E528009A213D,IMPHASH=3102F53903EC357A6E9EEFDD034E9DE0\"}}}",
      "expect": {
        "alert": false
      },
      "category": "noise",
      "attack": null,
      "evasion": false,
      "expected_rule_id": 100251,
      "expected_level": 0,
      "mitre_id": null
    },
    {
      "name": "noise 871 | rundll32 legit | Control_RunDLL",
      "event": "{\"win\":{\"system\":{\"providerName\":\"Microsoft-Windows-Sysmon\",\"providerGuid\":\"{5770385f-c22a-43e0-bf4c-06f5698ffbd9}\",\"eventID\":\"1\",\"version\":\"5\",\"level\":\"4\",\"task\":\"1\",\"opcode\":\"0\",\"keywords\":\"0x8000000000000000\",\"systemTime\":\"2026-08-19T19:20:59.621651256Z\",\"eventRecordID\":\"549970\",\"channel\":\"Microsoft-Windows-Sysmon/Operational\",\"computer\":\"kingslanding.sevenkingdoms.local\",\"severityValue\":\"INFORMATION\"},\"eventdata\":{\"utcTime\":\"2026-08-19 19:20:59.621\",\"processGuid\":\"{1d14b092-97a2-970e-8eb1-000000000017}\",\"processId\":\"5830\",\"image\":\"C:\\\\Windows\\\\System32\\\\rundll32.exe\",\"commandLine\":\"rundll32.exe C:\\\\Windows\\\\System32\\\\shell32.dll,Control_RunDLL\",\"currentDirectory\":\"C:\\\\Windows\\\\System32\\\\\",\"user\":\"SEVENKINGDOMS\\\\Administrator\",\"parentProcessGuid\":\"{a53cc172-e3d0-4072-f7da-000000000018}\",\"parentProcessId\":\"1218\",\"parentImage\":\"C:\\\\Windows\\\\explorer.exe\",\"parentCommandLine\":\"C:\\\\Windows\\\\explorer.exe\",\"hashes\":\"MD5=4E552EB416B764247C39A00C2211DFF1,SHA256=94EF7001599600BD5547FC572115101961DC25267A67A7E91A59E528009A213D,IMPHASH=3102F53903EC357A6E9EEFDD034E9DE0\"}}}",
      "expect": {
        "alert": false
      },
      "category": "noise",
      "attack": null,
      "evasion": false,
      "expected_rule_id": 100251,
      "expected_level": 0,
      "mitre_id": null
    },
